Sanity check loss : 1.1180493160255696
Solution : digraph {
  0 [label = i0]
  1 [label = i1]
  2 [label = i2]
  3 [label = i3]
  4 [label = i4]
  5 [label = i5]
  6 [label = "transpose"]
  1 -> 6
  7 [label = "matmul"]
  1 -> 7 [color = red]
  0 -> 7 [color = blue]
  8 [label = "matmul"]
  1 -> 8 [color = red]
  2 -> 8 [color = blue]
  9 [label = "minus"]
  4 -> 9 [color = red]
  7 -> 9 [color = blue]
  10 [label = "matmul"]
  8 -> 10 [color = red]
  6 -> 10 [color = blue]
  11 [label = "add"]
  10 -> 11 [color = red]
  3 -> 11 [color = blue]
  12 [label = "add"]
  11 -> 12 [color = red]
  5 -> 12 [color = blue]
  13 [label = "inv"]
  12 -> 13
  14 [label = "matmul"]
  11 -> 14 [color = red]
  13 -> 14 [color = blue]
  15 [label = "matmul"]
  14 -> 15 [color = red]
  9 -> 15 [color = blue]
  16 [label = "add"]
  7 -> 16 [color = red]
  15 -> 16 [color = blue]
  19 [label = o0]
  7 -> 19
  20 [label = o1]
  11 -> 20
  21 [label = o2]
  9 -> 21
  22 [label = o3]
  12 -> 22
  23 [label = o4]
  14 -> 23
  24 [label = o5]
  16 -> 24
}

[00003] New best score: 2.4744e+09
Graph: digraph {
  0 [label = i0]
  1 [label = i1]
  2 [label = i2]
  3 [label = i3]
  4 [label = i4]
  5 [label = i5]
  10 [label = "matmul"]
  4 -> 10 [color = red]
  2 -> 10 [color = blue]
  11 [label = "matmul"]
  5 -> 11 [color = red]
  4 -> 11 [color = blue]
  19 [label = o0]
  10 -> 19
  20 [label = o1]
  5 -> 20
  21 [label = o2]
  0 -> 21
  22 [label = o3]
  1 -> 22
  23 [label = o4]
  11 -> 23
  24 [label = o5]
  10 -> 24
}

[00102] New best score: 1.4397e+09
Graph: digraph {
  0 [label = i0]
  1 [label = i1]
  2 [label = i2]
  3 [label = i3]
  4 [label = i4]
  5 [label = i5]
  6 [label = "matmul"]
  3 -> 6 [color = red]
  4 -> 6 [color = blue]
  7 [label = "transpose"]
  1 -> 7
  8 [label = "matmul"]
  7 -> 8 [color = red]
  6 -> 8 [color = blue]
  10 [label = "transpose"]
  3 -> 10
  12 [label = "transpose"]
  8 -> 12
  13 [label = "matmul"]
  6 -> 13 [color = red]
  2 -> 13 [color = blue]
  19 [label = o0]
  13 -> 19
  20 [label = o1]
  10 -> 20
  21 [label = o2]
  4 -> 21
  22 [label = o3]
  13 -> 22
  23 [label = o4]
  12 -> 23
  24 [label = o5]
  13 -> 24
}

[00159] New best score: 2.6929e+04
Graph: digraph {
  0 [label = i0]
  1 [label = i1]
  2 [label = i2]
  3 [label = i3]
  4 [label = i4]
  5 [label = i5]
  6 [label = "transpose"]
  0 -> 6
  7 [label = "minus"]
  6 -> 7 [color = red]
  1 -> 7 [color = blue]
  8 [label = "add"]
  3 -> 8 [color = red]
  2 -> 8 [color = blue]
  11 [label = "inv"]
  7 -> 11
  17 [label = "matmul"]
  8 -> 17 [color = red]
  6 -> 17 [color = blue]
  19 [label = o0]
  0 -> 19
  20 [label = o1]
  5 -> 20
  21 [label = o2]
  11 -> 21
  22 [label = o3]
  4 -> 22
  23 [label = o4]
  6 -> 23
  24 [label = o5]
  17 -> 24
}

[00263] New best score: 2.0742e+00
Graph: digraph {
  0 [label = i0]
  1 [label = i1]
  2 [label = i2]
  3 [label = i3]
  4 [label = i4]
  5 [label = i5]
  7 [label = "minus"]
  3 -> 7 [color = red]
  1 -> 7 [color = blue]
  8 [label = "inv"]
  2 -> 8
  19 [label = o0]
  4 -> 19
  20 [label = o1]
  8 -> 20
  21 [label = o2]
  7 -> 21
  22 [label = o3]
  7 -> 22
  23 [label = o4]
  7 -> 23
  24 [label = o5]
  4 -> 24
}

[14852] New best score: 2.0742e+00
Graph: digraph {
  0 [label = i0]
  1 [label = i1]
  2 [label = i2]
  3 [label = i3]
  4 [label = i4]
  5 [label = i5]
  6 [label = "matmul"]
  3 -> 6 [color = red]
  4 -> 6 [color = blue]
  7 [label = "add"]
  4 -> 7 [color = red]
  0 -> 7 [color = blue]
  10 [label = "minus"]
  0 -> 10 [color = red]
  5 -> 10 [color = blue]
  11 [label = "add"]
  0 -> 11 [color = red]
  5 -> 11 [color = blue]
  13 [label = "minus"]
  7 -> 13 [color = red]
  0 -> 13 [color = blue]
  18 [label = "matmul"]
  0 -> 18 [color = red]
  10 -> 18 [color = blue]
  19 [label = o0]
  18 -> 19
  20 [label = o1]
  11 -> 20
  21 [label = o2]
  11 -> 21
  22 [label = o3]
  7 -> 22
  23 [label = o4]
  6 -> 23
  24 [label = o5]
  13 -> 24
}

[84319] New best score: 2.0742e+00
Graph: digraph {
  0 [label = i0]
  1 [label = i1]
  2 [label = i2]
  3 [label = i3]
  4 [label = i4]
  5 [label = i5]
  6 [label = "matmul"]
  4 -> 6 [color = red]
  0 -> 6 [color = blue]
  12 [label = "minus"]
  6 -> 12 [color = red]
  4 -> 12 [color = blue]
  13 [label = "minus"]
  6 -> 13 [color = red]
  12 -> 13 [color = blue]
  14 [label = "inv"]
  5 -> 14
  19 [label = o0]
  4 -> 19
  20 [label = o1]
  3 -> 20
  21 [label = o2]
  6 -> 21
  22 [label = o3]
  3 -> 22
  23 [label = o4]
  14 -> 23
  24 [label = o5]
  13 -> 24
}

[2139956] New best score: 2.0742e+00
Graph: digraph {
  0 [label = i0]
  1 [label = i1]
  2 [label = i2]
  3 [label = i3]
  4 [label = i4]
  5 [label = i5]
  6 [label = "add"]
  5 -> 6 [color = red]
  5 -> 6 [color = blue]
  7 [label = "matmul"]
  0 -> 7 [color = red]
  4 -> 7 [color = blue]
  8 [label = "transpose"]
  7 -> 8
  9 [label = "add"]
  8 -> 9 [color = red]
  4 -> 9 [color = blue]
  10 [label = "add"]
  8 -> 10 [color = red]
  6 -> 10 [color = blue]
  11 [label = "add"]
  3 -> 11 [color = red]
  1 -> 11 [color = blue]
  12 [label = "minus"]
  9 -> 12 [color = red]
  7 -> 12 [color = blue]
  16 [label = "add"]
  2 -> 16 [color = red]
  7 -> 16 [color = blue]
  19 [label = o0]
  4 -> 19
  20 [label = o1]
  10 -> 20
  21 [label = o2]
  16 -> 21
  22 [label = o3]
  11 -> 22
  23 [label = o4]
  3 -> 23
  24 [label = o5]
  12 -> 24
}

[2950470] New best score: 2.0718e+00
Graph: digraph {
  0 [label = i0]
  1 [label = i1]
  2 [label = i2]
  3 [label = i3]
  4 [label = i4]
  5 [label = i5]
  6 [label = "add"]
  2 -> 6 [color = red]
  5 -> 6 [color = blue]
  7 [label = "transpose"]
  6 -> 7
  10 [label = "add"]
  4 -> 10 [color = red]
  7 -> 10 [color = blue]
  11 [label = "inv"]
  7 -> 11
  12 [label = "inv"]
  10 -> 12
  14 [label = "matmul"]
  4 -> 14 [color = red]
  11 -> 14 [color = blue]
  19 [label = o0]
  0 -> 19
  20 [label = o1]
  12 -> 20
  21 [label = o2]
  5 -> 21
  22 [label = o3]
  5 -> 22
  23 [label = o4]
  5 -> 23
  24 [label = o5]
  14 -> 24
}

[8538371] New best score: 2.0654e+00
Graph: digraph {
  0 [label = i0]
  1 [label = i1]
  2 [label = i2]
  3 [label = i3]
  4 [label = i4]
  5 [label = i5]
  11 [label = "matmul"]
  2 -> 11 [color = red]
  0 -> 11 [color = blue]
  17 [label = "add"]
  4 -> 17 [color = red]
  11 -> 17 [color = blue]
  18 [label = "transpose"]
  1 -> 18
  19 [label = o0]
  4 -> 19
  20 [label = o1]
  2 -> 20
  21 [label = o2]
  18 -> 21
  22 [label = o3]
  1 -> 22
  23 [label = o4]
  1 -> 23
  24 [label = o5]
  17 -> 24
}

[56383385] New best score: 2.0502e+00
Graph: digraph {
  0 [label = i0]
  1 [label = i1]
  2 [label = i2]
  3 [label = i3]
  4 [label = i4]
  5 [label = i5]
  6 [label = "minus"]
  1 -> 6 [color = red]
  3 -> 6 [color = blue]
  7 [label = "add"]
  0 -> 7 [color = red]
  6 -> 7 [color = blue]
  8 [label = "minus"]
  6 -> 8 [color = red]
  3 -> 8 [color = blue]
  9 [label = "matmul"]
  2 -> 9 [color = red]
  0 -> 9 [color = blue]
  10 [label = "matmul"]
  8 -> 10 [color = red]
  2 -> 10 [color = blue]
  11 [label = "matmul"]
  9 -> 11 [color = red]
  10 -> 11 [color = blue]
  13 [label = "minus"]
  4 -> 13 [color = red]
  11 -> 13 [color = blue]
  14 [label = "minus"]
  2 -> 14 [color = red]
  7 -> 14 [color = blue]
  15 [label = "matmul"]
  11 -> 15 [color = red]
  14 -> 15 [color = blue]
  16 [label = "transpose"]
  13 -> 16
  18 [label = "matmul"]
  14 -> 18 [color = red]
  15 -> 18 [color = blue]
  19 [label = o0]
  15 -> 19
  20 [label = o1]
  10 -> 20
  21 [label = o2]
  18 -> 21
  22 [label = o3]
  2 -> 22
  23 [label = o4]
  6 -> 23
  24 [label = o5]
  16 -> 24
}

[211441968] New best score: 1.3794e+00
Graph: digraph {
  0 [label = i0]
  1 [label = i1]
  2 [label = i2]
  3 [label = i3]
  4 [label = i4]
  5 [label = i5]
  6 [label = "add"]
  0 -> 6 [color = red]
  4 -> 6 [color = blue]
  8 [label = "inv"]
  1 -> 8
  9 [label = "add"]
  5 -> 9 [color = red]
  8 -> 9 [color = blue]
  12 [label = "transpose"]
  6 -> 12
  13 [label = "add"]
  8 -> 13 [color = red]
  3 -> 13 [color = blue]
  14 [label = "transpose"]
  9 -> 14
  15 [label = "inv"]
  14 -> 15
  17 [label = "matmul"]
  12 -> 17 [color = red]
  15 -> 17 [color = blue]
  19 [label = o0]
  17 -> 19
  20 [label = o1]
  5 -> 20
  21 [label = o2]
  4 -> 21
  22 [label = o3]
  14 -> 22
  23 [label = o4]
  13 -> 23
  24 [label = o5]
  17 -> 24
}

