Sanity check loss : 1.1180493160255696
Solution : digraph {
  0 [label = i0]
  1 [label = i1]
  2 [label = i2]
  3 [label = i3]
  4 [label = i4]
  5 [label = i5]
  6 [label = "transpose"]
  1 -> 6
  7 [label = "matmul"]
  1 -> 7 [color = red]
  0 -> 7 [color = blue]
  8 [label = "matmul"]
  1 -> 8 [color = red]
  2 -> 8 [color = blue]
  9 [label = "minus"]
  4 -> 9 [color = red]
  7 -> 9 [color = blue]
  10 [label = "matmul"]
  8 -> 10 [color = red]
  6 -> 10 [color = blue]
  11 [label = "add"]
  10 -> 11 [color = red]
  3 -> 11 [color = blue]
  12 [label = "add"]
  11 -> 12 [color = red]
  5 -> 12 [color = blue]
  13 [label = "inv"]
  12 -> 13
  14 [label = "matmul"]
  11 -> 14 [color = red]
  13 -> 14 [color = blue]
  15 [label = "matmul"]
  14 -> 15 [color = red]
  9 -> 15 [color = blue]
  16 [label = "add"]
  7 -> 16 [color = red]
  15 -> 16 [color = blue]
  19 [label = o0]
  7 -> 19
  20 [label = o1]
  11 -> 20
  21 [label = o2]
  9 -> 21
  22 [label = o3]
  12 -> 22
  23 [label = o4]
  14 -> 23
  24 [label = o5]
  16 -> 24
}

[00076] New best score: 2.0742e+00
Graph: digraph {
  0 [label = i0]
  1 [label = i1]
  2 [label = i2]
  3 [label = i3]
  4 [label = i4]
  5 [label = i5]
  6 [label = "transpose"]
  1 -> 6
  7 [label = "matmul"]
  4 -> 7 [color = red]
  1 -> 7 [color = blue]
  8 [label = "add"]
  0 -> 8 [color = red]
  0 -> 8 [color = blue]
  9 [label = "minus"]
  1 -> 9 [color = red]
  3 -> 9 [color = blue]
  11 [label = "add"]
  8 -> 11 [color = red]
  1 -> 11 [color = blue]
  19 [label = o0]
  7 -> 19
  20 [label = o1]
  11 -> 20
  21 [label = o2]
  6 -> 21
  22 [label = o3]
  1 -> 22
  23 [label = o4]
  9 -> 23
  24 [label = o5]
  4 -> 24
}

[08668] New best score: 2.0742e+00
Graph: digraph {
  0 [label = i0]
  1 [label = i1]
  2 [label = i2]
  3 [label = i3]
  4 [label = i4]
  5 [label = i5]
  6 [label = "add"]
  4 -> 6 [color = red]
  0 -> 6 [color = blue]
  8 [label = "transpose"]
  0 -> 8
  10 [label = "add"]
  0 -> 10 [color = red]
  6 -> 10 [color = blue]
  11 [label = "add"]
  6 -> 11 [color = red]
  10 -> 11 [color = blue]
  12 [label = "minus"]
  6 -> 12 [color = red]
  8 -> 12 [color = blue]
  16 [label = "minus"]
  3 -> 16 [color = red]
  10 -> 16 [color = blue]
  19 [label = o0]
  8 -> 19
  20 [label = o1]
  16 -> 20
  21 [label = o2]
  11 -> 21
  22 [label = o3]
  12 -> 22
  23 [label = o4]
  2 -> 23
  24 [label = o5]
  12 -> 24
}

[2783643] New best score: 2.0742e+00
Graph: digraph {
  0 [label = i0]
  1 [label = i1]
  2 [label = i2]
  3 [label = i3]
  4 [label = i4]
  5 [label = i5]
  6 [label = "minus"]
  2 -> 6 [color = red]
  0 -> 6 [color = blue]
  7 [label = "add"]
  5 -> 7 [color = red]
  4 -> 7 [color = blue]
  8 [label = "matmul"]
  6 -> 8 [color = red]
  4 -> 8 [color = blue]
  10 [label = "transpose"]
  3 -> 10
  11 [label = "add"]
  8 -> 11 [color = red]
  4 -> 11 [color = blue]
  12 [label = "inv"]
  1 -> 12
  13 [label = "minus"]
  6 -> 13 [color = red]
  10 -> 13 [color = blue]
  14 [label = "minus"]
  4 -> 14 [color = red]
  11 -> 14 [color = blue]
  17 [label = "add"]
  11 -> 17 [color = red]
  14 -> 17 [color = blue]
  19 [label = o0]
  17 -> 19
  20 [label = o1]
  12 -> 20
  21 [label = o2]
  7 -> 21
  22 [label = o3]
  10 -> 22
  23 [label = o4]
  13 -> 23
  24 [label = o5]
  17 -> 24
}

[3413047] New best score: 2.0742e+00
Graph: digraph {
  0 [label = i0]
  1 [label = i1]
  2 [label = i2]
  3 [label = i3]
  4 [label = i4]
  5 [label = i5]
  6 [label = "inv"]
  5 -> 6
  8 [label = "matmul"]
  0 -> 8 [color = red]
  2 -> 8 [color = blue]
  9 [label = "add"]
  4 -> 9 [color = red]
  8 -> 9 [color = blue]
  11 [label = "transpose"]
  9 -> 11
  12 [label = "transpose"]
  0 -> 12
  16 [label = "add"]
  3 -> 16 [color = red]
  6 -> 16 [color = blue]
  17 [label = "minus"]
  11 -> 17 [color = red]
  8 -> 17 [color = blue]
  19 [label = o0]
  17 -> 19
  20 [label = o1]
  16 -> 20
  21 [label = o2]
  0 -> 21
  22 [label = o3]
  17 -> 22
  23 [label = o4]
  12 -> 23
  24 [label = o5]
  17 -> 24
}

[3688473] New best score: 2.0742e+00
Graph: digraph {
  0 [label = i0]
  1 [label = i1]
  2 [label = i2]
  3 [label = i3]
  4 [label = i4]
  5 [label = i5]
  6 [label = "matmul"]
  1 -> 6 [color = red]
  4 -> 6 [color = blue]
  7 [label = "matmul"]
  4 -> 7 [color = red]
  6 -> 7 [color = blue]
  8 [label = "transpose"]
  0 -> 8
  9 [label = "transpose"]
  7 -> 9
  10 [label = "add"]
  8 -> 10 [color = red]
  3 -> 10 [color = blue]
  11 [label = "minus"]
  8 -> 11 [color = red]
  10 -> 11 [color = blue]
  12 [label = "minus"]
  7 -> 12 [color = red]
  4 -> 12 [color = blue]
  16 [label = "transpose"]
  1 -> 16
  18 [label = "minus"]
  9 -> 18 [color = red]
  12 -> 18 [color = blue]
  19 [label = o0]
  6 -> 19
  20 [label = o1]
  16 -> 20
  21 [label = o2]
  6 -> 21
  22 [label = o3]
  3 -> 22
  23 [label = o4]
  11 -> 23
  24 [label = o5]
  18 -> 24
}

[4916280] New best score: 2.0654e+00
Graph: digraph {
  0 [label = i0]
  1 [label = i1]
  2 [label = i2]
  3 [label = i3]
  4 [label = i4]
  5 [label = i5]
  6 [label = "matmul"]
  2 -> 6 [color = red]
  3 -> 6 [color = blue]
  8 [label = "minus"]
  6 -> 8 [color = red]
  5 -> 8 [color = blue]
  9 [label = "matmul"]
  2 -> 9 [color = red]
  0 -> 9 [color = blue]
  10 [label = "add"]
  9 -> 10 [color = red]
  4 -> 10 [color = blue]
  15 [label = "add"]
  4 -> 15 [color = red]
  8 -> 15 [color = blue]
  19 [label = o0]
  0 -> 19
  20 [label = o1]
  2 -> 20
  21 [label = o2]
  5 -> 21
  22 [label = o3]
  15 -> 22
  23 [label = o4]
  1 -> 23
  24 [label = o5]
  10 -> 24
}

[36682010] New best score: 2.0474e+00
Graph: digraph {
  0 [label = i0]
  1 [label = i1]
  2 [label = i2]
  3 [label = i3]
  4 [label = i4]
  5 [label = i5]
  8 [label = "transpose"]
  2 -> 8
  9 [label = "add"]
  2 -> 9 [color = red]
  0 -> 9 [color = blue]
  10 [label = "matmul"]
  2 -> 10 [color = red]
  4 -> 10 [color = blue]
  13 [label = "inv"]
  9 -> 13
  16 [label = "matmul"]
  10 -> 16 [color = red]
  8 -> 16 [color = blue]
  19 [label = o0]
  4 -> 19
  20 [label = o1]
  13 -> 20
  21 [label = o2]
  1 -> 21
  22 [label = o3]
  13 -> 22
  23 [label = o4]
  0 -> 23
  24 [label = o5]
  16 -> 24
}

[60483558] New best score: 2.0390e+00
Graph: digraph {
  0 [label = i0]
  1 [label = i1]
  2 [label = i2]
  3 [label = i3]
  4 [label = i4]
  5 [label = i5]
  6 [label = "transpose"]
  2 -> 6
  7 [label = "transpose"]
  4 -> 7
  8 [label = "transpose"]
  0 -> 8
  9 [label = "matmul"]
  2 -> 9 [color = red]
  0 -> 9 [color = blue]
  11 [label = "matmul"]
  0 -> 11 [color = red]
  8 -> 11 [color = blue]
  12 [label = "matmul"]
  1 -> 12 [color = red]
  4 -> 12 [color = blue]
  13 [label = "add"]
  7 -> 13 [color = red]
  9 -> 13 [color = blue]
  19 [label = o0]
  12 -> 19
  20 [label = o1]
  6 -> 20
  21 [label = o2]
  11 -> 21
  22 [label = o3]
  6 -> 22
  23 [label = o4]
  1 -> 23
  24 [label = o5]
  13 -> 24
}

