Sanity check loss : 1.1180493160255696
Solution : digraph {
  0 [label = i0]
  1 [label = i1]
  2 [label = i2]
  3 [label = i3]
  4 [label = i4]
  5 [label = i5]
  6 [label = "transpose"]
  1 -> 6
  7 [label = "matmul"]
  1 -> 7 [color = red]
  0 -> 7 [color = blue]
  8 [label = "matmul"]
  1 -> 8 [color = red]
  2 -> 8 [color = blue]
  9 [label = "minus"]
  4 -> 9 [color = red]
  7 -> 9 [color = blue]
  10 [label = "matmul"]
  8 -> 10 [color = red]
  6 -> 10 [color = blue]
  11 [label = "add"]
  10 -> 11 [color = red]
  3 -> 11 [color = blue]
  12 [label = "add"]
  11 -> 12 [color = red]
  5 -> 12 [color = blue]
  13 [label = "inv"]
  12 -> 13
  14 [label = "matmul"]
  11 -> 14 [color = red]
  13 -> 14 [color = blue]
  15 [label = "matmul"]
  14 -> 15 [color = red]
  9 -> 15 [color = blue]
  16 [label = "add"]
  7 -> 16 [color = red]
  15 -> 16 [color = blue]
  19 [label = o0]
  7 -> 19
  20 [label = o1]
  11 -> 20
  21 [label = o2]
  9 -> 21
  22 [label = o3]
  12 -> 22
  23 [label = o4]
  14 -> 23
  24 [label = o5]
  16 -> 24
}

[00126] New best score: 2.0742e+00
Graph: digraph {
  0 [label = i0]
  1 [label = i1]
  2 [label = i2]
  3 [label = i3]
  4 [label = i4]
  5 [label = i5]
  7 [label = "minus"]
  1 -> 7 [color = red]
  1 -> 7 [color = blue]
  19 [label = o0]
  4 -> 19
  20 [label = o1]
  2 -> 20
  21 [label = o2]
  7 -> 21
  22 [label = o3]
  2 -> 22
  23 [label = o4]
  7 -> 23
  24 [label = o5]
  4 -> 24
}

[113816] New best score: 2.0742e+00
Graph: digraph {
  0 [label = i0]
  1 [label = i1]
  2 [label = i2]
  3 [label = i3]
  4 [label = i4]
  5 [label = i5]
  6 [label = "add"]
  0 -> 6 [color = red]
  4 -> 6 [color = blue]
  8 [label = "minus"]
  5 -> 8 [color = red]
  6 -> 8 [color = blue]
  11 [label = "minus"]
  6 -> 11 [color = red]
  0 -> 11 [color = blue]
  13 [label = "transpose"]
  1 -> 13
  14 [label = "matmul"]
  13 -> 14 [color = red]
  4 -> 14 [color = blue]
  18 [label = "minus"]
  0 -> 18 [color = red]
  5 -> 18 [color = blue]
  19 [label = o0]
  14 -> 19
  20 [label = o1]
  8 -> 20
  21 [label = o2]
  13 -> 21
  22 [label = o3]
  1 -> 22
  23 [label = o4]
  18 -> 23
  24 [label = o5]
  11 -> 24
}

[245702] New best score: 2.0742e+00
Graph: digraph {
  0 [label = i0]
  1 [label = i1]
  2 [label = i2]
  3 [label = i3]
  4 [label = i4]
  5 [label = i5]
  7 [label = "matmul"]
  0 -> 7 [color = red]
  1 -> 7 [color = blue]
  8 [label = "matmul"]
  0 -> 8 [color = red]
  7 -> 8 [color = blue]
  10 [label = "add"]
  3 -> 10 [color = red]
  8 -> 10 [color = blue]
  12 [label = "minus"]
  4 -> 12 [color = red]
  8 -> 12 [color = blue]
  13 [label = "add"]
  8 -> 13 [color = red]
  12 -> 13 [color = blue]
  19 [label = o0]
  7 -> 19
  20 [label = o1]
  10 -> 20
  21 [label = o2]
  0 -> 21
  22 [label = o3]
  5 -> 22
  23 [label = o4]
  3 -> 23
  24 [label = o5]
  13 -> 24
}

[567989] New best score: 2.0654e+00
Graph: digraph {
  0 [label = i0]
  1 [label = i1]
  2 [label = i2]
  3 [label = i3]
  4 [label = i4]
  5 [label = i5]
  6 [label = "matmul"]
  2 -> 6 [color = red]
  0 -> 6 [color = blue]
  8 [label = "transpose"]
  0 -> 8
  9 [label = "add"]
  6 -> 9 [color = red]
  4 -> 9 [color = blue]
  13 [label = "matmul"]
  2 -> 13 [color = red]
  2 -> 13 [color = blue]
  15 [label = "transpose"]
  9 -> 15
  16 [label = "matmul"]
  9 -> 16 [color = red]
  5 -> 16 [color = blue]
  19 [label = o0]
  8 -> 19
  20 [label = o1]
  13 -> 20
  21 [label = o2]
  9 -> 21
  22 [label = o3]
  15 -> 22
  23 [label = o4]
  1 -> 23
  24 [label = o5]
  16 -> 24
}

[80219059] New best score: 2.0390e+00
Graph: digraph {
  0 [label = i0]
  1 [label = i1]
  2 [label = i2]
  3 [label = i3]
  4 [label = i4]
  5 [label = i5]
  6 [label = "transpose"]
  2 -> 6
  7 [label = "matmul"]
  2 -> 7 [color = red]
  0 -> 7 [color = blue]
  8 [label = "add"]
  4 -> 8 [color = red]
  7 -> 8 [color = blue]
  10 [label = "transpose"]
  5 -> 10
  13 [label = "matmul"]
  8 -> 13 [color = red]
  10 -> 13 [color = blue]
  19 [label = o0]
  0 -> 19
  20 [label = o1]
  6 -> 20
  21 [label = o2]
  5 -> 21
  22 [label = o3]
  5 -> 22
  23 [label = o4]
  1 -> 23
  24 [label = o5]
  13 -> 24
}

