Sanity check loss : 1.1180493160255696
Solution : digraph {
  0 [label = i0]
  1 [label = i1]
  2 [label = i2]
  3 [label = i3]
  4 [label = i4]
  5 [label = i5]
  6 [label = "transpose"]
  1 -> 6
  7 [label = "matmul"]
  1 -> 7 [color = red]
  0 -> 7 [color = blue]
  8 [label = "matmul"]
  1 -> 8 [color = red]
  2 -> 8 [color = blue]
  9 [label = "minus"]
  4 -> 9 [color = red]
  7 -> 9 [color = blue]
  10 [label = "matmul"]
  8 -> 10 [color = red]
  6 -> 10 [color = blue]
  11 [label = "add"]
  10 -> 11 [color = red]
  3 -> 11 [color = blue]
  12 [label = "add"]
  11 -> 12 [color = red]
  5 -> 12 [color = blue]
  13 [label = "inv"]
  12 -> 13
  14 [label = "matmul"]
  11 -> 14 [color = red]
  13 -> 14 [color = blue]
  15 [label = "matmul"]
  14 -> 15 [color = red]
  9 -> 15 [color = blue]
  16 [label = "add"]
  7 -> 16 [color = red]
  15 -> 16 [color = blue]
  19 [label = o0]
  7 -> 19
  20 [label = o1]
  11 -> 20
  21 [label = o2]
  9 -> 21
  22 [label = o3]
  12 -> 22
  23 [label = o4]
  14 -> 23
  24 [label = o5]
  16 -> 24
}

[00070] New best score: 2.6929e+04
Graph: digraph {
  0 [label = i0]
  1 [label = i1]
  2 [label = i2]
  3 [label = i3]
  4 [label = i4]
  5 [label = i5]
  6 [label = "transpose"]
  0 -> 6
  7 [label = "matmul"]
  1 -> 7 [color = red]
  6 -> 7 [color = blue]
  8 [label = "minus"]
  4 -> 8 [color = red]
  5 -> 8 [color = blue]
  10 [label = "matmul"]
  8 -> 10 [color = red]
  7 -> 10 [color = blue]
  11 [label = "add"]
  7 -> 11 [color = red]
  1 -> 11 [color = blue]
  19 [label = o0]
  6 -> 19
  20 [label = o1]
  11 -> 20
  21 [label = o2]
  6 -> 21
  22 [label = o3]
  5 -> 22
  23 [label = o4]
  5 -> 23
  24 [label = o5]
  10 -> 24
}

[00241] New best score: 2.0742e+00
Graph: digraph {
  0 [label = i0]
  1 [label = i1]
  2 [label = i2]
  3 [label = i3]
  4 [label = i4]
  5 [label = i5]
  7 [label = "matmul"]
  2 -> 7 [color = red]
  1 -> 7 [color = blue]
  8 [label = "minus"]
  7 -> 8 [color = red]
  1 -> 8 [color = blue]
  9 [label = "add"]
  1 -> 9 [color = red]
  2 -> 9 [color = blue]
  11 [label = "matmul"]
  4 -> 11 [color = red]
  2 -> 11 [color = blue]
  12 [label = "transpose"]
  5 -> 12
  14 [label = "minus"]
  4 -> 14 [color = red]
  8 -> 14 [color = blue]
  15 [label = "matmul"]
  5 -> 15 [color = red]
  4 -> 15 [color = blue]
  16 [label = "inv"]
  12 -> 16
  17 [label = "transpose"]
  15 -> 17
  19 [label = o0]
  11 -> 19
  20 [label = o1]
  16 -> 20
  21 [label = o2]
  14 -> 21
  22 [label = o3]
  9 -> 22
  23 [label = o4]
  1 -> 23
  24 [label = o5]
  17 -> 24
}

[697180] New best score: 2.0742e+00
Graph: digraph {
  0 [label = i0]
  1 [label = i1]
  2 [label = i2]
  3 [label = i3]
  4 [label = i4]
  5 [label = i5]
  6 [label = "inv"]
  2 -> 6
  7 [label = "matmul"]
  2 -> 7 [color = red]
  4 -> 7 [color = blue]
  8 [label = "transpose"]
  4 -> 8
  9 [label = "inv"]
  6 -> 9
  10 [label = "add"]
  7 -> 10 [color = red]
  9 -> 10 [color = blue]
  11 [label = "minus"]
  4 -> 11 [color = red]
  9 -> 11 [color = blue]
  13 [label = "matmul"]
  4 -> 13 [color = red]
  11 -> 13 [color = blue]
  17 [label = "inv"]
  11 -> 17
  18 [label = "matmul"]
  13 -> 18 [color = red]
  17 -> 18 [color = blue]
  19 [label = o0]
  4 -> 19
  20 [label = o1]
  17 -> 20
  21 [label = o2]
  10 -> 21
  22 [label = o3]
  9 -> 22
  23 [label = o4]
  8 -> 23
  24 [label = o5]
  18 -> 24
}

[1104068] New best score: 2.0742e+00
Graph: digraph {
  0 [label = i0]
  1 [label = i1]
  2 [label = i2]
  3 [label = i3]
  4 [label = i4]
  5 [label = i5]
  6 [label = "matmul"]
  4 -> 6 [color = red]
  4 -> 6 [color = blue]
  7 [label = "matmul"]
  4 -> 7 [color = red]
  5 -> 7 [color = blue]
  8 [label = "add"]
  4 -> 8 [color = red]
  6 -> 8 [color = blue]
  10 [label = "minus"]
  8 -> 10 [color = red]
  6 -> 10 [color = blue]
  12 [label = "minus"]
  4 -> 12 [color = red]
  4 -> 12 [color = blue]
  14 [label = "transpose"]
  12 -> 14
  16 [label = "add"]
  2 -> 16 [color = red]
  7 -> 16 [color = blue]
  19 [label = o0]
  4 -> 19
  20 [label = o1]
  3 -> 20
  21 [label = o2]
  7 -> 21
  22 [label = o3]
  14 -> 22
  23 [label = o4]
  16 -> 23
  24 [label = o5]
  10 -> 24
}

[2994110] New best score: 2.0654e+00
Graph: digraph {
  0 [label = i0]
  1 [label = i1]
  2 [label = i2]
  3 [label = i3]
  4 [label = i4]
  5 [label = i5]
  8 [label = "matmul"]
  2 -> 8 [color = red]
  0 -> 8 [color = blue]
  9 [label = "inv"]
  1 -> 9
  13 [label = "matmul"]
  2 -> 13 [color = red]
  1 -> 13 [color = blue]
  16 [label = "minus"]
  4 -> 16 [color = red]
  8 -> 16 [color = blue]
  19 [label = o0]
  8 -> 19
  20 [label = o1]
  13 -> 20
  21 [label = o2]
  1 -> 21
  22 [label = o3]
  3 -> 22
  23 [label = o4]
  9 -> 23
  24 [label = o5]
  16 -> 24
}

[22788055] New best score: 2.0390e+00
Graph: digraph {
  0 [label = i0]
  1 [label = i1]
  2 [label = i2]
  3 [label = i3]
  4 [label = i4]
  5 [label = i5]
  7 [label = "matmul"]
  2 -> 7 [color = red]
  0 -> 7 [color = blue]
  9 [label = "transpose"]
  2 -> 9
  13 [label = "matmul"]
  1 -> 13 [color = red]
  5 -> 13 [color = blue]
  16 [label = "transpose"]
  4 -> 16
  18 [label = "add"]
  7 -> 18 [color = red]
  16 -> 18 [color = blue]
  19 [label = o0]
  7 -> 19
  20 [label = o1]
  9 -> 20
  21 [label = o2]
  13 -> 21
  22 [label = o3]
  1 -> 22
  23 [label = o4]
  13 -> 23
  24 [label = o5]
  18 -> 24
}

[325263327] New best score: 1.3794e+00
Graph: digraph {
  0 [label = i0]
  1 [label = i1]
  2 [label = i2]
  3 [label = i3]
  4 [label = i4]
  5 [label = i5]
  6 [label = "add"]
  1 -> 6 [color = red]
  5 -> 6 [color = blue]
  7 [label = "add"]
  4 -> 7 [color = red]
  0 -> 7 [color = blue]
  8 [label = "inv"]
  6 -> 8
  9 [label = "transpose"]
  8 -> 9
  10 [label = "matmul"]
  7 -> 10 [color = red]
  9 -> 10 [color = blue]
  13 [label = "minus"]
  7 -> 13 [color = red]
  10 -> 13 [color = blue]
  14 [label = "transpose"]
  13 -> 14
  17 [label = "transpose"]
  14 -> 17
  19 [label = o0]
  17 -> 19
  20 [label = o1]
  6 -> 20
  21 [label = o2]
  1 -> 21
  22 [label = o3]
  0 -> 22
  23 [label = o4]
  10 -> 23
  24 [label = o5]
  17 -> 24
}

