Sanity check loss : 1.1180493160255696
Solution : digraph {
  0 [label = i0]
  1 [label = i1]
  2 [label = i2]
  3 [label = i3]
  4 [label = i4]
  5 [label = i5]
  6 [label = "transpose"]
  1 -> 6
  7 [label = "matmul"]
  1 -> 7 [color = red]
  0 -> 7 [color = blue]
  8 [label = "matmul"]
  1 -> 8 [color = red]
  2 -> 8 [color = blue]
  9 [label = "minus"]
  4 -> 9 [color = red]
  7 -> 9 [color = blue]
  10 [label = "matmul"]
  8 -> 10 [color = red]
  6 -> 10 [color = blue]
  11 [label = "add"]
  10 -> 11 [color = red]
  3 -> 11 [color = blue]
  12 [label = "add"]
  11 -> 12 [color = red]
  5 -> 12 [color = blue]
  13 [label = "inv"]
  12 -> 13
  14 [label = "matmul"]
  11 -> 14 [color = red]
  13 -> 14 [color = blue]
  15 [label = "matmul"]
  14 -> 15 [color = red]
  9 -> 15 [color = blue]
  16 [label = "add"]
  7 -> 16 [color = red]
  15 -> 16 [color = blue]
  19 [label = o0]
  7 -> 19
  20 [label = o1]
  11 -> 20
  21 [label = o2]
  9 -> 21
  22 [label = o3]
  12 -> 22
  23 [label = o4]
  14 -> 23
  24 [label = o5]
  16 -> 24
}

[00148] New best score: 2.6929e+04
Graph: digraph {
  0 [label = i0]
  1 [label = i1]
  2 [label = i2]
  3 [label = i3]
  4 [label = i4]
  5 [label = i5]
  6 [label = "transpose"]
  0 -> 6
  7 [label = "transpose"]
  1 -> 7
  8 [label = "transpose"]
  2 -> 8
  9 [label = "transpose"]
  4 -> 9
  10 [label = "transpose"]
  0 -> 10
  11 [label = "add"]
  5 -> 11 [color = red]
  1 -> 11 [color = blue]
  13 [label = "matmul"]
  10 -> 13 [color = red]
  1 -> 13 [color = blue]
  14 [label = "add"]
  13 -> 14 [color = red]
  8 -> 14 [color = blue]
  16 [label = "transpose"]
  6 -> 16
  18 [label = "matmul"]
  9 -> 18 [color = red]
  13 -> 18 [color = blue]
  19 [label = o0]
  4 -> 19
  20 [label = o1]
  11 -> 20
  21 [label = o2]
  18 -> 21
  22 [label = o3]
  7 -> 22
  23 [label = o4]
  14 -> 23
  24 [label = o5]
  16 -> 24
}

[00171] New best score: 2.0742e+00
Graph: digraph {
  0 [label = i0]
  1 [label = i1]
  2 [label = i2]
  3 [label = i3]
  4 [label = i4]
  5 [label = i5]
  6 [label = "minus"]
  4 -> 6 [color = red]
  3 -> 6 [color = blue]
  7 [label = "matmul"]
  3 -> 7 [color = red]
  6 -> 7 [color = blue]
  19 [label = o0]
  4 -> 19
  20 [label = o1]
  5 -> 20
  21 [label = o2]
  7 -> 21
  22 [label = o3]
  4 -> 22
  23 [label = o4]
  4 -> 23
  24 [label = o5]
  4 -> 24
}

[411093] New best score: 2.0742e+00
Graph: digraph {
  0 [label = i0]
  1 [label = i1]
  2 [label = i2]
  3 [label = i3]
  4 [label = i4]
  5 [label = i5]
  10 [label = "transpose"]
  4 -> 10
  11 [label = "transpose"]
  0 -> 11
  12 [label = "matmul"]
  4 -> 12 [color = red]
  0 -> 12 [color = blue]
  14 [label = "minus"]
  4 -> 14 [color = red]
  12 -> 14 [color = blue]
  15 [label = "add"]
  12 -> 15 [color = red]
  14 -> 15 [color = blue]
  16 [label = "minus"]
  11 -> 16 [color = red]
  1 -> 16 [color = blue]
  18 [label = "minus"]
  3 -> 18 [color = red]
  1 -> 18 [color = blue]
  19 [label = o0]
  10 -> 19
  20 [label = o1]
  18 -> 20
  21 [label = o2]
  16 -> 21
  22 [label = o3]
  16 -> 22
  23 [label = o4]
  1 -> 23
  24 [label = o5]
  15 -> 24
}

[999099] New best score: 2.0737e+00
Graph: digraph {
  0 [label = i0]
  1 [label = i1]
  2 [label = i2]
  3 [label = i3]
  4 [label = i4]
  5 [label = i5]
  6 [label = "add"]
  4 -> 6 [color = red]
  3 -> 6 [color = blue]
  7 [label = "matmul"]
  2 -> 7 [color = red]
  4 -> 7 [color = blue]
  9 [label = "add"]
  4 -> 9 [color = red]
  5 -> 9 [color = blue]
  11 [label = "add"]
  4 -> 11 [color = red]
  7 -> 11 [color = blue]
  15 [label = "minus"]
  9 -> 15 [color = red]
  2 -> 15 [color = blue]
  16 [label = "matmul"]
  1 -> 16 [color = red]
  7 -> 16 [color = blue]
  18 [label = "minus"]
  11 -> 18 [color = red]
  16 -> 18 [color = blue]
  19 [label = o0]
  0 -> 19
  20 [label = o1]
  6 -> 20
  21 [label = o2]
  6 -> 21
  22 [label = o3]
  15 -> 22
  23 [label = o4]
  5 -> 23
  24 [label = o5]
  18 -> 24
}

[5058414] New best score: 2.0654e+00
Graph: digraph {
  0 [label = i0]
  1 [label = i1]
  2 [label = i2]
  3 [label = i3]
  4 [label = i4]
  5 [label = i5]
  6 [label = "matmul"]
  0 -> 6 [color = red]
  2 -> 6 [color = blue]
  7 [label = "matmul"]
  2 -> 7 [color = red]
  5 -> 7 [color = blue]
  8 [label = "transpose"]
  1 -> 8
  11 [label = "transpose"]
  4 -> 11
  12 [label = "add"]
  6 -> 12 [color = red]
  4 -> 12 [color = blue]
  13 [label = "minus"]
  0 -> 13 [color = red]
  4 -> 13 [color = blue]
  19 [label = o0]
  0 -> 19
  20 [label = o1]
  7 -> 20
  21 [label = o2]
  13 -> 21
  22 [label = o3]
  11 -> 22
  23 [label = o4]
  8 -> 23
  24 [label = o5]
  12 -> 24
}

[30327618] New best score: 2.0652e+00
Graph: digraph {
  0 [label = i0]
  1 [label = i1]
  2 [label = i2]
  3 [label = i3]
  4 [label = i4]
  5 [label = i5]
  6 [label = "matmul"]
  3 -> 6 [color = red]
  2 -> 6 [color = blue]
  9 [label = "matmul"]
  6 -> 9 [color = red]
  6 -> 9 [color = blue]
  13 [label = "matmul"]
  9 -> 13 [color = red]
  3 -> 13 [color = blue]
  14 [label = "matmul"]
  13 -> 14 [color = red]
  0 -> 14 [color = blue]
  17 [label = "add"]
  4 -> 17 [color = red]
  14 -> 17 [color = blue]
  19 [label = o0]
  4 -> 19
  20 [label = o1]
  9 -> 20
  21 [label = o2]
  4 -> 21
  22 [label = o3]
  1 -> 22
  23 [label = o4]
  6 -> 23
  24 [label = o5]
  17 -> 24
}

[44363489] New best score: 2.0390e+00
Graph: digraph {
  0 [label = i0]
  1 [label = i1]
  2 [label = i2]
  3 [label = i3]
  4 [label = i4]
  5 [label = i5]
  6 [label = "matmul"]
  2 -> 6 [color = red]
  0 -> 6 [color = blue]
  8 [label = "add"]
  6 -> 8 [color = red]
  4 -> 8 [color = blue]
  10 [label = "transpose"]
  3 -> 10
  18 [label = "transpose"]
  2 -> 18
  19 [label = o0]
  6 -> 19
  20 [label = o1]
  18 -> 20
  21 [label = o2]
  10 -> 21
  22 [label = o3]
  5 -> 22
  23 [label = o4]
  1 -> 23
  24 [label = o5]
  8 -> 24
}

