Sanity check loss : 1.1180493160255696
Solution : digraph {
  0 [label = i0]
  1 [label = i1]
  2 [label = i2]
  3 [label = i3]
  4 [label = i4]
  5 [label = i5]
  6 [label = "transpose"]
  1 -> 6
  7 [label = "matmul"]
  1 -> 7 [color = red]
  0 -> 7 [color = blue]
  8 [label = "matmul"]
  1 -> 8 [color = red]
  2 -> 8 [color = blue]
  9 [label = "minus"]
  4 -> 9 [color = red]
  7 -> 9 [color = blue]
  10 [label = "matmul"]
  8 -> 10 [color = red]
  6 -> 10 [color = blue]
  11 [label = "add"]
  10 -> 11 [color = red]
  3 -> 11 [color = blue]
  12 [label = "add"]
  11 -> 12 [color = red]
  5 -> 12 [color = blue]
  13 [label = "inv"]
  12 -> 13
  14 [label = "matmul"]
  11 -> 14 [color = red]
  13 -> 14 [color = blue]
  15 [label = "matmul"]
  14 -> 15 [color = red]
  9 -> 15 [color = blue]
  16 [label = "add"]
  7 -> 16 [color = red]
  15 -> 16 [color = blue]
  19 [label = o0]
  7 -> 19
  20 [label = o1]
  11 -> 20
  21 [label = o2]
  9 -> 21
  22 [label = o3]
  12 -> 22
  23 [label = o4]
  14 -> 23
  24 [label = o5]
  16 -> 24
}

[00011] New best score: 2.1569e+04
Graph: digraph {
  0 [label = i0]
  1 [label = i1]
  2 [label = i2]
  3 [label = i3]
  4 [label = i4]
  5 [label = i5]
  6 [label = "matmul"]
  3 -> 6 [color = red]
  4 -> 6 [color = blue]
  7 [label = "add"]
  3 -> 7 [color = red]
  4 -> 7 [color = blue]
  8 [label = "inv"]
  5 -> 8
  10 [label = "matmul"]
  6 -> 10 [color = red]
  8 -> 10 [color = blue]
  14 [label = "minus"]
  7 -> 14 [color = red]
  8 -> 14 [color = blue]
  15 [label = "transpose"]
  10 -> 15
  19 [label = o0]
  10 -> 19
  20 [label = o1]
  14 -> 20
  21 [label = o2]
  2 -> 21
  22 [label = o3]
  15 -> 22
  23 [label = o4]
  1 -> 23
  24 [label = o5]
  15 -> 24
}

[00024] New best score: 2.0742e+00
Graph: digraph {
  0 [label = i0]
  1 [label = i1]
  2 [label = i2]
  3 [label = i3]
  4 [label = i4]
  5 [label = i5]
  7 [label = "transpose"]
  0 -> 7
  8 [label = "matmul"]
  1 -> 8 [color = red]
  2 -> 8 [color = blue]
  9 [label = "matmul"]
  7 -> 9 [color = red]
  5 -> 9 [color = blue]
  10 [label = "matmul"]
  4 -> 10 [color = red]
  0 -> 10 [color = blue]
  11 [label = "add"]
  3 -> 11 [color = red]
  7 -> 11 [color = blue]
  18 [label = "minus"]
  8 -> 18 [color = red]
  11 -> 18 [color = blue]
  19 [label = o0]
  9 -> 19
  20 [label = o1]
  5 -> 20
  21 [label = o2]
  18 -> 21
  22 [label = o3]
  10 -> 22
  23 [label = o4]
  4 -> 23
  24 [label = o5]
  4 -> 24
}

[25150] New best score: 2.0742e+00
Graph: digraph {
  0 [label = i0]
  1 [label = i1]
  2 [label = i2]
  3 [label = i3]
  4 [label = i4]
  5 [label = i5]
  6 [label = "transpose"]
  0 -> 6
  7 [label = "add"]
  4 -> 7 [color = red]
  0 -> 7 [color = blue]
  8 [label = "add"]
  4 -> 8 [color = red]
  1 -> 8 [color = blue]
  9 [label = "matmul"]
  8 -> 9 [color = red]
  5 -> 9 [color = blue]
  10 [label = "matmul"]
  8 -> 10 [color = red]
  6 -> 10 [color = blue]
  12 [label = "transpose"]
  6 -> 12
  13 [label = "transpose"]
  7 -> 13
  15 [label = "minus"]
  13 -> 15 [color = red]
  12 -> 15 [color = blue]
  16 [label = "matmul"]
  9 -> 16 [color = red]
  15 -> 16 [color = blue]
  18 [label = "add"]
  10 -> 18 [color = red]
  16 -> 18 [color = blue]
  19 [label = o0]
  7 -> 19
  20 [label = o1]
  9 -> 20
  21 [label = o2]
  18 -> 21
  22 [label = o3]
  9 -> 22
  23 [label = o4]
  12 -> 23
  24 [label = o5]
  15 -> 24
}

[418648] New best score: 2.0686e+00
Graph: digraph {
  0 [label = i0]
  1 [label = i1]
  2 [label = i2]
  3 [label = i3]
  4 [label = i4]
  5 [label = i5]
  6 [label = "transpose"]
  5 -> 6
  7 [label = "add"]
  6 -> 7 [color = red]
  2 -> 7 [color = blue]
  9 [label = "matmul"]
  5 -> 9 [color = red]
  7 -> 9 [color = blue]
  10 [label = "inv"]
  9 -> 10
  11 [label = "matmul"]
  4 -> 11 [color = red]
  10 -> 11 [color = blue]
  12 [label = "transpose"]
  11 -> 12
  16 [label = "transpose"]
  4 -> 16
  19 [label = o0]
  16 -> 19
  20 [label = o1]
  2 -> 20
  21 [label = o2]
  1 -> 21
  22 [label = o3]
  1 -> 22
  23 [label = o4]
  10 -> 23
  24 [label = o5]
  12 -> 24
}

[2878311] New best score: 2.0634e+00
Graph: digraph {
  0 [label = i0]
  1 [label = i1]
  2 [label = i2]
  3 [label = i3]
  4 [label = i4]
  5 [label = i5]
  6 [label = "add"]
  5 -> 6 [color = red]
  3 -> 6 [color = blue]
  7 [label = "transpose"]
  4 -> 7
  8 [label = "minus"]
  2 -> 8 [color = red]
  1 -> 8 [color = blue]
  9 [label = "matmul"]
  0 -> 9 [color = red]
  2 -> 9 [color = blue]
  10 [label = "add"]
  9 -> 10 [color = red]
  7 -> 10 [color = blue]
  12 [label = "minus"]
  6 -> 12 [color = red]
  1 -> 12 [color = blue]
  13 [label = "transpose"]
  3 -> 13
  15 [label = "add"]
  13 -> 15 [color = red]
  3 -> 15 [color = blue]
  19 [label = o0]
  4 -> 19
  20 [label = o1]
  2 -> 20
  21 [label = o2]
  8 -> 21
  22 [label = o3]
  15 -> 22
  23 [label = o4]
  12 -> 23
  24 [label = o5]
  10 -> 24
}

[11083721] New best score: 2.0628e+00
Graph: digraph {
  0 [label = i0]
  1 [label = i1]
  2 [label = i2]
  3 [label = i3]
  4 [label = i4]
  5 [label = i5]
  7 [label = "matmul"]
  3 -> 7 [color = red]
  2 -> 7 [color = blue]
  14 [label = "transpose"]
  7 -> 14
  15 [label = "matmul"]
  0 -> 15 [color = red]
  2 -> 15 [color = blue]
  17 [label = "add"]
  15 -> 17 [color = red]
  4 -> 17 [color = blue]
  19 [label = o0]
  17 -> 19
  20 [label = o1]
  14 -> 20
  21 [label = o2]
  15 -> 21
  22 [label = o3]
  2 -> 22
  23 [label = o4]
  1 -> 23
  24 [label = o5]
  17 -> 24
}

[32379540] New best score: 2.0390e+00
Graph: digraph {
  0 [label = i0]
  1 [label = i1]
  2 [label = i2]
  3 [label = i3]
  4 [label = i4]
  5 [label = i5]
  6 [label = "matmul"]
  2 -> 6 [color = red]
  0 -> 6 [color = blue]
  7 [label = "matmul"]
  5 -> 7 [color = red]
  6 -> 7 [color = blue]
  8 [label = "minus"]
  6 -> 8 [color = red]
  7 -> 8 [color = blue]
  9 [label = "minus"]
  1 -> 9 [color = red]
  1 -> 9 [color = blue]
  11 [label = "transpose"]
  9 -> 11
  12 [label = "add"]
  11 -> 12 [color = red]
  8 -> 12 [color = blue]
  14 [label = "add"]
  6 -> 14 [color = red]
  4 -> 14 [color = blue]
  18 [label = "transpose"]
  2 -> 18
  19 [label = o0]
  8 -> 19
  20 [label = o1]
  18 -> 20
  21 [label = o2]
  12 -> 21
  22 [label = o3]
  12 -> 22
  23 [label = o4]
  1 -> 23
  24 [label = o5]
  14 -> 24
}

