Sanity check loss : 1.1180493160255696
Solution : digraph {
  0 [label = i0]
  1 [label = i1]
  2 [label = i2]
  3 [label = i3]
  4 [label = i4]
  5 [label = i5]
  6 [label = "transpose"]
  1 -> 6
  7 [label = "matmul"]
  1 -> 7 [color = red]
  0 -> 7 [color = blue]
  8 [label = "matmul"]
  1 -> 8 [color = red]
  2 -> 8 [color = blue]
  9 [label = "minus"]
  4 -> 9 [color = red]
  7 -> 9 [color = blue]
  10 [label = "matmul"]
  8 -> 10 [color = red]
  6 -> 10 [color = blue]
  11 [label = "add"]
  10 -> 11 [color = red]
  3 -> 11 [color = blue]
  12 [label = "add"]
  11 -> 12 [color = red]
  5 -> 12 [color = blue]
  13 [label = "inv"]
  12 -> 13
  14 [label = "matmul"]
  11 -> 14 [color = red]
  13 -> 14 [color = blue]
  15 [label = "matmul"]
  14 -> 15 [color = red]
  9 -> 15 [color = blue]
  16 [label = "add"]
  7 -> 16 [color = red]
  15 -> 16 [color = blue]
  19 [label = o0]
  7 -> 19
  20 [label = o1]
  11 -> 20
  21 [label = o2]
  9 -> 21
  22 [label = o3]
  12 -> 22
  23 [label = o4]
  14 -> 23
  24 [label = o5]
  16 -> 24
}

[00154] New best score: 2.0742e+00
Graph: digraph {
  0 [label = i0]
  1 [label = i1]
  2 [label = i2]
  3 [label = i3]
  4 [label = i4]
  5 [label = i5]
  6 [label = "minus"]
  3 -> 6 [color = red]
  3 -> 6 [color = blue]
  7 [label = "add"]
  5 -> 7 [color = red]
  6 -> 7 [color = blue]
  8 [label = "transpose"]
  4 -> 8
  11 [label = "transpose"]
  8 -> 11
  12 [label = "add"]
  3 -> 12 [color = red]
  1 -> 12 [color = blue]
  17 [label = "transpose"]
  7 -> 17
  19 [label = o0]
  4 -> 19
  20 [label = o1]
  17 -> 20
  21 [label = o2]
  12 -> 21
  22 [label = o3]
  0 -> 22
  23 [label = o4]
  2 -> 23
  24 [label = o5]
  11 -> 24
}

[307047] New best score: 2.0742e+00
Graph: digraph {
  0 [label = i0]
  1 [label = i1]
  2 [label = i2]
  3 [label = i3]
  4 [label = i4]
  5 [label = i5]
  6 [label = "add"]
  0 -> 6 [color = red]
  4 -> 6 [color = blue]
  7 [label = "add"]
  1 -> 7 [color = red]
  5 -> 7 [color = blue]
  9 [label = "matmul"]
  7 -> 9 [color = red]
  5 -> 9 [color = blue]
  11 [label = "transpose"]
  6 -> 11
  12 [label = "minus"]
  6 -> 12 [color = red]
  0 -> 12 [color = blue]
  15 [label = "transpose"]
  12 -> 15
  18 [label = "add"]
  3 -> 18 [color = red]
  9 -> 18 [color = blue]
  19 [label = o0]
  11 -> 19
  20 [label = o1]
  3 -> 20
  21 [label = o2]
  18 -> 21
  22 [label = o3]
  12 -> 22
  23 [label = o4]
  3 -> 23
  24 [label = o5]
  15 -> 24
}

[547842] New best score: 2.0742e+00
Graph: digraph {
  0 [label = i0]
  1 [label = i1]
  2 [label = i2]
  3 [label = i3]
  4 [label = i4]
  5 [label = i5]
  8 [label = "minus"]
  2 -> 8 [color = red]
  5 -> 8 [color = blue]
  9 [label = "minus"]
  2 -> 9 [color = red]
  8 -> 9 [color = blue]
  11 [label = "transpose"]
  9 -> 11
  18 [label = "matmul"]
  4 -> 18 [color = red]
  11 -> 18 [color = blue]
  19 [label = o0]
  18 -> 19
  20 [label = o1]
  3 -> 20
  21 [label = o2]
  5 -> 21
  22 [label = o3]
  8 -> 22
  23 [label = o4]
  18 -> 23
  24 [label = o5]
  18 -> 24
}

[970422] New best score: 2.0742e+00
Graph: digraph {
  0 [label = i0]
  1 [label = i1]
  2 [label = i2]
  3 [label = i3]
  4 [label = i4]
  5 [label = i5]
  6 [label = "matmul"]
  5 -> 6 [color = red]
  4 -> 6 [color = blue]
  9 [label = "minus"]
  4 -> 9 [color = red]
  1 -> 9 [color = blue]
  10 [label = "inv"]
  9 -> 10
  11 [label = "matmul"]
  10 -> 11 [color = red]
  9 -> 11 [color = blue]
  14 [label = "transpose"]
  6 -> 14
  15 [label = "matmul"]
  14 -> 15 [color = red]
  11 -> 15 [color = blue]
  18 [label = "add"]
  3 -> 18 [color = red]
  4 -> 18 [color = blue]
  19 [label = o0]
  15 -> 19
  20 [label = o1]
  11 -> 20
  21 [label = o2]
  2 -> 21
  22 [label = o3]
  18 -> 22
  23 [label = o4]
  15 -> 23
  24 [label = o5]
  15 -> 24
}

[1772982] New best score: 2.0654e+00
Graph: digraph {
  0 [label = i0]
  1 [label = i1]
  2 [label = i2]
  3 [label = i3]
  4 [label = i4]
  5 [label = i5]
  6 [label = "add"]
  3 -> 6 [color = red]
  1 -> 6 [color = blue]
  7 [label = "matmul"]
  2 -> 7 [color = red]
  0 -> 7 [color = blue]
  8 [label = "add"]
  7 -> 8 [color = red]
  4 -> 8 [color = blue]
  9 [label = "add"]
  4 -> 9 [color = red]
  6 -> 9 [color = blue]
  19 [label = o0]
  0 -> 19
  20 [label = o1]
  2 -> 20
  21 [label = o2]
  9 -> 21
  22 [label = o3]
  1 -> 22
  23 [label = o4]
  1 -> 23
  24 [label = o5]
  8 -> 24
}

[9154289] New best score: 2.0628e+00
Graph: digraph {
  0 [label = i0]
  1 [label = i1]
  2 [label = i2]
  3 [label = i3]
  4 [label = i4]
  5 [label = i5]
  6 [label = "matmul"]
  3 -> 6 [color = red]
  2 -> 6 [color = blue]
  8 [label = "matmul"]
  0 -> 8 [color = red]
  2 -> 8 [color = blue]
  14 [label = "matmul"]
  1 -> 14 [color = red]
  5 -> 14 [color = blue]
  15 [label = "add"]
  4 -> 15 [color = red]
  8 -> 15 [color = blue]
  18 [label = "matmul"]
  1 -> 18 [color = red]
  0 -> 18 [color = blue]
  19 [label = o0]
  18 -> 19
  20 [label = o1]
  6 -> 20
  21 [label = o2]
  0 -> 21
  22 [label = o3]
  6 -> 22
  23 [label = o4]
  14 -> 23
  24 [label = o5]
  15 -> 24
}

[44921817] New best score: 2.0588e+00
Graph: digraph {
  0 [label = i0]
  1 [label = i1]
  2 [label = i2]
  3 [label = i3]
  4 [label = i4]
  5 [label = i5]
  8 [label = "matmul"]
  3 -> 8 [color = red]
  2 -> 8 [color = blue]
  12 [label = "matmul"]
  2 -> 12 [color = red]
  0 -> 12 [color = blue]
  13 [label = "add"]
  12 -> 13 [color = red]
  4 -> 13 [color = blue]
  18 [label = "matmul"]
  5 -> 18 [color = red]
  8 -> 18 [color = blue]
  19 [label = o0]
  12 -> 19
  20 [label = o1]
  18 -> 20
  21 [label = o2]
  1 -> 21
  22 [label = o3]
  12 -> 22
  23 [label = o4]
  1 -> 23
  24 [label = o5]
  13 -> 24
}

[70616435] New best score: 2.0385e+00
Graph: digraph {
  0 [label = i0]
  1 [label = i1]
  2 [label = i2]
  3 [label = i3]
  4 [label = i4]
  5 [label = i5]
  9 [label = "transpose"]
  4 -> 9
  11 [label = "matmul"]
  1 -> 11 [color = red]
  2 -> 11 [color = blue]
  12 [label = "matmul"]
  1 -> 12 [color = red]
  0 -> 12 [color = blue]
  13 [label = "matmul"]
  11 -> 13 [color = red]
  12 -> 13 [color = blue]
  16 [label = "transpose"]
  13 -> 16
  17 [label = "transpose"]
  2 -> 17
  18 [label = "add"]
  9 -> 18 [color = red]
  16 -> 18 [color = blue]
  19 [label = o0]
  13 -> 19
  20 [label = o1]
  17 -> 20
  21 [label = o2]
  4 -> 21
  22 [label = o3]
  0 -> 22
  23 [label = o4]
  1 -> 23
  24 [label = o5]
  18 -> 24
}

[159439523] New best score: 1.3752e+00
Graph: digraph {
  0 [label = i0]
  1 [label = i1]
  2 [label = i2]
  3 [label = i3]
  4 [label = i4]
  5 [label = i5]
  7 [label = "minus"]
  2 -> 7 [color = red]
  5 -> 7 [color = blue]
  8 [label = "matmul"]
  1 -> 8 [color = red]
  7 -> 8 [color = blue]
  12 [label = "inv"]
  2 -> 12
  14 [label = "add"]
  4 -> 14 [color = red]
  0 -> 14 [color = blue]
  16 [label = "matmul"]
  12 -> 16 [color = red]
  14 -> 16 [color = blue]
  18 [label = "minus"]
  8 -> 18 [color = red]
  2 -> 18 [color = blue]
  19 [label = o0]
  14 -> 19
  20 [label = o1]
  5 -> 20
  21 [label = o2]
  16 -> 21
  22 [label = o3]
  12 -> 22
  23 [label = o4]
  18 -> 23
  24 [label = o5]
  16 -> 24
}

