Sanity check loss : 1.1180493160255696
Solution : digraph {
  0 [label = i0]
  1 [label = i1]
  2 [label = i2]
  3 [label = i3]
  4 [label = i4]
  5 [label = i5]
  6 [label = "transpose"]
  1 -> 6
  7 [label = "matmul"]
  1 -> 7 [color = red]
  0 -> 7 [color = blue]
  8 [label = "matmul"]
  1 -> 8 [color = red]
  2 -> 8 [color = blue]
  9 [label = "minus"]
  4 -> 9 [color = red]
  7 -> 9 [color = blue]
  10 [label = "matmul"]
  8 -> 10 [color = red]
  6 -> 10 [color = blue]
  11 [label = "add"]
  10 -> 11 [color = red]
  3 -> 11 [color = blue]
  12 [label = "add"]
  11 -> 12 [color = red]
  5 -> 12 [color = blue]
  13 [label = "inv"]
  12 -> 13
  14 [label = "matmul"]
  11 -> 14 [color = red]
  13 -> 14 [color = blue]
  15 [label = "matmul"]
  14 -> 15 [color = red]
  9 -> 15 [color = blue]
  16 [label = "add"]
  7 -> 16 [color = red]
  15 -> 16 [color = blue]
  19 [label = o0]
  7 -> 19
  20 [label = o1]
  11 -> 20
  21 [label = o2]
  9 -> 21
  22 [label = o3]
  12 -> 22
  23 [label = o4]
  14 -> 23
  24 [label = o5]
  16 -> 24
}

[00323] New best score: 2.6929e+04
Graph: digraph {
  0 [label = i0]
  1 [label = i1]
  2 [label = i2]
  3 [label = i3]
  4 [label = i4]
  5 [label = i5]
  6 [label = "transpose"]
  0 -> 6
  7 [label = "matmul"]
  1 -> 7 [color = red]
  4 -> 7 [color = blue]
  9 [label = "add"]
  5 -> 9 [color = red]
  0 -> 9 [color = blue]
  16 [label = "add"]
  4 -> 16 [color = red]
  2 -> 16 [color = blue]
  19 [label = o0]
  7 -> 19
  20 [label = o1]
  16 -> 20
  21 [label = o2]
  6 -> 21
  22 [label = o3]
  9 -> 22
  23 [label = o4]
  5 -> 23
  24 [label = o5]
  0 -> 24
}

[00478] New best score: 2.0742e+00
Graph: digraph {
  0 [label = i0]
  1 [label = i1]
  2 [label = i2]
  3 [label = i3]
  4 [label = i4]
  5 [label = i5]
  11 [label = "transpose"]
  1 -> 11
  12 [label = "transpose"]
  4 -> 12
  14 [label = "add"]
  4 -> 14 [color = red]
  5 -> 14 [color = blue]
  18 [label = "add"]
  1 -> 18 [color = red]
  0 -> 18 [color = blue]
  19 [label = o0]
  12 -> 19
  20 [label = o1]
  18 -> 20
  21 [label = o2]
  11 -> 21
  22 [label = o3]
  4 -> 22
  23 [label = o4]
  14 -> 23
  24 [label = o5]
  4 -> 24
}

[97990] New best score: 2.0742e+00
Graph: digraph {
  0 [label = i0]
  1 [label = i1]
  2 [label = i2]
  3 [label = i3]
  4 [label = i4]
  5 [label = i5]
  6 [label = "minus"]
  5 -> 6 [color = red]
  2 -> 6 [color = blue]
  8 [label = "add"]
  2 -> 8 [color = red]
  3 -> 8 [color = blue]
  12 [label = "add"]
  0 -> 12 [color = red]
  4 -> 12 [color = blue]
  13 [label = "minus"]
  8 -> 13 [color = red]
  6 -> 13 [color = blue]
  16 [label = "minus"]
  12 -> 16 [color = red]
  0 -> 16 [color = blue]
  17 [label = "add"]
  3 -> 17 [color = red]
  6 -> 17 [color = blue]
  19 [label = o0]
  0 -> 19
  20 [label = o1]
  2 -> 20
  21 [label = o2]
  17 -> 21
  22 [label = o3]
  13 -> 22
  23 [label = o4]
  1 -> 23
  24 [label = o5]
  16 -> 24
}

[1633409] New best score: 2.0742e+00
Graph: digraph {
  0 [label = i0]
  1 [label = i1]
  2 [label = i2]
  3 [label = i3]
  4 [label = i4]
  5 [label = i5]
  6 [label = "matmul"]
  0 -> 6 [color = red]
  1 -> 6 [color = blue]
  7 [label = "add"]
  4 -> 7 [color = red]
  6 -> 7 [color = blue]
  11 [label = "minus"]
  3 -> 11 [color = red]
  0 -> 11 [color = blue]
  13 [label = "minus"]
  7 -> 13 [color = red]
  6 -> 13 [color = blue]
  19 [label = o0]
  13 -> 19
  20 [label = o1]
  1 -> 20
  21 [label = o2]
  11 -> 21
  22 [label = o3]
  5 -> 22
  23 [label = o4]
  6 -> 23
  24 [label = o5]
  13 -> 24
}

[2032465] New best score: 2.0742e+00
Graph: digraph {
  0 [label = i0]
  1 [label = i1]
  2 [label = i2]
  3 [label = i3]
  4 [label = i4]
  5 [label = i5]
  6 [label = "minus"]
  1 -> 6 [color = red]
  0 -> 6 [color = blue]
  7 [label = "inv"]
  6 -> 7
  8 [label = "minus"]
  4 -> 8 [color = red]
  2 -> 8 [color = blue]
  9 [label = "matmul"]
  6 -> 9 [color = red]
  7 -> 9 [color = blue]
  10 [label = "transpose"]
  0 -> 10
  11 [label = "add"]
  0 -> 11 [color = red]
  4 -> 11 [color = blue]
  16 [label = "matmul"]
  9 -> 16 [color = red]
  4 -> 16 [color = blue]
  17 [label = "matmul"]
  8 -> 17 [color = red]
  1 -> 17 [color = blue]
  19 [label = o0]
  10 -> 19
  20 [label = o1]
  3 -> 20
  21 [label = o2]
  0 -> 21
  22 [label = o3]
  17 -> 22
  23 [label = o4]
  11 -> 23
  24 [label = o5]
  16 -> 24
}

[2600483] New best score: 2.0729e+00
Graph: digraph {
  0 [label = i0]
  1 [label = i1]
  2 [label = i2]
  3 [label = i3]
  4 [label = i4]
  5 [label = i5]
  6 [label = "minus"]
  3 -> 6 [color = red]
  1 -> 6 [color = blue]
  7 [label = "transpose"]
  2 -> 7
  10 [label = "add"]
  2 -> 10 [color = red]
  6 -> 10 [color = blue]
  11 [label = "matmul"]
  4 -> 11 [color = red]
  10 -> 11 [color = blue]
  15 [label = "transpose"]
  5 -> 15
  19 [label = o0]
  11 -> 19
  20 [label = o1]
  15 -> 20
  21 [label = o2]
  7 -> 21
  22 [label = o3]
  4 -> 22
  23 [label = o4]
  6 -> 23
  24 [label = o5]
  11 -> 24
}

[4663586] New best score: 2.0654e+00
Graph: digraph {
  0 [label = i0]
  1 [label = i1]
  2 [label = i2]
  3 [label = i3]
  4 [label = i4]
  5 [label = i5]
  6 [label = "matmul"]
  2 -> 6 [color = red]
  0 -> 6 [color = blue]
  7 [label = "inv"]
  1 -> 7
  8 [label = "add"]
  4 -> 8 [color = red]
  6 -> 8 [color = blue]
  9 [label = "matmul"]
  5 -> 9 [color = red]
  1 -> 9 [color = blue]
  10 [label = "matmul"]
  7 -> 10 [color = red]
  0 -> 10 [color = blue]
  11 [label = "transpose"]
  10 -> 11
  13 [label = "matmul"]
  7 -> 13 [color = red]
  11 -> 13 [color = blue]
  19 [label = o0]
  10 -> 19
  20 [label = o1]
  2 -> 20
  21 [label = o2]
  13 -> 21
  22 [label = o3]
  9 -> 22
  23 [label = o4]
  1 -> 23
  24 [label = o5]
  8 -> 24
}

[8558953] New best score: 2.0390e+00
Graph: digraph {
  0 [label = i0]
  1 [label = i1]
  2 [label = i2]
  3 [label = i3]
  4 [label = i4]
  5 [label = i5]
  6 [label = "matmul"]
  1 -> 6 [color = red]
  2 -> 6 [color = blue]
  8 [label = "transpose"]
  2 -> 8
  10 [label = "minus"]
  2 -> 10 [color = red]
  5 -> 10 [color = blue]
  11 [label = "matmul"]
  6 -> 11 [color = red]
  0 -> 11 [color = blue]
  14 [label = "add"]
  11 -> 14 [color = red]
  4 -> 14 [color = blue]
  15 [label = "add"]
  11 -> 15 [color = red]
  0 -> 15 [color = blue]
  16 [label = "transpose"]
  15 -> 16
  18 [label = "matmul"]
  3 -> 18 [color = red]
  10 -> 18 [color = blue]
  19 [label = o0]
  14 -> 19
  20 [label = o1]
  8 -> 20
  21 [label = o2]
  18 -> 21
  22 [label = o3]
  16 -> 22
  23 [label = o4]
  1 -> 23
  24 [label = o5]
  14 -> 24
}

[52355227] New best score: 1.3746e+00
Graph: digraph {
  0 [label = i0]
  1 [label = i1]
  2 [label = i2]
  3 [label = i3]
  4 [label = i4]
  5 [label = i5]
  6 [label = "inv"]
  1 -> 6
  7 [label = "add"]
  5 -> 7 [color = red]
  6 -> 7 [color = blue]
  8 [label = "transpose"]
  0 -> 8
  10 [label = "add"]
  4 -> 10 [color = red]
  0 -> 10 [color = blue]
  15 [label = "matmul"]
  2 -> 15 [color = red]
  10 -> 15 [color = blue]
  16 [label = "inv"]
  7 -> 16
  19 [label = o0]
  0 -> 19
  20 [label = o1]
  1 -> 20
  21 [label = o2]
  7 -> 21
  22 [label = o3]
  8 -> 22
  23 [label = o4]
  16 -> 23
  24 [label = o5]
  15 -> 24
}

