Sanity check loss : 1.1180493160255696
Solution : digraph {
  0 [label = i0]
  1 [label = i1]
  2 [label = i2]
  3 [label = i3]
  4 [label = i4]
  5 [label = i5]
  6 [label = "transpose"]
  1 -> 6
  7 [label = "matmul"]
  1 -> 7 [color = red]
  0 -> 7 [color = blue]
  8 [label = "matmul"]
  1 -> 8 [color = red]
  2 -> 8 [color = blue]
  9 [label = "minus"]
  4 -> 9 [color = red]
  7 -> 9 [color = blue]
  10 [label = "matmul"]
  8 -> 10 [color = red]
  6 -> 10 [color = blue]
  11 [label = "add"]
  10 -> 11 [color = red]
  3 -> 11 [color = blue]
  12 [label = "add"]
  11 -> 12 [color = red]
  5 -> 12 [color = blue]
  13 [label = "inv"]
  12 -> 13
  14 [label = "matmul"]
  11 -> 14 [color = red]
  13 -> 14 [color = blue]
  15 [label = "matmul"]
  14 -> 15 [color = red]
  9 -> 15 [color = blue]
  16 [label = "add"]
  7 -> 16 [color = red]
  15 -> 16 [color = blue]
  19 [label = o0]
  7 -> 19
  20 [label = o1]
  11 -> 20
  21 [label = o2]
  9 -> 21
  22 [label = o3]
  12 -> 22
  23 [label = o4]
  14 -> 23
  24 [label = o5]
  16 -> 24
}

[00024] New best score: 2.6929e+04
Graph: digraph {
  0 [label = i0]
  1 [label = i1]
  2 [label = i2]
  3 [label = i3]
  4 [label = i4]
  5 [label = i5]
  7 [label = "inv"]
  5 -> 7
  8 [label = "transpose"]
  1 -> 8
  11 [label = "matmul"]
  4 -> 11 [color = red]
  2 -> 11 [color = blue]
  13 [label = "matmul"]
  0 -> 13 [color = red]
  3 -> 13 [color = blue]
  15 [label = "matmul"]
  7 -> 15 [color = red]
  13 -> 15 [color = blue]
  19 [label = o0]
  15 -> 19
  20 [label = o1]
  8 -> 20
  21 [label = o2]
  13 -> 21
  22 [label = o3]
  11 -> 22
  23 [label = o4]
  7 -> 23
  24 [label = o5]
  15 -> 24
}

[00100] New best score: 2.0742e+00
Graph: digraph {
  0 [label = i0]
  1 [label = i1]
  2 [label = i2]
  3 [label = i3]
  4 [label = i4]
  5 [label = i5]
  6 [label = "inv"]
  2 -> 6
  7 [label = "transpose"]
  4 -> 7
  8 [label = "minus"]
  3 -> 8 [color = red]
  6 -> 8 [color = blue]
  14 [label = "minus"]
  4 -> 14 [color = red]
  0 -> 14 [color = blue]
  16 [label = "inv"]
  8 -> 16
  19 [label = o0]
  0 -> 19
  20 [label = o1]
  1 -> 20
  21 [label = o2]
  16 -> 21
  22 [label = o3]
  2 -> 22
  23 [label = o4]
  14 -> 23
  24 [label = o5]
  7 -> 24
}

[75976] New best score: 2.0742e+00
Graph: digraph {
  0 [label = i0]
  1 [label = i1]
  2 [label = i2]
  3 [label = i3]
  4 [label = i4]
  5 [label = i5]
  7 [label = "transpose"]
  0 -> 7
  8 [label = "add"]
  7 -> 8 [color = red]
  4 -> 8 [color = blue]
  9 [label = "minus"]
  4 -> 9 [color = red]
  7 -> 9 [color = blue]
  11 [label = "minus"]
  3 -> 11 [color = red]
  5 -> 11 [color = blue]
  15 [label = "minus"]
  8 -> 15 [color = red]
  7 -> 15 [color = blue]
  19 [label = o0]
  8 -> 19
  20 [label = o1]
  3 -> 20
  21 [label = o2]
  4 -> 21
  22 [label = o3]
  11 -> 22
  23 [label = o4]
  9 -> 23
  24 [label = o5]
  15 -> 24
}

[844787] New best score: 2.0742e+00
Graph: digraph {
  0 [label = i0]
  1 [label = i1]
  2 [label = i2]
  3 [label = i3]
  4 [label = i4]
  5 [label = i5]
  6 [label = "matmul"]
  0 -> 6 [color = red]
  4 -> 6 [color = blue]
  8 [label = "add"]
  6 -> 8 [color = red]
  4 -> 8 [color = blue]
  12 [label = "minus"]
  8 -> 12 [color = red]
  6 -> 12 [color = blue]
  19 [label = o0]
  4 -> 19
  20 [label = o1]
  3 -> 20
  21 [label = o2]
  2 -> 21
  22 [label = o3]
  5 -> 22
  23 [label = o4]
  5 -> 23
  24 [label = o5]
  12 -> 24
}

[2802045] New best score: 2.0718e+00
Graph: digraph {
  0 [label = i0]
  1 [label = i1]
  2 [label = i2]
  3 [label = i3]
  4 [label = i4]
  5 [label = i5]
  8 [label = "add"]
  2 -> 8 [color = red]
  5 -> 8 [color = blue]
  9 [label = "transpose"]
  8 -> 9
  10 [label = "inv"]
  9 -> 10
  14 [label = "matmul"]
  4 -> 14 [color = red]
  10 -> 14 [color = blue]
  18 [label = "transpose"]
  10 -> 18
  19 [label = o0]
  0 -> 19
  20 [label = o1]
  9 -> 20
  21 [label = o2]
  1 -> 21
  22 [label = o3]
  18 -> 22
  23 [label = o4]
  5 -> 23
  24 [label = o5]
  14 -> 24
}

[4035906] New best score: 2.0654e+00
Graph: digraph {
  0 [label = i0]
  1 [label = i1]
  2 [label = i2]
  3 [label = i3]
  4 [label = i4]
  5 [label = i5]
  6 [label = "transpose"]
  2 -> 6
  7 [label = "matmul"]
  2 -> 7 [color = red]
  0 -> 7 [color = blue]
  9 [label = "transpose"]
  2 -> 9
  12 [label = "add"]
  7 -> 12 [color = red]
  4 -> 12 [color = blue]
  15 [label = "transpose"]
  9 -> 15
  19 [label = o0]
  7 -> 19
  20 [label = o1]
  15 -> 20
  21 [label = o2]
  1 -> 21
  22 [label = o3]
  6 -> 22
  23 [label = o4]
  1 -> 23
  24 [label = o5]
  12 -> 24
}

[52756000] New best score: 2.0647e+00
Graph: digraph {
  0 [label = i0]
  1 [label = i1]
  2 [label = i2]
  3 [label = i3]
  4 [label = i4]
  5 [label = i5]
  6 [label = "transpose"]
  0 -> 6
  7 [label = "matmul"]
  0 -> 7 [color = red]
  2 -> 7 [color = blue]
  10 [label = "add"]
  3 -> 10 [color = red]
  5 -> 10 [color = blue]
  11 [label = "transpose"]
  10 -> 11
  12 [label = "add"]
  4 -> 12 [color = red]
  7 -> 12 [color = blue]
  13 [label = "transpose"]
  11 -> 13
  15 [label = "inv"]
  13 -> 15
  16 [label = "add"]
  7 -> 16 [color = red]
  11 -> 16 [color = blue]
  19 [label = o0]
  6 -> 19
  20 [label = o1]
  2 -> 20
  21 [label = o2]
  13 -> 21
  22 [label = o3]
  16 -> 22
  23 [label = o4]
  15 -> 23
  24 [label = o5]
  12 -> 24
}

[126878928] New best score: 2.0390e+00
Graph: digraph {
  0 [label = i0]
  1 [label = i1]
  2 [label = i2]
  3 [label = i3]
  4 [label = i4]
  5 [label = i5]
  6 [label = "matmul"]
  3 -> 6 [color = red]
  4 -> 6 [color = blue]
  7 [label = "transpose"]
  2 -> 7
  8 [label = "transpose"]
  7 -> 8
  10 [label = "add"]
  6 -> 10 [color = red]
  0 -> 10 [color = blue]
  11 [label = "matmul"]
  2 -> 11 [color = red]
  0 -> 11 [color = blue]
  12 [label = "add"]
  4 -> 12 [color = red]
  11 -> 12 [color = blue]
  14 [label = "add"]
  3 -> 14 [color = red]
  7 -> 14 [color = blue]
  17 [label = "transpose"]
  8 -> 17
  19 [label = o0]
  12 -> 19
  20 [label = o1]
  17 -> 20
  21 [label = o2]
  14 -> 21
  22 [label = o3]
  10 -> 22
  23 [label = o4]
  1 -> 23
  24 [label = o5]
  12 -> 24
}

