Sanity check loss : 1.1180493160255696
Solution : digraph {
  0 [label = i0]
  1 [label = i1]
  2 [label = i2]
  3 [label = i3]
  4 [label = i4]
  5 [label = i5]
  6 [label = "transpose"]
  1 -> 6
  7 [label = "matmul"]
  1 -> 7 [color = red]
  0 -> 7 [color = blue]
  8 [label = "matmul"]
  1 -> 8 [color = red]
  2 -> 8 [color = blue]
  9 [label = "minus"]
  4 -> 9 [color = red]
  7 -> 9 [color = blue]
  10 [label = "matmul"]
  8 -> 10 [color = red]
  6 -> 10 [color = blue]
  11 [label = "add"]
  10 -> 11 [color = red]
  3 -> 11 [color = blue]
  12 [label = "add"]
  11 -> 12 [color = red]
  5 -> 12 [color = blue]
  13 [label = "inv"]
  12 -> 13
  14 [label = "matmul"]
  11 -> 14 [color = red]
  13 -> 14 [color = blue]
  15 [label = "matmul"]
  14 -> 15 [color = red]
  9 -> 15 [color = blue]
  16 [label = "add"]
  7 -> 16 [color = red]
  15 -> 16 [color = blue]
  19 [label = o0]
  7 -> 19
  20 [label = o1]
  11 -> 20
  21 [label = o2]
  9 -> 21
  22 [label = o3]
  12 -> 22
  23 [label = o4]
  14 -> 23
  24 [label = o5]
  16 -> 24
}

[00069] New best score: 2.0742e+00
Graph: digraph {
  0 [label = i0]
  1 [label = i1]
  2 [label = i2]
  3 [label = i3]
  4 [label = i4]
  5 [label = i5]
  6 [label = "matmul"]
  4 -> 6 [color = red]
  5 -> 6 [color = blue]
  7 [label = "matmul"]
  6 -> 7 [color = red]
  2 -> 7 [color = blue]
  8 [label = "matmul"]
  6 -> 8 [color = red]
  1 -> 8 [color = blue]
  9 [label = "transpose"]
  1 -> 9
  10 [label = "add"]
  8 -> 10 [color = red]
  5 -> 10 [color = blue]
  15 [label = "inv"]
  9 -> 15
  19 [label = o0]
  7 -> 19
  20 [label = o1]
  10 -> 20
  21 [label = o2]
  0 -> 21
  22 [label = o3]
  5 -> 22
  23 [label = o4]
  15 -> 23
  24 [label = o5]
  4 -> 24
}

[91354] New best score: 2.0742e+00
Graph: digraph {
  0 [label = i0]
  1 [label = i1]
  2 [label = i2]
  3 [label = i3]
  4 [label = i4]
  5 [label = i5]
  6 [label = "matmul"]
  2 -> 6 [color = red]
  5 -> 6 [color = blue]
  7 [label = "minus"]
  5 -> 7 [color = red]
  3 -> 7 [color = blue]
  8 [label = "minus"]
  0 -> 8 [color = red]
  6 -> 8 [color = blue]
  9 [label = "add"]
  3 -> 9 [color = red]
  7 -> 9 [color = blue]
  10 [label = "add"]
  4 -> 10 [color = red]
  0 -> 10 [color = blue]
  13 [label = "transpose"]
  10 -> 13
  15 [label = "transpose"]
  9 -> 15
  16 [label = "matmul"]
  9 -> 16 [color = red]
  4 -> 16 [color = blue]
  18 [label = "minus"]
  13 -> 18 [color = red]
  0 -> 18 [color = blue]
  19 [label = o0]
  4 -> 19
  20 [label = o1]
  15 -> 20
  21 [label = o2]
  5 -> 21
  22 [label = o3]
  16 -> 22
  23 [label = o4]
  8 -> 23
  24 [label = o5]
  18 -> 24
}

[2646144] New best score: 2.0654e+00
Graph: digraph {
  0 [label = i0]
  1 [label = i1]
  2 [label = i2]
  3 [label = i3]
  4 [label = i4]
  5 [label = i5]
  7 [label = "transpose"]
  4 -> 7
  9 [label = "matmul"]
  2 -> 9 [color = red]
  0 -> 9 [color = blue]
  14 [label = "add"]
  7 -> 14 [color = red]
  9 -> 14 [color = blue]
  15 [label = "transpose"]
  7 -> 15
  19 [label = o0]
  15 -> 19
  20 [label = o1]
  2 -> 20
  21 [label = o2]
  9 -> 21
  22 [label = o3]
  2 -> 22
  23 [label = o4]
  1 -> 23
  24 [label = o5]
  14 -> 24
}

[56069036] New best score: 2.0641e+00
Graph: digraph {
  0 [label = i0]
  1 [label = i1]
  2 [label = i2]
  3 [label = i3]
  4 [label = i4]
  5 [label = i5]
  8 [label = "matmul"]
  2 -> 8 [color = red]
  0 -> 8 [color = blue]
  9 [label = "add"]
  8 -> 9 [color = red]
  4 -> 9 [color = blue]
  12 [label = "add"]
  2 -> 12 [color = red]
  3 -> 12 [color = blue]
  13 [label = "add"]
  2 -> 13 [color = red]
  5 -> 13 [color = blue]
  14 [label = "add"]
  5 -> 14 [color = red]
  13 -> 14 [color = blue]
  18 [label = "inv"]
  14 -> 18
  19 [label = o0]
  8 -> 19
  20 [label = o1]
  2 -> 20
  21 [label = o2]
  12 -> 21
  22 [label = o3]
  3 -> 22
  23 [label = o4]
  18 -> 23
  24 [label = o5]
  9 -> 24
}

[62771540] New best score: 2.0390e+00
Graph: digraph {
  0 [label = i0]
  1 [label = i1]
  2 [label = i2]
  3 [label = i3]
  4 [label = i4]
  5 [label = i5]
  6 [label = "matmul"]
  2 -> 6 [color = red]
  0 -> 6 [color = blue]
  9 [label = "transpose"]
  2 -> 9
  13 [label = "add"]
  4 -> 13 [color = red]
  6 -> 13 [color = blue]
  19 [label = o0]
  0 -> 19
  20 [label = o1]
  9 -> 20
  21 [label = o2]
  5 -> 21
  22 [label = o3]
  2 -> 22
  23 [label = o4]
  1 -> 23
  24 [label = o5]
  13 -> 24
}

[276063826] New best score: 1.4956e+00
Graph: digraph {
  0 [label = i0]
  1 [label = i1]
  2 [label = i2]
  3 [label = i3]
  4 [label = i4]
  5 [label = i5]
  7 [label = "matmul"]
  1 -> 7 [color = red]
  4 -> 7 [color = blue]
  11 [label = "inv"]
  5 -> 11
  12 [label = "transpose"]
  7 -> 12
  13 [label = "add"]
  5 -> 13 [color = red]
  11 -> 13 [color = blue]
  15 [label = "add"]
  12 -> 15 [color = red]
  0 -> 15 [color = blue]
  16 [label = "inv"]
  13 -> 16
  17 [label = "transpose"]
  15 -> 17
  18 [label = "matmul"]
  16 -> 18 [color = red]
  15 -> 18 [color = blue]
  19 [label = o0]
  0 -> 19
  20 [label = o1]
  11 -> 20
  21 [label = o2]
  15 -> 21
  22 [label = o3]
  17 -> 22
  23 [label = o4]
  12 -> 23
  24 [label = o5]
  18 -> 24
}

[443158032] New best score: 1.4057e+00
Graph: digraph {
  0 [label = i0]
  1 [label = i1]
  2 [label = i2]
  3 [label = i3]
  4 [label = i4]
  5 [label = i5]
  6 [label = "add"]
  0 -> 6 [color = red]
  4 -> 6 [color = blue]
  7 [label = "matmul"]
  2 -> 7 [color = red]
  6 -> 7 [color = blue]
  8 [label = "minus"]
  6 -> 8 [color = red]
  7 -> 8 [color = blue]
  10 [label = "add"]
  5 -> 10 [color = red]
  1 -> 10 [color = blue]
  13 [label = "transpose"]
  3 -> 13
  15 [label = "inv"]
  10 -> 15
  17 [label = "minus"]
  2 -> 17 [color = red]
  2 -> 17 [color = blue]
  19 [label = o0]
  0 -> 19
  20 [label = o1]
  15 -> 20
  21 [label = o2]
  13 -> 21
  22 [label = o3]
  0 -> 22
  23 [label = o4]
  17 -> 23
  24 [label = o5]
  8 -> 24
}

