Sanity check loss : 1.1180493160255696
Solution : digraph {
  0 [label = i0]
  1 [label = i1]
  2 [label = i2]
  3 [label = i3]
  4 [label = i4]
  5 [label = i5]
  6 [label = "transpose"]
  1 -> 6
  7 [label = "matmul"]
  1 -> 7 [color = red]
  0 -> 7 [color = blue]
  8 [label = "matmul"]
  1 -> 8 [color = red]
  2 -> 8 [color = blue]
  9 [label = "minus"]
  4 -> 9 [color = red]
  7 -> 9 [color = blue]
  10 [label = "matmul"]
  8 -> 10 [color = red]
  6 -> 10 [color = blue]
  11 [label = "add"]
  10 -> 11 [color = red]
  3 -> 11 [color = blue]
  12 [label = "add"]
  11 -> 12 [color = red]
  5 -> 12 [color = blue]
  13 [label = "inv"]
  12 -> 13
  14 [label = "matmul"]
  11 -> 14 [color = red]
  13 -> 14 [color = blue]
  15 [label = "matmul"]
  14 -> 15 [color = red]
  9 -> 15 [color = blue]
  16 [label = "add"]
  7 -> 16 [color = red]
  15 -> 16 [color = blue]
  19 [label = o0]
  7 -> 19
  20 [label = o1]
  11 -> 20
  21 [label = o2]
  9 -> 21
  22 [label = o3]
  12 -> 22
  23 [label = o4]
  14 -> 23
  24 [label = o5]
  16 -> 24
}

[00057] New best score: 2.6929e+04
Graph: digraph {
  0 [label = i0]
  1 [label = i1]
  2 [label = i2]
  3 [label = i3]
  4 [label = i4]
  5 [label = i5]
  6 [label = "add"]
  1 -> 6 [color = red]
  1 -> 6 [color = blue]
  14 [label = "add"]
  0 -> 14 [color = red]
  6 -> 14 [color = blue]
  16 [label = "transpose"]
  1 -> 16
  19 [label = o0]
  4 -> 19
  20 [label = o1]
  16 -> 20
  21 [label = o2]
  1 -> 21
  22 [label = o3]
  14 -> 22
  23 [label = o4]
  4 -> 23
  24 [label = o5]
  0 -> 24
}

[00322] New best score: 2.0742e+00
Graph: digraph {
  0 [label = i0]
  1 [label = i1]
  2 [label = i2]
  3 [label = i3]
  4 [label = i4]
  5 [label = i5]
  6 [label = "inv"]
  1 -> 6
  7 [label = "matmul"]
  6 -> 7 [color = red]
  0 -> 7 [color = blue]
  10 [label = "matmul"]
  1 -> 10 [color = red]
  7 -> 10 [color = blue]
  15 [label = "transpose"]
  3 -> 15
  18 [label = "inv"]
  1 -> 18
  19 [label = o0]
  4 -> 19
  20 [label = o1]
  18 -> 20
  21 [label = o2]
  15 -> 21
  22 [label = o3]
  10 -> 22
  23 [label = o4]
  0 -> 23
  24 [label = o5]
  4 -> 24
}

[244354] New best score: 2.0742e+00
Graph: digraph {
  0 [label = i0]
  1 [label = i1]
  2 [label = i2]
  3 [label = i3]
  4 [label = i4]
  5 [label = i5]
  6 [label = "inv"]
  2 -> 6
  10 [label = "add"]
  5 -> 10 [color = red]
  6 -> 10 [color = blue]
  11 [label = "add"]
  0 -> 11 [color = red]
  4 -> 11 [color = blue]
  12 [label = "matmul"]
  6 -> 12 [color = red]
  2 -> 12 [color = blue]
  17 [label = "matmul"]
  12 -> 17 [color = red]
  4 -> 17 [color = blue]
  18 [label = "inv"]
  10 -> 18
  19 [label = o0]
  4 -> 19
  20 [label = o1]
  10 -> 20
  21 [label = o2]
  18 -> 21
  22 [label = o3]
  12 -> 22
  23 [label = o4]
  11 -> 23
  24 [label = o5]
  17 -> 24
}

[5122366] New best score: 2.0735e+00
Graph: digraph {
  0 [label = i0]
  1 [label = i1]
  2 [label = i2]
  3 [label = i3]
  4 [label = i4]
  5 [label = i5]
  6 [label = "matmul"]
  5 -> 6 [color = red]
  2 -> 6 [color = blue]
  8 [label = "matmul"]
  6 -> 8 [color = red]
  3 -> 8 [color = blue]
  9 [label = "matmul"]
  8 -> 9 [color = red]
  0 -> 9 [color = blue]
  14 [label = "add"]
  4 -> 14 [color = red]
  9 -> 14 [color = blue]
  18 [label = "add"]
  2 -> 18 [color = red]
  1 -> 18 [color = blue]
  19 [label = o0]
  0 -> 19
  20 [label = o1]
  8 -> 20
  21 [label = o2]
  3 -> 21
  22 [label = o3]
  18 -> 22
  23 [label = o4]
  3 -> 23
  24 [label = o5]
  14 -> 24
}

[6890721] New best score: 2.0727e+00
Graph: digraph {
  0 [label = i0]
  1 [label = i1]
  2 [label = i2]
  3 [label = i3]
  4 [label = i4]
  5 [label = i5]
  6 [label = "add"]
  2 -> 6 [color = red]
  2 -> 6 [color = blue]
  12 [label = "inv"]
  1 -> 12
  13 [label = "minus"]
  1 -> 13 [color = red]
  2 -> 13 [color = blue]
  16 [label = "matmul"]
  4 -> 16 [color = red]
  13 -> 16 [color = blue]
  17 [label = "transpose"]
  6 -> 17
  19 [label = o0]
  4 -> 19
  20 [label = o1]
  1 -> 20
  21 [label = o2]
  17 -> 21
  22 [label = o3]
  1 -> 22
  23 [label = o4]
  12 -> 23
  24 [label = o5]
  16 -> 24
}

[7055520] New best score: 2.0654e+00
Graph: digraph {
  0 [label = i0]
  1 [label = i1]
  2 [label = i2]
  3 [label = i3]
  4 [label = i4]
  5 [label = i5]
  7 [label = "minus"]
  0 -> 7 [color = red]
  4 -> 7 [color = blue]
  8 [label = "matmul"]
  2 -> 8 [color = red]
  0 -> 8 [color = blue]
  11 [label = "add"]
  4 -> 11 [color = red]
  8 -> 11 [color = blue]
  16 [label = "add"]
  7 -> 16 [color = red]
  0 -> 16 [color = blue]
  19 [label = o0]
  16 -> 19
  20 [label = o1]
  2 -> 20
  21 [label = o2]
  11 -> 21
  22 [label = o3]
  3 -> 22
  23 [label = o4]
  1 -> 23
  24 [label = o5]
  11 -> 24
}

[47263371] New best score: 2.0605e+00
Graph: digraph {
  0 [label = i0]
  1 [label = i1]
  2 [label = i2]
  3 [label = i3]
  4 [label = i4]
  5 [label = i5]
  6 [label = "matmul"]
  2 -> 6 [color = red]
  0 -> 6 [color = blue]
  7 [label = "add"]
  4 -> 7 [color = red]
  6 -> 7 [color = blue]
  10 [label = "transpose"]
  3 -> 10
  11 [label = "add"]
  4 -> 11 [color = red]
  0 -> 11 [color = blue]
  14 [label = "add"]
  5 -> 14 [color = red]
  2 -> 14 [color = blue]
  16 [label = "minus"]
  1 -> 16 [color = red]
  10 -> 16 [color = blue]
  19 [label = o0]
  11 -> 19
  20 [label = o1]
  16 -> 20
  21 [label = o2]
  11 -> 21
  22 [label = o3]
  14 -> 22
  23 [label = o4]
  14 -> 23
  24 [label = o5]
  7 -> 24
}

[197564277] New best score: 2.0390e+00
Graph: digraph {
  0 [label = i0]
  1 [label = i1]
  2 [label = i2]
  3 [label = i3]
  4 [label = i4]
  5 [label = i5]
  6 [label = "transpose"]
  2 -> 6
  7 [label = "matmul"]
  0 -> 7 [color = red]
  6 -> 7 [color = blue]
  8 [label = "add"]
  7 -> 8 [color = red]
  4 -> 8 [color = blue]
  10 [label = "add"]
  8 -> 10 [color = red]
  6 -> 10 [color = blue]
  18 [label = "inv"]
  1 -> 18
  19 [label = o0]
  4 -> 19
  20 [label = o1]
  6 -> 20
  21 [label = o2]
  10 -> 21
  22 [label = o3]
  18 -> 22
  23 [label = o4]
  1 -> 23
  24 [label = o5]
  8 -> 24
}

[336222564] New best score: 1.3746e+00
Graph: digraph {
  0 [label = i0]
  1 [label = i1]
  2 [label = i2]
  3 [label = i3]
  4 [label = i4]
  5 [label = i5]
  6 [label = "add"]
  1 -> 6 [color = red]
  5 -> 6 [color = blue]
  7 [label = "add"]
  4 -> 7 [color = red]
  0 -> 7 [color = blue]
  10 [label = "matmul"]
  2 -> 10 [color = red]
  7 -> 10 [color = blue]
  12 [label = "transpose"]
  10 -> 12
  15 [label = "inv"]
  5 -> 15
  17 [label = "inv"]
  6 -> 17
  19 [label = o0]
  12 -> 19
  20 [label = o1]
  15 -> 20
  21 [label = o2]
  5 -> 21
  22 [label = o3]
  3 -> 22
  23 [label = o4]
  17 -> 23
  24 [label = o5]
  10 -> 24
}

