Sanity check loss : 1.1180493160255696
Solution : digraph {
  0 [label = i0]
  1 [label = i1]
  2 [label = i2]
  3 [label = i3]
  4 [label = i4]
  5 [label = i5]
  6 [label = "transpose"]
  1 -> 6
  7 [label = "matmul"]
  1 -> 7 [color = red]
  0 -> 7 [color = blue]
  8 [label = "matmul"]
  1 -> 8 [color = red]
  2 -> 8 [color = blue]
  9 [label = "minus"]
  4 -> 9 [color = red]
  7 -> 9 [color = blue]
  10 [label = "matmul"]
  8 -> 10 [color = red]
  6 -> 10 [color = blue]
  11 [label = "add"]
  10 -> 11 [color = red]
  3 -> 11 [color = blue]
  12 [label = "add"]
  11 -> 12 [color = red]
  5 -> 12 [color = blue]
  13 [label = "inv"]
  12 -> 13
  14 [label = "matmul"]
  11 -> 14 [color = red]
  13 -> 14 [color = blue]
  15 [label = "matmul"]
  14 -> 15 [color = red]
  9 -> 15 [color = blue]
  16 [label = "add"]
  7 -> 16 [color = red]
  15 -> 16 [color = blue]
  19 [label = o0]
  7 -> 19
  20 [label = o1]
  11 -> 20
  21 [label = o2]
  9 -> 21
  22 [label = o3]
  12 -> 22
  23 [label = o4]
  14 -> 23
  24 [label = o5]
  16 -> 24
}

[00186] New best score: 2.0742e+00
Graph: digraph {
  0 [label = i0]
  1 [label = i1]
  2 [label = i2]
  3 [label = i3]
  4 [label = i4]
  5 [label = i5]
  6 [label = "matmul"]
  4 -> 6 [color = red]
  3 -> 6 [color = blue]
  10 [label = "transpose"]
  5 -> 10
  11 [label = "add"]
  1 -> 11 [color = red]
  1 -> 11 [color = blue]
  14 [label = "minus"]
  6 -> 14 [color = red]
  4 -> 14 [color = blue]
  17 [label = "add"]
  14 -> 17 [color = red]
  0 -> 17 [color = blue]
  18 [label = "minus"]
  2 -> 18 [color = red]
  3 -> 18 [color = blue]
  19 [label = o0]
  4 -> 19
  20 [label = o1]
  11 -> 20
  21 [label = o2]
  17 -> 21
  22 [label = o3]
  18 -> 22
  23 [label = o4]
  10 -> 23
  24 [label = o5]
  4 -> 24
}

[13378] New best score: 2.0742e+00
Graph: digraph {
  0 [label = i0]
  1 [label = i1]
  2 [label = i2]
  3 [label = i3]
  4 [label = i4]
  5 [label = i5]
  6 [label = "add"]
  0 -> 6 [color = red]
  4 -> 6 [color = blue]
  7 [label = "matmul"]
  4 -> 7 [color = red]
  5 -> 7 [color = blue]
  8 [label = "matmul"]
  5 -> 8 [color = red]
  4 -> 8 [color = blue]
  9 [label = "transpose"]
  1 -> 9
  10 [label = "transpose"]
  6 -> 10
  14 [label = "minus"]
  6 -> 14 [color = red]
  0 -> 14 [color = blue]
  19 [label = o0]
  8 -> 19
  20 [label = o1]
  9 -> 20
  21 [label = o2]
  2 -> 21
  22 [label = o3]
  10 -> 22
  23 [label = o4]
  7 -> 23
  24 [label = o5]
  14 -> 24
}

[29809] New best score: 2.0742e+00
Graph: digraph {
  0 [label = i0]
  1 [label = i1]
  2 [label = i2]
  3 [label = i3]
  4 [label = i4]
  5 [label = i5]
  6 [label = "matmul"]
  4 -> 6 [color = red]
  5 -> 6 [color = blue]
  8 [label = "matmul"]
  6 -> 8 [color = red]
  6 -> 8 [color = blue]
  9 [label = "minus"]
  6 -> 9 [color = red]
  3 -> 9 [color = blue]
  10 [label = "add"]
  8 -> 10 [color = red]
  6 -> 10 [color = blue]
  11 [label = "matmul"]
  0 -> 11 [color = red]
  3 -> 11 [color = blue]
  14 [label = "minus"]
  10 -> 14 [color = red]
  8 -> 14 [color = blue]
  16 [label = "minus"]
  4 -> 16 [color = red]
  9 -> 16 [color = blue]
  19 [label = o0]
  11 -> 19
  20 [label = o1]
  5 -> 20
  21 [label = o2]
  1 -> 21
  22 [label = o3]
  14 -> 22
  23 [label = o4]
  16 -> 23
  24 [label = o5]
  14 -> 24
}

[3434685] New best score: 2.0390e+00
Graph: digraph {
  0 [label = i0]
  1 [label = i1]
  2 [label = i2]
  3 [label = i3]
  4 [label = i4]
  5 [label = i5]
  6 [label = "matmul"]
  2 -> 6 [color = red]
  0 -> 6 [color = blue]
  14 [label = "transpose"]
  2 -> 14
  17 [label = "add"]
  6 -> 17 [color = red]
  4 -> 17 [color = blue]
  19 [label = o0]
  17 -> 19
  20 [label = o1]
  14 -> 20
  21 [label = o2]
  1 -> 21
  22 [label = o3]
  0 -> 22
  23 [label = o4]
  1 -> 23
  24 [label = o5]
  17 -> 24
}

[347267202] New best score: 1.3794e+00
Graph: digraph {
  0 [label = i0]
  1 [label = i1]
  2 [label = i2]
  3 [label = i3]
  4 [label = i4]
  5 [label = i5]
  7 [label = "inv"]
  1 -> 7
  9 [label = "add"]
  4 -> 9 [color = red]
  0 -> 9 [color = blue]
  10 [label = "add"]
  5 -> 10 [color = red]
  7 -> 10 [color = blue]
  11 [label = "inv"]
  10 -> 11
  12 [label = "minus"]
  4 -> 12 [color = red]
  9 -> 12 [color = blue]
  13 [label = "matmul"]
  2 -> 13 [color = red]
  3 -> 13 [color = blue]
  14 [label = "matmul"]
  11 -> 14 [color = red]
  9 -> 14 [color = blue]
  19 [label = o0]
  0 -> 19
  20 [label = o1]
  1 -> 20
  21 [label = o2]
  12 -> 21
  22 [label = o3]
  13 -> 22
  23 [label = o4]
  3 -> 23
  24 [label = o5]
  14 -> 24
}

