Sanity check loss : 1.1180493160255696
Solution : digraph {
  0 [label = i0]
  1 [label = i1]
  2 [label = i2]
  3 [label = i3]
  4 [label = i4]
  5 [label = i5]
  6 [label = "transpose"]
  1 -> 6
  7 [label = "matmul"]
  1 -> 7 [color = red]
  0 -> 7 [color = blue]
  8 [label = "matmul"]
  1 -> 8 [color = red]
  2 -> 8 [color = blue]
  9 [label = "minus"]
  4 -> 9 [color = red]
  7 -> 9 [color = blue]
  10 [label = "matmul"]
  8 -> 10 [color = red]
  6 -> 10 [color = blue]
  11 [label = "add"]
  10 -> 11 [color = red]
  3 -> 11 [color = blue]
  12 [label = "add"]
  11 -> 12 [color = red]
  5 -> 12 [color = blue]
  13 [label = "inv"]
  12 -> 13
  14 [label = "matmul"]
  11 -> 14 [color = red]
  13 -> 14 [color = blue]
  15 [label = "matmul"]
  14 -> 15 [color = red]
  9 -> 15 [color = blue]
  16 [label = "add"]
  7 -> 16 [color = red]
  15 -> 16 [color = blue]
  19 [label = o0]
  7 -> 19
  20 [label = o1]
  11 -> 20
  21 [label = o2]
  9 -> 21
  22 [label = o3]
  12 -> 22
  23 [label = o4]
  14 -> 23
  24 [label = o5]
  16 -> 24
}

[00025] New best score: 2.6929e+04
Graph: digraph {
  0 [label = i0]
  1 [label = i1]
  2 [label = i2]
  3 [label = i3]
  4 [label = i4]
  5 [label = i5]
  7 [label = "add"]
  5 -> 7 [color = red]
  0 -> 7 [color = blue]
  9 [label = "transpose"]
  2 -> 9
  10 [label = "minus"]
  9 -> 10 [color = red]
  7 -> 10 [color = blue]
  12 [label = "transpose"]
  0 -> 12
  19 [label = o0]
  12 -> 19
  20 [label = o1]
  9 -> 20
  21 [label = o2]
  9 -> 21
  22 [label = o3]
  5 -> 22
  23 [label = o4]
  10 -> 23
  24 [label = o5]
  12 -> 24
}

[00058] New best score: 2.0742e+00
Graph: digraph {
  0 [label = i0]
  1 [label = i1]
  2 [label = i2]
  3 [label = i3]
  4 [label = i4]
  5 [label = i5]
  7 [label = "minus"]
  0 -> 7 [color = red]
  3 -> 7 [color = blue]
  8 [label = "transpose"]
  1 -> 8
  9 [label = "add"]
  7 -> 9 [color = red]
  5 -> 9 [color = blue]
  10 [label = "transpose"]
  4 -> 10
  11 [label = "matmul"]
  9 -> 11 [color = red]
  4 -> 11 [color = blue]
  12 [label = "add"]
  10 -> 12 [color = red]
  8 -> 12 [color = blue]
  14 [label = "minus"]
  11 -> 14 [color = red]
  4 -> 14 [color = blue]
  15 [label = "add"]
  10 -> 15 [color = red]
  2 -> 15 [color = blue]
  16 [label = "matmul"]
  10 -> 16 [color = red]
  10 -> 16 [color = blue]
  17 [label = "minus"]
  12 -> 17 [color = red]
  15 -> 17 [color = blue]
  19 [label = o0]
  10 -> 19
  20 [label = o1]
  9 -> 20
  21 [label = o2]
  16 -> 21
  22 [label = o3]
  17 -> 22
  23 [label = o4]
  14 -> 23
  24 [label = o5]
  4 -> 24
}

[45177] New best score: 2.0742e+00
Graph: digraph {
  0 [label = i0]
  1 [label = i1]
  2 [label = i2]
  3 [label = i3]
  4 [label = i4]
  5 [label = i5]
  6 [label = "add"]
  4 -> 6 [color = red]
  0 -> 6 [color = blue]
  8 [label = "minus"]
  6 -> 8 [color = red]
  0 -> 8 [color = blue]
  19 [label = o0]
  0 -> 19
  20 [label = o1]
  1 -> 20
  21 [label = o2]
  0 -> 21
  22 [label = o3]
  0 -> 22
  23 [label = o4]
  2 -> 23
  24 [label = o5]
  8 -> 24
}

[319464] New best score: 2.0742e+00
Graph: digraph {
  0 [label = i0]
  1 [label = i1]
  2 [label = i2]
  3 [label = i3]
  4 [label = i4]
  5 [label = i5]
  7 [label = "transpose"]
  4 -> 7
  8 [label = "inv"]
  2 -> 8
  11 [label = "matmul"]
  8 -> 11 [color = red]
  2 -> 11 [color = blue]
  12 [label = "matmul"]
  4 -> 12 [color = red]
  11 -> 12 [color = blue]
  13 [label = "transpose"]
  12 -> 13
  14 [label = "matmul"]
  8 -> 14 [color = red]
  2 -> 14 [color = blue]
  19 [label = o0]
  13 -> 19
  20 [label = o1]
  14 -> 20
  21 [label = o2]
  3 -> 21
  22 [label = o3]
  12 -> 22
  23 [label = o4]
  7 -> 23
  24 [label = o5]
  12 -> 24
}

[1395996] New best score: 2.0742e+00
Graph: digraph {
  0 [label = i0]
  1 [label = i1]
  2 [label = i2]
  3 [label = i3]
  4 [label = i4]
  5 [label = i5]
  6 [label = "minus"]
  0 -> 6 [color = red]
  2 -> 6 [color = blue]
  8 [label = "transpose"]
  4 -> 8
  9 [label = "matmul"]
  4 -> 9 [color = red]
  6 -> 9 [color = blue]
  11 [label = "inv"]
  6 -> 11
  13 [label = "matmul"]
  9 -> 13 [color = red]
  11 -> 13 [color = blue]
  17 [label = "inv"]
  6 -> 17
  19 [label = o0]
  9 -> 19
  20 [label = o1]
  11 -> 20
  21 [label = o2]
  8 -> 21
  22 [label = o3]
  17 -> 22
  23 [label = o4]
  1 -> 23
  24 [label = o5]
  13 -> 24
}

[2157125] New best score: 2.0742e+00
Graph: digraph {
  0 [label = i0]
  1 [label = i1]
  2 [label = i2]
  3 [label = i3]
  4 [label = i4]
  5 [label = i5]
  6 [label = "matmul"]
  2 -> 6 [color = red]
  4 -> 6 [color = blue]
  7 [label = "add"]
  6 -> 7 [color = red]
  4 -> 7 [color = blue]
  8 [label = "matmul"]
  5 -> 8 [color = red]
  7 -> 8 [color = blue]
  10 [label = "matmul"]
  2 -> 10 [color = red]
  0 -> 10 [color = blue]
  11 [label = "minus"]
  7 -> 11 [color = red]
  6 -> 11 [color = blue]
  16 [label = "minus"]
  1 -> 16 [color = red]
  5 -> 16 [color = blue]
  19 [label = o0]
  8 -> 19
  20 [label = o1]
  5 -> 20
  21 [label = o2]
  10 -> 21
  22 [label = o3]
  16 -> 22
  23 [label = o4]
  4 -> 23
  24 [label = o5]
  11 -> 24
}

[2320741] New best score: 2.0390e+00
Graph: digraph {
  0 [label = i0]
  1 [label = i1]
  2 [label = i2]
  3 [label = i3]
  4 [label = i4]
  5 [label = i5]
  6 [label = "matmul"]
  2 -> 6 [color = red]
  0 -> 6 [color = blue]
  11 [label = "transpose"]
  2 -> 11
  12 [label = "minus"]
  6 -> 12 [color = red]
  11 -> 12 [color = blue]
  13 [label = "add"]
  6 -> 13 [color = red]
  4 -> 13 [color = blue]
  19 [label = o0]
  4 -> 19
  20 [label = o1]
  11 -> 20
  21 [label = o2]
  5 -> 21
  22 [label = o3]
  12 -> 22
  23 [label = o4]
  1 -> 23
  24 [label = o5]
  13 -> 24
}

