Sanity check loss : 1.1180493160255696
Solution : digraph {
  0 [label = i0]
  1 [label = i1]
  2 [label = i2]
  3 [label = i3]
  4 [label = i4]
  5 [label = i5]
  6 [label = "transpose"]
  1 -> 6
  7 [label = "matmul"]
  1 -> 7 [color = red]
  0 -> 7 [color = blue]
  8 [label = "matmul"]
  1 -> 8 [color = red]
  2 -> 8 [color = blue]
  9 [label = "minus"]
  4 -> 9 [color = red]
  7 -> 9 [color = blue]
  10 [label = "matmul"]
  8 -> 10 [color = red]
  6 -> 10 [color = blue]
  11 [label = "add"]
  10 -> 11 [color = red]
  3 -> 11 [color = blue]
  12 [label = "add"]
  11 -> 12 [color = red]
  5 -> 12 [color = blue]
  13 [label = "inv"]
  12 -> 13
  14 [label = "matmul"]
  11 -> 14 [color = red]
  13 -> 14 [color = blue]
  15 [label = "matmul"]
  14 -> 15 [color = red]
  9 -> 15 [color = blue]
  16 [label = "add"]
  7 -> 16 [color = red]
  15 -> 16 [color = blue]
  19 [label = o0]
  7 -> 19
  20 [label = o1]
  11 -> 20
  21 [label = o2]
  9 -> 21
  22 [label = o3]
  12 -> 22
  23 [label = o4]
  14 -> 23
  24 [label = o5]
  16 -> 24
}

[00042] New best score: 2.6929e+04
Graph: digraph {
  0 [label = i0]
  1 [label = i1]
  2 [label = i2]
  3 [label = i3]
  4 [label = i4]
  5 [label = i5]
  6 [label = "transpose"]
  3 -> 6
  7 [label = "add"]
  6 -> 7 [color = red]
  1 -> 7 [color = blue]
  8 [label = "transpose"]
  0 -> 8
  9 [label = "matmul"]
  7 -> 9 [color = red]
  2 -> 9 [color = blue]
  11 [label = "matmul"]
  9 -> 11 [color = red]
  9 -> 11 [color = blue]
  12 [label = "add"]
  8 -> 12 [color = red]
  3 -> 12 [color = blue]
  13 [label = "transpose"]
  11 -> 13
  17 [label = "matmul"]
  12 -> 17 [color = red]
  13 -> 17 [color = blue]
  19 [label = o0]
  0 -> 19
  20 [label = o1]
  12 -> 20
  21 [label = o2]
  3 -> 21
  22 [label = o3]
  12 -> 22
  23 [label = o4]
  17 -> 23
  24 [label = o5]
  0 -> 24
}

[00113] New best score: 2.0742e+00
Graph: digraph {
  0 [label = i0]
  1 [label = i1]
  2 [label = i2]
  3 [label = i3]
  4 [label = i4]
  5 [label = i5]
  12 [label = "add"]
  1 -> 12 [color = red]
  5 -> 12 [color = blue]
  13 [label = "matmul"]
  4 -> 13 [color = red]
  5 -> 13 [color = blue]
  16 [label = "transpose"]
  12 -> 16
  19 [label = o0]
  13 -> 19
  20 [label = o1]
  1 -> 20
  21 [label = o2]
  16 -> 21
  22 [label = o3]
  4 -> 22
  23 [label = o4]
  1 -> 23
  24 [label = o5]
  4 -> 24
}

[108697] New best score: 2.0742e+00
Graph: digraph {
  0 [label = i0]
  1 [label = i1]
  2 [label = i2]
  3 [label = i3]
  4 [label = i4]
  5 [label = i5]
  6 [label = "add"]
  0 -> 6 [color = red]
  4 -> 6 [color = blue]
  7 [label = "transpose"]
  0 -> 7
  9 [label = "add"]
  3 -> 9 [color = red]
  6 -> 9 [color = blue]
  10 [label = "transpose"]
  2 -> 10
  11 [label = "minus"]
  6 -> 11 [color = red]
  7 -> 11 [color = blue]
  13 [label = "matmul"]
  10 -> 13 [color = red]
  6 -> 13 [color = blue]
  16 [label = "minus"]
  2 -> 16 [color = red]
  13 -> 16 [color = blue]
  19 [label = o0]
  11 -> 19
  20 [label = o1]
  9 -> 20
  21 [label = o2]
  16 -> 21
  22 [label = o3]
  6 -> 22
  23 [label = o4]
  10 -> 23
  24 [label = o5]
  11 -> 24
}

[650741] New best score: 2.0742e+00
Graph: digraph {
  0 [label = i0]
  1 [label = i1]
  2 [label = i2]
  3 [label = i3]
  4 [label = i4]
  5 [label = i5]
  6 [label = "matmul"]
  4 -> 6 [color = red]
  2 -> 6 [color = blue]
  7 [label = "minus"]
  6 -> 7 [color = red]
  2 -> 7 [color = blue]
  8 [label = "minus"]
  7 -> 8 [color = red]
  6 -> 8 [color = blue]
  9 [label = "matmul"]
  5 -> 9 [color = red]
  7 -> 9 [color = blue]
  10 [label = "add"]
  7 -> 10 [color = red]
  1 -> 10 [color = blue]
  15 [label = "add"]
  8 -> 15 [color = red]
  1 -> 15 [color = blue]
  18 [label = "matmul"]
  10 -> 18 [color = red]
  4 -> 18 [color = blue]
  19 [label = o0]
  18 -> 19
  20 [label = o1]
  1 -> 20
  21 [label = o2]
  15 -> 21
  22 [label = o3]
  9 -> 22
  23 [label = o4]
  15 -> 23
  24 [label = o5]
  6 -> 24
}

[2375582] New best score: 2.0733e+00
Graph: digraph {
  0 [label = i0]
  1 [label = i1]
  2 [label = i2]
  3 [label = i3]
  4 [label = i4]
  5 [label = i5]
  6 [label = "matmul"]
  2 -> 6 [color = red]
  0 -> 6 [color = blue]
  7 [label = "add"]
  0 -> 7 [color = red]
  6 -> 7 [color = blue]
  10 [label = "matmul"]
  6 -> 10 [color = red]
  7 -> 10 [color = blue]
  11 [label = "add"]
  4 -> 11 [color = red]
  10 -> 11 [color = blue]
  12 [label = "transpose"]
  4 -> 12
  15 [label = "matmul"]
  4 -> 15 [color = red]
  6 -> 15 [color = blue]
  18 [label = "matmul"]
  3 -> 18 [color = red]
  4 -> 18 [color = blue]
  19 [label = o0]
  12 -> 19
  20 [label = o1]
  2 -> 20
  21 [label = o2]
  15 -> 21
  22 [label = o3]
  18 -> 22
  23 [label = o4]
  1 -> 23
  24 [label = o5]
  11 -> 24
}

[2492061] New best score: 2.0718e+00
Graph: digraph {
  0 [label = i0]
  1 [label = i1]
  2 [label = i2]
  3 [label = i3]
  4 [label = i4]
  5 [label = i5]
  6 [label = "matmul"]
  2 -> 6 [color = red]
  5 -> 6 [color = blue]
  11 [label = "add"]
  5 -> 11 [color = red]
  6 -> 11 [color = blue]
  14 [label = "inv"]
  11 -> 14
  16 [label = "add"]
  1 -> 16 [color = red]
  5 -> 16 [color = blue]
  17 [label = "matmul"]
  4 -> 17 [color = red]
  14 -> 17 [color = blue]
  18 [label = "matmul"]
  1 -> 18 [color = red]
  4 -> 18 [color = blue]
  19 [label = o0]
  18 -> 19
  20 [label = o1]
  6 -> 20
  21 [label = o2]
  2 -> 21
  22 [label = o3]
  16 -> 22
  23 [label = o4]
  2 -> 23
  24 [label = o5]
  17 -> 24
}

[5342388] New best score: 2.0710e+00
Graph: digraph {
  0 [label = i0]
  1 [label = i1]
  2 [label = i2]
  3 [label = i3]
  4 [label = i4]
  5 [label = i5]
  6 [label = "inv"]
  1 -> 6
  7 [label = "matmul"]
  0 -> 7 [color = red]
  3 -> 7 [color = blue]
  8 [label = "matmul"]
  2 -> 8 [color = red]
  7 -> 8 [color = blue]
  9 [label = "minus"]
  4 -> 9 [color = red]
  8 -> 9 [color = blue]
  10 [label = "add"]
  1 -> 10 [color = red]
  5 -> 10 [color = blue]
  12 [label = "matmul"]
  0 -> 12 [color = red]
  10 -> 12 [color = blue]
  15 [label = "add"]
  7 -> 15 [color = red]
  12 -> 15 [color = blue]
  18 [label = "add"]
  8 -> 18 [color = red]
  3 -> 18 [color = blue]
  19 [label = o0]
  15 -> 19
  20 [label = o1]
  2 -> 20
  21 [label = o2]
  1 -> 21
  22 [label = o3]
  18 -> 22
  23 [label = o4]
  6 -> 23
  24 [label = o5]
  9 -> 24
}

[39915374] New best score: 2.0654e+00
Graph: digraph {
  0 [label = i0]
  1 [label = i1]
  2 [label = i2]
  3 [label = i3]
  4 [label = i4]
  5 [label = i5]
  6 [label = "add"]
  0 -> 6 [color = red]
  5 -> 6 [color = blue]
  7 [label = "matmul"]
  2 -> 7 [color = red]
  0 -> 7 [color = blue]
  11 [label = "transpose"]
  4 -> 11
  15 [label = "add"]
  4 -> 15 [color = red]
  7 -> 15 [color = blue]
  19 [label = o0]
  11 -> 19
  20 [label = o1]
  2 -> 20
  21 [label = o2]
  6 -> 21
  22 [label = o3]
  6 -> 22
  23 [label = o4]
  1 -> 23
  24 [label = o5]
  15 -> 24
}

[75372291] New best score: 2.0390e+00
Graph: digraph {
  0 [label = i0]
  1 [label = i1]
  2 [label = i2]
  3 [label = i3]
  4 [label = i4]
  5 [label = i5]
  6 [label = "matmul"]
  2 -> 6 [color = red]
  0 -> 6 [color = blue]
  7 [label = "matmul"]
  5 -> 7 [color = red]
  4 -> 7 [color = blue]
  8 [label = "add"]
  2 -> 8 [color = red]
  6 -> 8 [color = blue]
  12 [label = "transpose"]
  7 -> 12
  14 [label = "add"]
  7 -> 14 [color = red]
  7 -> 14 [color = blue]
  16 [label = "add"]
  6 -> 16 [color = red]
  4 -> 16 [color = blue]
  17 [label = "transpose"]
  8 -> 17
  19 [label = o0]
  14 -> 19
  20 [label = o1]
  17 -> 20
  21 [label = o2]
  0 -> 21
  22 [label = o3]
  12 -> 22
  23 [label = o4]
  1 -> 23
  24 [label = o5]
  16 -> 24
}

[122718256] New best score: 1.4956e+00
Graph: digraph {
  0 [label = i0]
  1 [label = i1]
  2 [label = i2]
  3 [label = i3]
  4 [label = i4]
  5 [label = i5]
  6 [label = "matmul"]
  1 -> 6 [color = red]
  4 -> 6 [color = blue]
  8 [label = "add"]
  4 -> 8 [color = red]
  3 -> 8 [color = blue]
  9 [label = "add"]
  5 -> 9 [color = red]
  5 -> 9 [color = blue]
  12 [label = "add"]
  0 -> 12 [color = red]
  6 -> 12 [color = blue]
  13 [label = "inv"]
  9 -> 13
  15 [label = "add"]
  8 -> 15 [color = red]
  4 -> 15 [color = blue]
  16 [label = "matmul"]
  2 -> 16 [color = red]
  15 -> 16 [color = blue]
  17 [label = "matmul"]
  12 -> 17 [color = red]
  13 -> 17 [color = blue]
  19 [label = o0]
  12 -> 19
  20 [label = o1]
  5 -> 20
  21 [label = o2]
  13 -> 21
  22 [label = o3]
  16 -> 22
  23 [label = o4]
  9 -> 23
  24 [label = o5]
  17 -> 24
}

[454987780] New best score: 1.3746e+00
Graph: digraph {
  0 [label = i0]
  1 [label = i1]
  2 [label = i2]
  3 [label = i3]
  4 [label = i4]
  5 [label = i5]
  6 [label = "inv"]
  2 -> 6
  8 [label = "add"]
  4 -> 8 [color = red]
  0 -> 8 [color = blue]
  9 [label = "add"]
  5 -> 9 [color = red]
  1 -> 9 [color = blue]
  10 [label = "matmul"]
  2 -> 10 [color = red]
  8 -> 10 [color = blue]
  13 [label = "inv"]
  5 -> 13
  15 [label = "inv"]
  9 -> 15
  19 [label = o0]
  8 -> 19
  20 [label = o1]
  13 -> 20
  21 [label = o2]
  15 -> 21
  22 [label = o3]
  6 -> 22
  23 [label = o4]
  15 -> 23
  24 [label = o5]
  10 -> 24
}

