Sanity check loss: 1.1180493160255696
[00003] New best score: 2.2929e+01
Graph: digraph {
  0 [label = i0]
  1 [label = i1]
  2 [label = i2]
  3 [label = i3]
  4 [label = "matmul"]
  1 -> 4 [color = red]
  1 -> 4 [color = blue]
  5 [label = "transpose"]
  0 -> 5
  9 [label = o0]
  5 -> 9
  10 [label = o1]
  4 -> 10
}

[00042] New best score: 2.2759e+01
Graph: digraph {
  0 [label = i0]
  1 [label = i1]
  2 [label = i2]
  3 [label = i3]
  9 [label = o0]
  0 -> 9
  10 [label = o1]
  1 -> 10
}

[00083] New best score: 2.6524e+00
Graph: digraph {
  0 [label = i0]
  1 [label = i1]
  2 [label = i2]
  3 [label = i3]
  4 [label = "matmul"]
  1 -> 4 [color = red]
  0 -> 4 [color = blue]
  6 [label = "transpose"]
  4 -> 6
  9 [label = o0]
  6 -> 9
  10 [label = o1]
  3 -> 10
}

[00566] New best score: 1.3794e+00
Graph: digraph {
  0 [label = i0]
  1 [label = i1]
  2 [label = i2]
  3 [label = i3]
  7 [label = "matmul"]
  1 -> 7 [color = red]
  0 -> 7 [color = blue]
  9 [label = o0]
  7 -> 9
  10 [label = o1]
  1 -> 10
}

[03876] New best score: 1.3525e+00
Graph: digraph {
  0 [label = i0]
  1 [label = i1]
  2 [label = i2]
  3 [label = i3]
  4 [label = "transpose"]
  1 -> 4
  8 [label = "matmul"]
  0 -> 8 [color = red]
  4 -> 8 [color = blue]
  9 [label = o0]
  8 -> 9
  10 [label = o1]
  4 -> 10
}

[05145] New best score: 1.2494e+00
Graph: digraph {
  0 [label = i0]
  1 [label = i1]
  2 [label = i2]
  3 [label = i3]
  5 [label = "add"]
  2 -> 5 [color = red]
  3 -> 5 [color = blue]
  7 [label = "matmul"]
  1 -> 7 [color = red]
  0 -> 7 [color = blue]
  8 [label = "add"]
  1 -> 8 [color = red]
  5 -> 8 [color = blue]
  9 [label = o0]
  7 -> 9
  10 [label = o1]
  8 -> 10
}

[07938] New best score: 1.2031e+00
Graph: digraph {
  0 [label = i0]
  1 [label = i1]
  2 [label = i2]
  3 [label = i3]
  5 [label = "matmul"]
  1 -> 5 [color = red]
  0 -> 5 [color = blue]
  6 [label = "add"]
  3 -> 6 [color = red]
  1 -> 6 [color = blue]
  9 [label = o0]
  5 -> 9
  10 [label = o1]
  6 -> 10
}

[61982] New best score: 1.1995e+00
Graph: digraph {
  0 [label = i0]
  1 [label = i1]
  2 [label = i2]
  3 [label = i3]
  4 [label = "transpose"]
  1 -> 4
  5 [label = "matmul"]
  1 -> 5 [color = red]
  0 -> 5 [color = blue]
  6 [label = "add"]
  4 -> 6 [color = red]
  1 -> 6 [color = blue]
  9 [label = o0]
  5 -> 9
  10 [label = o1]
  6 -> 10
}

[62016] New best score: 1.1748e+00
Graph: digraph {
  0 [label = i0]
  1 [label = i1]
  2 [label = i2]
  3 [label = i3]
  4 [label = "transpose"]
  1 -> 4
  6 [label = "matmul"]
  1 -> 6 [color = red]
  4 -> 6 [color = blue]
  7 [label = "matmul"]
  0 -> 7 [color = red]
  4 -> 7 [color = blue]
  9 [label = o0]
  7 -> 9
  10 [label = o1]
  6 -> 10
}

[489173] New best score: 1.1656e+00
Graph: digraph {
  0 [label = i0]
  1 [label = i1]
  2 [label = i2]
  3 [label = i3]
  5 [label = "matmul"]
  2 -> 5 [color = red]
  1 -> 5 [color = blue]
  6 [label = "matmul"]
  1 -> 6 [color = red]
  0 -> 6 [color = blue]
  7 [label = "transpose"]
  5 -> 7
  8 [label = "add"]
  7 -> 8 [color = red]
  1 -> 8 [color = blue]
  9 [label = o0]
  6 -> 9
  10 [label = o1]
  8 -> 10
}

[4121005] New best score: 1.1243e+00
Graph: digraph {
  0 [label = i0]
  1 [label = i1]
  2 [label = i2]
  3 [label = i3]
  4 [label = "transpose"]
  1 -> 4
  5 [label = "matmul"]
  1 -> 5 [color = red]
  3 -> 5 [color = blue]
  6 [label = "add"]
  5 -> 6 [color = red]
  4 -> 6 [color = blue]
  7 [label = "matmul"]
  0 -> 7 [color = red]
  4 -> 7 [color = blue]
  9 [label = o0]
  7 -> 9
  10 [label = o1]
  6 -> 10
}

