Sanity check loss: 1.1180493160255696
[00001] New best score: 1.5480e+04
Graph: digraph {
  0 [label = i0]
  1 [label = i1]
  2 [label = i2]
  3 [label = i3]
  9 [label = o0]
  0 -> 9
  10 [label = o1]
  2 -> 10
}

[00013] New best score: 4.5240e+01
Graph: digraph {
  0 [label = i0]
  1 [label = i1]
  2 [label = i2]
  3 [label = i3]
  4 [label = "transpose"]
  1 -> 4
  9 [label = o0]
  0 -> 9
  10 [label = o1]
  4 -> 10
}

[00014] New best score: 5.1135e+00
Graph: digraph {
  0 [label = i0]
  1 [label = i1]
  2 [label = i2]
  3 [label = i3]
  5 [label = "add"]
  1 -> 5 [color = red]
  2 -> 5 [color = blue]
  6 [label = "add"]
  5 -> 6 [color = red]
  2 -> 6 [color = blue]
  9 [label = o0]
  0 -> 9
  10 [label = o1]
  6 -> 10
}

[00156] New best score: 1.8506e+00
Graph: digraph {
  0 [label = i0]
  1 [label = i1]
  2 [label = i2]
  3 [label = i3]
  5 [label = "add"]
  3 -> 5 [color = red]
  3 -> 5 [color = blue]
  6 [label = "add"]
  2 -> 6 [color = red]
  5 -> 6 [color = blue]
  8 [label = "matmul"]
  1 -> 8 [color = red]
  0 -> 8 [color = blue]
  9 [label = o0]
  8 -> 9
  10 [label = o1]
  6 -> 10
}

[00326] New best score: 1.3525e+00
Graph: digraph {
  0 [label = i0]
  1 [label = i1]
  2 [label = i2]
  3 [label = i3]
  4 [label = "matmul"]
  1 -> 4 [color = red]
  0 -> 4 [color = blue]
  6 [label = "transpose"]
  1 -> 6
  9 [label = o0]
  4 -> 9
  10 [label = o1]
  6 -> 10
}

[06365] New best score: 1.2031e+00
Graph: digraph {
  0 [label = i0]
  1 [label = i1]
  2 [label = i2]
  3 [label = i3]
  4 [label = "transpose"]
  1 -> 4
  6 [label = "add"]
  3 -> 6 [color = red]
  1 -> 6 [color = blue]
  8 [label = "matmul"]
  0 -> 8 [color = red]
  4 -> 8 [color = blue]
  9 [label = o0]
  8 -> 9
  10 [label = o1]
  6 -> 10
}

[129721] New best score: 1.1748e+00
Graph: digraph {
  0 [label = i0]
  1 [label = i1]
  2 [label = i2]
  3 [label = i3]
  5 [label = "transpose"]
  1 -> 5
  6 [label = "matmul"]
  0 -> 6 [color = red]
  5 -> 6 [color = blue]
  7 [label = "matmul"]
  1 -> 7 [color = red]
  5 -> 7 [color = blue]
  9 [label = o0]
  6 -> 9
  10 [label = o1]
  7 -> 10
}

[1569586] New best score: 1.1630e+00
Graph: digraph {
  0 [label = i0]
  1 [label = i1]
  2 [label = i2]
  3 [label = i3]
  4 [label = "matmul"]
  1 -> 4 [color = red]
  2 -> 4 [color = blue]
  5 [label = "transpose"]
  4 -> 5
  6 [label = "transpose"]
  1 -> 6
  7 [label = "add"]
  1 -> 7 [color = red]
  5 -> 7 [color = blue]
  8 [label = "matmul"]
  0 -> 8 [color = red]
  6 -> 8 [color = blue]
  9 [label = o0]
  8 -> 9
  10 [label = o1]
  7 -> 10
}

[2676146] New best score: 1.1243e+00
Graph: digraph {
  0 [label = i0]
  1 [label = i1]
  2 [label = i2]
  3 [label = i3]
  5 [label = "matmul"]
  1 -> 5 [color = red]
  0 -> 5 [color = blue]
  6 [label = "matmul"]
  1 -> 6 [color = red]
  3 -> 6 [color = blue]
  7 [label = "transpose"]
  6 -> 7
  8 [label = "add"]
  1 -> 8 [color = red]
  7 -> 8 [color = blue]
  9 [label = o0]
  5 -> 9
  10 [label = o1]
  8 -> 10
}

