Sanity check loss: 1.1180493160255696
[00008] New best score: 1.5480e+04
Graph: digraph {
  0 [label = i0]
  1 [label = i1]
  2 [label = i2]
  3 [label = i3]
  9 [label = o0]
  0 -> 9
  10 [label = o1]
  2 -> 10
}

[00037] New best score: 6.8575e+03
Graph: digraph {
  0 [label = i0]
  1 [label = i1]
  2 [label = i2]
  3 [label = i3]
  8 [label = "matmul"]
  1 -> 8 [color = red]
  2 -> 8 [color = blue]
  9 [label = o0]
  0 -> 9
  10 [label = o1]
  8 -> 10
}

[00047] New best score: 2.2929e+01
Graph: digraph {
  0 [label = i0]
  1 [label = i1]
  2 [label = i2]
  3 [label = i3]
  5 [label = "matmul"]
  1 -> 5 [color = red]
  1 -> 5 [color = blue]
  9 [label = o0]
  0 -> 9
  10 [label = o1]
  5 -> 10
}

[00056] New best score: 2.2759e+01
Graph: digraph {
  0 [label = i0]
  1 [label = i1]
  2 [label = i2]
  3 [label = i3]
  4 [label = "transpose"]
  0 -> 4
  9 [label = o0]
  4 -> 9
  10 [label = o1]
  1 -> 10
}

[00520] New best score: 6.7973e+00
Graph: digraph {
  0 [label = i0]
  1 [label = i1]
  2 [label = i2]
  3 [label = i3]
  4 [label = "add"]
  1 -> 4 [color = red]
  1 -> 4 [color = blue]
  9 [label = o0]
  0 -> 9
  10 [label = o1]
  4 -> 10
}

[00897] New best score: 2.6524e+00
Graph: digraph {
  0 [label = i0]
  1 [label = i1]
  2 [label = i2]
  3 [label = i3]
  5 [label = "matmul"]
  1 -> 5 [color = red]
  0 -> 5 [color = blue]
  9 [label = o0]
  5 -> 9
  10 [label = o1]
  3 -> 10
}

[01437] New best score: 1.3794e+00
Graph: digraph {
  0 [label = i0]
  1 [label = i1]
  2 [label = i2]
  3 [label = i3]
  5 [label = "matmul"]
  1 -> 5 [color = red]
  0 -> 5 [color = blue]
  9 [label = o0]
  5 -> 9
  10 [label = o1]
  1 -> 10
}

[02184] New best score: 1.3525e+00
Graph: digraph {
  0 [label = i0]
  1 [label = i1]
  2 [label = i2]
  3 [label = i3]
  4 [label = "transpose"]
  1 -> 4
  6 [label = "matmul"]
  0 -> 6 [color = red]
  4 -> 6 [color = blue]
  9 [label = o0]
  6 -> 9
  10 [label = o1]
  4 -> 10
}

[10166] New best score: 1.2031e+00
Graph: digraph {
  0 [label = i0]
  1 [label = i1]
  2 [label = i2]
  3 [label = i3]
  4 [label = "add"]
  1 -> 4 [color = red]
  3 -> 4 [color = blue]
  7 [label = "matmul"]
  1 -> 7 [color = red]
  0 -> 7 [color = blue]
  9 [label = o0]
  7 -> 9
  10 [label = o1]
  4 -> 10
}

[45498] New best score: 1.1986e+00
Graph: digraph {
  0 [label = i0]
  1 [label = i1]
  2 [label = i2]
  3 [label = i3]
  5 [label = "matmul"]
  1 -> 5 [color = red]
  0 -> 5 [color = blue]
  6 [label = "matmul"]
  3 -> 6 [color = red]
  3 -> 6 [color = blue]
  7 [label = "add"]
  6 -> 7 [color = red]
  1 -> 7 [color = blue]
  9 [label = o0]
  5 -> 9
  10 [label = o1]
  7 -> 10
}

[101115] New best score: 1.1748e+00
Graph: digraph {
  0 [label = i0]
  1 [label = i1]
  2 [label = i2]
  3 [label = i3]
  6 [label = "matmul"]
  1 -> 6 [color = red]
  0 -> 6 [color = blue]
  7 [label = "transpose"]
  1 -> 7
  8 [label = "matmul"]
  1 -> 8 [color = red]
  7 -> 8 [color = blue]
  9 [label = o0]
  6 -> 9
  10 [label = o1]
  8 -> 10
}

[999376] New best score: 1.1633e+00
Graph: digraph {
  0 [label = i0]
  1 [label = i1]
  2 [label = i2]
  3 [label = i3]
  4 [label = "transpose"]
  1 -> 4
  5 [label = "add"]
  3 -> 5 [color = red]
  4 -> 5 [color = blue]
  6 [label = "matmul"]
  1 -> 6 [color = red]
  5 -> 6 [color = blue]
  7 [label = "add"]
  3 -> 7 [color = red]
  6 -> 7 [color = blue]
  8 [label = "matmul"]
  0 -> 8 [color = red]
  4 -> 8 [color = blue]
  9 [label = o0]
  8 -> 9
  10 [label = o1]
  7 -> 10
}

[1101376] New best score: 1.1630e+00
Graph: digraph {
  0 [label = i0]
  1 [label = i1]
  2 [label = i2]
  3 [label = i3]
  4 [label = "transpose"]
  1 -> 4
  5 [label = "matmul"]
  1 -> 5 [color = red]
  2 -> 5 [color = blue]
  6 [label = "matmul"]
  1 -> 6 [color = red]
  0 -> 6 [color = blue]
  7 [label = "add"]
  5 -> 7 [color = red]
  4 -> 7 [color = blue]
  8 [label = "transpose"]
  7 -> 8
  9 [label = o0]
  6 -> 9
  10 [label = o1]
  8 -> 10
}

[1145907] New best score: 1.1243e+00
Graph: digraph {
  0 [label = i0]
  1 [label = i1]
  2 [label = i2]
  3 [label = i3]
  4 [label = "transpose"]
  1 -> 4
  5 [label = "transpose"]
  4 -> 5
  6 [label = "matmul"]
  0 -> 6 [color = red]
  4 -> 6 [color = blue]
  7 [label = "matmul"]
  3 -> 7 [color = red]
  4 -> 7 [color = blue]
  8 [label = "add"]
  7 -> 8 [color = red]
  5 -> 8 [color = blue]
  9 [label = o0]
  6 -> 9
  10 [label = o1]
  8 -> 10
}

