Sanity check loss: 1.1180493160255696
[00003] New best score: 1.5480e+04
Graph: digraph {
  0 [label = i0]
  1 [label = i1]
  2 [label = i2]
  3 [label = i3]
  4 [label = "transpose"]
  0 -> 4
  6 [label = "transpose"]
  4 -> 6
  9 [label = o0]
  6 -> 9
  10 [label = o1]
  2 -> 10
}

[00012] New best score: 2.9572e+03
Graph: digraph {
  0 [label = i0]
  1 [label = i1]
  2 [label = i2]
  3 [label = i3]
  5 [label = "matmul"]
  2 -> 5 [color = red]
  0 -> 5 [color = blue]
  9 [label = o0]
  5 -> 9
  10 [label = o1]
  1 -> 10
}

[00013] New best score: 1.9718e+02
Graph: digraph {
  0 [label = i0]
  1 [label = i1]
  2 [label = i2]
  3 [label = i3]
  5 [label = "add"]
  0 -> 5 [color = red]
  2 -> 5 [color = blue]
  8 [label = "add"]
  3 -> 8 [color = red]
  5 -> 8 [color = blue]
  9 [label = o0]
  0 -> 9
  10 [label = o1]
  8 -> 10
}

[00023] New best score: 4.5240e+01
Graph: digraph {
  0 [label = i0]
  1 [label = i1]
  2 [label = i2]
  3 [label = i3]
  8 [label = "transpose"]
  1 -> 8
  9 [label = o0]
  0 -> 9
  10 [label = o1]
  8 -> 10
}

[00090] New best score: 2.2759e+01
Graph: digraph {
  0 [label = i0]
  1 [label = i1]
  2 [label = i2]
  3 [label = i3]
  9 [label = o0]
  0 -> 9
  10 [label = o1]
  1 -> 10
}

[00445] New best score: 1.6717e+01
Graph: digraph {
  0 [label = i0]
  1 [label = i1]
  2 [label = i2]
  3 [label = i3]
  4 [label = "matmul"]
  0 -> 4 [color = red]
  3 -> 4 [color = blue]
  5 [label = "transpose"]
  4 -> 5
  6 [label = "add"]
  2 -> 6 [color = red]
  2 -> 6 [color = blue]
  7 [label = "add"]
  6 -> 7 [color = red]
  5 -> 7 [color = blue]
  9 [label = o0]
  0 -> 9
  10 [label = o1]
  7 -> 10
}

[00447] New best score: 1.0404e+01
Graph: digraph {
  0 [label = i0]
  1 [label = i1]
  2 [label = i2]
  3 [label = i3]
  4 [label = "add"]
  2 -> 4 [color = red]
  3 -> 4 [color = blue]
  6 [label = "add"]
  1 -> 6 [color = red]
  4 -> 6 [color = blue]
  7 [label = "transpose"]
  6 -> 7
  8 [label = "matmul"]
  7 -> 8 [color = red]
  7 -> 8 [color = blue]
  9 [label = o0]
  0 -> 9
  10 [label = o1]
  8 -> 10
}

[00454] New best score: 1.3794e+00
Graph: digraph {
  0 [label = i0]
  1 [label = i1]
  2 [label = i2]
  3 [label = i3]
  4 [label = "transpose"]
  1 -> 4
  5 [label = "matmul"]
  0 -> 5 [color = red]
  4 -> 5 [color = blue]
  9 [label = o0]
  5 -> 9
  10 [label = o1]
  1 -> 10
}

[00751] New best score: 1.3035e+00
Graph: digraph {
  0 [label = i0]
  1 [label = i1]
  2 [label = i2]
  3 [label = i3]
  4 [label = "add"]
  1 -> 4 [color = red]
  1 -> 4 [color = blue]
  5 [label = "matmul"]
  1 -> 5 [color = red]
  0 -> 5 [color = blue]
  9 [label = o0]
  5 -> 9
  10 [label = o1]
  4 -> 10
}

[04981] New best score: 1.2589e+00
Graph: digraph {
  0 [label = i0]
  1 [label = i1]
  2 [label = i2]
  3 [label = i3]
  4 [label = "transpose"]
  1 -> 4
  5 [label = "transpose"]
  3 -> 5
  6 [label = "matmul"]
  0 -> 6 [color = red]
  4 -> 6 [color = blue]
  7 [label = "add"]
  5 -> 7 [color = red]
  4 -> 7 [color = blue]
  8 [label = "transpose"]
  6 -> 8
  9 [label = o0]
  8 -> 9
  10 [label = o1]
  7 -> 10
}

[05194] New best score: 1.2031e+00
Graph: digraph {
  0 [label = i0]
  1 [label = i1]
  2 [label = i2]
  3 [label = i3]
  4 [label = "add"]
  1 -> 4 [color = red]
  3 -> 4 [color = blue]
  5 [label = "matmul"]
  1 -> 5 [color = red]
  0 -> 5 [color = blue]
  9 [label = o0]
  5 -> 9
  10 [label = o1]
  4 -> 10
}

[154903] New best score: 1.1995e+00
Graph: digraph {
  0 [label = i0]
  1 [label = i1]
  2 [label = i2]
  3 [label = i3]
  4 [label = "transpose"]
  1 -> 4
  5 [label = "add"]
  4 -> 5 [color = red]
  1 -> 5 [color = blue]
  7 [label = "matmul"]
  1 -> 7 [color = red]
  0 -> 7 [color = blue]
  9 [label = o0]
  7 -> 9
  10 [label = o1]
  5 -> 10
}

[259827] New best score: 1.1748e+00
Graph: digraph {
  0 [label = i0]
  1 [label = i1]
  2 [label = i2]
  3 [label = i3]
  5 [label = "transpose"]
  1 -> 5
  6 [label = "matmul"]
  1 -> 6 [color = red]
  0 -> 6 [color = blue]
  7 [label = "matmul"]
  1 -> 7 [color = red]
  5 -> 7 [color = blue]
  8 [label = "transpose"]
  7 -> 8
  9 [label = o0]
  6 -> 9
  10 [label = o1]
  8 -> 10
}

[788101] New best score: 1.1674e+00
Graph: digraph {
  0 [label = i0]
  1 [label = i1]
  2 [label = i2]
  3 [label = i3]
  4 [label = "add"]
  2 -> 4 [color = red]
  1 -> 4 [color = blue]
  5 [label = "matmul"]
  1 -> 5 [color = red]
  0 -> 5 [color = blue]
  6 [label = "transpose"]
  1 -> 6
  8 [label = "matmul"]
  4 -> 8 [color = red]
  6 -> 8 [color = blue]
  9 [label = o0]
  5 -> 9
  10 [label = o1]
  8 -> 10
}

[4055834] New best score: 1.1243e+00
Graph: digraph {
  0 [label = i0]
  1 [label = i1]
  2 [label = i2]
  3 [label = i3]
  4 [label = "matmul"]
  1 -> 4 [color = red]
  3 -> 4 [color = blue]
  5 [label = "transpose"]
  4 -> 5
  6 [label = "add"]
  1 -> 6 [color = red]
  5 -> 6 [color = blue]
  7 [label = "matmul"]
  1 -> 7 [color = red]
  0 -> 7 [color = blue]
  9 [label = o0]
  7 -> 9
  10 [label = o1]
  6 -> 10
}

