Sanity check loss: 1.1180493160255696
[00012] New best score: 2.1216e+04
Graph: digraph {
  0 [label = i0]
  1 [label = i1]
  2 [label = i2]
  3 [label = i3]
  4 [label = "matmul"]
  2 -> 4 [color = red]
  0 -> 4 [color = blue]
  5 [label = "matmul"]
  2 -> 5 [color = red]
  4 -> 5 [color = blue]
  7 [label = "add"]
  2 -> 7 [color = red]
  3 -> 7 [color = blue]
  9 [label = o0]
  5 -> 9
  10 [label = o1]
  7 -> 10
}

[00013] New best score: 4.5240e+01
Graph: digraph {
  0 [label = i0]
  1 [label = i1]
  2 [label = i2]
  3 [label = i3]
  8 [label = "transpose"]
  1 -> 8
  9 [label = o0]
  0 -> 9
  10 [label = o1]
  8 -> 10
}

[00020] New best score: 9.5973e+00
Graph: digraph {
  0 [label = i0]
  1 [label = i1]
  2 [label = i2]
  3 [label = i3]
  5 [label = "transpose"]
  0 -> 5
  6 [label = "add"]
  2 -> 6 [color = red]
  1 -> 6 [color = blue]
  9 [label = o0]
  5 -> 9
  10 [label = o1]
  6 -> 10
}

[00251] New best score: 1.3794e+00
Graph: digraph {
  0 [label = i0]
  1 [label = i1]
  2 [label = i2]
  3 [label = i3]
  6 [label = "matmul"]
  1 -> 6 [color = red]
  0 -> 6 [color = blue]
  9 [label = o0]
  6 -> 9
  10 [label = o1]
  1 -> 10
}

[00290] New best score: 1.3525e+00
Graph: digraph {
  0 [label = i0]
  1 [label = i1]
  2 [label = i2]
  3 [label = i3]
  5 [label = "matmul"]
  1 -> 5 [color = red]
  0 -> 5 [color = blue]
  7 [label = "transpose"]
  1 -> 7
  9 [label = o0]
  5 -> 9
  10 [label = o1]
  7 -> 10
}

[01093] New best score: 1.2031e+00
Graph: digraph {
  0 [label = i0]
  1 [label = i1]
  2 [label = i2]
  3 [label = i3]
  4 [label = "add"]
  1 -> 4 [color = red]
  3 -> 4 [color = blue]
  5 [label = "matmul"]
  1 -> 5 [color = red]
  0 -> 5 [color = blue]
  9 [label = o0]
  5 -> 9
  10 [label = o1]
  4 -> 10
}

[60635] New best score: 1.1995e+00
Graph: digraph {
  0 [label = i0]
  1 [label = i1]
  2 [label = i2]
  3 [label = i3]
  4 [label = "transpose"]
  1 -> 4
  5 [label = "add"]
  4 -> 5 [color = red]
  1 -> 5 [color = blue]
  6 [label = "matmul"]
  0 -> 6 [color = red]
  4 -> 6 [color = blue]
  9 [label = o0]
  6 -> 9
  10 [label = o1]
  5 -> 10
}

[143716] New best score: 1.1748e+00
Graph: digraph {
  0 [label = i0]
  1 [label = i1]
  2 [label = i2]
  3 [label = i3]
  4 [label = "transpose"]
  1 -> 4
  5 [label = "transpose"]
  1 -> 5
  6 [label = "matmul"]
  1 -> 6 [color = red]
  4 -> 6 [color = blue]
  8 [label = "matmul"]
  0 -> 8 [color = red]
  5 -> 8 [color = blue]
  9 [label = o0]
  8 -> 9
  10 [label = o1]
  6 -> 10
}

[1111837] New best score: 1.1243e+00
Graph: digraph {
  0 [label = i0]
  1 [label = i1]
  2 [label = i2]
  3 [label = i3]
  4 [label = "transpose"]
  1 -> 4
  5 [label = "matmul"]
  0 -> 5 [color = red]
  4 -> 5 [color = blue]
  6 [label = "matmul"]
  3 -> 6 [color = red]
  4 -> 6 [color = blue]
  7 [label = "add"]
  1 -> 7 [color = red]
  6 -> 7 [color = blue]
  8 [label = "transpose"]
  5 -> 8
  9 [label = o0]
  8 -> 9
  10 [label = o1]
  7 -> 10
}

