Sanity check loss: 1.1180493160255696
[00015] New best score: 2.1509e+04
Graph: digraph {
  0 [label = i0]
  1 [label = i1]
  2 [label = i2]
  3 [label = i3]
  4 [label = "transpose"]
  0 -> 4
  5 [label = "transpose"]
  3 -> 5
  7 [label = "matmul"]
  5 -> 7 [color = red]
  4 -> 7 [color = blue]
  8 [label = "transpose"]
  5 -> 8
  9 [label = o0]
  7 -> 9
  10 [label = o1]
  8 -> 10
}

[00022] New best score: 3.1120e+01
Graph: digraph {
  0 [label = i0]
  1 [label = i1]
  2 [label = i2]
  3 [label = i3]
  5 [label = "add"]
  1 -> 5 [color = red]
  3 -> 5 [color = blue]
  9 [label = o0]
  0 -> 9
  10 [label = o1]
  5 -> 10
}

[00045] New best score: 2.3068e+01
Graph: digraph {
  0 [label = i0]
  1 [label = i1]
  2 [label = i2]
  3 [label = i3]
  4 [label = "transpose"]
  2 -> 4
  6 [label = "add"]
  2 -> 6 [color = red]
  4 -> 6 [color = blue]
  9 [label = o0]
  0 -> 9
  10 [label = o1]
  6 -> 10
}

[00047] New best score: 2.2759e+01
Graph: digraph {
  0 [label = i0]
  1 [label = i1]
  2 [label = i2]
  3 [label = i3]
  9 [label = o0]
  0 -> 9
  10 [label = o1]
  1 -> 10
}

[00083] New best score: 1.2031e+00
Graph: digraph {
  0 [label = i0]
  1 [label = i1]
  2 [label = i2]
  3 [label = i3]
  4 [label = "matmul"]
  1 -> 4 [color = red]
  0 -> 4 [color = blue]
  5 [label = "transpose"]
  3 -> 5
  8 [label = "add"]
  1 -> 8 [color = red]
  5 -> 8 [color = blue]
  9 [label = o0]
  4 -> 9
  10 [label = o1]
  8 -> 10
}

[13469] New best score: 1.1995e+00
Graph: digraph {
  0 [label = i0]
  1 [label = i1]
  2 [label = i2]
  3 [label = i3]
  4 [label = "transpose"]
  1 -> 4
  5 [label = "matmul"]
  1 -> 5 [color = red]
  0 -> 5 [color = blue]
  7 [label = "add"]
  4 -> 7 [color = red]
  1 -> 7 [color = blue]
  9 [label = o0]
  5 -> 9
  10 [label = o1]
  7 -> 10
}

[55723] New best score: 1.1243e+00
Graph: digraph {
  0 [label = i0]
  1 [label = i1]
  2 [label = i2]
  3 [label = i3]
  4 [label = "transpose"]
  1 -> 4
  5 [label = "matmul"]
  0 -> 5 [color = red]
  4 -> 5 [color = blue]
  6 [label = "matmul"]
  1 -> 6 [color = red]
  3 -> 6 [color = blue]
  7 [label = "add"]
  4 -> 7 [color = red]
  6 -> 7 [color = blue]
  9 [label = o0]
  5 -> 9
  10 [label = o1]
  7 -> 10
}

