Sanity check loss: 1.1180493160255696
[00010] New best score: 2.9572e+03
Graph: digraph {
  0 [label = i0]
  1 [label = i1]
  2 [label = i2]
  3 [label = i3]
  4 [label = "matmul"]
  2 -> 4 [color = red]
  0 -> 4 [color = blue]
  9 [label = o0]
  4 -> 9
  10 [label = o1]
  1 -> 10
}

[00012] New best score: 2.2759e+01
Graph: digraph {
  0 [label = i0]
  1 [label = i1]
  2 [label = i2]
  3 [label = i3]
  9 [label = o0]
  0 -> 9
  10 [label = o1]
  1 -> 10
}

[00193] New best score: 1.3794e+00
Graph: digraph {
  0 [label = i0]
  1 [label = i1]
  2 [label = i2]
  3 [label = i3]
  4 [label = "matmul"]
  1 -> 4 [color = red]
  0 -> 4 [color = blue]
  7 [label = "transpose"]
  4 -> 7
  9 [label = o0]
  7 -> 9
  10 [label = o1]
  1 -> 10
}

[00521] New best score: 1.3525e+00
Graph: digraph {
  0 [label = i0]
  1 [label = i1]
  2 [label = i2]
  3 [label = i3]
  5 [label = "matmul"]
  1 -> 5 [color = red]
  0 -> 5 [color = blue]
  7 [label = "transpose"]
  1 -> 7
  9 [label = o0]
  5 -> 9
  10 [label = o1]
  7 -> 10
}

[03291] New best score: 1.2031e+00
Graph: digraph {
  0 [label = i0]
  1 [label = i1]
  2 [label = i2]
  3 [label = i3]
  4 [label = "matmul"]
  1 -> 4 [color = red]
  0 -> 4 [color = blue]
  6 [label = "add"]
  1 -> 6 [color = red]
  3 -> 6 [color = blue]
  9 [label = o0]
  4 -> 9
  10 [label = o1]
  6 -> 10
}

[87812] New best score: 1.1995e+00
Graph: digraph {
  0 [label = i0]
  1 [label = i1]
  2 [label = i2]
  3 [label = i3]
  4 [label = "transpose"]
  0 -> 4
  5 [label = "matmul"]
  1 -> 5 [color = red]
  4 -> 5 [color = blue]
  6 [label = "transpose"]
  1 -> 6
  7 [label = "add"]
  6 -> 7 [color = red]
  1 -> 7 [color = blue]
  9 [label = o0]
  5 -> 9
  10 [label = o1]
  7 -> 10
}

[222511] New best score: 1.1748e+00
Graph: digraph {
  0 [label = i0]
  1 [label = i1]
  2 [label = i2]
  3 [label = i3]
  5 [label = "transpose"]
  1 -> 5
  6 [label = "matmul"]
  1 -> 6 [color = red]
  0 -> 6 [color = blue]
  7 [label = "matmul"]
  1 -> 7 [color = red]
  5 -> 7 [color = blue]
  9 [label = o0]
  6 -> 9
  10 [label = o1]
  7 -> 10
}

[677304] New best score: 1.1674e+00
Graph: digraph {
  0 [label = i0]
  1 [label = i1]
  2 [label = i2]
  3 [label = i3]
  5 [label = "transpose"]
  1 -> 5
  6 [label = "matmul"]
  1 -> 6 [color = red]
  0 -> 6 [color = blue]
  7 [label = "add"]
  2 -> 7 [color = red]
  1 -> 7 [color = blue]
  8 [label = "matmul"]
  7 -> 8 [color = red]
  5 -> 8 [color = blue]
  9 [label = o0]
  6 -> 9
  10 [label = o1]
  8 -> 10
}

[5066629] New best score: 1.1243e+00
Graph: digraph {
  0 [label = i0]
  1 [label = i1]
  2 [label = i2]
  3 [label = i3]
  5 [label = "matmul"]
  1 -> 5 [color = red]
  3 -> 5 [color = blue]
  6 [label = "matmul"]
  1 -> 6 [color = red]
  0 -> 6 [color = blue]
  7 [label = "transpose"]
  5 -> 7
  8 [label = "add"]
  1 -> 8 [color = red]
  7 -> 8 [color = blue]
  9 [label = o0]
  6 -> 9
  10 [label = o1]
  8 -> 10
}

