🔬 Function 1: MSE = 1.637927
🔬 Function 2: MSE = 1.468134
🔬 Function 3: MSE = 1.030446
🔬 Function 4: MSE = 1.430148
🔬 Function 5: MSE = 1.619039
🔬 Function 6: MSE = 0.817711
🔬 Function 7: MSE = 1.430169
🔬 Function 8: MSE = 0.825427
🔬 Function 9: MSE = 1.600543
🔬 Function 10: MSE = 0.817711
🔬 Function 11: MSE = 1.094101
🔬 Function 12: MSE = 0.792844
🔬 Function 13: MSE = 0.787549
🔬 Function 14: MSE = 1.391875
🔬 Function 15: MSE = 1.094101
🔬 Function 16: MSE = 0.757002
🔬 Function 17: MSE = 0.787549
🔬 Function 18: MSE = 1.391875
🔬 Function 19: MSE = 1.094101
🔬 Function 20: MSE = 0.757002
🔬 Function 21: MSE = 0.787549
🔬 Function 22: MSE = 1.073083
🔬 Function 23: MSE = 0.822681
🔬 Function 24: MSE = 0.710693
🔬 Function 25: MSE = 0.787549
🔬 Function 26: MSE = 1.073083
🔬 Function 27: MSE = 0.822681
🔬 Function 28: MSE = 0.710693
🔬 Function 29: MSE = 0.787549
🔬 Function 30: MSE = 1.018836
🔬 Function 31: MSE = 0.822681
🔬 Function 32: MSE = 0.688497
🔬 Function 33: MSE = 0.787549
🔬 Function 34: MSE = 1.018836
🔬 Function 35: MSE = 0.822681
🔬 Function 36: MSE = 0.611892
🔬 Function 37: MSE = 0.787549
Execution error: invalid syntax (<string>, line 13)
🔬 Function 39: MSE = 1.018836
Execution error: invalid syntax (<string>, line 12)
🔬 Function 41: MSE = 0.611892
🔬 Function 42: MSE = 0.787549
🔬 Function 43: MSE = 0.787549
🔬 Function 44: MSE = 0.611892
🔬 Function 45: MSE = 0.575364
🔬 Function 46: MSE = 0.787549
Execution error: invalid syntax (<string>, line 15)
🔬 Function 48: MSE = 0.611892
🔬 Function 49: MSE = 0.575364
🔬 Function 50: MSE = 0.787549
🔬 Function 51: MSE = 0.787549
🔬 Function 52: MSE = 0.611892
🔬 Function 53: MSE = 0.575364
🔬 Function 54: MSE = 0.787549
🔬 Function 55: MSE = 0.749101
🔬 Function 56: MSE = 0.611892
🔬 Function 57: MSE = 0.575364
🔬 Function 58: MSE = 0.787549
🔬 Function 59: MSE = 0.749101
🔬 Function 60: MSE = 0.611892
🔬 Function 61: MSE = 0.787549
🔬 Function 62: MSE = 0.568283
🔬 Function 63: MSE = 0.749101
🔬 Function 64: MSE = 0.611892
🔬 Function 65: MSE = 0.787549
🔬 Function 66: MSE = 0.568283
🔬 Function 67: MSE = 0.749101
🔬 Function 68: MSE = 0.611892
🔬 Function 69: MSE = 0.785306
🔬 Function 70: MSE = 0.565109
🔬 Function 71: MSE = 0.749101
🔬 Function 72: MSE = 0.611892
🔬 Function 73: MSE = 0.785306
🔬 Function 74: MSE = 0.565109
🔬 Function 75: MSE = 0.749101
🔬 Function 76: MSE = 0.611892
Execution error: invalid syntax (<string>, line 12)
Execution error: invalid syntax (<string>, line 14)
🔬 Function 79: MSE = 0.749101
Execution error: invalid syntax (<string>, line 13)
🔬 Function 81: MSE = 0.565109
🔬 Function 82: MSE = 0.611892
🔬 Function 83: MSE = 0.611892
🔬 Function 84: MSE = 0.565109
🔬 Function 85: MSE = 0.604095
🔬 Function 86: MSE = 0.565109
🔬 Function 87: MSE = 0.611892
🔬 Function 88: MSE = 0.565109
🔬 Function 89: MSE = 0.581934
🔬 Function 90: MSE = 0.565109
🔬 Function 91: MSE = 0.611892
🔬 Function 92: MSE = 0.565109
Execution error: invalid syntax (<string>, line 12)
🔬 Function 94: MSE = 0.565109
🔬 Function 95: MSE = 0.611892
🔬 Function 96: MSE = 0.565109
🔬 Function 97: MSE = 0.575364
🔬 Function 98: MSE = 0.565109
🔬 Function 99: MSE = 0.611892
🔬 Function 100: MSE = 0.565109
🔬 Function 101: MSE = 0.572363
🔬 Function 102: MSE = 0.565109
🔬 Function 103: MSE = 0.611892
🔬 Function 104: MSE = 0.578344
🔬 Function 105: MSE = 0.572363
🔬 Function 106: MSE = 0.565109
🔬 Function 107: MSE = 0.611892
🔬 Function 108: MSE = 0.578344
🔬 Function 109: MSE = 0.565109
🔬 Function 110: MSE = 0.611892
🔬 Function 111: MSE = 0.572363
🔬 Function 112: MSE = 0.578344
🔬 Function 113: MSE = 0.565109
🔬 Function 114: MSE = 0.611892
🔬 Function 115: MSE = 0.572363
🔬 Function 116: MSE = 0.578344
Execution error: invalid syntax (<string>, line 14)
Execution error: invalid syntax (<string>, line 12)
🔬 Function 119: MSE = 0.611892
Execution error: invalid syntax (<string>, line 15)
🔬 Function 121: MSE = 0.578247
🔬 Function 122: MSE = 0.571716
🔬 Function 123: MSE = 0.572363
🔬 Function 124: MSE = 0.578344
🔬 Function 125: MSE = 0.571716
🔬 Function 126: MSE = inf
🔬 Function 127: MSE = 0.572363
🔬 Function 128: MSE = 0.578344
🔬 Function 129: MSE = 0.572463
🔬 Function 130: MSE = inf
🔬 Function 131: MSE = 0.578344
🔬 Function 132: MSE = 0.572363
🔬 Function 133: MSE = 0.572463
🔬 Function 134: MSE = 0.563489
🔬 Function 135: MSE = 0.578344
🔬 Function 136: MSE = 0.565319
🔬 Function 137: MSE = 0.563489
🔬 Function 138: MSE = 0.572463
🔬 Function 139: MSE = 0.578344
🔬 Function 140: MSE = 0.565319
🔬 Function 141: MSE = 0.563489
🔬 Function 142: MSE = 0.576446
🔬 Function 143: MSE = 0.565319
🔬 Function 144: MSE = 0.578344
🔬 Function 145: MSE = inf
🔬 Function 146: MSE = 0.578797
🔬 Function 147: MSE = 0.578344
🔬 Function 148: MSE = 0.565319
🔬 Function 149: MSE = inf
🔬 Function 150: MSE = 0.576940
🔬 Function 151: MSE = 0.578344
🔬 Function 152: MSE = 0.565319
🔬 Function 153: MSE = inf
🔬 Function 154: MSE = 0.580983
🔬 Function 155: MSE = 0.559873
🔬 Function 156: MSE = 0.578344
🔬 Function 157: MSE = inf
Execution error: invalid syntax (<string>, line 12)
Execution error: invalid syntax (<string>, line 11)
Execution error: invalid syntax (<string>, line 15)
🔬 Function 161: MSE = inf
🔬 Function 162: MSE = 0.560604
🔬 Function 163: MSE = inf
🔬 Function 164: MSE = 0.578344
🔬 Function 165: MSE = inf
🔬 Function 166: MSE = inf
🔬 Function 167: MSE = inf
🔬 Function 168: MSE = 0.600240
🔬 Function 169: MSE = inf
🔬 Function 170: MSE = inf
🔬 Function 171: MSE = inf
🔬 Function 172: MSE = 0.600558
🔬 Function 173: MSE = inf
🔬 Function 174: MSE = 0.577670
🔬 Function 175: MSE = inf
🔬 Function 176: MSE = inf
🔬 Function 177: MSE = inf
🔬 Function 178: MSE = inf
🔬 Function 179: MSE = inf
🔬 Function 180: MSE = inf
🔬 Function 181: MSE = inf
🔬 Function 182: MSE = inf
🔬 Function 183: MSE = inf
🔬 Function 184: MSE = inf
🔬 Function 185: MSE = inf
🔬 Function 186: MSE = inf
🔬 Function 187: MSE = inf
🔬 Function 188: MSE = inf
🔬 Function 189: MSE = inf
🔬 Function 190: MSE = inf
🔬 Function 191: MSE = inf
🔬 Function 192: MSE = inf
🔬 Function 193: MSE = inf
🔬 Function 194: MSE = inf
🔬 Function 195: MSE = inf
🔬 Function 196: MSE = inf
Execution error: invalid syntax (<string>, line 14)
🔬 Function 198: MSE = inf
🔬 Function 199: MSE = inf
Execution error: invalid syntax (<string>, line 13)
🔬 Function 201: MSE = inf
🔬 Function 202: MSE = inf
🔬 Function 203: MSE = inf
🔬 Function 204: MSE = inf
🔬 Function 205: MSE = 0.581904
🔬 Function 206: MSE = 0.573526
🔬 Function 207: MSE = inf
🔬 Function 208: MSE = inf
🔬 Function 209: MSE = 0.582368
🔬 Function 210: MSE = 0.573526
🔬 Function 211: MSE = inf
🔬 Function 212: MSE = inf
🔬 Function 213: MSE = 0.573526
🔬 Function 214: MSE = 0.583117
🔬 Function 215: MSE = inf
🔬 Function 216: MSE = inf
Execution error: invalid syntax (<string>, line 15)
🔬 Function 218: MSE = 0.573526
🔬 Function 219: MSE = inf
🔬 Function 220: MSE = inf
🔬 Function 221: MSE = 0.573526
🔬 Function 222: MSE = 0.583436
🔬 Function 223: MSE = inf
🔬 Function 224: MSE = inf
🔬 Function 225: MSE = 0.573526
🔬 Function 226: MSE = 0.582207
🔬 Function 227: MSE = 0.581379
🔬 Function 228: MSE = inf
🔬 Function 229: MSE = inf
🔬 Function 230: MSE = 0.580851
🔬 Function 231: MSE = 0.581379
🔬 Function 232: MSE = inf
🔬 Function 233: MSE = inf
🔬 Function 234: MSE = 0.577596
🔬 Function 235: MSE = 0.581379
🔬 Function 236: MSE = inf
🔬 Function 237: MSE = inf
Execution error: invalid syntax (<string>, line 15)
Execution error: invalid character '⚠' (U+26A0) (<string>, line 14)
Execution error: invalid syntax (<string>, line 14)
🔬 Function 241: MSE = 0.576183
🔬 Function 242: MSE = 0.581379
🔬 Function 243: MSE = 0.581379
🔬 Function 244: MSE = 0.579242
🔬 Function 245: MSE = 0.565268
🔬 Function 246: MSE = 0.582849
🔬 Function 247: MSE = inf
🔬 Function 248: MSE = 0.579207
🔬 Function 249: MSE = 0.565268
🔬 Function 250: MSE = 0.608143
🔬 Function 251: MSE = inf
🔬 Function 252: MSE = 0.557174
🔬 Function 253: MSE = 0.565268
🔬 Function 254: MSE = 0.609981
🔬 Function 255: MSE = inf
🔬 Function 256: MSE = 0.557164
🔬 Function 257: MSE = 0.572014
🔬 Function 258: MSE = 0.627136
🔬 Function 259: MSE = inf
🔬 Function 260: MSE = 0.557169
🔬 Function 261: MSE = 0.622187
🔬 Function 262: MSE = 0.572014
🔬 Function 263: MSE = inf
🔬 Function 264: MSE = 0.557166
🔬 Function 265: MSE = 0.572014
🔬 Function 266: MSE = 0.600436
🔬 Function 267: MSE = inf
🔬 Function 268: MSE = 0.573568
🔬 Function 269: MSE = 0.572014
🔬 Function 270: MSE = 0.597057
🔬 Function 271: MSE = inf
🔬 Function 272: MSE = 0.573569
🔬 Function 273: MSE = 0.572014
🔬 Function 274: MSE = 0.596654
🔬 Function 275: MSE = inf
🔬 Function 276: MSE = 0.573567
Execution error: invalid syntax (<string>, line 14)
🔬 Function 278: MSE = 0.603319
🔬 Function 279: MSE = inf
Execution error: invalid syntax (<string>, line 16)
🔬 Function 281: MSE = 0.599197
🔬 Function 282: MSE = inf
🔬 Function 283: MSE = 0.572014
🔬 Function 284: MSE = 0.602948
🔬 Function 285: MSE = 0.597785
🔬 Function 286: MSE = inf
🔬 Function 287: MSE = 0.588619
🔬 Function 288: MSE = 0.598415
🔬 Function 289: MSE = 0.599614
🔬 Function 290: MSE = inf
🔬 Function 291: MSE = inf
🔬 Function 292: MSE = 0.604407
🔬 Function 293: MSE = 0.600237
🔬 Function 294: MSE = 0.585742
🔬 Function 295: MSE = inf
🔬 Function 296: MSE = 0.601322
🔬 Function 297: MSE = 0.596557
🔬 Function 298: MSE = 0.623168
🔬 Function 299: MSE = 0.597079
🔬 Function 300: MSE = inf
🔬 Function 301: MSE = 0.601333
🔬 Function 302: MSE = 0.623168
🔬 Function 303: MSE = 0.600654
🔬 Function 304: MSE = inf
🔬 Function 305: MSE = 0.597578
🔬 Function 306: MSE = 0.623168
🔬 Function 307: MSE = 0.601097
🔬 Function 308: MSE = inf
🔬 Function 309: MSE = 0.602648
🔬 Function 310: MSE = 0.602327
🔬 Function 311: MSE = inf
🔬 Function 312: MSE = inf
🔬 Function 313: MSE = 0.603862
🔬 Function 314: MSE = 0.604899
🔬 Function 315: MSE = inf
🔬 Function 316: MSE = inf
🔬 Function 317: MSE = 0.602183
Execution error: invalid syntax (<string>, line 15)
Execution error: invalid syntax (<string>, line 14)
Execution error: invalid syntax (<string>, line 15)
🔬 Function 321: MSE = 0.594920
🔬 Function 322: MSE = 0.600382
🔬 Function 323: MSE = 0.602030
🔬 Function 324: MSE = 0.598590
🔬 Function 325: MSE = 0.598535
🔬 Function 326: MSE = 0.598297
🔬 Function 327: MSE = 0.598559
🔬 Function 328: MSE = 0.593419
🔬 Function 329: MSE = 0.599709
🔬 Function 330: MSE = 0.605308
🔬 Function 331: MSE = 0.601134
🔬 Function 332: MSE = 0.602029
🔬 Function 333: MSE = 0.597185
🔬 Function 334: MSE = 0.599762
🔬 Function 335: MSE = 0.602737
🔬 Function 336: MSE = 0.597004
🔬 Function 337: MSE = 0.598928
🔬 Function 338: MSE = 0.598204
🔬 Function 339: MSE = 0.593593
🔬 Function 340: MSE = 0.597595
🔬 Function 341: MSE = 0.595880
🔬 Function 342: MSE = 0.596559
🔬 Function 343: MSE = 0.597908
🔬 Function 344: MSE = 0.593216
🔬 Function 345: MSE = 0.599532
🔬 Function 346: MSE = 0.598966
🔬 Function 347: MSE = 0.603320
🔬 Function 348: MSE = 0.601968
🔬 Function 349: MSE = 0.594498
🔬 Function 350: MSE = 0.602917
🔬 Function 351: MSE = 0.595575
🔬 Function 352: MSE = 0.597836
🔬 Function 353: MSE = 0.603868
🔬 Function 354: MSE = 0.593629
🔬 Function 355: MSE = 0.590975
🔬 Function 356: MSE = 0.598811
🔬 Function 357: MSE = 0.598281
🔬 Function 358: MSE = 0.597477
🔬 Function 359: MSE = 0.600802
Execution error: invalid syntax (<string>, line 16)
🔬 Function 361: MSE = 0.595905
🔬 Function 362: MSE = 0.599148
🔬 Function 363: MSE = 0.598822
🔬 Function 364: MSE = 0.597558
🔬 Function 365: MSE = 0.599086
🔬 Function 366: MSE = 0.605326
🔬 Function 367: MSE = 0.601358
🔬 Function 368: MSE = 0.597429
🔬 Function 369: MSE = 0.600984
🔬 Function 370: MSE = 0.595298
🔬 Function 371: MSE = 0.593692
🔬 Function 372: MSE = 0.599884
🔬 Function 373: MSE = 0.597965
🔬 Function 374: MSE = 0.603846
🔬 Function 375: MSE = 0.601885
🔬 Function 376: MSE = 0.601710
🔬 Function 377: MSE = 0.601636
🔬 Function 378: MSE = 0.602018
🔬 Function 379: MSE = 0.601291
🔬 Function 380: MSE = 0.599108
🔬 Function 381: MSE = 0.600520
🔬 Function 382: MSE = 0.597963
🔬 Function 383: MSE = 0.602614
🔬 Function 384: MSE = 0.602027
🔬 Function 385: MSE = 0.603067
🔬 Function 386: MSE = 0.595500
🔬 Function 387: MSE = 0.601334
🔬 Function 388: MSE = 0.595312
🔬 Function 389: MSE = 0.598517
🔬 Function 390: MSE = 0.605114
🔬 Function 391: MSE = 0.597630
🔬 Function 392: MSE = 0.598021
🔬 Function 393: MSE = 0.601948
🔬 Function 394: MSE = 0.597051
🔬 Function 395: MSE = 0.598452
🔬 Function 396: MSE = 0.591103
Execution error: invalid syntax (<string>, line 15)
Execution error: invalid syntax (<string>, line 15)
🔬 Function 399: MSE = 0.596234
Execution error: invalid syntax (<string>, line 16)
🔬 Function 401: MSE = 0.603072
🔬 Function 402: MSE = 0.601554
🔬 Function 403: MSE = 0.598581
🔬 Function 404: MSE = 0.598955
🔬 Function 405: MSE = 0.594335
🔬 Function 406: MSE = 0.594211
🔬 Function 407: MSE = 0.599259
🔬 Function 408: MSE = 0.595486
🔬 Function 409: MSE = 0.593135
🔬 Function 410: MSE = 0.597129
🔬 Function 411: MSE = 0.596599
🔬 Function 412: MSE = 0.597323
🔬 Function 413: MSE = 0.598287
🔬 Function 414: MSE = 0.600063
🔬 Function 415: MSE = 0.598763
🔬 Function 416: MSE = 0.599142
🔬 Function 417: MSE = 0.601722
🔬 Function 418: MSE = 0.597352
🔬 Function 419: MSE = 0.599011
🔬 Function 420: MSE = 0.599930
🔬 Function 421: MSE = 0.598598
🔬 Function 422: MSE = 0.594513
🔬 Function 423: MSE = 0.602299
🔬 Function 424: MSE = 0.600561
🔬 Function 425: MSE = 0.596912
🔬 Function 426: MSE = 0.597800
🔬 Function 427: MSE = 0.602205
🔬 Function 428: MSE = 0.603124
🔬 Function 429: MSE = 0.601013
🔬 Function 430: MSE = 0.601787
🔬 Function 431: MSE = 0.593688
🔬 Function 432: MSE = 0.599650
🔬 Function 433: MSE = 0.596344
🔬 Function 434: MSE = 0.590931
🔬 Function 435: MSE = 0.600721
🔬 Function 436: MSE = 0.600892
🔬 Function 437: MSE = 0.597533
🔬 Function 438: MSE = 0.603321
Execution error: invalid syntax (<string>, line 15)
Execution error: invalid syntax (<string>, line 16)
🔬 Function 441: MSE = 0.598780
🔬 Function 442: MSE = 0.599617
🔬 Function 443: MSE = 0.597713
🔬 Function 444: MSE = 0.599321
🔬 Function 445: MSE = 0.597798
🔬 Function 446: MSE = 0.604126
🔬 Function 447: MSE = 0.596493
🔬 Function 448: MSE = 0.602749
🔬 Function 449: MSE = 0.599248
🔬 Function 450: MSE = 0.601539
🔬 Function 451: MSE = 0.598975
🔬 Function 452: MSE = 0.596283
🔬 Function 453: MSE = 0.604096
🔬 Function 454: MSE = 0.601373
🔬 Function 455: MSE = 0.602247
🔬 Function 456: MSE = 0.604614
🔬 Function 457: MSE = 0.597429
🔬 Function 458: MSE = 0.598441
🔬 Function 459: MSE = 0.597580
🔬 Function 460: MSE = 0.606530
🔬 Function 461: MSE = 0.601351
🔬 Function 462: MSE = 0.597100
🔬 Function 463: MSE = 0.592854
🔬 Function 464: MSE = 0.597837
🔬 Function 465: MSE = 0.594624
🔬 Function 466: MSE = 0.601343
🔬 Function 467: MSE = 0.601511
🔬 Function 468: MSE = 0.600458
🔬 Function 469: MSE = 0.597740
🔬 Function 470: MSE = 0.598930
🔬 Function 471: MSE = 0.600649
🔬 Function 472: MSE = 0.597162
🔬 Function 473: MSE = 0.600342
🔬 Function 474: MSE = 0.603350
🔬 Function 475: MSE = 0.599428
🔬 Function 476: MSE = 0.601170
Execution error: invalid syntax (<string>, line 15)
Execution error: invalid character '⚠' (U+26A0) (<string>, line 15)
🔬 Function 479: MSE = 0.595646
Execution error: invalid syntax (<string>, line 16)
🔬 Function 481: MSE = 0.599771
🔬 Function 482: MSE = 0.597738
🔬 Function 483: MSE = 0.599920
🔬 Function 484: MSE = 0.600216
🔬 Function 485: MSE = 0.597575
🔬 Function 486: MSE = 0.601744
🔬 Function 487: MSE = 0.592220
🔬 Function 488: MSE = 0.592916
🔬 Function 489: MSE = 0.599385
🔬 Function 490: MSE = 0.603314
🔬 Function 491: MSE = 0.604069
🔬 Function 492: MSE = 0.596132
🔬 Function 493: MSE = 0.602525
🔬 Function 494: MSE = 0.605327
🔬 Function 495: MSE = 0.597495
🔬 Function 496: MSE = 0.595272
🔬 Function 497: MSE = 0.600708
🔬 Function 498: MSE = 0.594273
🔬 Function 499: MSE = 0.599436
🔬 Function 500: MSE = 0.591263
🔬 Function 501: MSE = 0.595300
🔬 Function 502: MSE = 0.601067
🔬 Function 503: MSE = 0.598753
🔬 Function 504: MSE = 0.596134
🔬 Function 505: MSE = 0.595270
🔬 Function 506: MSE = 0.599552
🔬 Function 507: MSE = 0.599996
🔬 Function 508: MSE = 0.599957
🔬 Function 509: MSE = 0.603173
🔬 Function 510: MSE = 0.599867
🔬 Function 511: MSE = 0.599998
🔬 Function 512: MSE = 0.597100
🔬 Function 513: MSE = 0.605632
🔬 Function 514: MSE = 0.598963
🔬 Function 515: MSE = 0.602745
🔬 Function 516: MSE = 0.598751
🔬 Function 517: MSE = 0.595601
🔬 Function 518: MSE = 0.601119
Execution error: invalid syntax (<string>, line 15)
Execution error: invalid syntax (<string>, line 16)
🔬 Function 521: MSE = 0.597670
🔬 Function 522: MSE = 0.608303
🔬 Function 523: MSE = 0.601848
🔬 Function 524: MSE = 0.594468
🔬 Function 525: MSE = 0.596461
🔬 Function 526: MSE = 0.591872
🔬 Function 527: MSE = 0.603593
🔬 Function 528: MSE = 0.592159
🔬 Function 529: MSE = 0.599537
🔬 Function 530: MSE = 0.602468
🔬 Function 531: MSE = 0.597976
🔬 Function 532: MSE = 0.600592
🔬 Function 533: MSE = 0.605309
🔬 Function 534: MSE = 0.602519
🔬 Function 535: MSE = 0.601048
🔬 Function 536: MSE = 0.598737
🔬 Function 537: MSE = 0.612001
🔬 Function 538: MSE = 0.595427
🔬 Function 539: MSE = 0.601598
🔬 Function 540: MSE = 0.594299
🔬 Function 541: MSE = 0.600924
🔬 Function 542: MSE = 0.595792
🔬 Function 543: MSE = 0.596864
🔬 Function 544: MSE = 0.599485
🔬 Function 545: MSE = 0.604010
🔬 Function 546: MSE = 0.603226
🔬 Function 547: MSE = 0.605504
🔬 Function 548: MSE = 0.597912
🔬 Function 549: MSE = 0.601902
🔬 Function 550: MSE = 0.602649
🔬 Function 551: MSE = 0.596496
🔬 Function 552: MSE = 0.596215
🔬 Function 553: MSE = 0.612110
🔬 Function 554: MSE = 0.602031
🔬 Function 555: MSE = 0.596722
🔬 Function 556: MSE = 0.595667
Execution error: invalid character '⚠' (U+26A0) (<string>, line 16)
Execution error: invalid syntax (<string>, line 15)
🔬 Function 559: MSE = 0.601160
Execution error: invalid syntax (<string>, line 16)
🔬 Function 561: MSE = 0.602548
🔬 Function 562: MSE = 0.603775
🔬 Function 563: MSE = 0.598244
🔬 Function 564: MSE = 0.615244
🔬 Function 565: MSE = 0.596673
🔬 Function 566: MSE = 0.604418
🔬 Function 567: MSE = 0.593128
🔬 Function 568: MSE = 0.603019
🔬 Function 569: MSE = 0.599825
🔬 Function 570: MSE = 0.608912
🔬 Function 571: MSE = 0.592716
🔬 Function 572: MSE = 0.608523
🔬 Function 573: MSE = 0.600891
🔬 Function 574: MSE = 0.608653
🔬 Function 575: MSE = 0.633700
🔬 Function 576: MSE = 0.598321
🔬 Function 577: MSE = 0.598437
🔬 Function 578: MSE = 0.605569
🔬 Function 579: MSE = 0.626343
🔬 Function 580: MSE = 0.594163
🔬 Function 581: MSE = 0.599010
🔬 Function 582: MSE = 0.606111
🔬 Function 583: MSE = 0.629416
🔬 Function 584: MSE = 0.600037
🔬 Function 585: MSE = 0.599006
🔬 Function 586: MSE = 0.606376
🔬 Function 587: MSE = 0.628252
🔬 Function 588: MSE = 0.601791
🔬 Function 589: MSE = 0.604389
🔬 Function 590: MSE = 0.600393
🔬 Function 591: MSE = 0.631214
🔬 Function 592: MSE = 0.600502
🔬 Function 593: MSE = 0.607832
🔬 Function 594: MSE = 0.602666
🔬 Function 595: MSE = 0.643418
🔬 Function 596: MSE = 0.595086
Execution error: invalid syntax (<string>, line 16)
🔬 Function 598: MSE = 0.594403
🔬 Function 599: MSE = 0.639528
Execution error: invalid syntax (<string>, line 16)
🔬 Function 601: MSE = 0.606594
🔬 Function 602: MSE = 0.656141
🔬 Function 603: MSE = 0.641776
🔬 Function 604: MSE = 0.610056
🔬 Function 605: MSE = 0.620049
🔬 Function 606: MSE = 0.636632
🔬 Function 607: MSE = 0.607166
🔬 Function 608: MSE = 0.641894
🔬 Function 609: MSE = 0.604915
🔬 Function 610: MSE = 0.640408
🔬 Function 611: MSE = 0.599515
🔬 Function 612: MSE = 0.647756
🔬 Function 613: MSE = 0.604565
🔬 Function 614: MSE = 0.655102
🔬 Function 615: MSE = 0.605407
🔬 Function 616: MSE = 0.649632
🔬 Function 617: MSE = 0.608232
🔬 Function 618: MSE = 0.607293
🔬 Function 619: MSE = 0.649331
🔬 Function 620: MSE = 0.647382
🔬 Function 621: MSE = 0.606943
🔬 Function 622: MSE = 0.604511
🔬 Function 623: MSE = 0.628737
🔬 Function 624: MSE = 0.642294
🔬 Function 625: MSE = 0.613466
🔬 Function 626: MSE = 0.605991
🔬 Function 627: MSE = 0.637512
🔬 Function 628: MSE = 0.639474
🔬 Function 629: MSE = 0.607505
🔬 Function 630: MSE = 0.604482
🔬 Function 631: MSE = 0.633422
🔬 Function 632: MSE = 0.628623
🔬 Function 633: MSE = 0.612477
🔬 Function 634: MSE = 0.599804
🔬 Function 635: MSE = 0.633690
🔬 Function 636: MSE = 0.641560
🔬 Function 637: MSE = 0.603710
Execution error: invalid syntax (<string>, line 15)
🔬 Function 639: MSE = 0.604964
Execution error: invalid syntax (<string>, line 16)
🔬 Function 641: MSE = 0.631594
🔬 Function 642: MSE = 0.643162
🔬 Function 643: MSE = 0.642674
🔬 Function 644: MSE = 0.646250
🔬 Function 645: MSE = 0.647429
🔬 Function 646: MSE = 0.637142
🔬 Function 647: MSE = 0.641092
🔬 Function 648: MSE = 0.648116
🔬 Function 649: MSE = 0.640073
🔬 Function 650: MSE = 0.652404
🔬 Function 651: MSE = 0.632842
🔬 Function 652: MSE = 0.655258
🔬 Function 653: MSE = 0.629277
🔬 Function 654: MSE = 0.649781
🔬 Function 655: MSE = 0.637171
🔬 Function 656: MSE = 0.629767
🔬 Function 657: MSE = 0.643246
🔬 Function 658: MSE = 0.633076
🔬 Function 659: MSE = 0.630113
🔬 Function 660: MSE = 0.660133
🔬 Function 661: MSE = 0.645485
🔬 Function 662: MSE = 0.646519
🔬 Function 663: MSE = 0.630560
🔬 Function 664: MSE = 0.635526
🔬 Function 665: MSE = 0.645075
🔬 Function 666: MSE = 0.638510
🔬 Function 667: MSE = 0.649315
🔬 Function 668: MSE = 0.632224
🔬 Function 669: MSE = 0.648502
🔬 Function 670: MSE = 0.642803
🔬 Function 671: MSE = 0.630764
🔬 Function 672: MSE = 0.637849
🔬 Function 673: MSE = 0.638385
🔬 Function 674: MSE = 0.633878
🔬 Function 675: MSE = 0.639695
🔬 Function 676: MSE = 0.643685
🔬 Function 677: MSE = 0.631690
Execution error: invalid syntax (<string>, line 15)
🔬 Function 679: MSE = inf
Execution error: invalid syntax (<string>, line 16)
🔬 Function 681: MSE = 0.627331
🔬 Function 682: MSE = 0.637285
🔬 Function 683: MSE = 0.640015
🔬 Function 684: MSE = 0.641483
🔬 Function 685: MSE = inf
🔬 Function 686: MSE = 0.640926
🔬 Function 687: MSE = 0.639932
🔬 Function 688: MSE = inf
🔬 Function 689: MSE = 0.633514
🔬 Function 690: MSE = 0.640504
🔬 Function 691: MSE = 0.645407
🔬 Function 692: MSE = 0.631212
🔬 Function 693: MSE = 0.633229
🔬 Function 694: MSE = 0.650067
🔬 Function 695: MSE = 0.644006
🔬 Function 696: MSE = 0.647889
🔬 Function 697: MSE = 0.641478
🔬 Function 698: MSE = 0.636179
🔬 Function 699: MSE = 0.636738
🔬 Function 700: MSE = 0.637268
Execution error: invalid syntax (<string>, line 15)
🔬 Function 702: MSE = 0.631049
🔬 Function 703: MSE = 0.627893
🔬 Function 704: MSE = 0.638744
🔬 Function 705: MSE = 0.626006
🔬 Function 706: MSE = 0.642013
🔬 Function 707: MSE = 0.643436
🔬 Function 708: MSE = 0.640184
🔬 Function 709: MSE = 0.644217
🔬 Function 710: MSE = 0.650268
🔬 Function 711: MSE = 0.641798
🔬 Function 712: MSE = 0.641560
🔬 Function 713: MSE = 0.643859
🔬 Function 714: MSE = 0.630167
🔬 Function 715: MSE = 0.639749
🔬 Function 716: MSE = 0.663895
Execution error: invalid syntax (<string>, line 15)
Execution error: invalid syntax (<string>, line 15)
Execution error: invalid syntax (<string>, line 15)
Execution error: invalid syntax (<string>, line 16)
🔬 Function 721: MSE = inf
🔬 Function 722: MSE = 0.643286
🔬 Function 723: MSE = 0.636500
🔬 Function 724: MSE = 0.645056
🔬 Function 725: MSE = 0.632032
🔬 Function 726: MSE = 0.635427
🔬 Function 727: MSE = 0.646753
🔬 Function 728: MSE = 0.639538
🔬 Function 729: MSE = 0.641382
🔬 Function 730: MSE = 0.651302
🔬 Function 731: MSE = 0.642214
🔬 Function 732: MSE = 0.631532
🔬 Function 733: MSE = 0.641674
🔬 Function 734: MSE = 0.642798
🔬 Function 735: MSE = 0.647396
🔬 Function 736: MSE = 0.651874
🔬 Function 737: MSE = 0.640996
🔬 Function 738: MSE = 0.637408
🔬 Function 739: MSE = 0.651130
🔬 Function 740: MSE = 0.641629
🔬 Function 741: MSE = 0.639716
🔬 Function 742: MSE = 0.639060
🔬 Function 743: MSE = 0.636122
🔬 Function 744: MSE = 0.639929
🔬 Function 745: MSE = 0.633892
🔬 Function 746: MSE = 0.638350
🔬 Function 747: MSE = 0.639419
🔬 Function 748: MSE = 0.631035
🔬 Function 749: MSE = 0.633301
🔬 Function 750: MSE = 0.646798
🔬 Function 751: MSE = 0.646602
🔬 Function 752: MSE = 0.639243
🔬 Function 753: MSE = 0.628037
🔬 Function 754: MSE = 0.641943
🔬 Function 755: MSE = 0.636397
🔬 Function 756: MSE = 0.649200
Execution error: invalid syntax (<string>, line 15)
🔬 Function 758: MSE = 0.638212
🔬 Function 759: MSE = 0.646373
Execution error: invalid syntax (<string>, line 16)
🔬 Function 761: MSE = 0.641600
🔬 Function 762: MSE = 0.642098
🔬 Function 763: MSE = 0.641154
🔬 Function 764: MSE = 0.648967
🔬 Function 765: MSE = 0.647432
🔬 Function 766: MSE = 0.643408
🔬 Function 767: MSE = 0.635149
🔬 Function 768: MSE = 0.641302
🔬 Function 769: MSE = 0.633918
🔬 Function 770: MSE = 0.629346
🔬 Function 771: MSE = 0.642623
🔬 Function 772: MSE = 0.632747
🔬 Function 773: MSE = 0.663807
🔬 Function 774: MSE = 0.619928
🔬 Function 775: MSE = 0.649026
🔬 Function 776: MSE = 0.644422
🔬 Function 777: MSE = 0.620352
🔬 Function 778: MSE = 0.638504
🔬 Function 779: MSE = 0.638694
🔬 Function 780: MSE = 0.639531
🔬 Function 781: MSE = 0.636305
🔬 Function 782: MSE = 0.642168
🔬 Function 783: MSE = 0.651530
🔬 Function 784: MSE = 0.642419
🔬 Function 785: MSE = 0.640410
🔬 Function 786: MSE = 0.636856
🔬 Function 787: MSE = 0.633816
🔬 Function 788: MSE = 0.651435
🔬 Function 789: MSE = 0.620557
🔬 Function 790: MSE = 0.648380
🔬 Function 791: MSE = 0.644512
🔬 Function 792: MSE = 0.634445
🔬 Function 793: MSE = 0.611940
🔬 Function 794: MSE = 0.643344
🔬 Function 795: MSE = 0.630091
🔬 Function 796: MSE = 0.633505
Execution error: invalid syntax (<string>, line 15)
Execution error: invalid syntax (<string>, line 15)
Execution error: invalid syntax (<string>, line 15)
Execution error: invalid syntax (<string>, line 16)
🔬 Function 801: MSE = 0.622304
🔬 Function 802: MSE = 0.639782
🔬 Function 803: MSE = 0.640191
🔬 Function 804: MSE = 0.622076
🔬 Function 805: MSE = 0.629391
🔬 Function 806: MSE = 0.643315
🔬 Function 807: MSE = 0.639483
🔬 Function 808: MSE = 0.626759
🔬 Function 809: MSE = 0.624239
🔬 Function 810: MSE = 0.634666
🔬 Function 811: MSE = 0.636458
🔬 Function 812: MSE = 0.628823
🔬 Function 813: MSE = 0.624868
🔬 Function 814: MSE = 0.645619
🔬 Function 815: MSE = 0.635069
🔬 Function 816: MSE = 0.627519
🔬 Function 817: MSE = 0.626359
🔬 Function 818: MSE = 0.655394
🔬 Function 819: MSE = 0.644465
🔬 Function 820: MSE = 0.627287
🔬 Function 821: MSE = 0.625012
🔬 Function 822: MSE = 0.642582
🔬 Function 823: MSE = 0.631606
🔬 Function 824: MSE = 0.631256
🔬 Function 825: MSE = 0.632418
🔬 Function 826: MSE = 0.640503
🔬 Function 827: MSE = 0.648375
🔬 Function 828: MSE = 0.629894
🔬 Function 829: MSE = 0.619018
🔬 Function 830: MSE = 0.643363
🔬 Function 831: MSE = 0.620890
🔬 Function 832: MSE = 0.637605
🔬 Function 833: MSE = 0.623942
🔬 Function 834: MSE = 0.641994
🔬 Function 835: MSE = 0.616905
🔬 Function 836: MSE = 0.639671
🔬 Function 837: MSE = 0.631255
Execution error: invalid syntax (<string>, line 15)
Execution error: invalid syntax (<string>, line 15)
Execution error: invalid syntax (<string>, line 16)
🔬 Function 841: MSE = 0.620147
🔬 Function 842: MSE = 0.629542
🔬 Function 843: MSE = 0.620177
🔬 Function 844: MSE = 0.631066
🔬 Function 845: MSE = 0.631781
🔬 Function 846: MSE = 0.634240
🔬 Function 847: MSE = 0.618736
🔬 Function 848: MSE = 0.627754
🔬 Function 849: MSE = 0.615596
🔬 Function 850: MSE = 0.622581
🔬 Function 851: MSE = 0.619325
🔬 Function 852: MSE = 0.628089
🔬 Function 853: MSE = 0.624195
🔬 Function 854: MSE = 0.629027
🔬 Function 855: MSE = 0.613660
🔬 Function 856: MSE = 0.624306
🔬 Function 857: MSE = 0.608805
🔬 Function 858: MSE = 0.625563
🔬 Function 859: MSE = 0.621538
🔬 Function 860: MSE = 0.624525
🔬 Function 861: MSE = 0.629517
🔬 Function 862: MSE = 0.625880
🔬 Function 863: MSE = 0.622154
🔬 Function 864: MSE = 0.616985
🔬 Function 865: MSE = 0.633693
🔬 Function 866: MSE = 0.626525
🔬 Function 867: MSE = 0.625664
🔬 Function 868: MSE = 0.622529
🔬 Function 869: MSE = 0.618409
🔬 Function 870: MSE = 0.634189
🔬 Function 871: MSE = 0.633070
🔬 Function 872: MSE = 0.628780
🔬 Function 873: MSE = 0.613079
🔬 Function 874: MSE = 0.623839
🔬 Function 875: MSE = 0.616427
🔬 Function 876: MSE = 0.632434
Execution error: invalid syntax (<string>, line 15)
Execution error: invalid character '⚠' (U+26A0) (<string>, line 15)
Execution error: invalid syntax (<string>, line 15)
Execution error: invalid syntax (<string>, line 16)
🔬 Function 881: MSE = 0.640085
🔬 Function 882: MSE = 0.625486
🔬 Function 883: MSE = 0.615713
🔬 Function 884: MSE = 0.616120
🔬 Function 885: MSE = 0.633101
🔬 Function 886: MSE = 0.618329
🔬 Function 887: MSE = 0.621367
🔬 Function 888: MSE = 0.624470
🔬 Function 889: MSE = 0.616766
🔬 Function 890: MSE = 0.623613
🔬 Function 891: MSE = 0.618608
🔬 Function 892: MSE = 0.623269
🔬 Function 893: MSE = 0.633052
🔬 Function 894: MSE = 0.625325
🔬 Function 895: MSE = 0.619043
🔬 Function 896: MSE = 0.621389
🔬 Function 897: MSE = 0.627622
🔬 Function 898: MSE = 0.626456
🔬 Function 899: MSE = 0.629342
🔬 Function 900: MSE = 0.616781
🔬 Function 901: MSE = 0.624653
🔬 Function 902: MSE = 0.628074
🔬 Function 903: MSE = 0.620766
🔬 Function 904: MSE = 0.631197
🔬 Function 905: MSE = 0.624237
🔬 Function 906: MSE = 0.611794
🔬 Function 907: MSE = 0.622103
🔬 Function 908: MSE = 0.622936
🔬 Function 909: MSE = 0.616662
🔬 Function 910: MSE = 0.630186
🔬 Function 911: MSE = 0.636067
🔬 Function 912: MSE = 0.623919
🔬 Function 913: MSE = 0.631746
🔬 Function 914: MSE = 0.621713
🔬 Function 915: MSE = 0.616643
🔬 Function 916: MSE = 0.635135
Execution error: invalid syntax (<string>, line 15)
🔬 Function 918: MSE = 0.631767
Execution error: invalid character '⚠' (U+26A0) (<string>, line 15)
Execution error: invalid syntax (<string>, line 16)
🔬 Function 921: MSE = 0.633285
🔬 Function 922: MSE = 0.628711
🔬 Function 923: MSE = 0.628392
🔬 Function 924: MSE = 0.625460
🔬 Function 925: MSE = 0.632418
🔬 Function 926: MSE = 0.623502
🔬 Function 927: MSE = 0.624112
🔬 Function 928: MSE = 0.623896
🔬 Function 929: MSE = 0.634836
🔬 Function 930: MSE = 0.623999
🔬 Function 931: MSE = 0.622499
🔬 Function 932: MSE = 0.624367
🔬 Function 933: MSE = 0.625429
🔬 Function 934: MSE = 0.626703
🔬 Function 935: MSE = 0.622887
🔬 Function 936: MSE = 0.623151
🔬 Function 937: MSE = 0.625737
🔬 Function 938: MSE = 0.629872
🔬 Function 939: MSE = 0.624793
🔬 Function 940: MSE = 0.655410
🔬 Function 941: MSE = 0.626490
🔬 Function 942: MSE = 0.634215
🔬 Function 943: MSE = 0.624103
🔬 Function 944: MSE = 0.613056
🔬 Function 945: MSE = 0.621154
🔬 Function 946: MSE = 0.624334
🔬 Function 947: MSE = 0.621354
🔬 Function 948: MSE = 0.616940
🔬 Function 949: MSE = 0.634486
🔬 Function 950: MSE = 0.619131
🔬 Function 951: MSE = 0.630661
🔬 Function 952: MSE = 0.624499
🔬 Function 953: MSE = 0.633295
🔬 Function 954: MSE = 0.641117
🔬 Function 955: MSE = 0.639685
🔬 Function 956: MSE = 0.628382
🔬 Function 957: MSE = 0.632448
Execution error: invalid syntax (<string>, line 15)
🔬 Function 959: MSE = 0.622965
Execution error: invalid syntax (<string>, line 16)
🔬 Function 961: MSE = 0.634291
🔬 Function 962: MSE = 0.622225
🔬 Function 963: MSE = 0.634087
🔬 Function 964: MSE = 0.632225
🔬 Function 965: MSE = 0.626936
🔬 Function 966: MSE = 0.619030
🔬 Function 967: MSE = 0.629553
🔬 Function 968: MSE = 0.627086
🔬 Function 969: MSE = 0.625970
🔬 Function 970: MSE = 0.620910
🔬 Function 971: MSE = 0.618156
🔬 Function 972: MSE = 0.631891
🔬 Function 973: MSE = 0.618353
🔬 Function 974: MSE = 0.621816
🔬 Function 975: MSE = 0.620817
🔬 Function 976: MSE = 0.628376
🔬 Function 977: MSE = 0.631227
🔬 Function 978: MSE = 0.638456
🔬 Function 979: MSE = 0.625220
🔬 Function 980: MSE = 0.625851
🔬 Function 981: MSE = 0.621801
🔬 Function 982: MSE = 0.615201
🔬 Function 983: MSE = 0.663089
🔬 Function 984: MSE = 0.625719
🔬 Function 985: MSE = 0.607639
🔬 Function 986: MSE = 0.615919
🔬 Function 987: MSE = 0.627927
🔬 Function 988: MSE = 0.630547
🔬 Function 989: MSE = 0.619482
🔬 Function 990: MSE = 0.616189
🔬 Function 991: MSE = 0.626308
🔬 Function 992: MSE = 0.620243
🔬 Function 993: MSE = 0.625223
🔬 Function 994: MSE = 0.632037
🔬 Function 995: MSE = 0.615505
🔬 Function 996: MSE = 0.616456
🔬 Function 997: MSE = 0.627556
Execution error: invalid syntax (<string>, line 15)
Execution error: invalid syntax (<string>, line 15)
Execution error: invalid syntax (<string>, line 16)
🔬 Function 1001: MSE = 0.617042
🔬 Function 1002: MSE = 0.635957
🔬 Function 1003: MSE = 0.618329
🔬 Function 1004: MSE = 0.620086
🔬 Function 1005: MSE = 0.621517
🔬 Function 1006: MSE = 0.624909
🔬 Function 1007: MSE = 0.615381
🔬 Function 1008: MSE = 0.668270
🔬 Function 1009: MSE = 0.622986
🔬 Function 1010: MSE = 0.625537
🔬 Function 1011: MSE = 0.618969
🔬 Function 1012: MSE = 0.676660
🔬 Function 1013: MSE = 0.636671
🔬 Function 1014: MSE = 0.616223
🔬 Function 1015: MSE = 0.625315
🔬 Function 1016: MSE = 0.662445
🔬 Function 1017: MSE = 0.636299
🔬 Function 1018: MSE = 0.630681
🔬 Function 1019: MSE = 0.623970
🔬 Function 1020: MSE = 0.665513
🔬 Function 1021: MSE = 0.616942
🔬 Function 1022: MSE = 0.627534
🔬 Function 1023: MSE = 0.622629
🔬 Function 1024: MSE = 0.666735
🔬 Function 1025: MSE = 0.612264
🔬 Function 1026: MSE = 0.619721
🔬 Function 1027: MSE = 0.626575
🔬 Function 1028: MSE = inf
🔬 Function 1029: MSE = 0.627106
🔬 Function 1030: MSE = 0.626342
🔬 Function 1031: MSE = 0.623052
🔬 Function 1032: MSE = 0.688975
🔬 Function 1033: MSE = 0.633491
🔬 Function 1034: MSE = 0.645575
🔬 Function 1035: MSE = 0.627713
🔬 Function 1036: MSE = 0.668045
Execution error: invalid syntax (<string>, line 15)
🔬 Function 1038: MSE = 0.624269
Execution error: invalid syntax (<string>, line 15)
Execution error: invalid syntax (<string>, line 17)
🔬 Function 1041: MSE = 0.665363
🔬 Function 1042: MSE = 0.632236
🔬 Function 1043: MSE = inf
🔬 Function 1044: MSE = 0.625787
🔬 Function 1045: MSE = 0.621164
🔬 Function 1046: MSE = 0.691376
🔬 Function 1047: MSE = 0.622684
🔬 Function 1048: MSE = 0.654298
🔬 Function 1049: MSE = 0.617112
🔬 Function 1050: MSE = 0.661492
🔬 Function 1051: MSE = 0.629343
🔬 Function 1052: MSE = 0.670609
🔬 Function 1053: MSE = 0.623851
🔬 Function 1054: MSE = 0.679778
🔬 Function 1055: MSE = 0.629012
🔬 Function 1056: MSE = 0.683081
🔬 Function 1057: MSE = 0.671596
🔬 Function 1058: MSE = 0.616472
🔬 Function 1059: MSE = 0.684565
🔬 Function 1060: MSE = 0.631242
🔬 Function 1061: MSE = 0.616861
🔬 Function 1062: MSE = inf
🔬 Function 1063: MSE = 0.661939
🔬 Function 1064: MSE = 0.623070
🔬 Function 1065: MSE = 0.616649
🔬 Function 1066: MSE = 0.673950
🔬 Function 1067: MSE = 0.650328
🔬 Function 1068: MSE = 0.634753
🔬 Function 1069: MSE = 0.616275
🔬 Function 1070: MSE = 0.684449
🔬 Function 1071: MSE = 0.672634
🔬 Function 1072: MSE = 0.632763
🔬 Function 1073: MSE = 0.630271
🔬 Function 1074: MSE = 0.663260
🔬 Function 1075: MSE = 0.624263
🔬 Function 1076: MSE = 0.678166
🔬 Function 1077: MSE = 0.630756
Execution error: invalid syntax (<string>, line 16)
Execution error: invalid syntax (<string>, line 15)
Execution error: invalid syntax (<string>, line 17)
🔬 Function 1081: MSE = 0.664568
🔬 Function 1082: MSE = 0.667391
🔬 Function 1083: MSE = 0.664832
🔬 Function 1084: MSE = 0.659162
🔬 Function 1085: MSE = 0.663713
🔬 Function 1086: MSE = inf
🔬 Function 1087: MSE = 0.669226
🔬 Function 1088: MSE = 0.656568
🔬 Function 1089: MSE = 0.665233
🔬 Function 1090: MSE = inf
🔬 Function 1091: MSE = 0.684094
🔬 Function 1092: MSE = inf
🔬 Function 1093: MSE = 0.681305
🔬 Function 1094: MSE = 0.675886
🔬 Function 1095: MSE = 0.664252
🔬 Function 1096: MSE = inf
🔬 Function 1097: MSE = 0.659085
🔬 Function 1098: MSE = 0.672120
🔬 Function 1099: MSE = 0.665885
🔬 Function 1100: MSE = 0.681578
🔬 Function 1101: MSE = 0.677871
🔬 Function 1102: MSE = inf
🔬 Function 1103: MSE = 0.659756
🔬 Function 1104: MSE = 0.660796
🔬 Function 1105: MSE = 0.660985
🔬 Function 1106: MSE = 0.660088
🔬 Function 1107: MSE = 0.651991
🔬 Function 1108: MSE = 0.684984
🔬 Function 1109: MSE = 0.676460
🔬 Function 1110: MSE = 0.667386
🔬 Function 1111: MSE = 0.697370
🔬 Function 1112: MSE = 0.675248
🔬 Function 1113: MSE = 0.663284
🔬 Function 1114: MSE = 0.655645
🔬 Function 1115: MSE = inf
🔬 Function 1116: MSE = inf
🔬 Function 1117: MSE = inf
Execution error: invalid syntax (<string>, line 16)
Execution error: invalid syntax (<string>, line 16)
Execution error: invalid syntax (<string>, line 17)
🔬 Function 1121: MSE = 0.670946
🔬 Function 1122: MSE = 0.671721
🔬 Function 1123: MSE = 0.669933
🔬 Function 1124: MSE = 0.691359
🔬 Function 1125: MSE = 0.678255
🔬 Function 1126: MSE = 0.678272
🔬 Function 1127: MSE = 0.667519
🔬 Function 1128: MSE = 0.673467
🔬 Function 1129: MSE = inf
🔬 Function 1130: MSE = 0.651140
🔬 Function 1131: MSE = 0.679306
🔬 Function 1132: MSE = inf
🔬 Function 1133: MSE = 0.676046
🔬 Function 1134: MSE = inf
🔬 Function 1135: MSE = inf
🔬 Function 1136: MSE = 0.658099
🔬 Function 1137: MSE = inf
🔬 Function 1138: MSE = 0.685991
🔬 Function 1139: MSE = 0.662569
🔬 Function 1140: MSE = inf
🔬 Function 1141: MSE = 0.659948
🔬 Function 1142: MSE = inf
🔬 Function 1143: MSE = 0.660818
🔬 Function 1144: MSE = 0.674550
🔬 Function 1145: MSE = 0.668819
🔬 Function 1146: MSE = 0.657605
🔬 Function 1147: MSE = inf
🔬 Function 1148: MSE = inf
🔬 Function 1149: MSE = inf
🔬 Function 1150: MSE = 0.683270
🔬 Function 1151: MSE = inf
🔬 Function 1152: MSE = 0.666589
🔬 Function 1153: MSE = inf
🔬 Function 1154: MSE = 0.685469
🔬 Function 1155: MSE = 0.664198
🔬 Function 1156: MSE = 0.683866
🔬 Function 1157: MSE = 0.662551
Execution error: invalid syntax (<string>, line 16)
🔬 Function 1159: MSE = 0.697605
Execution error: invalid syntax (<string>, line 17)
🔬 Function 1161: MSE = 0.661759
🔬 Function 1162: MSE = inf
🔬 Function 1163: MSE = 0.666424
🔬 Function 1164: MSE = inf
🔬 Function 1165: MSE = inf
🔬 Function 1166: MSE = inf
🔬 Function 1167: MSE = 0.661301
🔬 Function 1168: MSE = 0.669359
🔬 Function 1169: MSE = 0.665468
🔬 Function 1170: MSE = 0.655222
🔬 Function 1171: MSE = inf
🔬 Function 1172: MSE = 0.645918
🔬 Function 1173: MSE = 0.674131
🔬 Function 1174: MSE = 0.661157
🔬 Function 1175: MSE = inf
🔬 Function 1176: MSE = inf
🔬 Function 1177: MSE = 0.669631
🔬 Function 1178: MSE = inf
🔬 Function 1179: MSE = 0.686015
🔬 Function 1180: MSE = 0.664638

🏆 Best Function Code:

def aproximate(x, F, P, Q, z, R):
    noise = np.random.normal(0, 0.0001, P.shape)
    xp = F @ x
    P = F @ P @ F.T + Q + noise
    y = z - xp
    damping = 0.95 + 0.05 * np.mean(y**2)
    mean_F = F.mean(axis=1)[:, None]
    S = P + R + mean_F * 2.5
    inv_S = np.linalg.inv(S)
    K = P @ inv_S
    K *= damping
    x = xp + K @ y
    P = (np.eye(F.shape[0]) - K) @ P
    P = P - P.min() * 0.5
    return xp, P, y, S, K, x

✅ Validation MSE: 0.557164

🧪 Test MSE (vs target): 0.565443

🏑 Kalman Filter Baseline MSE (vs target): 1.638656
