Detected 4 GPU(s). We will spawn 4 processes.


==== Outer Iteration 0 ====
[Process 0] started on GPU 0, running 10 iterations...
[Process 2] started on GPU 2, running 10 iterations...
[Process 3] started on GPU 3, running 10 iterations...
[Process 1] started on GPU 1, running 10 iterations...
[Process 3] step=0, generation took 651.37s
[Process 3] best score so far: 2.0769686914932475, content:
def fun(i1, i2, i3, i4):
    temp1 = i1 @ i2.T
    temp2 = i3 + i4.T
    o1 = temp1
    o2 = temp2
    return o1, o2

[Process 2] step=0, generation took 652.80s
[Process 2] best score so far: 2.0769686914932475, content:
def fun(i1, i2, i3, i4):
    o1 = i1 @ i2.T
    o2 = i3 + i4.T
    return o1, o2

[Process 0] step=0, generation took 653.18s
[Process 0] best score so far: 2.0769686914932475, content:
def fun(i1, i2, i3, i4):
    o1 = i1 @ i2.T
    o2 = i3 + i4.T
    return o1, o2

[Process 1] step=0, generation took 653.12s
[Process 1] best score so far: 2.0769686914932475, content:
def fun(i1, i2, i3, i4):
    o1 = i1 @ i2.T
    o2 = i3 + i4
    return o1, o2

[Process 3] step=1, generation took 642.01s
[Process 3] best score so far: 1.2156505999813085, content:
def fun(i1, i2, i3, i4):
    o1 = i1.T @ i2.T
    o2 = i3 @ i4.T + i2
    return o1, o2

[Process 1] step=1, generation took 646.31s
[Process 1] best score so far: 2.0769686914932475, content:
def fun(i1, i2, i3, i4):
    o1 = i1 @ i2.T
    o2 = i3 + i4
    return o1, o2

[Process 2] step=1, generation took 646.82s
[Process 2] best score so far: 2.0769686914932475, content:
def fun(i1, i2, i3, i4):
    o1 = i1 @ i2.T
    o2 = i3 + i4.T
    return o1, o2

[Process 0] step=1, generation took 648.61s
[Process 0] best score so far: 2.0769686914932475, content:
def fun(i1, i2, i3, i4):
    temp1 = i1 @ i2.T
    temp2 = i3 + i4
    o1 = temp1
    o2 = temp2
    return o1, o2

[Process 3] step=2, generation took 642.66s
[Process 3] best score so far: 1.2156505999813085, content:
def fun(i1, i2, i3, i4):
    o1 = i1.T @ i2.T
    o2 = i3 @ i4.T + i2
    return o1, o2

[Process 2] step=2, generation took 646.41s
[Process 2] best score so far: 2.0769686914932475, content:
def fun(i1, i2, i3, i4):
    temp = i1 @ i2.T
    o1 = temp.T
    o2 = i3 + i4
    return o1, o2

[Process 1] step=2, generation took 646.72s
[Process 1] best score so far: 2.0769686914932475, content:
def fun(i1, i2, i3, i4):
    o1 = i1 @ i2.T
    o2 = i3 + i4
    return o1, o2

[Process 0] step=2, generation took 647.30s
[Process 0] best score so far: 2.0769686914932475, content:
def fun(i1, i2, i3, i4):
    temp1 = i1 @ i2.T
    temp2 = i3 + i4.T
    o1 = temp1
    o2 = temp2
    return o1, o2

[Process 3] step=3, generation took 643.09s
[Process 3] best score so far: 1.2156505999813085, content:
def fun(i1, i2, i3, i4):
    o1 = i1.T @ i2.T
    o2 = i3 @ i4.T + i2
    return o1, o2

[Process 2] step=3, generation took 646.95s
[Process 2] best score so far: 2.0769686914932475, content:
def fun(i1, i2, i3, i4):
    temp = i1 @ i2.T
    o1 = temp.T
    o2 = i3 + i4
    return o1, o2

[Process 1] step=3, generation took 645.98s
[Process 1] best score so far: 2.0769686914932475, content:
def fun(i1, i2, i3, i4):
    o1 = i1 @ i2.T
    o2 = i3 + i4
    return o1, o2

[Process 0] step=3, generation took 647.51s
[Process 0] best score so far: 1.2200715418530583, content:
def fun(i1, i2, i3, i4):
    o1 = i1 @ i2.T
    o2 = i3.T @ i4 + i2
    return o1, o2

[Process 3] step=4, generation took 642.21s
[Process 3] best score so far: 1.2156505999813085, content:
def fun(i1, i2, i3, i4):
    o1 = i1.T @ i2.T
    o2 = i3 @ i4.T + i2
    return o1, o2

[Process 1] step=4, generation took 644.30s
[Process 1] best score so far: 2.0769686914932475, content:
def fun(i1, i2, i3, i4):
    o1 = i1 @ i2.T
    o2 = i3 + i4
    return o1, o2

[Process 2] step=4, generation took 646.31s
[Process 2] best score so far: 2.0769686914932475, content:
def fun(i1, i2, i3, i4):
    o1 = i2 @ i1.T
    o2 = i3 + i4
    return o1, o2

[Process 0] step=4, generation took 649.29s
[Process 0] best score so far: 1.2200715418530583, content:
def fun(i1, i2, i3, i4):
    o1 = i1 @ i2.T
    o2 = i3.T @ i4 + i2
    return o1, o2

[Process 3] step=5, generation took 643.19s
[Process 3] best score so far: 1.2156505999813085, content:
def fun(i1, i2, i3, i4):
    o1 = i1.T @ i2.T
    o2 = i3 @ i4.T + i2
    return o1, o2

[Process 1] step=5, generation took 646.54s
[Process 1] best score so far: 2.0769686914932475, content:
def fun(i1, i2, i3, i4):
    o1 = i1 @ i2.T
    o2 = i3 + i4
    return o1, o2

[Process 2] step=5, generation took 647.48s
[Process 2] best score so far: 2.0769686914932475, content:
def fun(i1, i2, i3, i4):
    o1 = i2 @ i1.T
    o2 = i3 + i4
    return o1, o2

[Process 0] step=5, generation took 647.43s
[Process 0] best score so far: 1.2156505999813085, content:
def fun(i1, i2, i3, i4):
    o1 = i1 @ i2.T
    o2 = i3 @ i4.T + i2
    return o1, o2

[Process 3] step=6, generation took 643.37s
[Process 3] best score so far: 1.2156505999813085, content:
def fun(i1, i2, i3, i4):
    o1 = i1.T @ i2.T
    o2 = i3 @ i4.T + i2
    return o1, o2

[Process 1] step=6, generation took 646.24s
[Process 1] best score so far: 2.0769686914932475, content:
def fun(i1, i2, i3, i4):
    o1 = i1 @ i2.T
    o2 = i3 + i4
    return o1, o2

[Process 2] step=6, generation took 644.93s
[Process 2] best score so far: 2.0769686914932475, content:
def fun(i1, i2, i3, i4):
    o1 = i2 @ i1.T
    o2 = i3 + i4
    return o1, o2

[Process 0] step=6, generation took 648.06s
[Process 0] best score so far: 1.2156505999813085, content:
def fun(i1, i2, i3, i4):
    o1 = i1 @ i2.T
    o2 = i3 @ i4.T + i2
    return o1, o2

[Process 3] step=7, generation took 643.00s
[Process 3] best score so far: 1.2156505999813085, content:
def fun(i1, i2, i3, i4):
    o1 = i1.T @ i2.T
    o2 = i3 @ i4.T + i2
    return o1, o2

[Process 1] step=7, generation took 646.75s
[Process 1] best score so far: 2.0769686914932475, content:
def fun(i1, i2, i3, i4):
    o1 = i2 @ i1.T
    o2 = i4.T + i3
    return o1, o2

[Process 2] step=7, generation took 646.75s
[Process 2] best score so far: 2.0769686914932475, content:
def fun(i1, i2, i3, i4):
    o1 = i2 @ i1.T
    o2 = i3 + i4
    return o1, o2

[Process 0] step=7, generation took 647.66s
[Process 0] best score so far: 1.2156505999813085, content:
def fun(i1, i2, i3, i4):
    o1 = i1 @ i2.T
    o2 = i3 @ i4.T + i2
    return o1, o2

[Process 3] step=8, generation took 638.23s
[Process 3] best score so far: 1.1884667655732366, content:
def fun(i1, i2, i3, i4):
    o1 = i2 @ i1.T
    o2 = i4 @ i3.T + i2
    return o1, o2

[Process 2] step=8, generation took 645.40s
[Process 2] best score so far: 1.2925318469012927, content:
def fun(i1, i2, i3, i4):
    o1 = i1 @ i2.T
    o2 = i2.T + i3
    return o1, o2

[Process 1] step=8, generation took 647.31s
[Process 1] best score so far: 1.2493910610214956, content:
def fun(i1, i2, i3, i4):
    o1 = i2 @ i1
    o2 = i3 + i4 + i2
    return o1, o2

[Process 0] step=8, generation took 647.97s
[Process 0] best score so far: 1.2156505999813085, content:
def fun(i1, i2, i3, i4):
    o1 = i1 @ i2.T
    o2 = i3 @ i4.T + i2
    return o1, o2

[Process 3] step=9, generation took 638.26s
[Process 3] best score so far: 1.1884667655732366, content:
def fun(i1, i2, i3, i4):
    o1 = i2 @ i1.T
    o2 = i4 @ i3.T + i2
    return o1, o2

[Process 2] step=9, generation took 646.18s
[Process 2] best score so far: 1.2925318469012927, content:
def fun(i1, i2, i3, i4):
    o1 = i1 @ i2.T
    o2 = i2.T + i3
    return o1, o2

[Process 1] step=9, generation took 646.25s
[Process 1] best score so far: 1.2493910610214956, content:
def fun(i1, i2, i3, i4):
    o1 = i2 @ i1
    o2 = i3 + i4 + i2
    return o1, o2

[Process 0] step=9, generation took 647.83s
[Process 0] best score so far: 1.1884667655732366, content:
def fun(i1, i2, i3, i4):
    o1 = i1 @ i2.T
    o2 = i4 @ i3.T + i2
    return o1, o2


[Main] Collecting best scores from each thread's memory:
  Thread 0: best score 1.1884667655732366
  Thread 1: best score 1.2493910610214956
  Thread 2: best score 1.2925318469012927
  Thread 3: best score 1.1884667655732366

[Main] Sorted memory_infos (score, thread_idx):
  1.1884667655732366, thread 0
  1.1884667655732366, thread 3
  1.2493910610214956, thread 1
  1.2925318469012927, thread 2

[Main] Worst half (to be reinitialized):
  Thread 1 with score 1.2493910610214956
  Thread 2 with score 1.2925318469012927

[Main] Donor candidates (top half):
  Thread 0 with score 1.1884667655732366
  Thread 3 with score 1.1884667655732366
[Main] Reinitializing memory for thread 1 with best element from thread 0.
[Main] Reinitializing memory for thread 2 with best element from thread 3.

==== Outer Iteration 1 ====
[Process 1] started on GPU 1, running 10 iterations...
[Process 2] started on GPU 2, running 10 iterations...
[Process 0] started on GPU 0, running 10 iterations...
[Process 3] started on GPU 3, running 10 iterations...
[Process 1] step=0, generation took 639.09s
[Process 1] best score so far: 1.1884667655732366, content:
def fun(i1, i2, i3, i4):
    o1 = i1 @ i2.T
    o2 = i4 @ i3.T + i2
    return o1, o2

[Process 3] step=0, generation took 639.23s
[Process 3] best score so far: 1.1884667655732366, content:
def fun(i1, i2, i3, i4):
    o1 = i2 @ i1.T
    o2 = i4 @ i3.T + i2
    return o1, o2

[Process 2] step=0, generation took 641.47s
[Process 2] best score so far: 1.1884667655732366, content:
def fun(i1, i2, i3, i4):
    o1 = i2 @ i1.T
    o2 = i4 @ i3.T + i2
    return o1, o2

[Process 0] step=0, generation took 648.15s
[Process 0] best score so far: 1.1884667655732366, content:
def fun(i1, i2, i3, i4):
    o1 = i1 @ i2.T
    o2 = i4 @ i3.T + i2
    return o1, o2

[Process 3] step=1, generation took 634.85s
[Process 3] best score so far: 1.1884667655732366, content:
def fun(i1, i2, i3, i4):
    o1 = i2 @ i1.T
    o2 = i4 @ i3.T + i2
    return o1, o2

[Process 1] step=1, generation took 643.70s
[Process 1] best score so far: 1.1884667655732366, content:
def fun(i1, i2, i3, i4):
    o1 = i1 @ i2.T
    o2 = i4.T @ i3.T + i2
    return o1, o2

[Process 2] step=1, generation took 646.52s
[Process 2] best score so far: 1.1884667655732366, content:
def fun(i1, i2, i3, i4):
    o1 = i2 @ i1.T
    o2 = i4 @ i3.T + i2
    o3 = i2 @ i1.T
    return o1, o2

[Process 0] step=1, generation took 644.70s
[Process 0] best score so far: 1.1884667655732366, content:
def fun(i1, i2, i3, i4):
    o1 = i1 @ i2.T
    o2 = i4 @ i3.T + i2
    return o1, o2

[Process 3] step=2, generation took 635.70s
[Process 3] best score so far: 1.1884667655732366, content:
def fun(i1, i2, i3, i4):
    o1 = i2 @ i1.T
    o2 = i4 @ i3.T + i2
    return o1, o2

[Process 1] step=2, generation took 643.19s
[Process 1] best score so far: 1.1884667655732366, content:
def fun(i1, i2, i3, i4):
    o1 = i1 @ i2.T
    o2 = i4 @ i3.T + i2
    o3 = i1 @ i4.T
    return o1, o2

[Process 2] step=2, generation took 645.89s
[Process 2] best score so far: 1.1884667655732366, content:
def fun(i1, i2, i3, i4):
    o1 = i2 @ i1.T
    o2 = i4 @ i3.T + i2
    o3 = i2 @ i1.T
    return o1, o2

[Process 0] step=2, generation took 646.02s
[Process 0] best score so far: 1.1884667655732366, content:
def fun(i1, i2, i3, i4):
    o1 = i1 @ i2.T
    o2 = i4 @ i3.T + i2
    return o1, o2

[Process 3] step=3, generation took 633.39s
[Process 3] best score so far: 1.1884667655732366, content:
def fun(i1, i2, i3, i4):
    o1 = i2 @ i1.T
    o2 = i4 @ i3.T + i2
    return o1, o2

[Process 1] step=3, generation took 640.93s
[Process 1] best score so far: 1.1884667655732366, content:
def fun(i1, i2, i3, i4):
    o1 = i1 @ i2.T
    o2 = i4.T @ i3.T + i2
    return o1, o2

[Process 2] step=3, generation took 646.49s
[Process 2] best score so far: 1.1884667655732366, content:
def fun(i1, i2, i3, i4):
    o1 = i1 @ i2.T
    o2 = i4 @ i3.T + i2
    return o1, o2

[Process 0] step=3, generation took 640.06s
[Process 0] best score so far: 1.1884667655732366, content:
def fun(i1, i2, i3, i4):
    o1 = i1 @ i2.T
    o2 = i4 @ i3.T + i2
    return o1, o2

[Process 3] step=4, generation took 641.56s
[Process 3] best score so far: 1.1597616313500658, content:
def fun(i1,i2,i3,i4):
    o1 = i1 @ i2.T
    o2 = i3 @ i4.T + i2 @ i3.T @ i4 @ i2.T + i3.T
    return o1, o2

[Process 1] step=4, generation took 643.85s
[Process 1] best score so far: 1.1884667655732366, content:
def fun(i1, i2, i3, i4):
    o1 = i1 @ i2.T
    o2 = i4 @ i3.T + i2
    o3 = i1 @ i4
    return o1, o2

[Process 0] step=4, generation took 642.80s
[Process 0] best score so far: 1.1884667655732366, content:
def fun(i1, i2, i3, i4):
    o1 = i1 @ i2.T
    o2 = i4 @ i3.T + i2
    return o1, o2

[Process 2] step=4, generation took 646.07s
[Process 2] best score so far: 1.1884667655732366, content:
def fun(i1, i2, i3, i4):
    o1 = i2 @ i1
    o2 = i4 @ i3.T + i2
    return o1, o2

[Process 3] step=5, generation took 639.17s
[Process 3] best score so far: 1.1597616313500658, content:
def fun(i1,i2,i3,i4):
    o1 = i1 @ i2.T
    o2 = i3 @ i4.T + i2 @ i3.T @ i4 @ i2.T + i3.T
    return o1, o2

[Process 1] step=5, generation took 639.57s
[Process 1] best score so far: 1.1884667655732366, content:
def fun(i1, i2, i3, i4):
    o1 = i1 @ i2.T
    o2 = i4 @ i3.T + i2
    return o1, o2

[Process 2] step=5, generation took 646.23s
[Process 2] best score so far: 1.1884667655732366, content:
def fun(i1, i2, i3, i4):
    o1 = i2 @ i1.T
    o2 = i4 @ i3.T + i2
    o3 = i2 @ i1.T
    return o1, o2

[Process 0] step=5, generation took 647.43s
[Process 0] best score so far: 1.1884667655732366, content:
def fun(i1, i2, i3, i4):
    o1 = i1 @ i2.T
    o2 = i4 @ i3.T + i2
    return o1, o2

[Process 3] step=6, generation took 639.47s
[Process 3] best score so far: 1.1597616313500658, content:
def fun(i1, i2, i3, i4):
    o1 = i1 @ i2.T
    o2 = i3 @ i4.T + i2 @ i3.T @ i4 @ i2.T + i3.T
    return o1, o2

[Process 1] step=6, generation took 641.84s
[Process 1] best score so far: 1.1884667655732366, content:
def fun(i1, i2, i3, i4):
    o1 = i1 @ i2.T
    o2 = i4.T @ i3.T + i2
    return o1, o2

[Process 0] step=6, generation took 645.34s
[Process 0] best score so far: 1.1884667655732366, content:
def fun(i1, i2, i3, i4):
    o1 = i1 @ i2.T
    o2 = i4 @ i3.T + i2
    return o1, o2

[Process 2] step=6, generation took 646.14s
[Process 2] best score so far: 1.1884667655732366, content:
def fun(i1, i2, i3, i4):
    o1 = i2 @ i1.T
    o2 = i4 @ i3.T + i2
    o3 = i2 @ i3.T
    return o1, o2

[Process 3] step=7, generation took 638.91s
[Process 3] best score so far: 1.1597616313500658, content:
def fun(i1, i2, i3, i4):
    o1 = i1 @ i2.T
    o2 = i3 @ i4.T + i2 @ i3.T @ i4 @ i2.T + i3.T
    return o1, o2

[Process 1] step=7, generation took 643.64s
[Process 1] best score so far: 1.1307192165816224, content:
def fun(i1, i2, i3, i4):
    o1 = i1 @ i2.T
    o2 = i3 @ i4.T + i2 @ i2.T
    return o1, o2

[Process 0] step=7, generation took 646.14s
[Process 0] best score so far: 1.1884667655732366, content:
def fun(i1, i2, i3, i4):
    o1 = i1 @ i2.T
    o2 = i4 @ i3.T + i2
    return o1, o2

[Process 2] step=7, generation took 646.87s
[Process 2] best score so far: 1.1884667655732366, content:
def fun(i1, i2, i3, i4):
    o1 = i1 @ i2.T
    o2 = i4 @ i3.T + i2
    return o1, o2

[Process 3] step=8, generation took 639.53s
[Process 3] best score so far: 1.1597616313500658, content:
def fun(i1, i2, i3, i4):
    o1 = i1 @ i2.T
    o2 = i3 @ i4.T + i2 @ i3.T @ i4 @ i2.T + i3.T
    return o1, o2

[Process 1] step=8, generation took 640.83s
[Process 1] best score so far: 1.1307192165816224, content:
def fun(i1, i2, i3, i4):
    o1 = i1 @ i2.T
    o2 = i3 @ i4.T + i2 @ i2.T
    return o1, o2

[Process 0] step=8, generation took 644.88s
[Process 0] best score so far: 1.1884667655732366, content:
def fun(i1, i2, i3, i4):
    o1 = i1 @ i2.T
    o2 = i4 @ i3.T + i2
    return o1, o2

[Process 2] step=8, generation took 646.12s
[Process 2] best score so far: 1.1884667655732366, content:
def fun(i1, i2, i3, i4):
    o1 = i1 @ i2.T
    o2 = i4 @ i3.T + i2
    return o1, o2

[Process 3] step=9, generation took 636.81s
[Process 3] best score so far: 1.1597616313500658, content:
def fun(i1, i2, i3, i4):
    o1 = i1 @ i2.T
    o2 = i3 @ i4.T + i2 @ i3.T @ i4 @ i2.T + i3.T
    return o1, o2

[Process 1] step=9, generation took 641.90s
[Process 1] best score so far: 1.1266096372664232, content:
def fun(i1, i2, i3, i4):
    o1 = i1 @ i2.T
    o2 = i4 @ i3.T + i2 @ i2.T
    return o1, o2

[Process 0] step=9, generation took 642.52s
[Process 0] best score so far: 1.1884667655732366, content:
def fun(i1, i2, i3, i4):
    o1 = i2 @ i1
    o2 = i4 @ i3.T + i2
    return o1, o2

[Process 2] step=9, generation took 646.12s
[Process 2] best score so far: 1.1884667655732366, content:
def fun(i1, i2, i3, i4):
    o1 = i1 @ i2.T
    o2 = i4 @ i3.T + i2
    return o1, o2


[Main] Collecting best scores from each thread's memory:
  Thread 0: best score 1.1884667655732366
  Thread 1: best score 1.1266096372664232
  Thread 2: best score 1.1884667655732366
  Thread 3: best score 1.1597616313500658

[Main] Sorted memory_infos (score, thread_idx):
  1.1266096372664232, thread 1
  1.1597616313500658, thread 3
  1.1884667655732366, thread 0
  1.1884667655732366, thread 2

[Main] Worst half (to be reinitialized):
  Thread 0 with score 1.1884667655732366
  Thread 2 with score 1.1884667655732366

[Main] Donor candidates (top half):
  Thread 1 with score 1.1266096372664232
  Thread 3 with score 1.1597616313500658
[Main] Reinitializing memory for thread 0 with best element from thread 1.
[Main] Reinitializing memory for thread 2 with best element from thread 3.

==== Outer Iteration 2 ====
[Process 0] started on GPU 0, running 10 iterations...
[Process 3] started on GPU 3, running 10 iterations...
[Process 1] started on GPU 1, running 10 iterations...
[Process 2] started on GPU 2, running 10 iterations...
[Process 2] step=0, generation took 637.84s
[Process 2] best score so far: 1.1431149126896372, content:
def fun(i1, i2, i3, i4):
    o1 = i1 @ i2.T
    o2 = i3 @ i4.T @ i2 + i2 @ i3.T @ i4 @ i2.T + i3.T
    return o1, o2

[Process 0] step=0, generation took 639.25s
[Process 0] best score so far: 1.1266096372664232, content:
def fun(i1, i2, i3, i4):
    o1 = i1 @ i2.T
    o2 = i4 @ i3.T + i2 @ i2.T
    o3 = i1 @ i2.T
    return o1, o2

[Process 1] step=0, generation took 640.07s
[Process 1] best score so far: 1.1266096372664232, content:
def fun(i1, i2, i3, i4):
    o1 = i1 @ i2.T
    o2 = i4 @ i3.T + i2 @ i2.T
    return o1, o2

[Process 3] step=0, generation took 639.60s
[Process 3] best score so far: 1.1597616313500658, content:
def fun(i1, i2, i3, i4):
    o1 = i1 @ i2.T
    o2 = i3 @ i4.T + i2 @ i3.T @ i4 @ i2.T + i3.T
    return o1, o2

[Process 3] step=1, generation took 637.28s
[Process 3] best score so far: 1.1406355137358073, content:
def fun(i1,i2,i3,i4):
    o1 = i1 @ i2.T
    o2 = i3.T @ i4.T + i2 @ i3.T @ i4 @ i2.T + i3.T
    return o1, o2

[Process 1] step=1, generation took 640.08s
[Process 1] best score so far: 1.1266096372664232, content:
def fun(i1, i2, i3, i4):
    o1 = i1 @ i2.T
    o2 = i4 @ i3.T + i2 @ i2.T
    return o1, o2

[Process 2] step=1, generation took 643.76s
[Process 2] best score so far: 1.1431149126896372, content:
def fun(i1, i2, i3, i4):
    o1 = i1 @ i2.T
    o2 = i3 @ i4.T @ i2 + i2 @ i3.T @ i4 @ i2.T + i3.T
    return o1, o2

[Process 0] step=1, generation took 647.58s
[Process 0] best score so far: 1.1266096372664232, content:
def fun(i1, i2, i3, i4):
    o1 = i1 @ i2.T
    o2 = i4 @ i3.T + i2 @ i2.T
    o3 = i1 @ i2.T
    return o1, o2

[Process 2] step=2, generation took 634.90s
[Process 2] best score so far: 1.1369319553613664, content:
def fun(i1, i2, i3, i4):
    o1 = i2 @ i1.T
    o2 = i3 @ i4.T + i2 @ i3.T @ i4 @ i2.T + i4.T
    return o1, o2

[Process 1] step=2, generation took 638.14s
[Process 1] best score so far: 1.1266096372664232, content:
def fun(i1, i2, i3, i4):
    o1 = i1 @ i2.T
    o2 = i4 @ i3.T + i2 @ i2.T
    return o1, o2

[Process 3] step=2, generation took 639.51s
[Process 3] best score so far: 1.1307192165816224, content:
def fun(i1, i2, i3, i4):
    o1 = i1 @ i2.T
    o2 = i3 @ i4 + i2 @ i2.T
    return o1, o2

[Process 0] step=2, generation took 647.72s
[Process 0] best score so far: 1.1266096372664232, content:
def fun(i1, i2, i3, i4):
    o1 = i1 @ i2.T
    o2 = i4 @ i3.T + i2 @ i2.T
    o3 = i1 @ i2.T
    return o1, o2

[Process 2] step=3, generation took 632.58s
[Process 2] best score so far: 1.1369319553613664, content:
def fun(i1, i2, i3, i4):
    o1 = i2 @ i1.T
    o2 = i3 @ i4.T + i2 @ i3.T @ i4 @ i2.T + i4.T
    return o1, o2

[Process 3] step=3, generation took 635.05s
[Process 3] best score so far: 1.1307192165816224, content:
def fun(i1, i2, i3, i4):
    o1 = i1 @ i2.T
    o2 = i3 @ i4 + i2 @ i2.T
    return o1, o2

[Process 1] step=3, generation took 640.21s
[Process 1] best score so far: 1.1266096372664232, content:
def fun(i1, i2, i3, i4):
    o1 = i1 @ i2.T
    o2 = i4 @ i3.T + i2 @ i2.T
    return o1, o2

[Process 0] step=3, generation took 647.93s
[Process 0] best score so far: 1.1266096372664232, content:
def fun(i1, i2, i3, i4):
    o1 = i1 @ i2.T
    o2 = i4 @ i3.T + i2 @ i2.T
    o3 = i1 @ i2.T
    return o1, o2

[Process 2] step=4, generation took 636.55s
[Process 2] best score so far: 1.1369319553613664, content:
def fun(i1, i2, i3, i4):
    o1 = i2 @ i1.T
    o2 = i3 @ i4.T + i2 @ i3.T @ i4 @ i2.T + i4.T
    return o1, o2

[Process 3] step=4, generation took 639.82s
[Process 3] best score so far: 1.1307192165816224, content:
def fun(i1, i2, i3, i4):
    o1 = i1 @ i2.T
    o2 = i3 @ i4 + i2 @ i2.T
    return o1, o2

[Process 1] step=4, generation took 642.50s
[Process 1] best score so far: 1.1266096372664232, content:
def fun(i1, i2, i3, i4):
    o1 = i1 @ i2.T
    o2 = i4 @ i3.T + i2 @ i2.T
    return o1, o2

[Process 0] step=4, generation took 648.05s
[Process 0] best score so far: 1.1266096372664232, content:
def fun(i1, i2, i3, i4):
    o1 = i1 @ i2.T
    o2 = i4 @ i3.T + i2 @ i2.T
    o3 = i1 @ i2.T
    return o1, o2

[Process 2] step=5, generation took 632.09s
[Process 2] best score so far: 1.1369319553613664, content:
def fun(i1, i2, i3, i4):
    o1 = i2 @ i1.T
    o2 = i3 @ i4.T + i2 @ i3.T @ i4 @ i2.T + i4.T
    return o1, o2

[Process 3] step=5, generation took 640.87s
[Process 3] best score so far: 1.1307192165816224, content:
def fun(i1, i2, i3, i4):
    o1 = i1 @ i2.T
    o2 = i3 @ i4 + i2 @ i2.T
    return o1, o2

[Process 1] step=5, generation took 640.73s
[Process 1] best score so far: 1.1266096372664232, content:
def fun(i1, i2, i3, i4):
    o1 = i1 @ i2.T
    o2 = i4 @ i3.T + i2 @ i2.T
    return o1, o2

[Process 0] step=5, generation took 647.99s
[Process 0] best score so far: 1.1266096372664232, content:
def fun(i1, i2, i3, i4):
    o1 = i1 @ i2.T
    o2 = i2 @ i2.T + i4 @ i3.T
    return o1, o2

[Process 2] step=6, generation took 637.65s
[Process 2] best score so far: 1.1369319553613664, content:
def fun(i1, i2, i3, i4):
    o1 = i2 @ i1.T
    o2 = i3 @ i4.T + i2 @ i3.T @ i4 @ i2.T + i4.T
    return o1, o2

[Process 3] step=6, generation took 638.42s
[Process 3] best score so far: 1.1307192165816224, content:
def fun(i1, i2, i3, i4):
    o1 = i2 @ i1.T
    o2 = i3 @ i4.T + i2 @ i2.T
    return o1, o2

[Process 1] step=6, generation took 641.65s
[Process 1] best score so far: 1.1266096372664232, content:
def fun(i1, i2, i3, i4):
    o1 = i1 @ i2.T
    o2 = i4 @ i3.T + i2 @ i2.T
    return o1, o2

[Process 0] step=6, generation took 644.32s
[Process 0] best score so far: 1.1266096372664232, content:
def fun(i1, i2, i3, i4):
    o1 = i1 @ i2.T
    o2 = i2 @ i2.T + i4 @ i3.T
    return o1, o2

[Process 2] step=7, generation took 629.28s
[Process 2] best score so far: 1.1369319553613664, content:
def fun(i1, i2, i3, i4):
    o1 = i2 @ i1.T
    o2 = i3 @ i4.T + i2 @ i3.T @ i4 @ i2.T + i4.T
    return o1, o2

[Process 3] step=7, generation took 639.97s
[Process 3] best score so far: 1.1307192165816224, content:
def fun(i1, i2, i3, i4):
    o1 = i2 @ i1.T
    o2 = i3 @ i4.T + i2 @ i2.T
    return o1, o2

[Process 1] step=7, generation took 639.68s
[Process 1] best score so far: 1.1266096372664232, content:
def fun(i1, i2, i3, i4):
    o1 = i1 @ i2.T
    o2 = i4 @ i3.T + i2 @ i2.T
    return o1, o2

[Process 0] step=7, generation took 645.92s
[Process 0] best score so far: 1.1266096372664232, content:
def fun(i1, i2, i3, i4):
    o1 = i1 @ i2.T
    o2 = i4 @ i3.T + i2 @ i2.T
    o3 = i1 @ i2.T
    return o1, o2

[Process 2] step=8, generation took 631.50s
[Process 2] best score so far: 1.1369319553613664, content:
def fun(i1, i2, i3, i4):
    o1 = i2 @ i1.T
    o2 = i3 @ i4.T + i2 @ i3.T @ i4 @ i2.T + i4.T
    return o1, o2

[Process 3] step=8, generation took 637.20s
[Process 3] best score so far: 1.1307192165816224, content:
def fun(i1, i2, i3, i4):
    o1 = i2 @ i1.T
    o2 = i3 @ i4.T + i2 @ i2.T
    return o1, o2

[Process 1] step=8, generation took 642.43s
[Process 1] best score so far: 1.1266096372664232, content:
def fun(i1, i2, i3, i4):
    o1 = i1 @ i2.T
    o2 = i4 @ i3.T + i2 @ i2.T
    return o1, o2

[Process 0] step=8, generation took 634.05s
[Process 0] best score so far: 1.1266096372664232, content:
def fun(i1, i2, i3, i4):
    o1 = i1 @ i2.T
    o2 = i4 @ i3.T + i2 @ i2.T
    o3 = i1 @ i2.T
    return o1, o2

[Process 2] step=9, generation took 624.47s
[Process 2] best score so far: 1.1369319553613664, content:
def fun(i1, i2, i3, i4):
    o1 = i2 @ i1.T
    o2 = i3 @ i4.T + i2 @ i3.T @ i4 @ i2.T + i4.T
    return o1, o2

[Process 3] step=9, generation took 640.28s
[Process 3] best score so far: 1.1307192165816224, content:
def fun(i1, i2, i3, i4):
    o1 = i2 @ i1.T
    o2 = i3 @ i4.T + i2 @ i2.T
    return o1, o2

[Process 1] step=9, generation took 640.33s
[Process 1] best score so far: 1.1266096372664232, content:
def fun(i1, i2, i3, i4):
    o1 = i1 @ i2.T
    o2 = i4 @ i3.T + i2 @ i2.T
    return o1, o2

[Process 0] step=9, generation took 635.36s
[Process 0] best score so far: 1.1266096372664232, content:
def fun(i1, i2, i3, i4):
    o1 = i1 @ i2.T
    o2 = i4 @ i3.T + i2 @ i2.T
    o3 = i1 @ i2.T
    return o1, o2


[Main] Collecting best scores from each thread's memory:
  Thread 0: best score 1.1266096372664232
  Thread 1: best score 1.1266096372664232
  Thread 2: best score 1.1369319553613664
  Thread 3: best score 1.1307192165816224

[Main] Sorted memory_infos (score, thread_idx):
  1.1266096372664232, thread 0
  1.1266096372664232, thread 1
  1.1307192165816224, thread 3
  1.1369319553613664, thread 2

[Main] Worst half (to be reinitialized):
  Thread 3 with score 1.1307192165816224
  Thread 2 with score 1.1369319553613664

[Main] Donor candidates (top half):
  Thread 0 with score 1.1266096372664232
  Thread 1 with score 1.1266096372664232
[Main] Reinitializing memory for thread 3 with best element from thread 0.
[Main] Reinitializing memory for thread 2 with best element from thread 1.

==== Outer Iteration 3 ====
[Process 2] started on GPU 2, running 10 iterations...
[Process 1] started on GPU 1, running 10 iterations...
[Process 3] started on GPU 3, running 10 iterations...
[Process 0] started on GPU 0, running 10 iterations...
[Process 0] step=0, generation took 634.01s
[Process 0] best score so far: 1.1266096372664232, content:
def fun(i1, i2, i3, i4):
    o1 = i1 @ i2.T
    o2 = i4 @ i3.T + i2 @ i2.T
    o3 = i1 @ i2.T
    return o1, o2

[Process 3] step=0, generation took 637.76s
[Process 3] best score so far: 1.1266096372664232, content:
def fun(i1, i2, i3, i4):
    o1 = i1 @ i2.T
    o2 = i4 @ i3.T + i2 @ i2.T
    o3 = i1 @ i2.T
    return o1, o2

[Process 2] step=0, generation took 638.35s
[Process 2] best score so far: 1.1266096372664232, content:
def fun(i1, i2, i3, i4):
    o1 = i2 @ i1.T
    o2 = i4 @ i3.T + i2 @ i2.T
    return o1, o2

[Process 1] step=0, generation took 641.31s
[Process 1] best score so far: 1.1266096372664232, content:
def fun(i1, i2, i3, i4):
    o1 = i1 @ i2.T
    o2 = i4 @ i3.T + i2 @ i2.T
    return o1, o2

[Process 1] step=1, generation took 616.34s
[Process 1] best score so far: 1.1266096372664232, content:
def fun(i1, i2, i3, i4):
    o1 = i1 @ i2.T
    o2 = i4 @ i3.T + i2 @ i2.T
    return o1, o2

[Process 0] step=1, generation took 639.88s
[Process 0] best score so far: 1.1266096372664232, content:
def fun(i1, i2, i3, i4):
    o1 = i1 @ i2.T
    o2 = i4 @ i3.T + i2 @ i2.T
    o3 = i1 @ i2.T
    return o1, o2

[Process 3] step=1, generation took 643.25s
[Process 3] best score so far: 1.1266096372664232, content:
def fun(i1, i2, i3, i4):
    o1 = i1 @ i2.T
    o2 = i4 @ i3.T + i2 @ i2.T
    o3 = i1 @ i2.T
    return o1, o2

[Process 2] step=1, generation took 644.90s
[Process 2] best score so far: 1.1266096372664232, content:
def fun(i1, i2, i3, i4):
    o1 = i1 @ i2.T
    o2 = i4 @ i3.T + i2 @ i2.T
    return o1, o2

[Process 1] step=2, generation took 611.49s
[Process 1] best score so far: 1.1266096372664232, content:
def fun(i1, i2, i3, i4):
    o1 = i1 @ i2.T
    o2 = i4 @ i3.T + i2 @ i2.T
    return o1, o2

[Process 0] step=2, generation took 638.07s
[Process 0] best score so far: 1.1266096372664232, content:
def fun(i1, i2, i3, i4):
    o1 = i1 @ i2.T
    o2 = i4 @ i3.T + i2 @ i2.T
    o3 = i1 @ i2.T
    return o1, o2

[Process 3] step=2, generation took 644.44s
[Process 3] best score so far: 1.1266096372664232, content:
def fun(i1, i2, i3, i4):
    o1 = i1 @ i2.T
    o2 = i4 @ i3.T + i2 @ i2.T
    return o1, o2

[Process 2] step=2, generation took 644.19s
[Process 2] best score so far: 1.1266096372664232, content:
def fun(i1, i2, i3, i4):
    o1 = i2 @ i1.T
    o2 = i4 @ i3.T + i2 @ i2.T
    return o1, o2

[Process 1] step=3, generation took 625.10s
[Process 1] best score so far: 1.1266096372664232, content:
def fun(i1, i2, i3, i4):
    o1 = i1 @ i2.T
    o2 = i4 @ i3.T + i2 @ i2.T
    return o1, o2

[Process 0] step=3, generation took 631.00s
[Process 0] best score so far: 1.1266096372664232, content:
def fun(i1, i2, i3, i4):
    o1 = i1 @ i2.T
    o2 = i4 @ i3.T + i2 @ i2.T
    o3 = i1 @ i2.T
    return o1, o2

[Process 3] step=3, generation took 644.47s
[Process 3] best score so far: 1.1263961901882404, content:
def fun(i1, i2, i3, i4):
    o1 = i1 @ i2.T
    o2 = i4.T @ i3 + i2 @ i2.T
    return o1, o2

[Process 2] step=3, generation took 644.96s
[Process 2] best score so far: 1.1266096372664232, content:
def fun(i1, i2, i3, i4):
      o1 = i1 @ i2.T
      o2 = i4 @ i3.T + i2 @ i2.T
      return o1, o2

[Process 1] step=4, generation took 625.81s
[Process 1] best score so far: 1.1266096372664232, content:
def fun(i1, i2, i3, i4):
    o1 = i1 @ i2.T
    o2 = i4 @ i3.T + i2 @ i2.T
    return o1, o2

[Process 0] step=4, generation took 637.11s
[Process 0] best score so far: 1.1266096372664232, content:
def fun(i1, i2, i3, i4):
    o1 = i2 @ i1
    o2 = i4 @ i3.T + i2 @ i2.T
    return o1, o2

[Process 3] step=4, generation took 644.64s
[Process 3] best score so far: 1.1263961901882404, content:
def fun(i1, i2, i3, i4):
    o1 = i1 @ i2.T
    o2 = i4.T @ i3 + i2 @ i2.T
    return o1, o2

[Process 2] step=4, generation took 645.07s
[Process 2] best score so far: 1.1266096372664232, content:
def fun(i1, i2, i3, i4):
    o1 = i1 @ i2.T
    o2 = i4 @ i3.T + i2 @ i2.T
    return o1, o2

[Process 1] step=5, generation took 624.66s
[Process 1] best score so far: 1.1266096372664232, content:
def fun(i1, i2, i3, i4):
    o1 = i1 @ i2.T
    o2 = i4 @ i3.T + i2 @ i2.T
    return o1, o2

[Process 0] step=5, generation took 636.58s
[Process 0] best score so far: 1.1266096372664232, content:
def fun(i1, i2, i3, i4):
    o1 = i2 @ i1
    o2 = i4 @ i3.T + i2 @ i2.T
    return o1, o2

[Process 3] step=5, generation took 644.40s
[Process 3] best score so far: 1.1263961901882404, content:
def fun(i1, i2, i3, i4):
    o1 = i1 @ i2.T
    o2 = i4.T @ i3 + i2 @ i2.T
    return o1, o2

[Process 2] step=5, generation took 644.97s
[Process 2] best score so far: 1.1266096372664232, content:
def fun(i1, i2, i3, i4):
    o1 = i2 @ i1.T
    o2 = i4 @ i3.T + i2 @ i2.T
    return o1, o2

[Process 1] step=6, generation took 625.81s
[Process 1] best score so far: 1.1266096372664232, content:
def fun(i1, i2, i3, i4):
    o1 = i1 @ i2.T
    o2 = i4 @ i3.T + i2 @ i2.T
    return o1, o2

[Process 0] step=6, generation took 643.17s
[Process 0] best score so far: 1.1266096372664232, content:
def fun(i1, i2, i3, i4):
    o1 = i2 @ i1
    o2 = i4 @ i3.T + i2 @ i2.T
    return o1, o2

[Process 3] step=6, generation took 644.41s
[Process 3] best score so far: 1.1263961901882404, content:
def fun(i1, i2, i3, i4):
    o1 = i1 @ i2.T
    o2 = i4.T @ i3 + i2 @ i2.T
    return o1, o2

[Process 2] step=6, generation took 644.76s
[Process 2] best score so far: 1.1266096372664232, content:
def fun(i1, i2, i3, i4):
    o1 = i2 @ i1.T
    o2 = i4 @ i3.T + i2 @ i2.T
    return o1, o2

[Process 1] step=7, generation took 619.49s
[Process 1] best score so far: 1.1266096372664232, content:
def fun(i1, i2, i3, i4):
    o1 = i1 @ i2.T
    o2 = i4 @ i3.T + i2 @ i2.T
    return o1, o2

[Process 0] step=7, generation took 643.01s
[Process 0] best score so far: 1.1266096372664232, content:
def fun(i1, i2, i3, i4):
    o1 = i2 @ i1
    o2 = i4 @ i3.T + i2 @ i2.T
    return o1, o2

[Process 3] step=7, generation took 644.84s
[Process 3] best score so far: 1.1263961901882404, content:
def fun(i1, i2, i3, i4):
    o1 = i1 @ i2.T
    o2 = i4.T @ i3 + i2 @ i2.T
    return o1, o2

[Process 2] step=7, generation took 644.67s
[Process 2] best score so far: 1.1266096372664232, content:
def fun(i1, i2, i3, i4):
      o1 = i1 @ i2.T
      o2 = i4 @ i3.T + i2 @ i2.T
      return o1, o2

[Process 1] step=8, generation took 617.63s
[Process 1] best score so far: 1.1266096372664232, content:
def fun(i1, i2, i3, i4):
    o1 = i1 @ i2.T
    o2 = i4 @ i3.T + i2 @ i2.T
    return o1, o2

[Process 0] step=8, generation took 637.37s
[Process 0] best score so far: 1.1266096372664232, content:
def fun(i1, i2, i3, i4):
    o1 = i2 @ i1
    o2 = i4 @ i3.T + i2 @ i2.T
    return o1, o2

[Process 3] step=8, generation took 644.14s
[Process 3] best score so far: 1.1263961901882404, content:
def fun(i1, i2, i3, i4):
    o1 = i1 @ i2.T
    o2 = i4.T @ i3 + i2 @ i2.T
    return o1, o2

[Process 2] step=8, generation took 644.41s
[Process 2] best score so far: 1.1266096372664232, content:
def fun(i1, i2, i3, i4):
      o1 = i1 @ i2.T
      o2 = i4 @ i3.T + i2 @ i2.T
      return o1, o2

[Process 1] step=9, generation took 618.37s
[Process 1] best score so far: 1.1266096372664232, content:
def fun(i1, i2, i3, i4):
    o1 = i1 @ i2.T
    o2 = i4 @ i3.T + i2 @ i2.T
    return o1, o2

[Process 0] step=9, generation took 631.33s
[Process 0] best score so far: 1.1266096372664232, content:
def fun(i1, i2, i3, i4):
    o1 = i2 @ i1
    o2 = i4 @ i3.T + i2 @ i2.T
    return o1, o2

[Process 3] step=9, generation took 644.80s
[Process 3] best score so far: 1.1263961901882404, content:
def fun(i1, i2, i3, i4):
    o1 = i1 @ i2.T
    o2 = i4.T @ i3 + i2 @ i2.T
    return o1, o2

[Process 2] step=9, generation took 645.03s
[Process 2] best score so far: 1.1266096372664232, content:
def fun(i1, i2, i3, i4):
      o1 = i1 @ i2.T
      o2 = i4 @ i3.T + i2 @ i2.T
      return o1, o2


[Main] Collecting best scores from each thread's memory:
  Thread 0: best score 1.1266096372664232
  Thread 1: best score 1.1266096372664232
  Thread 2: best score 1.1266096372664232
  Thread 3: best score 1.1263961901882404

[Main] Sorted memory_infos (score, thread_idx):
  1.1263961901882404, thread 3
  1.1266096372664232, thread 0
  1.1266096372664232, thread 1
  1.1266096372664232, thread 2

[Main] Worst half (to be reinitialized):
  Thread 1 with score 1.1266096372664232
  Thread 2 with score 1.1266096372664232

[Main] Donor candidates (top half):
  Thread 3 with score 1.1263961901882404
  Thread 0 with score 1.1266096372664232
[Main] Reinitializing memory for thread 1 with best element from thread 3.
[Main] Reinitializing memory for thread 2 with best element from thread 0.

==== Outer Iteration 4 ====
[Process 3] started on GPU 3, running 10 iterations...
[Process 2] started on GPU 2, running 10 iterations...
[Process 0] started on GPU 0, running 10 iterations...
[Process 1] started on GPU 1, running 10 iterations...
[Process 0] step=0, generation took 631.49s
[Process 0] best score so far: 1.1266096372664232, content:
def fun(i1, i2, i3, i4):
    o1 = i2 @ i1
    o2 = i4 @ i3.T + i2 @ i2.T
    return o1, o2

[Process 2] step=0, generation took 638.52s
[Process 2] best score so far: 1.1263961901882404, content:
def fun(i1, i2, i3, i4):
    o1 = i2 @ i1.T
    o2 = i4 @ i3 + i2 @ i2.T
    return o1, o2

[Process 1] step=0, generation took 638.62s
[Process 1] best score so far: 1.1263961901882404, content:
def fun(i1, i2, i3, i4):
    o1 = i1 @ i2.T
    o2 = i4.T @ i3 + i2 @ i2.T
    o3 = i1 @ i3.T + i4.T
    return o1, o2

[Process 3] step=0, generation took 641.54s
[Process 3] best score so far: 1.1263961901882404, content:
def fun(i1, i2, i3, i4):
    o1 = i1 @ i2.T
    o2 = i4.T @ i3 + i2 @ i2.T
    return o1, o2

[Process 0] step=1, generation took 624.33s
[Process 0] best score so far: 1.1266096372664232, content:
def fun(i1, i2, i3, i4):
    o1 = i2 @ i1
    o2 = i4 @ i3.T + i2 @ i2.T
    return o1, o2

[Process 1] step=1, generation took 642.40s
[Process 1] best score so far: 1.1263961901882404, content:
def fun(i1, i2, i3, i4):
    o1 = i1 @ i2.T
    o2 = i4.T @ i3 + i2 @ i2.T
    o3 = i4.T @ i3
    return o1, o2

[Process 2] step=1, generation took 644.77s
[Process 2] best score so far: 1.1263961901882404, content:
def fun(i1, i2, i3, i4):
    o1 = i2 @ i1.T
    o2 = i4 @ i3 + i2 @ i2.T
    return o1, o2

[Process 3] step=1, generation took 641.69s
[Process 3] best score so far: 1.1263961901882404, content:
def fun(i1, i2, i3, i4):
    o1 = i1 @ i2.T
    o2 = i4.T @ i3 + i2 @ i2.T
    return o1, o2

[Process 0] step=2, generation took 630.04s
[Process 0] best score so far: 1.1266096372664232, content:
def fun(i1, i2, i3, i4):
    o1 = i2 @ i1
    o2 = i4 @ i3.T + i2 @ i2.T
    return o1, o2

[Process 1] step=2, generation took 641.95s
[Process 1] best score so far: 1.1263961901882404, content:
def fun(i1, i2, i3, i4):
    o1 = i1 @ i2.T
    o2 = i4.T @ i3 + i2 @ i2.T
    o3 = i4.T @ i3
    return o1, o2

[Process 3] step=2, generation took 641.68s
[Process 3] best score so far: 1.1263961901882404, content:
def fun(i1, i2, i3, i4):
    o1 = i1 @ i2.T
    o2 = i4.T @ i3 + i2 @ i2.T
    return o1, o2

[Process 2] step=2, generation took 644.63s
[Process 2] best score so far: 1.1263961901882404, content:
def fun(i1, i2, i3, i4):
    o1 = i2 @ i1.T
    o2 = i4 @ i3 + i2 @ i2.T
    return o1, o2

[Process 0] step=3, generation took 629.63s
[Process 0] best score so far: 1.1266096372664232, content:
def fun(i1, i2, i3, i4):
    o1 = i2 @ i1
    o2 = i4 @ i3.T + i2 @ i2.T
    return o1, o2

[Process 1] step=3, generation took 642.55s
[Process 1] best score so far: 1.1263961901882404, content:
def fun(i1, i2, i3, i4):
    o1 = i1 @ i2.T
    o2 = i4.T @ i3 + i2 @ i2.T
    return o1, o2

[Process 3] step=3, generation took 638.69s
[Process 3] best score so far: 1.1263961901882404, content:
def fun(i1, i2, i3, i4):
    o1 = i1 @ i2.T
    o2 = i4.T @ i3 + i2 @ i2.T
    return o1, o2

[Process 2] step=3, generation took 643.88s
[Process 2] best score so far: 1.1263961901882404, content:
def fun(i1, i2, i3, i4):
    o1 = i2 @ i1
    o2 = i4.T @ i3 + i2 @ i2.T
    return o1, o2

[Process 0] step=4, generation took 623.87s
[Process 0] best score so far: 1.1266096372664232, content:
def fun(i1, i2, i3, i4):
    o1 = i2 @ i1
    o2 = i4 @ i3.T + i2 @ i2.T
    return o1, o2

[Process 3] step=4, generation took 639.87s
[Process 3] best score so far: 1.1263961901882404, content:
def fun(i1, i2, i3, i4):
    o1 = i1 @ i2.T
    o2 = i4.T @ i3 + i2 @ i2.T
    return o1, o2

[Process 1] step=4, generation took 642.15s
[Process 1] best score so far: 1.1263961901882404, content:
def fun(i1, i2, i3, i4):
    o1 = i1 @ i2.T
    o2 = i4 @ i3 + i2 @ i2.T
    return o1, o2

[Process 2] step=4, generation took 644.68s
[Process 2] best score so far: 1.1263961901882404, content:
def fun(i1, i2, i3, i4):
    o1 = i2 @ i1.T
    o2 = i4 @ i3 + i2 @ i2.T
    return o1, o2

[Process 0] step=5, generation took 639.37s
[Process 0] best score so far: 1.1266096372664232, content:
def fun(i1, i2, i3, i4):
    o1 = i2 @ i1
    o2 = i4 @ i3.T + i2 @ i2.T
    return o1, o2

[Process 3] step=5, generation took 633.78s
[Process 3] best score so far: 1.1263961901882404, content:
def fun(i1, i2, i3, i4):
    o1 = i1 @ i2.T
    o2 = i4.T @ i3 + i2 @ i2.T
    return o1, o2

[Process 1] step=5, generation took 642.59s
[Process 1] best score so far: 1.1263961901882404, content:
def fun(i1, i2, i3, i4):
    o1 = i1 @ i2.T
    o2 = i4.T @ i3 + i2 @ i2.T
    o3 = i1 @ i3.T + i4.T
    return o1, o2

[Process 2] step=5, generation took 643.94s
[Process 2] best score so far: 1.1263961901882404, content:
def fun(i1, i2, i3, i4):
    o1 = i2 @ i1.T
    o2 = i4 @ i3 + i2 @ i2.T
    return o1, o2

[Process 0] step=6, generation took 642.45s
[Process 0] best score so far: 1.1266096372664232, content:
def fun(i1, i2, i3, i4):
    o1 = i2 @ i1
    o2 = i4 @ i3.T + i2 @ i2.T
    return o1, o2

[Process 3] step=6, generation took 640.47s
[Process 3] best score so far: 1.1263961901882404, content:
def fun(i1, i2, i3, i4):
    o1 = i1 @ i2.T
    o2 = i4.T @ i3 + i2 @ i2.T
    return o1, o2

[Process 1] step=6, generation took 643.07s
[Process 1] best score so far: 1.1263961901882404, content:
def fun(i1, i2, i3, i4):
    o1 = i1 @ i2.T
    o2 = i4.T @ i3 + i2 @ i2.T
    o3 = i1 @ i4.T
    return o1, o2

[Process 2] step=6, generation took 644.61s
[Process 2] best score so far: 1.1263961901882404, content:
def fun(i1, i2, i3, i4):
    o1 = i2 @ i1.T
    o2 = i4 @ i3 + i2 @ i2.T
    return o1, o2

[Process 0] step=7, generation took 621.40s
[Process 0] best score so far: 1.1266096372664232, content:
def fun(i1, i2, i3, i4):
    o1 = i2 @ i1
    o2 = i4 @ i3.T + i2 @ i2.T
    return o1, o2

[Process 3] step=7, generation took 625.03s
[Process 3] best score so far: 1.1263961901882404, content:
def fun(i1, i2, i3, i4):
    o1 = i1 @ i2.T
    o2 = i4.T @ i3 + i2 @ i2.T
    return o1, o2

[Process 1] step=7, generation took 643.19s
[Process 1] best score so far: 1.1263961901882404, content:
def fun(i1, i2, i3, i4):
    o1 = i1 @ i2.T
    o2 = i4.T @ i3 + i2 @ i2.T
    o3 = i1 @ i4.T
    return o1, o2

[Process 2] step=7, generation took 644.04s
[Process 2] best score so far: 1.1263961901882404, content:
def fun(i1, i2, i3, i4):
    o1 = i2 @ i1.T
    o2 = i4 @ i3 + i2 @ i2.T
    return o1, o2

[Process 0] step=8, generation took 634.85s
[Process 0] best score so far: 1.1266096372664232, content:
def fun(i1, i2, i3, i4):
    o1 = i2 @ i1
    o2 = i4 @ i3.T + i2 @ i2.T
    return o1, o2

[Process 3] step=8, generation took 623.53s
[Process 3] best score so far: 1.1263961901882404, content:
def fun(i1, i2, i3, i4):
    o1 = i1 @ i2.T
    o2 = i4.T @ i3 + i2 @ i2.T
    return o1, o2

[Process 1] step=8, generation took 642.78s
[Process 1] best score so far: 1.1263961901882404, content:
def fun(i1, i2, i3, i4):
    o1 = i1 @ i2.T
    o2 = i4.T @ i3 + i2 @ i2.T
    o3 = i1 @ i4.T
    return o1, o2

[Process 2] step=8, generation took 643.76s
[Process 2] best score so far: 1.1263961901882404, content:
def fun(i1, i2, i3, i4):
    o1 = i1 @ i2.T
    o2 = i4 @ i3 + i2 @ i2.T
    return o1, o2

[Process 0] step=9, generation took 635.32s
[Process 0] best score so far: 1.1266096372664232, content:
def fun(i1, i2, i3, i4):
    o1 = i2 @ i1
    o2 = i4 @ i3.T + i2 @ i2.T
    return o1, o2

[Process 3] step=9, generation took 627.55s
[Process 3] best score so far: 1.1263961901882404, content:
def fun(i1, i2, i3, i4):
    o1 = i1 @ i2.T
    o2 = i4.T @ i3 + i2 @ i2.T
    return o1, o2

[Process 1] step=9, generation took 642.94s
[Process 1] best score so far: 1.1263961901882404, content:
def fun(i1, i2, i3, i4):
    o1 = i1 @ i2.T
    o2 = i4.T @ i3 + i2 @ i2.T
    o3 = i1 @ i4.T
    return o1, o2

[Process 2] step=9, generation took 643.56s
[Process 2] best score so far: 1.1263961901882404, content:
def fun(i1, i2, i3, i4):
    o1 = i1 @ i2.T
    o2 = i4 @ i3 + i2 @ i2.T
    return o1, o2


[Main] Collecting best scores from each thread's memory:
  Thread 0: best score 1.1266096372664232
  Thread 1: best score 1.1263961901882404
  Thread 2: best score 1.1263961901882404
  Thread 3: best score 1.1263961901882404

[Main] Sorted memory_infos (score, thread_idx):
  1.1263961901882404, thread 1
  1.1263961901882404, thread 2
  1.1263961901882404, thread 3
  1.1266096372664232, thread 0

[Main] Worst half (to be reinitialized):
  Thread 3 with score 1.1263961901882404
  Thread 0 with score 1.1266096372664232

[Main] Donor candidates (top half):
  Thread 1 with score 1.1263961901882404
  Thread 2 with score 1.1263961901882404
[Main] Reinitializing memory for thread 3 with best element from thread 1.
[Main] Reinitializing memory for thread 0 with best element from thread 2.

==== Outer Iteration 5 ====
[Process 1] started on GPU 1, running 10 iterations...
[Process 3] started on GPU 3, running 10 iterations...
[Process 2] started on GPU 2, running 10 iterations...
[Process 0] started on GPU 0, running 10 iterations...
[Process 3] step=0, generation took 638.06s
[Process 3] best score so far: 1.1263961901882404, content:
def fun(i1, i2, i3, i4):
    o1 = i1 @ i2.T
    o2 = i4.T @ i3 + i2 @ i2.T
    o3 = i1 @ i4.T
    return o1, o2

[Process 1] step=0, generation took 639.56s
[Process 1] best score so far: 1.1263961901882404, content:
def fun(i1, i2, i3, i4):
    o1 = i1 @ i2.T
    o2 = i4.T @ i3 + i2 @ i2.T
    o3 = i1 @ i4.T
    return o1, o2

[Process 0] step=0, generation took 641.38s
[Process 0] best score so far: 1.1263961901882404, content:
def fun(i1, i2, i3, i4):
    o1 = i1 @ i2.T
    o2 = i4 @ i3 + i2 @ i2.T
    return o1, o2

[Process 2] step=0, generation took 643.84s
[Process 2] best score so far: 1.1263961901882404, content:
def fun(i1, i2, i3, i4):
    o1 = i1 @ i2.T
    o2 = i4 @ i3 + i2 @ i2.T
    return o1, o2

[Process 1] step=1, generation took 641.70s
[Process 1] best score so far: 1.1263961901882404, content:
def fun(i1, i2, i3, i4):
    o1 = i1 @ i2.T
    o2 = i4.T @ i3 + i2 @ i2.T
    o3 = i1 @ i4.T
    return o1, o2

[Process 3] step=1, generation took 644.81s
[Process 3] best score so far: 1.1263961901882404, content:
def fun(i1, i2, i3, i4):
    o1 = i1 @ i2.T
    o2 = i4.T @ i3 + i2 @ i2.T
    o3 = i3.T @ i4
    return o1, o2

[Process 2] step=1, generation took 642.90s
[Process 2] best score so far: 1.1263961901882404, content:
def fun(i1, i2, i3, i4):
    o1 = i1 @ i2.T
    o2 = i4 @ i3 + i2 @ i2.T
    return o1, o2

[Process 0] step=1, generation took 651.06s
[Process 0] best score so far: 1.1263961901882404, content:
def fun(i1, i2, i3, i4):
    o1 = i1 @ i2.T
    o2 = i4 @ i3 + i2 @ i2.T
    return o1, o2

[Process 1] step=2, generation took 642.55s
[Process 1] best score so far: 1.1263961901882404, content:
def fun(i1, i2, i3, i4):
    o1 = i1 @ i2.T
    o2 = i4.T @ i3 + i2 @ i2.T
    o3 = i1 @ i4.T
    return o1, o2

[Process 3] step=2, generation took 645.01s
[Process 3] best score so far: 1.1263961901882404, content:
def fun(i1, i2, i3, i4):
    o1 = i2 @ i1.T
    o2 = i4.T @ i3 + i2 @ i2.T
    return o1, o2

[Process 2] step=2, generation took 643.00s
[Process 2] best score so far: 1.1263961901882404, content:
def fun(i1, i2, i3, i4):
    o1 = i1 @ i2.T
    o2 = i4 @ i3 + i2 @ i2.T
    return o1, o2

[Process 0] step=2, generation took 651.04s
[Process 0] best score so far: 1.1263961901882404, content:
def fun(i1, i2, i3, i4):
    o1 = i1 @ i2.T
    o2 = i4 @ i3 + i2 @ i2.T
    return o1, o2

[Process 1] step=3, generation took 641.57s
[Process 1] best score so far: 1.1263961901882404, content:
def fun(i1, i2, i3, i4):
    o1 = i1 @ i2.T
    o2 = i4.T @ i3 + i2 @ i2.T
    o3 = i1 @ i4.T
    return o1, o2

[Process 2] step=3, generation took 642.94s
[Process 2] best score so far: 1.1263961901882404, content:
def fun(i1, i2, i3, i4):
    o1 = i1 @ i2.T
    o2 = i4 @ i3 + i2 @ i2.T
    return o1, o2

[Process 3] step=3, generation took 645.74s
[Process 3] best score so far: 1.1263961901882404, content:
def fun(i1, i2, i3, i4):
    o1 = i1 @ i2.T
    o2 = i4.T @ i3 + i2 @ i2.T
    o3 = i1 @ i4.T
    return o1, o2

[Process 0] step=3, generation took 650.87s
[Process 0] best score so far: 1.1263961901882404, content:
def fun(i1, i2, i3, i4):
    o1 = i1 @ i2.T
    o2 = i4 @ i3 + i2 @ i2.T
    return o1, o2

[Process 1] step=4, generation took 641.38s
[Process 1] best score so far: 1.1263961901882404, content:
def fun(i1, i2, i3, i4):
    o1 = i1 @ i2.T
    o2 = i4.T @ i3 + i2 @ i2.T
    o3 = i1 @ i4.T
    return o1, o2

[Process 2] step=4, generation took 644.06s
[Process 2] best score so far: 1.1263961901882404, content:
def fun(i1, i2, i3, i4):
    o1 = i1 @ i2.T
    o2 = i4 @ i3 + i2 @ i2.T
    return o1, o2

[Process 3] step=4, generation took 644.64s
[Process 3] best score so far: 1.1263961901882404, content:
def fun(i1, i2, i3, i4):
    o1 = i2 @ i1.T
    o2 = i4.T @ i3 + i2 @ i2.T
    return o1, o2

[Process 0] step=4, generation took 651.14s
[Process 0] best score so far: 1.1263961901882404, content:
def fun(i1, i2, i3, i4):
    o1 = i1 @ i2.T
    o2 = i4 @ i3 + i2 @ i2.T
    return o1, o2

[Process 1] step=5, generation took 643.27s
[Process 1] best score so far: 1.1263961901882404, content:
def fun(i1, i2, i3, i4):
    o1 = i2 @ i1.T
    o2 = i4.T @ i3 + i2 @ i2.T
    return o1, o2

[Process 3] step=5, generation took 640.85s
[Process 3] best score so far: 1.1263961901882404, content:
def fun(i1, i2, i3, i4):
    o1 = i2 @ i1.T
    o2 = i4.T @ i3 + i2 @ i2.T
    return o1, o2

[Process 2] step=5, generation took 642.42s
[Process 2] best score so far: 1.1263961901882404, content:
def fun(i1, i2, i3, i4):
    o1 = i1 @ i2.T
    o2 = i4 @ i3 + i2 @ i2.T
    return o1, o2

[Process 0] step=5, generation took 643.34s
[Process 0] best score so far: 1.1263961901882404, content:
def fun(i1, i2, i3, i4):
    o1 = i1 @ i2.T
    o2 = i4 @ i3 + i2 @ i2.T
    return o1, o2

[Process 1] step=6, generation took 641.55s
[Process 1] best score so far: 1.1243642464437924, content:
def fun(i1, i2, i3, i4):
    o1 = i1 @ i2.T
    o2 = i4 @ i3.T + i2 @ i3 + i3 @ i2.T
    return o1, o2

[Process 2] step=6, generation took 636.37s
[Process 2] best score so far: 1.1263961901882404, content:
def fun(i1, i2, i3, i4):
    o1 = i1 @ i2.T
    o2 = i4 @ i3 + i2 @ i2.T
    return o1, o2

[Process 3] step=6, generation took 640.24s
[Process 3] best score so far: 1.1263961901882404, content:
def fun(i1, i2, i3, i4):
    o1 = i2 @ i1.T
    o2 = i4.T @ i3 + i2 @ i2.T
    return o1, o2

[Process 0] step=6, generation took 636.38s
[Process 0] best score so far: 1.1263961901882404, content:
def fun(i1, i2, i3, i4):
    o1 = i1 @ i2.T
    o2 = i4 @ i3 + i2 @ i2.T
    return o1, o2

[Process 1] step=7, generation took 640.54s
[Process 1] best score so far: 1.1243642464437924, content:
def fun(i1, i2, i3, i4):
    o1 = i1 @ i2.T
    o2 = i4 @ i3.T + i2 @ i3 + i3 @ i2.T
    return o1, o2

[Process 3] step=7, generation took 634.75s
[Process 3] best score so far: 1.1263961901882404, content:
def fun(i1, i2, i3, i4):
    o1 = i2 @ i1.T
    o2 = i4.T @ i3 + i2 @ i2.T
    return o1, o2

[Process 2] step=7, generation took 643.36s
[Process 2] best score so far: 1.1263961901882404, content:
def fun(i1, i2, i3, i4):
    o1 = i1 @ i2.T
    o2 = i4 @ i3 + i2 @ i2.T
    return o1, o2

[Process 0] step=7, generation took 630.88s
[Process 0] best score so far: 1.1263961901882404, content:
def fun(i1, i2, i3, i4):
    o1 = i1 @ i2.T
    o2 = i4 @ i3 + i2 @ i2.T
    return o1, o2

[Process 3] step=8, generation took 631.71s
[Process 3] best score so far: 1.1253252563710279, content:
def fun(i1, i2, i3, i4):
    o1 = i1 @ i2.T
    o2 = i4 @ i3.T + i3.T @ i2.T + i2 @ i3.T
    return o1, o2

[Process 1] step=8, generation took 641.84s
[Process 1] best score so far: 1.1243642464437924, content:
def fun(i1, i2, i3, i4):
    o1 = i1 @ i2.T
    o2 = i4 @ i3.T + i2 @ i3 + i3 @ i2.T
    return o1, o2

[Process 2] step=8, generation took 642.24s
[Process 2] best score so far: 1.1263961901882404, content:
def fun(i1, i2, i3, i4):
    o1 = i1 @ i2.T
    o2 = i4 @ i3 + i2 @ i2.T
    return o1, o2

[Process 0] step=8, generation took 634.21s
[Process 0] best score so far: 1.1263961901882404, content:
def fun(i1, i2, i3, i4):
    o1 = i1 @ i2.T
    o2 = i4 @ i3 + i2 @ i2.T
    return o1, o2

[Process 3] step=9, generation took 632.58s
[Process 3] best score so far: 1.1253252563710279, content:
def fun(i1, i2, i3, i4):
    o1 = i1 @ i2.T
    o2 = i4 @ i3.T + i3.T @ i2.T + i2 @ i3.T
    return o1, o2

[Process 0] step=9, generation took 620.48s
[Process 0] best score so far: 1.1263961901882404, content:
def fun(i1, i2, i3, i4):
    o1 = i1 @ i2.T
    o2 = i4 @ i3 + i2 @ i2.T
    return o1, o2

[Process 1] step=9, generation took 641.54s
[Process 1] best score so far: 1.1243642464437924, content:
def fun(i1, i2, i3, i4):
    o1 = i1 @ i2.T
    o2 = i4 @ i3.T + i2 @ i3 + i3 @ i2.T
    return o1, o2

[Process 2] step=9, generation took 642.69s
[Process 2] best score so far: 1.1263961901882404, content:
def fun(i1, i2, i3, i4):
    o1 = i1 @ i2.T
    o2 = i4 @ i3 + i2 @ i2.T
    return o1, o2


[Main] Collecting best scores from each thread's memory:
  Thread 0: best score 1.1263961901882404
  Thread 1: best score 1.1243642464437924
  Thread 2: best score 1.1263961901882404
  Thread 3: best score 1.1253252563710279

[Main] Sorted memory_infos (score, thread_idx):
  1.1243642464437924, thread 1
  1.1253252563710279, thread 3
  1.1263961901882404, thread 0
  1.1263961901882404, thread 2

[Main] Worst half (to be reinitialized):
  Thread 0 with score 1.1263961901882404
  Thread 2 with score 1.1263961901882404

[Main] Donor candidates (top half):
  Thread 1 with score 1.1243642464437924
  Thread 3 with score 1.1253252563710279
[Main] Reinitializing memory for thread 0 with best element from thread 1.
[Main] Reinitializing memory for thread 2 with best element from thread 3.

==== Outer Iteration 6 ====
[Process 1] started on GPU 1, running 10 iterations...
[Process 0] started on GPU 0, running 10 iterations...
[Process 3] started on GPU 3, running 10 iterations...
[Process 2] started on GPU 2, running 10 iterations...
[Process 3] step=0, generation took 628.38s
[Process 3] best score so far: 1.1253252563710279, content:
def fun(i1, i2, i3, i4):
    o1 = i1 @ i2.T
    o2 = i4 @ i3.T + i3.T @ i2.T + i2 @ i3.T
    return o1, o2

[Process 2] step=0, generation took 636.53s
[Process 2] best score so far: 1.1253252563710279, content:
def fun(i1, i2, i3, i4):
    o1 = i1 @ i2.T
    o2 = i4 @ i3.T + i3.T @ i2.T + i2 @ i3.T
    o3 = i4 @ i3.T + i3.T @ i2.T + i2 @ i3.T
    return o1, o2

[Process 0] step=0, generation took 639.39s
[Process 0] best score so far: 1.1243642464437924, content:
def fun(i1, i2, i3, i4):
    o1 = i1 @ i2.T
    o2 = i4 @ i3.T + i2 @ i3 + i3 @ i2.T
    return o1, o2

[Process 1] step=0, generation took 641.66s
[Process 1] best score so far: 1.1243642464437924, content:
def fun(i1, i2, i3, i4):
    o1 = i1 @ i2.T
    o2 = i4 @ i3.T + i2 @ i3 + i3 @ i2.T
    return o1, o2

[Process 3] step=1, generation took 627.34s
[Process 3] best score so far: 1.1253252563710279, content:
def fun(i1, i2, i3, i4):
    o1 = i1 @ i2.T
    o2 = i4 @ i3.T + i3.T @ i2.T + i2 @ i3.T
    return o1, o2

[Process 2] step=1, generation took 636.13s
[Process 2] best score so far: 1.1253252563710279, content:
def fun(i1, i2, i3, i4):
    o1 = i1 @ i2.T
    o2 = i4 @ i3.T + i3.T @ i2.T + i2 @ i3.T
    return o1, o2

[Process 1] step=1, generation took 640.83s
[Process 1] best score so far: 1.1243642464437924, content:
def fun(i1, i2, i3, i4):
    o1 = i1 @ i2.T
    o2 = i4 @ i3.T + i2 @ i3 + i3 @ i2.T
    return o1, o2

[Process 0] step=1, generation took 646.90s
[Process 0] best score so far: 1.1243642464437924, content:
def fun(i1, i2, i3, i4):
    o1 = i1 @ i2.T
    o2 = i4 @ i3.T + i2 @ i3 + i3 @ i2.T
    return o1, o2

[Process 3] step=2, generation took 627.16s
[Process 3] best score so far: 1.1253252563710279, content:
def fun(i1, i2, i3, i4):
    o1 = i1 @ i2.T
    o2 = i4 @ i3.T + i3.T @ i2.T + i2 @ i3.T
    return o1, o2

[Process 1] step=2, generation took 614.62s
[Process 1] best score so far: 1.1243642464437924, content:
def fun(i1, i2, i3, i4):
    o1 = i1 @ i2.T
    o2 = i4 @ i3.T + i2 @ i3 + i3 @ i2.T
    return o1, o2

[Process 2] step=2, generation took 639.37s
[Process 2] best score so far: 1.1253252563710279, content:
def fun(i1, i2, i3, i4):
    o1 = i1 @ i2.T
    o2 = i4 @ i3.T + i3.T @ i2.T + i2 @ i3.T
    return o1, o2

[Process 0] step=2, generation took 646.50s
[Process 0] best score so far: 1.1243642464437924, content:
def fun(i1, i2, i3, i4):
    o1 = i2 @ i1.T
    o2 = i4 @ i3.T + i2 @ i3 + i3 @ i2.T
    return o1, o2

[Process 3] step=3, generation took 633.87s
[Process 3] best score so far: 1.1253252563710279, content:
def fun(i1, i2, i3, i4):
    o1 = i1 @ i2.T
    o2 = i4 @ i3.T + i3.T @ i2.T + i2 @ i3.T
    return o1, o2

[Process 1] step=3, generation took 634.49s
[Process 1] best score so far: 1.1243642464437924, content:
def fun(i1, i2, i3, i4):
    o1 = i1 @ i2.T
    o2 = i4 @ i3.T + i2 @ i3 + i3 @ i2.T
    return o1, o2

[Process 2] step=3, generation took 639.66s
[Process 2] best score so far: 1.1253252563710279, content:
def fun(i1, i2, i3, i4):
    o1 = i1 @ i2.T
    o2 = i4 @ i3.T + i3.T @ i2.T + i2 @ i3.T
    o3 = i4 @ i3.T + i3.T @ i2.T + i2 @ i3.T
    return o1, o2

[Process 0] step=3, generation took 648.13s
[Process 0] best score so far: 1.1243642464437924, content:
def fun(i1, i2, i3, i4):
    o1 = i1 @ i2.T
    o2 = i4 @ i3.T + i2 @ i3 + i3 @ i2.T
    o3 = i4 @ i3.T
    return o1, o2

[Process 3] step=4, generation took 632.88s
[Process 3] best score so far: 1.1253252563710279, content:
def fun(i1, i2, i3, i4):
    o1 = i1 @ i2.T
    o2 = i4 @ i3.T + i3.T @ i2.T + i2 @ i3.T
    return o1, o2

[Process 1] step=4, generation took 629.81s
[Process 1] best score so far: 1.1243642464437924, content:
def fun(i1, i2, i3, i4):
    o1 = i1 @ i2.T
    o2 = i4 @ i3.T + i2 @ i3 + i3 @ i2.T
    return o1, o2

[Process 2] step=4, generation took 642.12s
[Process 2] best score so far: 1.1253252563710279, content:
def fun(i1, i2, i3, i4):
    o1 = i1 @ i2.T
    o2 = i4 @ i3.T + i3.T @ i2.T + i2 @ i3.T
    o3 = i4 @ i3.T + i3.T @ i2.T + i2 @ i3.T
    return o1, o2

[Process 0] step=4, generation took 647.79s
[Process 0] best score so far: 1.1243642464437924, content:
def fun(i1, i2, i3, i4):
    o1 = i1 @ i2.T
    o2 = i4 @ i3.T + i2 @ i3 + i3 @ i2.T
    o3 = i2 @ i3
    return o1, o2

[Process 3] step=5, generation took 630.55s
[Process 3] best score so far: 1.1253252563710279, content:
def fun(i1, i2, i3, i4):
    o1 = i1 @ i2.T
    o2 = i4 @ i3.T + i3.T @ i2.T + i2 @ i3.T
    return o1, o2

[Process 1] step=5, generation took 640.22s
[Process 1] best score so far: 1.1243642464437924, content:
def fun(i1, i2, i3, i4):
    o1 = i1 @ i2.T
    o2 = i4 @ i3.T + i2 @ i3 + i3 @ i2.T
    return o1, o2

[Process 2] step=5, generation took 640.50s
[Process 2] best score so far: 1.1253252563710279, content:
def fun(i1, i2, i3, i4):
    o1 = i1 @ i2.T
    o2 = i4 @ i3.T + i3.T @ i2.T + i2 @ i3.T
    return o1, o2

[Process 0] step=5, generation took 648.62s
[Process 0] best score so far: 1.1243642464437924, content:
def fun(i1, i2, i3, i4):
    o1 = i1 @ i2.T
    o2 = i4 @ i3.T + i2 @ i3 + i3 @ i2.T
    o3 = i2 @ i3
    return o1, o2

[Process 3] step=6, generation took 626.86s
[Process 3] best score so far: 1.1253252563710279, content:
def fun(i1, i2, i3, i4):
    o1 = i1 @ i2.T
    o2 = i4 @ i3.T + i3.T @ i2.T + i2 @ i3.T
    return o1, o2

[Process 1] step=6, generation took 640.22s
[Process 1] best score so far: 1.1243642464437924, content:
def fun(i1, i2, i3, i4):
    o1 = i1 @ i2.T
    o2 = i4 @ i3.T + i2 @ i3 + i3 @ i2.T
    return o1, o2

[Process 2] step=6, generation took 639.45s
[Process 2] best score so far: 1.1253252563710279, content:
def fun(i1, i2, i3, i4):
    o1 = i1 @ i2.T
    o2 = i4 @ i3.T + i3.T @ i2.T + i2 @ i3.T
    return o1, o2

[Process 0] step=6, generation took 648.01s
[Process 0] best score so far: 1.1243642464437924, content:
def fun(i1, i2, i3, i4):
    o1 = i1 @ i2.T
    o2 = i4 @ i3.T + i2 @ i3 + i3 @ i2.T
    o3 = i2 @ i3
    return o1, o2

[Process 3] step=7, generation took 621.77s
[Process 3] best score so far: 1.1253252563710279, content:
def fun(i1, i2, i3, i4):
    o1 = i1 @ i2.T
    o2 = i4 @ i3.T + i3.T @ i2.T + i2 @ i3.T
    return o1, o2

[Process 1] step=7, generation took 623.19s
[Process 1] best score so far: 1.1243642464437924, content:
def fun(i1, i2, i3, i4):
    o1 = i1 @ i2.T
    o2 = i4 @ i3.T + i2 @ i3 + i3 @ i2.T
    return o1, o2

[Process 2] step=7, generation took 634.44s
[Process 2] best score so far: 1.1253252563710279, content:
def fun(i1, i2, i3, i4):
    o1 = i1 @ i2.T
    o2 = i4 @ i3.T + i3.T @ i2.T + i2 @ i3.T
    return o1, o2

[Process 0] step=7, generation took 648.64s
[Process 0] best score so far: 1.1243642464437924, content:
def fun(i1, i2, i3, i4):
    o1 = i1 @ i2.T
    o2 = i4 @ i3.T + i2 @ i3 + i3 @ i2.T
    o3 = i2 @ i3
    return o1, o2

[Process 3] step=8, generation took 629.70s
[Process 3] best score so far: 1.1253252563710279, content:
def fun(i1, i2, i3, i4):
    o1 = i1 @ i2.T
    o2 = i4 @ i3.T + i3.T @ i2.T + i2 @ i3.T
    return o1, o2

[Process 1] step=8, generation took 627.86s
[Process 1] best score so far: 1.1243642464437924, content:
def fun(i1, i2, i3, i4):
    o1 = i1 @ i2.T
    o2 = i4 @ i3.T + i2 @ i3 + i3 @ i2.T
    return o1, o2

[Process 2] step=8, generation took 610.93s
[Process 2] best score so far: 1.1253252563710279, content:
def fun(i1, i2, i3, i4):
    o1 = i1 @ i2.T
    o2 = i4 @ i3.T + i3.T @ i2.T + i2 @ i3.T
    return o1, o2

[Process 0] step=8, generation took 647.85s
[Process 0] best score so far: 1.1243642464437924, content:
def fun(i1, i2, i3, i4):
    o1 = i1 @ i2.T
    o2 = i4 @ i3.T + i2 @ i3 + i3 @ i2.T
    o3 = i2 @ i3
    return o1, o2

[Process 3] step=9, generation took 628.37s
[Process 3] best score so far: 1.1253252563710279, content:
def fun(i1, i2, i3, i4):
    o1 = i1 @ i2.T
    o2 = i4 @ i3.T + i3.T @ i2.T + i2 @ i3.T
    return o1, o2

[Process 1] step=9, generation took 630.15s
[Process 1] best score so far: 1.1243642464437924, content:
def fun(i1, i2, i3, i4):
    o1 = i1 @ i2.T
    o2 = i4 @ i3.T + i2 @ i3 + i3 @ i2.T
    return o1, o2

[Process 2] step=9, generation took 623.94s
[Process 2] best score so far: 1.1253252563710279, content:
def fun(i1, i2, i3, i4):
    o1 = i1 @ i2.T
    o2 = i4 @ i3.T + i3.T @ i2.T + i2 @ i3.T
    return o1, o2

[Process 0] step=9, generation took 647.46s
[Process 0] best score so far: 1.1243642464437924, content:
def fun(i1, i2, i3, i4):
    o1 = i1 @ i2.T
    o2 = i4 @ i3.T + i2 @ i3 + i3 @ i2.T
    o3 = i2 @ i3
    return o1, o2


[Main] Collecting best scores from each thread's memory:
  Thread 0: best score 1.1243642464437924
  Thread 1: best score 1.1243642464437924
  Thread 2: best score 1.1253252563710279
  Thread 3: best score 1.1253252563710279

[Main] Sorted memory_infos (score, thread_idx):
  1.1243642464437924, thread 0
  1.1243642464437924, thread 1
  1.1253252563710279, thread 2
  1.1253252563710279, thread 3

[Main] Worst half (to be reinitialized):
  Thread 2 with score 1.1253252563710279
  Thread 3 with score 1.1253252563710279

[Main] Donor candidates (top half):
  Thread 0 with score 1.1243642464437924
  Thread 1 with score 1.1243642464437924
[Main] Reinitializing memory for thread 2 with best element from thread 0.
[Main] Reinitializing memory for thread 3 with best element from thread 1.

==== Outer Iteration 7 ====
[Process 0] started on GPU 0, running 10 iterations...
[Process 2] started on GPU 2, running 10 iterations...
[Process 1] started on GPU 1, running 10 iterations...
[Process 3] started on GPU 3, running 10 iterations...
[Process 2] step=0, generation took 633.83s
[Process 2] best score so far: 1.1243642464437924, content:
def fun(i1, i2, i3, i4):
    o1 = i1 @ i2.T
    o2 = i4 @ i3.T + i2 @ i3 + i3 @ i2.T
    o3 = i2 @ i3
    return o1, o2

[Process 3] step=0, generation took 637.60s
[Process 3] best score so far: 1.1243642464437924, content:
def fun(i1, i2, i3, i4):
    o1 = i1 @ i2.T
    o2 = i4 @ i3.T + i2 @ i3 + i3 @ i2.T
    return o1, o2

[Process 1] step=0, generation took 637.04s
[Process 1] best score so far: 1.1243642464437924, content:
def fun(i1, i2, i3, i4):
    o1 = i1 @ i2.T
    o2 = i4 @ i3.T + i2 @ i3 + i3 @ i2.T
    return o1, o2

[Process 0] step=0, generation took 646.70s
[Process 0] best score so far: 1.1243642464437924, content:
def fun(i1, i2, i3, i4):
    o1 = i1 @ i2.T
    o2 = i4 @ i3.T + i2 @ i3 + i3 @ i2.T
    o3 = i2 @ i3
    return o1, o2

[Process 1] step=1, generation took 629.51s
[Process 1] best score so far: 1.1243642464437924, content:
def fun(i1, i2, i3, i4):
    o1 = i1 @ i2.T
    o2 = i4 @ i3.T + i2 @ i3 + i3 @ i2.T
    return o1, o2

[Process 2] step=1, generation took 640.02s
[Process 2] best score so far: 1.1243642464437924, content:
def fun(i1, i2, i3, i4):
    o1 = i1 @ i2.T
    o2 = i4 @ i3.T + i2 @ i3 + i3 @ i2.T
    o3 = i2 @ i3
    return o1, o2

[Process 3] step=1, generation took 640.52s
[Process 3] best score so far: 1.1243642464437924, content:
def fun(i1, i2, i3, i4):
    o1 = i1.T @ i2.T
    o2 = i4 @ i3.T + i2 @ i3 + i3 @ i2.T
    return o1, o2

[Process 0] step=1, generation took 645.65s
[Process 0] best score so far: 1.1243642464437924, content:
def fun(i1, i2, i3, i4):
    o1 = i1 @ i2.T
    o2 = i4 @ i3.T + i2 @ i3 + i3 @ i2.T
    o3 = i2 @ i3
    return o1, o2

[Process 1] step=2, generation took 626.87s
[Process 1] best score so far: 1.1243642464437924, content:
def fun(i1, i2, i3, i4):
    o1 = i1 @ i2.T
    o2 = i4 @ i3.T + i2 @ i3 + i3 @ i2.T
    return o1, o2

[Process 2] step=2, generation took 626.17s
[Process 2] best score so far: 1.1243642464437924, content:
def fun(i1, i2, i3, i4):
    o1 = i1 @ i2.T
    o2 = i4 @ i3.T + i2 @ i3 + i3 @ i2.T
    o3 = i2 @ i3
    return o1, o2

[Process 3] step=2, generation took 641.70s
[Process 3] best score so far: 1.1243642464437924, content:
def fun(i1, i2, i3, i4):
    o1 = i1 @ i2.T
    o2 = i4 @ i3.T + i2 @ i3 + i3 @ i2.T
    o3 = i1 @ i2.T
    return o1, o2

[Process 0] step=2, generation took 646.27s
[Process 0] best score so far: 1.1243642464437924, content:
def fun(i1, i2, i3, i4):
    o1 = i1 @ i2.T
    o2 = i4 @ i3.T + i2 @ i3 + i3 @ i2.T
    o3 = i2 @ i3
    return o1, o2

[Process 2] step=3, generation took 614.61s
[Process 2] best score so far: 1.1243642464437924, content:
def fun(i1, i2, i3, i4):
    o1 = i1 @ i2.T
    o2 = i4 @ i3.T + i2 @ i3 + i3 @ i2.T
    o3 = i1 @ i3.T
    return o1, o2

[Process 1] step=3, generation took 634.70s
[Process 1] best score so far: 1.1243642464437924, content:
def fun(i1, i2, i3, i4):
    o1 = i1 @ i2.T
    o2 = i4 @ i3.T + i2 @ i3 + i3 @ i2.T
    return o1, o2

[Process 3] step=3, generation took 641.64s
[Process 3] best score so far: 1.1243642464437924, content:
def fun(i1, i2, i3, i4):
    o1 = i1.T @ i2.T
    o2 = i4 @ i3.T + i2 @ i3 + i3 @ i2.T
    return o1, o2

[Process 0] step=3, generation took 645.90s
[Process 0] best score so far: 1.1243642464437924, content:
def fun(i1, i2, i3, i4):
    o1 = i1 @ i2.T
    o2 = i4 @ i3.T + i2 @ i3 + i3 @ i2.T
    o3 = i2 @ i3
    return o1, o2

[Process 2] step=4, generation took 619.62s
[Process 2] best score so far: 1.1243642464437924, content:
def fun(i1, i2, i3, i4):
    o1 = i1 @ i2.T
    o2 = i4 @ i3.T + i2 @ i3 + i3 @ i2.T
    o3 = i1 @ i3.T
    return o1, o2

[Process 1] step=4, generation took 637.40s
[Process 1] best score so far: 1.1243642464437924, content:
def fun(i1, i2, i3, i4):
    o1 = i1 @ i2.T
    o2 = i4 @ i3.T + i2 @ i3 + i3 @ i2.T
    return o1, o2

[Process 3] step=4, generation took 632.24s
[Process 3] best score so far: 1.1243642464437924, content:
def fun(i1, i2, i3, i4):
    o1 = i1 @ i2.T
    o2 = i4 @ i3.T + i3 @ i2.T + i2 @ i3
    return o1, o2

[Process 0] step=4, generation took 632.72s
[Process 0] best score so far: 1.1243642464437924, content:
def fun(i1, i2, i3, i4):
    o1 = i1 @ i2.T
    o2 = i4 @ i3.T + i2 @ i3 + i3 @ i2.T
    o3 = i2 @ i3
    return o1, o2

[Process 2] step=5, generation took 613.31s
[Process 2] best score so far: 1.1243642464437924, content:
def fun(i1, i2, i3, i4):
    o1 = i1 @ i2.T
    o2 = i2 @ i3 + i3 @ i2.T + i4 @ i3.T
    return o1, o2

[Process 1] step=5, generation took 629.54s
[Process 1] best score so far: 1.1243642464437924, content:
def fun(i1, i2, i3, i4):
    o1 = i1 @ i2.T
    o2 = i4 @ i3.T + i2 @ i3 + i3 @ i2.T
    return o1, o2

[Process 3] step=5, generation took 625.96s
[Process 3] best score so far: 1.1243642464437924, content:
def fun(i1, i2, i3, i4):
    o1 = i1.T @ i2.T
    o2 = i4 @ i3.T + i2 @ i3 + i3 @ i2.T
    return o1, o2

[Process 0] step=5, generation took 646.30s
[Process 0] best score so far: 1.1243642464437924, content:
def fun(i1, i2, i3, i4):
    o1 = i1 @ i2.T
    o2 = i4 @ i3.T + i2 @ i3 + i3 @ i2.T
    o3 = i2 @ i3
    return o1, o2

[Process 2] step=6, generation took 611.86s
[Process 2] best score so far: 1.1243642464437924, content:
def fun(i1, i2, i3, i4):
    o1 = i1 @ i2.T
    o2 = i2 @ i3 + i3 @ i2.T + i4 @ i3.T
    return o1, o2

[Process 1] step=6, generation took 636.04s
[Process 1] best score so far: 1.1243642464437924, content:
def fun(i1, i2, i3, i4):
    o1 = i1 @ i2.T
    o2 = i4 @ i3.T + i2 @ i3 + i3 @ i2.T
    return o1, o2

[Process 3] step=6, generation took 632.35s
[Process 3] best score so far: 1.1243642464437924, content:
def fun(i1, i2, i3, i4):
    o1 = i1.T @ i2.T
    o2 = i4 @ i3.T + i2 @ i3 + i3 @ i2.T
    return o1, o2

[Process 0] step=6, generation took 635.69s
[Process 0] best score so far: 1.1243642464437924, content:
def fun(i1, i2, i3, i4):
    o1 = i1 @ i2.T
    o2 = i4 @ i3.T + i2 @ i3 + i3 @ i2.T
    o3 = i2 @ i3
    return o1, o2

[Process 2] step=7, generation took 619.38s
[Process 2] best score so far: 1.1243642464437924, content:
def fun(i1, i2, i3, i4):
    o1 = i1 @ i2.T
    o2 = i2 @ i3 + i3 @ i2.T + i4 @ i3.T
    return o1, o2

[Process 1] step=7, generation took 631.17s
[Process 1] best score so far: 1.1243642464437924, content:
def fun(i1, i2, i3, i4):
    o1 = i1 @ i2.T
    o2 = i4 @ i3.T + i2 @ i3 + i3 @ i2.T
    return o1, o2

[Process 3] step=7, generation took 627.40s
[Process 3] best score so far: 1.1243642464437924, content:
def fun(i1, i2, i3, i4):
    o1 = i1.T @ i2.T
    o2 = i4 @ i3.T + i2 @ i3 + i3 @ i2.T
    return o1, o2

[Process 0] step=7, generation took 635.53s
[Process 0] best score so far: 1.1243642464437924, content:
def fun(i1, i2, i3, i4):
    o1 = i1 @ i2.T
    o2 = i4 @ i3.T + i2 @ i3 + i3 @ i2.T
    o3 = i2 @ i3
    return o1, o2

[Process 2] step=8, generation took 615.05s
[Process 2] best score so far: 1.1243642464437924, content:
def fun(i1, i2, i3, i4):
    o1 = i1 @ i2.T
    o2 = i2 @ i3 + i3 @ i2.T + i4 @ i3.T
    return o1, o2

[Process 3] step=8, generation took 617.40s
[Process 3] best score so far: 1.1243642464437924, content:
def fun(i1, i2, i3, i4):
    o1 = i1.T @ i2.T
    o2 = i4 @ i3.T + i2 @ i3 + i3 @ i2.T
    return o1, o2

[Process 1] step=8, generation took 636.34s
[Process 1] best score so far: 1.1243642464437924, content:
def fun(i1, i2, i3, i4):
    o1 = i1 @ i2.T
    o2 = i4 @ i3.T + i2 @ i3 + i3 @ i2.T
    return o1, o2

[Process 0] step=8, generation took 625.89s
[Process 0] best score so far: 1.1243642464437924, content:
def fun(i1, i2, i3, i4):
    o1 = i1 @ i2.T
    o2 = i4 @ i3.T + i2 @ i3 + i3 @ i2.T
    o3 = i2 @ i3
    return o1, o2

[Process 2] step=9, generation took 621.00s
[Process 2] best score so far: 1.1243642464437924, content:
def fun(i1, i2, i3, i4):
    o1 = i1 @ i2.T
    o2 = i2 @ i3 + i3 @ i2.T + i4 @ i3.T
    return o1, o2

[Process 3] step=9, generation took 620.40s
[Process 3] best score so far: 1.1243642464437924, content:
def fun(i1, i2, i3, i4):
    o1 = i1.T @ i2.T
    o2 = i4 @ i3.T + i2 @ i3 + i3 @ i2.T
    return o1, o2

[Process 1] step=9, generation took 635.71s
[Process 1] best score so far: 1.1243642464437924, content:
def fun(i1, i2, i3, i4):
    o1 = i1 @ i2.T
    o2 = i4 @ i3.T + i2 @ i3 + i3 @ i2.T
    return o1, o2

[Process 0] step=9, generation took 638.63s
[Process 0] best score so far: 1.1180347592524118, content:
def fun(i1, i2, i3, i4):
    o1 = i1 @ i2.T
    o2 = i4 @ i3.T + i3.T @ i2.T + i2 @ i3
    return o1, o2


[Main] Collecting best scores from each thread's memory:
  Thread 0: best score 1.1180347592524118
  Thread 1: best score 1.1243642464437924
  Thread 2: best score 1.1243642464437924
  Thread 3: best score 1.1243642464437924

[Main] Sorted memory_infos (score, thread_idx):
  1.1180347592524118, thread 0
  1.1243642464437924, thread 1
  1.1243642464437924, thread 2
  1.1243642464437924, thread 3

[Main] Worst half (to be reinitialized):
  Thread 2 with score 1.1243642464437924
  Thread 3 with score 1.1243642464437924

[Main] Donor candidates (top half):
  Thread 0 with score 1.1180347592524118
  Thread 1 with score 1.1243642464437924
[Main] Reinitializing memory for thread 2 with best element from thread 0.
[Main] Reinitializing memory for thread 3 with best element from thread 1.

==== Outer Iteration 8 ====
[Process 2] started on GPU 2, running 10 iterations...
[Process 1] started on GPU 1, running 10 iterations...
[Process 3] started on GPU 3, running 10 iterations...
[Process 0] started on GPU 0, running 10 iterations...
[Process 2] step=0, generation took 636.52s
[Process 2] best score so far: 1.1180347592524118, content:
def fun(i1, i2, i3, i4):
    o1 = i1 @ i2.T
    o2 = i4 @ i3.T + i3.T @ i2.T + i2 @ i3
    o3 = i1 @ i3.T
    return o1, o2

[Process 3] step=0, generation took 637.13s
[Process 3] best score so far: 1.1243642464437924, content:
def fun(i1, i2, i3, i4):
    o1 = i1 @ i2.T
    o2 = i4 @ i3.T + i2 @ i3 + i3 @ i2.T
    return o1, o2

[Process 1] step=0, generation took 638.07s
[Process 1] best score so far: 1.1243642464437924, content:
def fun(i1, i2, i3, i4):
    o1 = i1 @ i2.T
    o2 = i4 @ i3.T + i2 @ i3 + i3 @ i2.T
    return o1, o2

[Process 0] step=0, generation took 641.00s
[Process 0] best score so far: 1.1180347592524118, content:
def fun(i1, i2, i3, i4):
    o1 = i1 @ i2.T
    o2 = i4 @ i3.T + i3.T @ i2.T + i2 @ i3
    return o1, o2

[Process 0] step=1, generation took 633.34s
[Process 0] best score so far: 1.1180347592524118, content:
def fun(i1, i2, i3, i4):
    o1 = i1 @ i2.T
    o2 = i4 @ i3.T + i3.T @ i2.T + i2 @ i3
    return o1, o2

[Process 3] step=1, generation took 638.57s
[Process 3] best score so far: 1.1243642464437924, content:
def fun(i1, i2, i3, i4):
    o1 = i1 @ i2.T
    o2 = i4 @ i3.T + i3 @ i2.T + i2 @ i3
    return o1, o2

[Process 2] step=1, generation took 641.66s
[Process 2] best score so far: 1.1180347592524118, content:
def fun(i1, i2, i3, i4):
    o1 = i1 @ i2.T
    o2 = i4 @ i3.T + i3.T @ i2.T + i2 @ i3
    return o1, o2

[Process 1] step=1, generation took 640.22s
[Process 1] best score so far: 1.1243642464437924, content:
def fun(i1, i2, i3, i4):
    o1 = i1 @ i2.T
    o2 = i4 @ i3.T + i2 @ i3 + i3 @ i2.T
    return o1, o2

[Process 3] step=2, generation took 618.50s
[Process 3] best score so far: 1.1243642464437924, content:
def fun(i1, i2, i3, i4):
    o1 = i1 @ i2.T
    o2 = i4 @ i3.T + i3 @ i2.T + i2 @ i3
    return o1, o2

[Process 0] step=2, generation took 636.72s
[Process 0] best score so far: 1.1180347592524118, content:
def fun(i1, i2, i3, i4):
    o1 = i1 @ i2.T
    o2 = i4 @ i3.T + i3.T @ i2.T + i2 @ i3
    return o1, o2

[Process 1] step=2, generation took 638.06s
[Process 1] best score so far: 1.1243642464437924, content:
def fun(i1, i2, i3, i4):
    o1 = i1 @ i2.T
    o2 = i4 @ i3.T + i2 @ i3 + i3 @ i2.T
    return o1, o2

[Process 2] step=2, generation took 644.24s
[Process 2] best score so far: 1.1180347592524118, content:
def fun(i1, i2, i3, i4):
    o1 = i1 @ i2.T
    o2 = i4 @ i3.T + i3.T @ i2.T + i2 @ i3
    return o1, o2

[Process 3] step=3, generation took 617.94s
[Process 3] best score so far: 1.1243642464437924, content:
def fun(i1, i2, i3, i4):
    o1 = i1 @ i2.T
    o2 = i4 @ i3.T + i3 @ i2.T + i2 @ i3
    return o1, o2

[Process 0] step=3, generation took 634.45s
[Process 0] best score so far: 1.1180347592524118, content:
def fun(i1, i2, i3, i4):
    o1 = i1 @ i2.T
    o2 = i4 @ i3.T + i3.T @ i2.T + i2 @ i3
    return o1, o2

[Process 1] step=3, generation took 635.78s
[Process 1] best score so far: 1.1243642464437924, content:
def fun(i1, i2, i3, i4):
    o1 = i1 @ i2.T
    o2 = i4 @ i3.T + i2 @ i3 + i3 @ i2.T
    return o1, o2

[Process 2] step=3, generation took 644.73s
[Process 2] best score so far: 1.1180347592524118, content:
def fun(i1, i2, i3, i4):
    o1 = i1 @ i2.T
    o2 = i4 @ i3.T + i3.T @ i2.T + i2 @ i3
    o3 = i1 @ i3.T
    return o1, o2

[Process 3] step=4, generation took 619.11s
[Process 3] best score so far: 1.1243642464437924, content:
def fun(i1, i2, i3, i4):
    o1 = i1 @ i2.T
    o2 = i4 @ i3.T + i2 @ i3 + i3 @ i2.T
    return o1, o2

[Process 0] step=4, generation took 632.00s
[Process 0] best score so far: 1.1180347592524118, content:
def fun(i1, i2, i3, i4):
    o1 = i1 @ i2.T
    o2 = i4 @ i3.T + i3.T @ i2.T + i2 @ i3
    return o1, o2

[Process 1] step=4, generation took 636.63s
[Process 1] best score so far: 1.1243642464437924, content:
def fun(i1, i2, i3, i4):
    o1 = i1 @ i2.T
    o2 = i4 @ i3.T + i2 @ i3 + i3 @ i2.T
    return o1, o2

[Process 2] step=4, generation took 641.39s
[Process 2] best score so far: 1.1180347592524118, content:
def fun(i1, i2, i3, i4):
    o1 = i1 @ i2.T
    o2 = i4 @ i3.T + i3.T @ i2.T + i2 @ i3
    o3 = i1 @ i3.T
    return o1, o2

[Process 3] step=5, generation took 622.73s
[Process 3] best score so far: 1.1243642464437924, content:
def fun(i1, i2, i3, i4):
    o1 = i1 @ i2.T
    o2 = i4 @ i3.T + i2 @ i3 + i3 @ i2.T
    return o1, o2

[Process 0] step=5, generation took 632.35s
[Process 0] best score so far: 1.1180347592524118, content:
def fun(i1, i2, i3, i4):
    o1 = i1 @ i2.T
    o2 = i4 @ i3.T + i3.T @ i2.T + i2 @ i3
    return o1, o2

[Process 1] step=5, generation took 639.18s
[Process 1] best score so far: 1.1243642464437924, content:
def fun(i1, i2, i3, i4):
    o1 = i1 @ i2.T
    o2 = i4 @ i3.T + i2 @ i3 + i3 @ i2.T
    return o1, o2

[Process 2] step=5, generation took 638.74s
[Process 2] best score so far: 1.1180347592524118, content:
def fun(i1, i2, i3, i4):
    o1 = i1 @ i2.T
    o2 = i4 @ i3.T + i3.T @ i2.T + i2 @ i3
    return o1, o2

[Process 3] step=6, generation took 621.11s
[Process 3] best score so far: 1.1243642464437924, content:
def fun(i1, i2, i3, i4):
    o1 = i1 @ i2.T
    o2 = i4 @ i3.T + i2 @ i3 + i3 @ i2.T
    return o1, o2

[Process 0] step=6, generation took 644.13s
[Process 0] best score so far: 1.1180347592524118, content:
def fun(i1, i2, i3, i4):
    o1 = i1 @ i2.T
    o2 = i4 @ i3.T + i3.T @ i2.T + i2 @ i3
    return o1, o2

[Process 1] step=6, generation took 639.66s
[Process 1] best score so far: 1.1243642464437924, content:
def fun(i1, i2, i3, i4):
    o1 = i1 @ i2.T
    o2 = i4 @ i3.T + i2 @ i3 + i3 @ i2.T
    return o1, o2

[Process 2] step=6, generation took 635.93s
[Process 2] best score so far: 1.1180347592524118, content:
def fun(i1, i2, i3, i4):
    o1 = i1 @ i2.T
    o2 = i4 @ i3.T + i3.T @ i2.T + i2 @ i3
    return o1, o2

[Process 3] step=7, generation took 623.84s
[Process 3] best score so far: 1.1243642464437924, content:
def fun(i1, i2, i3, i4):
    o1 = i1 @ i2.T
    o2 = i4 @ i3.T + i2 @ i3 + i3 @ i2.T
    return o1, o2

[Process 0] step=7, generation took 636.10s
[Process 0] best score so far: 1.1180347592524118, content:
def fun(i1, i2, i3, i4):
    o1 = i1 @ i2.T
    o2 = i4 @ i3.T + i3.T @ i2.T + i2 @ i3
    return o1, o2

[Process 2] step=7, generation took 627.74s
[Process 2] best score so far: 1.1180347592524118, content:
def fun(i1, i2, i3, i4):
    o1 = i1 @ i2.T
    o2 = i4 @ i3.T + i3.T @ i2.T + i2 @ i3
    return o1, o2

[Process 1] step=7, generation took 640.87s
[Process 1] best score so far: 1.1243642464437924, content:
def fun(i1, i2, i3, i4):
    o1 = i1 @ i2.T
    o2 = i4 @ i3.T + i2 @ i3 + i3 @ i2.T
    return o1, o2

[Process 3] step=8, generation took 614.40s
[Process 3] best score so far: 1.1243642464437924, content:
def fun(i1, i2, i3, i4):
    o1 = i1 @ i2.T
    o2 = i4 @ i3.T + i2 @ i3 + i3 @ i2.T
    return o1, o2

[Process 0] step=8, generation took 636.70s
[Process 0] best score so far: 1.1180347592524118, content:
def fun(i1, i2, i3, i4):
    o1 = i1 @ i2.T
    o2 = i4 @ i3.T + i3.T @ i2.T + i2 @ i3
    return o1, o2

[Process 2] step=8, generation took 624.68s
[Process 2] best score so far: 1.1180347592524118, content:
def fun(i1, i2, i3, i4):
    o1 = i1 @ i2.T
    o2 = i4 @ i3.T + i3.T @ i2.T + i2 @ i3
    return o1, o2

[Process 1] step=8, generation took 640.67s
[Process 1] best score so far: 1.1243642464437924, content:
def fun(i1, i2, i3, i4):
    o1 = i1 @ i2.T
    o2 = i4 @ i3.T + i2 @ i3 + i3 @ i2.T
    return o1, o2

[Process 3] step=9, generation took 615.16s
[Process 3] best score so far: 1.1243642464437924, content:
def fun(i1, i2, i3, i4):
    o1 = i1 @ i2.T
    o2 = i4 @ i3.T + i2 @ i3 + i3 @ i2.T
    return o1, o2

[Process 2] step=9, generation took 625.52s
[Process 2] best score so far: 1.1180347592524118, content:
def fun(i1, i2, i3, i4):
    o1 = i1 @ i2.T
    o2 = i4 @ i3.T + i3.T @ i2.T + i2 @ i3
    return o1, o2

[Process 0] step=9, generation took 642.75s
[Process 0] best score so far: 1.1180347592524118, content:
def fun(i1, i2, i3, i4):
    o1 = i1 @ i2.T
    o2 = i4 @ i3.T + i3.T @ i2.T + i2 @ i3
    return o1, o2

[Process 1] step=9, generation took 635.85s
[Process 1] best score so far: 1.1243642464437924, content:
def fun(i1, i2, i3, i4):
    o1 = i1 @ i2.T
    o2 = i4 @ i3.T + i2 @ i3 + i3 @ i2.T
    return o1, o2


[Main] Collecting best scores from each thread's memory:
  Thread 0: best score 1.1180347592524118
  Thread 1: best score 1.1243642464437924
  Thread 2: best score 1.1180347592524118
  Thread 3: best score 1.1243642464437924

[Main] Sorted memory_infos (score, thread_idx):
  1.1180347592524118, thread 0
  1.1180347592524118, thread 2
  1.1243642464437924, thread 1
  1.1243642464437924, thread 3

[Main] Worst half (to be reinitialized):
  Thread 1 with score 1.1243642464437924
  Thread 3 with score 1.1243642464437924

[Main] Donor candidates (top half):
  Thread 0 with score 1.1180347592524118
  Thread 2 with score 1.1180347592524118
[Main] Reinitializing memory for thread 1 with best element from thread 0.
[Main] Reinitializing memory for thread 3 with best element from thread 2.

==== Outer Iteration 9 ====
[Process 3] started on GPU 3, running 10 iterations...
[Process 1] started on GPU 1, running 10 iterations...
[Process 0] started on GPU 0, running 10 iterations...
[Process 2] started on GPU 2, running 10 iterations...
[Process 2] step=0, generation took 619.74s
[Process 2] best score so far: 1.1180347592524118, content:
def fun(i1, i2, i3, i4):
    o1 = i1 @ i2.T
    o2 = i4 @ i3.T + i3.T @ i2.T + i2 @ i3
    return o1, o2

[Process 1] step=0, generation took 638.18s
[Process 1] best score so far: 1.1180347592524118, content:
def fun(i1, i2, i3, i4):
    o1 = i1 @ i2.T
    o2 = i4 @ i3.T + i3.T @ i2.T + i2 @ i3
    return o1, o2

[Process 3] step=0, generation took 638.69s
[Process 3] best score so far: 1.1180347592524118, content:
def fun(i1, i2, i3, i4):
    o1 = i1 @ i2.T
    o2 = i4 @ i3.T + i3.T @ i2.T + i2 @ i3
    return o1, o2

[Process 0] step=0, generation took 643.18s
[Process 0] best score so far: 1.1180347592524118, content:
def fun(i1, i2, i3, i4):
    o1 = i1 @ i2.T
    o2 = i4 @ i3.T + i3.T @ i2.T + i2 @ i3
    return o1, o2

[Process 2] step=1, generation took 620.96s
[Process 2] best score so far: 1.1180347592524118, content:
def fun(i1, i2, i3, i4):
    o1 = i1 @ i2.T
    o2 = i4 @ i3.T + i3.T @ i2.T + i2 @ i3
    return o1, o2

[Process 1] step=1, generation took 644.78s
[Process 1] best score so far: 1.1180347592524118, content:
def fun(i1, i2, i3, i4):
    o1 = i1.T @ i2.T
    o2 = i4 @ i3.T + i3.T @ i2.T + i2 @ i3
    return o1, o2

[Process 3] step=1, generation took 644.26s
[Process 3] best score so far: 1.1180347592524118, content:
def fun(i1, i2, i3, i4):
    o1 = i1 @ i2.T
    o2 = i4 @ i3.T + i3.T @ i2.T + i2 @ i3
    return o1, o2

[Process 0] step=1, generation took 641.57s
[Process 0] best score so far: 1.1180347592524118, content:
def fun(i1, i2, i3, i4):
    o1 = i1 @ i2.T
    o2 = i4 @ i3.T + i3.T @ i2.T + i2 @ i3
    return o1, o2

[Process 2] step=2, generation took 615.17s
[Process 2] best score so far: 1.1180347592524118, content:
def fun(i1, i2, i3, i4):
    o1 = i1 @ i2.T
    o2 = i4 @ i3.T + i3.T @ i2.T + i2 @ i3
    return o1, o2

[Process 0] step=2, generation took 633.34s
[Process 0] best score so far: 1.1180347592524118, content:
def fun(i1, i2, i3, i4):
    o1 = i1 @ i2.T
    o2 = i4 @ i3.T + i3.T @ i2.T + i2 @ i3
    return o1, o2

[Process 3] step=2, generation took 643.30s
[Process 3] best score so far: 1.1180347592524118, content:
def fun(i1, i2, i3, i4):
    o1 = i1 @ i2.T
    o2 = i4 @ i3.T + i3.T @ i2.T + i2 @ i3
    return o1, o2

[Process 1] step=2, generation took 643.22s
[Process 1] best score so far: 1.1180347592524118, content:
def fun(i1, i2, i3, i4):
    o1 = i2 @ i1.T
    o2 = i4 @ i3.T + i3.T @ i2.T + i2 @ i3
    return o1, o2

[Process 2] step=3, generation took 622.68s
[Process 2] best score so far: 1.1180347592524118, content:
def fun(i1, i2, i3, i4):
    o1 = i1 @ i2.T
    o2 = i4 @ i3.T + i3.T @ i2.T + i2 @ i3
    return o1, o2

[Process 0] step=3, generation took 624.73s
[Process 0] best score so far: 1.1180347592524118, content:
def fun(i1, i2, i3, i4):
    o1 = i1 @ i2.T
    o2 = i4 @ i3.T + i3.T @ i2.T + i2 @ i3
    return o1, o2

[Process 1] step=3, generation took 633.82s
[Process 1] best score so far: 1.1180347592524118, content:
def fun(i1, i2, i3, i4):
    o1 = i1.T @ i2.T
    o2 = i4 @ i3.T + i3.T @ i2.T + i2 @ i3
    return o1, o2

[Process 3] step=3, generation took 643.92s
[Process 3] best score so far: 1.1180347592524118, content:
def fun(i1, i2, i3, i4):
    o1 = i1 @ i2.T
    o2 = i4 @ i3.T + i3.T @ i2.T + i2 @ i3
    return o1, o2

[Process 2] step=4, generation took 612.81s
[Process 2] best score so far: 1.1180347592524118, content:
def fun(i1, i2, i3, i4):
    o1 = i1 @ i2.T
    o2 = i4 @ i3.T + i3.T @ i2.T + i2 @ i3
    return o1, o2

[Process 0] step=4, generation took 638.07s
[Process 0] best score so far: 1.1180347592524118, content:
def fun(i1, i2, i3, i4):
    o1 = i1 @ i2.T
    o2 = i4 @ i3.T + i3.T @ i2.T + i2 @ i3
    return o1, o2

[Process 1] step=4, generation took 632.71s
[Process 1] best score so far: 1.1180347592524118, content:
def fun(i1, i2, i3, i4):
    o1 = i2 @ i1
    o2 = i4 @ i3.T + i3.T @ i2.T + i2 @ i3
    return o1, o2

[Process 3] step=4, generation took 630.79s
[Process 3] best score so far: 1.1180347592524118, content:
def fun(i1, i2, i3, i4):
    o1 = i1 @ i2.T
    o2 = i4 @ i3.T + i3.T @ i2.T + i2 @ i3
    return o1, o2

[Process 2] step=5, generation took 623.19s
[Process 2] best score so far: 1.1180347592524118, content:
def fun(i1, i2, i3, i4):
    o1 = i1 @ i2.T
    o2 = i4 @ i3.T + i3.T @ i2.T + i2 @ i3
    return o1, o2

[Process 0] step=5, generation took 618.40s
[Process 0] best score so far: 1.1180347592524118, content:
def fun(i1, i2, i3, i4):
    o1 = i1 @ i2.T
    o2 = i4 @ i3.T + i3.T @ i2.T + i2 @ i3
    return o1, o2

[Process 1] step=5, generation took 625.88s
[Process 1] best score so far: 1.1180347592524118, content:
def fun(i1, i2, i3, i4):
    o1 = i2 @ i1
    o2 = i4 @ i3.T + i3.T @ i2.T + i2 @ i3
    return o1, o2

[Process 3] step=5, generation took 634.95s
[Process 3] best score so far: 1.1180347592524118, content:
def fun(i1, i2, i3, i4):
    o1 = i1 @ i2.T
    o2 = i4 @ i3.T + i3.T @ i2.T + i2 @ i3
    return o1, o2

[Process 2] step=6, generation took 624.57s
[Process 2] best score so far: 1.1180347592524118, content:
def fun(i1, i2, i3, i4):
    o1 = i1 @ i2.T
    o2 = i4 @ i3.T + i3.T @ i2.T + i2 @ i3
    return o1, o2

[Process 0] step=6, generation took 627.00s
[Process 0] best score so far: 1.1180347592524118, content:
def fun(i1, i2, i3, i4):
    o1 = i1 @ i2.T
    o2 = i4 @ i3.T + i3.T @ i2.T + i2 @ i3
    return o1, o2

[Process 1] step=6, generation took 627.55s
[Process 1] best score so far: 1.1180347592524118, content:
def fun(i1, i2, i3, i4):
    o1 = i2 @ i1
    o2 = i4 @ i3.T + i3.T @ i2.T + i2 @ i3
    return o1, o2

[Process 3] step=6, generation took 634.71s
[Process 3] best score so far: 1.1180347592524118, content:
def fun(i1, i2, i3, i4):
    o1 = i1 @ i2.T
    o2 = i4 @ i3.T + i3.T @ i2.T + i2 @ i3
    return o1, o2

[Process 2] step=7, generation took 628.27s
[Process 2] best score so far: 1.1180347592524118, content:
def fun(i1, i2, i3, i4):
    o1 = i1 @ i2.T
    o2 = i4 @ i3.T + i3.T @ i2.T + i2 @ i3
    return o1, o2

[Process 0] step=7, generation took 624.98s
[Process 0] best score so far: 1.1180347592524118, content:
def fun(i1, i2, i3, i4):
    o1 = i1 @ i2.T
    o2 = i4 @ i3.T + i3.T @ i2.T + i2 @ i3
    return o1, o2

[Process 1] step=7, generation took 614.66s
[Process 1] best score so far: 1.1180347592524118, content:
def fun(i1, i2, i3, i4):
    o1 = i2 @ i1
    o2 = i4 @ i3.T + i3.T @ i2.T + i2 @ i3
    return o1, o2

[Process 3] step=7, generation took 630.29s
[Process 3] best score so far: 1.1180347592524118, content:
def fun(i1, i2, i3, i4):
    o1 = i1 @ i2.T
    o2 = i4 @ i3.T + i3.T @ i2.T + i2 @ i3
    return o1, o2

[Process 2] step=8, generation took 631.84s
[Process 2] best score so far: 1.1180347592524118, content:
def fun(i1, i2, i3, i4):
    o1 = i1 @ i2.T
    o2 = i4 @ i3.T + i3.T @ i2.T + i2 @ i3
    return o1, o2

