Sanity check loss: 1.8006615473941938 distance from kalman filter :  0.0
Generation 00000 - Island 0 Best found in this generation: 2.0742094832590188
Island 0 BEST SO FAR: 2.0742094832590188 DISTANCE FROM KALMAN FILTER : 4.479107658473145 
Island 0 BEST Graph : digraph {
  0 [label = i0]
  1 [label = i1]
  2 [label = i2]
  3 [label = i3]
  4 [label = i4]
  5 [label = i5]
  7 [label = "inv"]
  2 -> 7
  8 [label = "minus"]
  7 -> 8 [color = red]
  4 -> 8 [color = blue]
  13 [label = "add"]
  2 -> 13 [color = red]
  3 -> 13 [color = blue]
  14 [label = "transpose"]
  1 -> 14
  17 [label = "inv"]
  8 -> 17
  21 [label = "transpose"]
  13 -> 21
  25 [label = o0]
  4 -> 25
  26 [label = o1]
  21 -> 26
  27 [label = o2]
  14 -> 27
  28 [label = o3]
  17 -> 28
  29 [label = o4]
  3 -> 29
  30 [label = o5]
  4 -> 30
}

Generation 00000 - Island 1 Best found in this generation: 2.0742094832590188
Island 1 BEST SO FAR: 8594.066349367484 DISTANCE FROM KALMAN FILTER : 4.479107658473145 
Island 1 BEST Graph : digraph {
  0 [label = i0]
  1 [label = i1]
  2 [label = i2]
  3 [label = i3]
  4 [label = i4]
  5 [label = i5]
  7 [label = "matmul"]
  1 -> 7 [color = red]
  4 -> 7 [color = blue]
  11 [label = "matmul"]
  2 -> 11 [color = red]
  1 -> 11 [color = blue]
  18 [label = "transpose"]
  7 -> 18
  25 [label = o0]
  4 -> 25
  26 [label = o1]
  11 -> 26
  27 [label = o2]
  2 -> 27
  28 [label = o3]
  3 -> 28
  29 [label = o4]
  7 -> 29
  30 [label = o5]
  18 -> 30
}

