Sanity check loss: 1.8006615473941938 distance from kalman filter :  0.0
Generation 00000 - Island 0 Best found in this generation: 2.0742094832590188
Island 0 BEST SO FAR: 2.0742094832590188 DISTANCE FROM KALMAN FILTER : 48055090.62723129 
Island 0 BEST Graph : digraph {
  0 [label = i0]
  1 [label = i1]
  2 [label = i2]
  3 [label = i3]
  4 [label = i4]
  5 [label = i5]
  6 [label = "inv"]
  5 -> 6
  7 [label = "matmul"]
  5 -> 7 [color = red]
  4 -> 7 [color = blue]
  8 [label = "inv"]
  6 -> 8
  9 [label = "minus"]
  4 -> 9 [color = red]
  0 -> 9 [color = blue]
  10 [label = "transpose"]
  9 -> 10
  14 [label = "minus"]
  3 -> 14 [color = red]
  0 -> 14 [color = blue]
  17 [label = "matmul"]
  5 -> 17 [color = red]
  7 -> 17 [color = blue]
  19 [label = "add"]
  8 -> 19 [color = red]
  17 -> 19 [color = blue]
  22 [label = "minus"]
  10 -> 22 [color = red]
  9 -> 22 [color = blue]
  25 [label = o0]
  10 -> 25
  26 [label = o1]
  14 -> 26
  27 [label = o2]
  2 -> 27
  28 [label = o3]
  19 -> 28
  29 [label = o4]
  22 -> 29
  30 [label = o5]
  4 -> 30
}

