Sanity check loss: 1.8006615473941938 distance from kalman filter :  0.0
Generation 00000 - Island 0 Best found in this generation: 2.0742094832590188
Island 0 BEST SO FAR: 2.0742094832590188 DISTANCE FROM KALMAN FILTER : 4.479107658473145 
Island 0 BEST Graph : digraph {
  0 [label = i0]
  1 [label = i1]
  2 [label = i2]
  3 [label = i3]
  4 [label = i4]
  5 [label = i5]
  6 [label = "matmul"]
  1 -> 6 [color = red]
  2 -> 6 [color = blue]
  7 [label = "transpose"]
  4 -> 7
  9 [label = "minus"]
  4 -> 9 [color = red]
  3 -> 9 [color = blue]
  14 [label = "minus"]
  5 -> 14 [color = red]
  0 -> 14 [color = blue]
  24 [label = "transpose"]
  9 -> 24
  25 [label = o0]
  7 -> 25
  26 [label = o1]
  14 -> 26
  27 [label = o2]
  1 -> 27
  28 [label = o3]
  24 -> 28
  29 [label = o4]
  6 -> 29
  30 [label = o5]
  7 -> 30
}

