🔬 Function 1: MSE = 10.029138
🔬 Function 2: MSE = 10.029138
🔬 Function 3: MSE = 10.029138
🔬 Function 4: MSE = 10.029138
🔬 Function 5: MSE = 10.029096
🔬 Function 6: MSE = 10.217156
🔬 Function 7: MSE = 10.087415
🔬 Function 8: MSE = 10.029138
🔬 Function 9: MSE = 10.112086
🔬 Function 10: MSE = 10.087415
🔬 Function 11: MSE = 10.217156
🔬 Function 12: MSE = 10.029138
🔬 Function 13: MSE = 10.112086
🔬 Function 14: MSE = 9.827624
🔬 Function 15: MSE = 10.087415
🔬 Function 16: MSE = 10.217156
🔬 Function 17: MSE = 10.063614
🔬 Function 18: MSE = 9.827624
🔬 Function 19: MSE = 10.217156
🔬 Function 20: MSE = 10.087415
🔬 Function 21: MSE = 10.063614
🔬 Function 22: MSE = 9.827624
🔬 Function 23: MSE = 10.217156
🔬 Function 24: MSE = 10.110256
🔬 Function 25: MSE = 10.063614
🔬 Function 26: MSE = 9.827624
🔬 Function 27: MSE = 10.217156
🔬 Function 28: MSE = 10.077777
🔬 Function 29: MSE = 10.063614
🔬 Function 30: MSE = 9.827624
🔬 Function 31: MSE = 10.140148
🔬 Function 32: MSE = 10.077777
🔬 Function 33: MSE = 10.063614
🔬 Function 34: MSE = 9.827624
🔬 Function 35: MSE = 10.150028
🔬 Function 36: MSE = 10.077777
🔬 Function 37: MSE = 10.063614
🔬 Function 38: MSE = 9.827624
🔬 Function 39: MSE = 10.154149
Execution error: invalid syntax (<string>, line 15)
🔬 Function 41: MSE = 10.063614
🔬 Function 42: MSE = 10.063614
🔬 Function 43: MSE = 10.153129
🔬 Function 44: MSE = 10.334488
🔬 Function 45: MSE = 10.063614
🔬 Function 46: MSE = 10.063614
🔬 Function 47: MSE = 10.145273
🔬 Function 48: MSE = 10.321508
🔬 Function 49: MSE = 10.063614
🔬 Function 50: MSE = 10.063614
🔬 Function 51: MSE = 10.147933
🔬 Function 52: MSE = 10.313997
🔬 Function 53: MSE = 10.063614
🔬 Function 54: MSE = 10.152864
🔬 Function 55: MSE = 10.063614
🔬 Function 56: MSE = 10.328210
🔬 Function 57: MSE = 10.009060
🔬 Function 58: MSE = 10.150376
🔬 Function 59: MSE = 10.063614
🔬 Function 60: MSE = 10.324625
🔬 Function 61: MSE = 10.009060
🔬 Function 62: MSE = 9.436952
🔬 Function 63: MSE = 10.063614
🔬 Function 64: MSE = 10.337322
🔬 Function 65: MSE = 10.009060
🔬 Function 66: MSE = 9.436952
🔬 Function 67: MSE = 10.063614
🔬 Function 68: MSE = 11.221170
🔬 Function 69: MSE = 10.009060
🔬 Function 70: MSE = 10.063614
🔬 Function 71: MSE = 9.436952
🔬 Function 72: MSE = 11.245542
🔬 Function 73: MSE = 10.009060
🔬 Function 74: MSE = 10.063614
🔬 Function 75: MSE = 9.436952
🔬 Function 76: MSE = 11.306982
Execution error: invalid syntax (<string>, line 11)
Execution error: invalid syntax (<string>, line 11)
🔬 Function 79: MSE = 9.176277
Execution error: invalid syntax (<string>, line 12)
🔬 Function 81: MSE = 7.171076
🔬 Function 82: MSE = 11.279979
🔬 Function 83: MSE = 9.176277
🔬 Function 84: MSE = 11.294362
🔬 Function 85: MSE = 7.171076
🔬 Function 86: MSE = 11.299951
🔬 Function 87: MSE = 9.176277
🔬 Function 88: MSE = 11.329934
🔬 Function 89: MSE = 7.171076
🔬 Function 90: MSE = 11.295098
🔬 Function 91: MSE = 9.176277
🔬 Function 92: MSE = 11.308799
🔬 Function 93: MSE = 7.171076
🔬 Function 94: MSE = 11.277357
🔬 Function 95: MSE = 9.176277
🔬 Function 96: MSE = 11.284289
🔬 Function 97: MSE = 7.171076
🔬 Function 98: MSE = 11.287499
🔬 Function 99: MSE = 9.176277
🔬 Function 100: MSE = 11.305708
🔬 Function 101: MSE = 7.168706
🔬 Function 102: MSE = 11.288862
🔬 Function 103: MSE = 9.176277
🔬 Function 104: MSE = 11.330097
🔬 Function 105: MSE = 7.168706
🔬 Function 106: MSE = 11.314673
🔬 Function 107: MSE = 6350944.688105
🔬 Function 108: MSE = 11.309421
🔬 Function 109: MSE = 7.168706
🔬 Function 110: MSE = 11.267806
🔬 Function 111: MSE = 320417.828664
🔬 Function 112: MSE = 11.332114
🔬 Function 113: MSE = 7.168706
🔬 Function 114: MSE = 11.299359
🔬 Function 115: MSE = 22424.283066
🔬 Function 116: MSE = 11.310667
Execution error: invalid syntax (<string>, line 11)
Execution error: invalid syntax (<string>, line 13)
🔬 Function 119: MSE = 11.271393
Execution error: invalid syntax (<string>, line 15)
🔬 Function 121: MSE = 11.300899
🔬 Function 122: MSE = 6.854811
🔬 Function 123: MSE = 7.168706
🔬 Function 124: MSE = 11.283120
🔬 Function 125: MSE = 11.296659
🔬 Function 126: MSE = 6.418775
🔬 Function 127: MSE = 11.283970
🔬 Function 128: MSE = 7.168706
🔬 Function 129: MSE = 11.298808
🔬 Function 130: MSE = 6.338058
🔬 Function 131: MSE = 11.293494
🔬 Function 132: MSE = 7.168706
🔬 Function 133: MSE = 11.276763
🔬 Function 134: MSE = 6.338058
🔬 Function 135: MSE = 11.290486
🔬 Function 136: MSE = 7.168706
🔬 Function 137: MSE = 6.338058
🔬 Function 138: MSE = 11.267370
🔬 Function 139: MSE = 11.308423
🔬 Function 140: MSE = 7.168706
🔬 Function 141: MSE = 6.338058
🔬 Function 142: MSE = 11.280745
🔬 Function 143: MSE = 11.300213
🔬 Function 144: MSE = 7.168706
🔬 Function 145: MSE = 6.338058
🔬 Function 146: MSE = 11.280543
🔬 Function 147: MSE = 11.307089
🔬 Function 148: MSE = 7.168706
🔬 Function 149: MSE = 6.338058
🔬 Function 150: MSE = 11.299137
🔬 Function 151: MSE = 11.392150
🔬 Function 152: MSE = 7.168706
🔬 Function 153: MSE = 6.338058
🔬 Function 154: MSE = 11.280821
🔬 Function 155: MSE = 7.162325
🔬 Function 156: MSE = 11.389488
Execution error: invalid syntax (<string>, line 11)
🔬 Function 158: MSE = 11.311423
Execution error: invalid syntax (<string>, line 11)
Execution error: invalid syntax (<string>, line 13)
🔬 Function 161: MSE = 7.068421
🔬 Function 162: MSE = 6.459099
🔬 Function 163: MSE = 6.338058
🔬 Function 164: MSE = 7.162325
🔬 Function 165: MSE = 7.068421
🔬 Function 166: MSE = 6.317387
🔬 Function 167: MSE = 6.338058
🔬 Function 168: MSE = 7.162325
🔬 Function 169: MSE = 7.068421
🔬 Function 170: MSE = 6.317387
🔬 Function 171: MSE = 7.162325
🔬 Function 172: MSE = 6.338058
🔬 Function 173: MSE = 7.068421
🔬 Function 174: MSE = 6.317387
🔬 Function 175: MSE = 7.162325
🔬 Function 176: MSE = 6.338058
🔬 Function 177: MSE = 10.968240
🔬 Function 178: MSE = 6.317387
🔬 Function 179: MSE = 7.162325
🔬 Function 180: MSE = 6.338058
🔬 Function 181: MSE = 10.968240
🔬 Function 182: MSE = 6.317387
🔬 Function 183: MSE = 7.162325
🔬 Function 184: MSE = 6.338058
🔬 Function 185: MSE = 6.761142
🔬 Function 186: MSE = 6.317387
🔬 Function 187: MSE = 7.162325
🔬 Function 188: MSE = 6.338058
🔬 Function 189: MSE = 6.761142
🔬 Function 190: MSE = 6.317387
🔬 Function 191: MSE = 7.162325
🔬 Function 192: MSE = 5.955018
🔬 Function 193: MSE = 7.161092
🔬 Function 194: MSE = 6.317387
🔬 Function 195: MSE = 7.162325
🔬 Function 196: MSE = 5.955018
🔬 Function 197: MSE = 7.161092
🔬 Function 198: MSE = 6.317387
Execution error: invalid syntax (<string>, line 11)
Execution error: invalid syntax (<string>, line 14)
🔬 Function 201: MSE = 7.161092
🔬 Function 202: MSE = 6.127691
🔬 Function 203: MSE = 6.317387
🔬 Function 204: MSE = 7.161092
🔬 Function 205: MSE = 7.169015
🔬 Function 206: MSE = 6.367828
🔬 Function 207: MSE = 6.317387
🔬 Function 208: MSE = 7.161092
🔬 Function 209: MSE = 7.169015
🔬 Function 210: MSE = 6.367828
🔬 Function 211: MSE = 6.317387
🔬 Function 212: MSE = 7.161092
🔬 Function 213: MSE = 7.169015
🔬 Function 214: MSE = 6.109560
🔬 Function 215: MSE = 6.317387
🔬 Function 216: MSE = 7.161092
🔬 Function 217: MSE = 7.169015
🔬 Function 218: MSE = 6.317387
🔬 Function 219: MSE = 6.107920
🔬 Function 220: MSE = 7.161092
🔬 Function 221: MSE = 7.169015
🔬 Function 222: MSE = 6.109200
🔬 Function 223: MSE = 6.317387
🔬 Function 224: MSE = 7.161092
🔬 Function 225: MSE = 7.169015
🔬 Function 226: MSE = 6.108567
🔬 Function 227: MSE = 6.317387
🔬 Function 228: MSE = 7.161092
🔬 Function 229: MSE = 7.169015
🔬 Function 230: MSE = 6.108308
🔬 Function 231: MSE = 5.782556
🔬 Function 232: MSE = 7.161092
🔬 Function 233: MSE = 7.169015
🔬 Function 234: MSE = 6.262369
🔬 Function 235: MSE = 6.173702
🔬 Function 236: MSE = 7.161092
🔬 Function 237: MSE = 7.169015
Execution error: invalid syntax (<string>, line 11)
Execution error: invalid syntax (<string>, line 11)
Execution error: invalid syntax (<string>, line 13)
🔬 Function 241: MSE = 6.262369
🔬 Function 242: MSE = 7.100092
🔬 Function 243: MSE = 6.262369
🔬 Function 244: MSE = 7.169015
🔬 Function 245: MSE = 6.262369
🔬 Function 246: MSE = 7.100092
🔬 Function 247: MSE = 6.262369
🔬 Function 248: MSE = 7.169015
🔬 Function 249: MSE = 6.209677
🔬 Function 250: MSE = 7.100092
🔬 Function 251: MSE = 7.169015
🔬 Function 252: MSE = 6.118946
🔬 Function 253: MSE = 6.209677
🔬 Function 254: MSE = 7.100092
🔬 Function 255: MSE = 7.169015
🔬 Function 256: MSE = 6.118946
🔬 Function 257: MSE = 5.664419
🔬 Function 258: MSE = 7.100092
🔬 Function 259: MSE = 7.169015
🔬 Function 260: MSE = 6.118946
🔬 Function 261: MSE = 5.664419
🔬 Function 262: MSE = 7.100092
🔬 Function 263: MSE = 7.169015
🔬 Function 264: MSE = 6.118946
🔬 Function 265: MSE = 5.664419
🔬 Function 266: MSE = 6.745892
🔬 Function 267: MSE = 6.118946
🔬 Function 268: MSE = 7.169015
🔬 Function 269: MSE = 5.664419
🔬 Function 270: MSE = 6.745892
🔬 Function 271: MSE = 6.118946
🔬 Function 272: MSE = 7.169015
🔬 Function 273: MSE = 5.664419
🔬 Function 274: MSE = 6.745892
🔬 Function 275: MSE = 6.118946
🔬 Function 276: MSE = 6.958058
Execution error: invalid syntax (<string>, line 11)
🔬 Function 278: MSE = 6.745892
Execution error: invalid syntax (<string>, line 13)
Execution error: invalid syntax (<string>, line 14)
🔬 Function 281: MSE = 6.837632
🔬 Function 282: MSE = 6.745892
🔬 Function 283: MSE = 6.753482
🔬 Function 284: MSE = 6.958058
🔬 Function 285: MSE = 6.837632
🔬 Function 286: MSE = 6.761264
🔬 Function 287: MSE = 6.745892
🔬 Function 288: MSE = 6.958058
🔬 Function 289: MSE = 6.837632
🔬 Function 290: MSE = 6.785643
🔬 Function 291: MSE = 6.745892
🔬 Function 292: MSE = 6.958058
🔬 Function 293: MSE = 6.992343
🔬 Function 294: MSE = 6.785643
🔬 Function 295: MSE = 6.745892
🔬 Function 296: MSE = 6.958058
🔬 Function 297: MSE = 6.992343
🔬 Function 298: MSE = 6.785643
🔬 Function 299: MSE = 6.745892
🔬 Function 300: MSE = 6.958058
🔬 Function 301: MSE = 6.992343
🔬 Function 302: MSE = 6.957371
🔬 Function 303: MSE = 6.958058
🔬 Function 304: MSE = 6.745892
🔬 Function 305: MSE = 6.992343
🔬 Function 306: MSE = 6.957371
🔬 Function 307: MSE = 6.958058
🔬 Function 308: MSE = 6.745892
🔬 Function 309: MSE = 6.992343
🔬 Function 310: MSE = 7.149352
🔬 Function 311: MSE = inf
🔬 Function 312: MSE = 6.745892
🔬 Function 313: MSE = 6.992343
🔬 Function 314: MSE = 7.149352
🔬 Function 315: MSE = 6.745892
🔬 Function 316: MSE = 6.703854
Execution error: invalid syntax (<string>, line 15)
🔬 Function 318: MSE = 7.149352
Execution error: invalid syntax (<string>, line 14)
Execution error: invalid syntax (<string>, line 16)
🔬 Function 321: MSE = 6.703854
🔬 Function 322: MSE = 7.149352
🔬 Function 323: MSE = 7.149352
🔬 Function 324: MSE = 6.703854
🔬 Function 325: MSE = 6.703854
🔬 Function 326: MSE = 6.949856
🔬 Function 327: MSE = 7.149352
🔬 Function 328: MSE = 6.703854
🔬 Function 329: MSE = 6.949856
🔬 Function 330: MSE = 7.149352
🔬 Function 331: MSE = 6.719905
🔬 Function 332: MSE = 6.703854
🔬 Function 333: MSE = 6.949856
🔬 Function 334: MSE = 6.719905
Execution error: invalid syntax (<string>, line 14)
🔬 Function 336: MSE = 6.703854
🔬 Function 337: MSE = 6.949856
🔬 Function 338: MSE = 6.719905
🔬 Function 339: MSE = 6.961796
🔬 Function 340: MSE = 6.125242
🔬 Function 341: MSE = 6.949856
🔬 Function 342: MSE = 6.961796
🔬 Function 343: MSE = 6.719905
🔬 Function 344: MSE = 6.125242
🔬 Function 345: MSE = 6.998000
🔬 Function 346: MSE = 6.961796
🔬 Function 347: MSE = 6.719905
🔬 Function 348: MSE = 6.125242
🔬 Function 349: MSE = 6.998000
🔬 Function 350: MSE = 6.961796
🔬 Function 351: MSE = 6.719905
🔬 Function 352: MSE = 6.125242
🔬 Function 353: MSE = 6.998000
🔬 Function 354: MSE = 6.961796
🔬 Function 355: MSE = 6.719905
🔬 Function 356: MSE = 6.125242
Execution error: invalid syntax (<string>, line 12)
Execution error: invalid syntax (<string>, line 14)
Execution error: invalid syntax (<string>, line 15)
Execution error: invalid syntax (<string>, line 16)
🔬 Function 361: MSE = 6.998000
🔬 Function 362: MSE = 6.086426
🔬 Function 363: MSE = 6.998000
🔬 Function 364: MSE = 5.999267
🔬 Function 365: MSE = 6.810816
🔬 Function 366: MSE = 5.809663
🔬 Function 367: MSE = 5.999267
🔬 Function 368: MSE = 6.998000
🔬 Function 369: MSE = 5.809663
🔬 Function 370: MSE = 6.797733
🔬 Function 371: MSE = 6.998000
🔬 Function 372: MSE = 5.999267
🔬 Function 373: MSE = 5.887580
🔬 Function 374: MSE = 6.723670
🔬 Function 375: MSE = 6.998000
🔬 Function 376: MSE = 5.999267
🔬 Function 377: MSE = 6.723670
🔬 Function 378: MSE = 5.887580
🔬 Function 379: MSE = 6.998000
🔬 Function 380: MSE = 5.999267
🔬 Function 381: MSE = 5.825807
🔬 Function 382: MSE = 6.821309
🔬 Function 383: MSE = 6.998000
🔬 Function 384: MSE = 5.999267
🔬 Function 385: MSE = 5.825807
🔬 Function 386: MSE = 6.844066
🔬 Function 387: MSE = 6.821309
🔬 Function 388: MSE = 5.999267
🔬 Function 389: MSE = 5.825807
🔬 Function 390: MSE = 6.844066
🔬 Function 391: MSE = 6.821309
🔬 Function 392: MSE = 5.999267
🔬 Function 393: MSE = 5.825807
🔬 Function 394: MSE = 6.915489
🔬 Function 395: MSE = 6.821292
🔬 Function 396: MSE = 5.999267
Execution error: invalid syntax (<string>, line 17)
Execution error: invalid syntax (<string>, line 12)
🔬 Function 399: MSE = 6.915489
Execution error: invalid syntax (<string>, line 16)
🔬 Function 401: MSE = 6.023935
🔬 Function 402: MSE = 5.758258
🔬 Function 403: MSE = 5.364628
🔬 Function 404: MSE = 5.664096
🔬 Function 405: MSE = 6.016277
🔬 Function 406: MSE = 5.616946
🔬 Function 407: MSE = 5.364628
🔬 Function 408: MSE = 5.795143
🔬 Function 409: MSE = 6.021522
🔬 Function 410: MSE = 5.616946
🔬 Function 411: MSE = 5.673087
🔬 Function 412: MSE = 5.795143
🔬 Function 413: MSE = 5.616946
🔬 Function 414: MSE = 5.620344
🔬 Function 415: MSE = 5.673087
🔬 Function 416: MSE = 5.795143
🔬 Function 417: MSE = 5.616946
🔬 Function 418: MSE = 5.578341
🔬 Function 419: MSE = 5.673087
🔬 Function 420: MSE = 5.795143
🔬 Function 421: MSE = 5.592112
🔬 Function 422: MSE = 5.616946
🔬 Function 423: MSE = 5.874374
🔬 Function 424: MSE = 5.795143
🔬 Function 425: MSE = 5.634445
🔬 Function 426: MSE = 5.529172
🔬 Function 427: MSE = 5.874374
🔬 Function 428: MSE = 5.795143
🔬 Function 429: MSE = 5.634445
🔬 Function 430: MSE = 5.617992
🔬 Function 431: MSE = 5.874374
🔬 Function 432: MSE = 5.795143
🔬 Function 433: MSE = 5.732503
🔬 Function 434: MSE = 5.617992
🔬 Function 435: MSE = 5.874374
🔬 Function 436: MSE = 5.795143
🔬 Function 437: MSE = 5.732503
Execution error: invalid syntax (<string>, line 17)
Execution error: invalid syntax (<string>, line 17)
Execution error: invalid syntax (<string>, line 16)
🔬 Function 441: MSE = 5.575507
🔬 Function 442: MSE = 5.684256
🔬 Function 443: MSE = 5.617992
🔬 Function 444: MSE = 5.646843
🔬 Function 445: MSE = 5.561650
🔬 Function 446: MSE = 5.684256
🔬 Function 447: MSE = 5.617992
🔬 Function 448: MSE = 5.646843
🔬 Function 449: MSE = 5.561650
🔬 Function 450: MSE = 5.684256
🔬 Function 451: MSE = 5.617992
🔬 Function 452: MSE = 5.646843
🔬 Function 453: MSE = 5.561650
🔬 Function 454: MSE = 5.684256
🔬 Function 455: MSE = 5.646843
🔬 Function 456: MSE = 5.617992
🔬 Function 457: MSE = 5.561650
🔬 Function 458: MSE = 5.684256
🔬 Function 459: MSE = 5.646843
🔬 Function 460: MSE = 5.617992
🔬 Function 461: MSE = 5.561650
🔬 Function 462: MSE = 5.684256
🔬 Function 463: MSE = 5.646843
🔬 Function 464: MSE = 5.640579
🔬 Function 465: MSE = 5.561650
🔬 Function 466: MSE = 5.663525
🔬 Function 467: MSE = 5.646843
🔬 Function 468: MSE = 5.561650
🔬 Function 469: MSE = 5.640579
🔬 Function 470: MSE = 5.663525
🔬 Function 471: MSE = 5.561650
🔬 Function 472: MSE = 5.646843
🔬 Function 473: MSE = 5.640579
🔬 Function 474: MSE = 5.663525
Execution error: invalid character '⚠' (U+26A0) (<string>, line 17)
🔬 Function 476: MSE = 5.646843
🔬 Function 477: MSE = 5.640579
🔬 Function 478: MSE = 5.655080
Execution error: invalid character '⚠' (U+26A0) (<string>, line 17)
Execution error: invalid syntax (<string>, line 25)
🔬 Function 481: MSE = 5.610681
🔬 Function 482: MSE = 5.676026
🔬 Function 483: MSE = 5.561650
🔬 Function 484: MSE = 5.655080
🔬 Function 485: MSE = 5.703407
🔬 Function 486: MSE = 5.664389
🔬 Function 487: MSE = 5.561650
🔬 Function 488: MSE = 5.655080
🔬 Function 489: MSE = 5.664389
🔬 Function 490: MSE = 5.703407
🔬 Function 491: MSE = 5.561650
🔬 Function 492: MSE = 5.655080
🔬 Function 493: MSE = 5.703407
🔬 Function 494: MSE = 5.561650
🔬 Function 495: MSE = 5.664389
🔬 Function 496: MSE = 5.655080
🔬 Function 497: MSE = 5.591385
🔬 Function 498: MSE = 5.664389
🔬 Function 499: MSE = 5.609672
🔬 Function 500: MSE = 5.655080
🔬 Function 501: MSE = 5.591385
🔬 Function 502: MSE = 5.664389
🔬 Function 503: MSE = 5.609672
🔬 Function 504: MSE = 5.655080
🔬 Function 505: MSE = 5.664389
🔬 Function 506: MSE = 5.591385
🔬 Function 507: MSE = 5.609672
🔬 Function 508: MSE = 5.655080
🔬 Function 509: MSE = 5.664389
🔬 Function 510: MSE = 5.619038
🔬 Function 511: MSE = 5.591385
🔬 Function 512: MSE = 5.474750
🔬 Function 513: MSE = 5.664389
🔬 Function 514: MSE = 5.619038
🔬 Function 515: MSE = 5.591385
🔬 Function 516: MSE = 5.474750
🔬 Function 517: MSE = 5.664389
Execution error: invalid syntax (<string>, line 17)
🔬 Function 519: MSE = 5.619038
Execution error: invalid syntax (<string>, line 23)
🔬 Function 521: MSE = 5.474750
🔬 Function 522: MSE = 5.633485
🔬 Function 523: MSE = 5.619038
🔬 Function 524: MSE = 5.474750
🔬 Function 525: MSE = 5.442528
🔬 Function 526: MSE = 5.633485
🔬 Function 527: MSE = 5.474750
🔬 Function 528: MSE = 5.619038
🔬 Function 529: MSE = 5.474750
🔬 Function 530: MSE = 5.293531
🔬 Function 531: MSE = 5.619038
🔬 Function 532: MSE = 5.328785
🔬 Function 533: MSE = 5.474750
🔬 Function 534: MSE = 5.619038
🔬 Function 535: MSE = 5.293531
🔬 Function 536: MSE = 5.328785
🔬 Function 537: MSE = 5.474750
🔬 Function 538: MSE = 5.619038
🔬 Function 539: MSE = 5.293531
🔬 Function 540: MSE = 5.619038
🔬 Function 541: MSE = 5.474750
🔬 Function 542: MSE = 5.328785
🔬 Function 543: MSE = 5.293531
🔬 Function 544: MSE = 5.619038
🔬 Function 545: MSE = 5.328785
🔬 Function 546: MSE = 5.474750
🔬 Function 547: MSE = 5.293531
🔬 Function 548: MSE = 5.619038
🔬 Function 549: MSE = 5.293531
🔬 Function 550: MSE = 5.328785
🔬 Function 551: MSE = 5.474750
🔬 Function 552: MSE = 5.619038
🔬 Function 553: MSE = 5.293531
🔬 Function 554: MSE = 5.328785
🔬 Function 555: MSE = 5.474750
Execution error: invalid character '⚠' (U+26A0) (<string>, line 28)
Execution error: invalid character '⚠' (U+26A0) (<string>, line 34)
🔬 Function 558: MSE = 5.328785
🔬 Function 559: MSE = 5.474750
Execution error: invalid syntax (<string>, line 30)
🔬 Function 561: MSE = 5.619038
🔬 Function 562: MSE = 5.293531
🔬 Function 563: MSE = 5.619038
🔬 Function 564: MSE = 5.619038
🔬 Function 565: MSE = 5.293531
🔬 Function 566: MSE = 5.293531
🔬 Function 567: MSE = 5.502336
🔬 Function 568: MSE = 5.619038
🔬 Function 569: MSE = 5.293531
🔬 Function 570: MSE = 5.502336
🔬 Function 571: MSE = 5.619038
🔬 Function 572: MSE = 5.293531
🔬 Function 573: MSE = 5.293531
🔬 Function 574: MSE = 5.619038
🔬 Function 575: MSE = 5.502336
🔬 Function 576: MSE = 5.537191
🔬 Function 577: MSE = 5.293531
🔬 Function 578: MSE = 5.619038
🔬 Function 579: MSE = 5.502336
🔬 Function 580: MSE = 5.537191
🔬 Function 581: MSE = 5.293531
🔬 Function 582: MSE = 5.619038
🔬 Function 583: MSE = 5.502336
🔬 Function 584: MSE = 5.293531
🔬 Function 585: MSE = 5.537191
🔬 Function 586: MSE = 5.619038
🔬 Function 587: MSE = 5.502336
🔬 Function 588: MSE = 5.293531
🔬 Function 589: MSE = 5.537191
🔬 Function 590: MSE = 5.619038
🔬 Function 591: MSE = 5.502336
🔬 Function 592: MSE = 5.293531
🔬 Function 593: MSE = 5.537191
Execution error: invalid character '⚠' (U+26A0) (<string>, line 28)
🔬 Function 595: MSE = 5.502336
Execution error: invalid character '⚠' (U+26A0) (<string>, line 34)
🔬 Function 597: MSE = 5.537191
🔬 Function 598: MSE = 5.502336
🔬 Function 599: MSE = 5.537191
Execution error: invalid syntax (<string>, line 36)
🔬 Function 601: MSE = 5.293531
🔬 Function 602: MSE = 5.555040
🔬 Function 603: MSE = 5.555040
🔬 Function 604: MSE = 5.293531
🔬 Function 605: MSE = 5.293531
🔬 Function 606: MSE = 5.588328
🔬 Function 607: MSE = 5.555040
🔬 Function 608: MSE = 5.293531
🔬 Function 609: MSE = 5.293531
🔬 Function 610: MSE = 5.555040
🔬 Function 611: MSE = 5.588328
🔬 Function 612: MSE = 5.293531
🔬 Function 613: MSE = 5.293531
🔬 Function 614: MSE = 5.555040
🔬 Function 615: MSE = 5.588328
🔬 Function 616: MSE = 5.293531
🔬 Function 617: MSE = 5.293302
🔬 Function 618: MSE = 5.341100
🔬 Function 619: MSE = 5.555040
🔬 Function 620: MSE = 5.588328
🔬 Function 621: MSE = 5.293302
🔬 Function 622: MSE = 5.341100
🔬 Function 623: MSE = 5.588328
🔬 Function 624: MSE = 5.555040
🔬 Function 625: MSE = 5.293302
🔬 Function 626: MSE = 5.341100
🔬 Function 627: MSE = 5.588328
🔬 Function 628: MSE = 5.555040
🔬 Function 629: MSE = 5.293302
🔬 Function 630: MSE = 5.341100
🔬 Function 631: MSE = 5.588328
🔬 Function 632: MSE = 5.555040
🔬 Function 633: MSE = 5.293302
Execution error: invalid character '⚠' (U+26A0) (<string>, line 32)
🔬 Function 635: MSE = 5.588328
🔬 Function 636: MSE = 5.555040
🔬 Function 637: MSE = 5.293302
Execution error: invalid character '⚠' (U+26A0) (<string>, line 36)
Execution error: invalid character '⚠' (U+26A0) (<string>, line 35)
Execution error: invalid syntax (<string>, line 36)
🔬 Function 641: MSE = 5.588328
🔬 Function 642: MSE = 5.341100
🔬 Function 643: MSE = 5.341100
🔬 Function 644: MSE = 5.588328
🔬 Function 645: MSE = 5.341100
🔬 Function 646: MSE = 5.588328
🔬 Function 647: MSE = 5.588328
🔬 Function 648: MSE = 5.341100
🔬 Function 649: MSE = 5.341100
🔬 Function 650: MSE = 5.588328
🔬 Function 651: MSE = 5.588328
🔬 Function 652: MSE = 5.341100
🔬 Function 653: MSE = 5.341100
🔬 Function 654: MSE = 5.588328
🔬 Function 655: MSE = 5.341100
🔬 Function 656: MSE = 5.588328
🔬 Function 657: MSE = 5.341100
🔬 Function 658: MSE = 5.341100
🔬 Function 659: MSE = 5.588328
🔬 Function 660: MSE = 5.341100
🔬 Function 661: MSE = 5.588328
🔬 Function 662: MSE = 5.341100
🔬 Function 663: MSE = 5.588328
🔬 Function 664: MSE = 5.341100
🔬 Function 665: MSE = 5.588328
🔬 Function 666: MSE = 5.341100
🔬 Function 667: MSE = 5.588328
🔬 Function 668: MSE = 5.588328
🔬 Function 669: MSE = 5.341100
🔬 Function 670: MSE = 5.341100
🔬 Function 671: MSE = 5.588328
Execution error: invalid syntax (<string>, line 32)
🔬 Function 673: MSE = 5.588328
🔬 Function 674: MSE = 5.341100
🔬 Function 675: MSE = 5.588328
🔬 Function 676: MSE = 5.575056
🔬 Function 677: MSE = 5.341100
Execution error: invalid syntax (<string>, line 36)
Execution error: invalid character '⚠' (U+26A0) (<string>, line 35)
Execution error: invalid syntax (<string>, line 33)
🔬 Function 681: MSE = 5.588328
🔬 Function 682: MSE = 5.588328
🔬 Function 683: MSE = 5.575056
🔬 Function 684: MSE = 5.575056
🔬 Function 685: MSE = 5.588328
🔬 Function 686: MSE = 5.588328
🔬 Function 687: MSE = 5.575056
🔬 Function 688: MSE = 5.588328
🔬 Function 689: MSE = 5.588328
🔬 Function 690: MSE = 5.575056
🔬 Function 691: MSE = 5.588328
🔬 Function 692: MSE = 5.588328
🔬 Function 693: MSE = 5.575056
🔬 Function 694: MSE = 5.588328
🔬 Function 695: MSE = 5.588328
🔬 Function 696: MSE = 5.575056
🔬 Function 697: MSE = 5.575056
🔬 Function 698: MSE = 5.588328
🔬 Function 699: MSE = 5.588328
🔬 Function 700: MSE = 5.575056
🔬 Function 701: MSE = 5.575056
🔬 Function 702: MSE = 5.588328
🔬 Function 703: MSE = 5.575056
🔬 Function 704: MSE = 5.588328
🔬 Function 705: MSE = 5.588328
🔬 Function 706: MSE = 5.575056
🔬 Function 707: MSE = 5.588328
🔬 Function 708: MSE = 5.575056
🔬 Function 709: MSE = 5.588328
🔬 Function 710: MSE = 5.575056
🔬 Function 711: MSE = 5.588328
🔬 Function 712: MSE = 5.575056
🔬 Function 713: MSE = 5.575056
🔬 Function 714: MSE = 5.588328
🔬 Function 715: MSE = 5.588328
🔬 Function 716: MSE = 5.575056
🔬 Function 717: MSE = 5.575056
🔬 Function 718: MSE = 5.575056
🔬 Function 719: MSE = 5.575056
Execution error: invalid syntax (<string>, line 36)
🔬 Function 721: MSE = 5.575056
🔬 Function 722: MSE = 5.575056
🔬 Function 723: MSE = 5.575056
🔬 Function 724: MSE = 5.575056
🔬 Function 725: MSE = 5.575056
🔬 Function 726: MSE = 5.575056
🔬 Function 727: MSE = 5.575056
🔬 Function 728: MSE = 5.575056
🔬 Function 729: MSE = 5.575056
🔬 Function 730: MSE = 5.575056
🔬 Function 731: MSE = 5.575056
🔬 Function 732: MSE = 5.575056
🔬 Function 733: MSE = 5.575056
🔬 Function 734: MSE = 5.575056
🔬 Function 735: MSE = 5.575056
🔬 Function 736: MSE = 5.575056
🔬 Function 737: MSE = 5.575056
🔬 Function 738: MSE = 5.575056
🔬 Function 739: MSE = 5.575056
🔬 Function 740: MSE = 5.575056
🔬 Function 741: MSE = 5.575056
🔬 Function 742: MSE = 5.575056
🔬 Function 743: MSE = 5.575056
🔬 Function 744: MSE = 5.575056
🔬 Function 745: MSE = 5.575056
🔬 Function 746: MSE = 5.575056
🔬 Function 747: MSE = 5.575056
🔬 Function 748: MSE = 5.575056
🔬 Function 749: MSE = 5.575056
🔬 Function 750: MSE = 5.575056
🔬 Function 751: MSE = 5.575056
🔬 Function 752: MSE = 5.575056
🔬 Function 753: MSE = 5.575056
Execution error: invalid syntax (<string>, line 35)
🔬 Function 755: MSE = 5.575056
Execution error: invalid character '⚠' (U+26A0) (<string>, line 35)
🔬 Function 757: MSE = 5.575056
Execution error: invalid character '⚠' (U+26A0) (<string>, line 35)
🔬 Function 759: MSE = 5.575056
Execution error: invalid syntax (<string>, line 36)
🔬 Function 761: MSE = 5.575056
🔬 Function 762: MSE = 5.575056
🔬 Function 763: MSE = 5.575056
🔬 Function 764: MSE = 5.575056
🔬 Function 765: MSE = 5.575056
🔬 Function 766: MSE = 5.575056
🔬 Function 767: MSE = 5.575056
🔬 Function 768: MSE = 5.575056
🔬 Function 769: MSE = 5.575056
🔬 Function 770: MSE = 5.575056
🔬 Function 771: MSE = 5.575056
🔬 Function 772: MSE = 5.575056
🔬 Function 773: MSE = 5.575056
🔬 Function 774: MSE = 5.575056
🔬 Function 775: MSE = 5.575056
🔬 Function 776: MSE = 5.575056
🔬 Function 777: MSE = 5.575056
🔬 Function 778: MSE = 5.575056
🔬 Function 779: MSE = 5.575056
🔬 Function 780: MSE = 5.575056
🔬 Function 781: MSE = 5.575056
🔬 Function 782: MSE = 5.575056
🔬 Function 783: MSE = 5.575056
🔬 Function 784: MSE = 5.575056
🔬 Function 785: MSE = 5.575056
🔬 Function 786: MSE = 5.575056
🔬 Function 787: MSE = 5.575056
🔬 Function 788: MSE = 5.575056
🔬 Function 789: MSE = 5.575056
🔬 Function 790: MSE = 5.575056
🔬 Function 791: MSE = 5.575056
🔬 Function 792: MSE = 5.575056
🔬 Function 793: MSE = 5.575056
🔬 Function 794: MSE = 5.575056
🔬 Function 795: MSE = 5.575056
🔬 Function 796: MSE = 5.575056
🔬 Function 797: MSE = 5.575056
Execution error: invalid syntax (<string>, line 35)
🔬 Function 799: MSE = 5.575056
Execution error: invalid syntax (<string>, line 36)
🔬 Function 801: MSE = 5.575056
🔬 Function 802: MSE = 5.575056
🔬 Function 803: MSE = 5.575056
🔬 Function 804: MSE = 5.575056
🔬 Function 805: MSE = 5.575056
🔬 Function 806: MSE = 5.575056
🔬 Function 807: MSE = 5.575056
🔬 Function 808: MSE = 5.575056
🔬 Function 809: MSE = 5.575056
🔬 Function 810: MSE = 5.575056
🔬 Function 811: MSE = 5.575056
🔬 Function 812: MSE = 5.575056
🔬 Function 813: MSE = 5.575056
🔬 Function 814: MSE = 5.575056
🔬 Function 815: MSE = 5.575056
🔬 Function 816: MSE = 5.575056
🔬 Function 817: MSE = 5.575056
🔬 Function 818: MSE = 5.575056
🔬 Function 819: MSE = 5.575056
🔬 Function 820: MSE = 6.026291
🔬 Function 821: MSE = 5.575056
🔬 Function 822: MSE = 5.575056
🔬 Function 823: MSE = 5.575056
🔬 Function 824: MSE = 6.026291
🔬 Function 825: MSE = 5.575056
🔬 Function 826: MSE = 5.575056
🔬 Function 827: MSE = 6.026291
🔬 Function 828: MSE = 5.575056
🔬 Function 829: MSE = 5.575056
🔬 Function 830: MSE = 5.575056
🔬 Function 831: MSE = 6.026291
Execution error: invalid character '⚠' (U+26A0) (<string>, line 35)
🔬 Function 833: MSE = 5.575056
Execution error: invalid character '⚠' (U+26A0) (<string>, line 15)
🔬 Function 835: MSE = 5.575056
🔬 Function 836: MSE = 5.575056
🔬 Function 837: MSE = 5.575056
🔬 Function 838: MSE = 5.575056
🔬 Function 839: MSE = 5.575056
Execution error: invalid syntax (<string>, line 36)
🔬 Function 841: MSE = 6.026291
🔬 Function 842: MSE = 5.575056
🔬 Function 843: MSE = 6.026291
🔬 Function 844: MSE = 5.575056
🔬 Function 845: MSE = 6.026291
🔬 Function 846: MSE = 5.575056
🔬 Function 847: MSE = 6.026291
🔬 Function 848: MSE = 5.575056
🔬 Function 849: MSE = 6.001700
🔬 Function 850: MSE = 5.575056
🔬 Function 851: MSE = 6.026291
🔬 Function 852: MSE = 5.575056
🔬 Function 853: MSE = 6.001700
🔬 Function 854: MSE = 5.575056
🔬 Function 855: MSE = 6.026291
🔬 Function 856: MSE = 5.575056
🔬 Function 857: MSE = 6.001700
🔬 Function 858: MSE = 5.575056
🔬 Function 859: MSE = 6.026291
🔬 Function 860: MSE = 5.575056
🔬 Function 861: MSE = 6.001700
🔬 Function 862: MSE = 5.575056
🔬 Function 863: MSE = 6.026291
🔬 Function 864: MSE = 5.575056
🔬 Function 865: MSE = 6.092753
🔬 Function 866: MSE = 5.575056
🔬 Function 867: MSE = 6.026291
🔬 Function 868: MSE = 5.575056
🔬 Function 869: MSE = 6.092753
🔬 Function 870: MSE = 5.575056
🔬 Function 871: MSE = 6.026291
🔬 Function 872: MSE = 5.575056
🔬 Function 873: MSE = 6.092753
🔬 Function 874: MSE = 5.575056
🔬 Function 875: MSE = 5.575056
🔬 Function 876: MSE = 6.026291
🔬 Function 877: MSE = 6.092753
🔬 Function 878: MSE = 5.575056
Execution error: invalid character '⚠' (U+26A0) (<string>, line 35)
Execution error: invalid syntax (<string>, line 16)
🔬 Function 881: MSE = 6.092753
🔬 Function 882: MSE = 6.088525
🔬 Function 883: MSE = 6.092753
🔬 Function 884: MSE = 6.026291
🔬 Function 885: MSE = 6.140428
🔬 Function 886: MSE = 6.088525
🔬 Function 887: MSE = 6.092753
🔬 Function 888: MSE = 6.026291
🔬 Function 889: MSE = 6.140428
🔬 Function 890: MSE = 6.088525
🔬 Function 891: MSE = 6.092753
🔬 Function 892: MSE = 6.026291
🔬 Function 893: MSE = 6.088525
🔬 Function 894: MSE = 6.140428
🔬 Function 895: MSE = 5.596092
🔬 Function 896: MSE = 6.026291
🔬 Function 897: MSE = 6.088525
🔬 Function 898: MSE = 6.140428
🔬 Function 899: MSE = 5.596092
🔬 Function 900: MSE = 6.026291
🔬 Function 901: MSE = 6.088525
🔬 Function 902: MSE = 6.140428
🔬 Function 903: MSE = 5.596092
🔬 Function 904: MSE = 6.026291
🔬 Function 905: MSE = 6.088525
🔬 Function 906: MSE = 6.140428
🔬 Function 907: MSE = 5.596092
🔬 Function 908: MSE = 6.140428
🔬 Function 909: MSE = 6.088525
🔬 Function 910: MSE = 6.026291
🔬 Function 911: MSE = 5.596092
🔬 Function 912: MSE = 6.088525
🔬 Function 913: MSE = 6.140428
🔬 Function 914: MSE = 5.596092
🔬 Function 915: MSE = 6.026291
Execution error: invalid syntax (<string>, line 15)
Execution error: invalid syntax (<string>, line 15)
Execution error: invalid character '⚠' (U+26A0) (<string>, line 15)
🔬 Function 919: MSE = 6.026291
Execution error: invalid syntax (<string>, line 16)
🔬 Function 921: MSE = 6.140428
🔬 Function 922: MSE = 5.596092
🔬 Function 923: MSE = 5.596092
🔬 Function 924: MSE = 6.140428
🔬 Function 925: MSE = 5.749162
🔬 Function 926: MSE = 6.140428
🔬 Function 927: MSE = 5.596092
🔬 Function 928: MSE = 6.140428
🔬 Function 929: MSE = 6.140428
🔬 Function 930: MSE = 5.749162
🔬 Function 931: MSE = 5.596092
🔬 Function 932: MSE = 6.140428
🔬 Function 933: MSE = 6.140428
🔬 Function 934: MSE = 5.749162
🔬 Function 935: MSE = 5.596092
🔬 Function 936: MSE = 6.140428
🔬 Function 937: MSE = 6.140428
🔬 Function 938: MSE = 5.749162
🔬 Function 939: MSE = 5.596092
🔬 Function 940: MSE = 6.140428
🔬 Function 941: MSE = 6.140428
🔬 Function 942: MSE = 5.596092
🔬 Function 943: MSE = 5.749162
🔬 Function 944: MSE = 6.140428
🔬 Function 945: MSE = 6.140428
🔬 Function 946: MSE = 5.596092
🔬 Function 947: MSE = 5.749162
🔬 Function 948: MSE = 6.140428
🔬 Function 949: MSE = 5.684644
🔬 Function 950: MSE = 6.140428
🔬 Function 951: MSE = 5.749162
🔬 Function 952: MSE = 6.108149
🔬 Function 953: MSE = 5.684644
🔬 Function 954: MSE = 6.140428
🔬 Function 955: MSE = 5.749162
🔬 Function 956: MSE = 6.189428
Execution error: invalid syntax (<string>, line 15)
Execution error: invalid syntax (<string>, line 15)
Execution error: invalid syntax (<string>, line 15)
Execution error: invalid syntax (<string>, line 16)
🔬 Function 961: MSE = 5.677051
🔬 Function 962: MSE = 5.830267
🔬 Function 963: MSE = 5.684644
🔬 Function 964: MSE = 5.749162
🔬 Function 965: MSE = 5.677051
🔬 Function 966: MSE = 5.830267
🔬 Function 967: MSE = 5.684644
🔬 Function 968: MSE = 5.749162
🔬 Function 969: MSE = 5.677051
🔬 Function 970: MSE = 5.830267
🔬 Function 971: MSE = 5.684644
🔬 Function 972: MSE = 5.749162
🔬 Function 973: MSE = 5.677051
🔬 Function 974: MSE = 5.830267
🔬 Function 975: MSE = 5.749162
🔬 Function 976: MSE = 5.684644
🔬 Function 977: MSE = 5.677051
🔬 Function 978: MSE = 5.830267
🔬 Function 979: MSE = 5.770184
🔬 Function 980: MSE = 5.684644
🔬 Function 981: MSE = 5.830267
🔬 Function 982: MSE = 5.677051
🔬 Function 983: MSE = 5.684644
🔬 Function 984: MSE = 5.770184
🔬 Function 985: MSE = 5.677051
🔬 Function 986: MSE = 5.830267
🔬 Function 987: MSE = 5.684644
🔬 Function 988: MSE = 5.770184
🔬 Function 989: MSE = 5.677051
🔬 Function 990: MSE = 5.830267
🔬 Function 991: MSE = 5.684644
🔬 Function 992: MSE = 5.770184
🔬 Function 993: MSE = 5.677051
🔬 Function 994: MSE = 5.830267
🔬 Function 995: MSE = 5.684644
🔬 Function 996: MSE = 5.770184
Execution error: invalid syntax (<string>, line 15)
Execution error: invalid syntax (<string>, line 15)
Execution error: invalid syntax (<string>, line 15)
Execution error: invalid syntax (<string>, line 16)
🔬 Function 1001: MSE = 5.830267
🔬 Function 1002: MSE = 5.770184
🔬 Function 1003: MSE = 5.830267
🔬 Function 1004: MSE = 5.770184
🔬 Function 1005: MSE = 5.803835
🔬 Function 1006: MSE = 5.827588
🔬 Function 1007: MSE = 5.830267
🔬 Function 1008: MSE = 5.770184
🔬 Function 1009: MSE = 5.803835
🔬 Function 1010: MSE = 5.827588
🔬 Function 1011: MSE = 5.770184
🔬 Function 1012: MSE = 5.830267
🔬 Function 1013: MSE = 5.995305
🔬 Function 1014: MSE = 5.827588
🔬 Function 1015: MSE = 5.830267
🔬 Function 1016: MSE = 5.770184
🔬 Function 1017: MSE = 5.995305
🔬 Function 1018: MSE = 5.770184
🔬 Function 1019: MSE = 5.827588
🔬 Function 1020: MSE = 5.830267
🔬 Function 1021: MSE = 5.995305
🔬 Function 1022: MSE = 5.770184
🔬 Function 1023: MSE = 5.827588
🔬 Function 1024: MSE = 5.830267
🔬 Function 1025: MSE = 5.995305
🔬 Function 1026: MSE = 5.770184
🔬 Function 1027: MSE = 5.827588
🔬 Function 1028: MSE = 5.830267
🔬 Function 1029: MSE = 5.995305
🔬 Function 1030: MSE = 5.770184
🔬 Function 1031: MSE = 5.830267
🔬 Function 1032: MSE = 5.827588
🔬 Function 1033: MSE = 5.995305
🔬 Function 1034: MSE = 5.770184
🔬 Function 1035: MSE = 5.827588
🔬 Function 1036: MSE = 5.830267
Execution error: invalid syntax (<string>, line 15)
Execution error: invalid syntax (<string>, line 15)
Execution error: invalid syntax (<string>, line 15)
Execution error: invalid syntax (<string>, line 16)
🔬 Function 1041: MSE = 5.995305
🔬 Function 1042: MSE = 5.830267
🔬 Function 1043: MSE = 5.995305
🔬 Function 1044: MSE = 5.830267
🔬 Function 1045: MSE = 5.817588
🔬 Function 1046: MSE = 5.995305
🔬 Function 1047: MSE = 5.948266
🔬 Function 1048: MSE = 5.830267
🔬 Function 1049: MSE = 5.817588
🔬 Function 1050: MSE = 5.995305
🔬 Function 1051: MSE = 5.948266
🔬 Function 1052: MSE = 5.830267
🔬 Function 1053: MSE = 5.817588
🔬 Function 1054: MSE = 6.363918
🔬 Function 1055: MSE = 5.948266
🔬 Function 1056: MSE = 5.830267
🔬 Function 1057: MSE = 5.817588
🔬 Function 1058: MSE = 5.974384
🔬 Function 1059: MSE = 5.948266
🔬 Function 1060: MSE = 5.830267
🔬 Function 1061: MSE = 5.817588
🔬 Function 1062: MSE = 5.974384
🔬 Function 1063: MSE = 5.948266
🔬 Function 1064: MSE = 5.830267
🔬 Function 1065: MSE = 5.817588
🔬 Function 1066: MSE = 5.974384
🔬 Function 1067: MSE = 5.948266
🔬 Function 1068: MSE = 5.830267
🔬 Function 1069: MSE = 5.817588
🔬 Function 1070: MSE = 5.974384
🔬 Function 1071: MSE = 5.948266
🔬 Function 1072: MSE = 5.830267
🔬 Function 1073: MSE = 5.817588
🔬 Function 1074: MSE = 5.833422
🔬 Function 1075: MSE = 5.948266
🔬 Function 1076: MSE = 5.830267
Execution error: invalid syntax (<string>, line 15)
Execution error: invalid syntax (<string>, line 15)
Execution error: invalid syntax (<string>, line 15)
Execution error: invalid syntax (<string>, line 16)
🔬 Function 1081: MSE = 5.907245
🔬 Function 1082: MSE = 5.821094
🔬 Function 1083: MSE = 5.833422
🔬 Function 1084: MSE = 5.948266
🔬 Function 1085: MSE = 5.877616
🔬 Function 1086: MSE = 5.821094
🔬 Function 1087: MSE = 5.948266
🔬 Function 1088: MSE = 5.838769
🔬 Function 1089: MSE = 5.821094
🔬 Function 1090: MSE = 5.774624
🔬 Function 1091: MSE = 5.948266
🔬 Function 1092: MSE = 5.838769
🔬 Function 1093: MSE = 5.774624
🔬 Function 1094: MSE = 5.821094
🔬 Function 1095: MSE = 5.948266
🔬 Function 1096: MSE = 5.838769
🔬 Function 1097: MSE = 5.774624
🔬 Function 1098: MSE = 5.821094
🔬 Function 1099: MSE = 5.948266
🔬 Function 1100: MSE = 5.838769
🔬 Function 1101: MSE = 5.821094
🔬 Function 1102: MSE = 5.774624
🔬 Function 1103: MSE = 5.948266
🔬 Function 1104: MSE = 5.838769
🔬 Function 1105: MSE = 5.821094
🔬 Function 1106: MSE = 5.774624
🔬 Function 1107: MSE = 5.717537
🔬 Function 1108: MSE = 5.838769
🔬 Function 1109: MSE = 5.821094
🔬 Function 1110: MSE = 5.774624
🔬 Function 1111: MSE = 5.811199
🔬 Function 1112: MSE = 5.838769
🔬 Function 1113: MSE = 5.821094
🔬 Function 1114: MSE = 5.774624
🔬 Function 1115: MSE = 5.811199
🔬 Function 1116: MSE = 5.838769
Execution error: invalid syntax (<string>, line 15)
Execution error: invalid syntax (<string>, line 15)
Execution error: invalid syntax (<string>, line 15)
Execution error: invalid syntax (<string>, line 16)
🔬 Function 1121: MSE = 5.774624
🔬 Function 1122: MSE = 5.774624
🔬 Function 1123: MSE = 5.821094
🔬 Function 1124: MSE = 5.821094
🔬 Function 1125: MSE = 5.774624
🔬 Function 1126: MSE = 5.774624
🔬 Function 1127: MSE = 5.821094
🔬 Function 1128: MSE = 5.821094
🔬 Function 1129: MSE = 5.774624
🔬 Function 1130: MSE = 5.774624
🔬 Function 1131: MSE = 5.821094
🔬 Function 1132: MSE = 5.821094
🔬 Function 1133: MSE = 5.774624
🔬 Function 1134: MSE = 5.774624
🔬 Function 1135: MSE = 5.821094
🔬 Function 1136: MSE = 5.821094
🔬 Function 1137: MSE = 5.774624
🔬 Function 1138: MSE = 5.774624
🔬 Function 1139: MSE = 5.821094
🔬 Function 1140: MSE = 5.821094
🔬 Function 1141: MSE = 5.774624
🔬 Function 1142: MSE = 5.774624
🔬 Function 1143: MSE = 5.821094
🔬 Function 1144: MSE = 5.821094
🔬 Function 1145: MSE = 5.774624
🔬 Function 1146: MSE = 5.774624
🔬 Function 1147: MSE = 5.821094
🔬 Function 1148: MSE = 5.666727
🔬 Function 1149: MSE = 5.821094
🔬 Function 1150: MSE = 5.774624
🔬 Function 1151: MSE = 5.774624
🔬 Function 1152: MSE = 5.666727
🔬 Function 1153: MSE = 5.821094
🔬 Function 1154: MSE = 5.774624
🔬 Function 1155: MSE = 5.774624
🔬 Function 1156: MSE = 5.666727
Execution error: invalid syntax (<string>, line 15)
Execution error: invalid syntax (<string>, line 15)
Execution error: invalid syntax (<string>, line 15)
Execution error: invalid syntax (<string>, line 16)
🔬 Function 1161: MSE = 5.666727
🔬 Function 1162: MSE = 5.821094
🔬 Function 1163: MSE = 5.666727
🔬 Function 1164: MSE = 5.821094
🔬 Function 1165: MSE = 5.666727
🔬 Function 1166: MSE = 5.821094
🔬 Function 1167: MSE = 5.666727
🔬 Function 1168: MSE = 5.821094
🔬 Function 1169: MSE = 5.666727
🔬 Function 1170: MSE = 5.821094
🔬 Function 1171: MSE = 5.666727
🔬 Function 1172: MSE = 5.821094
🔬 Function 1173: MSE = 5.666727
🔬 Function 1174: MSE = 5.821094
🔬 Function 1175: MSE = 5.821094
🔬 Function 1176: MSE = 5.666727
🔬 Function 1177: MSE = 5.666727
🔬 Function 1178: MSE = 5.821094
🔬 Function 1179: MSE = 5.666727
🔬 Function 1180: MSE = 5.821094
🔬 Function 1181: MSE = 5.666727
🔬 Function 1182: MSE = 5.821094
🔬 Function 1183: MSE = 5.666727
🔬 Function 1184: MSE = 5.821094
🔬 Function 1185: MSE = 5.666727
🔬 Function 1186: MSE = 5.821094
🔬 Function 1187: MSE = 5.821094
🔬 Function 1188: MSE = 5.666727
🔬 Function 1189: MSE = 5.666727
🔬 Function 1190: MSE = 5.821094
🔬 Function 1191: MSE = 5.821094
🔬 Function 1192: MSE = 5.666727
🔬 Function 1193: MSE = 5.666727
🔬 Function 1194: MSE = 5.821094
🔬 Function 1195: MSE = 5.821094
🔬 Function 1196: MSE = 5.666727
Execution error: invalid syntax (<string>, line 15)
Execution error: invalid syntax (<string>, line 16)
Execution error: invalid syntax (<string>, line 15)
Execution error: invalid syntax (<string>, line 16)
🔬 Function 1201: MSE = 5.971861
🔬 Function 1202: MSE = 5.687885
🔬 Function 1203: MSE = 5.666727
🔬 Function 1204: MSE = 5.971861
🔬 Function 1205: MSE = 5.971861
🔬 Function 1206: MSE = 5.687885
🔬 Function 1207: MSE = 5.666727
🔬 Function 1208: MSE = 5.971861
🔬 Function 1209: MSE = 5.971861
🔬 Function 1210: MSE = 5.666727
🔬 Function 1211: MSE = 5.687885
🔬 Function 1212: MSE = 5.971861
🔬 Function 1213: MSE = 5.971861
🔬 Function 1214: MSE = 5.666727
🔬 Function 1215: MSE = 5.687885
🔬 Function 1216: MSE = 5.971861
🔬 Function 1217: MSE = 5.971861
🔬 Function 1218: MSE = 5.666727
🔬 Function 1219: MSE = 5.971861
🔬 Function 1220: MSE = 5.687885
🔬 Function 1221: MSE = 5.971861
🔬 Function 1222: MSE = 5.666727
🔬 Function 1223: MSE = 5.971861
🔬 Function 1224: MSE = 5.687885
🔬 Function 1225: MSE = 5.971861
🔬 Function 1226: MSE = 5.971861
🔬 Function 1227: MSE = 5.666727
🔬 Function 1228: MSE = 5.687885
🔬 Function 1229: MSE = 5.971861
🔬 Function 1230: MSE = 5.971861
🔬 Function 1231: MSE = 5.666727
🔬 Function 1232: MSE = 5.687885
🔬 Function 1233: MSE = 5.971861
🔬 Function 1234: MSE = 5.971861
🔬 Function 1235: MSE = 5.666727
🔬 Function 1236: MSE = 5.687885
🔬 Function 1237: MSE = 5.971861
🔬 Function 1238: MSE = 5.971861
Execution error: invalid syntax (<string>, line 15)
Execution error: invalid syntax (<string>, line 16)
🔬 Function 1241: MSE = 5.971861
🔬 Function 1242: MSE = 5.971861
🔬 Function 1243: MSE = 5.971861
🔬 Function 1244: MSE = 5.971861
🔬 Function 1245: MSE = 6.022863
🔬 Function 1246: MSE = 5.926752
🔬 Function 1247: MSE = 5.971861
🔬 Function 1248: MSE = 5.971861
🔬 Function 1249: MSE = 6.022863
🔬 Function 1250: MSE = 5.926752
🔬 Function 1251: MSE = 5.971861
🔬 Function 1252: MSE = 5.971861
🔬 Function 1253: MSE = 6.022863
🔬 Function 1254: MSE = 5.926752
🔬 Function 1255: MSE = 5.971861
🔬 Function 1256: MSE = 5.971861
🔬 Function 1257: MSE = 6.022863
🔬 Function 1258: MSE = 5.926752
🔬 Function 1259: MSE = 5.971861
🔬 Function 1260: MSE = 5.971861
🔬 Function 1261: MSE = 5.926752
🔬 Function 1262: MSE = 6.022863
🔬 Function 1263: MSE = 5.971861
🔬 Function 1264: MSE = 5.971861
🔬 Function 1265: MSE = 5.926752
🔬 Function 1266: MSE = 5.971861
🔬 Function 1267: MSE = 5.267233
🔬 Function 1268: MSE = 6.022863
🔬 Function 1269: MSE = 5.926752
🔬 Function 1270: MSE = 5.971861
🔬 Function 1271: MSE = 5.267233
🔬 Function 1272: MSE = 6.022863
🔬 Function 1273: MSE = 5.926752
🔬 Function 1274: MSE = 5.971861
🔬 Function 1275: MSE = 5.267233
🔬 Function 1276: MSE = 6.022863
Execution error: invalid syntax (<string>, line 15)
Execution error: invalid syntax (<string>, line 15)
Execution error: invalid syntax (<string>, line 15)
Execution error: invalid syntax (<string>, line 17)
🔬 Function 1281: MSE = 5.331109
🔬 Function 1282: MSE = 6.022863
🔬 Function 1283: MSE = 6.022863
🔬 Function 1284: MSE = 5.267233
🔬 Function 1285: MSE = 6.022863
🔬 Function 1286: MSE = 5.299549
🔬 Function 1287: MSE = 6.022863
🔬 Function 1288: MSE = 5.267233
🔬 Function 1289: MSE = 6.022863
Execution error: invalid syntax (<string>, line 15)
🔬 Function 1291: MSE = 5.267233
🔬 Function 1292: MSE = 6.022863
🔬 Function 1293: MSE = 6.022863
🔬 Function 1294: MSE = 5.135600
🔬 Function 1295: MSE = 5.267233
🔬 Function 1296: MSE = 6.022863
🔬 Function 1297: MSE = 6.022863
🔬 Function 1298: MSE = 5.135600
🔬 Function 1299: MSE = 5.267233
🔬 Function 1300: MSE = 6.022863
🔬 Function 1301: MSE = 6.022863
🔬 Function 1302: MSE = 5.135600
🔬 Function 1303: MSE = 6.022863
🔬 Function 1304: MSE = 5.267233
🔬 Function 1305: MSE = 6.022863
🔬 Function 1306: MSE = 5.135600
🔬 Function 1307: MSE = 6.022863
🔬 Function 1308: MSE = 5.267233
🔬 Function 1309: MSE = 6.022863
🔬 Function 1310: MSE = 5.135600
🔬 Function 1311: MSE = 6.022863
🔬 Function 1312: MSE = 5.267233
🔬 Function 1313: MSE = 6.022863
🔬 Function 1314: MSE = 5.135600
🔬 Function 1315: MSE = 6.022863
🔬 Function 1316: MSE = 5.267233
Execution error: invalid syntax (<string>, line 16)
Execution error: invalid syntax (<string>, line 15)
Execution error: invalid syntax (<string>, line 16)
Execution error: invalid syntax (<string>, line 16)
🔬 Function 1321: MSE = 5.220891
🔬 Function 1322: MSE = 5.301691
🔬 Function 1323: MSE = 5.209578
🔬 Function 1324: MSE = 5.267233
🔬 Function 1325: MSE = 5.195384
🔬 Function 1326: MSE = 5.269830
🔬 Function 1327: MSE = 5.215872
🔬 Function 1328: MSE = 5.267233
🔬 Function 1329: MSE = 5.195384
🔬 Function 1330: MSE = 5.348557
🔬 Function 1331: MSE = 5.215872
🔬 Function 1332: MSE = 5.267233
🔬 Function 1333: MSE = 5.195384
🔬 Function 1334: MSE = 5.348557
🔬 Function 1335: MSE = 5.215872
🔬 Function 1336: MSE = 5.267233
🔬 Function 1337: MSE = 5.195384
🔬 Function 1338: MSE = 5.348557
🔬 Function 1339: MSE = 5.215872
🔬 Function 1340: MSE = 5.267233
🔬 Function 1341: MSE = 5.176795
🔬 Function 1342: MSE = 5.348557
🔬 Function 1343: MSE = 5.215872
🔬 Function 1344: MSE = 5.267233
🔬 Function 1345: MSE = 5.176795
🔬 Function 1346: MSE = 5.348557
🔬 Function 1347: MSE = 5.215872
🔬 Function 1348: MSE = 5.267233
🔬 Function 1349: MSE = 5.176795
🔬 Function 1350: MSE = 5.348557
🔬 Function 1351: MSE = 5.215872
🔬 Function 1352: MSE = 5.267233
🔬 Function 1353: MSE = 5.176795
🔬 Function 1354: MSE = 5.348557
🔬 Function 1355: MSE = 5.215872
🔬 Function 1356: MSE = 5.267233
Execution error: invalid syntax (<string>, line 15)
Execution error: invalid syntax (<string>, line 15)
Execution error: invalid syntax (<string>, line 15)
Execution error: invalid syntax (<string>, line 16)
🔬 Function 1361: MSE = 5.207417
🔬 Function 1362: MSE = 5.173054
🔬 Function 1363: MSE = 5.215872
🔬 Function 1364: MSE = 5.172608
🔬 Function 1365: MSE = 5.125268
🔬 Function 1366: MSE = 5.146276
🔬 Function 1367: MSE = 5.172608
🔬 Function 1368: MSE = 5.215872
🔬 Function 1369: MSE = 5.144057
🔬 Function 1370: MSE = 5.146276
🔬 Function 1371: MSE = 5.215872
🔬 Function 1372: MSE = 5.172608
🔬 Function 1373: MSE = 5.144057
🔬 Function 1374: MSE = 5.146276
🔬 Function 1375: MSE = 5.215872
🔬 Function 1376: MSE = 5.172608
🔬 Function 1377: MSE = 5.144057
🔬 Function 1378: MSE = 5.146276
🔬 Function 1379: MSE = 5.215872
🔬 Function 1380: MSE = 5.142401
🔬 Function 1381: MSE = 5.144057
🔬 Function 1382: MSE = 5.146276
🔬 Function 1383: MSE = 5.215872
🔬 Function 1384: MSE = 4.954525
🔬 Function 1385: MSE = 5.144057
🔬 Function 1386: MSE = 5.146276
🔬 Function 1387: MSE = 5.215872
🔬 Function 1388: MSE = 4.954525
🔬 Function 1389: MSE = 5.144057
🔬 Function 1390: MSE = 5.146276
🔬 Function 1391: MSE = 5.215872
🔬 Function 1392: MSE = 4.954525
🔬 Function 1393: MSE = 5.144057
🔬 Function 1394: MSE = 5.146276
🔬 Function 1395: MSE = 4.954525
🔬 Function 1396: MSE = 5.215872
Execution error: invalid syntax (<string>, line 15)
Execution error: invalid syntax (<string>, line 15)
Execution error: invalid syntax (<string>, line 17)
Execution error: invalid syntax (<string>, line 16)
🔬 Function 1401: MSE = 5.010358
🔬 Function 1402: MSE = 4.954525
🔬 Function 1403: MSE = 4.954525
🔬 Function 1404: MSE = 5.066431
🔬 Function 1405: MSE = 5.021851
🔬 Function 1406: MSE = 4.996863
🔬 Function 1407: MSE = 5.066431
🔬 Function 1408: MSE = 4.954525
🔬 Function 1409: MSE = 5.021851
🔬 Function 1410: MSE = 4.996863
🔬 Function 1411: MSE = 5.052170
🔬 Function 1412: MSE = 4.954525
🔬 Function 1413: MSE = 5.025129
🔬 Function 1414: MSE = 4.996863
🔬 Function 1415: MSE = 5.052170
🔬 Function 1416: MSE = 5.111221
🔬 Function 1417: MSE = 5.025129
🔬 Function 1418: MSE = 4.996863
🔬 Function 1419: MSE = 5.052170
🔬 Function 1420: MSE = 5.111221
🔬 Function 1421: MSE = 4.996863
🔬 Function 1422: MSE = 5.025129
🔬 Function 1423: MSE = 4.985899
🔬 Function 1424: MSE = 5.111221
🔬 Function 1425: MSE = 4.996863
🔬 Function 1426: MSE = 5.025129
🔬 Function 1427: MSE = 5.011442
🔬 Function 1428: MSE = 5.111221
🔬 Function 1429: MSE = 5.025129
🔬 Function 1430: MSE = 4.996863
🔬 Function 1431: MSE = 5.011442
🔬 Function 1432: MSE = 5.111221
🔬 Function 1433: MSE = 5.025129
🔬 Function 1434: MSE = 4.996863
🔬 Function 1435: MSE = 5.011442
🔬 Function 1436: MSE = 4.968377
Execution error: invalid syntax (<string>, line 15)
Execution error: invalid syntax (<string>, line 15)
🔬 Function 1439: MSE = 4.991071
Execution error: invalid syntax (<string>, line 18)
🔬 Function 1441: MSE = 4.990036
🔬 Function 1442: MSE = 5.014284
🔬 Function 1443: MSE = 5.025129
🔬 Function 1444: MSE = 4.990588
🔬 Function 1445: MSE = 5.014284
🔬 Function 1446: MSE = 4.967254
🔬 Function 1447: MSE = 5.025129
🔬 Function 1448: MSE = 4.990782
🔬 Function 1449: MSE = 5.027515
🔬 Function 1450: MSE = 4.967523
🔬 Function 1451: MSE = 5.025129
🔬 Function 1452: MSE = 4.990940
🔬 Function 1453: MSE = 5.027515
🔬 Function 1454: MSE = 5.025129
🔬 Function 1455: MSE = 4.966141
🔬 Function 1456: MSE = 4.990455
🔬 Function 1457: MSE = 5.027515
🔬 Function 1458: MSE = 5.025129
🔬 Function 1459: MSE = 4.964855
🔬 Function 1460: MSE = 4.988970
🔬 Function 1461: MSE = 5.027515
🔬 Function 1462: MSE = 5.025129
🔬 Function 1463: MSE = 4.968875
🔬 Function 1464: MSE = 4.991176
🔬 Function 1465: MSE = 5.027515
🔬 Function 1466: MSE = 5.025129
🔬 Function 1467: MSE = 4.965232
🔬 Function 1468: MSE = 4.990656
🔬 Function 1469: MSE = 5.027515
🔬 Function 1470: MSE = 5.025129
🔬 Function 1471: MSE = 4.965774
🔬 Function 1472: MSE = 4.990009
🔬 Function 1473: MSE = 5.027515
🔬 Function 1474: MSE = 5.025129
🔬 Function 1475: MSE = 4.966351
🔬 Function 1476: MSE = 4.990770
🔬 Function 1477: MSE = 5.027515
🔬 Function 1478: MSE = 5.025129
🔬 Function 1479: MSE = 4.965499
Execution error: invalid syntax (<string>, line 18)
🔬 Function 1481: MSE = 5.013660
🔬 Function 1482: MSE = 5.027515
🔬 Function 1483: MSE = 4.968124
🔬 Function 1484: MSE = 4.969255
🔬 Function 1485: MSE = 5.008000
🔬 Function 1486: MSE = 5.027515
🔬 Function 1487: MSE = 4.964907
🔬 Function 1488: MSE = 4.965220
🔬 Function 1489: MSE = 5.036117
🔬 Function 1490: MSE = 5.027515
🔬 Function 1491: MSE = 4.965664
🔬 Function 1492: MSE = 4.969584
🔬 Function 1493: MSE = 5.036117
🔬 Function 1494: MSE = 5.027515
🔬 Function 1495: MSE = 4.962008
🔬 Function 1496: MSE = 4.967926
🔬 Function 1497: MSE = 5.036117
🔬 Function 1498: MSE = 5.027515
🔬 Function 1499: MSE = 4.969505
🔬 Function 1500: MSE = 4.962598
🔬 Function 1501: MSE = 5.036117
🔬 Function 1502: MSE = 5.027515
🔬 Function 1503: MSE = 4.965220
🔬 Function 1504: MSE = 4.964112
🔬 Function 1505: MSE = 5.036117
🔬 Function 1506: MSE = 5.027515
🔬 Function 1507: MSE = 4.965872
🔬 Function 1508: MSE = 5.036117
🔬 Function 1509: MSE = 4.965330
🔬 Function 1510: MSE = 5.027515
🔬 Function 1511: MSE = 4.967672
🔬 Function 1512: MSE = 5.036117
🔬 Function 1513: MSE = 4.969108
🔬 Function 1514: MSE = 5.027515
🔬 Function 1515: MSE = 4.964179
Execution error: invalid character '⚠' (U+26A0) (<string>, line 15)
🔬 Function 1517: MSE = 5.027515
🔬 Function 1518: MSE = 4.962824
🔬 Function 1519: MSE = 4.965909
Execution error: invalid syntax (<string>, line 19)
🔬 Function 1521: MSE = 4.969411
🔬 Function 1522: MSE = 4.965620
🔬 Function 1523: MSE = 4.964402
🔬 Function 1524: MSE = 4.968429
🔬 Function 1525: MSE = 4.963755
🔬 Function 1526: MSE = 4.966514
🔬 Function 1527: MSE = 4.968355
🔬 Function 1528: MSE = 4.966695
🔬 Function 1529: MSE = 4.968140
🔬 Function 1530: MSE = 4.967076
🔬 Function 1531: MSE = 4.962868
🔬 Function 1532: MSE = 4.969017
🔬 Function 1533: MSE = 4.965648
🔬 Function 1534: MSE = 4.969044
🔬 Function 1535: MSE = 4.970579
🔬 Function 1536: MSE = 4.963981
🔬 Function 1537: MSE = 4.962231
🔬 Function 1538: MSE = 4.964249
🔬 Function 1539: MSE = 4.965013
🔬 Function 1540: MSE = 4.965431
🔬 Function 1541: MSE = 4.970204
🔬 Function 1542: MSE = 4.964570
🔬 Function 1543: MSE = 4.961965
🔬 Function 1544: MSE = 4.964730
🔬 Function 1545: MSE = 4.968379
🔬 Function 1546: MSE = 4.966711
🔬 Function 1547: MSE = 4.970364
🔬 Function 1548: MSE = 4.969556
🔬 Function 1549: MSE = 4.970516
🔬 Function 1550: MSE = 4.965359
🔬 Function 1551: MSE = 4.961049
🔬 Function 1552: MSE = 4.963706
🔬 Function 1553: MSE = 4.966913
🔬 Function 1554: MSE = 4.963717
🔬 Function 1555: MSE = 4.964462
🔬 Function 1556: MSE = 4.963208
Execution error: invalid syntax (<string>, line 18)
Execution error: invalid syntax (<string>, line 18)
Execution error: invalid character '⚠' (U+26A0) (<string>, line 18)
Execution error: invalid syntax (<string>, line 19)
🔬 Function 1561: MSE = 4.967681
🔬 Function 1562: MSE = 4.967233
🔬 Function 1563: MSE = 4.965276
🔬 Function 1564: MSE = 4.965283
🔬 Function 1565: MSE = 4.967399
🔬 Function 1566: MSE = 4.965209
🔬 Function 1567: MSE = 4.967224
🔬 Function 1568: MSE = 4.970753
🔬 Function 1569: MSE = 4.968444
🔬 Function 1570: MSE = 4.962152
🔬 Function 1571: MSE = 4.967803
🔬 Function 1572: MSE = 4.969567
🔬 Function 1573: MSE = 4.964523
🔬 Function 1574: MSE = 4.965719
🔬 Function 1575: MSE = 4.966488
🔬 Function 1576: MSE = 4.971376
🔬 Function 1577: MSE = 4.964009
🔬 Function 1578: MSE = 4.966001
🔬 Function 1579: MSE = 4.962856
🔬 Function 1580: MSE = 4.966054
🔬 Function 1581: MSE = 4.965644
🔬 Function 1582: MSE = 4.967357
🔬 Function 1583: MSE = 4.964770
🔬 Function 1584: MSE = 4.967273
🔬 Function 1585: MSE = 4.967323
🔬 Function 1586: MSE = 4.970253
🔬 Function 1587: MSE = 4.963741
🔬 Function 1588: MSE = 4.966452
🔬 Function 1589: MSE = 4.963619
🔬 Function 1590: MSE = 4.968027
🔬 Function 1591: MSE = 4.963666
🔬 Function 1592: MSE = 4.965265
🔬 Function 1593: MSE = 4.966091
🔬 Function 1594: MSE = 4.965996
🔬 Function 1595: MSE = 4.966708
🔬 Function 1596: MSE = 4.967485
Execution error: invalid syntax (<string>, line 18)
Execution error: invalid syntax (<string>, line 18)
🔬 Function 1599: MSE = 4.966994
Execution error: invalid syntax (<string>, line 19)
🔬 Function 1601: MSE = 4.964389
🔬 Function 1602: MSE = 4.966268
🔬 Function 1603: MSE = 4.964598
🔬 Function 1604: MSE = 4.967339
🔬 Function 1605: MSE = 4.967715
🔬 Function 1606: MSE = 4.963210
🔬 Function 1607: MSE = 4.966184
🔬 Function 1608: MSE = 4.965584
🔬 Function 1609: MSE = 4.965922
🔬 Function 1610: MSE = 4.967943
🔬 Function 1611: MSE = 4.967518
🔬 Function 1612: MSE = 4.966893
🔬 Function 1613: MSE = 4.963689
🔬 Function 1614: MSE = 4.966088
🔬 Function 1615: MSE = 4.963647
🔬 Function 1616: MSE = 4.972677
🔬 Function 1617: MSE = 4.962018
🔬 Function 1618: MSE = 4.963233
🔬 Function 1619: MSE = 4.965353
🔬 Function 1620: MSE = 4.965436
🔬 Function 1621: MSE = 4.966656
🔬 Function 1622: MSE = 4.966692
🔬 Function 1623: MSE = 4.965397
🔬 Function 1624: MSE = 4.968577
🔬 Function 1625: MSE = 4.971031
🔬 Function 1626: MSE = 4.967182
🔬 Function 1627: MSE = 4.972004
🔬 Function 1628: MSE = 4.964091
🔬 Function 1629: MSE = 4.974025
🔬 Function 1630: MSE = 4.964740
🔬 Function 1631: MSE = 4.967059
🔬 Function 1632: MSE = 4.968392

🏆 Best Function Code:

def aproximate(x, F, P, Q, z, R):
    a = F @ x
    b = F @ np.log(np.maximum(a * 0.03, 1e-8))
    c = F @ np.tanh(b * 0.2)
    xp = a + c
    P = F @ P @ F.T + 0.7 * Q
    y = z - xp
    S = P + 0.7 * R
    inv_S = np.linalg.inv(S)
    K = P @ inv_S + 0.15 * inv_S
    x = xp + K @ y
    x += 0.6 * F @ np.tanh(F @ x * 0.08)
    P = (np.eye(F.shape[0]) - K) @ P
    global loss
    loss = np.mean((z - xp)**2)
    return xp, P, y, S, K, x

✅ Validation MSE: 4.954525

🧪 Test MSE (vs target): 4.960197

🏑 Kalman Filter Baseline MSE: 10.617680
