/n/home10/vsaketos/wavegp/table2/RandomSearrch/non_linear/train.py:227: RuntimeWarning: overflow encountered in scalar power
  0.05 * x_est[0]**3-2*x_est[0],       # nonlinearity in x[0]
/n/home10/vsaketos/wavegp/table2/RandomSearrch/non_linear/train.py:227: RuntimeWarning: overflow encountered in scalar power
  0.05 * x_est[0]**3-2*x_est[0],       # nonlinearity in x[0]
/n/home10/vsaketos/wavegp/table2/RandomSearrch/non_linear/train.py:227: RuntimeWarning: overflow encountered in scalar power
  0.05 * x_est[0]**3-2*x_est[0],       # nonlinearity in x[0]
/n/home10/vsaketos/wavegp/table2/RandomSearrch/non_linear/train.py:227: RuntimeWarning: overflow encountered in scalar power
  0.05 * x_est[0]**3-2*x_est[0],       # nonlinearity in x[0]
/n/home10/vsaketos/wavegp/table2/RandomSearrch/non_linear/train.py:227: RuntimeWarning: overflow encountered in scalar power
  0.05 * x_est[0]**3-2*x_est[0],       # nonlinearity in x[0]
/n/home10/vsaketos/wavegp/table2/RandomSearrch/non_linear/train.py:227: RuntimeWarning: overflow encountered in scalar power
  0.05 * x_est[0]**3-2*x_est[0],       # nonlinearity in x[0]
/n/home10/vsaketos/wavegp/table2/RandomSearrch/non_linear/train.py:227: RuntimeWarning: overflow encountered in scalar power
  0.05 * x_est[0]**3-2*x_est[0],       # nonlinearity in x[0]
/n/home10/vsaketos/wavegp/table2/RandomSearrch/non_linear/train.py:227: RuntimeWarning: overflow encountered in scalar power
  0.05 * x_est[0]**3-2*x_est[0],       # nonlinearity in x[0]
/n/home10/vsaketos/wavegp/table2/RandomSearrch/non_linear/train.py:227: RuntimeWarning: overflow encountered in scalar power
  0.05 * x_est[0]**3-2*x_est[0],       # nonlinearity in x[0]
/n/home10/vsaketos/wavegp/table2/RandomSearrch/non_linear/train.py:22: RuntimeWarning: invalid value encountered in subtract
  return inp[0] - inp[1]
/n/home10/vsaketos/wavegp/table2/RandomSearrch/non_linear/train.py:227: RuntimeWarning: overflow encountered in scalar power
  0.05 * x_est[0]**3-2*x_est[0],       # nonlinearity in x[0]
/n/home10/vsaketos/wavegp/table2/RandomSearrch/non_linear/train.py:25: RuntimeWarning: invalid value encountered in matmul
  return inp[0] @ inp[1]
/n/home10/vsaketos/wavegp/table2/RandomSearrch/non_linear/train.py:22: RuntimeWarning: invalid value encountered in subtract
  return inp[0] - inp[1]
/n/home10/vsaketos/wavegp/table2/RandomSearrch/non_linear/train.py:227: RuntimeWarning: overflow encountered in scalar power
  0.05 * x_est[0]**3-2*x_est[0],       # nonlinearity in x[0]
/n/home10/vsaketos/wavegp/table2/RandomSearrch/non_linear/train.py:25: RuntimeWarning: invalid value encountered in matmul
  return inp[0] @ inp[1]
/n/home10/vsaketos/wavegp/table2/RandomSearrch/non_linear/train.py:25: RuntimeWarning: invalid value encountered in matmul
  return inp[0] @ inp[1]
/n/home10/vsaketos/wavegp/table2/RandomSearrch/non_linear/train.py:227: RuntimeWarning: overflow encountered in scalar power
  0.05 * x_est[0]**3-2*x_est[0],       # nonlinearity in x[0]
/n/home10/vsaketos/wavegp/table2/RandomSearrch/non_linear/train.py:28: RuntimeWarning: invalid value encountered in add
  return inp[0] + inp[1]
/n/home10/vsaketos/wavegp/table2/RandomSearrch/non_linear/train.py:227: RuntimeWarning: overflow encountered in scalar power
  0.05 * x_est[0]**3-2*x_est[0],       # nonlinearity in x[0]
/n/home10/vsaketos/wavegp/table2/RandomSearrch/non_linear/train.py:227: RuntimeWarning: overflow encountered in scalar power
  0.05 * x_est[0]**3-2*x_est[0],       # nonlinearity in x[0]
/n/home10/vsaketos/wavegp/table2/RandomSearrch/non_linear/train.py:25: RuntimeWarning: invalid value encountered in matmul
  return inp[0] @ inp[1]
/n/home10/vsaketos/wavegp/table2/RandomSearrch/non_linear/train.py:22: RuntimeWarning: invalid value encountered in subtract
  return inp[0] - inp[1]
/n/home10/vsaketos/wavegp/table2/RandomSearrch/non_linear/train.py:227: RuntimeWarning: overflow encountered in scalar power
  0.05 * x_est[0]**3-2*x_est[0],       # nonlinearity in x[0]
/n/home10/vsaketos/wavegp/table2/RandomSearrch/non_linear/train.py:227: RuntimeWarning: overflow encountered in scalar power
  0.05 * x_est[0]**3-2*x_est[0],       # nonlinearity in x[0]
/n/home10/vsaketos/wavegp/table2/RandomSearrch/non_linear/train.py:227: RuntimeWarning: overflow encountered in scalar power
  0.05 * x_est[0]**3-2*x_est[0],       # nonlinearity in x[0]
/n/home10/vsaketos/wavegp/table2/RandomSearrch/non_linear/train.py:227: RuntimeWarning: overflow encountered in scalar power
  0.05 * x_est[0]**3-2*x_est[0],       # nonlinearity in x[0]
/n/home10/vsaketos/wavegp/table2/RandomSearrch/non_linear/train.py:227: RuntimeWarning: overflow encountered in scalar power
  0.05 * x_est[0]**3-2*x_est[0],       # nonlinearity in x[0]
/n/home10/vsaketos/wavegp/table2/RandomSearrch/non_linear/train.py:227: RuntimeWarning: overflow encountered in scalar power
  0.05 * x_est[0]**3-2*x_est[0],       # nonlinearity in x[0]
/n/home10/vsaketos/wavegp/table2/RandomSearrch/non_linear/train.py:227: RuntimeWarning: overflow encountered in scalar power
  0.05 * x_est[0]**3-2*x_est[0],       # nonlinearity in x[0]
/n/home10/vsaketos/wavegp/table2/RandomSearrch/non_linear/train.py:25: RuntimeWarning: invalid value encountered in matmul
  return inp[0] @ inp[1]
/n/home10/vsaketos/wavegp/table2/RandomSearrch/non_linear/train.py:227: RuntimeWarning: overflow encountered in scalar power
  0.05 * x_est[0]**3-2*x_est[0],       # nonlinearity in x[0]
/n/home10/vsaketos/wavegp/table2/RandomSearrch/non_linear/train.py:22: RuntimeWarning: invalid value encountered in subtract
  return inp[0] - inp[1]
/n/home10/vsaketos/wavegp/table2/RandomSearrch/non_linear/train.py:25: RuntimeWarning: invalid value encountered in matmul
  return inp[0] @ inp[1]
/n/home10/vsaketos/wavegp/table2/RandomSearrch/non_linear/train.py:227: RuntimeWarning: overflow encountered in scalar power
  0.05 * x_est[0]**3-2*x_est[0],       # nonlinearity in x[0]
/n/home10/vsaketos/wavegp/table2/RandomSearrch/non_linear/train.py:227: RuntimeWarning: overflow encountered in scalar power
  0.05 * x_est[0]**3-2*x_est[0],       # nonlinearity in x[0]
/n/home10/vsaketos/wavegp/table2/RandomSearrch/non_linear/train.py:25: RuntimeWarning: invalid value encountered in matmul
  return inp[0] @ inp[1]
/n/home10/vsaketos/wavegp/table2/RandomSearrch/non_linear/train.py:227: RuntimeWarning: overflow encountered in scalar power
  0.05 * x_est[0]**3-2*x_est[0],       # nonlinearity in x[0]
/n/home10/vsaketos/wavegp/table2/RandomSearrch/non_linear/train.py:227: RuntimeWarning: overflow encountered in scalar power
  0.05 * x_est[0]**3-2*x_est[0],       # nonlinearity in x[0]
/n/home10/vsaketos/wavegp/table2/RandomSearrch/non_linear/train.py:22: RuntimeWarning: invalid value encountered in subtract
  return inp[0] - inp[1]
/n/home10/vsaketos/wavegp/table2/RandomSearrch/non_linear/train.py:25: RuntimeWarning: invalid value encountered in matmul
  return inp[0] @ inp[1]
/n/home10/vsaketos/wavegp/table2/RandomSearrch/non_linear/train.py:227: RuntimeWarning: overflow encountered in scalar power
  0.05 * x_est[0]**3-2*x_est[0],       # nonlinearity in x[0]
/n/home10/vsaketos/wavegp/table2/RandomSearrch/non_linear/train.py:227: RuntimeWarning: overflow encountered in scalar power
  0.05 * x_est[0]**3-2*x_est[0],       # nonlinearity in x[0]
/n/home10/vsaketos/wavegp/table2/RandomSearrch/non_linear/train.py:22: RuntimeWarning: invalid value encountered in subtract
  return inp[0] - inp[1]
/n/home10/vsaketos/wavegp/table2/RandomSearrch/non_linear/train.py:25: RuntimeWarning: invalid value encountered in matmul
  return inp[0] @ inp[1]
/n/home10/vsaketos/wavegp/table2/RandomSearrch/non_linear/train.py:227: RuntimeWarning: overflow encountered in scalar power
  0.05 * x_est[0]**3-2*x_est[0],       # nonlinearity in x[0]
/n/home10/vsaketos/wavegp/table2/RandomSearrch/non_linear/train.py:25: RuntimeWarning: invalid value encountered in matmul
  return inp[0] @ inp[1]
/n/home10/vsaketos/wavegp/table2/RandomSearrch/non_linear/train.py:28: RuntimeWarning: invalid value encountered in add
  return inp[0] + inp[1]
/n/home10/vsaketos/wavegp/table2/RandomSearrch/non_linear/train.py:227: RuntimeWarning: overflow encountered in scalar power
  0.05 * x_est[0]**3-2*x_est[0],       # nonlinearity in x[0]
/n/home10/vsaketos/wavegp/table2/RandomSearrch/non_linear/train.py:25: RuntimeWarning: invalid value encountered in matmul
  return inp[0] @ inp[1]
/n/home10/vsaketos/wavegp/table2/RandomSearrch/non_linear/train.py:227: RuntimeWarning: overflow encountered in scalar power
  0.05 * x_est[0]**3-2*x_est[0],       # nonlinearity in x[0]
/n/home10/vsaketos/wavegp/table2/RandomSearrch/non_linear/train.py:25: RuntimeWarning: invalid value encountered in matmul
  return inp[0] @ inp[1]
/n/home10/vsaketos/wavegp/table2/RandomSearrch/non_linear/train.py:227: RuntimeWarning: overflow encountered in scalar power
  0.05 * x_est[0]**3-2*x_est[0],       # nonlinearity in x[0]
/n/home10/vsaketos/wavegp/table2/RandomSearrch/non_linear/train.py:22: RuntimeWarning: invalid value encountered in subtract
  return inp[0] - inp[1]
/n/home10/vsaketos/wavegp/table2/RandomSearrch/non_linear/train.py:227: RuntimeWarning: overflow encountered in scalar power
  0.05 * x_est[0]**3-2*x_est[0],       # nonlinearity in x[0]
/n/home10/vsaketos/wavegp/table2/RandomSearrch/non_linear/train.py:227: RuntimeWarning: overflow encountered in scalar power
  0.05 * x_est[0]**3-2*x_est[0],       # nonlinearity in x[0]
/n/home10/vsaketos/wavegp/table2/RandomSearrch/non_linear/train.py:25: RuntimeWarning: invalid value encountered in matmul
  return inp[0] @ inp[1]
/n/home10/vsaketos/wavegp/table2/RandomSearrch/non_linear/train.py:227: RuntimeWarning: overflow encountered in scalar power
  0.05 * x_est[0]**3-2*x_est[0],       # nonlinearity in x[0]
/n/home10/vsaketos/wavegp/table2/RandomSearrch/non_linear/train.py:25: RuntimeWarning: invalid value encountered in matmul
  return inp[0] @ inp[1]
/n/home10/vsaketos/wavegp/table2/RandomSearrch/non_linear/train.py:227: RuntimeWarning: overflow encountered in scalar power
  0.05 * x_est[0]**3-2*x_est[0],       # nonlinearity in x[0]
/n/home10/vsaketos/wavegp/table2/RandomSearrch/non_linear/train.py:25: RuntimeWarning: invalid value encountered in matmul
  return inp[0] @ inp[1]
/n/home10/vsaketos/wavegp/table2/RandomSearrch/non_linear/train.py:227: RuntimeWarning: overflow encountered in scalar power
  0.05 * x_est[0]**3-2*x_est[0],       # nonlinearity in x[0]
/n/home10/vsaketos/wavegp/table2/RandomSearrch/non_linear/train.py:227: RuntimeWarning: overflow encountered in scalar power
  0.05 * x_est[0]**3-2*x_est[0],       # nonlinearity in x[0]
/n/home10/vsaketos/wavegp/table2/RandomSearrch/non_linear/train.py:25: RuntimeWarning: invalid value encountered in matmul
  return inp[0] @ inp[1]
/n/home10/vsaketos/wavegp/table2/RandomSearrch/non_linear/train.py:28: RuntimeWarning: invalid value encountered in add
  return inp[0] + inp[1]
/n/home10/vsaketos/wavegp/table2/RandomSearrch/non_linear/train.py:227: RuntimeWarning: overflow encountered in scalar power
  0.05 * x_est[0]**3-2*x_est[0],       # nonlinearity in x[0]
/n/home10/vsaketos/wavegp/table2/RandomSearrch/non_linear/train.py:22: RuntimeWarning: invalid value encountered in subtract
  return inp[0] - inp[1]
/n/home10/vsaketos/wavegp/table2/RandomSearrch/non_linear/train.py:227: RuntimeWarning: overflow encountered in scalar power
  0.05 * x_est[0]**3-2*x_est[0],       # nonlinearity in x[0]
/n/home10/vsaketos/wavegp/table2/RandomSearrch/non_linear/train.py:227: RuntimeWarning: overflow encountered in scalar power
  0.05 * x_est[0]**3-2*x_est[0],       # nonlinearity in x[0]
/n/home10/vsaketos/wavegp/table2/RandomSearrch/non_linear/train.py:25: RuntimeWarning: invalid value encountered in matmul
  return inp[0] @ inp[1]
/n/home10/vsaketos/wavegp/table2/RandomSearrch/non_linear/train.py:227: RuntimeWarning: overflow encountered in scalar power
  0.05 * x_est[0]**3-2*x_est[0],       # nonlinearity in x[0]
/n/home10/vsaketos/wavegp/table2/RandomSearrch/non_linear/train.py:22: RuntimeWarning: invalid value encountered in subtract
  return inp[0] - inp[1]
/n/home10/vsaketos/wavegp/table2/RandomSearrch/non_linear/train.py:227: RuntimeWarning: overflow encountered in scalar power
  0.05 * x_est[0]**3-2*x_est[0],       # nonlinearity in x[0]
/n/home10/vsaketos/wavegp/table2/RandomSearrch/non_linear/train.py:227: RuntimeWarning: overflow encountered in scalar power
  0.05 * x_est[0]**3-2*x_est[0],       # nonlinearity in x[0]
/n/home10/vsaketos/wavegp/table2/RandomSearrch/non_linear/train.py:25: RuntimeWarning: invalid value encountered in matmul
  return inp[0] @ inp[1]
/n/home10/vsaketos/wavegp/table2/RandomSearrch/non_linear/train.py:22: RuntimeWarning: invalid value encountered in subtract
  return inp[0] - inp[1]
/n/home10/vsaketos/wavegp/table2/RandomSearrch/non_linear/train.py:227: RuntimeWarning: overflow encountered in scalar power
  0.05 * x_est[0]**3-2*x_est[0],       # nonlinearity in x[0]
/n/home10/vsaketos/wavegp/table2/RandomSearrch/non_linear/train.py:22: RuntimeWarning: invalid value encountered in subtract
  return inp[0] - inp[1]
/n/home10/vsaketos/wavegp/table2/RandomSearrch/non_linear/train.py:25: RuntimeWarning: invalid value encountered in matmul
  return inp[0] @ inp[1]
/n/home10/vsaketos/wavegp/table2/RandomSearrch/non_linear/train.py:227: RuntimeWarning: overflow encountered in scalar power
  0.05 * x_est[0]**3-2*x_est[0],       # nonlinearity in x[0]
/n/home10/vsaketos/wavegp/table2/RandomSearrch/non_linear/train.py:25: RuntimeWarning: overflow encountered in matmul
  return inp[0] @ inp[1]
/n/home10/vsaketos/wavegp/table2/RandomSearrch/non_linear/train.py:25: RuntimeWarning: overflow encountered in matmul
  return inp[0] @ inp[1]
/n/home10/vsaketos/wavegp/table2/RandomSearrch/non_linear/train.py:227: RuntimeWarning: overflow encountered in scalar power
  0.05 * x_est[0]**3-2*x_est[0],       # nonlinearity in x[0]
/n/home10/vsaketos/wavegp/table2/RandomSearrch/non_linear/train.py:25: RuntimeWarning: invalid value encountered in matmul
  return inp[0] @ inp[1]
/n/home10/vsaketos/wavegp/table2/RandomSearrch/non_linear/train.py:28: RuntimeWarning: invalid value encountered in add
  return inp[0] + inp[1]
/n/home10/vsaketos/wavegp/table2/RandomSearrch/non_linear/train.py:227: RuntimeWarning: overflow encountered in scalar power
  0.05 * x_est[0]**3-2*x_est[0],       # nonlinearity in x[0]
/n/home10/vsaketos/wavegp/table2/RandomSearrch/non_linear/train.py:25: RuntimeWarning: invalid value encountered in matmul
  return inp[0] @ inp[1]
/n/home10/vsaketos/wavegp/table2/RandomSearrch/non_linear/train.py:25: RuntimeWarning: overflow encountered in matmul
  return inp[0] @ inp[1]
/n/home10/vsaketos/wavegp/table2/RandomSearrch/non_linear/train.py:227: RuntimeWarning: overflow encountered in scalar power
  0.05 * x_est[0]**3-2*x_est[0],       # nonlinearity in x[0]
/n/home10/vsaketos/wavegp/table2/RandomSearrch/non_linear/train.py:227: RuntimeWarning: overflow encountered in scalar power
  0.05 * x_est[0]**3-2*x_est[0],       # nonlinearity in x[0]
/n/home10/vsaketos/wavegp/table2/RandomSearrch/non_linear/train.py:25: RuntimeWarning: invalid value encountered in matmul
  return inp[0] @ inp[1]
/n/home10/vsaketos/wavegp/table2/RandomSearrch/non_linear/train.py:25: RuntimeWarning: invalid value encountered in matmul
  return inp[0] @ inp[1]
/n/home10/vsaketos/wavegp/table2/RandomSearrch/non_linear/train.py:25: RuntimeWarning: overflow encountered in matmul
  return inp[0] @ inp[1]
/n/home10/vsaketos/wavegp/table2/RandomSearrch/non_linear/train.py:227: RuntimeWarning: overflow encountered in scalar power
  0.05 * x_est[0]**3-2*x_est[0],       # nonlinearity in x[0]
/n/home10/vsaketos/wavegp/table2/RandomSearrch/non_linear/train.py:227: RuntimeWarning: overflow encountered in scalar power
  0.05 * x_est[0]**3-2*x_est[0],       # nonlinearity in x[0]
/n/home10/vsaketos/wavegp/table2/RandomSearrch/non_linear/train.py:25: RuntimeWarning: invalid value encountered in matmul
  return inp[0] @ inp[1]
/n/home10/vsaketos/wavegp/table2/RandomSearrch/non_linear/train.py:25: RuntimeWarning: invalid value encountered in matmul
  return inp[0] @ inp[1]
/n/home10/vsaketos/wavegp/table2/RandomSearrch/non_linear/train.py:25: RuntimeWarning: overflow encountered in matmul
  return inp[0] @ inp[1]
/n/home10/vsaketos/wavegp/table2/RandomSearrch/non_linear/train.py:25: RuntimeWarning: invalid value encountered in matmul
  return inp[0] @ inp[1]
/n/home10/vsaketos/wavegp/table2/RandomSearrch/non_linear/train.py:227: RuntimeWarning: overflow encountered in scalar power
  0.05 * x_est[0]**3-2*x_est[0],       # nonlinearity in x[0]
/n/home10/vsaketos/wavegp/table2/RandomSearrch/non_linear/train.py:25: RuntimeWarning: overflow encountered in matmul
  return inp[0] @ inp[1]
/n/home10/vsaketos/wavegp/table2/RandomSearrch/non_linear/train.py:25: RuntimeWarning: invalid value encountered in matmul
  return inp[0] @ inp[1]
/n/home10/vsaketos/wavegp/table2/RandomSearrch/non_linear/train.py:227: RuntimeWarning: overflow encountered in scalar power
  0.05 * x_est[0]**3-2*x_est[0],       # nonlinearity in x[0]
/n/home10/vsaketos/wavegp/table2/RandomSearrch/non_linear/train.py:25: RuntimeWarning: invalid value encountered in matmul
  return inp[0] @ inp[1]
/n/home10/vsaketos/wavegp/table2/RandomSearrch/non_linear/train.py:22: RuntimeWarning: invalid value encountered in subtract
  return inp[0] - inp[1]
/n/home10/vsaketos/wavegp/table2/RandomSearrch/non_linear/train.py:25: RuntimeWarning: invalid value encountered in matmul
  return inp[0] @ inp[1]
/n/home10/vsaketos/wavegp/table2/RandomSearrch/non_linear/train.py:227: RuntimeWarning: overflow encountered in scalar power
  0.05 * x_est[0]**3-2*x_est[0],       # nonlinearity in x[0]
/n/home10/vsaketos/wavegp/table2/RandomSearrch/non_linear/train.py:22: RuntimeWarning: invalid value encountered in subtract
  return inp[0] - inp[1]
/n/home10/vsaketos/wavegp/table2/RandomSearrch/non_linear/train.py:227: RuntimeWarning: overflow encountered in scalar power
  0.05 * x_est[0]**3-2*x_est[0],       # nonlinearity in x[0]
/n/home10/vsaketos/wavegp/table2/RandomSearrch/non_linear/train.py:227: RuntimeWarning: overflow encountered in scalar power
  0.05 * x_est[0]**3-2*x_est[0],       # nonlinearity in x[0]
/n/home10/vsaketos/wavegp/table2/RandomSearrch/non_linear/train.py:25: RuntimeWarning: invalid value encountered in matmul
  return inp[0] @ inp[1]
/n/home10/vsaketos/wavegp/table2/RandomSearrch/non_linear/train.py:22: RuntimeWarning: invalid value encountered in subtract
  return inp[0] - inp[1]
/n/home10/vsaketos/wavegp/table2/RandomSearrch/non_linear/train.py:22: RuntimeWarning: invalid value encountered in subtract
  return inp[0] - inp[1]
/n/home10/vsaketos/wavegp/table2/RandomSearrch/non_linear/train.py:25: RuntimeWarning: overflow encountered in matmul
  return inp[0] @ inp[1]
/n/home10/vsaketos/wavegp/table2/RandomSearrch/non_linear/train.py:28: RuntimeWarning: invalid value encountered in add
  return inp[0] + inp[1]
/n/home10/vsaketos/wavegp/table2/RandomSearrch/non_linear/train.py:22: RuntimeWarning: invalid value encountered in subtract
  return inp[0] - inp[1]
/n/home10/vsaketos/wavegp/table2/RandomSearrch/non_linear/train.py:22: RuntimeWarning: invalid value encountered in subtract
  return inp[0] - inp[1]
/n/home10/vsaketos/wavegp/table2/RandomSearrch/non_linear/train.py:25: RuntimeWarning: invalid value encountered in matmul
  return inp[0] @ inp[1]
/n/home10/vsaketos/wavegp/table2/RandomSearrch/non_linear/train.py:25: RuntimeWarning: invalid value encountered in matmul
  return inp[0] @ inp[1]
/n/home10/vsaketos/wavegp/table2/RandomSearrch/non_linear/train.py:25: RuntimeWarning: invalid value encountered in matmul
  return inp[0] @ inp[1]
/n/home10/vsaketos/wavegp/table2/RandomSearrch/non_linear/train.py:22: RuntimeWarning: invalid value encountered in subtract
  return inp[0] - inp[1]
/n/home10/vsaketos/wavegp/table2/RandomSearrch/non_linear/train.py:227: RuntimeWarning: overflow encountered in scalar power
  0.05 * x_est[0]**3-2*x_est[0],       # nonlinearity in x[0]
/n/home10/vsaketos/wavegp/table2/RandomSearrch/non_linear/train.py:25: RuntimeWarning: invalid value encountered in matmul
  return inp[0] @ inp[1]
/n/home10/vsaketos/wavegp/table2/RandomSearrch/non_linear/train.py:22: RuntimeWarning: invalid value encountered in subtract
  return inp[0] - inp[1]
/n/home10/vsaketos/wavegp/table2/RandomSearrch/non_linear/train.py:25: RuntimeWarning: invalid value encountered in matmul
  return inp[0] @ inp[1]
/n/home10/vsaketos/wavegp/table2/RandomSearrch/non_linear/train.py:25: RuntimeWarning: invalid value encountered in matmul
  return inp[0] @ inp[1]
/n/home10/vsaketos/wavegp/table2/RandomSearrch/non_linear/train.py:22: RuntimeWarning: invalid value encountered in subtract
  return inp[0] - inp[1]
/n/home10/vsaketos/wavegp/table2/RandomSearrch/non_linear/train.py:22: RuntimeWarning: invalid value encountered in subtract
  return inp[0] - inp[1]
/n/home10/vsaketos/wavegp/table2/RandomSearrch/non_linear/train.py:22: RuntimeWarning: invalid value encountered in subtract
  return inp[0] - inp[1]
/n/home10/vsaketos/wavegp/table2/RandomSearrch/non_linear/train.py:22: RuntimeWarning: invalid value encountered in subtract
  return inp[0] - inp[1]
/n/home10/vsaketos/wavegp/table2/RandomSearrch/non_linear/train.py:22: RuntimeWarning: invalid value encountered in subtract
  return inp[0] - inp[1]
/n/home10/vsaketos/wavegp/table2/RandomSearrch/non_linear/train.py:25: RuntimeWarning: overflow encountered in matmul
  return inp[0] @ inp[1]
/n/home10/vsaketos/wavegp/table2/RandomSearrch/non_linear/train.py:25: RuntimeWarning: invalid value encountered in matmul
  return inp[0] @ inp[1]
/n/home10/vsaketos/wavegp/table2/RandomSearrch/non_linear/train.py:25: RuntimeWarning: invalid value encountered in matmul
  return inp[0] @ inp[1]
/n/home10/vsaketos/wavegp/table2/RandomSearrch/non_linear/train.py:25: RuntimeWarning: invalid value encountered in matmul
  return inp[0] @ inp[1]
/n/home10/vsaketos/wavegp/table2/RandomSearrch/non_linear/train.py:22: RuntimeWarning: invalid value encountered in subtract
  return inp[0] - inp[1]
/n/home10/vsaketos/wavegp/table2/RandomSearrch/non_linear/train.py:227: RuntimeWarning: overflow encountered in scalar power
  0.05 * x_est[0]**3-2*x_est[0],       # nonlinearity in x[0]
/n/home10/vsaketos/wavegp/table2/RandomSearrch/non_linear/train.py:28: RuntimeWarning: invalid value encountered in add
  return inp[0] + inp[1]
/n/home10/vsaketos/wavegp/table2/RandomSearrch/non_linear/train.py:25: RuntimeWarning: overflow encountered in matmul
  return inp[0] @ inp[1]
/n/home10/vsaketos/wavegp/table2/RandomSearrch/non_linear/train.py:25: RuntimeWarning: invalid value encountered in matmul
  return inp[0] @ inp[1]
/n/home10/vsaketos/wavegp/table2/RandomSearrch/non_linear/train.py:25: RuntimeWarning: invalid value encountered in matmul
  return inp[0] @ inp[1]
/n/home10/vsaketos/wavegp/table2/RandomSearrch/non_linear/train.py:28: RuntimeWarning: invalid value encountered in add
  return inp[0] + inp[1]
/n/home10/vsaketos/wavegp/table2/RandomSearrch/non_linear/train.py:22: RuntimeWarning: invalid value encountered in subtract
  return inp[0] - inp[1]
/n/home10/vsaketos/wavegp/table2/RandomSearrch/non_linear/train.py:22: RuntimeWarning: invalid value encountered in subtract
  return inp[0] - inp[1]
/n/home10/vsaketos/wavegp/table2/RandomSearrch/non_linear/train.py:25: RuntimeWarning: invalid value encountered in matmul
  return inp[0] @ inp[1]
/n/home10/vsaketos/wavegp/table2/RandomSearrch/non_linear/train.py:28: RuntimeWarning: invalid value encountered in add
  return inp[0] + inp[1]
/n/home10/vsaketos/wavegp/table2/RandomSearrch/non_linear/train.py:22: RuntimeWarning: invalid value encountered in subtract
  return inp[0] - inp[1]
/n/home10/vsaketos/wavegp/table2/RandomSearrch/non_linear/train.py:25: RuntimeWarning: invalid value encountered in matmul
  return inp[0] @ inp[1]
/n/home10/vsaketos/wavegp/table2/RandomSearrch/non_linear/train.py:25: RuntimeWarning: overflow encountered in matmul
  return inp[0] @ inp[1]
/n/home10/vsaketos/wavegp/table2/RandomSearrch/non_linear/train.py:25: RuntimeWarning: invalid value encountered in matmul
  return inp[0] @ inp[1]
/n/home10/vsaketos/wavegp/table2/RandomSearrch/non_linear/train.py:25: RuntimeWarning: invalid value encountered in matmul
  return inp[0] @ inp[1]
/n/home10/vsaketos/wavegp/table2/RandomSearrch/non_linear/train.py:22: RuntimeWarning: invalid value encountered in subtract
  return inp[0] - inp[1]
/n/home10/vsaketos/wavegp/table2/RandomSearrch/non_linear/train.py:25: RuntimeWarning: overflow encountered in matmul
  return inp[0] @ inp[1]
/n/home10/vsaketos/wavegp/table2/RandomSearrch/non_linear/train.py:25: RuntimeWarning: invalid value encountered in matmul
  return inp[0] @ inp[1]
/n/home10/vsaketos/wavegp/table2/RandomSearrch/non_linear/train.py:22: RuntimeWarning: invalid value encountered in subtract
  return inp[0] - inp[1]
/n/home10/vsaketos/wavegp/table2/RandomSearrch/non_linear/train.py:25: RuntimeWarning: overflow encountered in matmul
  return inp[0] @ inp[1]
/n/home10/vsaketos/wavegp/table2/RandomSearrch/non_linear/train.py:22: RuntimeWarning: invalid value encountered in subtract
  return inp[0] - inp[1]
/n/home10/vsaketos/wavegp/table2/RandomSearrch/non_linear/train.py:25: RuntimeWarning: overflow encountered in matmul
  return inp[0] @ inp[1]
/n/home10/vsaketos/wavegp/table2/RandomSearrch/non_linear/train.py:25: RuntimeWarning: overflow encountered in matmul
  return inp[0] @ inp[1]
/n/home10/vsaketos/wavegp/table2/RandomSearrch/non_linear/train.py:25: RuntimeWarning: invalid value encountered in matmul
  return inp[0] @ inp[1]
/n/home10/vsaketos/wavegp/table2/RandomSearrch/non_linear/train.py:22: RuntimeWarning: invalid value encountered in subtract
  return inp[0] - inp[1]
/n/home10/vsaketos/wavegp/table2/RandomSearrch/non_linear/train.py:22: RuntimeWarning: invalid value encountered in subtract
  return inp[0] - inp[1]
/n/home10/vsaketos/wavegp/table2/RandomSearrch/non_linear/train.py:227: RuntimeWarning: overflow encountered in scalar power
  0.05 * x_est[0]**3-2*x_est[0],       # nonlinearity in x[0]
/n/home10/vsaketos/wavegp/table2/RandomSearrch/non_linear/train.py:25: RuntimeWarning: overflow encountered in matmul
  return inp[0] @ inp[1]
/n/home10/vsaketos/wavegp/table2/RandomSearrch/non_linear/train.py:25: RuntimeWarning: invalid value encountered in matmul
  return inp[0] @ inp[1]
/n/home10/vsaketos/wavegp/table2/RandomSearrch/non_linear/train.py:28: RuntimeWarning: invalid value encountered in add
  return inp[0] + inp[1]
/n/home10/vsaketos/wavegp/table2/RandomSearrch/non_linear/train.py:28: RuntimeWarning: invalid value encountered in add
  return inp[0] + inp[1]
/n/home10/vsaketos/wavegp/table2/RandomSearrch/non_linear/train.py:227: RuntimeWarning: overflow encountered in scalar power
  0.05 * x_est[0]**3-2*x_est[0],       # nonlinearity in x[0]
/n/home10/vsaketos/wavegp/table2/RandomSearrch/non_linear/train.py:25: RuntimeWarning: invalid value encountered in matmul
  return inp[0] @ inp[1]
/n/home10/vsaketos/wavegp/table2/RandomSearrch/non_linear/train.py:28: RuntimeWarning: invalid value encountered in add
  return inp[0] + inp[1]
/n/home10/vsaketos/wavegp/table2/RandomSearrch/non_linear/train.py:22: RuntimeWarning: invalid value encountered in subtract
  return inp[0] - inp[1]
/n/home10/vsaketos/wavegp/table2/RandomSearrch/non_linear/train.py:227: RuntimeWarning: overflow encountered in scalar power
  0.05 * x_est[0]**3-2*x_est[0],       # nonlinearity in x[0]
/n/home10/vsaketos/wavegp/table2/RandomSearrch/non_linear/train.py:25: RuntimeWarning: invalid value encountered in matmul
  return inp[0] @ inp[1]
/n/home10/vsaketos/wavegp/table2/RandomSearrch/non_linear/train.py:25: RuntimeWarning: overflow encountered in matmul
  return inp[0] @ inp[1]
/n/home10/vsaketos/wavegp/table2/RandomSearrch/non_linear/train.py:25: RuntimeWarning: overflow encountered in matmul
  return inp[0] @ inp[1]
/n/home10/vsaketos/wavegp/table2/RandomSearrch/non_linear/train.py:22: RuntimeWarning: invalid value encountered in subtract
  return inp[0] - inp[1]
/n/home10/vsaketos/wavegp/table2/RandomSearrch/non_linear/train.py:25: RuntimeWarning: invalid value encountered in matmul
  return inp[0] @ inp[1]
/n/home10/vsaketos/wavegp/table2/RandomSearrch/non_linear/train.py:22: RuntimeWarning: invalid value encountered in subtract
  return inp[0] - inp[1]
/n/home10/vsaketos/wavegp/table2/RandomSearrch/non_linear/train.py:25: RuntimeWarning: overflow encountered in matmul
  return inp[0] @ inp[1]
/n/home10/vsaketos/wavegp/table2/RandomSearrch/non_linear/train.py:28: RuntimeWarning: invalid value encountered in add
  return inp[0] + inp[1]
/n/home10/vsaketos/wavegp/table2/RandomSearrch/non_linear/train.py:25: RuntimeWarning: invalid value encountered in matmul
  return inp[0] @ inp[1]
/n/home10/vsaketos/wavegp/table2/RandomSearrch/non_linear/train.py:22: RuntimeWarning: invalid value encountered in subtract
  return inp[0] - inp[1]
/n/home10/vsaketos/wavegp/table2/RandomSearrch/non_linear/train.py:22: RuntimeWarning: invalid value encountered in subtract
  return inp[0] - inp[1]
/n/home10/vsaketos/wavegp/table2/RandomSearrch/non_linear/train.py:28: RuntimeWarning: invalid value encountered in add
  return inp[0] + inp[1]
/n/home10/vsaketos/wavegp/table2/RandomSearrch/non_linear/train.py:22: RuntimeWarning: invalid value encountered in subtract
  return inp[0] - inp[1]
/n/home10/vsaketos/wavegp/table2/RandomSearrch/non_linear/train.py:25: RuntimeWarning: overflow encountered in matmul
  return inp[0] @ inp[1]
/n/home10/vsaketos/wavegp/table2/RandomSearrch/non_linear/train.py:25: RuntimeWarning: overflow encountered in matmul
  return inp[0] @ inp[1]
/n/home10/vsaketos/wavegp/table2/RandomSearrch/non_linear/train.py:22: RuntimeWarning: invalid value encountered in subtract
  return inp[0] - inp[1]
/n/home10/vsaketos/wavegp/table2/RandomSearrch/non_linear/train.py:22: RuntimeWarning: invalid value encountered in subtract
  return inp[0] - inp[1]
/n/home10/vsaketos/wavegp/table2/RandomSearrch/non_linear/train.py:25: RuntimeWarning: overflow encountered in matmul
  return inp[0] @ inp[1]
/n/home10/vsaketos/wavegp/table2/RandomSearrch/non_linear/train.py:22: RuntimeWarning: invalid value encountered in subtract
  return inp[0] - inp[1]
/n/home10/vsaketos/wavegp/table2/RandomSearrch/non_linear/train.py:25: RuntimeWarning: overflow encountered in matmul
  return inp[0] @ inp[1]
/n/home10/vsaketos/wavegp/table2/RandomSearrch/non_linear/train.py:25: RuntimeWarning: invalid value encountered in matmul
  return inp[0] @ inp[1]
/n/home10/vsaketos/wavegp/table2/RandomSearrch/non_linear/train.py:25: RuntimeWarning: invalid value encountered in matmul
  return inp[0] @ inp[1]
/n/home10/vsaketos/wavegp/table2/RandomSearrch/non_linear/train.py:28: RuntimeWarning: invalid value encountered in add
  return inp[0] + inp[1]
/n/home10/vsaketos/wavegp/table2/RandomSearrch/non_linear/train.py:25: RuntimeWarning: overflow encountered in matmul
  return inp[0] @ inp[1]
/n/home10/vsaketos/wavegp/table2/RandomSearrch/non_linear/train.py:25: RuntimeWarning: overflow encountered in matmul
  return inp[0] @ inp[1]
/n/home10/vsaketos/wavegp/table2/RandomSearrch/non_linear/train.py:25: RuntimeWarning: invalid value encountered in matmul
  return inp[0] @ inp[1]
/n/home10/vsaketos/wavegp/table2/RandomSearrch/non_linear/train.py:22: RuntimeWarning: invalid value encountered in subtract
  return inp[0] - inp[1]
/n/home10/vsaketos/wavegp/table2/RandomSearrch/non_linear/train.py:28: RuntimeWarning: invalid value encountered in add
  return inp[0] + inp[1]
/n/home10/vsaketos/wavegp/table2/RandomSearrch/non_linear/train.py:28: RuntimeWarning: invalid value encountered in add
  return inp[0] + inp[1]
/n/home10/vsaketos/wavegp/table2/RandomSearrch/non_linear/train.py:25: RuntimeWarning: invalid value encountered in matmul
  return inp[0] @ inp[1]
/n/home10/vsaketos/wavegp/table2/RandomSearrch/non_linear/train.py:28: RuntimeWarning: invalid value encountered in add
  return inp[0] + inp[1]
/n/home10/vsaketos/wavegp/table2/RandomSearrch/non_linear/train.py:22: RuntimeWarning: invalid value encountered in subtract
  return inp[0] - inp[1]
/n/home10/vsaketos/wavegp/table2/RandomSearrch/non_linear/train.py:25: RuntimeWarning: overflow encountered in matmul
  return inp[0] @ inp[1]
/n/home10/vsaketos/wavegp/table2/RandomSearrch/non_linear/train.py:22: RuntimeWarning: invalid value encountered in subtract
  return inp[0] - inp[1]
/n/home10/vsaketos/wavegp/table2/RandomSearrch/non_linear/train.py:28: RuntimeWarning: invalid value encountered in add
  return inp[0] + inp[1]
/n/home10/vsaketos/wavegp/table2/RandomSearrch/non_linear/train.py:25: RuntimeWarning: overflow encountered in matmul
  return inp[0] @ inp[1]
/n/home10/vsaketos/wavegp/table2/RandomSearrch/non_linear/train.py:22: RuntimeWarning: invalid value encountered in subtract
  return inp[0] - inp[1]
/n/home10/vsaketos/wavegp/table2/RandomSearrch/non_linear/train.py:22: RuntimeWarning: invalid value encountered in subtract
  return inp[0] - inp[1]
/n/home10/vsaketos/wavegp/table2/RandomSearrch/non_linear/train.py:25: RuntimeWarning: invalid value encountered in matmul
  return inp[0] @ inp[1]
/n/home10/vsaketos/wavegp/table2/RandomSearrch/non_linear/train.py:22: RuntimeWarning: invalid value encountered in subtract
  return inp[0] - inp[1]
/n/home10/vsaketos/wavegp/table2/RandomSearrch/non_linear/train.py:22: RuntimeWarning: invalid value encountered in subtract
  return inp[0] - inp[1]
/n/home10/vsaketos/wavegp/table2/RandomSearrch/non_linear/train.py:227: RuntimeWarning: overflow encountered in scalar power
  0.05 * x_est[0]**3-2*x_est[0],       # nonlinearity in x[0]
/n/home10/vsaketos/wavegp/table2/RandomSearrch/non_linear/train.py:22: RuntimeWarning: invalid value encountered in subtract
  return inp[0] - inp[1]
/n/home10/vsaketos/wavegp/table2/RandomSearrch/non_linear/train.py:28: RuntimeWarning: invalid value encountered in add
  return inp[0] + inp[1]
/n/home10/vsaketos/wavegp/table2/RandomSearrch/non_linear/train.py:25: RuntimeWarning: overflow encountered in matmul
  return inp[0] @ inp[1]
/n/home10/vsaketos/wavegp/table2/RandomSearrch/non_linear/train.py:22: RuntimeWarning: invalid value encountered in subtract
  return inp[0] - inp[1]
/n/home10/vsaketos/wavegp/table2/RandomSearrch/non_linear/train.py:22: RuntimeWarning: invalid value encountered in subtract
  return inp[0] - inp[1]
/n/home10/vsaketos/wavegp/table2/RandomSearrch/non_linear/train.py:227: RuntimeWarning: overflow encountered in scalar power
  0.05 * x_est[0]**3-2*x_est[0],       # nonlinearity in x[0]
/n/home10/vsaketos/wavegp/table2/RandomSearrch/non_linear/train.py:28: RuntimeWarning: invalid value encountered in add
  return inp[0] + inp[1]
/n/home10/vsaketos/wavegp/table2/RandomSearrch/non_linear/train.py:22: RuntimeWarning: invalid value encountered in subtract
  return inp[0] - inp[1]
/n/home10/vsaketos/wavegp/table2/RandomSearrch/non_linear/train.py:25: RuntimeWarning: overflow encountered in matmul
  return inp[0] @ inp[1]
/n/home10/vsaketos/wavegp/table2/RandomSearrch/non_linear/train.py:28: RuntimeWarning: invalid value encountered in add
  return inp[0] + inp[1]
/n/home10/vsaketos/wavegp/table2/RandomSearrch/non_linear/train.py:25: RuntimeWarning: invalid value encountered in matmul
  return inp[0] @ inp[1]
/n/home10/vsaketos/wavegp/table2/RandomSearrch/non_linear/train.py:25: RuntimeWarning: overflow encountered in matmul
  return inp[0] @ inp[1]
/n/home10/vsaketos/wavegp/table2/RandomSearrch/non_linear/train.py:28: RuntimeWarning: invalid value encountered in add
  return inp[0] + inp[1]
/n/home10/vsaketos/wavegp/table2/RandomSearrch/non_linear/train.py:25: RuntimeWarning: invalid value encountered in matmul
  return inp[0] @ inp[1]
/n/home10/vsaketos/wavegp/table2/RandomSearrch/non_linear/train.py:25: RuntimeWarning: overflow encountered in matmul
  return inp[0] @ inp[1]
/n/home10/vsaketos/wavegp/table2/RandomSearrch/non_linear/train.py:28: RuntimeWarning: invalid value encountered in add
  return inp[0] + inp[1]
/n/home10/vsaketos/wavegp/table2/RandomSearrch/non_linear/train.py:28: RuntimeWarning: invalid value encountered in add
  return inp[0] + inp[1]
/n/home10/vsaketos/wavegp/table2/RandomSearrch/non_linear/train.py:28: RuntimeWarning: invalid value encountered in add
  return inp[0] + inp[1]
/n/home10/vsaketos/wavegp/table2/RandomSearrch/non_linear/train.py:25: RuntimeWarning: overflow encountered in matmul
  return inp[0] @ inp[1]
/n/home10/vsaketos/wavegp/table2/RandomSearrch/non_linear/train.py:25: RuntimeWarning: overflow encountered in matmul
  return inp[0] @ inp[1]
/n/home10/vsaketos/wavegp/table2/RandomSearrch/non_linear/train.py:28: RuntimeWarning: invalid value encountered in add
  return inp[0] + inp[1]
/n/home10/vsaketos/wavegp/table2/RandomSearrch/non_linear/train.py:28: RuntimeWarning: invalid value encountered in add
  return inp[0] + inp[1]
/n/home10/vsaketos/wavegp/table2/RandomSearrch/non_linear/train.py:28: RuntimeWarning: invalid value encountered in add
  return inp[0] + inp[1]
/n/home10/vsaketos/wavegp/table2/RandomSearrch/non_linear/train.py:22: RuntimeWarning: invalid value encountered in subtract
  return inp[0] - inp[1]
/n/home10/vsaketos/wavegp/table2/RandomSearrch/non_linear/train.py:28: RuntimeWarning: invalid value encountered in add
  return inp[0] + inp[1]
/n/home10/vsaketos/wavegp/table2/RandomSearrch/non_linear/train.py:25: RuntimeWarning: overflow encountered in matmul
  return inp[0] @ inp[1]
/n/home10/vsaketos/wavegp/table2/RandomSearrch/non_linear/train.py:25: RuntimeWarning: overflow encountered in matmul
  return inp[0] @ inp[1]
/n/home10/vsaketos/wavegp/table2/RandomSearrch/non_linear/train.py:22: RuntimeWarning: invalid value encountered in subtract
  return inp[0] - inp[1]
/n/home10/vsaketos/wavegp/table2/RandomSearrch/non_linear/train.py:22: RuntimeWarning: invalid value encountered in subtract
  return inp[0] - inp[1]
/n/home10/vsaketos/wavegp/table2/RandomSearrch/non_linear/train.py:22: RuntimeWarning: invalid value encountered in subtract
  return inp[0] - inp[1]
/n/home10/vsaketos/wavegp/table2/RandomSearrch/non_linear/train.py:25: RuntimeWarning: overflow encountered in matmul
  return inp[0] @ inp[1]
/n/home10/vsaketos/wavegp/table2/RandomSearrch/non_linear/train.py:28: RuntimeWarning: invalid value encountered in add
  return inp[0] + inp[1]
/n/home10/vsaketos/wavegp/table2/RandomSearrch/non_linear/train.py:25: RuntimeWarning: invalid value encountered in matmul
  return inp[0] @ inp[1]
/n/home10/vsaketos/wavegp/table2/RandomSearrch/non_linear/train.py:28: RuntimeWarning: invalid value encountered in add
  return inp[0] + inp[1]
/n/home10/vsaketos/wavegp/table2/RandomSearrch/non_linear/train.py:25: RuntimeWarning: overflow encountered in matmul
  return inp[0] @ inp[1]
/n/home10/vsaketos/wavegp/table2/RandomSearrch/non_linear/train.py:25: RuntimeWarning: overflow encountered in matmul
  return inp[0] @ inp[1]
/n/home10/vsaketos/wavegp/table2/RandomSearrch/non_linear/train.py:22: RuntimeWarning: invalid value encountered in subtract
  return inp[0] - inp[1]
/n/home10/vsaketos/wavegp/table2/RandomSearrch/non_linear/train.py:28: RuntimeWarning: invalid value encountered in add
  return inp[0] + inp[1]
/n/home10/vsaketos/wavegp/table2/RandomSearrch/non_linear/train.py:22: RuntimeWarning: invalid value encountered in subtract
  return inp[0] - inp[1]
/n/home10/vsaketos/wavegp/table2/RandomSearrch/non_linear/train.py:28: RuntimeWarning: invalid value encountered in add
  return inp[0] + inp[1]
/n/home10/vsaketos/wavegp/table2/RandomSearrch/non_linear/train.py:22: RuntimeWarning: invalid value encountered in scalar subtract
  return inp[0] - inp[1]
/n/home10/vsaketos/wavegp/table2/RandomSearrch/non_linear/train.py:28: RuntimeWarning: invalid value encountered in add
  return inp[0] + inp[1]
/n/home10/vsaketos/wavegp/table2/RandomSearrch/non_linear/train.py:25: RuntimeWarning: overflow encountered in matmul
  return inp[0] @ inp[1]
/n/home10/vsaketos/wavegp/table2/RandomSearrch/non_linear/train.py:28: RuntimeWarning: invalid value encountered in add
  return inp[0] + inp[1]
/n/home10/vsaketos/wavegp/table2/RandomSearrch/non_linear/train.py:25: RuntimeWarning: overflow encountered in matmul
  return inp[0] @ inp[1]
/n/home10/vsaketos/wavegp/table2/RandomSearrch/non_linear/train.py:25: RuntimeWarning: invalid value encountered in matmul
  return inp[0] @ inp[1]
/n/home10/vsaketos/wavegp/table2/RandomSearrch/non_linear/train.py:25: RuntimeWarning: invalid value encountered in matmul
  return inp[0] @ inp[1]
/n/home10/vsaketos/wavegp/table2/RandomSearrch/non_linear/train.py:28: RuntimeWarning: invalid value encountered in add
  return inp[0] + inp[1]
/n/home10/vsaketos/wavegp/table2/RandomSearrch/non_linear/train.py:25: RuntimeWarning: invalid value encountered in matmul
  return inp[0] @ inp[1]
/n/home10/vsaketos/wavegp/table2/RandomSearrch/non_linear/train.py:25: RuntimeWarning: overflow encountered in matmul
  return inp[0] @ inp[1]
/n/home10/vsaketos/wavegp/table2/RandomSearrch/non_linear/train.py:22: RuntimeWarning: invalid value encountered in subtract
  return inp[0] - inp[1]
/n/home10/vsaketos/wavegp/table2/RandomSearrch/non_linear/train.py:25: RuntimeWarning: overflow encountered in matmul
  return inp[0] @ inp[1]
/n/home10/vsaketos/wavegp/table2/RandomSearrch/non_linear/train.py:25: RuntimeWarning: overflow encountered in matmul
  return inp[0] @ inp[1]
/n/home10/vsaketos/wavegp/table2/RandomSearrch/non_linear/train.py:25: RuntimeWarning: invalid value encountered in matmul
  return inp[0] @ inp[1]
/n/home10/vsaketos/wavegp/table2/RandomSearrch/non_linear/train.py:28: RuntimeWarning: invalid value encountered in add
  return inp[0] + inp[1]
/n/home10/vsaketos/wavegp/table2/RandomSearrch/non_linear/train.py:25: RuntimeWarning: overflow encountered in matmul
  return inp[0] @ inp[1]
/n/home10/vsaketos/wavegp/table2/RandomSearrch/non_linear/train.py:25: RuntimeWarning: overflow encountered in matmul
  return inp[0] @ inp[1]
/n/home10/vsaketos/wavegp/table2/RandomSearrch/non_linear/train.py:25: RuntimeWarning: overflow encountered in matmul
  return inp[0] @ inp[1]
/n/home10/vsaketos/wavegp/table2/RandomSearrch/non_linear/train.py:25: RuntimeWarning: overflow encountered in matmul
  return inp[0] @ inp[1]
/n/home10/vsaketos/wavegp/table2/RandomSearrch/non_linear/train.py:22: RuntimeWarning: invalid value encountered in subtract
  return inp[0] - inp[1]
/n/home10/vsaketos/wavegp/table2/RandomSearrch/non_linear/train.py:28: RuntimeWarning: invalid value encountered in add
  return inp[0] + inp[1]
/n/home10/vsaketos/wavegp/table2/RandomSearrch/non_linear/train.py:28: RuntimeWarning: invalid value encountered in add
  return inp[0] + inp[1]
/n/home10/vsaketos/wavegp/table2/RandomSearrch/non_linear/train.py:25: RuntimeWarning: overflow encountered in matmul
  return inp[0] @ inp[1]
/n/home10/vsaketos/wavegp/table2/RandomSearrch/non_linear/train.py:25: RuntimeWarning: overflow encountered in matmul
  return inp[0] @ inp[1]
/n/home10/vsaketos/wavegp/table2/RandomSearrch/non_linear/train.py:28: RuntimeWarning: invalid value encountered in add
  return inp[0] + inp[1]
/n/home10/vsaketos/wavegp/table2/RandomSearrch/non_linear/train.py:22: RuntimeWarning: invalid value encountered in subtract
  return inp[0] - inp[1]
/n/home10/vsaketos/wavegp/table2/RandomSearrch/non_linear/train.py:22: RuntimeWarning: invalid value encountered in subtract
  return inp[0] - inp[1]
/n/home10/vsaketos/wavegp/table2/RandomSearrch/non_linear/train.py:28: RuntimeWarning: invalid value encountered in add
  return inp[0] + inp[1]
/n/home10/vsaketos/wavegp/table2/RandomSearrch/non_linear/train.py:28: RuntimeWarning: invalid value encountered in add
  return inp[0] + inp[1]
/n/home10/vsaketos/wavegp/table2/RandomSearrch/non_linear/train.py:25: RuntimeWarning: overflow encountered in matmul
  return inp[0] @ inp[1]
/n/home10/vsaketos/wavegp/table2/RandomSearrch/non_linear/train.py:22: RuntimeWarning: invalid value encountered in subtract
  return inp[0] - inp[1]
/n/home10/vsaketos/wavegp/table2/RandomSearrch/non_linear/train.py:28: RuntimeWarning: invalid value encountered in add
  return inp[0] + inp[1]
/n/home10/vsaketos/wavegp/table2/RandomSearrch/non_linear/train.py:25: RuntimeWarning: overflow encountered in matmul
  return inp[0] @ inp[1]
/n/home10/vsaketos/wavegp/table2/RandomSearrch/non_linear/train.py:28: RuntimeWarning: invalid value encountered in add
  return inp[0] + inp[1]
/n/home10/vsaketos/wavegp/table2/RandomSearrch/non_linear/train.py:25: RuntimeWarning: overflow encountered in matmul
  return inp[0] @ inp[1]
/n/home10/vsaketos/wavegp/table2/RandomSearrch/non_linear/train.py:28: RuntimeWarning: invalid value encountered in add
  return inp[0] + inp[1]
/n/home10/vsaketos/wavegp/table2/RandomSearrch/non_linear/train.py:28: RuntimeWarning: invalid value encountered in add
  return inp[0] + inp[1]
/n/home10/vsaketos/wavegp/table2/RandomSearrch/non_linear/train.py:227: RuntimeWarning: overflow encountered in scalar multiply
  0.05 * x_est[0]**3-2*x_est[0],       # nonlinearity in x[0]
/n/home10/vsaketos/wavegp/table2/RandomSearrch/non_linear/train.py:227: RuntimeWarning: invalid value encountered in scalar subtract
  0.05 * x_est[0]**3-2*x_est[0],       # nonlinearity in x[0]
/n/home10/vsaketos/wavegp/table2/RandomSearrch/non_linear/train.py:25: RuntimeWarning: overflow encountered in matmul
  return inp[0] @ inp[1]
/n/home10/vsaketos/wavegp/table2/RandomSearrch/non_linear/train.py:28: RuntimeWarning: invalid value encountered in add
  return inp[0] + inp[1]
/n/home10/vsaketos/wavegp/table2/RandomSearrch/non_linear/train.py:28: RuntimeWarning: invalid value encountered in add
  return inp[0] + inp[1]
/n/home10/vsaketos/wavegp/table2/RandomSearrch/non_linear/train.py:28: RuntimeWarning: invalid value encountered in add
  return inp[0] + inp[1]
/n/home10/vsaketos/wavegp/table2/RandomSearrch/non_linear/train.py:25: RuntimeWarning: overflow encountered in matmul
  return inp[0] @ inp[1]
/n/home10/vsaketos/wavegp/table2/RandomSearrch/non_linear/train.py:25: RuntimeWarning: overflow encountered in matmul
  return inp[0] @ inp[1]
/n/home10/vsaketos/wavegp/table2/RandomSearrch/non_linear/train.py:28: RuntimeWarning: invalid value encountered in add
  return inp[0] + inp[1]
/n/home10/vsaketos/wavegp/table2/RandomSearrch/non_linear/train.py:28: RuntimeWarning: invalid value encountered in add
  return inp[0] + inp[1]
/n/home10/vsaketos/wavegp/table2/RandomSearrch/non_linear/train.py:25: RuntimeWarning: overflow encountered in matmul
  return inp[0] @ inp[1]
/n/home10/vsaketos/wavegp/table2/RandomSearrch/non_linear/train.py:28: RuntimeWarning: invalid value encountered in add
  return inp[0] + inp[1]
/n/home10/vsaketos/wavegp/table2/RandomSearrch/non_linear/train.py:25: RuntimeWarning: overflow encountered in matmul
  return inp[0] @ inp[1]
/n/home10/vsaketos/wavegp/table2/RandomSearrch/non_linear/train.py:28: RuntimeWarning: invalid value encountered in add
  return inp[0] + inp[1]
/n/home10/vsaketos/wavegp/table2/RandomSearrch/non_linear/train.py:25: RuntimeWarning: overflow encountered in matmul
  return inp[0] @ inp[1]
/n/home10/vsaketos/wavegp/table2/RandomSearrch/non_linear/train.py:25: RuntimeWarning: overflow encountered in matmul
  return inp[0] @ inp[1]
/n/home10/vsaketos/wavegp/table2/RandomSearrch/non_linear/train.py:28: RuntimeWarning: invalid value encountered in add
  return inp[0] + inp[1]
/n/home10/vsaketos/wavegp/table2/RandomSearrch/non_linear/train.py:28: RuntimeWarning: invalid value encountered in add
  return inp[0] + inp[1]
/n/home10/vsaketos/wavegp/table2/RandomSearrch/non_linear/train.py:28: RuntimeWarning: invalid value encountered in add
  return inp[0] + inp[1]
/n/home10/vsaketos/wavegp/table2/RandomSearrch/non_linear/train.py:28: RuntimeWarning: invalid value encountered in add
  return inp[0] + inp[1]
/n/home10/vsaketos/wavegp/table2/RandomSearrch/non_linear/train.py:25: RuntimeWarning: overflow encountered in matmul
  return inp[0] @ inp[1]
/n/home10/vsaketos/wavegp/table2/RandomSearrch/non_linear/train.py:28: RuntimeWarning: invalid value encountered in add
  return inp[0] + inp[1]
/n/home10/vsaketos/wavegp/table2/RandomSearrch/non_linear/train.py:25: RuntimeWarning: overflow encountered in matmul
  return inp[0] @ inp[1]
/n/home10/vsaketos/wavegp/table2/RandomSearrch/non_linear/train.py:28: RuntimeWarning: invalid value encountered in add
  return inp[0] + inp[1]
/n/home10/vsaketos/wavegp/table2/RandomSearrch/non_linear/train.py:25: RuntimeWarning: overflow encountered in matmul
  return inp[0] @ inp[1]
/n/home10/vsaketos/wavegp/table2/RandomSearrch/non_linear/train.py:28: RuntimeWarning: invalid value encountered in add
  return inp[0] + inp[1]
/n/home10/vsaketos/wavegp/table2/RandomSearrch/non_linear/train.py:25: RuntimeWarning: overflow encountered in matmul
  return inp[0] @ inp[1]
/n/home10/vsaketos/wavegp/table2/RandomSearrch/non_linear/train.py:22: RuntimeWarning: invalid value encountered in scalar subtract
  return inp[0] - inp[1]
/n/home10/vsaketos/wavegp/table2/RandomSearrch/non_linear/train.py:22: RuntimeWarning: invalid value encountered in scalar subtract
  return inp[0] - inp[1]
/n/home10/vsaketos/wavegp/table2/RandomSearrch/non_linear/train.py:25: RuntimeWarning: overflow encountered in matmul
  return inp[0] @ inp[1]
/n/home10/vsaketos/wavegp/table2/RandomSearrch/non_linear/train.py:28: RuntimeWarning: invalid value encountered in add
  return inp[0] + inp[1]
/n/home10/vsaketos/wavegp/table2/RandomSearrch/non_linear/train.py:28: RuntimeWarning: invalid value encountered in scalar add
  return inp[0] + inp[1]
/n/home10/vsaketos/wavegp/table2/RandomSearrch/non_linear/train.py:25: RuntimeWarning: overflow encountered in matmul
  return inp[0] @ inp[1]
/n/home10/vsaketos/wavegp/table2/RandomSearrch/non_linear/train.py:28: RuntimeWarning: invalid value encountered in add
  return inp[0] + inp[1]
/n/home10/vsaketos/wavegp/table2/RandomSearrch/non_linear/train.py:28: RuntimeWarning: invalid value encountered in add
  return inp[0] + inp[1]
/n/home10/vsaketos/wavegp/table2/RandomSearrch/non_linear/train.py:22: RuntimeWarning: invalid value encountered in scalar subtract
  return inp[0] - inp[1]
/n/home10/vsaketos/wavegp/table2/RandomSearrch/non_linear/train.py:22: RuntimeWarning: invalid value encountered in scalar subtract
  return inp[0] - inp[1]
/n/home10/vsaketos/wavegp/table2/RandomSearrch/non_linear/train.py:227: RuntimeWarning: overflow encountered in scalar multiply
  0.05 * x_est[0]**3-2*x_est[0],       # nonlinearity in x[0]
/n/home10/vsaketos/wavegp/table2/RandomSearrch/non_linear/train.py:227: RuntimeWarning: invalid value encountered in scalar subtract
  0.05 * x_est[0]**3-2*x_est[0],       # nonlinearity in x[0]
/n/home10/vsaketos/wavegp/table2/RandomSearrch/non_linear/train.py:22: RuntimeWarning: invalid value encountered in scalar subtract
  return inp[0] - inp[1]
/n/home10/vsaketos/wavegp/table2/RandomSearrch/non_linear/train.py:28: RuntimeWarning: invalid value encountered in add
  return inp[0] + inp[1]
/n/home10/vsaketos/wavegp/table2/RandomSearrch/non_linear/train.py:22: RuntimeWarning: invalid value encountered in scalar subtract
  return inp[0] - inp[1]
/n/home10/vsaketos/wavegp/table2/RandomSearrch/non_linear/train.py:22: RuntimeWarning: invalid value encountered in scalar subtract
  return inp[0] - inp[1]
/n/home10/vsaketos/wavegp/table2/RandomSearrch/non_linear/train.py:22: RuntimeWarning: invalid value encountered in scalar subtract
  return inp[0] - inp[1]
/n/home10/vsaketos/wavegp/table2/RandomSearrch/non_linear/train.py:22: RuntimeWarning: invalid value encountered in scalar subtract
  return inp[0] - inp[1]
/n/home10/vsaketos/wavegp/table2/RandomSearrch/non_linear/train.py:28: RuntimeWarning: overflow encountered in add
  return inp[0] + inp[1]
/n/home10/vsaketos/wavegp/table2/RandomSearrch/non_linear/train.py:22: RuntimeWarning: invalid value encountered in scalar subtract
  return inp[0] - inp[1]
/n/home10/vsaketos/wavegp/table2/RandomSearrch/non_linear/train.py:22: RuntimeWarning: invalid value encountered in scalar subtract
  return inp[0] - inp[1]
/n/home10/vsaketos/wavegp/table2/RandomSearrch/non_linear/train.py:22: RuntimeWarning: invalid value encountered in scalar subtract
  return inp[0] - inp[1]
/n/home10/vsaketos/wavegp/table2/RandomSearrch/non_linear/train.py:22: RuntimeWarning: invalid value encountered in scalar subtract
  return inp[0] - inp[1]
/n/home10/vsaketos/wavegp/table2/RandomSearrch/non_linear/train.py:28: RuntimeWarning: overflow encountered in add
  return inp[0] + inp[1]
/n/home10/vsaketos/wavegp/table2/RandomSearrch/non_linear/train.py:22: RuntimeWarning: invalid value encountered in scalar subtract
  return inp[0] - inp[1]
/n/home10/vsaketos/wavegp/table2/RandomSearrch/non_linear/train.py:22: RuntimeWarning: invalid value encountered in scalar subtract
  return inp[0] - inp[1]
/n/home10/vsaketos/wavegp/table2/RandomSearrch/non_linear/train.py:227: RuntimeWarning: overflow encountered in scalar multiply
  0.05 * x_est[0]**3-2*x_est[0],       # nonlinearity in x[0]
/n/home10/vsaketos/wavegp/table2/RandomSearrch/non_linear/train.py:227: RuntimeWarning: invalid value encountered in scalar subtract
  0.05 * x_est[0]**3-2*x_est[0],       # nonlinearity in x[0]
/n/home10/vsaketos/wavegp/table2/RandomSearrch/non_linear/train.py:22: RuntimeWarning: invalid value encountered in scalar subtract
  return inp[0] - inp[1]
/n/home10/vsaketos/wavegp/table2/RandomSearrch/non_linear/train.py:22: RuntimeWarning: invalid value encountered in scalar subtract
  return inp[0] - inp[1]
/n/home10/vsaketos/wavegp/table2/RandomSearrch/non_linear/train.py:22: RuntimeWarning: invalid value encountered in scalar subtract
  return inp[0] - inp[1]
/n/home10/vsaketos/wavegp/table2/RandomSearrch/non_linear/train.py:22: RuntimeWarning: invalid value encountered in scalar subtract
  return inp[0] - inp[1]
/n/home10/vsaketos/wavegp/table2/RandomSearrch/non_linear/train.py:22: RuntimeWarning: invalid value encountered in scalar subtract
  return inp[0] - inp[1]
/n/home10/vsaketos/wavegp/table2/RandomSearrch/non_linear/train.py:22: RuntimeWarning: invalid value encountered in scalar subtract
  return inp[0] - inp[1]
/n/home10/vsaketos/wavegp/table2/RandomSearrch/non_linear/train.py:22: RuntimeWarning: invalid value encountered in scalar subtract
  return inp[0] - inp[1]
/n/home10/vsaketos/wavegp/table2/RandomSearrch/non_linear/train.py:22: RuntimeWarning: invalid value encountered in scalar subtract
  return inp[0] - inp[1]
/n/home10/vsaketos/wavegp/table2/RandomSearrch/non_linear/train.py:28: RuntimeWarning: overflow encountered in add
  return inp[0] + inp[1]
/n/home10/vsaketos/wavegp/table2/RandomSearrch/non_linear/train.py:22: RuntimeWarning: invalid value encountered in scalar subtract
  return inp[0] - inp[1]
/n/home10/vsaketos/wavegp/table2/RandomSearrch/non_linear/train.py:22: RuntimeWarning: invalid value encountered in scalar subtract
  return inp[0] - inp[1]
/n/home10/vsaketos/wavegp/table2/RandomSearrch/non_linear/train.py:22: RuntimeWarning: invalid value encountered in scalar subtract
  return inp[0] - inp[1]
/n/home10/vsaketos/wavegp/table2/RandomSearrch/non_linear/train.py:22: RuntimeWarning: invalid value encountered in scalar subtract
  return inp[0] - inp[1]
/n/home10/vsaketos/wavegp/table2/RandomSearrch/non_linear/train.py:22: RuntimeWarning: invalid value encountered in scalar subtract
  return inp[0] - inp[1]
/n/home10/vsaketos/wavegp/table2/RandomSearrch/non_linear/train.py:227: RuntimeWarning: overflow encountered in scalar multiply
  0.05 * x_est[0]**3-2*x_est[0],       # nonlinearity in x[0]
/n/home10/vsaketos/wavegp/table2/RandomSearrch/non_linear/train.py:227: RuntimeWarning: invalid value encountered in scalar subtract
  0.05 * x_est[0]**3-2*x_est[0],       # nonlinearity in x[0]
/n/home10/vsaketos/wavegp/table2/RandomSearrch/non_linear/train.py:22: RuntimeWarning: invalid value encountered in scalar subtract
  return inp[0] - inp[1]
/n/home10/vsaketos/wavegp/table2/RandomSearrch/non_linear/train.py:22: RuntimeWarning: invalid value encountered in scalar subtract
  return inp[0] - inp[1]
/n/home10/vsaketos/wavegp/table2/RandomSearrch/non_linear/train.py:28: RuntimeWarning: overflow encountered in add
  return inp[0] + inp[1]
/n/home10/vsaketos/wavegp/table2/RandomSearrch/non_linear/train.py:22: RuntimeWarning: invalid value encountered in scalar subtract
  return inp[0] - inp[1]
/n/home10/vsaketos/wavegp/table2/RandomSearrch/non_linear/train.py:28: RuntimeWarning: overflow encountered in add
  return inp[0] + inp[1]
/n/home10/vsaketos/wavegp/table2/RandomSearrch/non_linear/train.py:22: RuntimeWarning: invalid value encountered in scalar subtract
  return inp[0] - inp[1]
/n/home10/vsaketos/wavegp/table2/RandomSearrch/non_linear/train.py:22: RuntimeWarning: invalid value encountered in scalar subtract
  return inp[0] - inp[1]
/n/home10/vsaketos/wavegp/table2/RandomSearrch/non_linear/train.py:22: RuntimeWarning: invalid value encountered in scalar subtract
  return inp[0] - inp[1]
/n/home10/vsaketos/wavegp/table2/RandomSearrch/non_linear/train.py:22: RuntimeWarning: invalid value encountered in scalar subtract
  return inp[0] - inp[1]
/n/home10/vsaketos/wavegp/table2/RandomSearrch/non_linear/train.py:22: RuntimeWarning: invalid value encountered in scalar subtract
  return inp[0] - inp[1]
/n/home10/vsaketos/wavegp/table2/RandomSearrch/non_linear/train.py:22: RuntimeWarning: invalid value encountered in scalar subtract
  return inp[0] - inp[1]
/n/home10/vsaketos/wavegp/table2/RandomSearrch/non_linear/train.py:28: RuntimeWarning: overflow encountered in add
  return inp[0] + inp[1]
/n/home10/vsaketos/wavegp/table2/RandomSearrch/non_linear/train.py:22: RuntimeWarning: invalid value encountered in scalar subtract
  return inp[0] - inp[1]
/n/home10/vsaketos/wavegp/table2/RandomSearrch/non_linear/train.py:28: RuntimeWarning: invalid value encountered in scalar add
  return inp[0] + inp[1]
/n/home10/vsaketos/wavegp/table2/RandomSearrch/non_linear/train.py:28: RuntimeWarning: overflow encountered in add
  return inp[0] + inp[1]
/n/home10/vsaketos/wavegp/table2/RandomSearrch/non_linear/train.py:22: RuntimeWarning: invalid value encountered in scalar subtract
  return inp[0] - inp[1]
/n/home10/vsaketos/wavegp/table2/RandomSearrch/non_linear/train.py:28: RuntimeWarning: overflow encountered in add
  return inp[0] + inp[1]
/n/home10/vsaketos/wavegp/table2/RandomSearrch/non_linear/train.py:22: RuntimeWarning: invalid value encountered in scalar subtract
  return inp[0] - inp[1]
/n/home10/vsaketos/wavegp/table2/RandomSearrch/non_linear/train.py:28: RuntimeWarning: overflow encountered in add
  return inp[0] + inp[1]
/n/home10/vsaketos/wavegp/table2/RandomSearrch/non_linear/train.py:22: RuntimeWarning: invalid value encountered in scalar subtract
  return inp[0] - inp[1]
/n/home10/vsaketos/wavegp/table2/RandomSearrch/non_linear/train.py:22: RuntimeWarning: invalid value encountered in scalar subtract
  return inp[0] - inp[1]
/n/home10/vsaketos/wavegp/table2/RandomSearrch/non_linear/train.py:28: RuntimeWarning: overflow encountered in add
  return inp[0] + inp[1]
/n/home10/vsaketos/wavegp/table2/RandomSearrch/non_linear/train.py:22: RuntimeWarning: invalid value encountered in scalar subtract
  return inp[0] - inp[1]
/n/home10/vsaketos/wavegp/table2/RandomSearrch/non_linear/train.py:28: RuntimeWarning: invalid value encountered in scalar add
  return inp[0] + inp[1]
/n/home10/vsaketos/wavegp/table2/RandomSearrch/non_linear/train.py:22: RuntimeWarning: invalid value encountered in scalar subtract
  return inp[0] - inp[1]
/n/home10/vsaketos/wavegp/table2/RandomSearrch/non_linear/train.py:22: RuntimeWarning: invalid value encountered in scalar subtract
  return inp[0] - inp[1]
/n/home10/vsaketos/wavegp/table2/RandomSearrch/non_linear/train.py:227: RuntimeWarning: overflow encountered in scalar multiply
  0.05 * x_est[0]**3-2*x_est[0],       # nonlinearity in x[0]
/n/home10/vsaketos/wavegp/table2/RandomSearrch/non_linear/train.py:227: RuntimeWarning: invalid value encountered in scalar subtract
  0.05 * x_est[0]**3-2*x_est[0],       # nonlinearity in x[0]
/n/home10/vsaketos/wavegp/table2/RandomSearrch/non_linear/train.py:28: RuntimeWarning: overflow encountered in add
  return inp[0] + inp[1]
/n/home10/vsaketos/wavegp/table2/RandomSearrch/non_linear/train.py:22: RuntimeWarning: invalid value encountered in scalar subtract
  return inp[0] - inp[1]
/n/home10/vsaketos/wavegp/table2/RandomSearrch/non_linear/train.py:22: RuntimeWarning: invalid value encountered in scalar subtract
  return inp[0] - inp[1]
/n/home10/vsaketos/wavegp/table2/RandomSearrch/non_linear/train.py:22: RuntimeWarning: invalid value encountered in scalar subtract
  return inp[0] - inp[1]
/n/home10/vsaketos/wavegp/table2/RandomSearrch/non_linear/train.py:28: RuntimeWarning: overflow encountered in add
  return inp[0] + inp[1]
/n/home10/vsaketos/wavegp/table2/RandomSearrch/non_linear/train.py:28: RuntimeWarning: overflow encountered in add
  return inp[0] + inp[1]
/n/home10/vsaketos/wavegp/table2/RandomSearrch/non_linear/train.py:22: RuntimeWarning: invalid value encountered in scalar subtract
  return inp[0] - inp[1]
/n/home10/vsaketos/wavegp/table2/RandomSearrch/non_linear/train.py:28: RuntimeWarning: overflow encountered in add
  return inp[0] + inp[1]
/n/home10/vsaketos/wavegp/table2/RandomSearrch/non_linear/train.py:22: RuntimeWarning: invalid value encountered in scalar subtract
  return inp[0] - inp[1]
/n/home10/vsaketos/wavegp/table2/RandomSearrch/non_linear/train.py:22: RuntimeWarning: invalid value encountered in scalar subtract
  return inp[0] - inp[1]
/n/home10/vsaketos/wavegp/table2/RandomSearrch/non_linear/train.py:22: RuntimeWarning: invalid value encountered in scalar subtract
  return inp[0] - inp[1]
/var/slurmd/spool/slurmd/job20749531/slurm_script: line 15: 3244210 Killed                  python train.py
slurmstepd: error: Detected 1 oom_kill event in StepId=20749531.batch. Some of the step tasks have been OOM Killed.
