Sanity check loss: 1.071314963686872 distance from kalman filter :  0.0
[00052] New best score: 2.9823e+01
Graph: digraph {
  0 [label = i0]
  1 [label = i1]
  2 [label = i2]
  3 [label = i3]
  4 [label = i4]
  5 [label = i5]
  6 [label = "add"]
  1 -> 6 [color = red]
  5 -> 6 [color = blue]
  7 [label = "minus"]
  2 -> 7 [color = red]
  1 -> 7 [color = blue]
  8 [label = "transpose"]
  4 -> 8
  10 [label = "matmul"]
  7 -> 10 [color = red]
  5 -> 10 [color = blue]
  11 [label = "matmul"]
  10 -> 11 [color = red]
  8 -> 11 [color = blue]
  14 [label = "inv"]
  1 -> 14
  19 [label = "transpose"]
  11 -> 19
  20 [label = "matmul"]
  19 -> 20 [color = red]
  11 -> 20 [color = blue]
  25 [label = o0]
  8 -> 25
  26 [label = o1]
  14 -> 26
  27 [label = o2]
  6 -> 27
  28 [label = o3]
  20 -> 28
  29 [label = o4]
  11 -> 29
  30 [label = o5]
  11 -> 30
}

[00065] New best score: 1.8824e+01
Graph: digraph {
  0 [label = i0]
  1 [label = i1]
  2 [label = i2]
  3 [label = i3]
  4 [label = i4]
  5 [label = i5]
  6 [label = "add"]
  4 -> 6 [color = red]
  2 -> 6 [color = blue]
  7 [label = "matmul"]
  6 -> 7 [color = red]
  2 -> 7 [color = blue]
  9 [label = "transpose"]
  3 -> 9
  14 [label = "matmul"]
  9 -> 14 [color = red]
  0 -> 14 [color = blue]
  24 [label = "transpose"]
  7 -> 24
  25 [label = o0]
  14 -> 25
  26 [label = o1]
  9 -> 26
  27 [label = o2]
  9 -> 27
  28 [label = o3]
  6 -> 28
  29 [label = o4]
  24 -> 29
  30 [label = o5]
  0 -> 30
}

[00264] New best score: 2.0742e+00
Graph: digraph {
  0 [label = i0]
  1 [label = i1]
  2 [label = i2]
  3 [label = i3]
  4 [label = i4]
  5 [label = i5]
  6 [label = "add"]
  5 -> 6 [color = red]
  5 -> 6 [color = blue]
  9 [label = "minus"]
  6 -> 9 [color = red]
  3 -> 9 [color = blue]
  11 [label = "add"]
  6 -> 11 [color = red]
  4 -> 11 [color = blue]
  12 [label = "matmul"]
  11 -> 12 [color = red]
  9 -> 12 [color = blue]
  13 [label = "matmul"]
  11 -> 13 [color = red]
  4 -> 13 [color = blue]
  18 [label = "transpose"]
  12 -> 18
  21 [label = "transpose"]
  13 -> 21
  22 [label = "transpose"]
  21 -> 22
  25 [label = o0]
  21 -> 25
  26 [label = o1]
  18 -> 26
  27 [label = o2]
  22 -> 27
  28 [label = o3]
  3 -> 28
  29 [label = o4]
  12 -> 29
  30 [label = o5]
  4 -> 30
}

[350926] New best score: 2.0742e+00
Graph: digraph {
  0 [label = i0]
  1 [label = i1]
  2 [label = i2]
  3 [label = i3]
  4 [label = i4]
  5 [label = i5]
  9 [label = "transpose"]
  0 -> 9
  10 [label = "inv"]
  5 -> 10
  11 [label = "matmul"]
  2 -> 11 [color = red]
  5 -> 11 [color = blue]
  12 [label = "minus"]
  11 -> 12 [color = red]
  9 -> 12 [color = blue]
  13 [label = "matmul"]
  2 -> 13 [color = red]
  4 -> 13 [color = blue]
  18 [label = "transpose"]
  9 -> 18
  19 [label = "transpose"]
  13 -> 19
  20 [label = "add"]
  12 -> 20 [color = red]
  18 -> 20 [color = blue]
  24 [label = "minus"]
  5 -> 24 [color = red]
  4 -> 24 [color = blue]
  25 [label = o0]
  18 -> 25
  26 [label = o1]
  20 -> 26
  27 [label = o2]
  24 -> 27
  28 [label = o3]
  1 -> 28
  29 [label = o4]
  10 -> 29
  30 [label = o5]
  19 -> 30
}

[3460830] New best score: 2.0726e+00
Graph: digraph {
  0 [label = i0]
  1 [label = i1]
  2 [label = i2]
  3 [label = i3]
  4 [label = i4]
  5 [label = i5]
  6 [label = "add"]
  0 -> 6 [color = red]
  4 -> 6 [color = blue]
  8 [label = "minus"]
  3 -> 8 [color = red]
  1 -> 8 [color = blue]
  10 [label = "add"]
  1 -> 10 [color = red]
  1 -> 10 [color = blue]
  12 [label = "matmul"]
  1 -> 12 [color = red]
  0 -> 12 [color = blue]
  15 [label = "minus"]
  4 -> 15 [color = red]
  10 -> 15 [color = blue]
  16 [label = "minus"]
  15 -> 16 [color = red]
  3 -> 16 [color = blue]
  17 [label = "transpose"]
  12 -> 17
  20 [label = "transpose"]
  10 -> 20
  22 [label = "minus"]
  6 -> 22 [color = red]
  17 -> 22 [color = blue]
  25 [label = o0]
  12 -> 25
  26 [label = o1]
  15 -> 26
  27 [label = o2]
  8 -> 27
  28 [label = o3]
  20 -> 28
  29 [label = o4]
  16 -> 29
  30 [label = o5]
  22 -> 30
}

[13271902] New best score: 2.0726e+00
Graph: digraph {
  0 [label = i0]
  1 [label = i1]
  2 [label = i2]
  3 [label = i3]
  4 [label = i4]
  5 [label = i5]
  6 [label = "minus"]
  2 -> 6 [color = red]
  1 -> 6 [color = blue]
  7 [label = "matmul"]
  6 -> 7 [color = red]
  0 -> 7 [color = blue]
  10 [label = "add"]
  4 -> 10 [color = red]
  7 -> 10 [color = blue]
  25 [label = o0]
  4 -> 25
  26 [label = o1]
  2 -> 26
  27 [label = o2]
  7 -> 27
  28 [label = o3]
  10 -> 28
  29 [label = o4]
  0 -> 29
  30 [label = o5]
  10 -> 30
}

[15931789] New best score: 2.0320e+00
Graph: digraph {
  0 [label = i0]
  1 [label = i1]
  2 [label = i2]
  3 [label = i3]
  4 [label = i4]
  5 [label = i5]
  6 [label = "add"]
  1 -> 6 [color = red]
  2 -> 6 [color = blue]
  7 [label = "matmul"]
  4 -> 7 [color = red]
  2 -> 7 [color = blue]
  8 [label = "inv"]
  1 -> 8
  9 [label = "matmul"]
  2 -> 9 [color = red]
  6 -> 9 [color = blue]
  10 [label = "transpose"]
  8 -> 10
  11 [label = "transpose"]
  9 -> 11
  12 [label = "inv"]
  11 -> 12
  13 [label = "inv"]
  6 -> 13
  15 [label = "transpose"]
  3 -> 15
  16 [label = "matmul"]
  7 -> 16 [color = red]
  13 -> 16 [color = blue]
  18 [label = "matmul"]
  9 -> 18 [color = red]
  12 -> 18 [color = blue]
  19 [label = "transpose"]
  10 -> 19
  21 [label = "matmul"]
  18 -> 21 [color = red]
  15 -> 21 [color = blue]
  25 [label = o0]
  4 -> 25
  26 [label = o1]
  6 -> 26
  27 [label = o2]
  19 -> 27
  28 [label = o3]
  21 -> 28
  29 [label = o4]
  5 -> 29
  30 [label = o5]
  16 -> 30
}

[23307327] New best score: 1.1323e+00
Graph: digraph {
  0 [label = i0]
  1 [label = i1]
  2 [label = i2]
  3 [label = i3]
  4 [label = i4]
  5 [label = i5]
  6 [label = "transpose"]
  2 -> 6
  7 [label = "add"]
  5 -> 7 [color = red]
  5 -> 7 [color = blue]
  8 [label = "add"]
  0 -> 8 [color = red]
  4 -> 8 [color = blue]
  9 [label = "matmul"]
  7 -> 9 [color = red]
  2 -> 9 [color = blue]
  13 [label = "matmul"]
  6 -> 13 [color = red]
  8 -> 13 [color = blue]
  15 [label = "inv"]
  7 -> 15
  25 [label = o0]
  0 -> 25
  26 [label = o1]
  15 -> 26
  27 [label = o2]
  13 -> 27
  28 [label = o3]
  0 -> 28
  29 [label = o4]
  9 -> 29
  30 [label = o5]
  13 -> 30
}

[178447320] New best score: 1.0912e+00
Graph: digraph {
  0 [label = i0]
  1 [label = i1]
  2 [label = i2]
  3 [label = i3]
  4 [label = i4]
  5 [label = i5]
  6 [label = "add"]
  5 -> 6 [color = red]
  1 -> 6 [color = blue]
  7 [label = "transpose"]
  4 -> 7
  9 [label = "matmul"]
  1 -> 9 [color = red]
  7 -> 9 [color = blue]
  13 [label = "inv"]
  6 -> 13
  14 [label = "inv"]
  13 -> 14
  18 [label = "add"]
  0 -> 18 [color = red]
  9 -> 18 [color = blue]
  19 [label = "matmul"]
  13 -> 19 [color = red]
  18 -> 19 [color = blue]
  25 [label = o0]
  19 -> 25
  26 [label = o1]
  13 -> 26
  27 [label = o2]
  3 -> 27
  28 [label = o3]
  9 -> 28
  29 [label = o4]
  14 -> 29
  30 [label = o5]
  19 -> 30
}

