Sanity check loss: 1.071314963686872 distance from kalman filter :  0.0
[00112] New best score: 2.0742e+00
Graph: digraph {
  0 [label = i0]
  1 [label = i1]
  2 [label = i2]
  3 [label = i3]
  4 [label = i4]
  5 [label = i5]
  6 [label = "minus"]
  4 -> 6 [color = red]
  0 -> 6 [color = blue]
  7 [label = "add"]
  4 -> 7 [color = red]
  0 -> 7 [color = blue]
  8 [label = "minus"]
  0 -> 8 [color = red]
  2 -> 8 [color = blue]
  9 [label = "matmul"]
  0 -> 9 [color = red]
  1 -> 9 [color = blue]
  10 [label = "minus"]
  3 -> 10 [color = red]
  6 -> 10 [color = blue]
  11 [label = "inv"]
  10 -> 11
  12 [label = "inv"]
  1 -> 12
  13 [label = "inv"]
  8 -> 13
  14 [label = "minus"]
  0 -> 14 [color = red]
  1 -> 14 [color = blue]
  15 [label = "add"]
  6 -> 15 [color = red]
  5 -> 15 [color = blue]
  16 [label = "transpose"]
  4 -> 16
  18 [label = "add"]
  8 -> 18 [color = red]
  9 -> 18 [color = blue]
  19 [label = "minus"]
  11 -> 19 [color = red]
  14 -> 19 [color = blue]
  21 [label = "inv"]
  15 -> 21
  23 [label = "add"]
  13 -> 23 [color = red]
  12 -> 23 [color = blue]
  24 [label = "add"]
  21 -> 24 [color = red]
  23 -> 24 [color = blue]
  25 [label = o0]
  7 -> 25
  26 [label = o1]
  24 -> 26
  27 [label = o2]
  19 -> 27
  28 [label = o3]
  18 -> 28
  29 [label = o4]
  21 -> 29
  30 [label = o5]
  16 -> 30
}

[131834] New best score: 2.0726e+00
Graph: digraph {
  0 [label = i0]
  1 [label = i1]
  2 [label = i2]
  3 [label = i3]
  4 [label = i4]
  5 [label = i5]
  6 [label = "matmul"]
  1 -> 6 [color = red]
  0 -> 6 [color = blue]
  7 [label = "add"]
  4 -> 7 [color = red]
  0 -> 7 [color = blue]
  8 [label = "minus"]
  4 -> 8 [color = red]
  6 -> 8 [color = blue]
  9 [label = "add"]
  8 -> 9 [color = red]
  0 -> 9 [color = blue]
  19 [label = "transpose"]
  5 -> 19
  23 [label = "transpose"]
  9 -> 23
  25 [label = o0]
  7 -> 25
  26 [label = o1]
  2 -> 26
  27 [label = o2]
  9 -> 27
  28 [label = o3]
  19 -> 28
  29 [label = o4]
  2 -> 29
  30 [label = o5]
  23 -> 30
}

[4268447] New best score: 1.5987e+00
Graph: digraph {
  0 [label = i0]
  1 [label = i1]
  2 [label = i2]
  3 [label = i3]
  4 [label = i4]
  5 [label = i5]
  6 [label = "inv"]
  2 -> 6
  7 [label = "add"]
  0 -> 7 [color = red]
  4 -> 7 [color = blue]
  8 [label = "add"]
  6 -> 8 [color = red]
  3 -> 8 [color = blue]
  9 [label = "add"]
  8 -> 9 [color = red]
  5 -> 9 [color = blue]
  11 [label = "inv"]
  9 -> 11
  12 [label = "matmul"]
  7 -> 12 [color = red]
  11 -> 12 [color = blue]
  13 [label = "minus"]
  0 -> 13 [color = red]
  2 -> 13 [color = blue]
  14 [label = "add"]
  3 -> 14 [color = red]
  8 -> 14 [color = blue]
  16 [label = "transpose"]
  13 -> 16
  25 [label = o0]
  4 -> 25
  26 [label = o1]
  8 -> 26
  27 [label = o2]
  14 -> 27
  28 [label = o3]
  16 -> 28
  29 [label = o4]
  4 -> 29
  30 [label = o5]
  12 -> 30
}

[31031004] New best score: 1.1468e+00
Graph: digraph {
  0 [label = i0]
  1 [label = i1]
  2 [label = i2]
  3 [label = i3]
  4 [label = i4]
  5 [label = i5]
  6 [label = "add"]
  5 -> 6 [color = red]
  5 -> 6 [color = blue]
  7 [label = "inv"]
  6 -> 7
  9 [label = "add"]
  0 -> 9 [color = red]
  4 -> 9 [color = blue]
  10 [label = "minus"]
  5 -> 10 [color = red]
  3 -> 10 [color = blue]
  11 [label = "matmul"]
  7 -> 11 [color = red]
  9 -> 11 [color = blue]
  25 [label = o0]
  4 -> 25
  26 [label = o1]
  6 -> 26
  27 [label = o2]
  0 -> 27
  28 [label = o3]
  10 -> 28
  29 [label = o4]
  11 -> 29
  30 [label = o5]
  11 -> 30
}

[40824480] New best score: 1.1323e+00
Graph: digraph {
  0 [label = i0]
  1 [label = i1]
  2 [label = i2]
  3 [label = i3]
  4 [label = i4]
  5 [label = i5]
  6 [label = "inv"]
  2 -> 6
  7 [label = "add"]
  1 -> 7 [color = red]
  0 -> 7 [color = blue]
  8 [label = "add"]
  4 -> 8 [color = red]
  0 -> 8 [color = blue]
  9 [label = "add"]
  5 -> 9 [color = red]
  5 -> 9 [color = blue]
  11 [label = "matmul"]
  6 -> 11 [color = red]
  8 -> 11 [color = blue]
  12 [label = "inv"]
  7 -> 12
  25 [label = o0]
  8 -> 25
  26 [label = o1]
  9 -> 26
  27 [label = o2]
  12 -> 27
  28 [label = o3]
  5 -> 28
  29 [label = o4]
  2 -> 29
  30 [label = o5]
  11 -> 30
}

[136584514] New best score: 1.0905e+00
Graph: digraph {
  0 [label = i0]
  1 [label = i1]
  2 [label = i2]
  3 [label = i3]
  4 [label = i4]
  5 [label = i5]
  8 [label = "inv"]
  1 -> 8
  9 [label = "transpose"]
  8 -> 9
  10 [label = "add"]
  9 -> 10 [color = red]
  5 -> 10 [color = blue]
  11 [label = "inv"]
  10 -> 11
  14 [label = "transpose"]
  1 -> 14
  15 [label = "transpose"]
  9 -> 15
  17 [label = "add"]
  0 -> 17 [color = red]
  4 -> 17 [color = blue]
  20 [label = "minus"]
  15 -> 20 [color = red]
  14 -> 20 [color = blue]
  22 [label = "matmul"]
  17 -> 22 [color = red]
  11 -> 22 [color = blue]
  25 [label = o0]
  0 -> 25
  26 [label = o1]
  15 -> 26
  27 [label = o2]
  10 -> 27
  28 [label = o3]
  20 -> 28
  29 [label = o4]
  15 -> 29
  30 [label = o5]
  22 -> 30
}

[191213582] New best score: 1.0835e+00
Graph: digraph {
  0 [label = i0]
  1 [label = i1]
  2 [label = i2]
  3 [label = i3]
  4 [label = i4]
  5 [label = i5]
  9 [label = "matmul"]
  2 -> 9 [color = red]
  4 -> 9 [color = blue]
  10 [label = "add"]
  1 -> 10 [color = red]
  5 -> 10 [color = blue]
  11 [label = "add"]
  4 -> 11 [color = red]
  0 -> 11 [color = blue]
  13 [label = "minus"]
  11 -> 13 [color = red]
  9 -> 13 [color = blue]
  15 [label = "inv"]
  10 -> 15
  16 [label = "matmul"]
  2 -> 16 [color = red]
  11 -> 16 [color = blue]
  19 [label = "matmul"]
  15 -> 19 [color = red]
  1 -> 19 [color = blue]
  21 [label = "minus"]
  2 -> 21 [color = red]
  0 -> 21 [color = blue]
  23 [label = "add"]
  4 -> 23 [color = red]
  13 -> 23 [color = blue]
  25 [label = o0]
  9 -> 25
  26 [label = o1]
  19 -> 26
  27 [label = o2]
  21 -> 27
  28 [label = o3]
  15 -> 28
  29 [label = o4]
  23 -> 29
  30 [label = o5]
  16 -> 30
}

