Sanity check loss: 1.071314963686872 distance from kalman filter :  0.0
[00105] New best score: 3.5588e+01
Graph: digraph {
  0 [label = i0]
  1 [label = i1]
  2 [label = i2]
  3 [label = i3]
  4 [label = i4]
  5 [label = i5]
  6 [label = "transpose"]
  3 -> 6
  11 [label = "matmul"]
  6 -> 11 [color = red]
  4 -> 11 [color = blue]
  13 [label = "minus"]
  6 -> 13 [color = red]
  6 -> 13 [color = blue]
  16 [label = "minus"]
  13 -> 16 [color = red]
  2 -> 16 [color = blue]
  20 [label = "add"]
  11 -> 20 [color = red]
  0 -> 20 [color = blue]
  25 [label = o0]
  4 -> 25
  26 [label = o1]
  16 -> 26
  27 [label = o2]
  4 -> 27
  28 [label = o3]
  13 -> 28
  29 [label = o4]
  11 -> 29
  30 [label = o5]
  20 -> 30
}

[00133] New best score: 1.8824e+01
Graph: digraph {
  0 [label = i0]
  1 [label = i1]
  2 [label = i2]
  3 [label = i3]
  4 [label = i4]
  5 [label = i5]
  8 [label = "minus"]
  5 -> 8 [color = red]
  5 -> 8 [color = blue]
  9 [label = "add"]
  2 -> 9 [color = red]
  8 -> 9 [color = blue]
  12 [label = "add"]
  9 -> 12 [color = red]
  9 -> 12 [color = blue]
  15 [label = "minus"]
  2 -> 15 [color = red]
  12 -> 15 [color = blue]
  17 [label = "matmul"]
  5 -> 17 [color = red]
  0 -> 17 [color = blue]
  18 [label = "transpose"]
  4 -> 18
  20 [label = "matmul"]
  15 -> 20 [color = red]
  17 -> 20 [color = blue]
  25 [label = o0]
  20 -> 25
  26 [label = o1]
  15 -> 26
  27 [label = o2]
  17 -> 27
  28 [label = o3]
  18 -> 28
  29 [label = o4]
  5 -> 29
  30 [label = o5]
  0 -> 30
}

[00297] New best score: 2.0742e+00
Graph: digraph {
  0 [label = i0]
  1 [label = i1]
  2 [label = i2]
  3 [label = i3]
  4 [label = i4]
  5 [label = i5]
  6 [label = "matmul"]
  2 -> 6 [color = red]
  1 -> 6 [color = blue]
  7 [label = "matmul"]
  0 -> 7 [color = red]
  6 -> 7 [color = blue]
  8 [label = "matmul"]
  7 -> 8 [color = red]
  2 -> 8 [color = blue]
  9 [label = "transpose"]
  2 -> 9
  11 [label = "minus"]
  8 -> 11 [color = red]
  7 -> 11 [color = blue]
  19 [label = "inv"]
  9 -> 19
  20 [label = "transpose"]
  4 -> 20
  23 [label = "matmul"]
  20 -> 23 [color = red]
  19 -> 23 [color = blue]
  25 [label = o0]
  23 -> 25
  26 [label = o1]
  5 -> 26
  27 [label = o2]
  20 -> 27
  28 [label = o3]
  11 -> 28
  29 [label = o4]
  4 -> 29
  30 [label = o5]
  4 -> 30
}

[39843] New best score: 1.4525e+00
Graph: digraph {
  0 [label = i0]
  1 [label = i1]
  2 [label = i2]
  3 [label = i3]
  4 [label = i4]
  5 [label = i5]
  6 [label = "matmul"]
  2 -> 6 [color = red]
  1 -> 6 [color = blue]
  7 [label = "transpose"]
  0 -> 7
  11 [label = "inv"]
  2 -> 11
  15 [label = "add"]
  5 -> 15 [color = red]
  5 -> 15 [color = blue]
  18 [label = "add"]
  15 -> 18 [color = red]
  11 -> 18 [color = blue]
  20 [label = "add"]
  4 -> 20 [color = red]
  7 -> 20 [color = blue]
  21 [label = "matmul"]
  11 -> 21 [color = red]
  20 -> 21 [color = blue]
  23 [label = "transpose"]
  21 -> 23
  25 [label = o0]
  4 -> 25
  26 [label = o1]
  18 -> 26
  27 [label = o2]
  20 -> 27
  28 [label = o3]
  6 -> 28
  29 [label = o4]
  15 -> 29
  30 [label = o5]
  23 -> 30
}

[35120566] New best score: 1.1323e+00
Graph: digraph {
  0 [label = i0]
  1 [label = i1]
  2 [label = i2]
  3 [label = i3]
  4 [label = i4]
  5 [label = i5]
  6 [label = "transpose"]
  4 -> 6
  7 [label = "transpose"]
  4 -> 7
  8 [label = "matmul"]
  5 -> 8 [color = red]
  4 -> 8 [color = blue]
  9 [label = "add"]
  5 -> 9 [color = red]
  5 -> 9 [color = blue]
  10 [label = "minus"]
  5 -> 10 [color = red]
  0 -> 10 [color = blue]
  13 [label = "matmul"]
  8 -> 13 [color = red]
  5 -> 13 [color = blue]
  14 [label = "add"]
  7 -> 14 [color = red]
  10 -> 14 [color = blue]
  15 [label = "add"]
  0 -> 15 [color = red]
  13 -> 15 [color = blue]
  16 [label = "inv"]
  9 -> 16
  20 [label = "add"]
  14 -> 20 [color = red]
  3 -> 20 [color = blue]
  22 [label = "add"]
  1 -> 22 [color = red]
  20 -> 22 [color = blue]
  24 [label = "matmul"]
  2 -> 24 [color = red]
  15 -> 24 [color = blue]
  25 [label = o0]
  7 -> 25
  26 [label = o1]
  16 -> 26
  27 [label = o2]
  10 -> 27
  28 [label = o3]
  6 -> 28
  29 [label = o4]
  22 -> 29
  30 [label = o5]
  24 -> 30
}

[369083789] New best score: 1.0835e+00
Graph: digraph {
  0 [label = i0]
  1 [label = i1]
  2 [label = i2]
  3 [label = i3]
  4 [label = i4]
  5 [label = i5]
  6 [label = "add"]
  4 -> 6 [color = red]
  0 -> 6 [color = blue]
  7 [label = "inv"]
  1 -> 7
  9 [label = "transpose"]
  2 -> 9
  11 [label = "add"]
  5 -> 11 [color = red]
  7 -> 11 [color = blue]
  12 [label = "transpose"]
  1 -> 12
  13 [label = "matmul"]
  11 -> 13 [color = red]
  5 -> 13 [color = blue]
  16 [label = "inv"]
  13 -> 16
  18 [label = "matmul"]
  7 -> 18 [color = red]
  4 -> 18 [color = blue]
  22 [label = "inv"]
  12 -> 22
  23 [label = "matmul"]
  6 -> 23 [color = red]
  9 -> 23 [color = blue]
  25 [label = o0]
  23 -> 25
  26 [label = o1]
  16 -> 26
  27 [label = o2]
  18 -> 27
  28 [label = o3]
  0 -> 28
  29 [label = o4]
  22 -> 29
  30 [label = o5]
  23 -> 30
}

