Sanity check loss: 1.071314963686872 distance from kalman filter :  0.0
[00317] New best score: 2.0742e+00
Graph: digraph {
  0 [label = i0]
  1 [label = i1]
  2 [label = i2]
  3 [label = i3]
  4 [label = i4]
  5 [label = i5]
  6 [label = "matmul"]
  5 -> 6 [color = red]
  2 -> 6 [color = blue]
  7 [label = "matmul"]
  0 -> 7 [color = red]
  1 -> 7 [color = blue]
  8 [label = "transpose"]
  2 -> 8
  12 [label = "minus"]
  7 -> 12 [color = red]
  0 -> 12 [color = blue]
  14 [label = "matmul"]
  12 -> 14 [color = red]
  8 -> 14 [color = blue]
  15 [label = "minus"]
  6 -> 15 [color = red]
  3 -> 15 [color = blue]
  17 [label = "transpose"]
  15 -> 17
  18 [label = "matmul"]
  2 -> 18 [color = red]
  17 -> 18 [color = blue]
  20 [label = "add"]
  15 -> 20 [color = red]
  6 -> 20 [color = blue]
  25 [label = o0]
  14 -> 25
  26 [label = o1]
  1 -> 26
  27 [label = o2]
  12 -> 27
  28 [label = o3]
  20 -> 28
  29 [label = o4]
  18 -> 29
  30 [label = o5]
  4 -> 30
}

[816244] New best score: 2.0726e+00
Graph: digraph {
  0 [label = i0]
  1 [label = i1]
  2 [label = i2]
  3 [label = i3]
  4 [label = i4]
  5 [label = i5]
  6 [label = "transpose"]
  5 -> 6
  7 [label = "minus"]
  5 -> 7 [color = red]
  1 -> 7 [color = blue]
  8 [label = "add"]
  0 -> 8 [color = red]
  6 -> 8 [color = blue]
  9 [label = "add"]
  8 -> 9 [color = red]
  6 -> 9 [color = blue]
  10 [label = "matmul"]
  7 -> 10 [color = red]
  0 -> 10 [color = blue]
  14 [label = "add"]
  10 -> 14 [color = red]
  4 -> 14 [color = blue]
  16 [label = "transpose"]
  7 -> 16
  25 [label = o0]
  14 -> 25
  26 [label = o1]
  16 -> 26
  27 [label = o2]
  4 -> 27
  28 [label = o3]
  9 -> 28
  29 [label = o4]
  16 -> 29
  30 [label = o5]
  14 -> 30
}

[4417283] New best score: 2.0497e+00
Graph: digraph {
  0 [label = i0]
  1 [label = i1]
  2 [label = i2]
  3 [label = i3]
  4 [label = i4]
  5 [label = i5]
  6 [label = "inv"]
  2 -> 6
  7 [label = "matmul"]
  0 -> 7 [color = red]
  2 -> 7 [color = blue]
  9 [label = "add"]
  1 -> 9 [color = red]
  7 -> 9 [color = blue]
  12 [label = "add"]
  5 -> 12 [color = red]
  6 -> 12 [color = blue]
  13 [label = "transpose"]
  7 -> 13
  14 [label = "transpose"]
  13 -> 14
  19 [label = "add"]
  7 -> 19 [color = red]
  12 -> 19 [color = blue]
  21 [label = "inv"]
  19 -> 21
  23 [label = "add"]
  14 -> 23 [color = red]
  4 -> 23 [color = blue]
  25 [label = o0]
  4 -> 25
  26 [label = o1]
  21 -> 26
  27 [label = o2]
  19 -> 27
  28 [label = o3]
  9 -> 28
  29 [label = o4]
  23 -> 29
  30 [label = o5]
  23 -> 30
}

[4713835] New best score: 1.5664e+00
Graph: digraph {
  0 [label = i0]
  1 [label = i1]
  2 [label = i2]
  3 [label = i3]
  4 [label = i4]
  5 [label = i5]
  6 [label = "add"]
  5 -> 6 [color = red]
  1 -> 6 [color = blue]
  7 [label = "inv"]
  6 -> 7
  10 [label = "transpose"]
  4 -> 10
  11 [label = "add"]
  0 -> 11 [color = red]
  10 -> 11 [color = blue]
  12 [label = "minus"]
  6 -> 12 [color = red]
  0 -> 12 [color = blue]
  19 [label = "matmul"]
  10 -> 19 [color = red]
  12 -> 19 [color = blue]
  20 [label = "inv"]
  6 -> 20
  21 [label = "matmul"]
  7 -> 21 [color = red]
  11 -> 21 [color = blue]
  25 [label = o0]
  19 -> 25
  26 [label = o1]
  20 -> 26
  27 [label = o2]
  11 -> 27
  28 [label = o3]
  21 -> 28
  29 [label = o4]
  10 -> 29
  30 [label = o5]
  21 -> 30
}

[5043496] New best score: 1.1468e+00
Graph: digraph {
  0 [label = i0]
  1 [label = i1]
  2 [label = i2]
  3 [label = i3]
  4 [label = i4]
  5 [label = i5]
  6 [label = "minus"]
  5 -> 6 [color = red]
  0 -> 6 [color = blue]
  7 [label = "add"]
  4 -> 7 [color = red]
  0 -> 7 [color = blue]
  8 [label = "matmul"]
  1 -> 8 [color = red]
  5 -> 8 [color = blue]
  9 [label = "add"]
  5 -> 9 [color = red]
  5 -> 9 [color = blue]
  11 [label = "inv"]
  9 -> 11
  12 [label = "minus"]
  2 -> 12 [color = red]
  4 -> 12 [color = blue]
  13 [label = "matmul"]
  11 -> 13 [color = red]
  7 -> 13 [color = blue]
  16 [label = "inv"]
  12 -> 16
  18 [label = "transpose"]
  11 -> 18
  19 [label = "add"]
  16 -> 19 [color = red]
  8 -> 19 [color = blue]
  25 [label = o0]
  4 -> 25
  26 [label = o1]
  18 -> 26
  27 [label = o2]
  6 -> 27
  28 [label = o3]
  19 -> 28
  29 [label = o4]
  4 -> 29
  30 [label = o5]
  13 -> 30
}

[24001648] New best score: 1.1323e+00
Graph: digraph {
  0 [label = i0]
  1 [label = i1]
  2 [label = i2]
  3 [label = i3]
  4 [label = i4]
  5 [label = i5]
  6 [label = "matmul"]
  5 -> 6 [color = red]
  5 -> 6 [color = blue]
  8 [label = "add"]
  4 -> 8 [color = red]
  0 -> 8 [color = blue]
  9 [label = "matmul"]
  8 -> 9 [color = red]
  2 -> 9 [color = blue]
  14 [label = "transpose"]
  1 -> 14
  19 [label = "add"]
  6 -> 19 [color = red]
  6 -> 19 [color = blue]
  24 [label = "inv"]
  19 -> 24
  25 [label = o0]
  9 -> 25
  26 [label = o1]
  24 -> 26
  27 [label = o2]
  3 -> 27
  28 [label = o3]
  14 -> 28
  29 [label = o4]
  8 -> 29
  30 [label = o5]
  9 -> 30
}

[74874174] New best score: 1.0912e+00
Graph: digraph {
  0 [label = i0]
  1 [label = i1]
  2 [label = i2]
  3 [label = i3]
  4 [label = i4]
  5 [label = i5]
  6 [label = "add"]
  1 -> 6 [color = red]
  5 -> 6 [color = blue]
  7 [label = "inv"]
  6 -> 7
  9 [label = "matmul"]
  3 -> 9 [color = red]
  4 -> 9 [color = blue]
  13 [label = "inv"]
  5 -> 13
  15 [label = "minus"]
  0 -> 15 [color = red]
  4 -> 15 [color = blue]
  16 [label = "matmul"]
  7 -> 16 [color = red]
  15 -> 16 [color = blue]
  17 [label = "minus"]
  0 -> 17 [color = red]
  15 -> 17 [color = blue]
  18 [label = "minus"]
  2 -> 18 [color = red]
  9 -> 18 [color = blue]
  19 [label = "matmul"]
  17 -> 19 [color = red]
  5 -> 19 [color = blue]
  20 [label = "add"]
  19 -> 20 [color = red]
  16 -> 20 [color = blue]
  22 [label = "add"]
  19 -> 22 [color = red]
  18 -> 22 [color = blue]
  23 [label = "transpose"]
  20 -> 23
  24 [label = "matmul"]
  23 -> 24 [color = red]
  22 -> 24 [color = blue]
  25 [label = o0]
  19 -> 25
  26 [label = o1]
  3 -> 26
  27 [label = o2]
  23 -> 27
  28 [label = o3]
  24 -> 28
  29 [label = o4]
  13 -> 29
  30 [label = o5]
  20 -> 30
}

[201513129] New best score: 1.0905e+00
Graph: digraph {
  0 [label = i0]
  1 [label = i1]
  2 [label = i2]
  3 [label = i3]
  4 [label = i4]
  5 [label = i5]
  6 [label = "matmul"]
  2 -> 6 [color = red]
  1 -> 6 [color = blue]
  8 [label = "add"]
  0 -> 8 [color = red]
  4 -> 8 [color = blue]
  9 [label = "add"]
  4 -> 9 [color = red]
  0 -> 9 [color = blue]
  10 [label = "add"]
  2 -> 10 [color = red]
  6 -> 10 [color = blue]
  11 [label = "inv"]
  10 -> 11
  12 [label = "transpose"]
  8 -> 12
  13 [label = "minus"]
  9 -> 13 [color = red]
  4 -> 13 [color = blue]
  16 [label = "transpose"]
  4 -> 16
  17 [label = "add"]
  6 -> 17 [color = red]
  1 -> 17 [color = blue]
  19 [label = "transpose"]
  12 -> 19
  20 [label = "add"]
  17 -> 20 [color = red]
  13 -> 20 [color = blue]
  21 [label = "matmul"]
  6 -> 21 [color = red]
  11 -> 21 [color = blue]
  22 [label = "matmul"]
  21 -> 22 [color = red]
  19 -> 22 [color = blue]
  24 [label = "transpose"]
  20 -> 24
  25 [label = o0]
  19 -> 25
  26 [label = o1]
  17 -> 26
  27 [label = o2]
  24 -> 27
  28 [label = o3]
  13 -> 28
  29 [label = o4]
  16 -> 29
  30 [label = o5]
  22 -> 30
}

[605815586] New best score: 1.0905e+00
Graph: digraph {
  0 [label = i0]
  1 [label = i1]
  2 [label = i2]
  3 [label = i3]
  4 [label = i4]
  5 [label = i5]
  6 [label = "add"]
  1 -> 6 [color = red]
  5 -> 6 [color = blue]
  7 [label = "matmul"]
  5 -> 7 [color = red]
  0 -> 7 [color = blue]
  9 [label = "add"]
  5 -> 9 [color = red]
  2 -> 9 [color = blue]
  10 [label = "inv"]
  1 -> 10
  12 [label = "matmul"]
  10 -> 12 [color = red]
  6 -> 12 [color = blue]
  13 [label = "inv"]
  12 -> 13
  16 [label = "matmul"]
  1 -> 16 [color = red]
  9 -> 16 [color = blue]
  19 [label = "inv"]
  16 -> 19
  21 [label = "add"]
  4 -> 21 [color = red]
  7 -> 21 [color = blue]
  22 [label = "minus"]
  6 -> 22 [color = red]
  3 -> 22 [color = blue]
  23 [label = "matmul"]
  13 -> 23 [color = red]
  21 -> 23 [color = blue]
  25 [label = o0]
  0 -> 25
  26 [label = o1]
  3 -> 26
  27 [label = o2]
  22 -> 27
  28 [label = o3]
  19 -> 28
  29 [label = o4]
  22 -> 29
  30 [label = o5]
  23 -> 30
}

