Sanity check loss: 1.071314963686872 distance from kalman filter :  0.0
[00205] New best score: 2.6197e+01
Graph: digraph {
  0 [label = i0]
  1 [label = i1]
  2 [label = i2]
  3 [label = i3]
  4 [label = i4]
  5 [label = i5]
  6 [label = "inv"]
  5 -> 6
  16 [label = "transpose"]
  6 -> 16
  18 [label = "add"]
  4 -> 18 [color = red]
  4 -> 18 [color = blue]
  19 [label = "transpose"]
  18 -> 19
  20 [label = "transpose"]
  6 -> 20
  21 [label = "transpose"]
  18 -> 21
  24 [label = "matmul"]
  3 -> 24 [color = red]
  16 -> 24 [color = blue]
  25 [label = o0]
  19 -> 25
  26 [label = o1]
  24 -> 26
  27 [label = o2]
  0 -> 27
  28 [label = o3]
  20 -> 28
  29 [label = o4]
  16 -> 29
  30 [label = o5]
  21 -> 30
}

[00295] New best score: 2.0742e+00
Graph: digraph {
  0 [label = i0]
  1 [label = i1]
  2 [label = i2]
  3 [label = i3]
  4 [label = i4]
  5 [label = i5]
  6 [label = "add"]
  1 -> 6 [color = red]
  0 -> 6 [color = blue]
  21 [label = "matmul"]
  0 -> 21 [color = red]
  5 -> 21 [color = blue]
  24 [label = "matmul"]
  6 -> 24 [color = red]
  1 -> 24 [color = blue]
  25 [label = o0]
  4 -> 25
  26 [label = o1]
  24 -> 26
  27 [label = o2]
  6 -> 27
  28 [label = o3]
  21 -> 28
  29 [label = o4]
  1 -> 29
  30 [label = o5]
  4 -> 30
}

[54618] New best score: 2.0726e+00
Graph: digraph {
  0 [label = i0]
  1 [label = i1]
  2 [label = i2]
  3 [label = i3]
  4 [label = i4]
  5 [label = i5]
  6 [label = "minus"]
  1 -> 6 [color = red]
  5 -> 6 [color = blue]
  7 [label = "matmul"]
  6 -> 7 [color = red]
  0 -> 7 [color = blue]
  8 [label = "add"]
  7 -> 8 [color = red]
  7 -> 8 [color = blue]
  9 [label = "add"]
  6 -> 9 [color = red]
  6 -> 9 [color = blue]
  10 [label = "transpose"]
  5 -> 10
  16 [label = "minus"]
  4 -> 16 [color = red]
  7 -> 16 [color = blue]
  17 [label = "minus"]
  4 -> 17 [color = red]
  10 -> 17 [color = blue]
  22 [label = "inv"]
  1 -> 22
  25 [label = o0]
  4 -> 25
  26 [label = o1]
  22 -> 26
  27 [label = o2]
  8 -> 27
  28 [label = o3]
  9 -> 28
  29 [label = o4]
  17 -> 29
  30 [label = o5]
  16 -> 30
}

[3198795] New best score: 1.9870e+00
Graph: digraph {
  0 [label = i0]
  1 [label = i1]
  2 [label = i2]
  3 [label = i3]
  4 [label = i4]
  5 [label = i5]
  6 [label = "transpose"]
  2 -> 6
  8 [label = "add"]
  3 -> 8 [color = red]
  6 -> 8 [color = blue]
  9 [label = "inv"]
  2 -> 9
  10 [label = "inv"]
  8 -> 10
  11 [label = "matmul"]
  4 -> 11 [color = red]
  6 -> 11 [color = blue]
  12 [label = "add"]
  9 -> 12 [color = red]
  2 -> 12 [color = blue]
  18 [label = "matmul"]
  11 -> 18 [color = red]
  10 -> 18 [color = blue]
  20 [label = "matmul"]
  9 -> 20 [color = red]
  6 -> 20 [color = blue]
  25 [label = o0]
  11 -> 25
  26 [label = o1]
  12 -> 26
  27 [label = o2]
  10 -> 27
  28 [label = o3]
  9 -> 28
  29 [label = o4]
  20 -> 29
  30 [label = o5]
  18 -> 30
}

[18287481] New best score: 1.5664e+00
Graph: digraph {
  0 [label = i0]
  1 [label = i1]
  2 [label = i2]
  3 [label = i3]
  4 [label = i4]
  5 [label = i5]
  6 [label = "add"]
  2 -> 6 [color = red]
  1 -> 6 [color = blue]
  8 [label = "inv"]
  6 -> 8
  10 [label = "add"]
  0 -> 10 [color = red]
  4 -> 10 [color = blue]
  11 [label = "add"]
  6 -> 11 [color = red]
  2 -> 11 [color = blue]
  12 [label = "inv"]
  2 -> 12
  14 [label = "matmul"]
  8 -> 14 [color = red]
  10 -> 14 [color = blue]
  15 [label = "matmul"]
  0 -> 15 [color = red]
  11 -> 15 [color = blue]
  16 [label = "transpose"]
  15 -> 16
  24 [label = "matmul"]
  16 -> 24 [color = red]
  11 -> 24 [color = blue]
  25 [label = o0]
  4 -> 25
  26 [label = o1]
  12 -> 26
  27 [label = o2]
  24 -> 27
  28 [label = o3]
  11 -> 28
  29 [label = o4]
  15 -> 29
  30 [label = o5]
  14 -> 30
}

[30192364] New best score: 1.5448e+00
Graph: digraph {
  0 [label = i0]
  1 [label = i1]
  2 [label = i2]
  3 [label = i3]
  4 [label = i4]
  5 [label = i5]
  6 [label = "add"]
  0 -> 6 [color = red]
  4 -> 6 [color = blue]
  8 [label = "inv"]
  2 -> 8
  11 [label = "transpose"]
  8 -> 11
  13 [label = "transpose"]
  5 -> 13
  14 [label = "matmul"]
  8 -> 14 [color = red]
  6 -> 14 [color = blue]
  17 [label = "inv"]
  13 -> 17
  20 [label = "add"]
  1 -> 20 [color = red]
  17 -> 20 [color = blue]
  22 [label = "transpose"]
  8 -> 22
  25 [label = o0]
  6 -> 25
  26 [label = o1]
  20 -> 26
  27 [label = o2]
  11 -> 27
  28 [label = o3]
  22 -> 28
  29 [label = o4]
  4 -> 29
  30 [label = o5]
  14 -> 30
}

[41282756] New best score: 1.1468e+00
Graph: digraph {
  0 [label = i0]
  1 [label = i1]
  2 [label = i2]
  3 [label = i3]
  4 [label = i4]
  5 [label = i5]
  8 [label = "add"]
  4 -> 8 [color = red]
  0 -> 8 [color = blue]
  9 [label = "minus"]
  8 -> 9 [color = red]
  8 -> 9 [color = blue]
  11 [label = "add"]
  5 -> 11 [color = red]
  5 -> 11 [color = blue]
  14 [label = "add"]
  11 -> 14 [color = red]
  9 -> 14 [color = blue]
  15 [label = "matmul"]
  3 -> 15 [color = red]
  2 -> 15 [color = blue]
  16 [label = "minus"]
  15 -> 16 [color = red]
  0 -> 16 [color = blue]
  17 [label = "minus"]
  4 -> 17 [color = red]
  3 -> 17 [color = blue]
  18 [label = "inv"]
  14 -> 18
  20 [label = "add"]
  14 -> 20 [color = red]
  16 -> 20 [color = blue]
  21 [label = "matmul"]
  18 -> 21 [color = red]
  8 -> 21 [color = blue]
  25 [label = o0]
  9 -> 25
  26 [label = o1]
  11 -> 26
  27 [label = o2]
  18 -> 27
  28 [label = o3]
  20 -> 28
  29 [label = o4]
  17 -> 29
  30 [label = o5]
  21 -> 30
}

[320839647] New best score: 1.1323e+00
Graph: digraph {
  0 [label = i0]
  1 [label = i1]
  2 [label = i2]
  3 [label = i3]
  4 [label = i4]
  5 [label = i5]
  6 [label = "add"]
  5 -> 6 [color = red]
  5 -> 6 [color = blue]
  7 [label = "add"]
  4 -> 7 [color = red]
  0 -> 7 [color = blue]
  8 [label = "minus"]
  1 -> 8 [color = red]
  2 -> 8 [color = blue]
  9 [label = "transpose"]
  2 -> 9
  10 [label = "matmul"]
  7 -> 10 [color = red]
  9 -> 10 [color = blue]
  14 [label = "minus"]
  2 -> 14 [color = red]
  9 -> 14 [color = blue]
  15 [label = "matmul"]
  8 -> 15 [color = red]
  3 -> 15 [color = blue]
  17 [label = "matmul"]
  14 -> 17 [color = red]
  0 -> 17 [color = blue]
  19 [label = "inv"]
  6 -> 19
  20 [label = "add"]
  0 -> 20 [color = red]
  15 -> 20 [color = blue]
  25 [label = o0]
  17 -> 25
  26 [label = o1]
  19 -> 26
  27 [label = o2]
  17 -> 27
  28 [label = o3]
  5 -> 28
  29 [label = o4]
  20 -> 29
  30 [label = o5]
  10 -> 30
}

[605710700] New best score: 1.0912e+00
Graph: digraph {
  0 [label = i0]
  1 [label = i1]
  2 [label = i2]
  3 [label = i3]
  4 [label = i4]
  5 [label = i5]
  6 [label = "matmul"]
  1 -> 6 [color = red]
  4 -> 6 [color = blue]
  7 [label = "add"]
  5 -> 7 [color = red]
  1 -> 7 [color = blue]
  8 [label = "matmul"]
  4 -> 8 [color = red]
  6 -> 8 [color = blue]
  10 [label = "inv"]
  7 -> 10
  11 [label = "add"]
  0 -> 11 [color = red]
  6 -> 11 [color = blue]
  12 [label = "matmul"]
  10 -> 12 [color = red]
  11 -> 12 [color = blue]
  13 [label = "inv"]
  1 -> 13
  14 [label = "add"]
  2 -> 14 [color = red]
  8 -> 14 [color = blue]
  15 [label = "matmul"]
  5 -> 15 [color = red]
  13 -> 15 [color = blue]
  25 [label = o0]
  4 -> 25
  26 [label = o1]
  3 -> 26
  27 [label = o2]
  15 -> 27
  28 [label = o3]
  14 -> 28
  29 [label = o4]
  11 -> 29
  30 [label = o5]
  12 -> 30
}

