Sanity check loss: 1.071314963686872 distance from kalman filter :  0.0
[00004] New best score: 1.8824e+01
Graph: digraph {
  0 [label = i0]
  1 [label = i1]
  2 [label = i2]
  3 [label = i3]
  4 [label = i4]
  5 [label = i5]
  6 [label = "minus"]
  4 -> 6 [color = red]
  2 -> 6 [color = blue]
  7 [label = "minus"]
  4 -> 7 [color = red]
  6 -> 7 [color = blue]
  8 [label = "transpose"]
  0 -> 8
  14 [label = "transpose"]
  8 -> 14
  16 [label = "add"]
  14 -> 16 [color = red]
  7 -> 16 [color = blue]
  18 [label = "matmul"]
  5 -> 18 [color = red]
  0 -> 18 [color = blue]
  25 [label = o0]
  14 -> 25
  26 [label = o1]
  6 -> 26
  27 [label = o2]
  4 -> 27
  28 [label = o3]
  18 -> 28
  29 [label = o4]
  16 -> 29
  30 [label = o5]
  18 -> 30
}

[00149] New best score: 2.0742e+00
Graph: digraph {
  0 [label = i0]
  1 [label = i1]
  2 [label = i2]
  3 [label = i3]
  4 [label = i4]
  5 [label = i5]
  6 [label = "transpose"]
  4 -> 6
  7 [label = "minus"]
  3 -> 7 [color = red]
  1 -> 7 [color = blue]
  8 [label = "minus"]
  7 -> 8 [color = red]
  6 -> 8 [color = blue]
  12 [label = "inv"]
  8 -> 12
  14 [label = "transpose"]
  2 -> 14
  15 [label = "matmul"]
  14 -> 15 [color = red]
  7 -> 15 [color = blue]
  16 [label = "matmul"]
  0 -> 16 [color = red]
  12 -> 16 [color = blue]
  18 [label = "transpose"]
  12 -> 18
  19 [label = "transpose"]
  6 -> 19
  24 [label = "transpose"]
  15 -> 24
  25 [label = o0]
  16 -> 25
  26 [label = o1]
  24 -> 26
  27 [label = o2]
  3 -> 27
  28 [label = o3]
  18 -> 28
  29 [label = o4]
  6 -> 29
  30 [label = o5]
  19 -> 30
}

[1840528] New best score: 2.0726e+00
Graph: digraph {
  0 [label = i0]
  1 [label = i1]
  2 [label = i2]
  3 [label = i3]
  4 [label = i4]
  5 [label = i5]
  6 [label = "matmul"]
  2 -> 6 [color = red]
  0 -> 6 [color = blue]
  7 [label = "inv"]
  1 -> 7
  8 [label = "minus"]
  2 -> 8 [color = red]
  2 -> 8 [color = blue]
  9 [label = "transpose"]
  0 -> 9
  10 [label = "matmul"]
  2 -> 10 [color = red]
  8 -> 10 [color = blue]
  12 [label = "inv"]
  7 -> 12
  13 [label = "matmul"]
  10 -> 13 [color = red]
  12 -> 13 [color = blue]
  14 [label = "add"]
  0 -> 14 [color = red]
  10 -> 14 [color = blue]
  16 [label = "minus"]
  5 -> 16 [color = red]
  1 -> 16 [color = blue]
  20 [label = "matmul"]
  9 -> 20 [color = red]
  2 -> 20 [color = blue]
  22 [label = "add"]
  6 -> 22 [color = red]
  4 -> 22 [color = blue]
  25 [label = o0]
  20 -> 25
  26 [label = o1]
  16 -> 26
  27 [label = o2]
  3 -> 27
  28 [label = o3]
  14 -> 28
  29 [label = o4]
  13 -> 29
  30 [label = o5]
  22 -> 30
}

[15534464] New best score: 2.0718e+00
Graph: digraph {
  0 [label = i0]
  1 [label = i1]
  2 [label = i2]
  3 [label = i3]
  4 [label = i4]
  5 [label = i5]
  6 [label = "add"]
  2 -> 6 [color = red]
  5 -> 6 [color = blue]
  7 [label = "minus"]
  4 -> 7 [color = red]
  4 -> 7 [color = blue]
  8 [label = "matmul"]
  5 -> 8 [color = red]
  6 -> 8 [color = blue]
  9 [label = "inv"]
  6 -> 9
  10 [label = "minus"]
  3 -> 10 [color = red]
  4 -> 10 [color = blue]
  11 [label = "matmul"]
  4 -> 11 [color = red]
  9 -> 11 [color = blue]
  12 [label = "transpose"]
  8 -> 12
  13 [label = "add"]
  6 -> 13 [color = red]
  10 -> 13 [color = blue]
  14 [label = "inv"]
  12 -> 14
  15 [label = "minus"]
  13 -> 15 [color = red]
  13 -> 15 [color = blue]
  18 [label = "minus"]
  4 -> 18 [color = red]
  8 -> 18 [color = blue]
  25 [label = o0]
  4 -> 25
  26 [label = o1]
  15 -> 26
  27 [label = o2]
  18 -> 27
  28 [label = o3]
  14 -> 28
  29 [label = o4]
  7 -> 29
  30 [label = o5]
  11 -> 30
}

[31007322] New best score: 2.0448e+00
Graph: digraph {
  0 [label = i0]
  1 [label = i1]
  2 [label = i2]
  3 [label = i3]
  4 [label = i4]
  5 [label = i5]
  6 [label = "add"]
  5 -> 6 [color = red]
  2 -> 6 [color = blue]
  8 [label = "inv"]
  2 -> 8
  9 [label = "matmul"]
  1 -> 9 [color = red]
  8 -> 9 [color = blue]
  12 [label = "transpose"]
  8 -> 12
  16 [label = "matmul"]
  12 -> 16 [color = red]
  0 -> 16 [color = blue]
  23 [label = "add"]
  16 -> 23 [color = red]
  4 -> 23 [color = blue]
  25 [label = o0]
  4 -> 25
  26 [label = o1]
  6 -> 26
  27 [label = o2]
  9 -> 27
  28 [label = o3]
  23 -> 28
  29 [label = o4]
  1 -> 29
  30 [label = o5]
  23 -> 30
}

[36850188] New best score: 1.5448e+00
Graph: digraph {
  0 [label = i0]
  1 [label = i1]
  2 [label = i2]
  3 [label = i3]
  4 [label = i4]
  5 [label = i5]
  6 [label = "inv"]
  2 -> 6
  7 [label = "transpose"]
  4 -> 7
  9 [label = "transpose"]
  0 -> 9
  11 [label = "transpose"]
  6 -> 11
  13 [label = "add"]
  7 -> 13 [color = red]
  9 -> 13 [color = blue]
  14 [label = "matmul"]
  6 -> 14 [color = red]
  13 -> 14 [color = blue]
  16 [label = "matmul"]
  1 -> 16 [color = red]
  11 -> 16 [color = blue]
  24 [label = "add"]
  5 -> 24 [color = red]
  1 -> 24 [color = blue]
  25 [label = o0]
  7 -> 25
  26 [label = o1]
  24 -> 26
  27 [label = o2]
  0 -> 27
  28 [label = o3]
  13 -> 28
  29 [label = o4]
  16 -> 29
  30 [label = o5]
  14 -> 30
}

[37781459] New best score: 1.1323e+00
Graph: digraph {
  0 [label = i0]
  1 [label = i1]
  2 [label = i2]
  3 [label = i3]
  4 [label = i4]
  5 [label = i5]
  6 [label = "transpose"]
  4 -> 6
  8 [label = "add"]
  5 -> 8 [color = red]
  5 -> 8 [color = blue]
  10 [label = "add"]
  4 -> 10 [color = red]
  0 -> 10 [color = blue]
  11 [label = "add"]
  6 -> 11 [color = red]
  10 -> 11 [color = blue]
  12 [label = "add"]
  4 -> 12 [color = red]
  11 -> 12 [color = blue]
  15 [label = "minus"]
  11 -> 15 [color = red]
  4 -> 15 [color = blue]
  18 [label = "transpose"]
  12 -> 18
  19 [label = "inv"]
  8 -> 19
  21 [label = "matmul"]
  15 -> 21 [color = red]
  2 -> 21 [color = blue]
  24 [label = "transpose"]
  21 -> 24
  25 [label = o0]
  10 -> 25
  26 [label = o1]
  19 -> 26
  27 [label = o2]
  4 -> 27
  28 [label = o3]
  24 -> 28
  29 [label = o4]
  18 -> 29
  30 [label = o5]
  24 -> 30
}

