Sanity check loss: 1.071314963686872 distance from kalman filter :  0.0
[00015] New best score: 1.8824e+01
Graph: digraph {
  0 [label = i0]
  1 [label = i1]
  2 [label = i2]
  3 [label = i3]
  4 [label = i4]
  5 [label = i5]
  6 [label = "minus"]
  5 -> 6 [color = red]
  1 -> 6 [color = blue]
  7 [label = "transpose"]
  1 -> 7
  8 [label = "add"]
  0 -> 8 [color = red]
  6 -> 8 [color = blue]
  9 [label = "minus"]
  2 -> 9 [color = red]
  3 -> 9 [color = blue]
  12 [label = "matmul"]
  0 -> 12 [color = red]
  9 -> 12 [color = blue]
  13 [label = "add"]
  12 -> 13 [color = red]
  0 -> 13 [color = blue]
  16 [label = "add"]
  13 -> 16 [color = red]
  1 -> 16 [color = blue]
  17 [label = "matmul"]
  12 -> 17 [color = red]
  8 -> 17 [color = blue]
  19 [label = "transpose"]
  7 -> 19
  25 [label = o0]
  17 -> 25
  26 [label = o1]
  9 -> 26
  27 [label = o2]
  16 -> 27
  28 [label = o3]
  19 -> 28
  29 [label = o4]
  1 -> 29
  30 [label = o5]
  12 -> 30
}

[00391] New best score: 2.0742e+00
Graph: digraph {
  0 [label = i0]
  1 [label = i1]
  2 [label = i2]
  3 [label = i3]
  4 [label = i4]
  5 [label = i5]
  6 [label = "add"]
  3 -> 6 [color = red]
  2 -> 6 [color = blue]
  10 [label = "matmul"]
  1 -> 10 [color = red]
  2 -> 10 [color = blue]
  14 [label = "inv"]
  10 -> 14
  19 [label = "add"]
  1 -> 19 [color = red]
  14 -> 19 [color = blue]
  22 [label = "add"]
  19 -> 22 [color = red]
  14 -> 22 [color = blue]
  25 [label = o0]
  4 -> 25
  26 [label = o1]
  19 -> 26
  27 [label = o2]
  6 -> 27
  28 [label = o3]
  22 -> 28
  29 [label = o4]
  4 -> 29
  30 [label = o5]
  4 -> 30
}

[242173] New best score: 2.0726e+00
Graph: digraph {
  0 [label = i0]
  1 [label = i1]
  2 [label = i2]
  3 [label = i3]
  4 [label = i4]
  5 [label = i5]
  6 [label = "add"]
  1 -> 6 [color = red]
  0 -> 6 [color = blue]
  7 [label = "inv"]
  1 -> 7
  8 [label = "inv"]
  6 -> 8
  10 [label = "matmul"]
  0 -> 10 [color = red]
  2 -> 10 [color = blue]
  11 [label = "minus"]
  4 -> 11 [color = red]
  0 -> 11 [color = blue]
  15 [label = "add"]
  11 -> 15 [color = red]
  10 -> 15 [color = blue]
  17 [label = "add"]
  6 -> 17 [color = red]
  15 -> 17 [color = blue]
  18 [label = "transpose"]
  17 -> 18
  23 [label = "matmul"]
  8 -> 23 [color = red]
  6 -> 23 [color = blue]
  24 [label = "transpose"]
  7 -> 24
  25 [label = o0]
  0 -> 25
  26 [label = o1]
  24 -> 26
  27 [label = o2]
  18 -> 27
  28 [label = o3]
  23 -> 28
  29 [label = o4]
  5 -> 29
  30 [label = o5]
  15 -> 30
}

[531479] New best score: 2.0726e+00
Graph: digraph {
  0 [label = i0]
  1 [label = i1]
  2 [label = i2]
  3 [label = i3]
  4 [label = i4]
  5 [label = i5]
  6 [label = "minus"]
  5 -> 6 [color = red]
  1 -> 6 [color = blue]
  7 [label = "minus"]
  0 -> 7 [color = red]
  2 -> 7 [color = blue]
  8 [label = "transpose"]
  0 -> 8
  9 [label = "matmul"]
  5 -> 9 [color = red]
  4 -> 9 [color = blue]
  13 [label = "matmul"]
  6 -> 13 [color = red]
  8 -> 13 [color = blue]
  17 [label = "add"]
  9 -> 17 [color = red]
  13 -> 17 [color = blue]
  22 [label = "add"]
  17 -> 22 [color = red]
  9 -> 22 [color = blue]
  23 [label = "add"]
  17 -> 23 [color = red]
  22 -> 23 [color = blue]
  25 [label = o0]
  17 -> 25
  26 [label = o1]
  7 -> 26
  27 [label = o2]
  3 -> 27
  28 [label = o3]
  23 -> 28
  29 [label = o4]
  23 -> 29
  30 [label = o5]
  17 -> 30
}

[4767681] New best score: 1.9191e+00
Graph: digraph {
  0 [label = i0]
  1 [label = i1]
  2 [label = i2]
  3 [label = i3]
  4 [label = i4]
  5 [label = i5]
  6 [label = "add"]
  1 -> 6 [color = red]
  2 -> 6 [color = blue]
  8 [label = "matmul"]
  5 -> 8 [color = red]
  1 -> 8 [color = blue]
  10 [label = "add"]
  8 -> 10 [color = red]
  6 -> 10 [color = blue]
  11 [label = "add"]
  4 -> 11 [color = red]
  0 -> 11 [color = blue]
  12 [label = "matmul"]
  2 -> 12 [color = red]
  11 -> 12 [color = blue]
  18 [label = "inv"]
  10 -> 18
  24 [label = "matmul"]
  11 -> 24 [color = red]
  1 -> 24 [color = blue]
  25 [label = o0]
  24 -> 25
  26 [label = o1]
  18 -> 26
  27 [label = o2]
  12 -> 27
  28 [label = o3]
  0 -> 28
  29 [label = o4]
  18 -> 29
  30 [label = o5]
  12 -> 30
}

[13967836] New best score: 1.5664e+00
Graph: digraph {
  0 [label = i0]
  1 [label = i1]
  2 [label = i2]
  3 [label = i3]
  4 [label = i4]
  5 [label = i5]
  6 [label = "add"]
  0 -> 6 [color = red]
  4 -> 6 [color = blue]
  7 [label = "add"]
  1 -> 7 [color = red]
  5 -> 7 [color = blue]
  8 [label = "minus"]
  0 -> 8 [color = red]
  3 -> 8 [color = blue]
  10 [label = "minus"]
  6 -> 10 [color = red]
  4 -> 10 [color = blue]
  11 [label = "add"]
  7 -> 11 [color = red]
  6 -> 11 [color = blue]
  12 [label = "add"]
  6 -> 12 [color = red]
  0 -> 12 [color = blue]
  15 [label = "matmul"]
  7 -> 15 [color = red]
  12 -> 15 [color = blue]
  16 [label = "minus"]
  0 -> 16 [color = red]
  7 -> 16 [color = blue]
  17 [label = "add"]
  16 -> 17 [color = red]
  2 -> 17 [color = blue]
  18 [label = "inv"]
  7 -> 18
  19 [label = "matmul"]
  10 -> 19 [color = red]
  5 -> 19 [color = blue]
  21 [label = "matmul"]
  18 -> 21 [color = red]
  6 -> 21 [color = blue]
  24 [label = "matmul"]
  17 -> 24 [color = red]
  19 -> 24 [color = blue]
  25 [label = o0]
  19 -> 25
  26 [label = o1]
  8 -> 26
  27 [label = o2]
  24 -> 27
  28 [label = o3]
  11 -> 28
  29 [label = o4]
  15 -> 29
  30 [label = o5]
  21 -> 30
}

[45250770] New best score: 1.1468e+00
Graph: digraph {
  0 [label = i0]
  1 [label = i1]
  2 [label = i2]
  3 [label = i3]
  4 [label = i4]
  5 [label = i5]
  6 [label = "add"]
  2 -> 6 [color = red]
  5 -> 6 [color = blue]
  7 [label = "minus"]
  1 -> 7 [color = red]
  5 -> 7 [color = blue]
  8 [label = "inv"]
  6 -> 8
  10 [label = "matmul"]
  2 -> 10 [color = red]
  7 -> 10 [color = blue]
  12 [label = "add"]
  4 -> 12 [color = red]
  0 -> 12 [color = blue]
  15 [label = "matmul"]
  7 -> 15 [color = red]
  10 -> 15 [color = blue]
  16 [label = "matmul"]
  5 -> 16 [color = red]
  2 -> 16 [color = blue]
  17 [label = "transpose"]
  12 -> 17
  18 [label = "transpose"]
  3 -> 18
  21 [label = "matmul"]
  17 -> 21 [color = red]
  8 -> 21 [color = blue]
  25 [label = o0]
  21 -> 25
  26 [label = o1]
  16 -> 26
  27 [label = o2]
  18 -> 27
  28 [label = o3]
  15 -> 28
  29 [label = o4]
  0 -> 29
  30 [label = o5]
  21 -> 30
}

[124674501] New best score: 1.1323e+00
Graph: digraph {
  0 [label = i0]
  1 [label = i1]
  2 [label = i2]
  3 [label = i3]
  4 [label = i4]
  5 [label = i5]
  6 [label = "add"]
  5 -> 6 [color = red]
  5 -> 6 [color = blue]
  7 [label = "inv"]
  6 -> 7
  8 [label = "add"]
  0 -> 8 [color = red]
  4 -> 8 [color = blue]
  9 [label = "minus"]
  4 -> 9 [color = red]
  7 -> 9 [color = blue]
  11 [label = "matmul"]
  2 -> 11 [color = red]
  8 -> 11 [color = blue]
  13 [label = "transpose"]
  4 -> 13
  14 [label = "transpose"]
  11 -> 14
  16 [label = "add"]
  0 -> 16 [color = red]
  14 -> 16 [color = blue]
  18 [label = "minus"]
  3 -> 18 [color = red]
  13 -> 18 [color = blue]
  24 [label = "matmul"]
  7 -> 24 [color = red]
  16 -> 24 [color = blue]
  25 [label = o0]
  4 -> 25
  26 [label = o1]
  7 -> 26
  27 [label = o2]
  9 -> 27
  28 [label = o3]
  24 -> 28
  29 [label = o4]
  18 -> 29
  30 [label = o5]
  14 -> 30
}

[318626768] New best score: 1.1061e+00
Graph: digraph {
  0 [label = i0]
  1 [label = i1]
  2 [label = i2]
  3 [label = i3]
  4 [label = i4]
  5 [label = i5]
  6 [label = "matmul"]
  1 -> 6 [color = red]
  0 -> 6 [color = blue]
  8 [label = "transpose"]
  0 -> 8
  9 [label = "add"]
  1 -> 9 [color = red]
  5 -> 9 [color = blue]
  10 [label = "matmul"]
  6 -> 10 [color = red]
  3 -> 10 [color = blue]
  11 [label = "matmul"]
  1 -> 11 [color = red]
  2 -> 11 [color = blue]
  15 [label = "inv"]
  9 -> 15
  18 [label = "add"]
  0 -> 18 [color = red]
  4 -> 18 [color = blue]
  23 [label = "matmul"]
  11 -> 23 [color = red]
  18 -> 23 [color = blue]
  25 [label = o0]
  8 -> 25
  26 [label = o1]
  15 -> 26
  27 [label = o2]
  10 -> 27
  28 [label = o3]
  23 -> 28
  29 [label = o4]
  15 -> 29
  30 [label = o5]
  23 -> 30
}

[414028068] New best score: 1.0912e+00
Graph: digraph {
  0 [label = i0]
  1 [label = i1]
  2 [label = i2]
  3 [label = i3]
  4 [label = i4]
  5 [label = i5]
  6 [label = "matmul"]
  1 -> 6 [color = red]
  4 -> 6 [color = blue]
  7 [label = "transpose"]
  0 -> 7
  8 [label = "add"]
  1 -> 8 [color = red]
  5 -> 8 [color = blue]
  9 [label = "inv"]
  8 -> 9
  11 [label = "add"]
  6 -> 11 [color = red]
  7 -> 11 [color = blue]
  12 [label = "minus"]
  0 -> 12 [color = red]
  6 -> 12 [color = blue]
  19 [label = "transpose"]
  8 -> 19
  23 [label = "matmul"]
  9 -> 23 [color = red]
  11 -> 23 [color = blue]
  24 [label = "minus"]
  11 -> 24 [color = red]
  12 -> 24 [color = blue]
  25 [label = o0]
  12 -> 25
  26 [label = o1]
  19 -> 26
  27 [label = o2]
  24 -> 27
  28 [label = o3]
  2 -> 28
  29 [label = o4]
  9 -> 29
  30 [label = o5]
  23 -> 30
}

[546970232] New best score: 1.0835e+00
Graph: digraph {
  0 [label = i0]
  1 [label = i1]
  2 [label = i2]
  3 [label = i3]
  4 [label = i4]
  5 [label = i5]
  6 [label = "add"]
  4 -> 6 [color = red]
  0 -> 6 [color = blue]
  8 [label = "inv"]
  1 -> 8
  9 [label = "add"]
  5 -> 9 [color = red]
  8 -> 9 [color = blue]
  10 [label = "transpose"]
  1 -> 10
  12 [label = "matmul"]
  2 -> 12 [color = red]
  6 -> 12 [color = blue]
  14 [label = "inv"]
  9 -> 14
  16 [label = "matmul"]
  6 -> 16 [color = red]
  10 -> 16 [color = blue]
  17 [label = "transpose"]
  5 -> 17
  21 [label = "transpose"]
  0 -> 21
  25 [label = o0]
  21 -> 25
  26 [label = o1]
  14 -> 26
  27 [label = o2]
  14 -> 27
  28 [label = o3]
  16 -> 28
  29 [label = o4]
  17 -> 29
  30 [label = o5]
  12 -> 30
}

