Sanity check loss: 1.071314963686872 distance from kalman filter :  0.0
[00019] New best score: 1.8824e+01
Graph: digraph {
  0 [label = i0]
  1 [label = i1]
  2 [label = i2]
  3 [label = i3]
  4 [label = i4]
  5 [label = i5]
  6 [label = "minus"]
  5 -> 6 [color = red]
  3 -> 6 [color = blue]
  12 [label = "transpose"]
  6 -> 12
  13 [label = "add"]
  3 -> 13 [color = red]
  2 -> 13 [color = blue]
  16 [label = "transpose"]
  4 -> 16
  25 [label = o0]
  16 -> 25
  26 [label = o1]
  12 -> 26
  27 [label = o2]
  13 -> 27
  28 [label = o3]
  12 -> 28
  29 [label = o4]
  12 -> 29
  30 [label = o5]
  0 -> 30
}

[00072] New best score: 1.5334e+01
Graph: digraph {
  0 [label = i0]
  1 [label = i1]
  2 [label = i2]
  3 [label = i3]
  4 [label = i4]
  5 [label = i5]
  6 [label = "matmul"]
  3 -> 6 [color = red]
  4 -> 6 [color = blue]
  10 [label = "transpose"]
  2 -> 10
  25 [label = o0]
  4 -> 25
  26 [label = o1]
  10 -> 26
  27 [label = o2]
  1 -> 27
  28 [label = o3]
  5 -> 28
  29 [label = o4]
  6 -> 29
  30 [label = o5]
  6 -> 30
}

[00412] New best score: 2.0742e+00
Graph: digraph {
  0 [label = i0]
  1 [label = i1]
  2 [label = i2]
  3 [label = i3]
  4 [label = i4]
  5 [label = i5]
  6 [label = "matmul"]
  4 -> 6 [color = red]
  0 -> 6 [color = blue]
  7 [label = "transpose"]
  1 -> 7
  10 [label = "inv"]
  7 -> 10
  12 [label = "minus"]
  4 -> 12 [color = red]
  10 -> 12 [color = blue]
  13 [label = "add"]
  1 -> 13 [color = red]
  12 -> 13 [color = blue]
  20 [label = "inv"]
  2 -> 20
  21 [label = "add"]
  6 -> 21 [color = red]
  0 -> 21 [color = blue]
  24 [label = "transpose"]
  13 -> 24
  25 [label = o0]
  21 -> 25
  26 [label = o1]
  5 -> 26
  27 [label = o2]
  20 -> 27
  28 [label = o3]
  24 -> 28
  29 [label = o4]
  5 -> 29
  30 [label = o5]
  4 -> 30
}

[371817] New best score: 2.0742e+00
Graph: digraph {
  0 [label = i0]
  1 [label = i1]
  2 [label = i2]
  3 [label = i3]
  4 [label = i4]
  5 [label = i5]
  6 [label = "add"]
  2 -> 6 [color = red]
  0 -> 6 [color = blue]
  7 [label = "minus"]
  6 -> 7 [color = red]
  0 -> 7 [color = blue]
  9 [label = "minus"]
  6 -> 9 [color = red]
  0 -> 9 [color = blue]
  13 [label = "matmul"]
  4 -> 13 [color = red]
  9 -> 13 [color = blue]
  15 [label = "add"]
  13 -> 15 [color = red]
  0 -> 15 [color = blue]
  25 [label = o0]
  15 -> 25
  26 [label = o1]
  7 -> 26
  27 [label = o2]
  4 -> 27
  28 [label = o3]
  9 -> 28
  29 [label = o4]
  4 -> 29
  30 [label = o5]
  13 -> 30
}

[1000707] New best score: 2.0742e+00
Graph: digraph {
  0 [label = i0]
  1 [label = i1]
  2 [label = i2]
  3 [label = i3]
  4 [label = i4]
  5 [label = i5]
  6 [label = "add"]
  2 -> 6 [color = red]
  3 -> 6 [color = blue]
  7 [label = "transpose"]
  3 -> 7
  8 [label = "inv"]
  6 -> 8
  9 [label = "inv"]
  2 -> 9
  11 [label = "transpose"]
  9 -> 11
  12 [label = "matmul"]
  11 -> 12 [color = red]
  4 -> 12 [color = blue]
  13 [label = "inv"]
  8 -> 13
  16 [label = "matmul"]
  13 -> 16 [color = red]
  5 -> 16 [color = blue]
  19 [label = "matmul"]
  12 -> 19 [color = red]
  2 -> 19 [color = blue]
  25 [label = o0]
  12 -> 25
  26 [label = o1]
  16 -> 26
  27 [label = o2]
  7 -> 27
  28 [label = o3]
  9 -> 28
  29 [label = o4]
  16 -> 29
  30 [label = o5]
  19 -> 30
}

[3377222] New best score: 2.0726e+00
Graph: digraph {
  0 [label = i0]
  1 [label = i1]
  2 [label = i2]
  3 [label = i3]
  4 [label = i4]
  5 [label = i5]
  6 [label = "matmul"]
  5 -> 6 [color = red]
  4 -> 6 [color = blue]
  8 [label = "matmul"]
  1 -> 8 [color = red]
  0 -> 8 [color = blue]
  9 [label = "minus"]
  0 -> 9 [color = red]
  8 -> 9 [color = blue]
  10 [label = "add"]
  9 -> 10 [color = red]
  6 -> 10 [color = blue]
  14 [label = "inv"]
  1 -> 14
  17 [label = "transpose"]
  14 -> 17
  21 [label = "add"]
  8 -> 21 [color = red]
  3 -> 21 [color = blue]
  25 [label = o0]
  9 -> 25
  26 [label = o1]
  5 -> 26
  27 [label = o2]
  17 -> 27
  28 [label = o3]
  21 -> 28
  29 [label = o4]
  3 -> 29
  30 [label = o5]
  10 -> 30
}

[4575876] New best score: 1.4560e+00
Graph: digraph {
  0 [label = i0]
  1 [label = i1]
  2 [label = i2]
  3 [label = i3]
  4 [label = i4]
  5 [label = i5]
  6 [label = "matmul"]
  0 -> 6 [color = red]
  1 -> 6 [color = blue]
  7 [label = "add"]
  5 -> 7 [color = red]
  1 -> 7 [color = blue]
  8 [label = "add"]
  6 -> 8 [color = red]
  4 -> 8 [color = blue]
  9 [label = "minus"]
  0 -> 9 [color = red]
  8 -> 9 [color = blue]
  10 [label = "inv"]
  7 -> 10
  12 [label = "transpose"]
  5 -> 12
  13 [label = "add"]
  8 -> 13 [color = red]
  8 -> 13 [color = blue]
  17 [label = "matmul"]
  8 -> 17 [color = red]
  10 -> 17 [color = blue]
  20 [label = "add"]
  12 -> 20 [color = red]
  5 -> 20 [color = blue]
  25 [label = o0]
  9 -> 25
  26 [label = o1]
  12 -> 26
  27 [label = o2]
  1 -> 27
  28 [label = o3]
  20 -> 28
  29 [label = o4]
  13 -> 29
  30 [label = o5]
  17 -> 30
}

[48944919] New best score: 1.1534e+00
Graph: digraph {
  0 [label = i0]
  1 [label = i1]
  2 [label = i2]
  3 [label = i3]
  4 [label = i4]
  5 [label = i5]
  6 [label = "matmul"]
  4 -> 6 [color = red]
  1 -> 6 [color = blue]
  8 [label = "add"]
  6 -> 8 [color = red]
  0 -> 8 [color = blue]
  9 [label = "add"]
  2 -> 9 [color = red]
  1 -> 9 [color = blue]
  12 [label = "minus"]
  6 -> 12 [color = red]
  0 -> 12 [color = blue]
  13 [label = "inv"]
  2 -> 13
  14 [label = "inv"]
  9 -> 14
  16 [label = "matmul"]
  8 -> 16 [color = red]
  14 -> 16 [color = blue]
  24 [label = "transpose"]
  14 -> 24
  25 [label = o0]
  12 -> 25
  26 [label = o1]
  2 -> 26
  27 [label = o2]
  5 -> 27
  28 [label = o3]
  24 -> 28
  29 [label = o4]
  13 -> 29
  30 [label = o5]
  16 -> 30
}

[96132214] New best score: 1.1468e+00
Graph: digraph {
  0 [label = i0]
  1 [label = i1]
  2 [label = i2]
  3 [label = i3]
  4 [label = i4]
  5 [label = i5]
  6 [label = "add"]
  2 -> 6 [color = red]
  5 -> 6 [color = blue]
  8 [label = "inv"]
  2 -> 8
  9 [label = "minus"]
  1 -> 9 [color = red]
  5 -> 9 [color = blue]
  11 [label = "inv"]
  8 -> 11
  12 [label = "minus"]
  9 -> 12 [color = red]
  5 -> 12 [color = blue]
  13 [label = "add"]
  4 -> 13 [color = red]
  0 -> 13 [color = blue]
  14 [label = "inv"]
  6 -> 14
  16 [label = "matmul"]
  5 -> 16 [color = red]
  14 -> 16 [color = blue]
  20 [label = "matmul"]
  16 -> 20 [color = red]
  13 -> 20 [color = blue]
  25 [label = o0]
  0 -> 25
  26 [label = o1]
  11 -> 26
  27 [label = o2]
  12 -> 27
  28 [label = o3]
  14 -> 28
  29 [label = o4]
  16 -> 29
  30 [label = o5]
  20 -> 30
}

[101095701] New best score: 1.0905e+00
Graph: digraph {
  0 [label = i0]
  1 [label = i1]
  2 [label = i2]
  3 [label = i3]
  4 [label = i4]
  5 [label = i5]
  6 [label = "add"]
  5 -> 6 [color = red]
  1 -> 6 [color = blue]
  8 [label = "add"]
  4 -> 8 [color = red]
  0 -> 8 [color = blue]
  10 [label = "matmul"]
  1 -> 10 [color = red]
  8 -> 10 [color = blue]
  11 [label = "minus"]
  3 -> 11 [color = red]
  4 -> 11 [color = blue]
  14 [label = "inv"]
  6 -> 14
  15 [label = "matmul"]
  14 -> 15 [color = red]
  10 -> 15 [color = blue]
  21 [label = "add"]
  11 -> 21 [color = red]
  15 -> 21 [color = blue]
  24 [label = "transpose"]
  15 -> 24
  25 [label = o0]
  4 -> 25
  26 [label = o1]
  14 -> 26
  27 [label = o2]
  3 -> 27
  28 [label = o3]
  21 -> 28
  29 [label = o4]
  3 -> 29
  30 [label = o5]
  24 -> 30
}

[328455760] New best score: 1.0905e+00
Graph: digraph {
  0 [label = i0]
  1 [label = i1]
  2 [label = i2]
  3 [label = i3]
  4 [label = i4]
  5 [label = i5]
  6 [label = "inv"]
  1 -> 6
  10 [label = "add"]
  4 -> 10 [color = red]
  0 -> 10 [color = blue]
  11 [label = "inv"]
  5 -> 11
  13 [label = "minus"]
  10 -> 13 [color = red]
  11 -> 13 [color = blue]
  15 [label = "add"]
  11 -> 15 [color = red]
  6 -> 15 [color = blue]
  17 [label = "inv"]
  15 -> 17
  23 [label = "matmul"]
  17 -> 23 [color = red]
  10 -> 23 [color = blue]
  24 [label = "matmul"]
  10 -> 24 [color = red]
  13 -> 24 [color = blue]
  25 [label = o0]
  24 -> 25
  26 [label = o1]
  13 -> 26
  27 [label = o2]
  6 -> 27
  28 [label = o3]
  1 -> 28
  29 [label = o4]
  10 -> 29
  30 [label = o5]
  23 -> 30
}

[570905662] New best score: 1.0835e+00
Graph: digraph {
  0 [label = i0]
  1 [label = i1]
  2 [label = i2]
  3 [label = i3]
  4 [label = i4]
  5 [label = i5]
  6 [label = "add"]
  0 -> 6 [color = red]
  4 -> 6 [color = blue]
  7 [label = "inv"]
  2 -> 7
  8 [label = "transpose"]
  7 -> 8
  9 [label = "matmul"]
  6 -> 9 [color = red]
  8 -> 9 [color = blue]
  10 [label = "minus"]
  5 -> 10 [color = red]
  5 -> 10 [color = blue]
  11 [label = "add"]
  7 -> 11 [color = red]
  10 -> 11 [color = blue]
  14 [label = "inv"]
  1 -> 14
  16 [label = "minus"]
  9 -> 16 [color = red]
  6 -> 16 [color = blue]
  21 [label = "add"]
  5 -> 21 [color = red]
  14 -> 21 [color = blue]
  25 [label = o0]
  16 -> 25
  26 [label = o1]
  21 -> 26
  27 [label = o2]
  9 -> 27
  28 [label = o3]
  3 -> 28
  29 [label = o4]
  11 -> 29
  30 [label = o5]
  9 -> 30
}

