Sanity check loss: 1.071314963686872 distance from kalman filter :  0.0
[00005] New best score: 1.8824e+01
Graph: digraph {
  0 [label = i0]
  1 [label = i1]
  2 [label = i2]
  3 [label = i3]
  4 [label = i4]
  5 [label = i5]
  6 [label = "add"]
  3 -> 6 [color = red]
  5 -> 6 [color = blue]
  9 [label = "matmul"]
  0 -> 9 [color = red]
  6 -> 9 [color = blue]
  11 [label = "transpose"]
  1 -> 11
  17 [label = "matmul"]
  6 -> 17 [color = red]
  9 -> 17 [color = blue]
  18 [label = "add"]
  17 -> 18 [color = red]
  4 -> 18 [color = blue]
  21 [label = "add"]
  18 -> 21 [color = red]
  0 -> 21 [color = blue]
  25 [label = o0]
  17 -> 25
  26 [label = o1]
  11 -> 26
  27 [label = o2]
  21 -> 27
  28 [label = o3]
  6 -> 28
  29 [label = o4]
  11 -> 29
  30 [label = o5]
  9 -> 30
}

[00189] New best score: 2.0742e+00
Graph: digraph {
  0 [label = i0]
  1 [label = i1]
  2 [label = i2]
  3 [label = i3]
  4 [label = i4]
  5 [label = i5]
  6 [label = "transpose"]
  4 -> 6
  8 [label = "transpose"]
  4 -> 8
  13 [label = "transpose"]
  4 -> 13
  15 [label = "minus"]
  13 -> 15 [color = red]
  0 -> 15 [color = blue]
  16 [label = "transpose"]
  8 -> 16
  25 [label = o0]
  0 -> 25
  26 [label = o1]
  5 -> 26
  27 [label = o2]
  15 -> 27
  28 [label = o3]
  16 -> 28
  29 [label = o4]
  6 -> 29
  30 [label = o5]
  4 -> 30
}

[145586] New best score: 1.1323e+00
Graph: digraph {
  0 [label = i0]
  1 [label = i1]
  2 [label = i2]
  3 [label = i3]
  4 [label = i4]
  5 [label = i5]
  9 [label = "transpose"]
  0 -> 9
  10 [label = "add"]
  5 -> 10 [color = red]
  5 -> 10 [color = blue]
  11 [label = "matmul"]
  2 -> 11 [color = red]
  2 -> 11 [color = blue]
  13 [label = "add"]
  9 -> 13 [color = red]
  4 -> 13 [color = blue]
  15 [label = "inv"]
  10 -> 15
  20 [label = "transpose"]
  4 -> 20
  23 [label = "matmul"]
  2 -> 23 [color = red]
  13 -> 23 [color = blue]
  25 [label = o0]
  13 -> 25
  26 [label = o1]
  15 -> 26
  27 [label = o2]
  4 -> 27
  28 [label = o3]
  11 -> 28
  29 [label = o4]
  20 -> 29
  30 [label = o5]
  23 -> 30
}

[109750375] New best score: 1.0856e+00
Graph: digraph {
  0 [label = i0]
  1 [label = i1]
  2 [label = i2]
  3 [label = i3]
  4 [label = i4]
  5 [label = i5]
  8 [label = "matmul"]
  1 -> 8 [color = red]
  4 -> 8 [color = blue]
  9 [label = "transpose"]
  5 -> 9
  10 [label = "transpose"]
  8 -> 10
  11 [label = "transpose"]
  0 -> 11
  14 [label = "add"]
  10 -> 14 [color = red]
  0 -> 14 [color = blue]
  16 [label = "add"]
  9 -> 16 [color = red]
  2 -> 16 [color = blue]
  17 [label = "inv"]
  16 -> 17
  18 [label = "matmul"]
  17 -> 18 [color = red]
  11 -> 18 [color = blue]
  21 [label = "transpose"]
  1 -> 21
  24 [label = "matmul"]
  14 -> 24 [color = red]
  17 -> 24 [color = blue]
  25 [label = o0]
  4 -> 25
  26 [label = o1]
  21 -> 26
  27 [label = o2]
  18 -> 27
  28 [label = o3]
  2 -> 28
  29 [label = o4]
  0 -> 29
  30 [label = o5]
  24 -> 30
}

