Sanity check loss: 1.071314963686872 distance from kalman filter :  0.0
[00053] New best score: 1.8824e+01
Graph: digraph {
  0 [label = i0]
  1 [label = i1]
  2 [label = i2]
  3 [label = i3]
  4 [label = i4]
  5 [label = i5]
  12 [label = "add"]
  3 -> 12 [color = red]
  2 -> 12 [color = blue]
  13 [label = "add"]
  3 -> 13 [color = red]
  12 -> 13 [color = blue]
  16 [label = "transpose"]
  2 -> 16
  17 [label = "minus"]
  1 -> 17 [color = red]
  1 -> 17 [color = blue]
  18 [label = "add"]
  16 -> 18 [color = red]
  1 -> 18 [color = blue]
  22 [label = "matmul"]
  17 -> 22 [color = red]
  4 -> 22 [color = blue]
  25 [label = o0]
  22 -> 25
  26 [label = o1]
  12 -> 26
  27 [label = o2]
  13 -> 27
  28 [label = o3]
  18 -> 28
  29 [label = o4]
  5 -> 29
  30 [label = o5]
  0 -> 30
}

[00125] New best score: 2.0742e+00
Graph: digraph {
  0 [label = i0]
  1 [label = i1]
  2 [label = i2]
  3 [label = i3]
  4 [label = i4]
  5 [label = i5]
  6 [label = "matmul"]
  5 -> 6 [color = red]
  3 -> 6 [color = blue]
  7 [label = "transpose"]
  3 -> 7
  8 [label = "minus"]
  0 -> 8 [color = red]
  4 -> 8 [color = blue]
  10 [label = "minus"]
  8 -> 10 [color = red]
  8 -> 10 [color = blue]
  13 [label = "transpose"]
  10 -> 13
  14 [label = "minus"]
  7 -> 14 [color = red]
  7 -> 14 [color = blue]
  16 [label = "minus"]
  2 -> 16 [color = red]
  13 -> 16 [color = blue]
  18 [label = "inv"]
  16 -> 18
  22 [label = "transpose"]
  0 -> 22
  23 [label = "add"]
  6 -> 23 [color = red]
  16 -> 23 [color = blue]
  25 [label = o0]
  22 -> 25
  26 [label = o1]
  18 -> 26
  27 [label = o2]
  4 -> 27
  28 [label = o3]
  23 -> 28
  29 [label = o4]
  14 -> 29
  30 [label = o5]
  4 -> 30
}

[1490199] New best score: 2.0726e+00
Graph: digraph {
  0 [label = i0]
  1 [label = i1]
  2 [label = i2]
  3 [label = i3]
  4 [label = i4]
  5 [label = i5]
  6 [label = "matmul"]
  3 -> 6 [color = red]
  3 -> 6 [color = blue]
  7 [label = "matmul"]
  1 -> 7 [color = red]
  0 -> 7 [color = blue]
  8 [label = "add"]
  4 -> 8 [color = red]
  0 -> 8 [color = blue]
  9 [label = "add"]
  6 -> 9 [color = red]
  6 -> 9 [color = blue]
  12 [label = "add"]
  5 -> 12 [color = red]
  6 -> 12 [color = blue]
  13 [label = "matmul"]
  9 -> 13 [color = red]
  4 -> 13 [color = blue]
  16 [label = "matmul"]
  12 -> 16 [color = red]
  12 -> 16 [color = blue]
  17 [label = "matmul"]
  16 -> 17 [color = red]
  9 -> 17 [color = blue]
  19 [label = "matmul"]
  13 -> 19 [color = red]
  17 -> 19 [color = blue]
  23 [label = "minus"]
  8 -> 23 [color = red]
  7 -> 23 [color = blue]
  25 [label = o0]
  7 -> 25
  26 [label = o1]
  17 -> 26
  27 [label = o2]
  23 -> 27
  28 [label = o3]
  4 -> 28
  29 [label = o4]
  19 -> 29
  30 [label = o5]
  23 -> 30
}

[3612568] New best score: 1.5664e+00
Graph: digraph {
  0 [label = i0]
  1 [label = i1]
  2 [label = i2]
  3 [label = i3]
  4 [label = i4]
  5 [label = i5]
  6 [label = "add"]
  5 -> 6 [color = red]
  1 -> 6 [color = blue]
  7 [label = "add"]
  0 -> 7 [color = red]
  4 -> 7 [color = blue]
  10 [label = "inv"]
  6 -> 10
  14 [label = "matmul"]
  10 -> 14 [color = red]
  7 -> 14 [color = blue]
  18 [label = "transpose"]
  14 -> 18
  19 [label = "inv"]
  2 -> 19
  23 [label = "transpose"]
  19 -> 23
  25 [label = o0]
  4 -> 25
  26 [label = o1]
  23 -> 26
  27 [label = o2]
  5 -> 27
  28 [label = o3]
  2 -> 28
  29 [label = o4]
  6 -> 29
  30 [label = o5]
  18 -> 30
}

[4133592] New best score: 1.1581e+00
Graph: digraph {
  0 [label = i0]
  1 [label = i1]
  2 [label = i2]
  3 [label = i3]
  4 [label = i4]
  5 [label = i5]
  6 [label = "transpose"]
  5 -> 6
  7 [label = "matmul"]
  4 -> 7 [color = red]
  1 -> 7 [color = blue]
  8 [label = "add"]
  1 -> 8 [color = red]
  6 -> 8 [color = blue]
  9 [label = "minus"]
  8 -> 9 [color = red]
  5 -> 9 [color = blue]
  10 [label = "add"]
  7 -> 10 [color = red]
  0 -> 10 [color = blue]
  11 [label = "add"]
  9 -> 11 [color = red]
  9 -> 11 [color = blue]
  12 [label = "transpose"]
  8 -> 12
  14 [label = "matmul"]
  2 -> 14 [color = red]
  10 -> 14 [color = blue]
  17 [label = "minus"]
  7 -> 17 [color = red]
  3 -> 17 [color = blue]
  19 [label = "transpose"]
  14 -> 19
  20 [label = "inv"]
  12 -> 20
  21 [label = "transpose"]
  19 -> 21
  22 [label = "matmul"]
  0 -> 22 [color = red]
  4 -> 22 [color = blue]
  25 [label = o0]
  10 -> 25
  26 [label = o1]
  20 -> 26
  27 [label = o2]
  22 -> 27
  28 [label = o3]
  11 -> 28
  29 [label = o4]
  17 -> 29
  30 [label = o5]
  21 -> 30
}

[14251191] New best score: 1.1468e+00
Graph: digraph {
  0 [label = i0]
  1 [label = i1]
  2 [label = i2]
  3 [label = i3]
  4 [label = i4]
  5 [label = i5]
  7 [label = "transpose"]
  2 -> 7
  8 [label = "matmul"]
  1 -> 8 [color = red]
  1 -> 8 [color = blue]
  9 [label = "add"]
  7 -> 9 [color = red]
  7 -> 9 [color = blue]
  11 [label = "minus"]
  7 -> 11 [color = red]
  8 -> 11 [color = blue]
  12 [label = "add"]
  0 -> 12 [color = red]
  4 -> 12 [color = blue]
  16 [label = "inv"]
  9 -> 16
  18 [label = "matmul"]
  16 -> 18 [color = red]
  12 -> 18 [color = blue]
  19 [label = "transpose"]
  4 -> 19
  25 [label = o0]
  12 -> 25
  26 [label = o1]
  2 -> 26
  27 [label = o2]
  19 -> 27
  28 [label = o3]
  11 -> 28
  29 [label = o4]
  2 -> 29
  30 [label = o5]
  18 -> 30
}

[25279639] New best score: 1.1323e+00
Graph: digraph {
  0 [label = i0]
  1 [label = i1]
  2 [label = i2]
  3 [label = i3]
  4 [label = i4]
  5 [label = i5]
  7 [label = "add"]
  0 -> 7 [color = red]
  4 -> 7 [color = blue]
  8 [label = "matmul"]
  7 -> 8 [color = red]
  2 -> 8 [color = blue]
  9 [label = "transpose"]
  8 -> 9
  10 [label = "add"]
  5 -> 10 [color = red]
  5 -> 10 [color = blue]
  13 [label = "transpose"]
  4 -> 13
  16 [label = "minus"]
  9 -> 16 [color = red]
  13 -> 16 [color = blue]
  19 [label = "matmul"]
  16 -> 19 [color = red]
  2 -> 19 [color = blue]
  20 [label = "inv"]
  10 -> 20
  25 [label = o0]
  19 -> 25
  26 [label = o1]
  20 -> 26
  27 [label = o2]
  8 -> 27
  28 [label = o3]
  13 -> 28
  29 [label = o4]
  5 -> 29
  30 [label = o5]
  8 -> 30
}

[256762936] New best score: 1.0905e+00
Graph: digraph {
  0 [label = i0]
  1 [label = i1]
  2 [label = i2]
  3 [label = i3]
  4 [label = i4]
  5 [label = i5]
  6 [label = "transpose"]
  3 -> 6
  7 [label = "add"]
  5 -> 7 [color = red]
  1 -> 7 [color = blue]
  11 [label = "add"]
  4 -> 11 [color = red]
  0 -> 11 [color = blue]
  12 [label = "inv"]
  7 -> 12
  13 [label = "matmul"]
  12 -> 13 [color = red]
  11 -> 13 [color = blue]
  14 [label = "add"]
  2 -> 14 [color = red]
  6 -> 14 [color = blue]
  16 [label = "minus"]
  11 -> 16 [color = red]
  5 -> 16 [color = blue]
  17 [label = "matmul"]
  1 -> 17 [color = red]
  13 -> 17 [color = blue]
  25 [label = o0]
  17 -> 25
  26 [label = o1]
  6 -> 26
  27 [label = o2]
  14 -> 27
  28 [label = o3]
  4 -> 28
  29 [label = o4]
  16 -> 29
  30 [label = o5]
  17 -> 30
}

