Sanity check loss: 1.071314963686872 distance from kalman filter :  0.0
[00066] New best score: 1.8824e+01
Graph: digraph {
  0 [label = i0]
  1 [label = i1]
  2 [label = i2]
  3 [label = i3]
  4 [label = i4]
  5 [label = i5]
  8 [label = "transpose"]
  3 -> 8
  10 [label = "minus"]
  5 -> 10 [color = red]
  1 -> 10 [color = blue]
  12 [label = "matmul"]
  8 -> 12 [color = red]
  0 -> 12 [color = blue]
  14 [label = "transpose"]
  12 -> 14
  16 [label = "add"]
  10 -> 16 [color = red]
  2 -> 16 [color = blue]
  17 [label = "matmul"]
  14 -> 17 [color = red]
  16 -> 17 [color = blue]
  18 [label = "transpose"]
  0 -> 18
  19 [label = "minus"]
  18 -> 19 [color = red]
  17 -> 19 [color = blue]
  25 [label = o0]
  17 -> 25
  26 [label = o1]
  5 -> 26
  27 [label = o2]
  19 -> 27
  28 [label = o3]
  19 -> 28
  29 [label = o4]
  8 -> 29
  30 [label = o5]
  18 -> 30
}

[00626] New best score: 2.0742e+00
Graph: digraph {
  0 [label = i0]
  1 [label = i1]
  2 [label = i2]
  3 [label = i3]
  4 [label = i4]
  5 [label = i5]
  6 [label = "transpose"]
  4 -> 6
  9 [label = "transpose"]
  4 -> 9
  12 [label = "inv"]
  2 -> 12
  13 [label = "add"]
  9 -> 13 [color = red]
  12 -> 13 [color = blue]
  14 [label = "transpose"]
  6 -> 14
  16 [label = "transpose"]
  6 -> 16
  17 [label = "add"]
  13 -> 17 [color = red]
  12 -> 17 [color = blue]
  25 [label = o0]
  14 -> 25
  26 [label = o1]
  17 -> 26
  27 [label = o2]
  12 -> 27
  28 [label = o3]
  2 -> 28
  29 [label = o4]
  3 -> 29
  30 [label = o5]
  16 -> 30
}

[258696] New best score: 2.0737e+00
Graph: digraph {
  0 [label = i0]
  1 [label = i1]
  2 [label = i2]
  3 [label = i3]
  4 [label = i4]
  5 [label = i5]
  6 [label = "inv"]
  2 -> 6
  7 [label = "inv"]
  1 -> 7
  8 [label = "matmul"]
  7 -> 8 [color = red]
  2 -> 8 [color = blue]
  9 [label = "transpose"]
  4 -> 9
  10 [label = "minus"]
  0 -> 10 [color = red]
  6 -> 10 [color = blue]
  13 [label = "minus"]
  9 -> 13 [color = red]
  10 -> 13 [color = blue]
  14 [label = "matmul"]
  8 -> 14 [color = red]
  9 -> 14 [color = blue]
  16 [label = "minus"]
  3 -> 16 [color = red]
  6 -> 16 [color = blue]
  24 [label = "minus"]
  13 -> 24 [color = red]
  3 -> 24 [color = blue]
  25 [label = o0]
  14 -> 25
  26 [label = o1]
  1 -> 26
  27 [label = o2]
  16 -> 27
  28 [label = o3]
  3 -> 28
  29 [label = o4]
  24 -> 29
  30 [label = o5]
  14 -> 30
}

[398031] New best score: 2.0726e+00
Graph: digraph {
  0 [label = i0]
  1 [label = i1]
  2 [label = i2]
  3 [label = i3]
  4 [label = i4]
  5 [label = i5]
  7 [label = "matmul"]
  5 -> 7 [color = red]
  0 -> 7 [color = blue]
  8 [label = "matmul"]
  1 -> 8 [color = red]
  7 -> 8 [color = blue]
  13 [label = "add"]
  7 -> 13 [color = red]
  4 -> 13 [color = blue]
  14 [label = "transpose"]
  8 -> 14
  18 [label = "minus"]
  13 -> 18 [color = red]
  14 -> 18 [color = blue]
  25 [label = o0]
  8 -> 25
  26 [label = o1]
  2 -> 26
  27 [label = o2]
  0 -> 27
  28 [label = o3]
  8 -> 28
  29 [label = o4]
  1 -> 29
  30 [label = o5]
  18 -> 30
}

[3408328] New best score: 1.7548e+00
Graph: digraph {
  0 [label = i0]
  1 [label = i1]
  2 [label = i2]
  3 [label = i3]
  4 [label = i4]
  5 [label = i5]
  6 [label = "minus"]
  5 -> 6 [color = red]
  1 -> 6 [color = blue]
  7 [label = "matmul"]
  3 -> 7 [color = red]
  6 -> 7 [color = blue]
  10 [label = "minus"]
  5 -> 10 [color = red]
  0 -> 10 [color = blue]
  11 [label = "matmul"]
  1 -> 11 [color = red]
  10 -> 11 [color = blue]
  13 [label = "inv"]
  10 -> 13
  14 [label = "matmul"]
  6 -> 14 [color = red]
  13 -> 14 [color = blue]
  18 [label = "matmul"]
  2 -> 18 [color = red]
  4 -> 18 [color = blue]
  19 [label = "add"]
  5 -> 19 [color = red]
  7 -> 19 [color = blue]
  22 [label = "matmul"]
  0 -> 22 [color = red]
  14 -> 22 [color = blue]
  23 [label = "matmul"]
  22 -> 23 [color = red]
  10 -> 23 [color = blue]
  25 [label = o0]
  23 -> 25
  26 [label = o1]
  19 -> 26
  27 [label = o2]
  11 -> 27
  28 [label = o3]
  22 -> 28
  29 [label = o4]
  23 -> 29
  30 [label = o5]
  18 -> 30
}

[3927725] New best score: 1.6263e+00
Graph: digraph {
  0 [label = i0]
  1 [label = i1]
  2 [label = i2]
  3 [label = i3]
  4 [label = i4]
  5 [label = i5]
  6 [label = "minus"]
  1 -> 6 [color = red]
  5 -> 6 [color = blue]
  7 [label = "matmul"]
  4 -> 7 [color = red]
  5 -> 7 [color = blue]
  8 [label = "add"]
  0 -> 8 [color = red]
  7 -> 8 [color = blue]
  9 [label = "minus"]
  3 -> 9 [color = red]
  1 -> 9 [color = blue]
  10 [label = "matmul"]
  8 -> 10 [color = red]
  6 -> 10 [color = blue]
  11 [label = "matmul"]
  1 -> 11 [color = red]
  6 -> 11 [color = blue]
  13 [label = "add"]
  11 -> 13 [color = red]
  7 -> 13 [color = blue]
  15 [label = "minus"]
  1 -> 15 [color = red]
  13 -> 15 [color = blue]
  17 [label = "transpose"]
  6 -> 17
  21 [label = "matmul"]
  10 -> 21 [color = red]
  9 -> 21 [color = blue]
  24 [label = "add"]
  15 -> 24 [color = red]
  17 -> 24 [color = blue]
  25 [label = o0]
  7 -> 25
  26 [label = o1]
  24 -> 26
  27 [label = o2]
  7 -> 27
  28 [label = o3]
  0 -> 28
  29 [label = o4]
  5 -> 29
  30 [label = o5]
  21 -> 30
}

[12658479] New best score: 1.5664e+00
Graph: digraph {
  0 [label = i0]
  1 [label = i1]
  2 [label = i2]
  3 [label = i3]
  4 [label = i4]
  5 [label = i5]
  6 [label = "add"]
  0 -> 6 [color = red]
  4 -> 6 [color = blue]
  7 [label = "inv"]
  1 -> 7
  8 [label = "add"]
  5 -> 8 [color = red]
  1 -> 8 [color = blue]
  10 [label = "transpose"]
  0 -> 10
  13 [label = "transpose"]
  10 -> 13
  22 [label = "inv"]
  8 -> 22
  23 [label = "matmul"]
  22 -> 23 [color = red]
  6 -> 23 [color = blue]
  25 [label = o0]
  23 -> 25
  26 [label = o1]
  7 -> 26
  27 [label = o2]
  0 -> 27
  28 [label = o3]
  7 -> 28
  29 [label = o4]
  13 -> 29
  30 [label = o5]
  23 -> 30
}

[23045919] New best score: 1.5448e+00
Graph: digraph {
  0 [label = i0]
  1 [label = i1]
  2 [label = i2]
  3 [label = i3]
  4 [label = i4]
  5 [label = i5]
  6 [label = "transpose"]
  1 -> 6
  8 [label = "add"]
  5 -> 8 [color = red]
  1 -> 8 [color = blue]
  9 [label = "add"]
  0 -> 9 [color = red]
  4 -> 9 [color = blue]
  10 [label = "add"]
  5 -> 10 [color = red]
  6 -> 10 [color = blue]
  11 [label = "matmul"]
  2 -> 11 [color = red]
  9 -> 11 [color = blue]
  12 [label = "minus"]
  3 -> 12 [color = red]
  2 -> 12 [color = blue]
  15 [label = "inv"]
  8 -> 15
  21 [label = "transpose"]
  4 -> 21
  25 [label = o0]
  11 -> 25
  26 [label = o1]
  15 -> 26
  27 [label = o2]
  12 -> 27
  28 [label = o3]
  21 -> 28
  29 [label = o4]
  10 -> 29
  30 [label = o5]
  11 -> 30
}

[26122401] New best score: 1.5091e+00
Graph: digraph {
  0 [label = i0]
  1 [label = i1]
  2 [label = i2]
  3 [label = i3]
  4 [label = i4]
  5 [label = i5]
  6 [label = "transpose"]
  4 -> 6
  7 [label = "add"]
  3 -> 7 [color = red]
  2 -> 7 [color = blue]
  10 [label = "add"]
  6 -> 10 [color = red]
  0 -> 10 [color = blue]
  11 [label = "inv"]
  1 -> 11
  12 [label = "add"]
  11 -> 12 [color = red]
  11 -> 12 [color = blue]
  13 [label = "inv"]
  2 -> 13
  15 [label = "matmul"]
  13 -> 15 [color = red]
  10 -> 15 [color = blue]
  20 [label = "inv"]
  2 -> 20
  25 [label = o0]
  10 -> 25
  26 [label = o1]
  12 -> 26
  27 [label = o2]
  20 -> 27
  28 [label = o3]
  6 -> 28
  29 [label = o4]
  7 -> 29
  30 [label = o5]
  15 -> 30
}

[30694441] New best score: 1.1468e+00
Graph: digraph {
  0 [label = i0]
  1 [label = i1]
  2 [label = i2]
  3 [label = i3]
  4 [label = i4]
  5 [label = i5]
  7 [label = "add"]
  4 -> 7 [color = red]
  0 -> 7 [color = blue]
  8 [label = "inv"]
  1 -> 8
  9 [label = "add"]
  5 -> 9 [color = red]
  2 -> 9 [color = blue]
  10 [label = "inv"]
  9 -> 10
  12 [label = "add"]
  8 -> 12 [color = red]
  0 -> 12 [color = blue]
  13 [label = "matmul"]
  7 -> 13 [color = red]
  10 -> 13 [color = blue]
  16 [label = "matmul"]
  2 -> 16 [color = red]
  13 -> 16 [color = blue]
  19 [label = "transpose"]
  7 -> 19
  24 [label = "minus"]
  7 -> 24 [color = red]
  16 -> 24 [color = blue]
  25 [label = o0]
  19 -> 25
  26 [label = o1]
  2 -> 26
  27 [label = o2]
  19 -> 27
  28 [label = o3]
  7 -> 28
  29 [label = o4]
  12 -> 29
  30 [label = o5]
  24 -> 30
}

[49500783] New best score: 1.1323e+00
Graph: digraph {
  0 [label = i0]
  1 [label = i1]
  2 [label = i2]
  3 [label = i3]
  4 [label = i4]
  5 [label = i5]
  6 [label = "add"]
  4 -> 6 [color = red]
  0 -> 6 [color = blue]
  7 [label = "minus"]
  1 -> 7 [color = red]
  1 -> 7 [color = blue]
  11 [label = "transpose"]
  5 -> 11
  17 [label = "matmul"]
  2 -> 17 [color = red]
  6 -> 17 [color = blue]
  20 [label = "add"]
  11 -> 20 [color = red]
  11 -> 20 [color = blue]
  23 [label = "inv"]
  20 -> 23
  24 [label = "minus"]
  4 -> 24 [color = red]
  5 -> 24 [color = blue]
  25 [label = o0]
  4 -> 25
  26 [label = o1]
  23 -> 26
  27 [label = o2]
  5 -> 27
  28 [label = o3]
  7 -> 28
  29 [label = o4]
  24 -> 29
  30 [label = o5]
  17 -> 30
}

[97639367] New best score: 1.1047e+00
Graph: digraph {
  0 [label = i0]
  1 [label = i1]
  2 [label = i2]
  3 [label = i3]
  4 [label = i4]
  5 [label = i5]
  6 [label = "add"]
  0 -> 6 [color = red]
  4 -> 6 [color = blue]
  7 [label = "transpose"]
  6 -> 7
  8 [label = "add"]
  5 -> 8 [color = red]
  2 -> 8 [color = blue]
  9 [label = "minus"]
  0 -> 9 [color = red]
  4 -> 9 [color = blue]
  10 [label = "inv"]
  8 -> 10
  12 [label = "matmul"]
  10 -> 12 [color = red]
  7 -> 12 [color = blue]
  14 [label = "add"]
  9 -> 14 [color = red]
  9 -> 14 [color = blue]
  18 [label = "inv"]
  1 -> 18
  25 [label = o0]
  9 -> 25
  26 [label = o1]
  18 -> 26
  27 [label = o2]
  6 -> 27
  28 [label = o3]
  7 -> 28
  29 [label = o4]
  14 -> 29
  30 [label = o5]
  12 -> 30
}

[465942850] New best score: 1.0835e+00
Graph: digraph {
  0 [label = i0]
  1 [label = i1]
  2 [label = i2]
  3 [label = i3]
  4 [label = i4]
  5 [label = i5]
  7 [label = "matmul"]
  0 -> 7 [color = red]
  0 -> 7 [color = blue]
  9 [label = "add"]
  0 -> 9 [color = red]
  4 -> 9 [color = blue]
  13 [label = "inv"]
  1 -> 13
  14 [label = "transpose"]
  13 -> 14
  16 [label = "inv"]
  2 -> 16
  17 [label = "add"]
  2 -> 17 [color = red]
  16 -> 17 [color = blue]
  20 [label = "matmul"]
  4 -> 20 [color = red]
  17 -> 20 [color = blue]
  21 [label = "add"]
  14 -> 21 [color = red]
  5 -> 21 [color = blue]
  22 [label = "matmul"]
  9 -> 22 [color = red]
  16 -> 22 [color = blue]
  25 [label = o0]
  20 -> 25
  26 [label = o1]
  21 -> 26
  27 [label = o2]
  14 -> 27
  28 [label = o3]
  21 -> 28
  29 [label = o4]
  7 -> 29
  30 [label = o5]
  22 -> 30
}

