Detected 4 GPU(s). We will spawn 4 processes.


==== Outer Iteration 0 ====
[Process 2] started on GPU 2, running 10 iterations...
[Process 3] started on GPU 3, running 10 iterations...
[Process 1] started on GPU 1, running 10 iterations...
[Process 0] started on GPU 0, running 10 iterations...
[Process 2] step=0, generation took 519.15s
[Process 2] best score so far: 5.464889953585867, content:
def priority(item: float, bins: np.ndarray) -> np.ndarray:
    return - (item + bins)

[Process 3] step=0, generation took 515.20s
[Process 3] best score so far: 5.464889953585867, content:
def priority(item: float, bins: np.ndarray) -> np.ndarray:
  return (bins + item) / bins

[Process 0] step=0, generation took 515.20s
[Process 0] best score so far: 5.464889953585867, content:
def priority(item: float, bins: np.ndarray) -> np.ndarray:
    return (item / bins) * 100

[Process 1] step=0, generation took 515.48s
[Process 1] best score so far: 5.405000748615066, content:
def priority(item: float, bins: np.ndarray) -> np.ndarray:
  return (bins + item) ** 2 / (bins - item)

[Process 0] step=1, generation took 506.79s
[Process 0] best score so far: 5.464889953585867, content:
def priority(item: float, bins: np.ndarray) -> np.ndarray:
  return (item - bins) * (bins.std() + item)

[Process 3] step=1, generation took 505.87s
[Process 3] best score so far: 5.464889953585867, content:
def priority(item: float, bins: np.ndarray) -> np.ndarray:
    return (item * (bins + 1)) / bins

[Process 2] step=1, generation took 509.18s
[Process 2] best score so far: 5.464889953585867, content:
def priority(item: float, bins: np.ndarray) -> np.ndarray:
    return (bins + item) / (2 * bins)

[Process 1] step=1, generation took 506.76s
[Process 1] best score so far: 5.405000748615066, content:
def priority(item: float, bins: np.ndarray) -> np.ndarray:
  return (bins + item) ** 2 / (bins - item)

[Process 0] step=2, generation took 506.57s
[Process 0] best score so far: 5.41997304985777, content:
def priority(item: float, bins: np.ndarray) -> np.ndarray:
    return (item * np.sin(bins) + bins) / (np.exp(bins) + 1)

[Process 3] step=2, generation took 506.56s
[Process 3] best score so far: 5.464889953585867, content:
def priority(item: float, bins: np.ndarray) -> np.ndarray:
       return (1.0 - bins) - item

[Process 2] step=2, generation took 509.31s
[Process 2] best score so far: 5.330139242401561, content:
def priority(item: float, bins: np.ndarray) -> np.ndarray:
    return np.sin(bins * np.pi / (2 * item))

[Process 1] step=2, generation took 506.63s
[Process 1] best score so far: 5.405000748615066, content:
def priority(item: float, bins: np.ndarray) -> np.ndarray:
  return (bins + item) ** 2 / (bins - item)

[Process 0] step=3, generation took 506.41s
[Process 0] best score so far: 5.41997304985777, content:
def priority(item: float, bins: np.ndarray) -> np.ndarray:
    return (item * np.sin(bins) + bins) / (np.exp(bins) + 1)

[Process 3] step=3, generation took 505.37s
[Process 3] best score so far: 5.464889953585867, content:
def priority(item: float, bins: np.ndarray) -> np.ndarray:
    return (1 - bins) / (bins + item) * np.log1p(bins)

[Process 2] step=3, generation took 508.29s
[Process 2] best score so far: 5.330139242401561, content:
def priority(item: float, bins: np.ndarray) -> np.ndarray:
    return np.sin(bins * np.pi / (2 * item))

[Process 1] step=3, generation took 505.97s
[Process 1] best score so far: 5.405000748615066, content:
def priority(item: float, bins: np.ndarray) -> np.ndarray:
  return (bins + item) ** 2 / (bins - item)

[Process 0] step=4, generation took 505.74s
[Process 0] best score so far: 5.210360832459959, content:
def priority(item: float, bins: np.ndarray) -> np.ndarray:
    return np.sin(item / bins) * np.cos(bins / item) * np.sqrt(item + bins)

[Process 3] step=4, generation took 506.76s
[Process 3] best score so far: 5.405000748615066, content:
def priority(item: float, bins: np.ndarray) -> np.ndarray:
    return np.tanh(item - bins)

[Process 2] step=4, generation took 508.47s
[Process 2] best score so far: 5.330139242401561, content:
def priority(item: float, bins: np.ndarray) -> np.ndarray:
    return np.sin(bins * np.pi / (2 * item))

[Process 1] step=4, generation took 506.66s
[Process 1] best score so far: 5.405000748615066, content:
def priority(item: float, bins: np.ndarray) -> np.ndarray:
    return (bins + item) ** 2 / (bins - item)

[Process 0] step=5, generation took 505.05s
[Process 0] best score so far: 5.210360832459959, content:
def priority(item: float, bins: np.ndarray) -> np.ndarray:
    return np.sin(item / bins) * np.cos(bins / item) * np.sqrt(item + bins)

[Process 3] step=5, generation took 506.45s
[Process 3] best score so far: 5.405000748615066, content:
def priority(item: float, bins: np.ndarray) -> np.ndarray:
    return np.tanh(item - bins)

[Process 2] step=5, generation took 507.71s
[Process 2] best score so far: 5.330139242401561, content:
def priority(item: float, bins: np.ndarray) -> np.ndarray:
    return np.sin(bins * np.pi / (2 * item))

[Process 1] step=5, generation took 505.75s
[Process 1] best score so far: 5.405000748615066, content:
def priority(item: float, bins: np.ndarray) -> np.ndarray:
    return (bins + item) ** 2 / (bins - item)

[Process 0] step=6, generation took 505.42s
[Process 0] best score so far: 5.210360832459959, content:
def priority(item: float, bins: np.ndarray) -> np.ndarray:
    return np.sin(item / bins) * np.cos(bins / item) * np.sqrt(item + bins)

[Process 3] step=6, generation took 505.60s
[Process 3] best score so far: 5.345111543644265, content:
def priority(item: float, bins: np.ndarray) -> np.ndarray:
    return np.sin(np.pi * bins / (2 * item + 1)) * (bins >= item) + np.cos(np.pi * bins / (2 * item + 1)) * (bins < item)

[Process 2] step=6, generation took 508.42s
[Process 2] best score so far: 5.330139242401561, content:
def priority(item: float, bins: np.ndarray) -> np.ndarray:
    return np.sin(bins * np.pi / (2 * item))

[Process 1] step=6, generation took 505.58s
[Process 1] best score so far: 5.405000748615066, content:
def priority(item: float, bins: np.ndarray) -> np.ndarray:
    return (bins + item) ** 2 / (bins - item)

[Process 0] step=7, generation took 505.43s
[Process 0] best score so far: 5.210360832459959, content:
def priority(item: float, bins: np.ndarray) -> np.ndarray:
    return np.sin(item / bins) * np.cos(bins / item) * np.sqrt(item + bins)

[Process 3] step=7, generation took 504.64s
[Process 3] best score so far: 5.345111543644265, content:
def priority(item: float, bins: np.ndarray) -> np.ndarray:
    return np.sin(np.pi * bins / (2 * item + 1)) * (bins >= item) + np.cos(np.pi * bins / (2 * item + 1)) * (bins < item)

[Process 2] step=7, generation took 506.70s
[Process 2] best score so far: 5.330139242401561, content:
def priority(item: float, bins: np.ndarray) -> np.ndarray:
    return np.sin(bins * np.pi / (2 * item))

[Process 1] step=7, generation took 506.58s
[Process 1] best score so far: 5.405000748615066, content:
def priority(item: float, bins: np.ndarray) -> np.ndarray:
    return (bins + item) ** 2 / (bins - item)

[Process 0] step=8, generation took 505.51s
[Process 0] best score so far: 5.210360832459959, content:
def priority(item: float, bins: np.ndarray) -> np.ndarray:
    return np.sin(item / bins) * np.cos(bins / item) * np.sqrt(item + bins)

[Process 3] step=8, generation took 504.93s
[Process 3] best score so far: 5.345111543644265, content:
def priority(item: float, bins: np.ndarray) -> np.ndarray:
    return np.sin(np.pi * bins / (2 * item + 1)) * (bins >= item) + np.cos(np.pi * bins / (2 * item + 1)) * (bins < item)

[Process 2] step=8, generation took 507.24s
[Process 2] best score so far: 5.330139242401561, content:
def priority(item: float, bins: np.ndarray) -> np.ndarray:
    return np.sin(bins * np.pi / (2 * item))

[Process 1] step=8, generation took 506.31s
[Process 1] best score so far: 5.405000748615066, content:
def priority(item: float, bins: np.ndarray) -> np.ndarray:
    return (bins + item) ** 2 / (bins - item)

[Process 0] step=9, generation took 506.34s
[Process 0] best score so far: 5.210360832459959, content:
def priority(item: float, bins: np.ndarray) -> np.ndarray:
    return np.sin(item / bins) * np.cos(bins / item) * np.sqrt(item + bins)

[Process 3] step=9, generation took 505.52s
[Process 3] best score so far: 5.345111543644265, content:
def priority(item: float, bins: np.ndarray) -> np.ndarray:
    return np.sin(np.pi * bins / (2 * item + 1)) * (bins >= item) + np.cos(np.pi * bins / (2 * item + 1)) * (bins < item)

[Process 2] step=9, generation took 506.82s
[Process 2] best score so far: 5.330139242401561, content:
def priority(item: float, bins: np.ndarray) -> np.ndarray:
    return np.sin(bins * np.pi / (2 * item))

[Process 1] step=9, generation took 505.96s
[Process 1] best score so far: 5.405000748615066, content:
def priority(item: float, bins: np.ndarray) -> np.ndarray:
    return (bins + item) ** 2 / (bins - item)


[Main] Collecting best scores from each thread's memory:
  Thread 0: best score 5.210360832459959
  Thread 1: best score 5.405000748615066
  Thread 2: best score 5.330139242401561
  Thread 3: best score 5.345111543644265

[Main] Sorted memory_infos (score, thread_idx):
  5.210360832459959, thread 0
  5.330139242401561, thread 2
  5.345111543644265, thread 3
  5.405000748615066, thread 1

[Main] Worst half (to be reinitialized):
  Thread 3 with score 5.345111543644265
  Thread 1 with score 5.405000748615066

[Main] Donor candidates (top half):
  Thread 0 with score 5.210360832459959
  Thread 2 with score 5.330139242401561
[Main] Reinitializing memory for thread 3 with best element from thread 0.
[Main] Reinitializing memory for thread 1 with best element from thread 2.

==== Outer Iteration 1 ====
[Process 1] started on GPU 1, running 10 iterations...
[Process 0] started on GPU 0, running 10 iterations...
[Process 2] started on GPU 2, running 10 iterations...
[Process 3] started on GPU 3, running 10 iterations...
[Process 3] step=0, generation took 505.44s
[Process 3] best score so far: 5.210360832459959, content:
def priority(item: float, bins: np.ndarray) -> np.ndarray:
    return np.sin(item / bins) * np.cos(bins / item) * np.sqrt(item + bins)

[Process 1] step=0, generation took 505.39s
[Process 1] best score so far: 5.330139242401561, content:
def priority(item: float, bins: np.ndarray) -> np.ndarray:
    return np.sin(bins * np.pi / (2 * item)) + 1

[Process 0] step=0, generation took 508.90s
[Process 0] best score so far: 5.210360832459959, content:
def priority(item: float, bins: np.ndarray) -> np.ndarray:
    return np.sin(item / bins) * np.cos(bins / item) * np.sqrt(item + bins)

[Process 2] step=0, generation took 506.62s
[Process 2] best score so far: 5.330139242401561, content:
def priority(item: float, bins: np.ndarray) -> np.ndarray:
    return np.sin(bins * np.pi / (2 * item))

[Process 3] step=1, generation took 507.01s
[Process 3] best score so far: 5.210360832459959, content:
def priority(item: float, bins: np.ndarray) -> np.ndarray:
    a = np.sin(item / bins)
    b = np.cos(bins / item)
    c = np.sqrt(item + bins)
    return a * b * c

[Process 1] step=1, generation took 507.17s
[Process 1] best score so far: 5.330139242401561, content:
def priority(item: float, bins: np.ndarray) -> np.ndarray:
       return np.sin(bins * np.pi / (2 * item))

[Process 2] step=1, generation took 506.14s
[Process 2] best score so far: 5.330139242401561, content:
def priority(item: float, bins: np.ndarray) -> np.ndarray:
    return np.sin(bins * np.pi / (2 * item))

[Process 0] step=1, generation took 506.89s
[Process 0] best score so far: 5.210360832459959, content:
def priority(item: float, bins: np.ndarray) -> np.ndarray:
    return np.sin(item / bins) * np.cos(bins / item) * np.sqrt(item + bins)

[Process 1] step=2, generation took 506.74s
[Process 1] best score so far: 5.330139242401561, content:
def priority(item: float, bins: np.ndarray) -> np.ndarray:
    return np.log2(np.sin(bins * np.pi / (2 * item)) + 1)

[Process 3] step=2, generation took 506.98s
[Process 3] best score so far: 5.210360832459959, content:
def priority(item: float, bins: np.ndarray) -> np.ndarray:
    a = np.sin(item / bins)
    b = np.cos(bins / item)
    c = np.sqrt(item + bins)
    return a * b * c

[Process 2] step=2, generation took 503.81s
[Process 2] best score so far: 5.315166941158856, content:
def priority(item: float, bins: np.ndarray) -> np.ndarray:
    return np.tanh((item - bins) * np.log(bins + 1))

[Process 0] step=2, generation took 507.16s
[Process 0] best score so far: 5.210360832459959, content:
def priority(item: float, bins: np.ndarray) -> np.ndarray:
    return np.sin(item / bins) * np.cos(bins / item) * np.sqrt(item + bins)

[Process 1] step=3, generation took 507.44s
[Process 1] best score so far: 5.330139242401561, content:
def priority(item: float, bins: np.ndarray) -> np.ndarray:
    return np.log2(np.sin(bins * np.pi / (2 * item)) + 1)

[Process 3] step=3, generation took 506.63s
[Process 3] best score so far: 5.210360832459959, content:
def priority(item: float, bins: np.ndarray) -> np.ndarray:
    a = np.sin(item / bins)
    b = np.cos(bins / item)
    c = np.sqrt(item + bins)
    return a * b * c

[Process 2] step=3, generation took 505.09s
[Process 2] best score so far: 5.315166941158856, content:
def priority(item: float, bins: np.ndarray) -> np.ndarray:
    return np.tanh((item - bins) * np.log(bins + 1))

[Process 0] step=3, generation took 508.03s
[Process 0] best score so far: 5.210360832459959, content:
def priority(item: float, bins: np.ndarray) -> np.ndarray:
    return np.sin(item / bins) * np.cos(bins / item) * np.sqrt(item + bins)

[Process 1] step=4, generation took 506.70s
[Process 1] best score so far: 4.356939661625995, content:
def priority(item: float, bins: np.ndarray) -> np.ndarray:
    return np.log(bins + item) * np.exp(-np.abs(bins - item)) + np.sin(bins * np.pi / item)

[Process 3] step=4, generation took 507.33s
[Process 3] best score so far: 5.210360832459959, content:
def priority(item: float, bins: np.ndarray) -> np.ndarray:
    a = np.sin(item / bins)
    b = np.cos(bins / item)
    c = np.sqrt(item + bins)
    return a * b * c

[Process 2] step=4, generation took 506.30s
[Process 2] best score so far: 5.315166941158856, content:
def priority(item: float, bins: np.ndarray) -> np.ndarray:
    return np.tanh((item - bins) * np.log(bins + 1))

[Process 0] step=4, generation took 506.69s
[Process 0] best score so far: 5.210360832459959, content:
def priority(item: float, bins: np.ndarray) -> np.ndarray:
    return np.sin(item / bins) * np.cos(bins / item) * np.sqrt(item + bins)

[Process 1] step=5, generation took 506.50s
[Process 1] best score so far: 4.356939661625995, content:
def priority(item: float, bins: np.ndarray) -> np.ndarray:
    return np.log(bins + item) * np.exp(-np.abs(bins - item)) + np.sin(bins * np.pi / item)

[Process 3] step=5, generation took 507.29s
[Process 3] best score so far: 5.210360832459959, content:
def priority(item: float, bins: np.ndarray) -> np.ndarray:
    a = np.sin(item / bins)
    b = np.cos(bins / item)
    c = np.sqrt(item + bins)
    return a * b * c

[Process 2] step=5, generation took 504.73s
[Process 2] best score so far: 5.315166941158856, content:
def priority(item: float, bins: np.ndarray) -> np.ndarray:
    return np.tanh((item - bins) * np.log(bins + 1))

[Process 0] step=5, generation took 507.67s
[Process 0] best score so far: 5.210360832459959, content:
def priority(item: float, bins: np.ndarray) -> np.ndarray:
    return np.sin(item / bins) * np.cos(bins / item) * np.sqrt(item + bins)

[Process 1] step=6, generation took 471.26s
[Process 1] best score so far: 4.356939661625995, content:
def priority(item: float, bins: np.ndarray) -> np.ndarray:
    return np.log(bins + item) * np.exp(-np.abs(bins - item)) + np.sin(bins * np.pi / item)

[Process 3] step=6, generation took 506.44s
[Process 3] best score so far: 5.210360832459959, content:
def priority(item: float, bins: np.ndarray) -> np.ndarray:
    a = np.sin(item / bins)
    b = np.cos(bins / item)
    c = np.sqrt(item + bins)
    return a * b * c

[Process 2] step=6, generation took 506.15s
[Process 2] best score so far: 5.315166941158856, content:
def priority(item: float, bins: np.ndarray) -> np.ndarray:
    return np.tanh((item - bins) * np.log(bins + 1))

[Process 1] step=7, generation took 506.91s
[Process 1] best score so far: 4.356939661625995, content:
def priority(item: float, bins: np.ndarray) -> np.ndarray:
    return np.log(bins + item) * np.exp(-np.abs(bins - item)) + np.sin(bins * np.pi / item)

[Process 0] step=6, generation took 508.86s
[Process 0] best score so far: 5.210360832459959, content:
def priority(item: float, bins: np.ndarray) -> np.ndarray:
    return np.sin(item / bins) * np.cos(bins / item) * np.sqrt(item + bins)

[Process 3] step=7, generation took 507.08s
[Process 3] best score so far: 5.210360832459959, content:
def priority(item: float, bins: np.ndarray) -> np.ndarray:
    a = np.sin(item / bins)
    b = np.cos(bins / item)
    c = np.sqrt(item + bins)
    return a * b * c

[Process 1] step=8, generation took 506.61s
[Process 1] best score so far: 4.356939661625995, content:
def priority(item: float, bins: np.ndarray) -> np.ndarray:
    return np.log(bins + item) * np.exp(-np.abs(bins - item)) + np.sin(bins * np.pi / item)

[Process 2] step=7, generation took 505.51s
[Process 2] best score so far: 5.315166941158856, content:
def priority(item: float, bins: np.ndarray) -> np.ndarray:
    return np.tanh((item - bins) * np.log(bins + 1))

[Process 0] step=7, generation took 508.13s
[Process 0] best score so far: 5.210360832459959, content:
def priority(item: float, bins: np.ndarray) -> np.ndarray:
    return np.sin(item / bins) * np.cos(bins / item) * np.sqrt(item + bins)

[Process 3] step=8, generation took 505.20s
[Process 3] best score so far: 5.210360832459959, content:
def priority(item: float, bins: np.ndarray) -> np.ndarray:
    a = np.sin(item / bins)
    b = np.cos(bins / item)
    c = np.sqrt(item + bins)
    return a * b * c

[Process 1] step=9, generation took 506.35s
[Process 1] best score so far: 4.356939661625995, content:
def priority(item: float, bins: np.ndarray) -> np.ndarray:
    return np.log(bins + item) * np.exp(-np.abs(bins - item)) + np.sin(bins * np.pi / item)

[Process 2] step=8, generation took 503.61s
[Process 2] best score so far: 5.315166941158856, content:
def priority(item: float, bins: np.ndarray) -> np.ndarray:
    return np.tanh((item - bins) * np.log(bins + 1))

[Process 0] step=8, generation took 508.08s
[Process 0] best score so far: 5.210360832459959, content:
def priority(item: float, bins: np.ndarray) -> np.ndarray:
    return np.sin(item / bins) * np.cos(bins / item) * np.sqrt(item + bins)

[Process 3] step=9, generation took 504.90s
[Process 3] best score so far: 5.210360832459959, content:
def priority(item: float, bins: np.ndarray) -> np.ndarray:
    a = np.sin(item / bins)
    b = np.cos(bins / item)
    c = np.sqrt(item + bins)
    return a * b * c

[Process 2] step=9, generation took 503.11s
[Process 2] best score so far: 5.315166941158856, content:
def priority(item: float, bins: np.ndarray) -> np.ndarray:
    return np.tanh((item - bins) * np.log(bins + 1))

[Process 0] step=9, generation took 508.04s
[Process 0] best score so far: 5.210360832459959, content:
def priority(item: float, bins: np.ndarray) -> np.ndarray:
    return np.sin(item / bins) * np.cos(bins / item) * np.sqrt(item + bins)


[Main] Collecting best scores from each thread's memory:
  Thread 0: best score 5.210360832459959
  Thread 1: best score 4.356939661625995
  Thread 2: best score 5.315166941158856
  Thread 3: best score 5.210360832459959

[Main] Sorted memory_infos (score, thread_idx):
  4.356939661625995, thread 1
  5.210360832459959, thread 0
  5.210360832459959, thread 3
  5.315166941158856, thread 2

[Main] Worst half (to be reinitialized):
  Thread 3 with score 5.210360832459959
  Thread 2 with score 5.315166941158856

[Main] Donor candidates (top half):
  Thread 1 with score 4.356939661625995
  Thread 0 with score 5.210360832459959
[Main] Reinitializing memory for thread 3 with best element from thread 1.
[Main] Reinitializing memory for thread 2 with best element from thread 0.

==== Outer Iteration 2 ====
[Process 1] started on GPU 1, running 10 iterations...
[Process 3] started on GPU 3, running 10 iterations...
[Process 2] started on GPU 2, running 10 iterations...
[Process 0] started on GPU 0, running 10 iterations...
[Process 3] step=0, generation took 502.97s
[Process 3] best score so far: 3.6083245994909454, content:
def priority(item: float, bins: np.ndarray) -> np.ndarray:
    return np.exp(np.log(bins + item) - np.abs(bins - item)) + np.sin(bins * np.pi / item)

[Process 2] step=0, generation took 504.68s
[Process 2] best score so far: 5.210360832459959, content:
def priority(item: float, bins: np.ndarray) -> np.ndarray:
    return np.sin(item / (bins + 1)) * np.cos(bins / item) * np.sqrt(item + bins)

[Process 1] step=0, generation took 507.03s
[Process 1] best score so far: 4.356939661625995, content:
def priority(item: float, bins: np.ndarray) -> np.ndarray:
    return np.log(bins + item) * np.exp(-np.abs(bins - item)) + np.sin(bins * np.pi / item)

[Process 0] step=0, generation took 508.28s
[Process 0] best score so far: 5.210360832459959, content:
def priority(item: float, bins: np.ndarray) -> np.ndarray:
    return np.sin(item / bins) * np.cos(bins / item) * np.sqrt(item + bins)

[Process 3] step=1, generation took 499.54s
[Process 3] best score so far: 3.6083245994909454, content:
def priority(item: float, bins: np.ndarray) -> np.ndarray:
    return np.exp(np.log(bins + item) - np.abs(bins - item)) + np.sin(bins * np.pi / item)

[Process 2] step=1, generation took 500.11s
[Process 2] best score so far: 5.210360832459959, content:
def priority(item: float, bins: np.ndarray) -> np.ndarray:
    return np.sin(item / bins) * np.cos(bins / item) * np.sqrt(item + bins)

[Process 1] step=1, generation took 504.95s
[Process 1] best score so far: 4.356939661625995, content:
def priority(item: float, bins: np.ndarray) -> np.ndarray:
    return np.log(bins + item) * np.exp(-np.abs(bins - item)) + np.sin(bins * np.pi / item)

[Process 0] step=1, generation took 506.85s
[Process 0] best score so far: 5.210360832459959, content:
def priority(item: float, bins: np.ndarray) -> np.ndarray:
    return np.sin(item / bins) * np.cos(bins / item) * np.sqrt(item + bins)

[Process 3] step=2, generation took 500.80s
[Process 3] best score so far: 3.6083245994909454, content:
def priority(item: float, bins: np.ndarray) -> np.ndarray:
    return np.exp(np.log(bins + item) - np.abs(bins - item)) + np.sin(bins * np.pi / item)

[Process 2] step=2, generation took 502.29s
[Process 2] best score so far: 5.210360832459959, content:
def priority(item: float, bins: np.ndarray) -> np.ndarray:
    return np.sin(item / bins) * np.cos(bins / item) * np.sqrt(item + bins)

[Process 1] step=2, generation took 470.46s
[Process 1] best score so far: 4.356939661625995, content:
def priority(item: float, bins: np.ndarray) -> np.ndarray:
    return np.log(bins + item) * np.exp(-np.abs(bins - item)) + np.sin(bins * np.pi / item)

[Process 0] step=2, generation took 506.74s
[Process 0] best score so far: 5.210360832459959, content:
def priority(item: float, bins: np.ndarray) -> np.ndarray:
    return np.sin(item / bins) * np.cos(bins / item) * np.sqrt(item + bins)

[Process 3] step=3, generation took 494.19s
[Process 3] best score so far: 3.6083245994909454, content:
def priority(item: float, bins: np.ndarray) -> np.ndarray:
    return (bins + item) * np.exp(-abs(bins - item)) + np.sin(bins * np.pi / item)

[Process 2] step=3, generation took 501.69s
[Process 2] best score so far: 5.210360832459959, content:
def priority(item: float, bins: np.ndarray) -> np.ndarray:
    return np.sin(item / bins) * np.cos(bins / item) * np.sqrt(item + bins)

[Process 1] step=3, generation took 506.10s
[Process 1] best score so far: 4.356939661625995, content:
def priority(item: float, bins: np.ndarray) -> np.ndarray:
    return np.log(bins + item) * np.exp(-np.abs(bins - item)) + np.sin(bins * np.pi / item)

[Process 0] step=3, generation took 506.62s
[Process 0] best score so far: 5.210360832459959, content:
def priority(item: float, bins: np.ndarray) -> np.ndarray:
    return np.sin(item / bins) * np.cos(bins / item) * np.sqrt(item + bins)

[Process 2] step=4, generation took 503.41s
[Process 2] best score so far: 5.210360832459959, content:
def priority(item: float, bins: np.ndarray) -> np.ndarray:
    return np.sin(item / bins) * np.cos(bins / item) * np.sqrt(item + bins)

[Process 1] step=4, generation took 506.31s
[Process 1] best score so far: 4.356939661625995, content:
def priority(item: float, bins: np.ndarray) -> np.ndarray:
    return np.log(bins + item) * np.exp(-np.abs(bins - item)) + np.sin(bins * np.pi / item)

[Process 0] step=4, generation took 507.73s
[Process 0] best score so far: 4.626441083994607, content:
def priority(item: float, bins: np.ndarray) -> np.ndarray:
    return np.log(bins + 1) * (item / bins) + np.sin(np.pi * bins / item)

[Process 2] step=5, generation took 502.35s
[Process 2] best score so far: 5.210360832459959, content:
def priority(item: float, bins: np.ndarray) -> np.ndarray:
    return np.sin(item / bins) * np.cos(bins / item) * np.sqrt(item + bins)

[Process 1] step=5, generation took 506.21s
[Process 1] best score so far: 4.356939661625995, content:
def priority(item: float, bins: np.ndarray) -> np.ndarray:
    return np.log(bins + item) * np.exp(-np.abs(bins - item)) + np.sin(bins * np.pi / item)

[Process 0] step=5, generation took 506.67s
[Process 0] best score so far: 4.626441083994607, content:
def priority(item: float, bins: np.ndarray) -> np.ndarray:
    return np.log(bins + 1) * (item / bins) + np.sin(np.pi * bins / item)

[Process 2] step=6, generation took 504.31s
[Process 2] best score so far: 5.210360832459959, content:
def priority(item: float, bins: np.ndarray) -> np.ndarray:
    return np.sin(item / bins) * np.cos(bins / item) * np.sqrt(item + bins)

[Process 1] step=6, generation took 506.51s
[Process 1] best score so far: 4.356939661625995, content:
def priority(item: float, bins: np.ndarray) -> np.ndarray:
    return np.log(bins + item) * np.exp(-np.abs(bins - item)) + np.sin(bins * np.pi / item)

[Process 0] step=6, generation took 508.46s
[Process 0] best score so far: 4.626441083994607, content:
def priority(item: float, bins: np.ndarray) -> np.ndarray:
    return np.log(bins + 1) * (item / bins) + np.sin(np.pi * bins / item)

[Process 2] step=7, generation took 504.59s
[Process 2] best score so far: 5.210360832459959, content:
def priority(item: float, bins: np.ndarray) -> np.ndarray:
    return np.sin(item / bins) * np.cos(bins / item) * np.sqrt(item + bins)

[Process 1] step=7, generation took 505.52s
[Process 1] best score so far: 4.356939661625995, content:
def priority(item: float, bins: np.ndarray) -> np.ndarray:
    return np.log(bins + item) * np.exp(-np.abs(bins - item)) + np.sin(bins * np.pi / item)

[Process 0] step=7, generation took 508.44s
[Process 0] best score so far: 4.626441083994607, content:
def priority(item: float, bins: np.ndarray) -> np.ndarray:
    return np.log(bins + 1) * (item / bins) + np.sin(np.pi * bins / item)

[Process 2] step=8, generation took 504.87s
[Process 2] best score so far: 5.210360832459959, content:
def priority(item: float, bins: np.ndarray) -> np.ndarray:
    return np.sin(item / bins) * np.cos(bins / item) * np.sqrt(item + bins)

[Process 1] step=8, generation took 506.76s
[Process 1] best score so far: 4.356939661625995, content:
def priority(item: float, bins: np.ndarray) -> np.ndarray:
    return np.log(bins + item) * np.exp(-np.abs(bins - item)) + np.sin(bins * np.pi / item)

[Process 0] step=8, generation took 507.11s
[Process 0] best score so far: 4.626441083994607, content:
def priority(item: float, bins: np.ndarray) -> np.ndarray:
    return np.log(bins + 1) * (item / bins) + np.sin(np.pi * bins / item)

[Process 2] step=9, generation took 503.60s
[Process 2] best score so far: 5.210360832459959, content:
def priority(item: float, bins: np.ndarray) -> np.ndarray:
    return np.sin(item / bins) * np.cos(bins / item) * np.sqrt(item + bins)

[Process 1] step=9, generation took 504.70s
[Process 1] best score so far: 4.356939661625995, content:
def priority(item: float, bins: np.ndarray) -> np.ndarray:
    return np.log(bins + item) * np.exp(-np.abs(bins - item)) + np.sin(bins * np.pi / item)

[Process 0] step=9, generation took 507.57s
[Process 0] best score so far: 4.626441083994607, content:
def priority(item: float, bins: np.ndarray) -> np.ndarray:
    return np.log(bins + 1) * (item / bins) + np.sin(np.pi * bins / item)

