MSE: 1.1180493160255696
Detected 1 GPU(s). We will spawn 1 processes.


==== Outer Iteration 0 ====
MSE: 1.1180493160255696
[Process 0] started on GPU 0, running 10 iterations...
[Process 0] step=0, sampling done
[Process 0] step=0, text tokenized
[Process 0] step=0, Generation done
[Process 0] step=0, text decoded
[Process 0] in save_batch
[Process 0] total_matches: 351
[Process 0] before evaluate_graphs
function:
def predict(x, F, P, Q, z, R):
    xp = x
    y = z - x
    S = R
    K = np.ones_like(P)
    x = x + 0.1 * y
    return xp, P, y, S, K, x
score: 1384.082007866455
function:
def predict(x, F, P, Q, z, R):
    xp = x
    y = xp
    S = F 
    K = 0.5 * np.eye(x.shape[0])
    x = xp +  y
    return xp, P, y, S, K, x
score: 26928.581085851627
function:
def predict(x, F, P, Q, z, R):
    xp = F @ x
    y = z - xp
    S = F @ P @ F.T + Q
    K = P @ F.T @ np.linalg.inv(S)
    x = x + K @ y
    return xp, P, y, S, K, x
score: 43.22364928530982
function:
def predict(x, F, P, Q, z, R):
    xp = x
    y = z - x
    S = F @ P @ F.T + Q
    K = np.linalg.solve(S, F @ P.T).T
    x = xp + K @ (z - xp)
    return xp, P, y, S, K, x
score: 10.898531206620532
function:
def predict(x, F, P, Q, z, R):
    xp = x
    y = z - x
    S = F @ P @ F.T + Q
    K = np.linalg.inv(F @ P.T) @ F @ P @ F.T @ R
    x = xp + K @ y
    return xp, P, y, S, K, x
score: 27.59844727555514
function:
def predict(x, F, P, Q, z, R):
    xp = x
    y = z - x
    S = F @ P @ F.T + Q
    K = np.linalg.inv(S) @ F @ P.T
    x = xp + K @ y
    return xp, P, y, S, K, x
score: 52.79080215162059
function:
def predict(x, F, P, Q, z, R):
    xp = x
    y = z - x
    S = F @ P @ F.T + Q
    K = np.linalg.inv(F @ P.T @ F.T + R) @ F @ P.T
    x = xp + K @ y
    return xp, P, y, S, K, x
score: 44.014622209947575
function:
def predict(x, F, P, Q, z, R):
    xp = x @ F.T
    y = z - x
    S = (F @ P @ F.T) + Q
    K = (P @ F.T) @ np.linalg.inv(S)
    x = x + K @ y
    return xp, P, y, S, K, x
score: 10.89853120662054
function:
def predict(x, F, P, Q, z, R):
    xp = x + F
    y = z - x
    S = (F @ P @ F.T) + Q
    K = (P @ F.T) @ np.linalg.inv(S)
    x = x + K @ y
    return xp, P, y, S, K, x
score: 10.89853120662054
function:
def predict(x, F, P, Q, z, R):
    xp = x @ F
    y = z - x
    S = F @ P @ F.T + Q
    K = (P @ F.T) @ np.linalg.inv(S)
    x = x + K @ y
    return xp, P, y, S, K, x
score: 10.89853120662054
function:
def predict(x, F, P, Q, z, R):
    xp = x + F
    y = z - x
    S = F @ P @ F.T + Q
    K = (P @ F.T) @ np.linalg.inv(S)
    x = x + K @ y
    return xp, P, y, S, K, x
score: 10.89853120662054
function:
def predict(x, F, P, Q, z, R):
    xp = x
    y = z - x
    S = F @ P @ F.T + Q
    K = (P @ F.T) @ np.linalg.inv(S)
    x = x + K @ y
    return xp, P, y, S, K, x
score: 10.89853120662054
function:
def predict(x, F, P, Q, z, R):
    xp = np.dot(F, x)
    y = z - xp
    S = np.dot(F, P).dot(F.T) + Q
    K = np.dot(P, F.T).dot(np.linalg.inv(S))
    x = xp + np.dot(K, y)
    return xp, P, y, S, K, x
score: 3.162158974196706
function:
def predict(x, F, P, Q, z, R):
    xp = x
    y = z - x
    S = P + Q
    K = np.dot(P, F.T).dot(np.linalg.inv(S))
    x = xp + np.dot(K, y)
    return xp, P, y, S, K, x
score: 54.86685092749767
function:
def predict(x, F, P, Q, z, R):
    xp = x
    y = z - x
    S = F.dot(P).dot(F.T) + Q
    K = P.dot(F.T).dot(np.linalg.inv(S))
    x = xp + K.dot(y)
    return xp, P, y, S, K, x
score: 10.89853120662054
function:
def predict(x, F, P, Q, z, R):
    xp = F.dot(x)
    y = z - xp
    S = F.dot(P).dot(F.T) + Q
    K = P.dot(F.T).dot(np.linalg.inv(S))
    x = xp + K.dot(y)
    return xp, P, y, S, K, x
score: 3.162158974196706
function:
def predict(x, F, P, Q, z, R):
    xp = x
    y = z - x
    S = F.dot(P).dot(F.T) + Q
    K = np.linalg.inv(S).dot(F.dot(P.T))
    x = xp + K.dot(y)
    return xp, P, y, S, K, x
score: 52.79080215162059
function:
def predict(x, F, P, Q, z, R):
    xp = x
    y = z - x
    S = F.dot(P).dot(F.T) + Q
    K = np.dot(P, F.T).dot(np.linalg.inv(S))
    x = xp + K.dot(y)
    return xp, P, y, S, K, x
score: 10.89853120662054
function:
def predict(x, F, P, Q, z, R):
    xp = x.dot(F.T)
    y = (z - x).dot(F)
    S = F.dot(R).dot(F.T)
    K = np.linalg.inv(S) @ Q
    x = x + K @ y
    return xp, P, y, S, K, x
score: 350658.0005748991
Error Output: <string>:5: RuntimeWarning: divide by zero encountered in divide

Parse error: '' (could not convert string to float: '')
function:
def predict(x, F, P, Q, z, R):
    xp = x * F
    y = (z - x) * F
    S = F * R * F
    K = np.diag(1/(F*Q))
    x = x + K * y
    return xp, P, y, S, K, x
score: inf
function:
def predict(x, F, P, Q, z, R):
    xp = F @ x
    y = (z - x) @ F
    S = F @ R @ F.T
    K = np.linalg.inv(S) @ Q
    x = x + K @ y
    return xp, P, y, S, K, x
score: 350658.0005748991
Error Output: <string>:5: RuntimeWarning: divide by zero encountered in divide

Parse error: '' (could not convert string to float: '')
function:
def predict(x, F, P, Q, z, R):
    xp = x + F * P
    y = (z - x) + F * P
    S = F * R * F
    K = np.diag(1/(F*Q))
    x = x + K * y
    return xp, P, y, S, K, x
score: inf
function:
def predict(x, F, P, Q, z, R):
    xp = F.T @ x
    y = (z - x) @ F
    S = F @ R @ F.T
    K = np.linalg.inv(S) @ Q
    x = x + K @ y
    return xp, P, y, S, K, x
score: 350658.0005748991
Error Output: <string>:5: RuntimeWarning: divide by zero encountered in divide

Parse error: '' (could not convert string to float: '')
function:
def predict(x, F, P, Q, z, R):
    xp = x * F
    y = (z - x) * F
    S = F * R * F
    K = np.diag(1/(F*Q))
    x = x + K * y
    return xp, P, y, S, K, x
score: inf
Error Output: <string>:5: RuntimeWarning: divide by zero encountered in divide

Parse error: '' (could not convert string to float: '')
function:
def predict(x, F, P, Q, z, R):
    xp = x + F * P
    y = (z - x) + F * P
    S = F * R * F
    K = np.diag(1/(F*Q))
    x = x + K * y
    return xp, P, y, S, K, x
score: inf
Error Output: <string>:5: RuntimeWarning: divide by zero encountered in divide

Parse error: '' (could not convert string to float: '')
function:
def predict(x, F, P, Q, z, R):
    xp = x * F
    y = (z - x) * F
    S = F * R * F
    K = np.diag(1/(F*Q))
    x = x + K * y
    return xp, P, y, S, K, x
score: inf
Parse error: '' (could not convert string to float: '')
function:
def predict(x, F, P, Q, z, R):
    xp = x @ F.T
    y = z - x
    S = F @ Q @ F.T
    K = np.linalg.solve(S, F @ R).T
    x = x + K @ y
    return xp, P, y, S, K, x
score: inf
Parse error: '' (could not convert string to float: '')
function:
def predict(x, F, P, Q, z, R):
    xp = x
    y = (z - x) * np.sin(x)
    S = R + Q
    K = np.dot(P, F) / S
    x = x + K * y
    return xp, P, y, S, K, x
score: inf
Parse error: '' (could not convert string to float: '')
function:
def predict(x, F, P, Q, z, R):
    xp = x + F
    y = z - x * np.cos(x)
    S = Q + R
    K = np.dot(F, P) / S
    x = x + K * y
    return xp, P, y, S, K, x
score: inf
function:
def predict(x, F, P, Q, z, R):
    xp = x * F
    y = z - x * np.sin(x)
    S = R @ Q
    K = np.dot(P, S) / S
    x = x + K @ y
    return xp, P, y, S, K, x
score: 9235698003035860.0
Parse error: '' (could not convert string to float: '')
function:
def predict(x, F, P, Q, z, R):
    xp = x @ F
    y = z - x
    S = F @ Q @ F.T
    K = np.linalg.inv(S) @ F @ R.T
    x = x + K @ y
    return xp, P, y, S, K, x
score: inf
Parse error: '' (could not convert string to float: '')
function:
def predict(x, F, P, Q, z, R):
    xp = x
    y = (z - x) * np.cos(x)
    S = Q + R
    K = np.dot(P, F) / S
    x = x + K * y
    return xp, P, y, S, K, x
score: inf
Parse error: '' (could not convert string to float: '')
function:
def predict(x, F, P, Q, z, R):
    xp = x + F
    y = z - x * np.sin(x)
    S = R + Q
    K = np.dot(F, P) / S
    x = x + K * y
    return xp, P, y, S, K, x
score: inf
Parse error: '' (could not convert string to float: '')
function:
def predict(x, F, P, Q, z, R):
    xp = x @ F.T
    y = z - x
    S = F @ Q @ F.T
    K = np.linalg.solve(S, F @ R).T
    x = x + K @ y
    return xp, P, y, S, K, x
score: inf
Parse error: '' (could not convert string to float: '')
function:
def predict(x, F, P, Q, z, R):
    xp = x
    y = (z - x) * np.cos(x)
    S = Q + R
    K = np.dot(P, F) / S
    x = x + K * y
    return xp, P, y, S, K, x
score: inf
function:
def predict(x, F, P, Q, z, R):
    xp = x + F
    y = z - x * np.sin(x)
    S = R @ Q
    K = np.dot(P, S) / S
    x = x + K @ y
    return xp, P, y, S, K, x
score: 9235698003035860.0
function:
def predict(x, F, P, Q, z, R):
    xp = x
    y = F @ x
    S = F @ P @ F.T + Q
    K = P @ F.T @ np.linalg.inv(S)
    x = x + K @ (z - y)
    return xp, P, y, S, K, x
score: 43.22364928530982
function:
def predict(x, F, P, Q, z, R):
    xp = x
    y = z - F @ x
    S = F @ P @ F.T + Q
    K = P @ F.T @ np.linalg.inv(S)
    x = xp + K @ y
    return xp, P, y, S, K, x
score: 43.22364928530982
function:
def predict(x, F, P, Q, z, R):
    xp = F @ x
    y = z - xp
    S = R
    K = np.zeros_like(P)
    x = xp + K @ y
    return xp, P, y, S, K, x
score: 26928.581085851627
function:
def predict(x, F, P, Q, z, R):
    xp = x
    y = z - x
    S = P + R
    K = np.eye(len(x))
    x = x + K @ y
    return xp, P, y, S, K, x
score: 2.0742094832589832
function:
def predict(x, F, P, Q, z, R):
    xp = F @ x
    y = z - xp
    S = F @ P @ F.T + Q
    K = P @ F.T @ np.linalg.inv(S)
    x = xp + K @ y
    return xp, P, y, S, K, x
score: 3.162158974196706
function:
def predict(x, F, P, Q, z, R):
    xp = x
    y = z - x
    S = R
    K = np.zeros_like(P)
    x = xp + K @ y
    return xp, P, y, S, K, x
score: 26928.581085851627
function:
def predict(x, F, P, Q, z, R):
    xp = x + F @ x
    y = z - xp
    S = F @ P @ F.T + Q
    K = P @ F.T @ np.linalg.inv(S)
    x = x + K @ y
    return xp, P, y, S, K, x
score: 6726.57073033809
function:
def predict(x, F, P, Q, z, R):
    xp = x
    y = z - x
    S = F @ P @ F.T + Q
    K = P @ F.T @ np.linalg.inv(S)
    x = x + K @ y
    return xp, P, y, S, K, x
score: 10.89853120662054
function:
def predict(x, F, P, Q, z, R):
    xp = x * F
    y = z - x
    S = F * R
    K = np.dot(P, Q)
    x = x + np.sum(y * K)
    return xp, P, y, S, K, x
score: 6.738443053927734e+36
function:
def predict(x, F, P, Q, z, R):
    xp = x + F
    y = z * x
    S = P + Q
    K = np.max(R)
    x = x * K
    return xp, P, y, S, K, x
score: 26928.581085851627
Error Output: <string>:3: RuntimeWarning: divide by zero encountered in divide

function:
def predict(x, F, P, Q, z, R):
    xp = x ** F
    y = z / x
    S = P * Q
    K = np.min(R)
    x = x + K
    return xp, P, y, S, K, x
score: 26928.581085851627
function:
def predict(x, F, P, Q, z, R):
    xp = x
    y = z + x
    S = P - Q
    K = np.mean(R)
    x = x * K
    return xp, P, y, S, K, x
score: 26928.581085851627
Parse error: '' (could not convert string to float: '')
function:
def predict(x, F, P, Q, z, R):
    xp = x
    y = z - x
    S = F * R
    K = np.dot(Q, P)
    x = x + y * K
    return xp, P, y, S, K, x
score: inf
function:
def predict(x, F, P, Q, z, R):
    xp = x
    y = z * x
    S = Q + R
    K = np.mean(F)
    x = x + K
    return xp, P, y, S, K, x
score: 18615.512695479334
Error Output: <string>:3: RuntimeWarning: divide by zero encountered in divide

function:
def predict(x, F, P, Q, z, R):
    xp = x
    y = z / x
    S = F + Q
    K = np.min(P)
    x = x * K
    return xp, P, y, S, K, x
score: 26928.581085851627
function:
def predict(x, F, P, Q, z, R):
    xp = x
    y = z - x
    S = P * Q
    K = np.max(R)
    x = x + y * K
    return xp, P, y, S, K, x
score: 2.0742094832589832
function:
def predict(x, F, P, Q, z, R):
    xp = x
    y = z + x
    S = F - Q
    K = np.mean(P)
    x = x * K
    return xp, P, y, S, K, x
score: 26928.581085851627
Parse error: '' (could not convert string to float: '')
function:
def predict(x, F, P, Q, z, R):
    xp = x
    y = z - x
    S = R * F
    K = np.dot(P, Q)
    x = x + y * K
    return xp, P, y, S, K, x
score: inf
function:
def predict(x, F, P, Q, z, R):
    xp = x.dot(F)
    y = z - xp
    S = F.dot(R.dot(F.T))
    K = np.linalg.inv(S).dot(P.dot(F.T))
    x = x + K.dot(y)
    return xp, P, y, S, K, x
score: 27584.375028985498
function:
def predict(x, F, P, Q, z, R):
    xp = x
    y = z - x
    S = F.dot(P.dot(F.T)) + Q
    K = P.dot(F.T).dot(np.linalg.inv(S))
    x = x + K.dot(y)
    return xp, P, y, S, K, x
score: 10.89853120662054
function:
def predict(x, F, P, Q, z, R):
    xp = x.dot(F)
    y = z - xp
    S = F.dot(P.dot(F.T)) + Q
    K = np.linalg.inv(S).dot(P.dot(F.T))
    x = xp + K.dot(y)
    return xp, P, y, S, K, x
score: 8.11842913141224e+40
Error Output: /tmp/tmpb7kuqfuv.py:39: RuntimeWarning: overflow encountered in square
  squared_error += np.sum(diff ** 2)

Parse error: '' (could not convert string to float: '')
function:
def predict(x, F, P, Q, z, R):
    xp = np.dot(F, x)
    y = z - xp
    S = np.dot(F, P) + Q
    K = np.linalg.inv(S) @ y
    x = xp + np.dot(K, y)
    return xp, P, y, S, K, x
score: inf
Parse error: '' (could not convert string to float: '')
function:
def predict(x, F, P, Q, z, R):
    xp = x
    y = z - x
    S = P + R
    K = np.sqrt(np.diag(P)) / (S + 1e-6)
    x = xp + K * y
    return xp, P, y, S, K, x
score: inf
Parse error: '' (could not convert string to float: '')
function:
def predict(x, F, P, Q, z, R):
    xp = np.maximum(F, x)
    y = z - xp
    S = P * Q + R
    K = np.sign(y) * np.sqrt(S)
    x = xp + K
    return xp, P, y, S, K, x
score: inf
function:
def predict(x, F, P, Q, z, R):
    xp = np.dot(F, x)
    y = z - xp
    S = np.dot(P, F.T) + Q
    K = np.linalg.inv(S) @ y
    x = xp + K
    return xp, P, y, S, K, x
score: 1.963798573814565e+34
Parse error: '' (could not convert string to float: '')
function:
def predict(x, F, P, Q, z, R):
    xp = x
    y = z - x
    S = F + R
    K = np.log(P + Q) / (S + 1e-6)
    x = xp + K * y
    return xp, P, y, S, K, x
score: inf
function:
def predict(x, F, P, Q, z, R):
    xp = np.dot(F, x)
    y = z - xp
    S = np.dot(F, P) + Q
    K = np.linalg.inv(S) @ y
    x = xp + K
    return xp, P, y, S, K, x
score: 5.1933257483460045
Parse error: '' (could not convert string to float: '')
function:
def predict(x, F, P, Q, z, R):
    xp = x
    y = z - x
    S = P * Q + R
    K = np.sqrt(P) / (S + 1e-6)
    x = xp + K * y
    return xp, P, y, S, K, x
score: inf
Parse error: '' (could not convert string to float: '')
function:
def predict(x, F, P, Q, z, R):
    xp = x
    y = z - x
    S = P + Q + R
    K = np.sign(y) * np.sqrt(S)
    x = xp + K
    return xp, P, y, S, K, x
score: inf
function:
def predict(x, F, P, Q, z, R):
    xp = x
    y = z - x
    S = np.dot(F, P) + Q
    K = np.linalg.solve(S, np.dot(F.T, P)).T
    x = x + np.dot(K, y)
    return xp, P, y, S, K, x
score: 55.058349428921844
function:
def predict(x, F, P, Q, z, R):
    xp = x
    y = z - x
    S = np.dot(F, P) + Q
    K = np.dot(P, F.T) / (S + 1e-8)
    x = x + np.dot(K, y)
    return xp, P, y, S, K, x
score: 554.6211045465916
function:
def predict(x, F, P, Q, z, R):
    xp = x
    y = z - x
    S = np.dot(F, P) + Q
    K = np.dot(np.linalg.inv(S), np.dot(F.T, P))
    x = x + np.dot(K, y)
    return xp, P, y, S, K, x
score: 25.38587889366613
function:
def predict(x, F, P, Q, z, R):
    xp = x
    y = z - x
    S = np.dot(F, P) + Q
    K = np.dot(np.dot(F.T, P), np.linalg.inv(S))
    x = x + np.dot(K, y)
    return xp, P, y, S, K, x
score: 101.35270126193466
function:
def predict(x, F, P, Q, z, R):
    xp = x
    y = z - x
    S = np.dot(F, P) + Q
    K = np.dot(F.T, np.linalg.solve(S, P))
    x = x + np.dot(K, y)
    return xp, P, y, S, K, x
score: 101.35270126193466
function:
def predict(x, F, P, Q, z, R):
    xp = x
    y = z - xp
    S = F @ P @ F.T + Q
    K = P @ F.T @ np.linalg.inv(S)
    x = x + K @ y
    return xp, P, y, S, K, x
score: 10.89853120662054
Parse error: '' (could not convert string to float: '')
function:
def predict(x, F, P, Q, z, R):
    xp = x
    y = z - x
    S = F @ Q @ F.T
    K = P @ F.T @ np.linalg.inv(S)
    x = xp + K @ y
    return xp, P, y, S, K, x
score: inf
function:
def predict(x, F, P, Q, z, R):
    xp = x
    y = z - x
    S = F @ P @ F.T + Q
    K = P @ F.T @ np.linalg.inv(S)
    x = xp + K @ y
    return xp, P, y, S, K, x
score: 10.89853120662054
Parse error: '' (could not convert string to float: '')
function:
def predict(x, F, P, Q, z, R):
    xp = F * x
    y = z - xp
    S = (F * P) * F.T + Q
    K = P * F.T @ np.linalg.inv(S)
    x = x + K @ y
    return xp, P, y, S, K, x
score: inf
Error Output: <string>:2: RuntimeWarning: invalid value encountered in divide

Parse error: '' (could not convert string to float: '')
function:
def predict(x, F, P, Q, z, R):
    xp = F @ x / np.linalg.norm(x)
    y = z - xp
    S = F @ P @ F.T + Q
    K = P @ F.T @ np.linalg.inv(S)
    x = x + K @ y
    return xp, P, y, S, K, x
score: inf
function:
def predict(x, F, P, Q, z, R):
    xp = np.polyval(F, x)
    y = z - xp
    S = F @ P @ F.T + Q
    K = P @ F.T @ np.linalg.inv(S)
    x = x + K @ y
    return xp, P, y, S, K, x
score: 9.964666686616509
function:
def predict(x, F, P, Q, z, R):
    xp = np.exp(F @ x)
    y = z - xp
    S = F @ P @ F.T + Q
    K = P @ F.T @ np.linalg.inv(S)
    x = x + K @ y
    return xp, P, y, S, K, x
score: 865056253109.5713
Parse error: '' (could not convert string to float: '')
function:
def predict(x, F, P, Q, z, R):
    xp = F @ x
    U, S, V = np.linalg.svd(xp)
    y = z - U @ S @ V.T
    S = F @ P @ F.T + Q
    K = P @ F.T @ np.linalg.inv(S)
    x = x + K @ y
    return xp, P, y, S, K, x
score: inf
Parse error: '(2.9865968533705443e+85+0j)' (could not convert string to float: '(2.9865968533705443e+85+0j)')
function:
def predict(x, F, P, Q, z, R):
    xp = np.fft.fft(F @ x)
    y = z - xp
    S = F @ P @ F.T + Q
    K = P @ F.T @ np.linalg.inv(S)
    x = x + K @ y
    return xp, P, y, S, K, x
score: inf
function:
def predict(x, F, P, Q, z, R):
    xp = F @ x
    y = z - xp
    S = F @ P @ F.T + Q
    K = P @ F.T @ np.linalg.inv(S)
    x = x + 0.1 * K @ y
    return xp, P, y, S, K, x
score: 2438.002272863675
Error Output: <string>:5: RuntimeWarning: invalid value encountered in divide

Parse error: '' (could not convert string to float: '')
function:
def predict(x, F, P, Q, z, R):
    xp = F @ x
    mean = np.mean(xp, axis=0)
    std = np.std(xp, axis=0)
    xp = (xp - mean) / std
    y = z - xp
    S = F @ P @ F.T + Q
    K = P @ F.T @ np.linalg.inv(S)
    x = x + K @ y
    return xp, P, y, S, K, x
score: inf
function:
def predict(x, F, P, Q, z, R):
    xp = x + F @ x
    y = z - x
    S = F @ P @ F.T + Q
    K = P @ F.T @ np.linalg.inv(S)
    x = x + K @ y
    return xp, P, y, S, K, x
score: 10.89853120662054
function:
def predict(x, F, P, Q, z, R):
    xp = x
    y = z - F @ x
    S = F @ P @ F.T + Q
    K = P @ F.T @ np.linalg.inv(S)
    x = x + K @ y
    return xp, P, y, S, K, x
score: 43.22364928530982
function:
def predict(x, F, P, Q, z, R):
    xp = F @ x
    y = z - F @ x
    S = F @ P @ F.T + Q
    K = P @ F.T @ np.linalg.inv(S)
    x = x + K @ y
    return xp, P, y, S, K, x
score: 43.22364928530982
function:
def predict(x, F, P, Q, z, R):
    xp = x
    y = z - x
    S = P + Q
    K = P @ np.linalg.inv(S)
    x = x + K @ y
    return xp, P, y, S, K, x
score: 8.447126506416064
function:
def predict(x, F, P, Q, z, R):
    xp = x
    y = z - x
    S = R
    K = P @ np.linalg.inv(S)
    x = x + K @ y
    return xp, P, y, S, K, x
score: 2.0742094832589832
function:
def predict(x, F, P, Q, z, R):
    xp = F @ x + Q
    y = z - F @ x
    S = F @ P @ F.T + Q @ Q.T
    K = P @ F.T @ np.linalg.inv(S)
    x = x + K @ y
    return xp, P, y, S, K, x
score: 49.55647963156074
Parse error: '' (could not convert string to float: '')
function:
def predict(x, F, P, Q, z, R):
    xp = x
    y = z - x
    S = P + R
    K = np.sqrt(P) / (S + 1e-8)
    x = x + K * y
    return xp, P, y, S, K, x
score: inf
Parse error: '' (could not convert string to float: '')
function:
def predict(x, F, P, Q, z, R):
    xp = F @ x + Q
    y = z - xp
    S = F @ P @ F.T + Q @ Q.T + R
    K = P @ F.T @ np.linalg.inv(S)
    x = xp + K @ y
    return xp, P, y, S, K, x
score: inf
function:
def predict(x, F, P, Q, z, R):
    xp = x
    y = z - x
    S = P + Q + R
    K = (P @ np.linalg.inv(S)) 
    x = x + K @ y
    return xp, P, y, S, K, x
score: 40.30173401373402
Parse error: '' (could not convert string to float: '')
function:
def predict(x, F, P, Q, z, R):
    xp = F @ x + Q
    y = z - xp
    S = F @ P @ F.T + Q @ Q.T + R
    K = (P @ F.T) @ np.linalg.inv(S)
    x = xp + K @ y
    return xp, P, y, S, K, x
score: inf
function:
def predict(x, F, P, Q, z, R):
    xp = x
    y = z - x
    S = P + R
    K = (P @ np.linalg.inv(S)) 
    x = x + K @ y
    return xp, P, y, S, K, x
score: 23.07480154096123
Parse error: '' (could not convert string to float: '')
function:
def predict(x, F, P, Q, z, R):
    xp = F @ x + Q
    y = z - xp
    S = F @ P @ F.T + Q @ Q.T + R
    K = (P @ F.T) @ np.linalg.inv(S)
    x = xp + K @ y
    return xp, P, y, S, K, x
score: inf
Parse error: '' (could not convert string to float: '')
function:
def predict(x, F, P, Q, z, R):
    xp = F @ x + Q
    y = z - xp
    S = F @ P @ F.T + Q @ Q.T + R
    K = (P @ F.T) @ np.linalg.inv(S)
    x = xp + K @ y
    return xp, P, y, S, K, x
score: inf
function:
def predict(x, F, P, Q, z, R):
    xp = x
    y = z - F @ x
    S = F @ P @ F.T + Q
    K = P @ F.T @ np.linalg.inv(S)
    x = xp + K @ (z - F @ xp)
    return xp, P, y, S, K, x
score: 43.22364928530982
function:
def predict(x, F, P, Q, z, R):
    xp = x
    y = z - x
    S = R
    K = np.zeros_like(P)
    x = x + 0.5 * y
    return xp, P, y, S, K, x
score: 23.07480154096123
function:
def predict(x, F, P, Q, z, R):
    xp = F @ x
    y = z - xp
    S = F @ P @ F.T + Q
    K = P @ F.T @ np.linalg.inv(S)
    x = xp + K @ (y - xp)
    return xp, P, y, S, K, x
score: 6729.248982166052
Parse error: '' (could not convert string to float: '')
function:
def predict(x, F, P, Q, z, R):
    xp = x
    y = z - x
    S = P + R
    K = np.eye_like(P)
    x = x + y / (1 + np.trace(S))
    return xp, P, y, S, K, x
score: inf
function:
def predict(x, F, P, Q, z, R):
    xp = x
    y = z - x
    S = R
    K = np.zeros_like(P)
    x = x + 0.2 * y
    return xp, P, y, S, K, x
score: 322.37838490563706
Parse error: '' (could not convert string to float: '')
function:
def predict(x, F, P, Q, z, R):
    xp = x
    y = z - x
    S = P + R
    K = np.eye_like(P)
    x = x + y / (1 + np.trace(S))
    return xp, P, y, S, K, x
score: inf
function:
def predict(x, F, P, Q, z, R):
    xp = x
    y = z - x
    S = R
    K = np.zeros_like(P)
    x = x + 0.3 * y
    return xp, P, y, S, K, x
score: 115.98044568823049
function:
def predict(x, F, P, Q, z, R):
    xp = x + F @ x
    y = z - x
    S = Q + R
    K = (P @ F.T) @ np.linalg.inv(S)
    x = x + K @ y
    return xp, P, y, S, K, x
score: 54.86685092749767
function:
def predict(x, F, P, Q, z, R):
    xp = x + F @ x
    y = z - xp
    S = F @ P @ F.T + Q
    K = P @ F.T @ np.linalg.inv(S)
    x = xp + K @ y
    return xp, P, y, S, K, x
score: 12847.863047979954
function:
def predict(x, F, P, Q, z, R):
    xp = F @ x + Q
    y = z - x
    S = F @ P @ F.T + Q @ Q.T
    K = P @ F.T @ np.linalg.inv(S)
    x = x + K @ y
    return xp, P, y, S, K, x
score: 14.913912337330705
function:
def predict(x, F, P, Q, z, R):
    xp = x
    y = z - x
    S = R
    K = np.zeros_like(P)
    x = x + y
    return xp, P, y, S, K, x
score: 2.0742094832589832
function:
def predict(x, F, P, Q, z, R):
    xp = x
    y = z - x
    S = P + R
    K = np.ones_like(P) * 0.5
    x = x + K @ y
    return xp, P, y, S, K, x
score: 13061.812261557812
function:
def predict(x, F, P, Q, z, R):
    xp = F @ x
    y = z - x
    S = F @ P @ F.T + Q
    K = P @ F.T @ np.linalg.inv(S)
    x = x + K @ y
    return xp, P, y, S, K, x
score: 10.89853120662054
function:
def predict(x, F, P, Q, z, R):
    xp = x
    y = z - x
    S = P + R
    K = np.zeros_like(P)
    x = x + y
    return xp, P, y, S, K, x
score: 2.0742094832589832
function:
def predict(x, F, P, Q, z, R):
    xp = F @ x
    y = z - xp
    S = Q + R
    K = F @ P @ np.linalg.inv(S)
    x = xp + K @ y
    return xp, P, y, S, K, x
score: 1.971622223837607
function:
def predict(x, F, P, Q, z, R):
    xp = x
    y = z - x
    S = P + Q + R
    K = np.eye(x.shape[0]) @ P @ np.linalg.inv(S)
    x = x + K @ y
    return xp, P, y, S, K, x
score: 40.30173401373402
function:
def predict(x, F, P, Q, z, R):
    xp = F @ x
    y = z - xp
    S = F @ P @ F.T + Q + R
    K = P @ F.T @ np.linalg.inv(S)
    x = xp + K @ y
    return xp, P, y, S, K, x
score: 3.201794024113994
function:
def predict(x, F, P, Q, z, R):
    xp = x
    y = z - x
    S = P + Q + R
    K = np.zeros_like(P)
    x = x + y
    return xp, P, y, S, K, x
score: 2.0742094832589832
function:
def predict(x, F, P, Q, z, R):
    xp = x
    y = z - x
    S = P + Q
    K = np.zeros_like(P)
    x = x + y
    return xp, P, y, S, K, x
score: 2.0742094832589832
function:
def predict(x, F, P, Q, z, R):
    xp = np.zeros_like(x)
    y = z - x
    S = Q
    K = 0.6 * np.eye(x.shape[0])
    x = x + 0.2 * y
    return xp, P, y, S, K, x
score: 322.37838490563706
function:
def predict(x, F, P, Q, z, R):
    xp = x
    y = F @ x
    S = P + Q
    K = 0.7 * np.linalg.inv(S) @ F.T
    x = xp + K @ y
    return xp, P, y, S, K, x
score: 26928.581085851627
function:
def predict(x, F, P, Q, z, R):
    xp = x
    y = z - F @ x
    S = R
    K = 0.8 * np.eye(x.shape[0])
    x = x + 0.3 * y
    return xp, P, y, S, K, x
score: 232.63567500177476
function:
def predict(x, F, P, Q, z, R):
    xp = x
    y = z - x
    S = P + Q
    K = 0.4 * np.linalg.inv(S) @ F.T
    x = xp + K @ y
    return xp, P, y, S, K, x
score: 178.03429593215654
function:
def predict(x, F, P, Q, z, R):
    xp = x
    y = F @ x
    S = Q
    K = 0.5 * np.eye(x.shape[0])
    x = x + 0.1 * y
    return xp, P, y, S, K, x
score: 26928.581085851627
function:
def predict(x, F, P, Q, z, R):
    xp = x
    y = z - F @ x
    S = P + Q
    K = 0.6 * np.linalg.inv(S) @ F.T
    x = xp + K @ y
    return xp, P, y, S, K, x
score: 262.92635814652954
function:
def predict(x, F, P, Q, z, R):
    xp = x
    y = F @ x
    S = P + Q
    K = 0.7 * np.linalg.inv(S) @ F.T
    x = x + 0.2 * y
    return xp, P, y, S, K, x
score: 26928.581085851627
function:
def predict(x, F, P, Q, z, R):
    xp = x
    y = z - x
    S = Q
    K = 0.8 * np.eye(x.shape[0])
    x = x + 0.3 * y
    return xp, P, y, S, K, x
score: 115.98044568823049
function:
def predict(x, F, P, Q, z, R):
    xp = x
    y = F @ x
    S = P + Q
    K = 0.9 * np.linalg.inv(S) @ F.T
    x = x + 0.4 * y
    return xp, P, y, S, K, x
score: 26928.581085851627
function:
def predict(x, F, P, Q, z, R):
    xp = x
    y = z - x
    S = P + Q
    K = 0.5 * np.linalg.inv(S) @ F.T
    x = xp + K @ y
    return xp, P, y, S, K, x
score: 102.02377056579189
function:
def predict(x, F, P, Q, z, R):
    xp = x
    y = z - x
    S = R + Q
    K = np.linalg.inv(S).dot(P)
    x = x + K.dot(y)
    return xp, P, y, S, K, x
score: 8.447126506416064
function:
def predict(x, F, P, Q, z, R):
    xp = F.dot(x)
    y = z - xp
    S = R + F.dot(Q.dot(F.T))
    K = np.linalg.inv(S).dot(F.dot(P))
    x = x + K.dot(y)
    return xp, P, y, S, K, x
score: 54.89456119876735
function:
def predict(x, F, P, Q, z, R):
    xp = x + F @ x
    y = z - (x + F @ x)
    S = F @ P @ F.T + Q
    K = P @ F.T @ np.linalg.inv(S)
    x = x + K @ y
    return xp, P, y, S, K, x
score: 6726.57073033809
[Process 0] after evaluate_graphs
[Process 0] step=0, generation took 140.68s 
[Process 0] best score so far: 1.971622223837607, content:
def predict(x, F, P, Q, z, R):
    xp = F @ x
    y = z - xp
    S = Q + R
    K = F @ P @ np.linalg.inv(S)
    x = xp + K @ y
    return xp, P, y, S, K, x 
[Process 0] step=1, sampling done
[Process 0] step=1, text tokenized
[Process 0] step=1, Generation done
[Process 0] step=1, text decoded
[Process 0] in save_batch
[Process 0] total_matches: 287
[Process 0] before evaluate_graphs
function:
def predict(x, F, P, Q, z, R):
    xp = F @ x
    y = z - xp
    S = F @ P @ F.T + Q
    K = P @ F.T @ np.linalg.inv(F @ P @ F.T + R)
    x = xp + K @ y
    return xp, P, y, S, K, x
score: 2.4113137899675277
function:
def predict(x, F, P, Q, z, R):
    xp = F @ x
    y = z - xp
    S = F @ P @ F.T + Q
    K = np.linalg.inv(F @ P.T @ F.T + R) @ F @ P.T
    x = xp + K @ y
    return xp, P, y, S, K, x
score: 19.63331983658661
function:
def predict(x, F, P, Q, z, R):
    xp = F @ x
    y = z - xp
    S = F @ P @ F.T + Q
    K = np.linalg.inv(S + R) @ F @ P.T
    x = xp + K @ y
    return xp, P, y, S, K, x
score: 7.339449470385747e+16
Parse error: '' (could not convert string to float: '')
function:
def predict(x, F, P, Q, z, R):
    xp = x + F
    y = z * R
    S = P * Q
    K = np.zeros_like(P)
    x = x * y
    return xp, P, y, S, K, x
score: inf
Parse error: '' (could not convert string to float: '')
function:
def predict(x, F, P, Q, z, R):
    xp = F.dot(x)
    y = z + R
    S = P.dot(Q)
    K = np.zeros_like(P)
    x = x + y
    return xp, P, y, S, K, x
score: inf
Parse error: '' (could not convert string to float: '')
function:
def predict(x, F, P, Q, z, R):
    xp = x * F
    y = z - R
    S = P * Q
    K = np.zeros_like(P)
    x = x + y
    return xp, P, y, S, K, x
score: inf
Parse error: '' (could not convert string to float: '')
function:
def predict(x, F, P, Q, z, R):
    xp = x + F
    y = z * R
    S = P + Q
    K = np.zeros_like(P)
    x = x * y
    return xp, P, y, S, K, x
score: inf
Parse error: '' (could not convert string to float: '')
function:
def predict(x, F, P, Q, z, R):
    xp = x.dot(F)
    y = z + R
    S = P * Q
    K = np.zeros_like(P)
    x = x * y
    return xp, P, y, S, K, x
score: inf
Parse error: '' (could not convert string to float: '')
function:
def predict(x, F, P, Q, z, R):
    xp = F * x
    y = z - R
    S = P * Q
    K = np.zeros_like(P)
    x = x + y
    return xp, P, y, S, K, x
score: inf
Parse error: '' (could not convert string to float: '')
function:
def predict(x, F, P, Q, z, R):
    xp = x * F
    y = z * R
    S = P + Q
    K = np.zeros_like(P)
    x = x + y
    return xp, P, y, S, K, x
score: inf
Parse error: '' (could not convert string to float: '')
function:
def predict(x, F, P, Q, z, R):
    xp = x + F
    y = z * R
    S = P * Q
    K = np.zeros_like(P)
    x = x * y
    return xp, P, y, S, K, x
score: inf
Parse error: '' (could not convert string to float: '')
function:
def predict(x, F, P, Q, z, R):
    xp = x + F.dot(x)
    y = z * R
    S = P + Q
    K = np.zeros_like(P)
    x = x + y
    return xp, P, y, S, K, x
score: inf
Parse error: '' (could not convert string to float: '')
function:
def predict(x, F, P, Q, z, R):
    xp = x * F
    y = z + R
    S = P * Q
    K = np.zeros_like(P)
    x = x * y
    return xp, P, y, S, K, x
score: inf
Parse error: '' (could not convert string to float: '')
function:
def predict(x, F, P, Q, z, R):
    xp = F * x
    y = z - R
    S = P + Q
    K = np.zeros_like(P)
    x = x + y
    return xp, P, y, S, K, x
score: inf
Parse error: '' (could not convert string to float: '')
function:
def predict(x, F, P, Q, z, R):
    xp = x + F
    y = z * R
    S = P * Q
    K = np.zeros_like(P)
    x = x * y
    return xp, P, y, S, K, x
score: inf
Parse error: '' (could not convert string to float: '')
function:
def predict(x, F, P, Q, z, R):
    xp = x.dot(F)
    y = z + R
    S = P * Q
    K = np.zeros_like(P)
    x = x * y
    return xp, P, y, S, K, x
score: inf
Parse error: '' (could not convert string to float: '')
function:
def predict(x, F, P, Q, z, R):
    xp = x + F.dot(x)
    y = z - R
    S = P + Q
    K = np.zeros_like(P)
    x = x + y
    return xp, P, y, S, K, x
score: inf
Parse error: '' (could not convert string to float: '')
function:
def predict(x, F, P, Q, z, R):
    xp = x * F.dot(x)
    y = z + R
    S = P * Q
    K = np.zeros_like(P)
    x = x * y
    return xp, P, y, S, K, x
score: inf
Parse error: '' (could not convert string to float: '')
function:
def predict(x, F, P, Q, z, R):
    xp = x + F
    y = z * R
    S = P * Q
    K = np.zeros_like(P)
    x = x * y
    return xp, P, y, S, K, x
score: inf
Parse error: '' (could not convert string to float: '')
function:
def predict(x, F, P, Q, z, R):
    xp = F * x
    y = z * R
    S = P + Q
    K = np.zeros_like(P)
    x = x + y
    return xp, P, y, S, K, x
score: inf
Parse error: '' (could not convert string to float: '')
function:
def predict(x, F, P, Q, z, R):
    xp = x + F
    y = z - R
    S = P * Q
    K = np.zeros_like(P)
    x = x + y
    return xp, P, y, S, K, x
score: inf
Parse error: '' (could not convert string to float: '')
function:
def predict(x, F, P, Q, z, R):
    xp = x + F
    y = z * R
    S = P + Q
    K = np.zeros_like(P)
    x = x * y
    return xp, P, y, S, K, x
score: inf
Parse error: '' (could not convert string to float: '')
function:
def predict(x, F, P, Q, z, R):
    xp = x * F
    y = z + R
    S = P * Q
    K = np.zeros_like(P)
    x = x + y
    return xp, P, y, S, K, x
score: inf
Parse error: '' (could not convert string to float: '')
function:
def predict(x, F, P, Q, z, R):
    xp = F * x
    y = z - R
    S = P + Q
    K = np.zeros_like(P)
    x = x + y
    return xp, P, y, S, K, x
score: inf
Parse error: '' (could not convert string to float: '')
function:
def predict(x, F, P, Q, z, R):
    xp = x + F.dot(x)
    y = z * R
    S = P * Q
    K = np.zeros_like(P)
    x = x + y
    return xp, P, y, S, K, x
score: inf
Parse error: '' (could not convert string to float: '')
function:
def predict(x, F, P, Q, z, R):
    xp = x.dot(F)
    y = z + R
    S = P * Q
    K = np.zeros_like(P)
    x = x * y
    return xp, P, y, S, K, x
score: inf
Parse error: '' (could not convert string to float: '')
function:
def predict(x, F, P, Q, z, R):
    xp = x * F.dot(x)
    y = z - R
    S = P + Q
    K = np.zeros_like(P)
    x = x + y
    return xp, P, y, S, K, x
score: inf
Parse error: '' (could not convert string to float: '')
function:
def predict(x, F, P, Q, z, R):
    xp = F * x.dot(F)
    y = z + R
    S = P * Q
    K = np.zeros_like(P)
    x = x * y
    return xp, P, y, S, K, x
score: inf
Parse error: '' (could not convert string to float: '')
function:
def predict(x, F, P, Q, z, R):
    xp = x + F * x
    y = z * R
    S = P + Q
    K = np.zeros_like(P)
    x = x + y
    return xp, P, y, S, K, x
score: inf
Parse error: '' (could not convert string to float: '')
function:
def predict(x, F, P, Q, z, R):
    xp = x * F + x
    y = z + R
    S = P * Q
    K = np.zeros_like(P)
    x = x * y
    return xp, P, y, S, K, x
score: inf
function:
def predict(x, F, P, Q, z, R):
    xp = F @ x
    y = z - xp
    S = P @ F.T @ F + Q
    K = P @ F.T @ np.linalg.inv(S)
    x = xp + K @ y
    return xp, P, y, S, K, x
score: 882.5013995550433
function:
def predict(x, F, P, Q, z, R):
    xp = F @ x + np.sin(x)
    y = z - xp
    S = F @ P @ F.T + Q + R
    K = P @ F.T @ np.linalg.inv(S)
    x = x + K @ y
    return xp, P, y, S, K, x
score: 267.41222967238076
Error Output: <string>:2: RuntimeWarning: divide by zero encountered in log
<string>:6: RuntimeWarning: invalid value encountered in matmul

Parse error: '' (could not convert string to float: '')
function:
def predict(x, F, P, Q, z, R):
    xp = F @ x + np.log(x)
    y = z - xp
    S = F @ P @ F.T + Q
    K = P @ F.T @ np.linalg.inv(S)
    x = x + K @ y
    return xp, P, y, S, K, x
score: inf
function:
def predict(x, F, P, Q, z, R):
    xp = F @ x + np.tanh(x)
    y = z - xp
    S = F @ P @ F.T + Q
    K = P @ F.T @ np.linalg.inv(S)
    x = x + K @ y
    return xp, P, y, S, K, x
score: 35.47311852760604
Parse error: '' (could not convert string to float: '')
function:
def predict(x, F, P, Q, z, R):
    xp = F @ x + F @ x
    y = z - xp
    S = F @ P @ F.T + Q
    K = P @ F.T @ np.linalg inv(S)
    x = x + K @ y
    return xp, P, y, S, K, x
score: inf
Error Output: /tmp/tmpotv_angd.py:39: RuntimeWarning: overflow encountered in square
  squared_error += np.sum(diff ** 2)
<string>:2: RuntimeWarning: overflow encountered in multiply
<string>:6: RuntimeWarning: invalid value encountered in matmul

Parse error: '' (could not convert string to float: '')
function:
def predict(x, F, P, Q, z, R):
    xp = F @ x + x * x
    y = z - xp
    S = F @ P @ F.T + Q
    K = P @ F.T @ np.linalg.inv(S)
    x = x + K @ y
    return xp, P, y, S, K, x
score: inf
Error Output: /tmp/tmp6hv02xi4.py:39: RuntimeWarning: overflow encountered in square
  squared_error += np.sum(diff ** 2)
<string>:2: RuntimeWarning: overflow encountered in matmul
<string>:6: RuntimeWarning: invalid value encountered in matmul

Parse error: '' (could not convert string to float: '')
function:
def predict(x, F, P, Q, z, R):
    xp = F @ x + x * F @ x
    y = z - xp
    S = F @ P @ F.T + Q
    K = P @ F.T @ np.linalg.inv(S)
    x = x + K @ y
    return xp, P, y, S, K, x
score: inf
Error Output: <string>:2: RuntimeWarning: overflow encountered in exp

Parse error: '' (could not convert string to float: '')
function:
def predict(x, F, P, Q, z, R):
    xp = F @ x + np.exp(x)
    y = z - xp
    S = F @ P @ F.T + Q
    K = P @ F.T @ np.linalg.inv(S)
    x = x + K @ y
    return xp, P, y, S, K, x
score: inf
function:
def predict(x, F, P, Q, z, R):
    xp = x.dot(F.T)
    y = z - xp
    S = F.dot(P) + Q
    K = np.linalg.inv(S).dot(P)
    x = xp + K.dot(y)
    return xp, P, y, S, K, x
score: 5.1933257483460045
function:
def predict(x, F, P, Q, z, R):
    xp = x.dot(F)
    y = z - xp
    S = F.dot(P.dot(F.T)) + Q
    K = np.linalg.inv(S + R).dot(P.dot(F.T))
    x = xp + K.dot(y)
    return xp, P, y, S, K, x
score: 6.707259093716045e+19
function:
def predict(x, F, P, Q, z, R):
    xp = x.dot(F.T)
    y = z - xp
    S = F.dot(P.dot(F.T)) + Q
    K = np.linalg.inv(S).dot(P)
    x = xp + K.dot(y)
    return xp, P, y, S, K, x
score: 7.341748995656292e+23
function:
def predict(x, F, P, Q, z, R):
    xp = x.dot(F)
    y = z - xp
    S = F.dot(P) + Q
    K = np.linalg.inv(S).dot(P.dot(F.T))
    x = xp + K.dot(y)
    return xp, P, y, S, K, x
score: 6.058014151358315e+65
function:
def predict(x, F, P, Q, z, R):
    xp = x.dot(F.T)
    y = z - xp
    S = F.dot(P.dot(F.T)) + Q
    K = np.linalg.inv(S).dot(P.dot(F.T))
    x = xp + K.dot(y)
    return xp, P, y, S, K, x
score: 5.382373571909101
function:
def predict(x, F, P, Q, z, R):
    xp = x
    y = z - F @ x
    S = F @ P @ F.T + Q
    K = np.linalg.inv(S) @ F @ P.T
    x = xp + K @ y
    return xp, P, y, S, K, x
score: 76.19908933401722
function:
def predict(x, F, P, Q, z, R):
    xp = F @ x
    y = z - xp
    S = F @ P @ F.T + Q
    K = np.linalg.inv(S) @ F @ P.T
    x = xp + K @ y
    return xp, P, y, S, K, x
score: 3.60926033810836e+39
function:
def predict(x, F, P, Q, z, R):
    xp = F @ x
    y = z - xp
    S = F @ P @ F.T + R
    K = P @ F.T @ np.linalg.inv(S)
    x = x + K @ y
    return xp, P, y, S, K, x
score: 212.65991831988597
function:
def predict(x, F, P, Q, z, R):
    xp = F @ x
    y = z - xp
    S = P + Q
    K = P @ np.linalg.inv(S)
    x = x + K @ y
    return xp, P, y, S, K, x
score: 20.28214539191995
function:
def predict(x, F, P, Q, z, R):
    xp = F @ x
    y = z - xp
    S = P + R
    K = P @ np.linalg.inv(S)
    x = x + K @ y
    return xp, P, y, S, K, x
score: 88.56790990832937
function:
def predict(x, F, P, Q, z, R):
    xp = F @ x
    y = z - xp
    S = P + Q
    K = np.zeros_like(P)
    x = x + y
    return xp, P, y, S, K, x
score: 26.18126382891419
function:
def predict(x, F, P, Q, z, R):
    xp = F @ x
    y = z - xp
    S = P + R
    K = np.zeros_like(P)
    x = x + y
    return xp, P, y, S, K, x
score: 26.18126382891419
Parse error: '' (could not convert string to float: '')
function:
def predict(x, F, P, Q, z, R):
    # code here
    return (xp, P, y, S, K, x)
score: inf
function:
def predict(x, F, P, Q, z, R):
    xp = x + F * x
    y = z - x * np.tanh(x)
    S = P + Q + R
    K = (P @ np.linalg.inv(S)) 
    x = x + K @ y
    return xp, P, y, S, K, x
score: 9.419662786171914e+63
function:
def predict(x, F, P, Q, z, R):
    xp = x + F
    y = z - x * np.cos(x)
    S = P * Q + R
    K = np.dot(P, S.T) / (S + 1e-8)
    x = x + K @ y
    return xp, P, y, S, K, x
score: 9830439.40619045
function:
def predict(x, F, P, Q, z, R):
    xp = x * F
    y = z - x * np.tanh(x)
    S = P + Q * R
    K = (P @ np.linalg.inv(S)) 
    x = x + K @ y
    return xp, P, y, S, K, x
score: 6.6481997060907734e+100
function:
def predict(x, F, P, Q, z, R):
    xp = x + F * x
    y = z - x * np.sin(x)
    S = P @ R + Q
    K = np.dot(P, S) / (S + 1e-8)
    x = x + K @ y
    return xp, P, y, S, K, x
score: 67802883826.88579
Parse error: '' (could not convert string to float: '')
function:
def predict(x, F, P, Q, z, R):
    xp = x * F + Q
    y = z - x * np.cos(x) * F
    S = P @ Q + R
    K = (P @ np.linalg.inv(S)) 
    x = x + K @ y
    return xp, P, y, S, K, x
score: inf
Parse error: '' (could not convert string to float: '')
function:
def predict(x, F, P, Q, z, R):
    xp = x + F * x * np.sin(x)
    y = z - x * np.tanh(x) * F
    S = P + Q @ R
    K = np.dot(P, S) / S
    x = x + K @ y
    return xp, P, y, S, K, x
score: inf
Parse error: '' (could not convert string to float: '')
function:
def predict(x, F, P, Q, z, R):
    xp = x * F + Q * x
    y = z - x * np.cos(x) * F + Q
    S = P @ Q + R
    K = (P @ np.linalg.inv(S)) 
    x = x + K @ y
    return xp, P, y, S, K, x
score: inf
Parse error: '' (could not convert string to float: '')
function:
def predict(x, F, P, Q, z, R):
    xp = x + F * x * np.tanh(x)
    y = z - x * np.sin(x) * F + Q
    S = P + Q @ R
    K = np.dot(P, S) / S
    x = x + K @ y
    return xp, P, y, S, K, x
score: inf
Parse error: '' (could not convert string to float: '')
function:
def predict(x, F, P, Q, z, R):
    xp = x * F * np.cos(x)
    y = z - x * np.tanh(x) * F * np.sin(x)
    S = P + Q @ R
    K = (P @ np.linalg.inv(S)) 
    x = x + K @ y
    return xp, P, y, S, K, x
score: inf
Parse error: '' (could not convert string to float: '')
function:
def predict(x, F, P, Q, z, R):
    xp = x + F * x * np.sin(x) * np.cos(x)
    y = z - x * np.tanh(x) * F * np.cos(x)
    S = P @ Q + R
    K = np.dot(P, S) / (S + 1e-8)
    x = x + K @ y
    return xp, P, y, S, K, x
score: inf
Parse error: '' (could not convert string to float: '')
function:
def predict(x, F, P, Q, z, R):
    xp = x * F * np.cos(x) + Q * x
    y = z - x * np.tanh(x) * F * np.sin(x) + Q
    S = P + Q @ R
    K = (P @ np.linalg.inv(S)) 
    x = x + K @ y
    return xp, P, y, S, K, x
score: inf
function:
def predict(x, F, P, Q, z, R):
    xp = x + np.mean(F)
    y = z * xp
    S = Q + R
    K = np.mean(F)
    x = x + K
    return xp, P, y, S, K, x
score: 18615.512695479334
function:
def predict(x, F, P, Q, z, R):
    xp = x * np.mean(F)
    y = z + xp
    S = Q - R
    K = np.mean(F)
    x = x + K
    return xp, P, y, S, K, x
score: 18615.512695479334
function:
def predict(x, F, P, Q, z, R):
    xp = F @ x
    y = z - xp
    S = F @ P @ F.T + R
    K = (P @ F.T) @ np.linalg.inv(S)
    x = xp + K @ y
    return xp, P, y, S, K, x
score: 2.4113137899675277
Parse error: '' (could not convert string to float: '')
function:
def predict(x, F, P, Q, z, R):
    xp = F @ x + u  # u is a dummy variable, not used
    Pp = F @ P @ F.T + Q
    y = z - xp
    S = F @ Pp @ F.T + R
    K = (Pp @ F.T) @ np.linalg.inv(S)
    x = xp + K @ y
    return xp, Pp, y, S, K, x
score: inf
function:
def predict(x, F, P, Q, z, R):
    xp = F @ x
    y = z - xp
    S = P + R  # This is incorrect; the correct is F@P@F.T + R
    K = (P @ F.T) @ np.linalg.inv(S)
    x = xp + K @ y
    return xp, P, y, S, K, x
score: 1.6465719562686962
Parse error: '' (could not convert string to float: '')
function:
def predict(x, F, P, Q, z, R):
    xp = F @ x
    y = z - xp
    S = F @ P @ F.T + R
    K = (P @ F.T) @ np.linalg_inv(S)
    x = xp + K @ y
    return xp, P, y, S, K, x
score: inf
function:
def predict(x, F, P, Q, z, R):
    xp = F @ x
    y = z - x
    S = F @ P @ F.T + Q
    K = np.linalg.inv(S) @ F @ P.T
    x = x + K @ y
    return xp, P, y, S, K, x
score: 52.79080215162059
function:
def predict(x, F, P, Q, z, R):
    xp = F @ x
    y = z - F @ x
    S = F @ P @ F.T + Q
    K = np.linalg.inv(S) @ F @ P.T
    x = x + K @ y
    return xp, P, y, S, K, x
score: 76.19908933401722
Parse error: '' (could not convert string to float: '')
function:
def predict(x, F, P, Q, z, R):
    xp = F * x
    y = z - xp
    S = F * P * F.T + Q
    K = P * F.T * np.linalg.inv(S)
    x = xp + K * y
    return xp, P, y, S, K, x
score: inf
function:
def predict(x, F, P, Q, z, R):
    xp = F.dot(x)
    y = z - xp
    S = F.dot(P.dot(F.T)) + Q
    K = np.linalg.inv(S).dot(F.dot(P.T))
    x = xp + K.dot(y)
    return xp, P, y, S, K, x
score: 3.60926033810836e+39
Parse error: '' (could not convert string to float: '')
function:
def predict(x, F, P, Q, z, R):
    xp = F * x
    y = z - xp
    S = F * P * F.T + Q
    K = P * F.T * np.linalg.inv(S)
    x = xp + K * y
    return xp, P, y, S, K, x
score: inf
function:
def predict(x, F, P, Q, z, R):
    xp = F @ x
    y = z - xp
    S = F @ (P @ F.T) + Q
    K = (P @ F.T) @ np.linalg.inv(S)
    x = xp + K @ (y - xp)
    return xp, P, y, S, K, x
score: 6729.248982166052
function:
def predict(x, F, P, Q, z, R):
    xp = F.dot(x)
    y = z - xp
    S = (F.dot(P)).dot(F.T) + Q
    K = np.linalg.inv(S).dot(F.dot(P.T))
    x = xp + K.dot(y)
    return xp, P, y, S, K, x
score: 3.60926033810836e+39
Parse error: '' (could not convert string to float: '')
function:
def predict(x, F, P, Q, z, R):
    xp = F * x
    y = z - xp
    S = F * P @ F.T + Q
    K = P * F.T @ np.linalg.inv(S)
    x = xp + K * (y - xp)
    return xp, P, y, S, K, x
score: inf
Parse error: '' (could not convert string to float: '')
function:
def predict(x, F, P, Q, z, R):
    xp = F * x
    y = z - xp
    S = F * P * F.T + Q
    K = P * F.T * np.linalg.inv(S)
    x = xp + K * y
    return xp, P, y, S, K, x
score: inf
function:
def predict(x, F, P, Q, z, R):
    xp = F.T @ x
    y = z - xp
    S = F.T @ P @ F + Q
    K = P @ F @ np.linalg.inv(S)
    x = xp + K @ y
    return xp, P, y, S, K, x
score: 12980.443100602806
function:
def predict(x, F, P, Q, z, R):
    xp = F @ x
    y = z + xp
    S = F @ P @ F.T + Q
    K = P @ F.T @ np.linalg.inv(S)
    x = xp + K @ y
    return xp, P, y, S, K, x
score: 3.470756641526368e+140
function:
def predict(x, F, P, Q, z, R):
    xp = x
    y = z - x
    S = P * Q
    K = np.min(R)
    x = x + y * K
    return xp, P, y, S, K, x
score: 26928.581085851627
function:
def predict(x, F, P, Q, z, R):
    xp = x
    y = z - x
    S = P * Q
    K = np.mean(R)
    x = x + y * K
    return xp, P, y, S, K, x
score: 23.07480154096123
function:
def predict(x, F, P, Q, z, R):
    xp = F @ x
    y = z - F @ x
    S = P + Q + R
    K = P @ np.linalg.inv(S)
    x = F @ x + K @ y
    return xp, P, y, S, K, x
score: 5.765488047036106
function:
def predict(x, F, P, Q, z, R):
    xp = F @ x
    y = z - xp
    S = P + Q + R
    K = P @ np.linalg.inv(S)
    x = xp + K @ y
    return xp, P, y, S, K, x
score: 5.765488047036106
function:
def predict(x, F, P, Q, z, R):
    xp = x
    y = z - x
    S = P + Q
    K = np.linalg.inv(S) @ P
    x = x + K @ y
    return xp, P, y, S, K, x
score: 8.447126506416064
function:
def predict(x, F, P, Q, z, R):
    xp = F @ x
    y = z - xp
    S = P + Q
    K = P @ np.linalg.inv(S)
    x = xp + K @ y
    return xp, P, y, S, K, x
score: 2.7074140696353863
function:
def predict(x, F, P, Q, z, R):
    xp = x
    y = z - x
    S = P + R
    K = np.linalg.inv(S) @ P
    x = x + K @ y
    return xp, P, y, S, K, x
score: 23.07480154096123
function:
def predict(x, F, P, Q, z, R):
    xp = x
    y = z - x
    S = P + Q + R
    K = np.linalg.inv(S) @ P
    x = x + K @ y
    return xp, P, y, S, K, x
score: 40.30173401373402
function:
def predict(x, F, P, Q, z, R):
    xp = F @ x
    y = z - xp
    S = F @ P @ F.T + Q
    K = (P @ F.T) @ np.linalg.inv(S)
    x = x + K @ y
    return xp, P, y, S, K, x
score: 43.22364928530982
function:
def predict(x, F, P, Q, z, R):
    xp = F @ x
    y = z - xp
    S = F @ P @ F.T + Q
    K = (P @ F.T) @ np.linalg.inv(S)
    x = x + K @ y
    return xp, P, y, S, K, xp
score: 26928.581085851627
function:
def predict(x, F, P, Q, z, R):
    xp = x @ F.T
    y = z - x
    S = F @ P @ F.T + Q
    K = (P @ F.T) @ np.linalg.inv(S)
    x = x + K @ y
    return xp, P, y, S, K, x
score: 10.89853120662054
function:
def predict(x, F, P, Q, z, R):
    xp = F.T @ x
    y = z - xp
    S = F @ P @ F.T + Q
    K = (P @ F.T) @ np.linalg.inv(S)
    x = x + K @ y
    return xp, P, y, S, K, x
score: 26543.259392261443
function:
def predict(x, F, P, Q, z, R):
    xp = x
    y = z - x
    S = F.T @ P @ F + Q
    K = (P @ F) @ np.linalg.inv(S)
    x = x + K @ y
    return xp, P, y, S, K, x
score: 54.21823504524874
function:
def predict(x, F, P, Q, z, R):
    xp = x @ F
    y = z - xp
    S = F @ P @ F.T + Q
    K = (P @ F.T) @ np.linalg.inv(S)
    x = x + K @ y
    return xp, P, y, S, K, x
score: 26543.259392261443
function:
def predict(x, F, P, Q, z, R):
    xp = x @ F.T
    y = z - xp
    S = F @ P @ F.T + Q
    K = (P @ F.T) * np.linalg.inv(S)
    x = x + K @ y
    return xp, P, y, S, K, x
score: 23.26534879044526
function:
def predict(x, F, P, Q, z, R):
    xp = F.T @ x
    y = z - xp
    S = F.T @ P @ F + Q
    K = (P @ F) @ np.linalg.inv(S)
    x = x + K @ y
    return xp, P, y, S, K, x
score: 26907.130076250476
function:
def predict(x, F, P, Q, z, R):
    xp = F @ x
    y = z - xp
    S = (F @ P) * F.T + Q
    K = (P @ F.T) @ np.linalg.inv(S)
    x = x + K @ y
    return xp, P, y, S, K, x
score: 157.33259918017868
function:
def predict(x, F, P, Q, z, R):
    xp = F.dot(x)
    y = z - xp
    S = F.dot(P).dot(F.T) + Q
    K = np.linalg.inv(S).dot(F.dot(P.T))
    x = x + K.dot(y)
    return xp, P, y, S, K, x
score: 76.19908933401722
[Process 0] after evaluate_graphs
[Process 0] step=1, generation took 508.07s 
[Process 0] best score so far: 1.6465719562686962, content:
def predict(x, F, P, Q, z, R):
    xp = F @ x
    y = z - xp
    S = P + R  # This is incorrect; the correct is F@P@F.T + R
    K = (P @ F.T) @ np.linalg.inv(S)
    x = xp + K @ y
    return xp, P, y, S, K, x 
[Process 0] step=2, sampling done
[Process 0] step=2, text tokenized
[Process 0] step=2, Generation done
[Process 0] step=2, text decoded
[Process 0] in save_batch
[Process 0] total_matches: 283
[Process 0] before evaluate_graphs
function:
def predict(x, F, P, Q, z, R):
    xp = F @ x + np.tanh(F @ x)
    y = z - xp
    S = F @ P @ F.T + Q + R
    K = P @ F.T @ np.linalg.inv(S)
    x = x + K @ y
    return xp, P, y, S, K, x
score: 243.93242161274998
function:
def predict(x, F, P, Q, z, R):
    xp = F @ x + np.log(1 + np.exp(F @ x))
    y = z - xp
    S = F @ P @ F.T + Q + R
    K = P @ F.T @ np.linalg.inv(S)
    x = x + K @ y
    return xp, P, y, S, K, x
score: 6998.520687365981
Error Output: <string>:2: RuntimeWarning: overflow encountered in exp
<string>:6: RuntimeWarning: invalid value encountered in matmul

Parse error: '' (could not convert string to float: '')
function:
def predict(x, F, P, Q, z, R):
    xp = F @ x + np.exp(-F @ x)
    y = z - xp
    S = F @ P @ F.T + Q + R
    K = P @ F.T @ np.linalg.inv(S)
    x = x + K @ y
    return xp, P, y, S, K, x
score: inf
function:
def predict(x, F, P, Q, z, R):
    xp = F @ x + np.maximum(F @ x, 0)
    y = z - xp
    S = F @ P @ F.T + Q + R
    K = P @ F.T @ np.linalg.inv(S)
    x = x + K @ y
    return xp, P, y, S, K, x
score: 7004.308361125176
function:
def predict(x, F, P, Q, z, R):
    xp = F @ x + np.minimum(F @ x, 1)
    y = z - xp
    S = F @ P @ F.T + Q + R
    K = P @ F.T @ np.linalg.inv(S)
    x = x + K @ y
    return xp, P, y, S, K, x
score: 276.73223660428596
function:
def predict(x, F, P, Q, z, R):
    xp = F @ x + np.mean(F @ x)
    y = z - xp
    S = F @ P @ F.T + Q + R
    K = P @ F.T @ np.linalg.inv(S)
    x = x + K @ y
    return xp, P, y, S, K, x
score: 1650.0603547218898
function:
def predict(x, F, P, Q, z, R):
    xp = F @ x + np.std(F @ x)
    y = z - xp
    S = F @ P @ F.T + Q + R
    K = P @ F.T @ np.linalg.inv(S)
    x = x + K @ y
    return xp, P, y, S, K, x
score: 5208.965524663478
function:
def predict(x, F, P, Q, z, R):
    xp = F @ x + np.mean(F @ x, axis=0)
    y = z - xp
    S = F @ P @ F.T + Q + R
    K = P @ F.T @ np.linalg.inv(S)
    x = x + K @ y
    return xp, P, y, S, K, x
score: 1650.0603547218898
Parse error: '' (could not convert string to float: '')
function:
def predict(x, F, P, Q, z, R):
    xp = F @ x + np.mean(F @ x, axis=1)
    y = z - xp
    S = F @ P @ F.T + Q + R
    K = P @ F.T @ np.linalg.inv(S)
    x = x + K @ y
    return xp, P, y, S, K, x
score: inf
function:
def predict(x, F, P, Q, z, R):
    xp = np.tanh(np.dot(F, x))
    y = z - xp
    S = np.dot(F, P).dot(F.T) + Q
    K = np.dot(P, F.T).dot(np.linalg.inv(S))
    x = xp + np.dot(K, y)
    return xp, P, y, S, K, x
score: 1625.2590425689896
function:
def predict(x, F, P, Q, z, R):
    xp = F.dot(x)
    y = z - xp
    S = F.dot(P.dot(F.T)) + Q
    K = np.linalg.inv(S).dot(F.dot(P.T))
    x = x + K.dot(y)
    return xp, P, y, S, K, x
score: 76.19908933401722
function:
def predict(x, F, P, Q, z, R):
    xp = F.dot(x)
    y = z - xp
    S = F.dot(P.dot(F.T)) + Q
    K = (P.dot(F.T)) @ np.linalg.inv(S)
    x = x + K.dot(y)
    return xp, P, y, S, K, x
score: 43.22364928530982
function:
def predict(x, F, P, Q, z, R):
    xp = x.dot(F.T)
    y = z - x.dot(F)
    S = F.dot(P) + Q
    K = np.linalg.inv(S) @ (F.dot(P))
    x = xp + K.dot(y)
    return xp, P, y, S, K, x
score: 25724.992882459574
function:
def predict(x, F, P, Q, z, R):
    xp = x.dot(F.T)
    y = z - xp
    S = F.dot(P) + Q
    K = np.linalg.inv(S) @ (P.dot(F.T))
    x = xp + K.dot(y)
    return xp, P, y, S, K, x
score: 9.682649989220714
function:
def predict(x, F, P, Q, z, R):
    xp = x.dot(F.T)
    y = z - xp
    S = F.dot(P) + Q
    K = np.linalg.inv(S) @ (P.dot(F))
    x = xp + K.dot(y)
    return xp, P, y, S, K, x
score: 3.509430495669284
function:
def predict(x, F, P, Q, z, R):
    xp = F @ x
    y = z - xp
    S = F @ P @ F.T + Q
    K = np.linalg.inv(S) @ (F @ P.T)
    x = xp + K @ y
    return xp, P, y, S, K, x
score: 3.60926033810836e+39
function:
def predict(x, F, P, Q, z, R):
    xp = F @ x
    y = z - xp
    S = F @ P @ F.T + Q
    K = np.linalg.inv(S) @ (P @ F.T)
    x = xp + K @ y
    return xp, P, y, S, K, x
score: 5.382373571909101
function:
def predict(x, F, P, Q, z, R):
    xp = F @ x
    y = z - xp
    S = F @ P @ F.T + Q
    K = (P @ F.T) @ np.linalg.inv(S)
    x = xp + K @ y
    return xp, P, y, S, K, x
score: 3.162158974196706
Parse error: '' (could not convert string to float: '')
function:
def predict(x, F, P, Q, z, R):
    xp = F @ x + np.polyval([1, 0.1], x)
    y = z - xp
    S = F @ P @ F.T + Q + np.polyval([1, 0.05], x)
    K = P @ F.T @ np.linalg.inv(S)
    x = xp + K @ y
    return xp, P, y, S, K, x
score: inf
function:
def predict(x, F, P, Q, z, R):
    xp = F @ x
    y = z - xp
    S = np.diag(np.diag(F @ P @ F.T + Q))
    K = P @ F.T @ np.linalg.inv(S)
    x = xp + K @ y
    return xp, P, y, S, K, x
score: 1.596210919630189
Parse error: '' (could not convert string to float: '')
function:
def predict(x, F, P, Q, z, R):
    xp = F @ x + np.exp(x)
    y = z - xp
    S = F @ P @ F.T + Q + np.exp(x)
    K = P @ F.T @ np.linalg.inv(S)
    x = xp + K @ y
    return xp, P, y, S, K, x
score: inf
function:
def predict(x, F, P, Q, z, R):
    xp = F @ x + np.random.normal(0, 0.1, x.shape)
    y = z - xp
    S = F @ P @ F.T + Q
    K = P @ F.T @ np.linalg.inv(S)
    x = xp + K @ y
    return xp, P, y, S, K, x
score: 3.1021248349145987
function:
def predict(x, F, P, Q, z, R):
    xp = F @ x + np.sin(x)
    y = z - xp
    S = F @ P @ F.T + Q + np.sin(x)
    K = P @ F.T @ np.linalg.inv(S)
    x = xp + K @ y
    return xp, P, y, S, K, x
score: 6.552869666164358
function:
def predict(x, F, P, Q, z, R):
    xp = F @ x
    y = z - xp
    S = F @ P @ F.T + Q + np.random.normal(0, 0.1, x.shape)
    K = P @ F.T @ np.linalg.inv(S)
    x = xp + K @ y
    return xp, P, y, S, K, x
score: 3.336493000361945
Parse error: '' (could not convert string to float: '')
function:
def predict(x, F, P, Q, z, R):
    xp = F @ x + x**2
    y = z - xp
    S = F @ P @ F.T + Q + x**2
    K = P @ F.T @ np.linalg.inv(S)
    x = xp + K @ y
    return xp, P, y, S, K, x
score: inf
function:
def predict(x, F, P, Q, z, R):
    xp = F @ x + np.random.normal(0, 0.1, x.shape)
    y = z - xp
    S = np.diag(np.diag(F @ P @ F.T + Q))
    K = P @ F.T @ np.linalg.inv(S)
    x = xp + K @ y
    return xp, P, y, S, K, x
score: 1.5921325829067685
Error Output: <string>:2: RuntimeWarning: invalid value encountered in log
<string>:4: RuntimeWarning: invalid value encountered in log

Parse error: '' (could not convert string to float: '')
function:
def predict(x, F, P, Q, z, R):
    xp = F @ x + np.log(x + 1)
    y = z - xp
    S = F @ P @ F.T + Q + np.log(x + 1)
    K = P @ F.T @ np.linalg.inv(S)
    x = xp + K @ y
    return xp, P, y, S, K, x
score: inf
function:
def predict(x, F, P, Q, z, R):
    xp = F @ x
    y = z - xp
    S = F @ P @ F.T + Q
    K = P @ F.T @ np.linalg.inv(S)
    x = xp + K @ (z - xp)
    return xp, P, y, S, K, x
score: 3.162158974196706
function:
def predict(x, F, P, Q, z, R):
    xp = F @ x
    y = z - xp
    S = P + Q + R
    K = np.linalg.inv(S) @ P
    x = xp + K @ y
    return xp, P, y, S, K, x
score: 5.765488047036106
function:
def predict(x, F, P, Q, z, R):
    xp = F @ x
    y = z - xp
    S = F @ P @ F.T + Q
    K = (F @ P.T) @ np.linalg.inv(S)
    x = xp + K @ y
    return xp, P, y, S, K, x
score: 3.706920916306964e+39
function:
def predict(x, F, P, Q, z, R):
    xp = F @ x
    y = z - xp
    S = F @ P @ F.T + Q + R
    K = (P @ F.T) @ np.linalg.inv(S)
    x = xp + K @ y
    return xp, P, y, S, K, x
score: 3.201794024113994
function:
def predict(x, F, P, Q, z, R):
    xp = F @ x
    y = z - xp
    S = F @ P @ F.T + R
    K = (F @ P.T) @ np.linalg.inv(S)
    x = xp + K @ y
    return xp, P, y, S, K, x
score: 23.78039343839657
function:
def predict(x, F, P, Q, z, R):
    xp = F @ x
    y = z - xp
    S = F @ P @ F.T + Q + R
    K = (F @ P.T) @ np.linalg.inv(S)
    x = xp + K @ y
    return xp, P, y, S, K, x
score: 6.987547101510282e+17
function:
def predict(x, F, P, Q, z, R):
    xp = x + F
    y = z - x
    S = P + Q + R
    K = np.zeros_like(P)
    x = x + y
    return xp, P, y, S, K, x
score: 2.0742094832589832
Error Output: <string>:3: RuntimeWarning: divide by zero encountered in divide

function:
def predict(x, F, P, Q, z, R):
    xp = x * F
    y = z / x
    S = P + Q
    K = np.max(R)
    x = x * K
    return xp, P, y, S, K, x
score: 26928.581085851627
Parse error: '' (could not convert string to float: '')
function:
def predict(x, F, P, Q, z, R):
    xp = x + F * P
    y = z - x * Q
    S = P + Q + R
    K = np.mean(R)
    x = x + y * K
    return xp, P, y, S, K, x
score: inf
function:
def predict(x, F, P, Q, z, R):
    xp = x * (F + P)
    y = z / (x + Q)
    S = P + Q
    K = np.min(R)
    x = x * K
    return xp, P, y, S, K, x
score: 26928.581085851627
Parse error: '' (could not convert string to float: '')
function:
def predict(x, F, P, Q, z, R):
    xp = x + F * Q
    y = z - x * R
    S = P + Q + R
    K = np.mean(R)
    x = x + y * K
    return xp, P, y, S, K, x
score: inf
function:
def predict(x, F, P, Q, z, R):
    xp = x * (F + P)
    y = z / (x + Q)
    S = P + Q
    K = np.max(R)
    x = x * K
    return xp, P, y, S, K, x
score: 26928.581085851627
Parse error: '' (could not convert string to float: '')
function:
def predict(x, F, P, Q, z, R):
    xp = x + F * P
    y = z - x * Q
    S = P + Q + R
    K = np.min(R)
    x = x + y * K
    return xp, P, y, S, K, x
score: inf
Error Output: <string>:3: RuntimeWarning: divide by zero encountered in divide

function:
def predict(x, F, P, Q, z, R):
    xp = x * (F + Q)
    y = z / (x + P)
    S = P + Q
    K = np.mean(R)
    x = x * K
    return xp, P, y, S, K, x
score: 26928.581085851627
Parse error: '' (could not convert string to float: '')
function:
def predict(x, F, P, Q, z, R):
    xp = x + F * Q
    y = z - x * R
    S = P + Q + R
    K = np.max(R)
    x = x + y * K
    return xp, P, y, S, K, x
score: inf
Error Output: <string>:3: RuntimeWarning: divide by zero encountered in divide

function:
def predict(x, F, P, Q, z, R):
    xp = x * (F + R)
    y = z / (x + P)
    S = P + Q
    K = np.min(R)
    x = x * K
    return xp, P, y, S, K, x
score: 26928.581085851627
function:
def predict(x, F, P, Q, z, R):
    xp = x * F + P * Q
    y = z - xp
    S = F * R + P * Q
    K = np.dot(F, R)
    x = x + np.sum(y * K)
    return xp, P, y, S, K, x
score: 5.617360225377668e+118
function:
def predict(x, F, P, Q, z, R):
    xp = F @ x + np.random.randn(*x.shape) * 0.1
    y = z - xp
    S = Q + R
    K = F @ P @ np.linalg.inv(S)
    x = xp + K @ y
    return xp, P, y, S, K, x
score: 1.9410079007920273
function:
def predict(x, F, P, Q, z, R):
    xp = F @ x
    y = z - xp
    S = F @ P @ F.T + Q
    K = P @ F.T @ np.linalg.inv(S)
    x = xp + K @ y + 0.05 * x
    return xp, P, y, S, K, x
score: 62.768539979094356
function:
def predict(x, F, P, Q, z, R):
    xp = F @ x
    y = z - xp
    S = F @ P @ F.T + Q + R
    K = F @ P @ np.linalg.inv(S)
    x = xp + K @ y
    return xp, P, y, S, K, x
score: 6.987547101510282e+17
function:
def predict(x, F, P, Q, z, R):
    xp = F @ x
    y = z - xp
    S = F @ P @ F.T + Q
    K = P @ F.T @ np.linalg.inv(S)
    x = xp + K @ y + 0.1 * y
    return xp, P, y, S, K, x
score: 3.0509001472235804
function:
def predict(x, F, P, Q, z, R):
    xp = F @ x
    y = z - xp
    S = F @ P @ F.T + Q
    K = P @ F.T @ np.linalg.inv(S)
    x = xp + K @ y + 0.01 * x
    return xp, P, y, S, K, x
score: 5.645677742664953
function:
def predict(x, F, P, Q, z, R):
    xp = F @ x + np.random.normal(0, 0.1, size=x.shape)
    y = z - xp
    S = Q + R
    K = F @ P @ np.linalg.inv(S)
    x = xp + K @ y
    return xp, P, y, S, K, x
score: 1.9696660657176033
function:
def predict(x, F, P, Q, z, R):
    xp = F @ x
    y = z - xp
    S = F @ P @ F.T + Q
    K = P @ F.T @ np.linalg.inv(S)
    x = xp + K @ y + 0.05 * y
    return xp, P, y, S, K, x
score: 3.0788055933338807
function:
def predict(x, F, P, Q, z, R):
    xp = F @ x
    y = z - xp
    S = F @ P @ F.T + Q
    K = P @ F.T @ np.linalg.inv(S)
    x = xp + K @ y + 0.02 * x
    return xp, P, y, S, K, x
score: 12.675466059222877
function:
def predict(x, F, P, Q, z, R):
    xp = F @ x
    y = z - xp
    S = F @ P @ F.T + Q
    K = P @ F.T @ np.linalg.inv(S)
    x = xp + K @ y + 0.01 * y
    return xp, P, y, S, K, x
score: 3.140406762675424
function:
def predict(x, F, P, Q, z, R):
    xp = F @ x
    y = z - xp
    S = F @ P @ F.T + Q
    K = P @ F.T @ np.linalg.inv(S)
    x = xp + K @ y + 0.005 * x
    return xp, P, y, S, K, x
score: 3.846244485910378
function:
def predict(x, F, P, Q, z, R):
    xp = F @ x
    y = z - xp
    S = F @ P @ F.T + Q
    K = P @ F.T @ np.linalg.inv(S)
    x = xp + K @ y + 0.005 * y
    return xp, P, y, S, K, x
score: 3.1509412487515225
function:
def predict(x, F, P, Q, z, R):
    xp = F @ x
    y = z - xp
    S = F @ P @ F.T + Q
    K = P @ F.T @ np.linalg.inv(S)
    x = xp + K @ y + 0.01 * x + 0.01 * y
    return xp, P, y, S, K, x
score: 5.604185722540625
function:
def predict(x, F, P, Q, z, R):
    xp = F @ x
    y = z - xp
    S = F @ P @ F.T + Q
    K = P @ F.T @ np.linalg.inv(S)
    x = xp + K @ y + 0.005 * x + 0.005 * y
    return xp, P, y, S, K, x
score: 3.8319629314029617
function:
def predict(x, F, P, Q, z, R):
    xp = F @ x
    y = z - xp
    S = F @ P @ F.T + Q
    K = P @ F.T @ np.linalg.inv(S)
    x = xp + K @ y + 0.005 * x + 0.01 * y
    return xp, P, y, S, K, x
score: 3.818352478479809
function:
def predict(x, F, P, Q, z, R):
    xp = F @ x
    y = z - xp
    S = F @ P @ F.T + Q
    K = P @ F.T @ np.linalg.inv(S)
    x = xp + K @ y + 0.01 * x + 0.005 * y
    return xp, P, y, S, K, x
score: 5.624637381777649
function:
def predict(x, F, P, Q, z, R):
    xp = F @ x
    y = z - xp
    S = F @ P @ F.T + Q
    K = P @ F.T @ np.linalg.inv(S)
    x = xp + K @ y + 0.02 * x + 0.005 * y
    return xp, P, y, S, K, x
score: 12.63018712561486
function:
def predict(x, F, P, Q, z, R):
    xp = F @ x
    y = z - xp
    S = F @ (P + Q) @ F.T + R
    K = (F @ P @ F.T) @ np.linalg.inv(S)
    x = xp + K @ y
    return xp, P, y, S, K, x
score: 3.034284448215362
function:
def predict(x, F, P, Q, z, R):
    xp = F @ x
    y = z - xp
    S = F @ P @ F.T + Q @ F.T
    K = (P @ F.T) @ np.linalg.inv(S)
    x = xp + K @ y
    return xp, P, y, S, K, x
score: 5.193325748346005
function:
def predict(x, F, P, Q, z, R):
    xp = F @ x
    y = z - xp
    S = F @ (P + Q) @ F.T
    K = (F @ P @ F.T) @ np.linalg.inv(S)
    x = xp + K @ y
    return xp, P, y, S, K, x
score: 2.9552509694995406
function:
def predict(x, F, P, Q, z, R):
    xp = F @ x
    y = z - xp
    S = F @ P @ F.T + Q @ F.T
    K = (F @ P @ F.T) @ np.linalg.inv(S)
    x = xp + K @ y
    return xp, P, y, S, K, x
score: 2.351801713314384
Parse error: '' (could not convert string to float: '')
function:
def predict(x, F, P, Q, z, R):
    # Create a diagonal matrix where each diagonal is x[i]
    F_custom = np.diag(x)
    xp = F_custom @ x
    y = z - xp
    S = F_custom @ P @ F_custom.T + Q
    K = P @ F_custom.T @ np.linalg.inv(S)
    x = xp + K @ y
    return xp, P, y, S, K, x
score: inf
Parse error: '' (could not convert string to float: '')
function:
def predict(x, F, P, Q, z, R):
    xp = F * x
    y = z - x
    S = F * R + Q
    K = np.dot(P, F.T) / (S + 1e-8)
    x = x + K * y
    return xp, P, y, S, K, x
score: inf
Parse error: '' (could not convert string to float: '')
function:
def predict(x, F, P, Q, z, R):
    xp = x * F
    y = z - x
    S = F * R + Q
    K = np.dot(P, F.T) / (S + 1e-8)
    x = x + K * y
    return xp, P, y, S, K, x
score: inf
Parse error: '' (could not convert string to float: '')
function:
def predict(x, F, P, Q, z, R):
    xp = F * x
    y = z - x
    S = F * R + Q
    K = np.dot(P, F.T) / (S + 1e-8)
    x = x + K * y
    return xp, P, y, S, K, x
score: inf
Parse error: '' (could not convert string to float: '')
function:
def predict(x, F, P, Q, z, R):
    xp = F * x
    y = z - x
    S = F * R + Q
    K = np.dot(P, F.T) / (S + 1e-8)
    x = x + K * y
    return xp, P, y, S, K, x
score: inf
Parse error: '' (could not convert string to float: '')
function:
def predict(x, F, P, Q, z, R):
    xp = F * x
    y = z - x
    S = F * R + Q
    K = np.dot(P, F.T) / (S + 1e-8)
    x = x + K * y
    return xp, P, y, S, K, x
score: inf
function:
def predict(x, F, P, Q, z, R):
    xp = F @ x
    y = z - xp
    S = F @ P @ F.T + Q
    K = F @ P.T @ np.linalg.inv(S)
    x = xp + K @ y
    return xp, P, y, S, K, x
score: 3.706920916306964e+39
function:
def predict(x, F, P, Q, z, R):
    xp = x
    y = z - x
    S = F @ P @ F.T + Q
    K = F.T @ np.linalg.inv(S) @ P.T
    x = xp + K @ y
    return xp, P, y, S, K, x
score: 10.89853120662054
function:
def predict(x, F, P, Q, z, R):
    xp = F @ x
    y = z - xp
    S = F @ P @ F.T + Q
    K = np.linalg.solve(S, F @ P.T).T
    x = xp + K @ y
    return xp, P, y, S, K, x
score: 3.1621589741967058
function:
def predict(x, F, P, Q, z, R):
    xp = F @ x
    y = z - xp
    S = F @ P @ F.T + Q
    K = F.T @ np.linalg.inv(S) @ P.T
    x = xp + K @ y
    return xp, P, y, S, K, x
score: 3.162158974196706
[Process 0] after evaluate_graphs
[Process 0] step=2, generation took 506.48s 
[Process 0] best score so far: 1.5921325829067685, content:
def predict(x, F, P, Q, z, R):
    xp = F @ x + np.random.normal(0, 0.1, x.shape)
    y = z - xp
    S = np.diag(np.diag(F @ P @ F.T + Q))
    K = P @ F.T @ np.linalg.inv(S)
    x = xp + K @ y
    return xp, P, y, S, K, x 
[Process 0] step=3, sampling done
[Process 0] step=3, text tokenized
