MSE: 1.1180493160255696
Detected 1 GPU(s). We will spawn 1 processes.


==== Outer Iteration 0 ====
MSE: 1.1180493160255696
[Process 0] started on GPU 0, running 10 iterations...
[Process 0] step=0, sampling done
[Process 0] step=0, text tokenized
[Process 0] step=0, Generation done
[Process 0] step=0, text decoded
[Process 0] in save_batch
[Process 0] total_matches: 338
[Process 0] before evaluate_graphs
[Memory] Error evaluate_graph() missing 1 required positional argument: 'traj' evaluating function:
def predict(x, F, P, Q, z, R):
    xp = x
    y = z - x
    S = R
    K = np.ones_like(P)
    x = x + 0.1 * y
    return xp, P, y, S, K, x
[Memory] Error evaluate_graph() missing 1 required positional argument: 'traj' evaluating function:
def predict(x, F, P, Q, z, R):
    xp = F @ x
    y = z - xp
    S = Q + R
    K = 0.5 * np.eye(x.shape[0])
    x = xp + K @ y
    return xp, P, y, S, K, x
[Memory] Error evaluate_graph() missing 1 required positional argument: 'traj' evaluating function:
def predict(x, F, P, Q, z, R):
    xp = F @ x
    y = z - xp
    S = Q + R
    K = np.linalg.inv(S) @ P
    x = xp + K @ y
    return xp, P, y, S, K, x
[Memory] Error evaluate_graph() missing 1 required positional argument: 'traj' evaluating function:
def predict(x, F, P, Q, z, R):
    xp = F @ x
    y = z - xp
    S = Q + R
    K = np.sqrt(np.diag(S)) * np.eye(len(x))
    x = xp + K @ y
    return xp, P, y, S, K, x
[Memory] Error evaluate_graph() missing 1 required positional argument: 'traj' evaluating function:
def predict(x, F, P, Q, z, R):
    xp = F @ x
    y = z - xp
    S = Q + R
    K = np.tril(P) @ np.tril(S).inverse()
    x = xp + K @ y
    return xp, P, y, S, K, x
[Memory] Error evaluate_graph() missing 1 required positional argument: 'traj' evaluating function:
def predict(x, F, P, Q, z, R):
    xp = F @ x
    y = z - xp
    S = Q + R
    K = np.log(P + 1e-10) / np.log(S + 1e-10)
    x = xp + K @ y
    return xp, P, y, S, K, x
[Memory] Error evaluate_graph() missing 1 required positional argument: 'traj' evaluating function:
def predict(x, F, P, Q, z, R):
    xp = F @ x
    y = z - xp
    S = Q + R
    K = np.exp(np.log(P) / np.log(S))
    x = xp + K @ y
    return xp, P, y, S, K, x
[Memory] Error evaluate_graph() missing 1 required positional argument: 'traj' evaluating function:
def predict(x, F, P, Q, z, R):
    xp = F @ x
    y = z - xp
    S = Q + R
    K = np.sqrt(P) / np.sqrt(S)
    x = xp + K @ y
    return xp, P, y, S, K, x
[Memory] Error evaluate_graph() missing 1 required positional argument: 'traj' evaluating function:
def predict(x, F, P, Q, z, R):
    xp = F @ x
    y = z - xp
    S = Q + R
    K = np.arctan2(P, S)
    x = xp + K @ y
    return xp, P, y, S, K, x
[Memory] Error evaluate_graph() missing 1 required positional argument: 'traj' evaluating function:
def predict(x, F, P, Q, z, R):
    xp = F @ x
    y = z - xp
    S = Q + R
    K = np.log(P + 1e-10) - np.log(S + 1e-10)
    x = xp + K @ y
    return xp, P, y, S, K, x
[Memory] Error evaluate_graph() missing 1 required positional argument: 'traj' evaluating function:
def predict(x, F, P, Q, z, R):
    xp = F @ x
    y = z - xp
    S = Q + R
    K = np.tril(P) - np.tril(S)
    x = xp + K @ y
    return xp, P, y, S, K, x
[Memory] Error evaluate_graph() missing 1 required positional argument: 'traj' evaluating function:
def predict(x, F, P, Q, z, R):
    xp = F @ x
    y = z - xp
    S = Q + R
    K = np.exp(np.log(P) - np.log(S))
    x = xp + K @ y
    return xp, P, y, S, K, x
[Memory] Error evaluate_graph() missing 1 required positional argument: 'traj' evaluating function:
def predict(x, F, P, Q, z, R):
    xp = x
    y = z - x
    S = R
    K = np.ones_like(P)
    x = x + 0.1 * y
    return xp, P, y, S, K, x
[Memory] Error evaluate_graph() missing 1 required positional argument: 'traj' evaluating function:
def predict(x, F, P, Q, z, R):
    xp = F @ x
    y = z - xp
    S = Q + R
    K = 0.5 * np.eye(x.shape[0])
    x = xp + K @ y
    return xp, P, y, S, K, x
[Memory] Error evaluate_graph() missing 1 required positional argument: 'traj' evaluating function:
def predict(x, F, P, Q, z, R):
    xp = x
    y = z - x
    S = R
    K = np.ones_like(P)
    x = x + 0.1 * y
    return xp, P, y, S, K, x
[Memory] Error evaluate_graph() missing 1 required positional argument: 'traj' evaluating function:
def predict(x, F, P, Q, z, R):
    xp = F @ x
    y = z - xp
    S = Q + R
    K = 0.5 * np.eye(x.shape[0])
    x = xp + K @ y
    return xp, P, y, S, K, x
[Memory] Error evaluate_graph() missing 1 required positional argument: 'traj' evaluating function:
def predict(x, F, P, Q, z, R):
    xp = F @ x
    y = z - xp
    S = Q + R
    K = np.linalg.inv(S) @ y
    x = xp + K @ y
    return xp, P, y, S, K, x
[Memory] Error evaluate_graph() missing 1 required positional argument: 'traj' evaluating function:
def predict(x, F, P, Q, z, R):
    xp = F @ x
    y = z - xp
    S = Q + R
    K = P @ F.T @ np.linalg.inv(S)
    x = xp + K @ y
    return xp, P, y, S, K, x
[Memory] Error evaluate_graph() missing 1 required positional argument: 'traj' evaluating function:
def predict(x, F, P, Q, z, R):
    xp = F @ x
    y = z - xp
    S = Q + R
    K = 0.2 * np.eye(x.shape[0])
    x = xp + K @ y
    return xp, P, y, S, K, x
[Memory] Error evaluate_graph() missing 1 required positional argument: 'traj' evaluating function:
def predict(x, F, P, Q, z, R):
    xp = F @ x
    y = z - xp
    S = Q + R
    K = np.ones_like(P) / 2
    x = xp + K @ y
    return xp, P, y, S, K, x
[Memory] Error evaluate_graph() missing 1 required positional argument: 'traj' evaluating function:
def predict(x, F, P, Q, z, R):
    xp = F @ x
    y = z - xp
    S = Q + R
    K = np.zeros_like(P)
    x = xp + K @ y
    return xp, P, y, S, K, x
[Memory] Error evaluate_graph() missing 1 required positional argument: 'traj' evaluating function:
def predict(x, F, P, Q, z, R):
    xp = F @ x
    y = z - xp
    S = Q + R
    K = 0.3 * np.eye(x.shape[0])
    x = xp + K @ y
    return xp, P, y, S, K, x
[Memory] Error evaluate_graph() missing 1 required positional argument: 'traj' evaluating function:
def predict(x, F, P, Q, z, R):
    xp = F @ x
    y = z - xp
    S = Q + R
    K = np.linalg.inv(S) @ y
    x = xp + K @ y
    return xp, P, y, S, K, x
[Memory] Error evaluate_graph() missing 1 required positional argument: 'traj' evaluating function:
def predict(x, F, P, Q, z, R):
    xp = F @ x
    y = z - xp
    S = Q + R
    K = 0.4 * np.eye(x.shape[0])
    x = xp + K @ y
    return xp, P, y, S, K, x
[Memory] Error evaluate_graph() missing 1 required positional argument: 'traj' evaluating function:
def predict(x, F, P, Q, z, R):
    xp = x
    y = z - x
    S = R
    K = np.ones_like(P)
    x = x + 0.1 * y
    return xp, P, y, S, K, x
[Memory] Error evaluate_graph() missing 1 required positional argument: 'traj' evaluating function:
def predict(x, F, P, Q, z, R):
    xp = F @ x
    y = z - xp
    S = Q + R
    K = 0.5 * np.eye(x.shape[0])
    x = xp + K @ y
    return xp, P, y, S, K, x
[Memory] Error evaluate_graph() missing 1 required positional argument: 'traj' evaluating function:
def predict(x, F, P, Q, z, R):
    xp = F @ x
    y = z - xp
    S = Q + R
    K = np.linalg.inv(S) @ F @ P.T
    x = xp + K @ y
    return xp, P, y, S, K, x
[Memory] Error evaluate_graph() missing 1 required positional argument: 'traj' evaluating function:
def predict(x, F, P, Q, z, R):
    xp = F @ x
    y = z - xp
    S = Q + R
    K = np.sqrt(np.diag(S)) * np.ones_like(P)
    x = xp + K @ y
    return xp, P, y, S, K, x
[Memory] Error evaluate_graph() missing 1 required positional argument: 'traj' evaluating function:
def predict(x, F, P, Q, z, R):
    xp = F @ x
    y = z - xp
    S = Q + R
    K = (F @ P.T) / (S + 1e-9)
    x = xp + K @ y
    return xp, P, y, S, K, x
[Memory] Error evaluate_graph() missing 1 required positional argument: 'traj' evaluating function:
def predict(x, F, P, Q, z, R):
    xp = F @ x
    y = z - xp
    S = Q + R
    K = np.diag(1/(S.diagonal() + 1e-9))
    x = xp + K @ y
    return xp, P, y, S, K, x
[Memory] Error evaluate_graph() missing 1 required positional argument: 'traj' evaluating function:
def predict(x, F, P, Q, z, R):
    xp = F @ x
    y = z - xp
    S = Q + R
    K = np.min(S) * np.ones_like(P)
    x = xp + K @ y
    return xp, P, y, S, K, x
[Memory] Error evaluate_graph() missing 1 required positional argument: 'traj' evaluating function:
def predict(x, F, P, Q, z, R):
    xp = F @ x
    y = z - xp
    S = Q + R
    K = np.max(S) * np.ones_like(P)
    x = xp + K @ y
    return xp, P, y, S, K, x
[Memory] Error evaluate_graph() missing 1 required positional argument: 'traj' evaluating function:
def predict(x, F, P, Q, z, R):
    xp = F @ x
    y = z - xp
    S = Q + R
    K = np.mean(S) * np.ones_like(P)
    x = xp + K @ y
    return xp, P, y, S, K, x
[Memory] Error evaluate_graph() missing 1 required positional argument: 'traj' evaluating function:
def predict(x, F, P, Q, z, R):
    xp = F @ x
    y = z - xp
    S = Q + R
    K = np.std(S) * np.ones_like(P)
    x = xp + K @ y
    return xp, P, y, S, K, x
[Memory] Error evaluate_graph() missing 1 required positional argument: 'traj' evaluating function:
def predict(x, F, P, Q, z, R):
    xp = F @ x
    y = z - xp
    S = Q + R
    K = np.median(S) * np.ones_like(P)
    x = xp + K @ y
    return xp, P, y, S, K, x
[Memory] Error evaluate_graph() missing 1 required positional argument: 'traj' evaluating function:
def predict(x, F, P, Q, z, R):
    xp = F @ x
    y = z - xp
    S = Q + R
    K = np.quantile(S, 0.75) * np.ones_like(P)
    x = xp + K @ y
    return xp, P, y, S, K, x
[Memory] Error evaluate_graph() missing 1 required positional argument: 'traj' evaluating function:
def predict(x, F, P, Q, z, R):
    xp = x
    y = z - x
    S = R
    K = np.ones_like(P)
    x = x + 0.1 * y
    return xp, P, y, S, K, x
[Memory] Error evaluate_graph() missing 1 required positional argument: 'traj' evaluating function:
def predict(x, F, P, Q, z, R):
    xp = F @ x
    y = z - xp
    S = Q + R
    K = 0.5 * np.eye(x.shape[0])
    x = xp + K @ y
    return xp, P, y, S, K, x
[Memory] Error evaluate_graph() missing 1 required positional argument: 'traj' evaluating function:
def predict(x, F, P, Q, z, R):
    xp = F @ x + Q
    y = z - xp
    S = R + xp.T @ y
    K = 0.2 * (P @ y) / (S + 1e-6)
    x = x + K @ y
    return xp, P, y, S, K, x
[Memory] Error evaluate_graph() missing 1 required positional argument: 'traj' evaluating function:
def predict(x, F, P, Q, z, R):
    xp = F @ x
    y = z - xp
    S = R + Q
    K = 0.1 * (P @ y) / (S + 1e-6)
    x = xp + K @ y
    return xp, P, y, S, K, x
[Memory] Error evaluate_graph() missing 1 required positional argument: 'traj' evaluating function:
def predict(x, F, P, Q, z, R):
    xp = F @ x
    y = z - xp
    S = R
    K = 0.5 * (P @ y) / (S + 1e-6)
    x = xp + K @ y
    return xp, P, y, S, K, x
[Memory] Error evaluate_graph() missing 1 required positional argument: 'traj' evaluating function:
def predict(x, F, P, Q, z, R):
    xp = F @ x
    y = z - xp
    S = Q + R
    K = 0.3 * (P @ y) / (S + 1e-6)
    x = xp + K @ y
    return xp, P, y, S, K, x
[Memory] Error evaluate_graph() missing 1 required positional argument: 'traj' evaluating function:
def predict(x, F, P, Q, z, R):
    xp = F @ x
    y = z - xp
    S = R
    K = 0.2 * (P @ y) / (S + 1e-6)
    x = xp + K @ y
    return xp, P, y, S, K, x
[Memory] Error evaluate_graph() missing 1 required positional argument: 'traj' evaluating function:
def predict(x, F, P, Q, z, R):
    xp = F @ x
    y = z - xp
    S = Q + R
    K = 0.4 * (P @ y) / (S + 1e-6)
    x = xp + K @ y
    return xp, P, y, S, K, x
[Memory] Error evaluate_graph() missing 1 required positional argument: 'traj' evaluating function:
def predict(x, F, P, Q, z, R):
    xp = F @ x
    y = z - xp
    S = R
    K = 0.3 * (P @ y) / (S + 1e-6)
    x = xp + K @ y
    return xp, P, y, S, K, x
[Memory] Error evaluate_graph() missing 1 required positional argument: 'traj' evaluating function:
def predict(x, F, P, Q, z, R):
    xp = F @ x
    y = z - xp
    S = Q + R
    K = 0.5 * (P @ y) / (S + 1e-6)
    x = xp + K @ y
    return xp, P, y, S, K, x
[Memory] Error evaluate_graph() missing 1 required positional argument: 'traj' evaluating function:
def predict(x, F, P, Q, z, R):
    xp = x
    y = z - x
    S = R
    K = np.ones_like(P)
    x = x + 0.1 * y
    return xp, P, y, S, K, x
[Memory] Error evaluate_graph() missing 1 required positional argument: 'traj' evaluating function:
def predict(x, F, P, Q, z, R):
    xp = F @ x
    y = z - xp
    S = Q + R
    K = 0.5 * np.eye(x.shape[0])
    x = xp + K @ y
    return xp, P, y, S, K, x
[Memory] Error evaluate_graph() missing 1 required positional argument: 'traj' evaluating function:
def predict(x, F, P, Q, z, R):
    xp = x + F @ x
    y = z - xp
    S = Q + R
    K = np.linalg.inv(P) @ F.T
    x = x + K @ y
    return xp, P, y, S, K, x
[Memory] Error evaluate_graph() missing 1 required positional argument: 'traj' evaluating function:
def predict(x, F, P, Q, z, R):
    xp = F @ x
    y = z - xp
    S = Q + R
    K = np.sqrt(P) * np.sqrt(R)
    x = xp + K * y
    return xp, P, y, S, K, x
[Memory] Error evaluate_graph() missing 1 required positional argument: 'traj' evaluating function:
def predict(x, F, P, Q, z, R):
    xp = F @ x
    y = z - xp
    S = Q + R
    K = (P @ F.T) @ np.linalg.inv(S)
    x = xp + K @ y
    return xp, P, y, S, K, x
[Memory] Error evaluate_graph() missing 1 required positional argument: 'traj' evaluating function:
def predict(x, F, P, Q, z, R):
    xp = F @ x
    y = z - xp
    S = Q + R
    K = F.T @ np.linalg.inv(P) @ F @ np.linalg.inv(S)
    x = xp + K @ y
    return xp, P, y, S, K, x
[Memory] Error evaluate_graph() missing 1 required positional argument: 'traj' evaluating function:
def predict(x, F, P, Q, z, R):
    xp = F @ x
    y = z - xp
    S = Q + R
    K = np.diag(np.diag(P)) @ F.T @ np.linalg.inv(S)
    x = xp + K @ y
    return xp, P, y, S, K, x
[Memory] Error evaluate_graph() missing 1 required positional argument: 'traj' evaluating function:
def predict(x, F, P, Q, z, R):
    xp = F @ x
    y = z - xp
    S = Q + R
    K = np.tril(P) @ F.T @ np.linalg.inv(S)
    x = xp + K @ y
    return xp, P, y, S, K, x
[Memory] Error evaluate_graph() missing 1 required positional argument: 'traj' evaluating function:
def predict(x, F, P, Q, z, R):
    xp = F @ x
    y = z - xp
    S = Q + R
    K = F.T @ np.linalg.inv(P) @ F @ np.linalg.inv(S)
    x = xp + K @ y
    return xp, P, y, S, K, x
[Memory] Error evaluate_graph() missing 1 required positional argument: 'traj' evaluating function:
def predict(x, F, P, Q, z, R):
    xp = F @ x
    y = z - xp
    S = Q + R
    K = np.linalg.inv(F @ P @ F.T + S) @ F @ P
    x = xp + K @ y
    return xp, P, y, S, K, x
[Memory] Error evaluate_graph() missing 1 required positional argument: 'traj' evaluating function:
def predict(x, F, P, Q, z, R):
    xp = F @ x
    y = z - xp
    S = Q + R
    K = (P @ F.T) @ np.linalg.inv(F @ P @ F.T + S)
    x = xp + K @ y
    return xp, P, y, S, K, x
[Memory] Error evaluate_graph() missing 1 required positional argument: 'traj' evaluating function:
def predict(x, F, P, Q, z, R):
    xp = F @ x
    y = z - xp
    S = Q + R
    K = np.linalg.inv(P) @ F.T @ np.linalg.inv(S)
    x = xp + K @ y
    return xp, P, y, S, K, x
[Memory] Error evaluate_graph() missing 1 required positional argument: 'traj' evaluating function:
def predict(x, F, P, Q, z, R):
    xp = x
    y = z - x
    S = R
    K = np.ones_like(P)
    x = x + 0.1 * y
    return xp, P, y, S, K, x
[Memory] Error evaluate_graph() missing 1 required positional argument: 'traj' evaluating function:
def predict(x, F, P, Q, z, R):
    xp = F @ x
    y = z - xp
    S = Q + R
    K = 0.5 * np.eye(x.shape[0])
    x = xp + K @ y
    return xp, P, y, S, K, x
[Memory] Error evaluate_graph() missing 1 required positional argument: 'traj' evaluating function:
def predict(x, F, P, Q, z, R):
    xp = F @ x
    y = z - xp
    S = Q + R
    K = np.linalg.inv(P + F @ Q @ F.T) @ F @ P.T
    x = xp + K @ y
    return xp, P, y, S, K, x
[Memory] Error evaluate_graph() missing 1 required positional argument: 'traj' evaluating function:
def predict(x, F, P, Q, z, R):
    xp = x
    y = z - x
    S = R
    K = np.ones_like(P)
    x = x + 0.1 * y
    return xp, P, y, S, K, x
[Memory] Error evaluate_graph() missing 1 required positional argument: 'traj' evaluating function:
def predict(x, F, P, Q, z, R):
    xp = F @ x
    y = z - xp
    S = Q + R
    K = 0.5 * np.eye(x.shape[0])
    x = xp + K @ y
    return xp, P, y, S, K, x
[Memory] Error evaluate_graph() missing 1 required positional argument: 'traj' evaluating function:
def predict(x, F, P, Q, z, R):
    xp = F.dot(x)
    y = z - xp
    S = Q + R
    K = np.linalg.inv(P + F.dot(Q.dot(F.T))) @ F.dot(y)
    x = xp + K @ y
    return xp, P, y, S, K, x
[Memory] Error evaluate_graph() missing 1 required positional argument: 'traj' evaluating function:
def predict(x, F, P, Q, z, R):
    xp = F @ x
    y = z - xp
    S = Q + R
    K = P @ F.T @ np.linalg.inv(F @ P @ F.T + R)
    x = xp + K @ y
    return xp, P, y, S, K, x
[Memory] Error evaluate_graph() missing 1 required positional argument: 'traj' evaluating function:
def predict(x, F, P, Q, z, R):
    xp = F.dot(x)
    y = z - xp
    S = Q + R
    K = np.linalg.inv(F.dot(P).dot(F.T) + R) @ F.dot(P).dot(y)
    x = xp + K
    return xp, P, y, S, K, x
[Memory] Error evaluate_graph() missing 1 required positional argument: 'traj' evaluating function:
def predict(x, F, P, Q, z, R):
    xp = F @ x
    y = z - xp
    S = Q + R
    K = P @ F.T @ np.linalg.inv(F @ P @ F.T + R)
    x = xp + K @ y
    return xp, P, y, S, K, x
[Memory] Error evaluate_graph() missing 1 required positional argument: 'traj' evaluating function:
def predict(x, F, P, Q, z, R):
    xp = F.dot(x)
    y = z - xp
    S = Q + R
    K = np.linalg.inv(P + F.dot(Q.dot(F.T)) + R) @ F.dot(y)
    x = xp + K @ y
    return xp, P, y, S, K, x
[Memory] Error evaluate_graph() missing 1 required positional argument: 'traj' evaluating function:
def predict(x, F, P, Q, z, R):
    xp = F @ x
    y = z - xp
    S = Q + R
    K = P @ F.T @ np.linalg.inv(F @ P @ F.T + R)
    x = xp + K @ y
    return xp, P, y, S, K, x
[Memory] Error evaluate_graph() missing 1 required positional argument: 'traj' evaluating function:
def predict(x, F, P, Q, z, R):
    xp = F.dot(x)
    y = z - xp
    S = Q + R
    K = np.linalg.inv(F.dot(P).dot(F.T) + R) @ F.dot(P).dot(y)
    x = xp + K
    return xp, P, y, S, K, x
[Memory] Error evaluate_graph() missing 1 required positional argument: 'traj' evaluating function:
def predict(x, F, P, Q, z, R):
    xp = F @ x
    y = z - xp
    S = Q + R
    K = P @ F.T @ np.linalg.inv(F @ P @ F.T + R)
    x = xp + K @ y
    return xp, P, y, S, K, x
[Memory] Error evaluate_graph() missing 1 required positional argument: 'traj' evaluating function:
def predict(x, F, P, Q, z, R):
    xp = F.dot(x)
    y = z - xp
    S = Q + R
    K = np.linalg.inv(P + F.dot(Q.dot(F.T)) + R) @ F.dot(y)
    x = xp + K @ y
    return xp, P, y, S, K, x
[Memory] Error evaluate_graph() missing 1 required positional argument: 'traj' evaluating function:
def predict(x, F, P, Q, z, R):
    xp = F @ x
    y = z - xp
    S = Q + R
    K = P @ F.T @ np.linalg.inv(F @ P @ F.T + R)
    x = xp + K @ y
    return xp, P, y, S, K, x
[Memory] Error evaluate_graph() missing 1 required positional argument: 'traj' evaluating function:
def predict(x, F, P, Q, z, R):
    xp = x
    y = z - x
    S = R
    K = np.ones_like(P)
    x = x + 0.1 * y
    return xp, P, y, S, K, x
[Memory] Error evaluate_graph() missing 1 required positional argument: 'traj' evaluating function:
def predict(x, F, P, Q, z, R):
    xp = F @ x
    y = z - xp
    S = Q + R
    K = 0.5 * np.eye(x.shape[0])
    x = xp + K @ y
    return xp, P, y, S, K, x
[Memory] Error evaluate_graph() missing 1 required positional argument: 'traj' evaluating function:
def predict(x, F, P, Q, z, R):
    xp = F @ x
    y = z - xp
    S = Q + R
    K = np.linalg.inv(P + F @ Q @ F.T) @ F @ P.T
    x = xp + K @ y
    return xp, P, y, S, K, x
[Memory] Error evaluate_graph() missing 1 required positional argument: 'traj' evaluating function:
def predict(x, F, P, Q, z, R):
    xp = F @ x
    y = z - xp
    S = Q + R
    K = np.linalg.cholesky(P).T @ np.linalg.inv(np.linalg.cholesky(S).T)
    x = xp + K @ y
    return xp, P, y, S, K, x
[Memory] Error evaluate_graph() missing 1 required positional argument: 'traj' evaluating function:
def predict(x, F, P, Q, z, R):
    xp = F @ x
    y = z - xp
    S = Q + R
    K = np.diag(1/(P.diagonal() + S.diagonal()))
    x = xp + K @ y
    return xp, P, y, S, K, x
[Memory] Error evaluate_graph() missing 1 required positional argument: 'traj' evaluating function:
def predict(x, F, P, Q, z, R):
    xp = F @ x
    y = z - xp
    S = Q + R
    K = np.linalg.inv(P + F @ Q @ F.T) @ F
    x = xp + K @ y
    return xp, P, y, S, K, x
[Memory] Error evaluate_graph() missing 1 required positional argument: 'traj' evaluating function:
def predict(x, F, P, Q, z, R):
    xp = F @ x
    y = z - xp
    S = Q + R
    K = np.linalg.cholesky(P).T @ np.linalg.inv(np.linalg.cholesky(S).T)
    x = xp + K @ y
    return xp, P, y, S, K, x
[Memory] Error evaluate_graph() missing 1 required positional argument: 'traj' evaluating function:
def predict(x, F, P, Q, z, R):
    xp = F @ x
    y = z - xp
    S = Q + R
    K = np.diag(1/(P.diagonal() + S.diagonal()))
    x = xp + K @ y
    return xp, P, y, S, K, x
[Memory] Error evaluate_graph() missing 1 required positional argument: 'traj' evaluating function:
def predict(x, F, P, Q, z, R):
    xp = F @ x
    y = z - xp
    S = Q + R
    K = np.linalg.inv(P + F @ Q @ F.T) @ F @ P.T
    x = xp + K @ y
    return xp, P, y, S, K, x
[Memory] Error evaluate_graph() missing 1 required positional argument: 'traj' evaluating function:
def predict(x, F, P, Q, z, R):
    xp = F @ x
    y = z - xp
    S = Q + R
    K = np.linalg.cholesky(P).T @ np.linalg.inv(np.linalg.cholesky(S).T)
    x = xp + K @ y
    return xp, P, y, S, K, x
[Memory] Error evaluate_graph() missing 1 required positional argument: 'traj' evaluating function:
def predict(x, F, P, Q, z, R):
    xp = x
    y = z - x
    S = R
    K = np.ones_like(P)
    x = x + 0.1 * y
    return xp, P, y, S, K, x
[Memory] Error evaluate_graph() missing 1 required positional argument: 'traj' evaluating function:
def predict(x, F, P, Q, z, R):
    xp = F @ x
    y = z - xp
    S = Q + R
    K = 0.5 * np.eye(x.shape[0])
    x = xp + K @ y
    return xp, P, y, S, K, x
[Memory] Error evaluate_graph() missing 1 required positional argument: 'traj' evaluating function:
def predict(x, F, P, Q, z, R):
    xp = F @ x
    y = z - xp
    S = Q + R
    K = 0.5 * np.eye(x.shape[0])
    x = xp + K @ y
    return xp, P, y, S, K, x
[Memory] Error evaluate_graph() missing 1 required positional argument: 'traj' evaluating function:
def predict(x, F, P, Q, z, R):
    xp = x
    y = z - x
    S = R
    K = np.ones_like(P)
    x = x + 0.1 * y
    return xp, P, y, S, K, x
[Memory] Error evaluate_graph() missing 1 required positional argument: 'traj' evaluating function:
def predict(x, F, P, Q, z, R):
    xp = F @ x
    y = z - xp
    S = Q + R
    K = 0.5 * np.eye(x.shape[0])
    x = xp + K @ y
    return xp, P, y, S, K, x
[Memory] Error evaluate_graph() missing 1 required positional argument: 'traj' evaluating function:
def predict(x, F, P, Q, z, R):
    xp = F @ x
    y = z - xp
    S = Q + R
    K = 0.5 * np.eye(x.shape[0])
    x = xp + K @ y
    return xp, P, y, S, K, x
[Memory] Error evaluate_graph() missing 1 required positional argument: 'traj' evaluating function:
def predict(x, F, P, Q, z, R):
    xp = F @ x
    y = z - xp
    S = Q + R
    K = 0.5 * np.eye(x.shape[0])
    x = xp + K @ y
    return xp, P, y, S, K, x
[Memory] Error evaluate_graph() missing 1 required positional argument: 'traj' evaluating function:
def predict(x, F, P, Q, z, R):
    xp = F @ x
    y = z - xp
    S = Q + R
    K = 0.5 * np.eye(x.shape[0])
    x = xp + K @ y
    return xp, P, y, S, K, x
[Memory] Error evaluate_graph() missing 1 required positional argument: 'traj' evaluating function:
def predict(x, F, P, Q, z, R):
    xp = F @ x
    y = z - xp
    S = Q + R
    K = 0.5 * np.eye(x.shape[0])
    x = xp + K @ y
    return xp, P, y, S, K, x
[Memory] Error evaluate_graph() missing 1 required positional argument: 'traj' evaluating function:
def predict(x, F, P, Q, z, R):
    xp = F @ x
    y = z - xp
    S = Q + R
    K = 0.5 * np.eye(x.shape[0])
    x = xp + K @ y
    return xp, P, y, S, K, x
[Memory] Error evaluate_graph() missing 1 required positional argument: 'traj' evaluating function:
def predict(x, F, P, Q, z, R):
    xp = F @ x
    y = z - xp
    S = Q + R
    K = 0.5 * np.eye(x.shape[0])
    x = xp + K @ y
    return xp, P, y, S, K, x
[Memory] Error evaluate_graph() missing 1 required positional argument: 'traj' evaluating function:
def predict(x, F, P, Q, z, R):
    xp = F @ x
    y = z - xp
    S = Q + R
    K = 0.5 * np.eye(x.shape[0])
    x = xp + K @ y
    return xp, P, y, S, K, x
[Memory] Error evaluate_graph() missing 1 required positional argument: 'traj' evaluating function:
def predict(x, F, P, Q, z, R):
    xp = F @ x
    y = z - xp
    S = Q + R
    K = 0.5 * np.eye(x.shape[0])
    x = xp + K @ y
    return xp, P, y, S, K, x
[Memory] Error evaluate_graph() missing 1 required positional argument: 'traj' evaluating function:
def predict(x, F, P, Q, z, R):
    xp = F @ x
    y = z - xp
    S = Q + R
    K = 0.5 * np.eye(x.shape[0])
    x = xp + K @ y
    return xp, P, y, S, K, x
[Memory] Error evaluate_graph() missing 1 required positional argument: 'traj' evaluating function:
def predict(x, F, P, Q, z, R):
    xp = F @ x
    y = z - xp
    S = Q + R
    K = 0.5 * np.eye(x.shape[0])
    x = xp + K @ y
    return xp, P, y, S, K, x
[Memory] Error evaluate_graph() missing 1 required positional argument: 'traj' evaluating function:
def predict(x, F, P, Q, z, R):
    xp = x
    y = z - x
    S = R
    K = np.ones_like(P)
    x = x + 0.1 * y
    return xp, P, y, S, K, x
[Memory] Error evaluate_graph() missing 1 required positional argument: 'traj' evaluating function:
def predict(x, F, P, Q, z, R):
    xp = F @ x
    y = z - xp
    S = Q + R
    K = 0.5 * np.eye(x.shape[0])
    x = xp + K @ y
    return xp, P, y, S, K, x
[Memory] Error evaluate_graph() missing 1 required positional argument: 'traj' evaluating function:
def predict(x, F, P, Q, z, R):
    xp = x
    y = z - x
    S = R
    K = np.ones_like(P)
    x = x + 0.1 * y
    return xp, P, y, S, K, x
[Memory] Error evaluate_graph() missing 1 required positional argument: 'traj' evaluating function:
def predict(x, F, P, Q, z, R):
    xp = F @ x
    y = z - xp
    S = Q + R
    K = 0.5 * np.eye(x.shape[0])
    x = xp + K @ y
    return xp, P, y, S, K, x
[Memory] Error evaluate_graph() missing 1 required positional argument: 'traj' evaluating function:
def predict(x, F, P, Q, z, R):
    xp = x
    y = z - x
    S = Q + R
    K = 0.5 * np.eye(x.shape[0])
    x = x + K @ y
    return xp, P, y, S, K, x
[Memory] Error evaluate_graph() missing 1 required positional argument: 'traj' evaluating function:
def predict(x, F, P, Q, z, R):
    xp = F @ x
    y = z - xp
    S = Q + R
    K = 0.5 * np.eye(x.shape[0])
    x = xp + K @ y
    return xp, P, y, S, K, x
[Memory] Error evaluate_graph() missing 1 required positional argument: 'traj' evaluating function:
def predict(x, F, P, Q, z, R):
    xp = x
    y = z - x
    S = R
    K = np.ones_like(P)
    x = x + 0.1 * y
    return xp, P, y, S, K, x
[Memory] Error evaluate_graph() missing 1 required positional argument: 'traj' evaluating function:
def predict(x, F, P, Q, z, R):
    xp = F @ x
    y = z - xp
    S = Q + R
    K = 0.5 * np.eye(x.shape[0])
    x = xp + K @ y
    return xp, P, y, S, K, x
[Memory] Error evaluate_graph() missing 1 required positional argument: 'traj' evaluating function:
def predict(x, F, P, Q, z, R):
    xp = x
    y = z - x
    S = Q + R
    K = 0.5 * np.eye(x.shape[0])
    x = x + K @ y
    return xp, P, y, S, K, x
[Memory] Error evaluate_graph() missing 1 required positional argument: 'traj' evaluating function:
def predict(x, F, P, Q, z, R):
    xp = F @ x
    y = z - xp
    S = Q + R
    K = 0.5 * np.eye(x.shape[0])
    x = xp + K @ y
    return xp, P, y, S, K, x
[Memory] Error evaluate_graph() missing 1 required positional argument: 'traj' evaluating function:
def predict(x, F, P, Q, z, R):
    xp = x
    y = z - x
    S = R
    K = np.ones_like(P)
    x = x + 0.1 * y
    return xp, P, y, S, K, x
[Memory] Error evaluate_graph() missing 1 required positional argument: 'traj' evaluating function:
def predict(x, F, P, Q, z, R):
    xp = F @ x
    y = z - xp
    S = Q + R
    K = 0.5 * np.eye(x.shape[0])
    x = xp + K @ y
    return xp, P, y, S, K, x
[Memory] Error evaluate_graph() missing 1 required positional argument: 'traj' evaluating function:
def predict(x, F, P, Q, z, R):
    xp = x
    y = z - x
    S = R
    K = np.ones_like(P)
    x = x + 0.1 * y
    return xp, P, y, S, K, x
[Memory] Error evaluate_graph() missing 1 required positional argument: 'traj' evaluating function:
def predict(x, F, P, Q, z, R):
    xp = F @ x
    y = z - xp
    S = Q + R
    K = 0.5 * np.eye(x.shape[0])
    x = xp + K @ y
    return xp, P, y, S, K, x
[Memory] Error evaluate_graph() missing 1 required positional argument: 'traj' evaluating function:
def predict(x, F, P, Q, z, R):
    xp = F @ x
    y = z - xp
    S = Q + R + np.maximum(0, y)
    K = np.where(P > 0.5, 1, 0)
    x = xp + K @ y
    return xp, P, y, S, K, x
[Memory] Error evaluate_graph() missing 1 required positional argument: 'traj' evaluating function:
def predict(x, F, P, Q, z, R):
    xp = F @ x
    y = z - xp
    S = Q + R + np.tanh(y)
    K = np.where(P > 0.5, np.exp(y), 0)
    x = xp + K @ y
    return xp, P, y, S, K, x
[Memory] Error evaluate_graph() missing 1 required positional argument: 'traj' evaluating function:
def predict(x, F, P, Q, z, R):
    xp = F @ x
    y = z - xp
    S = Q + R + np.gradient(xp, axis=0)
    K = np.where(P > 0.5, np.exp(y), 0)
    x = xp + K @ y
    return xp, P, y, S, K, x
[Memory] Error evaluate_graph() missing 1 required positional argument: 'traj' evaluating function:
def predict(x, F, P, Q, z, R):
    xp = F @ x
    y = z - xp
    S = Q + R + np.random.normal(0, P)
    K = np.where(P > 0.5, 1, 0)
    x = xp + K @ y
    return xp, P, y, S, K, x
[Memory] Error evaluate_graph() missing 1 required positional argument: 'traj' evaluating function:
def predict(x, F, P, Q, z, R):
    U, S, V = np.linalg.svd(F)
    xp = U @ x
    y = z - xp
    S = Q + R + S
    K = V.T @ y
    x = xp + K @ y
    return xp, P, y, S, K, x
[Memory] Error evaluate_graph() missing 1 required positional argument: 'traj' evaluating function:
def predict(x, F, P, Q, z, R):
    xp = F @ x
    y = z - xp
    S = Q + R + np.exp(y)
    K = np.where(P > 0.5, np.exp(y), 0)
    x = xp + K @ y
    return xp, P, y, S, K, x
[Memory] Error evaluate_graph() missing 1 required positional argument: 'traj' evaluating function:
def predict(x, F, P, Q, z, R):
    xp = F @ x
    y = z - xp
    S = Q + R + np.polyval(np.polyfit(x, y, 2))
    K = np.where(P > 0.5, 1, 0)
    x = xp + K @ y
    return xp, P, y, S, K, x
[Memory] Error evaluate_graph() missing 1 required positional argument: 'traj' evaluating function:
def predict(x, F, P, Q, z, R):
    xp = F @ x
    y = z - xp
    S = Q + R + np.fft.fft(y)
    K = np.where(P > 0.5, np.fft.fft(y), 0)
    x = xp + K @ y
    return xp, P, y, S, K, x
[Memory] Error evaluate_graph() missing 1 required positional argument: 'traj' evaluating function:
def predict(x, F, P, Q, z, R):
    xp = F @ x
    y = z - xp
    S = Q + R + y
    K = np.where(P > 0.5, 1, 0)
    x = xp + K @ y
    return xp, P, y, S, K, x
[Memory] Error evaluate_graph() missing 1 required positional argument: 'traj' evaluating function:
def predict(x, F, P, Q, z, R):
    xp = F @ x
    y = z - xp
    S = Q + R + np.random forest(y)
    K = np.where(P > 0.5, 1, 0)
    x = xp + K @ y
    return xp, P, y, S, K, x
[Memory] Error evaluate_graph() missing 1 required positional argument: 'traj' evaluating function:
def predict(x, F, P, Q, z, R):
    xp = x
    y = z - x
    S = R
    K = np.ones_like(P)
    x = x + 0.1 * y
    return xp, P, y, S, K, x
[Memory] Error evaluate_graph() missing 1 required positional argument: 'traj' evaluating function:
def predict(x, F, P, Q, z, R):
    xp = F @ x
    y = z - xp
    S = Q + R
    K = 0.5 * np.eye(x.shape[0])
    x = xp + K @ y
    return xp, P, y, S, K, x
[Memory] Error evaluate_graph() missing 1 required positional argument: 'traj' evaluating function:
def predict(x, F, P, Q, z, R):
    xp = F @ x + Q
    y = z - xp
    S = Q + R
    K = np.linalg.inv(S) @ y
    x = xp + K @ y
    return xp, P, y, S, K, x
[Memory] Error evaluate_graph() missing 1 required positional argument: 'traj' evaluating function:
def predict(x, F, P, Q, z, R):
    xp = F @ x
    y = z - xp
    S = Q + R
    K = np.diag(1/(S.diagonal()))
    x = xp + K @ y
    return xp, P, y, S, K, x
[Memory] Error evaluate_graph() missing 1 required positional argument: 'traj' evaluating function:
def predict(x, F, P, Q, z, R):
    xp = F @ x + Q
    y = z - xp
    S = Q + R
    K = np.sqrt(S)
    x = xp + K * y
    return xp, P, y, S, K, x
[Memory] Error evaluate_graph() missing 1 required positional argument: 'traj' evaluating function:
def predict(x, F, P, Q, z, R):
    xp = F @ x + Q
    y = z - xp
    S = Q + R
    K = S / (S + 1)
    x = xp + K @ y
    return xp, P, y, S, K, x
[Memory] Error evaluate_graph() missing 1 required positional argument: 'traj' evaluating function:
def predict(x, F, P, Q, z, R):
    xp = F @ x + Q
    y = z - xp
    S = Q + R
    K = np.exp(-S)
    x = xp + K * y
    return xp, P, y, S, K, x
[Memory] Error evaluate_graph() missing 1 required positional argument: 'traj' evaluating function:
def predict(x, F, P, Q, z, R):
    xp = F @ x + Q
    y = z - xp
    S = Q + R
    K = np.log(S + 1)
    x = xp + K * y
    return xp, P, y, S, K, x
[Memory] Error evaluate_graph() missing 1 required positional argument: 'traj' evaluating function:
def predict(x, F, P, Q, z, R):
    xp = F @ x + Q
    y = z - xp
    S = Q + R
    K = np.maximum(S, 1)
    x = xp + K * y
    return xp, P, y, S, K, x
[Memory] Error evaluate_graph() missing 1 required positional argument: 'traj' evaluating function:
def predict(x, F, P, Q, z, R):
    xp = F @ x + Q
    y = z - xp
    S = Q + R
    K = np.minimum(S, 1)
    x = xp + K * y
    return xp, P, y, S, K, x
[Memory] Error evaluate_graph() missing 1 required positional argument: 'traj' evaluating function:
def predict(x, F, P, Q, z, R):
    xp = F @ x + Q
    y = z - xp
    S = Q + R
    K = np.sqrt(S) / (1 + np.sqrt(S))
    x = xp + K * y
    return xp, P, y, S, K, x
[Memory] Error evaluate_graph() missing 1 required positional argument: 'traj' evaluating function:
def predict(x, F, P, Q, z, R):
    xp = F @ x + Q
    y = z - xp
    S = Q + R
    K = np.exp(-S) * y
    x = xp + K
    return xp, P, y, S, K, x
[Memory] Error evaluate_graph() missing 1 required positional argument: 'traj' evaluating function:
def predict(x, F, P, Q, z, R):
    xp = x
    y = z - x
    S = R
    K = np.ones_like(P)
    x = x + 0.1 * y
    return xp, P, y, S, K, x
[Memory] Error evaluate_graph() missing 1 required positional argument: 'traj' evaluating function:
def predict(x, F, P, Q, z, R):
    xp = F @ x
    y = z - xp
    S = Q + R
    K = 0.5 * np.eye(x.shape[0])
    x = xp + K @ y
    return xp, P, y, S, K, x
[Memory] Error evaluate_graph() missing 1 required positional argument: 'traj' evaluating function:
def predict(x, F, P, Q, z, R):
    xp = F @ x
    y = z - xp
    S = Q + R
    K = np.linalg.inv(S) @ P
    x = xp + K @ y
    return xp, P, y, S, K, x
[Memory] Error evaluate_graph() missing 1 required positional argument: 'traj' evaluating function:
def predict(x, F, P, Q, z, R):
    xp = F @ x
    y = z - xp
    S = Q + R
    K = 0.5 * np.eye(x.shape[0])
    x = xp + K @ y
    return xp, P, y, S, K, x
[Memory] Error evaluate_graph() missing 1 required positional argument: 'traj' evaluating function:
def predict(x, F, P, Q, z, R):
    xp = F @ x
    y = z - xp
    S = Q + R
    K = np.diag(1 / np.diag(S))
    x = xp + K @ y
    return xp, P, y, S, K, x
[Memory] Error evaluate_graph() missing 1 required positional argument: 'traj' evaluating function:
def predict(x, F, P, Q, z, R):
    xp = F @ x
    y = z - xp
    S = Q + R
    K = np.linalg.cholesky(S) @ np.linalg.cholesky(P).T
    x = xp + K @ y
    return xp, P, y, S, K, x
[Memory] Error evaluate_graph() missing 1 required positional argument: 'traj' evaluating function:
def predict(x, F, P, Q, z, R):
    xp = F @ x
    y = z - xp
    S = Q + R
    K = np.zeros_like(P)
    x = xp + K @ y
    return xp, P, y, S, K, x
[Memory] Error evaluate_graph() missing 1 required positional argument: 'traj' evaluating function:
def predict(x, F, P, Q, z, R):
    xp = F @ x
    y = z - xp
    S = Q + R
    K = np.ones_like(P)
    x = xp + K @ y
    return xp, P, y, S, K, x
[Memory] Error evaluate_graph() missing 1 required positional argument: 'traj' evaluating function:
def predict(x, F, P, Q, z, R):
    xp = F @ x
    y = z - xp
    S = Q + R
    K = np.tril(np.ones_like(P))
    x = xp + K @ y
    return xp, P, y, S, K, x
[Memory] Error evaluate_graph() missing 1 required positional argument: 'traj' evaluating function:
def predict(x, F, P, Q, z, R):
    xp = F @ x
    y = z - xp
    S = Q + R
    K = np.triu(np.ones_like(P))
    x = xp + K @ y
    return xp, P, y, S, K, x
[Memory] Error evaluate_graph() missing 1 required positional argument: 'traj' evaluating function:
def predict(x, F, P, Q, z, R):
    xp = F @ x
    y = z - xp
    S = Q + R
    K = np.zeros_like(P)
    x = xp + K @ y
    return xp, P, y, S, K, x
[Memory] Error evaluate_graph() missing 1 required positional argument: 'traj' evaluating function:
def predict(x, F, P, Q, z, R):
    xp = F @ x
    y = z - xp
    S = Q + R
    K = np.ones_like(P)
    x = xp + K @ y
    return xp, P, y, S, K, x
[Memory] Error evaluate_graph() missing 1 required positional argument: 'traj' evaluating function:
def predict(x, F, P, Q, z, R):
    xp = x
    y = z - x
    S = R
    K = np.ones_like(P)
    x = x + 0.1 * y
    return xp, P, y, S, K, x
[Memory] Error evaluate_graph() missing 1 required positional argument: 'traj' evaluating function:
def predict(x, F, P, Q, z, R):
    xp = F @ x
    y = z - xp
    S = Q + R
    K = 0.5 * np.eye(x.shape[0])
    x = xp + K @ y
    return xp, P, y, S, K, x
[Memory] Error evaluate_graph() missing 1 required positional argument: 'traj' evaluating function:
def predict(x, F, P, Q, z, R):
    xp = F @ x
    y = z - xp
    S = Q + R
    K = 0.5 * np.eye(x.shape[0])
    x = xp + K @ y
    return xp, P, y, S, K, x
[Memory] Error evaluate_graph() missing 1 required positional argument: 'traj' evaluating function:
def predict(x, F, P, Q, z, R):
    xp = x
    y = z - x
    S = R
    K = np.ones_like(P)
    x = x + 0.1 * y
    return xp, P, y, S, K, x
[Memory] Error evaluate_graph() missing 1 required positional argument: 'traj' evaluating function:
def predict(x, F, P, Q, z, R):
    xp = F @ x
    y = z - xp
    S = Q + R
    K = 0.5 * (F.T @ F)
    x = xp + K @ y
    return xp, P, y, S, K, x
[Memory] Error evaluate_graph() missing 1 required positional argument: 'traj' evaluating function:
def predict(x, F, P, Q, z, R):
    xp = F @ x
    y = z - xp
    S = Q + R
    K = 0.5 * (P @ F.T)
    x = xp + K @ y
    return xp, P, y, S, K, x
[Memory] Error evaluate_graph() missing 1 required positional argument: 'traj' evaluating function:
def predict(x, F, P, Q, z, R):
    xp = F @ x
    y = z - xp
    S = Q + R
    K = 0.5 * (F @ P @ F.T)
    x = xp + K @ y
    return xp, P, y, S, K, x
[Memory] Error evaluate_graph() missing 1 required positional argument: 'traj' evaluating function:
def predict(x, F, P, Q, z, R):
    xp = F @ x
    y = z - xp
    S = Q + R
    K = 0.5 * (F.T @ (P @ F))
    x = xp + K @ y
    return xp, P, y, S, K, x
[Memory] Error evaluate_graph() missing 1 required positional argument: 'traj' evaluating function:
def predict(x, F, P, Q, z, R):
    xp = F @ x
    y = z - xp
    S = Q + R
    K = 0.5 * (P @ F.T @ (F @ P @ F.T))
    x = xp + K @ y
    return xp, P, y, S, K, x
[Memory] Error evaluate_graph() missing 1 required positional argument: 'traj' evaluating function:
def predict(x, F, P, Q, z, R):
    xp = F @ x
    y = z - xp
    S = Q + R
    K = 0.5 * (F.T @ (F @ P))
    x = xp + K @ y
    return xp, P, y, S, K, x
[Memory] Error evaluate_graph() missing 1 required positional argument: 'traj' evaluating function:
def predict(x, F, P, Q, z, R):
    xp = F @ x
    y = z - xp
    S = Q + R
    K = 0.5 * (F @ (P @ F.T))
    x = xp + K @ y
    return xp, P, y, S, K, x
[Memory] Error evaluate_graph() missing 1 required positional argument: 'traj' evaluating function:
def predict(x, F, P, Q, z, R):
    xp = F @ x
    y = z - xp
    S = Q + R
    K = 0.5 * (P @ F.T @ F)
    x = xp + K @ y
    return xp, P, y, S, K, x
[Memory] Error evaluate_graph() missing 1 required positional argument: 'traj' evaluating function:
def predict(x, F, P, Q, z, R):
    xp = x
    y = z - x
    S = R
    K = np.ones_like(P)
    x = x + 0.1 * y
    return xp, P, y, S, K, x
[Memory] Error evaluate_graph() missing 1 required positional argument: 'traj' evaluating function:
def predict(x, F, P, Q, z, R):
    xp = F @ x
    y = z - xp
    S = Q + R
    K = 0.5 * np.eye(x.shape[0])
    x = xp + K @ y
    return xp, P, y, S, K, x
[Memory] Error evaluate_graph() missing 1 required positional argument: 'traj' evaluating function:
def predict(x, F, P, Q, z, R):
    xp = F.dot(x)
    y = z - xp
    S = Q + R
    K = np.linalg.inv(S).dot(P)
    x = xp + K.dot(y)
    return xp, P, y, S, K, x
[Memory] Error evaluate_graph() missing 1 required positional argument: 'traj' evaluating function:
def predict(x, F, P, Q, z, R):
    xp = x
    y = z - x
    S = Q + R
    K = 0.5 * np.eye(x.shape[0])
    x = x + K.dot(y)
    return xp, P, y, S, K, x
[Memory] Error evaluate_graph() missing 1 required positional argument: 'traj' evaluating function:
def predict(x, F, P, Q, z, R):
    xp = F @ x
    y = z - xp
    S = Q + R
    K = np.diag(1/(1 + np.diag(S)))
    x = xp + K @ y
    return xp, P, y, S, K, x
[Memory] Error evaluate_graph() missing 1 required positional argument: 'traj' evaluating function:
def predict(x, F, P, Q, z, R):
    xp = x
    y = z - x
    S = R
    K = np.sqrt(np.diag(P))
    x = x + (y / K)
    return xp, P, y, S, K, x
[Memory] Error evaluate_graph() missing 1 required positional argument: 'traj' evaluating function:
def predict(x, F, P, Q, z, R):
    xp = F.dot(x)
    y = z - xp
    S = Q + R
    K = (P.dot(y)) / (S + 1e-8)
    x = xp + K
    return xp, P, y, S, K, x
[Memory] Error evaluate_graph() missing 1 required positional argument: 'traj' evaluating function:
def predict(x, F, P, Q, z, R):
    xp = F @ x
    y = z - xp
    S = Q + R
    K = np.tril(P) / (S + 1e-8)
    x = xp + K @ y
    return xp, P, y, S, K, x
[Memory] Error evaluate_graph() missing 1 required positional argument: 'traj' evaluating function:
def predict(x, F, P, Q, z, R):
    xp = x
    y = z - x
    S = Q + R
    K = np.log(P + 1e-8) / (S + 1e-8)
    x = x + K * y
    return xp, P, y, S, K, x
[Memory] Error evaluate_graph() missing 1 required positional argument: 'traj' evaluating function:
def predict(x, F, P, Q, z, R):
    xp = F.dot(x)
    y = z - xp
    S = Q + R
    K = np.exp(-S) * P
    x = xp + K.dot(y)
    return xp, P, y, S, K, x
[Memory] Error evaluate_graph() missing 1 required positional argument: 'traj' evaluating function:
def predict(x, F, P, Q, z, R):
    xp = F @ x
    y = z - xp
    S = Q + R
    K = (P.T @ np.linalg.inv(S)).T
    x = xp + K @ y
    return xp, P, y, S, K, x
[Memory] Error evaluate_graph() missing 1 required positional argument: 'traj' evaluating function:
def predict(x, F, P, Q, z, R):
    xp = x
    y = z - x
    S = R
    K = np.max(P) * np.min(R) * np.ones_like(P)
    x = x + K * y
    return xp, P, y, S, K, x
[Memory] Error evaluate_graph() missing 1 required positional argument: 'traj' evaluating function:
def predict(x, F, P, Q, z, R):
    xp = x
    y = z - x
    S = R
    K = np.ones_like(P)
    x = x + 0.1 * y
    return xp, P, y, S, K, x
[Memory] Error evaluate_graph() missing 1 required positional argument: 'traj' evaluating function:
def predict(x, F, P, Q, z, R):
    xp = F @ x
    y = z - xp
    S = Q + R
    K = 0.5 * np.eye(x.shape[0])
    x = xp + K @ y
    return xp, P, y, S, K, x
[Memory] Error evaluate_graph() missing 1 required positional argument: 'traj' evaluating function:
def predict(x, F, P, Q, z, R):
    xp = F @ x
    y = z - xp
    S = Q + R
    K = np.linalg.inv(P + F @ Q @ F.T) @ F @ y
    x = xp + K @ y
    return xp, P, y, S, K, x
[Memory] Error evaluate_graph() missing 1 required positional argument: 'traj' evaluating function:
def predict(x, F, P, Q, z, R):
    xp = F @ x
    y = z - xp
    S = Q + R
    K = np.sqrt(np.diag(P)) / np.sqrt(S)
    x = xp + K @ y
    return xp, P, y, S, K, x
[Memory] Error evaluate_graph() missing 1 required positional argument: 'traj' evaluating function:
def predict(x, F, P, Q, z, R):
    xp = F @ x
    y = z - xp
    S = Q + R
    K = F @ P @ F.T @ np.linalg.inv(S)
    x = xp + K @ y
    return xp, P, y, S, K, x
[Memory] Error evaluate_graph() missing 1 required positional argument: 'traj' evaluating function:
def predict(x, F, P, Q, z, R):
    xp = F @ x
    y = z - xp
    S = Q + R
    K = np.diag(np.diag(P)) / (S + np.diag(P))
    x = xp + K @ y
    return xp, P, y, S, K, x
[Memory] Error evaluate_graph() missing 1 required positional argument: 'traj' evaluating function:
def predict(x, F, P, Q, z, R):
    xp = F @ x
    y = z - xp
    S = Q + R
    K = np.log(P + 1e-6) / (S + np.log(P + 1e-6))
    x = xp + K @ y
    return xp, P, y, S, K, x
[Memory] Error evaluate_graph() missing 1 required positional argument: 'traj' evaluating function:
def predict(x, F, P, Q, z, R):
    xp = F @ x
    y = z - xp
    S = Q + R
    K = np.tanh(F @ P @ F.T + S) / (1 + np.tanh(F @ P @ F.T + S))
    x = xp + K @ y
    return xp, P, y, S, K, x
[Memory] Error evaluate_graph() missing 1 required positional argument: 'traj' evaluating function:
def predict(x, F, P, Q, z, R):
    xp = F @ x
    y = z - xp
    S = Q + R
    K = np.exp(F @ P @ F.T) / (1 + np.exp(F @ P @ F.T + S))
    x = xp + K @ y
    return xp, P, y, S, K, x
[Memory] Error evaluate_graph() missing 1 required positional argument: 'traj' evaluating function:
def predict(x, F, P, Q, z, R):
    xp = F @ x
    y = z - xp
    S = Q + R
    K = np.maximum(F @ P @ F.T, S) / (1 + np.maximum(F @ P @ F.T, S))
    x = xp + K @ y
    return xp, P, y, S, K, x
[Memory] Error evaluate_graph() missing 1 required positional argument: 'traj' evaluating function:
def predict(x, F, P, Q, z, R):
    xp = F @ x
    y = z - xp
    S = Q + R
    K = np.minimum(F @ P @ F.T, S) / (1 + np.minimum(F @ P @ F.T, S))
    x = xp + K @ y
    return xp, P, y, S, K, x
[Memory] Error evaluate_graph() missing 1 required positional argument: 'traj' evaluating function:
def predict(x, F, P, Q, z, R):
    xp = F @ x
    y = z - xp
    S = Q + R
    K = np.sqrt(F @ P @ F.T + S) / (1 + np.sqrt(F @ P @ F.T + S))
    x = xp + K @ y
    return xp, P, y, S, K, x
[Memory] Error evaluate_graph() missing 1 required positional argument: 'traj' evaluating function:
def predict(x, F, P, Q, z, R):
    xp = x
    y = z - x
    S = R
    K = np.ones_like(P)
    x = x + 0.1 * y
    return xp, P, y, S, K, x
[Memory] Error evaluate_graph() missing 1 required positional argument: 'traj' evaluating function:
def predict(x, F, P, Q, z, R):
    xp = F @ x
    y = z - xp
    S = Q + R
    K = 0.5 * np.eye(x.shape[0])
    x = xp + K @ y
    return xp, P, y, S, K, x
[Memory] Error evaluate_graph() missing 1 required positional argument: 'traj' evaluating function:
def predict(x, F, P, Q, z, R):
    xp = F * x
    y = z - x
    S = Q + R
    K = np.zeros_like(P)
    x = xp + K * y
    return xp, P, y, S, K, x
[Memory] Error evaluate_graph() missing 1 required positional argument: 'traj' evaluating function:
def predict(x, F, P, Q, z, R):
    xp = x + F
    y = z - xp
    S = R
    K = np.eye_like(P)
    x = x + K * y
    return xp, P, y, S, K, x
[Memory] Error evaluate_graph() missing 1 required positional argument: 'traj' evaluating function:
def predict(x, F, P, Q, z, R):
    xp = F + x
    y = z - x
    S = Q
    K = np.ones_like(P)
    x = xp + K * y
    return xp, P, y, S, K, x
[Memory] Error evaluate_graph() missing 1 required positional argument: 'traj' evaluating function:
def predict(x, F, P, Q, z, R):
    xp = x * F
    y = z - xp
    S = Q + R
    K = 0.5 * np.eye_like(P)
    x = xp + K * y
    return xp, P, y, S, K, x
[Memory] Error evaluate_graph() missing 1 required positional argument: 'traj' evaluating function:
def predict(x, F, P, Q, z, R):
    xp = F @ x
    y = z - x
    S = R
    K = np.zeros_like(P)
    x = xp + K * y
    return xp, P, y, S, K, x
[Memory] Error evaluate_graph() missing 1 required positional argument: 'traj' evaluating function:
def predict(x, F, P, Q, z, R):
    xp = x + F
    y = z - xp
    S = Q
    K = np.eye_like(P)
    x = x + K * y
    return xp, P, y, S, K, x
[Memory] Error evaluate_graph() missing 1 required positional argument: 'traj' evaluating function:
def predict(x, F, P, Q, z, R):
    xp = x * F
    y = z - xp
    S = R
    K = np.ones_like(P)
    x = xp + K * y
    return xp, P, y, S, K, x
[Memory] Error evaluate_graph() missing 1 required positional argument: 'traj' evaluating function:
def predict(x, F, P, Q, z, R):
    xp = F + x
    y = z - x
    S = Q + R
    K = 0.5 * np.eye_like(P)
    x = xp + K * y
    return xp, P, y, S, K, x
[Memory] Error evaluate_graph() missing 1 required positional argument: 'traj' evaluating function:
def predict(x, F, P, Q, z, R):
    xp = x * F
    y = z - xp
    S = Q
    K = np.zeros_like(P)
    x = xp + K * y
    return xp, P, y, S, K, x
[Memory] Error evaluate_graph() missing 1 required positional argument: 'traj' evaluating function:
def predict(x, F, P, Q, z, R):
    xp = F @ x
    y = z - x
    S = R
    K = np.ones_like(P)
    x = xp + K * y
    return xp, P, y, S, K, x
[Memory] Error evaluate_graph() missing 1 required positional argument: 'traj' evaluating function:
def predict(x, F, P, Q, z, R):
    xp = x
    y = z - x
    S = R
    K = np.ones_like(P)
    x = x + 0.1 * y
    return xp, P, y, S, K, x
[Memory] Error evaluate_graph() missing 1 required positional argument: 'traj' evaluating function:
def predict(x, F, P, Q, z, R):
    xp = F @ x
    y = z - xp
    S = Q + R
    K = 0.5 * np.eye(x.shape[0])
    x = xp + K @ y
    return xp, P, y, S, K, x
[Memory] Error evaluate_graph() missing 1 required positional argument: 'traj' evaluating function:
def predict(x, F, P, Q, z, R):
    xp = F * x
    y = z - xp
    S = Q + R
    K = np.sqrt(P) / (S + 1e-8)
    x = xp + K * y
    return xp, P, y, S, K, x
[Memory] Error evaluate_graph() missing 1 required positional argument: 'traj' evaluating function:
def predict(x, F, P, Q, z, R):
    xp = F @ x
    y = z - xp
    S = Q + R
    K = 0.5 * np.eye(x.shape[0])
    x = xp + K @ y
    return xp, P, y, S, K, x
[Memory] Error evaluate_graph() missing 1 required positional argument: 'traj' evaluating function:
def predict(x, F, P, Q, z, R):
    xp = F * x
    y = z - xp
    S = Q + R
    K = np.log(P) / (S + 1e-8)
    x = xp + K * y
    return xp, P, y, S, K, x
[Memory] Error evaluate_graph() missing 1 required positional argument: 'traj' evaluating function:
def predict(x, F, P, Q, z, R):
    xp = F @ x
    y = z - xp
    S = Q + R
    K = 0.25 * F.T @ np.linalg.inv(S)
    x = xp + K @ y
    return xp, P, y, S, K, x
[Memory] Error evaluate_graph() missing 1 required positional argument: 'traj' evaluating function:
def predict(x, F, P, Q, z, R):
    xp = F * x
    y = z - xp
    S = Q + R
    K = 0.1 * np.exp(P) / (S + 1e-8)
    x = xp + K * y
    return xp, P, y, S, K, x
[Memory] Error evaluate_graph() missing 1 required positional argument: 'traj' evaluating function:
def predict(x, F, P, Q, z, R):
    xp = F @ x
    y = z - xp
    S = Q + R
    K = 0.3 * np.sqrt(np.diag(P)) / (S + 1e-8)
    x = xp + K * y
    return xp, P, y, S, K, x
[Memory] Error evaluate_graph() missing 1 required positional argument: 'traj' evaluating function:
def predict(x, F, P, Q, z, R):
    xp = F * x
    y = z - xp
    S = Q + R
    K = 0.2 * np.log(P + 1e-8) / (S + 1e-8)
    x = xp + K * y
    return xp, P, y, S, K, x
[Memory] Error evaluate_graph() missing 1 required positional argument: 'traj' evaluating function:
def predict(x, F, P, Q, z, R):
    xp = F @ x
    y = z - xp
    S = Q + R
    K = 0.4 * F.T @ np.linalg.inv(S + 1e-8 * np.eye(S.shape[0]))
    x = xp + K @ y
    return xp, P, y, S, K, x
[Memory] Error evaluate_graph() missing 1 required positional argument: 'traj' evaluating function:
def predict(x, F, P, Q, z, R):
    xp = F * x
    y = z - xp
    S = Q + R
    K = 0.15 * np.exp(P) / (S + 1e-8)
    x = xp + K * y
    return xp, P, y, S, K, x
[Memory] Error evaluate_graph() missing 1 required positional argument: 'traj' evaluating function:
def predict(x, F, P, Q, z, R):
    xp = F @ x
    y = z - xp
    S = Q + R
    K = 0.25 * np.sqrt(P) / (S + 1e-8)
    x = xp + K * y
    return xp, P, y, S, K, x
[Memory] Error evaluate_graph() missing 1 required positional argument: 'traj' evaluating function:
def predict(x, F, P, Q, z, R):
    xp = x
    y = z - x
    S = R
    K = np.ones_like(P)
    x = x + 0.1 * y
    return xp, P, y, S, K, x
[Memory] Error evaluate_graph() missing 1 required positional argument: 'traj' evaluating function:
def predict(x, F, P, Q, z, R):
    xp = F @ x
    y = z - xp
    S = Q + R
    K = 0.5 * np.eye(x.shape[0])
    x = xp + K @ y
    return xp, P, y, S, K, x
[Memory] Error evaluate_graph() missing 1 required positional argument: 'traj' evaluating function:
def predict(x, F, P, Q, z, R):
    xp = F @ x
    y = z - xp
    S = Q + R
    K = np.linalg.inv(P + F @ Q @ F.T) @ F @ y
    x = xp + K @ y
    return xp, P, y, S, K, x
[Memory] Error evaluate_graph() missing 1 required positional argument: 'traj' evaluating function:
def predict(x, F, P, Q, z, R):
    xp = F @ x
    y = z - xp
    S = Q + R
    K = 0.5 * np.eye(x.shape[0])
    x = xp + K @ y
    return xp, P, y, S, K, x
[Memory] Error evaluate_graph() missing 1 required positional argument: 'traj' evaluating function:
def predict(x, F, P, Q, z, R):
    xp = F @ x
    y = z - xp
    S = Q + R
    K = np.ones_like(P)
    x = xp + K @ y
    return xp, P, y, S, K, x
[Memory] Error evaluate_graph() missing 1 required positional argument: 'traj' evaluating function:
def predict(x, F, P, Q, z, R):
    xp = F @ x
    y = z - xp
    S = Q + R
    K = np.eye(x.shape[0])
    x = xp + K @ y
    return xp, P, y, S, K, x
[Memory] Error evaluate_graph() missing 1 required positional argument: 'traj' evaluating function:
def predict(x, F, P, Q, z, R):
    xp = F @ x
    y = z - xp
    S = Q + R
    K = np.zeros_like(P)
    x = xp + K @ y
    return xp, P, y, S, K, x
[Memory] Error evaluate_graph() missing 1 required positional argument: 'traj' evaluating function:
def predict(x, F, P, Q, z, R):
    xp = F @ x
    y = z - xp
    S = Q + R
    K = np.tril(P)
    x = xp + K @ y
    return xp, P, y, S, K, x
[Memory] Error evaluate_graph() missing 1 required positional argument: 'traj' evaluating function:
def predict(x, F, P, Q, z, R):
    xp = F @ x
    y = z - xp
    S = Q + R
    K = np.triu(P)
    x = xp + K @ y
    return xp, P, y, S, K, x
[Memory] Error evaluate_graph() missing 1 required positional argument: 'traj' evaluating function:
def predict(x, F, P, Q, z, R):
    xp = F @ x
    y = z - xp
    S = Q + R
    K = np.mean(P)
    x = xp + K @ y
    return xp, P, y, S, K, x
[Memory] Error evaluate_graph() missing 1 required positional argument: 'traj' evaluating function:
def predict(x, F, P, Q, z, R):
    xp = F @ x
    y = z - xp
    S = Q + R
    K = np.max(P)
    x = xp + K @ y
    return xp, P, y, S, K, x
[Memory] Error evaluate_graph() missing 1 required positional argument: 'traj' evaluating function:
def predict(x, F, P, Q, z, R):
    xp = F @ x
    y = z - xp
    S = Q + R
    K = np.min(P)
    x = xp + K @ y
    return xp, P, y, S, K, x
[Memory] Error evaluate_graph() missing 1 required positional argument: 'traj' evaluating function:
def predict(x, F, P, Q, z, R):
    xp = x
    y = z - x
    S = R
    K = np.ones_like(P)
    x = x + 0.1 * y
    return xp, P, y, S, K, x
[Memory] Error evaluate_graph() missing 1 required positional argument: 'traj' evaluating function:
def predict(x, F, P, Q, z, R):
    xp = F @ x
    y = z - xp
    S = Q + R
    K = 0.5 * np.eye(x.shape[0])
    x = xp + K @ y
    return xp, P, y, S, K, x
[Memory] Error evaluate_graph() missing 1 required positional argument: 'traj' evaluating function:
def predict(x, F, P, Q, z, R):
    xp = F @ x
    y = z - xp
    S = Q + R
    K = 0.5 * np.eye(x.shape[0])
    x = xp + K @ y
    return xp, P, y, S, K, x
[Memory] Error evaluate_graph() missing 1 required positional argument: 'traj' evaluating function:
def predict(x, F, P, Q, z, R):
    xp = F @ x
    y = z - xp
    S = Q + R
    K = np.linalg.inv(S) @ F @ P.T
    x = xp + K @ y
    return xp, P, y, S, K, x
[Memory] Error evaluate_graph() missing 1 required positional argument: 'traj' evaluating function:
def predict(x, F, P, Q, z, R):
    xp = F @ x
    y = z - xp
    S = Q + R
    K = (P @ F.T) @ np.linalg.inv(S)
    x = xp + K @ y
    return xp, P, y, S, K, x
[Memory] Error evaluate_graph() missing 1 required positional argument: 'traj' evaluating function:
def predict(x, F, P, Q, z, R):
    xp = F @ x
    y = z - xp
    S = Q + R
    K = (P @ F.T) @ np.linalg.inv(S)
    x = xp + K @ y
    return xp, P, y, S, K, x
[Memory] Error evaluate_graph() missing 1 required positional argument: 'traj' evaluating function:
def predict(x, F, P, Q, z, R):
    xp = F @ x
    y = z - xp
    S = Q + R
    K = (P @ F.T) @ np.linalg.inv(S)
    x = xp + K @ y
    return xp, P, y, S, K, x
[Memory] Error evaluate_graph() missing 1 required positional argument: 'traj' evaluating function:
def predict(x, F, P, Q, z, R):
    xp = F @ x
    y = z - xp
    S = Q + R
    K = (P @ F.T) @ np.linalg.inv(S)
    x = xp + K @ y
    return xp, P, y, S, K, x
[Memory] Error evaluate_graph() missing 1 required positional argument: 'traj' evaluating function:
def predict(x, F, P, Q, z, R):
    xp = F @ x
    y = z - xp
    S = Q + R
    K = (P @ F.T) @ np.linalg.inv(S)
    x = xp + K @ y
    return xp, P, y, S, K, x
[Memory] Error evaluate_graph() missing 1 required positional argument: 'traj' evaluating function:
def predict(x, F, P, Q, z, R):
    xp = F @ x
    y = z - xp
    S = Q + R
    K = (P @ F.T) @ np.linalg.inv(S)
    x = xp + K @ y
    return xp, P, y, S, K, x
[Memory] Error evaluate_graph() missing 1 required positional argument: 'traj' evaluating function:
def predict(x, F, P, Q, z, R):
    xp = F @ x
    y = z - xp
    S = Q + R
    K = (P @ F.T) @ np.linalg.inv(S)
    x = xp + K @ y
    return xp, P, y, S, K, x
[Memory] Error evaluate_graph() missing 1 required positional argument: 'traj' evaluating function:
def predict(x, F, P, Q, z, R):
    xp = F @ x
    y = z - xp
    S = Q + R
    K = (P @ F.T) @ np.linalg.inv(S)
    x = xp + K @ y
    return xp, P, y, S, K, x
[Memory] Error evaluate_graph() missing 1 required positional argument: 'traj' evaluating function:
def predict(x, F, P, Q, z, R):
    xp = x
    y = z - x
    S = R
    K = np.ones_like(P)
    x = x + 0.1 * y
    return xp, P, y, S, K, x
[Memory] Error evaluate_graph() missing 1 required positional argument: 'traj' evaluating function:
def predict(x, F, P, Q, z, R):
    xp = F @ x
    y = z - xp
    S = Q + R
    K = 0.5 * np.eye(x.shape[0])
    x = xp + K @ y
    return xp, P, y, S, K, x
[Memory] Error evaluate_graph() missing 1 required positional argument: 'traj' evaluating function:
def predict(x, F, P, Q, z, R):
    xp = F @ x
    y = z - xp
    S = Q + R
    K = 0.5 * np.eye(x.shape[0])
    x = xp + K @ y
    return xp, P, y, S, K, x
[Memory] Error evaluate_graph() missing 1 required positional argument: 'traj' evaluating function:
def predict(x, F, P, Q, z, R):
    xp = x
    y = z - x
    S = R
    K = np.ones_like(P)
    x = x + 0.1 * y
    return xp, P, y, S, K, x
[Memory] Error evaluate_graph() missing 1 required positional argument: 'traj' evaluating function:
def predict(x, F, P, Q, z, R):
    xp = F @ x
    y = z - xp
    S = Q + R
    K = 0.5 * np.eye(x.shape[0])
    x = xp + K @ y
    return xp, P, y, S, K, x
[Memory] Error evaluate_graph() missing 1 required positional argument: 'traj' evaluating function:
def predict(x, F, P, Q, z, R):
    xp = F @ x
    y = z - xp
    S = Q + R
    K = 0.5 * np.eye(x.shape[0])
    x = xp + K @ y
    return xp, P, y, S, K, x
[Memory] Error evaluate_graph() missing 1 required positional argument: 'traj' evaluating function:
def predict(x, F, P, Q, z, R):
    xp = F @ x
    y = z - xp
    S = Q + R
    K = 0.5 * np.eye(x.shape[0])
    x = xp + K @ y
    return xp, P, y, S, K, x
[Memory] Error evaluate_graph() missing 1 required positional argument: 'traj' evaluating function:
def predict(x, F, P, Q, z, R):
    xp = F @ x
    y = z - xp
    S = Q + R
    K = 0.5 * np.eye(x.shape[0])
    x = xp + K @ y
    return xp, P, y, S, K, x
[Memory] Error evaluate_graph() missing 1 required positional argument: 'traj' evaluating function:
def predict(x, F, P, Q, z, R):
    xp = F @ x
    y = z - xp
    S = Q + R
    K = 0.5 * np.eye(x.shape[0])
    x = xp + K @ y
    return xp, P, y, S, K, x
[Memory] Error evaluate_graph() missing 1 required positional argument: 'traj' evaluating function:
def predict(x, F, P, Q, z, R):
    xp = F @ x
    y = z - xp
    S = Q + R
    K = 0.5 * np.eye(x.shape[0])
    x = xp + K @ y
    return xp, P, y, S, K, x
[Memory] Error evaluate_graph() missing 1 required positional argument: 'traj' evaluating function:
def predict(x, F, P, Q, z, R):
    xp = F @ x
    y = z - xp
    S = Q + R
    K = 0.5 * np.eye(x.shape[0])
    x = xp + K @ y
    return xp, P, y, S, K, x
[Memory] Error evaluate_graph() missing 1 required positional argument: 'traj' evaluating function:
def predict(x, F, P, Q, z, R):
    xp = F @ x
    y = z - xp
    S = Q + R
    K = 0.5 * np.eye(x.shape[0])
    x = xp + K @ y
    return xp, P, y, S, K, x
[Memory] Error evaluate_graph() missing 1 required positional argument: 'traj' evaluating function:
def predict(x, F, P, Q, z, R):
    xp = x
    y = z - x
    S = R
    K = np.ones_like(P)
    x = x + 0.1 * y
    return xp, P, y, S, K, x
[Memory] Error evaluate_graph() missing 1 required positional argument: 'traj' evaluating function:
def predict(x, F, P, Q, z, R):
    xp = F @ x
    y = z - xp
    S = Q + R
    K = 0.5 * np.eye(x.shape[0])
    x = xp + K @ y
    return xp, P, y, S, K, x
[Memory] Error evaluate_graph() missing 1 required positional argument: 'traj' evaluating function:
def predict(x, F, P, Q, z, R):
    xp = F @ x
    y = z - xp
    S = F @ P @ F.T + Q
    K = P @ F.T @ np.linalg.inv(S)
    x = x + K @ y
    return xp, P, y, S, K, x
[Memory] Error evaluate_graph() missing 1 required positional argument: 'traj' evaluating function:
def predict(x, F, P, Q, z, R):
    xp = F @ x
    y = z - xp
    S = F @ P @ F.T + Q
    K = P @ F.T @ np.linalg.inv(S)
    x = x + K @ y
    return xp, P, y, S, K, x
[Memory] Error evaluate_graph() missing 1 required positional argument: 'traj' evaluating function:
def predict(x, F, P, Q, z, R):
    xp = F @ x
    y = z - xp
    S = F @ P @ F.T + Q
    K = P @ F.T @ np.linalg.inv(S)
    x = x + K @ y
    return xp, P, y, S, K, x
[Memory] Error evaluate_graph() missing 1 required positional argument: 'traj' evaluating function:
def predict(x, F, P, Q, z, R):
    xp = F @ x
    y = z - xp
    S = F @ P @ F.T + Q
    K = P @ F.T @ np.linalg.inv(S)
    x = x + K @ y
    return xp, P, y, S, K, x
[Memory] Error evaluate_graph() missing 1 required positional argument: 'traj' evaluating function:
def predict(x, F, P, Q, z, R):
    xp = F @ x
    y = z - xp
    S = F @ P @ F.T + Q
    K = P @ F.T @ np.linalg.inv(S)
    x = x + K @ y
    return xp, P, y, S, K, x
[Memory] Error evaluate_graph() missing 1 required positional argument: 'traj' evaluating function:
def predict(x, F, P, Q, z, R):
    xp = F @ x
    y = z - xp
    S = F @ P @ F.T + Q
    K = P @ F.T @ np.linalg.inv(S)
    x = x + K @ y
    return xp, P, y, S, K, x
[Memory] Error evaluate_graph() missing 1 required positional argument: 'traj' evaluating function:
def predict(x, F, P, Q, z, R):
    xp = F @ x
    y = z - xp
    S = F @ P @ F.T + Q
    K = P @ F.T @ np.linalg.inv(S)
    x = x + K @ y
    return xp, P, y, S, K, x
[Memory] Error evaluate_graph() missing 1 required positional argument: 'traj' evaluating function:
def predict(x, F, P, Q, z, R):
    xp = F @ x
    y = z - xp
    S = F @ P @ F.T + Q
    K = P @ F.T @ np.linalg.inv(S)
    x = x + K @ y
    return xp, P, y, S, K, x
[Memory] Error evaluate_graph() missing 1 required positional argument: 'traj' evaluating function:
def predict(x, F, P, Q, z, R):
    xp = F @ x
    y = z - xp
    S = F @ P @ F.T + Q
    K = P @ F.T @ np.linalg.inv(S)
    x = x + K @ y
    return xp, P, y, S, K, x
[Memory] Error evaluate_graph() missing 1 required positional argument: 'traj' evaluating function:
def predict(x, F, P, Q, z, R):
    xp = F @ x
    y = z - xp
    S = F @ P @ F.T + Q
    K = P @ F.T @ np.linalg.inv(S)
    x = x + K @ y
    return xp, P, y, S, K, x
[Memory] Error evaluate_graph() missing 1 required positional argument: 'traj' evaluating function:
def predict(x, F, P, Q, z, R):
    xp = x
    y = z - x
    S = R
    K = np.ones_like(P)
    x = x + 0.1 * y
    return xp, P, y, S, K, x
[Memory] Error evaluate_graph() missing 1 required positional argument: 'traj' evaluating function:
def predict(x, F, P, Q, z, R):
    xp = F @ x
    y = z - xp
    S = Q + R
    K = 0.5 * np.eye(x.shape[0])
    x = xp + K @ y
    return xp, P, y, S, K, x
[Memory] Error evaluate_graph() missing 1 required positional argument: 'traj' evaluating function:
def predict(x, F, P, Q, z, R):
    xp = F @ x
    y = z - xp
    S = Q + R
    K = 0.5 * np.eye(x.shape[0])
    x = xp + K @ y
    return xp, P, y, S, K, x
[Memory] Error evaluate_graph() missing 1 required positional argument: 'traj' evaluating function:
def predict(x, F, P, Q, z, R):
    xp = F @ x
    y = z - xp
    S = Q + R
    K = np.linalg.inv(S) @ y
    x = xp + K @ y
    return xp, P, y, S, K, x
[Memory] Error evaluate_graph() missing 1 required positional argument: 'traj' evaluating function:
def predict(x, F, P, Q, z, R):
    xp = F @ x
    y = z - xp
    S = Q + R
    K = np.diag(1/(np.sqrt(S.flatten()) + 1e-6))
    x = xp + K @ y
    return xp, P, y, S, K, x
[Memory] Error evaluate_graph() missing 1 required positional argument: 'traj' evaluating function:
def predict(x, F, P, Q, z, R):
    xp = F @ x
    y = z - xp
    S = Q + R
    K = np.where(S > 1e-6, 1/S, 0)
    x = xp + K @ y
    return xp, P, y, S, K, x
[Memory] Error evaluate_graph() missing 1 required positional argument: 'traj' evaluating function:
def predict(x, F, P, Q, z, R):
    xp = F @ x
    y = z - xp
    S = Q + R
    K = np.log(S + 1e-6)
    x = xp + K @ y
    return xp, P, y, S, K, x
[Memory] Error evaluate_graph() missing 1 required positional argument: 'traj' evaluating function:
def predict(x, F, P, Q, z, R):
    xp = F @ x
    y = z - xp
    S = Q + R
    K = np.exp(-S)
    x = xp + K @ y
    return xp, P, y, S, K, x
[Memory] Error evaluate_graph() missing 1 required positional argument: 'traj' evaluating function:
def predict(x, F, P, Q, z, R):
    xp = F @ x
    y = z - xp
    S = Q + R
    K = np.maximum(S, 1e-6)
    x = xp + K @ y
    return xp, P, y, S, K, x
[Memory] Error evaluate_graph() missing 1 required positional argument: 'traj' evaluating function:
def predict(x, F, P, Q, z, R):
    xp = F @ x
    y = z - xp
    S = Q + R
    K = np.minimum(S, 1e-6)
    x = xp + K @ y
    return xp, P, y, S, K, x
[Memory] Error evaluate_graph() missing 1 required positional argument: 'traj' evaluating function:
def predict(x, F, P, Q, z, R):
    xp = F @ x
    y = z - xp
    S = Q + R
    K = np.sqrt(S + 1e-6)
    x = xp + K @ y
    return xp, P, y, S, K, x
[Memory] Error evaluate_graph() missing 1 required positional argument: 'traj' evaluating function:
def predict(x, F, P, Q, z, R):
    xp = F @ x
    y = z - xp
    S = Q + R
    K = np.sign(S)
    x = xp + K @ y
    return xp, P, y, S, K, x
[Memory] Error evaluate_graph() missing 1 required positional argument: 'traj' evaluating function:
def predict(x, F, P, Q, z, R):
    xp = x
    y = z - x
    S = R
    K = np.ones_like(P)
    x = x + 0.1 * y
    return xp, P, y, S, K, x
[Memory] Error evaluate_graph() missing 1 required positional argument: 'traj' evaluating function:
def predict(x, F, P, Q, z, R):
    xp = F @ x
    y = z - xp
    S = Q + R
    K = 0.5 * np.eye(x.shape[0])
    x = xp + K @ y
    return xp, P, y, S, K, x
[Memory] Error evaluate_graph() missing 1 required positional argument: 'traj' evaluating function:
def predict(x, F, P, Q, z, R):
    xp = F @ x
    y = z - xp
    S = Q + R
    K = np.eye(x.shape[0])
    x = xp + K @ y
    return xp, P, y, S, K, x
[Memory] Error evaluate_graph() missing 1 required positional argument: 'traj' evaluating function:
def predict(x, F, P, Q, z, R):
    xp = F @ x
    y = z - xp
    S = np.diag(np.diag(Q) + np.diag(R))
    K = np.diag(1 / (np.diag(S) ** 0.5 + 1))
    x = xp + K @ y
    return xp, P, y, S, K, x
[Memory] Error evaluate_graph() missing 1 required positional argument: 'traj' evaluating function:
def predict(x, F, P, Q, z, R):
    xp = np.exp(F @ x)
    y = z - xp
    S = Q + R
    K = np.exp(-0.5 * np.log(S))
    x = xp + K @ y
    return xp, P, y, S, K, x
[Memory] Error evaluate_graph() missing 1 required positional argument: 'traj' evaluating function:
def predict(x, F, P, Q, z, R):
    xp = F @ (x ** 2)
    y = z - xp
    S = Q + R
    K = np.polyfit(y, 2)
    x = xp + K @ y
    return xp, P, y, S, K, x
[Memory] Error evaluate_graph() missing 1 required positional argument: 'traj' evaluating function:
def predict(x, F, P, Q, z, R):
    xp = F @ x
    y = z - xp
    S = Q + R
    K = P @ F.T @ np.linalg.inv(S)
    x = xp + K @ y
    return xp, P, y, S, K, x
[Memory] Error evaluate_graph() missing 1 required positional argument: 'traj' evaluating function:
def predict(x, F, P, Q, z, R):
    xp = F @ x
    y = z - xp
    S = Q + R
    K = np.random.choice(x, size=x.shape)
    x = xp + K @ y
    return xp, P, y, S, K, x
[Memory] Error evaluate_graph() missing 1 required positional argument: 'traj' evaluating function:
def predict(x, F, P, Q, z, R):
    xp = F @ x
    y = z - xp
    S = Q + R
    K = np.exp(-0.5 * (y ** 2) / S)
    x = xp + K @ y
    return xp, P, y, S, K, x
[Memory] Error evaluate_graph() missing 1 required positional argument: 'traj' evaluating function:
def predict(x, F, P, Q, z, R):
    xp = F @ x
    y = z - xp
    S = Q + R
    K = (P @ F.T) @ np.linalg.inv(F @ P @ F.T + S)
    x = xp + K @ y
    return xp, P, y, S, K, x
[Memory] Error evaluate_graph() missing 1 required positional argument: 'traj' evaluating function:
def predict(x, F, P, Q, z, R):
    xp = F @ x
    y = z - xp
    S = Q + R
    K = P @ F.T @ np.linalg.inv(S)
    x = xp + K @ y
    return xp, P, y, S, K, x
[Memory] Error evaluate_graph() missing 1 required positional argument: 'traj' evaluating function:
def predict(x, F, P, Q, z, R):
    xp = F @ x
    y = z - xp
    S = Q + R
    rho = 1 + (y ** 2) / 4
    K = P @ F.T @ np.linalg.inv(F @ P @ F.T + S)
    x = xp + K @ y / rho
    return xp, P, y, S, K, x
[Memory] Error evaluate_graph() missing 1 required positional argument: 'traj' evaluating function:
def predict(x, F, P, Q, z, R):
    xp = x
    y = z - x
    S = R
    K = np.ones_like(P)
    x = x + 0.1 * y
    return xp, P, y, S, K, x
[Memory] Error evaluate_graph() missing 1 required positional argument: 'traj' evaluating function:
def predict(x, F, P, Q, z, R):
    xp = F @ x
    y = z - xp
    S = Q + R
    K = 0.5 * np.eye(x.shape[0])
    x = xp + K @ y
    return xp, P, y, S, K, x
[Memory] Error evaluate_graph() missing 1 required positional argument: 'traj' evaluating function:
def predict(x, F, P, Q, z, R):
    xp = F @ x
    y = z - xp
    S = Q + R
    K = 0.5 * np.eye(x.shape[0])
    x = xp + K @ y
    return xp, P, y, S, K, x
[Memory] Error evaluate_graph() missing 1 required positional argument: 'traj' evaluating function:
def predict(x, F, P, Q, z, R):
    xp = F @ x
    y = z - xp
    S = Q + R
    K = 0.5 * np.eye(x.shape[0])
    x = xp + K @ y
    return xp, P, y, S, K, x
[Memory] Error evaluate_graph() missing 1 required positional argument: 'traj' evaluating function:
def predict(x, F, P, Q, z, R):
    xp = F @ x
    y = z - xp
    S = Q + R
    K = 0.5 * np.eye(x.shape[0])
    x = xp + K @ y
    return xp, P, y, S, K, x
[Memory] Error evaluate_graph() missing 1 required positional argument: 'traj' evaluating function:
def predict(x, F, P, Q, z, R):
    xp = F @ x
    y = z - xp
    S = Q + R
    K = 0.5 * np.eye(x.shape[0])
    x = xp + K @ y
    return xp, P, y, S, K, x
[Memory] Error evaluate_graph() missing 1 required positional argument: 'traj' evaluating function:
def predict(x, F, P, Q, z, R):
    xp = F @ x
    y = z - xp
    S = Q + R
    K = 0.5 * np.eye(x.shape[0])
    x = xp + K @ y
    return xp, P, y, S, K, x
[Memory] Error evaluate_graph() missing 1 required positional argument: 'traj' evaluating function:
def predict(x, F, P, Q, z, R):
    xp = F @ x
    y = z - xp
    S = Q + R
    K = 0.5 * np.eye(x.shape[0])
    x = xp + K @ y
    return xp, P, y, S, K, x
[Memory] Error evaluate_graph() missing 1 required positional argument: 'traj' evaluating function:
def predict(x, F, P, Q, z, R):
    xp = F @ x
    y = z - xp
    S = Q + R
    K = 0.5 * np.eye(x.shape[0])
    x = xp + K @ y
    return xp, P, y, S, K, x
[Memory] Error evaluate_graph() missing 1 required positional argument: 'traj' evaluating function:
def predict(x, F, P, Q, z, R):
    xp = F @ x
    y = z - xp
    S = Q + R
    K = 0.5 * np.eye(x.shape[0])
    x = xp + K @ y
    return xp, P, y, S, K, x
[Memory] Error evaluate_graph() missing 1 required positional argument: 'traj' evaluating function:
def predict(x, F, P, Q, z, R):
    xp = F @ x
    y = z - xp
    S = Q + R
    K = 0.5 * np.eye(x.shape[0])
    x = xp + K @ y
    return xp, P, y, S, K, x
[Memory] Error evaluate_graph() missing 1 required positional argument: 'traj' evaluating function:
def predict(x, F, P, Q, z, R):
    xp = F @ x
    y = z - xp
    S = Q + R
    K = 0.5 * np.eye(x.shape[0])
    x = xp + K @ y
    return xp, P, y, S, K, x
[Memory] Error evaluate_graph() missing 1 required positional argument: 'traj' evaluating function:
def predict(x, F, P, Q, z, R):
    xp = x
    y = z - x
    S = R
    K = np.ones_like(P)
    x = x + 0.1 * y
    return xp, P, y, S, K, x
[Memory] Error evaluate_graph() missing 1 required positional argument: 'traj' evaluating function:
def predict(x, F, P, Q, z, R):
    xp = F @ x
    y = z - xp
    S = Q + R
    K = 0.5 * np.eye(x.shape[0])
    x = xp + K @ y
    return xp, P, y, S, K, x
[Memory] Error evaluate_graph() missing 1 required positional argument: 'traj' evaluating function:
def predict(x, F, P, Q, z, R):
    xp = F @ x
    y = z - xp
    S = Q + R
    K = np.linalg.inv(S) @ y
    x = xp + F.T @ K
    return xp, P, y, S, K, x
[Memory] Error evaluate_graph() missing 1 required positional argument: 'traj' evaluating function:
def predict(x, F, P, Q, z, R):
    xp = F @ x
    y = z - xp
    S = Q + R
    K = 0.5 * np.eye(x.shape[0])
    x = xp + K @ y
    return xp, P, y, S, K, x
[Memory] Error evaluate_graph() missing 1 required positional argument: 'traj' evaluating function:
def predict(x, F, P, Q, z, R):
    xp = F @ x
    y = z - xp
    S = Q + R
    K = np.ones_like(P) * 0.1
    x = xp + K @ y
    return xp, P, y, S, K, x
[Memory] Error evaluate_graph() missing 1 required positional argument: 'traj' evaluating function:
def predict(x, F, P, Q, z, R):
    xp = F @ x
    y = z - xp
    S = Q + R
    K = np.eye(x.shape[0]) * 0.2
    x = xp + K @ y
    return xp, P, y, S, K, x
[Memory] Error evaluate_graph() missing 1 required positional argument: 'traj' evaluating function:
def predict(x, F, P, Q, z, R):
    xp = F @ x
    y = z - xp
    S = Q + R
    K = np.linalg.inv(S) @ y
    x = xp + F.T @ K
    return xp, P, y, S, K, x
[Memory] Error evaluate_graph() missing 1 required positional argument: 'traj' evaluating function:
def predict(x, F, P, Q, z, R):
    xp = F @ x
    y = z - xp
    S = Q + R
    K = np.ones_like(P) * 0.3
    x = xp + K @ y
    return xp, P, y, S, K, x
[Memory] Error evaluate_graph() missing 1 required positional argument: 'traj' evaluating function:
def predict(x, F, P, Q, z, R):
    xp = F @ x
    y = z - xp
    S = Q + R
    K = np.eye(x.shape[0]) * 0.4
    x = xp + K @ y
    return xp, P, y, S, K, x
[Memory] Error evaluate_graph() missing 1 required positional argument: 'traj' evaluating function:
def predict(x, F, P, Q, z, R):
    xp = F @ x
    y = z - xp
    S = Q + R
    K = np.linalg.inv(S) @ y
    x = xp + F.T @ K
    return xp, P, y, S, K, x
[Memory] Error evaluate_graph() missing 1 required positional argument: 'traj' evaluating function:
def predict(x, F, P, Q, z, R):
    xp = F @ x
    y = z - xp
    S = Q + R
    K = np.ones_like(P) * 0.5
    x = xp + K @ y
    return xp, P, y, S, K, x
[Memory] Error evaluate_graph() missing 1 required positional argument: 'traj' evaluating function:
def predict(x, F, P, Q, z, R):
    xp = F @ x
    y = z - xp
    S = Q + R
    K = np.eye(x.shape[0]) * 0.6
    x = xp + K @ y
    return xp, P, y, S, K, x
[Memory] Error evaluate_graph() missing 1 required positional argument: 'traj' evaluating function:
def predict(x, F, P, Q, z, R):
    xp = x
    y = z - x
    S = R
    K = np.ones_like(P)
    x = x + 0.1 * y
    return xp, P, y, S, K, x
[Memory] Error evaluate_graph() missing 1 required positional argument: 'traj' evaluating function:
def predict(x, F, P, Q, z, R):
    xp = F @ x
    y = z - xp
    S = Q + R
    K = 0.5 * np.eye(x.shape[0])
    x = xp + K @ y
    return xp, P, y, S, K, x
[Memory] Error evaluate_graph() missing 1 required positional argument: 'traj' evaluating function:
def predict(x, F, P, Q, z, R):
    xp = F @ x
    y = z - xp
    S = Q + R
    K = np.linalg.inv(P + F @ Q @ F.T) @ F @ y
    x = xp + K @ y
    return xp, P, y, S, K, x
[Memory] Error evaluate_graph() missing 1 required positional argument: 'traj' evaluating function:
def predict(x, F, P, Q, z, R):
    xp = F @ x
    y = z - xp
    S = Q + R
    K = (P + F @ Q @ F.T) @ F.T @ y / (S + 1e-8)
    x = xp + K
    return xp, P, y, S, K, x
[Memory] Error evaluate_graph() missing 1 required positional argument: 'traj' evaluating function:
def predict(x, F, P, Q, z, R):
    xp = F @ x
    y = z - xp
    S = Q + R
    K = (F @ P @ F.T + Q) @ F.T @ y / (S + 1e-8)
    x = xp + K
    return xp, P, y, S, K, x
[Memory] Error evaluate_graph() missing 1 required positional argument: 'traj' evaluating function:
def predict(x, F, P, Q, z, R):
    xp = F @ x
    y = z - xp
    S = Q + R
    K = (F @ P @ F.T + Q) @ F.T @ y / (S + 1e-8)
    x = xp + K
    return xp, P, y, S, K, x
[Memory] Error evaluate_graph() missing 1 required positional argument: 'traj' evaluating function:
def predict(x, F, P, Q, z, R):
    xp = F @ x
    y = z - xp
    S = Q + R
    K = (F @ P @ F.T + Q) @ F.T @ y / (S + 1e-8)
    x = xp + K
    return xp, P, y, S, K, x
[Memory] Error evaluate_graph() missing 1 required positional argument: 'traj' evaluating function:
def predict(x, F, P, Q, z, R):
    xp = F @ x
    y = z - xp
    S = Q + R
    K = (F @ P @ F.T + Q) @ F.T @ y / (S + 1e-8)
    x = xp + K
    return xp, P, y, S, K, x
[Memory] Error evaluate_graph() missing 1 required positional argument: 'traj' evaluating function:
def predict(x, F, P, Q, z, R):
    xp = F @ x
    y = z - xp
    S = Q + R
    K = (F @ P @ F.T + Q) @ F.T @ y / (S + 1e-8)
    x = xp + K
    return xp, P, y, S, K, x
[Memory] Error evaluate_graph() missing 1 required positional argument: 'traj' evaluating function:
def predict(x, F, P, Q, z, R):
    xp = F @ x
    y = z - xp
    S = Q + R
    K = (F @ P @ F.T + Q) @ F.T @ y / (S + 1e-8)
    x = xp + K
    return xp, P, y, S, K, x
[Memory] Error evaluate_graph() missing 1 required positional argument: 'traj' evaluating function:
def predict(x, F, P, Q, z, R):
    xp = F @ x
    y = z - xp
    S = Q + R
    K = (F @ P @ F.T + Q) @ F.T @ y / (S + 1e-8)
    x = xp + K
    return xp, P, y, S, K, x
[Memory] Error evaluate_graph() missing 1 required positional argument: 'traj' evaluating function:
def predict(x, F, P, Q, z, R):
    xp = F @ x
    y = z - xp
    S = Q + R
    K = (F @ P @ F.T + Q) @ F.T @ y / (S + 1e-8)
    x = xp + K
    return xp, P, y, S, K, x
[Memory] Error evaluate_graph() missing 1 required positional argument: 'traj' evaluating function:
def predict(x, F, P, Q, z, R):
    xp = x
    y = z - x
    S = R
    K = np.ones_like(P)
    x = x + 0.1 * y
    return xp, P, y, S, K, x
[Memory] Error evaluate_graph() missing 1 required positional argument: 'traj' evaluating function:
def predict(x, F, P, Q, z, R):
    xp = F @ x
    y = z - xp
    S = Q + R
    K = 0.5 * np.eye(x.shape[0])
    x = xp + K @ y
    return xp, P, y, S, K, x
[Memory] Error evaluate_graph() missing 1 required positional argument: 'traj' evaluating function:
def predict(x, F, P, Q, z, R):
    xp = F @ x
    y = z - xp
    S = Q + R
    K = 0.5 * np.eye(x.shape[0])
    x = xp + K @ y
    return xp, P, y, S, K, x
[Memory] Error evaluate_graph() missing 1 required positional argument: 'traj' evaluating function:
def predict(x, F, P, Q, z, R):
    xp = F @ x
    y = z - xp
    S = Q + R
    K = 0.5 * np.eye(x.shape[0])
    x = xp + K @ y
    return xp, P, y, S, K, x
[Memory] Error evaluate_graph() missing 1 required positional argument: 'traj' evaluating function:
def predict(x, F, P, Q, z, R):
    xp = F @ x
    y = z - xp
    S = Q + R
    K = 0.5 * np.eye(x.shape[0])
    x = xp + K @ y
    return xp, P, y, S, K, x
[Memory] Error evaluate_graph() missing 1 required positional argument: 'traj' evaluating function:
def predict(x, F, P, Q, z, R):
    xp = F @ x
    y = z - xp
    S = Q + R
    K = 0.5 * np.eye(x.shape[0])
    x = xp + K @ y
    return xp, P, y, S, K, x
[Memory] Error evaluate_graph() missing 1 required positional argument: 'traj' evaluating function:
def predict(x, F, P, Q, z, R):
    xp = F @ x
    y = z - xp
    S = Q + R
    K = 0.5 * np.eye(x.shape[0])
    x = xp + K @ y
    return xp, P, y, S, K, x
[Memory] Error evaluate_graph() missing 1 required positional argument: 'traj' evaluating function:
def predict(x, F, P, Q, z, R):
    xp = F @ x
    y = z - xp
    S = Q + R
    K = 0.5 * np.eye(x.shape[0])
    x = xp + K @ y
    return xp, P, y, S, K, x
[Memory] Error evaluate_graph() missing 1 required positional argument: 'traj' evaluating function:
def predict(x, F, P, Q, z, R):
    xp = F @ x
    y = z - xp
    S = Q + R
    K = 0.5 * np.eye(x.shape[0])
    x = xp + K @ y
    return xp, P, y, S, K, x
[Memory] Error evaluate_graph() missing 1 required positional argument: 'traj' evaluating function:
def predict(x, F, P, Q, z, R):
    xp = F @ x
    y = z - xp
    S = Q + R
    K = 0.5 * np.eye(x.shape[0])
    x = xp + K @ y
    return xp, P, y, S, K, x
[Memory] Error evaluate_graph() missing 1 required positional argument: 'traj' evaluating function:
def predict(x, F, P, Q, z, R):
    xp = F @ x
    y = z - xp
    S = Q + R
    K = 0.5 * np.eye(x.shape[0])
    x = xp + K @ y
    return xp, P, y, S, K, x
[Memory] Error evaluate_graph() missing 1 required positional argument: 'traj' evaluating function:
def predict(x, F, P, Q, z, R):
    xp = F @ x
    y = z - xp
    S = Q + R
    K = 0.5 * np.eye(x.shape[0])
    x = xp + K @ y
    return xp, P, y, S, K, x
[Memory] Error evaluate_graph() missing 1 required positional argument: 'traj' evaluating function:
def predict(x, F, P, Q, z, R):
    xp = x
    y = z - x
    S = R
    K = np.ones_like(P)
    x = x + 0.1 * y
    return xp, P, y, S, K, x
[Memory] Error evaluate_graph() missing 1 required positional argument: 'traj' evaluating function:
def predict(x, F, P, Q, z, R):
    xp = F @ x
    y = z - xp
    S = Q + R
    K = 0.5 * np.eye(x.shape[0])
    x = xp + K @ y
    return xp, P, y, S, K, x
[Memory] Error evaluate_graph() missing 1 required positional argument: 'traj' evaluating function:
def predict(x, F, P, Q, z, R):
    xp = F @ x
    y = z - xp
    S = Q + R
    K = 0.5 * np.eye(x.shape[0])
    x = xp + K @ y
    return xp, P, y, S, K, x
[Memory] Error evaluate_graph() missing 1 required positional argument: 'traj' evaluating function:
def predict(x, F, P, Q, z, R):
    xp = F @ x
    y = z - xp
    S = Q + R
    K = np.linalg.inv(S) @ y
    x = xp + K @ y
    return xp, P, y, S, K, x
[Memory] Error evaluate_graph() missing 1 required positional argument: 'traj' evaluating function:
def predict(x, F, P, Q, z, R):
    xp = F @ x
    y = z - xp
    S = Q + R
    K = 0.5 * y
    x = xp + K
    return xp, P, y, S, K, x
[Memory] Error evaluate_graph() missing 1 required positional argument: 'traj' evaluating function:
def predict(x, F, P, Q, z, R):
    xp = F @ x
    y = z - xp
    S = Q + R
    K = np.dot(x, y)
    x = xp + K
    return xp, P, y, S, K, x
[Memory] Error evaluate_graph() missing 1 required positional argument: 'traj' evaluating function:
def predict(x, F, P, Q, z, R):
    xp = F @ x
    y = z - xp
    S = Q + R
    K = np.mean(y)
    x = xp + K
    return xp, P, y, S, K, x
[Memory] Error evaluate_graph() missing 1 required positional argument: 'traj' evaluating function:
def predict(x, F, P, Q, z, R):
    xp = F @ x
    y = z - xp
    S = Q + R
    K = np.max(y)
    x = xp + K
    return xp, P, y, S, K, x
[Memory] Error evaluate_graph() missing 1 required positional argument: 'traj' evaluating function:
def predict(x, F, P, Q, z, R):
    xp = F @ x
    y = z - xp
    S = Q + R
    K = np.min(y)
    x = xp + K
    return xp, P, y, S, K, x
[Memory] Error evaluate_graph() missing 1 required positional argument: 'traj' evaluating function:
def predict(x, F, P, Q, z, R):
    xp = F @ x
    y = z - xp
    S = Q + R
    K = np.sum(y)
    x = xp + K
    return xp, P, y, S, K, x
[Memory] Error evaluate_graph() missing 1 required positional argument: 'traj' evaluating function:
def predict(x, F, P, Q, z, R):
    xp = F @ x
    y = z - xp
    S = Q + R
    K = np.std(y)
    x = xp + K
    return xp, P, y, S, K, x
[Memory] Error evaluate_graph() missing 1 required positional argument: 'traj' evaluating function:
def predict(x, F, P, Q, z, R):
    xp = F @ x
    y = z - xp
    S = Q + R
    K = np.var(y)
    x = xp + K
    return xp, P, y, S, K, x
[Process 0] after evaluate_graphs
[Process 0] step=0, generation took 137.20s 
[Process 0] best score so far: None, content:
None 
[Process 0] step=1, sampling done
[Process 0] step=1, text tokenized
