Detected 1 GPU(s). We will spawn 1 processes.


==== Outer Iteration 0 ====
[Process 0] started on GPU 0, running 10 iterations...
[Process 0] step=0, sampling done
[Process 0] step=0, text tokenized
[Process 0] step=0, Generation done
[Process 0] step=0, text decoded
[Process 0] in save_batch
[Process 0] total_matches: 234
[Process 0] before evaluate_graphs
[Memory] Error module 'evaluate' has no attribute 'evaluate_graph' evaluating function:
def aproximate(a, b, c, d, e, f):
    g = a + b @ a
    h = e - a
    i = d + f
    j = np.eye(a.shape[0])
    k = g + h
    return g, c, h, i, j, k
[Memory] Error module 'evaluate' has no attribute 'evaluate_graph' evaluating function:
def aproximate(a, b, c, d, e, f):
    g = a * 0.5
    h = e + g
    i = d - f
    j = np.ones_like(c)
    k = h - g
    return g, c, h, i, j, k
[Memory] Error module 'evaluate' has no attribute 'evaluate_graph' evaluating function:
def aproximate(a, b, c, d, e, f):
    g = a + b * np.sin(a)
    h = e * np.cos(b)
    i = d + f * np.log(d + 1)
    j = np.exp(a)
    k = g * h + i * j
    return g, c, h, i, j, k
[Memory] Error module 'evaluate' has no attribute 'evaluate_graph' evaluating function:
def aproximate(a, b, c, d, e, f):
    g = a * np.sqrt(b)
    h = e + np.sin(f)
    i = d * np.cos(g)
    j = np.log(a + 1)
    k = g * h - i * j
    return g, c, h, i, j, k
[Memory] Error module 'evaluate' has no attribute 'evaluate_graph' evaluating function:
def aproximate(a, b, c, d, e, f):
    g = a + b * np.log(a + 1)
    h = e * np.sqrt(f)
    i = d - np.sin(g)
    j = np.exp(e)
    k = g * h + i * j
    return g, c, h, i, j, k
[Memory] Error module 'evaluate' has no attribute 'evaluate_graph' evaluating function:
def aproximate(a, b, c, d, e, f):
    g = a * np.cos(b)
    h = e + np.log(f + 1)
    i = d * np.sqrt(g)
    j = np.exp(a)
    k = g * h - i * j
    return g, c, h, i, j, k
[Memory] Error module 'evaluate' has no attribute 'evaluate_graph' evaluating function:
def aproximate(a, b, c, d, e, f):
    g = a + b * np.log(a + 1)
    h = e * np.sqrt(f)
    i = d - np.sin(g)
    j = np.exp(e)
    k = g * h + i * j
    return g, c, h, i, j, k
[Memory] Error module 'evaluate' has no attribute 'evaluate_graph' evaluating function:
def aproximate(a, b, c, d, e, f):
    g = a * np.cos(b)
    h = e + np.log(f + 1)
    i = d * np.sqrt(g)
    j = np.exp(a)
    k = g * h - i * j
    return g, c, h, i, j, k
[Memory] Error module 'evaluate' has no attribute 'evaluate_graph' evaluating function:
def aproximate(a, b, c, d, e, f):
    g = a + b * np.log(a + 1)
    h = e * np.sqrt(f)
    i = d - np.sin(g)
    j = np.exp(e)
    k = g * h + i * j
    return g, c, h, i, j, k
[Memory] Error module 'evaluate' has no attribute 'evaluate_graph' evaluating function:
def aproximate(a, b, c, d, e, f):
    g = a * np.cos(b)
    h = e + np.log(f + 1)
    i = d * np.sqrt(g)
    j = np.exp(a)
    k = g * h - i * j
    return g, c, h, i, j, k
[Memory] Error module 'evaluate' has no attribute 'evaluate_graph' evaluating function:
def aproximate(a, b, c, d, e, f):
    g = a + b * np.log(a + 1)
    h = e * np.sqrt(f)
    i = d - np.sin(g)
    j = np.exp(e)
    k = g * h + i * j
    return g, c, h, i, j, k
[Memory] Error module 'evaluate' has no attribute 'evaluate_graph' evaluating function:
def aproximate(a, b, c, d, e, f):
    g = a * np.cos(b)
    h = e + np.log(f + 1)
    i = d * np.sqrt(g)
    j = np.exp(a)
    k = g * h - i * j
    return g, c, h, i, j, k
[Memory] Error module 'evaluate' has no attribute 'evaluate_graph' evaluating function:
def aproximate(a, b, c, d, e, f):
    g = a + b @ a
    h = e - a
    i = d + f
    j = np.eye(a.shape[0])
    k = g + h
    return g, c, h, i, j, k
[Memory] Error module 'evaluate' has no attribute 'evaluate_graph' evaluating function:
def aproximate(a, b, c, d, e, f):
    g = a * 0.5
    h = e + g
    i = d - f
    j = np.ones_like(c)
    k = h - g
    return g, c, h, i, j, k
[Memory] Error module 'evaluate' has no attribute 'evaluate_graph' evaluating function:
def aproximate(a, b, c, d, e, f):
    g = a + b * np.sin(a)
    h = e - b * np.cos(a)
    i = d + f * np.log(a + 1)
    j = np.sqrt(a**2 + b**2)
    k = g + h + i
    return g, c, h, i, j, k
[Memory] Error module 'evaluate' has no attribute 'evaluate_graph' evaluating function:
def aproximate(a, b, c, d, e, f):
    g = a + b @ a
    h = e - a
    i = d + f
    j = np.eye(a.shape[0])
    k = g + h
    return g, c, h, i, j, k
[Memory] Error module 'evaluate' has no attribute 'evaluate_graph' evaluating function:
def aproximate(a, b, c, d, e, f):
    g = a * 0.5
    h = e + g
    i = d - f
    j = np.ones_like(c)
    k = h - g
    return g, c, h, i, j, k
[Memory] Error module 'evaluate' has no attribute 'evaluate_graph' evaluating function:
def aproximate(a, b, c, d, e, f):
    g = a + b * np.sin(a)
    h = e - c * np.cos(b)
    i = d + f * np.sqrt(a)
    j = np.mean(a) * np.ones_like(c)
    k = g * h + i * j
    return g, c, h, i, j, k
[Memory] Error module 'evaluate' has no attribute 'evaluate_graph' evaluating function:
def aproximate(a, b, c, d, e, f):
    g = a + b @ a
    h = e - a
    i = d + f
    j = np.eye(a.shape[0])
    k = g + h
    return g, c, h, i, j, k
[Memory] Error module 'evaluate' has no attribute 'evaluate_graph' evaluating function:
def aproximate(a, b, c, d, e, f):
    g = a * 0.5
    h = e + g
    i = d - f
    j = np.ones_like(c)
    k = h - g
    return g, c, h, i, j, k
[Memory] Error module 'evaluate' has no attribute 'evaluate_graph' evaluating function:
def aproximate(a, b, c, d, e, f):
    g = a + b * a
    h = e - a
    i = d + f
    j = np.zeros_like(c)
    k = g + h
    return g, c, h, i, j, k
[Memory] Error module 'evaluate' has no attribute 'evaluate_graph' evaluating function:
def aproximate(a, b, c, d, e, f):
    g = a * 0.5
    h = e + g
    i = d - f
    j = np.ones_like(c)
    k = h - g
    return g, c, h, i, j, k
[Memory] Error module 'evaluate' has no attribute 'evaluate_graph' evaluating function:
def aproximate(a, b, c, d, e, f):
    g = a + b @ c
    h = e - f
    i = d + g
    j = np.eye(a.shape[0])
    k = g + h
    return g, c, h, i, j, k
[Memory] Error module 'evaluate' has no attribute 'evaluate_graph' evaluating function:
def aproximate(a, b, c, d, e, f):
    g = a * 2
    h = e + a
    i = d - f
    j = np.zeros_like(c)
    k = h - g
    return g, c, h, i, j, k
[Memory] Error module 'evaluate' has no attribute 'evaluate_graph' evaluating function:
def aproximate(a, b, c, d, e, f):
    g = a + b * c
    h = e - d
    i = g + h
    j = np.ones_like(c)
    k = i - a
    return g, c, h, i, j, k
[Memory] Error module 'evaluate' has no attribute 'evaluate_graph' evaluating function:
def aproximate(a, b, c, d, e, f):
    g = a * 0.5
    h = e + g
    i = d - f
    j = np.zeros_like(c)
    k = h - g
    return g, c, h, i, j, k
[Memory] Error module 'evaluate' has no attribute 'evaluate_graph' evaluating function:
def aproximate(a, b, c, d, e, f):
    g = a + b @ c
    h = e - d
    i = g + h
    j = np.eye(a.shape[0])
    k = i - a
    return g, c, h, i, j, k
[Memory] Error module 'evaluate' has no attribute 'evaluate_graph' evaluating function:
def aproximate(a, b, c, d, e, f):
    g = a * 2
    h = e + a
    i = d - f
    j = np.ones_like(c)
    k = h - g
    return g, c, h, i, j, k
[Memory] Error module 'evaluate' has no attribute 'evaluate_graph' evaluating function:
def aproximate(a, b, c, d, e, f):
    g = a + b * c
    h = e - d
    i = g + h
    j = np.zeros_like(c)
    k = i - a
    return g, c, h, i, j, k
[Memory] Error module 'evaluate' has no attribute 'evaluate_graph' evaluating function:
def aproximate(a, b, c, d, e, f):
    g = a * 0.5
    h = e + g
    i = d - f
    j = np.ones_like(c)
    k = h - g
    return g, c, h, i, j, k
[Memory] Error module 'evaluate' has no attribute 'evaluate_graph' evaluating function:
def aproximate(a, b, c, d, e, f):
    g = a + b @ a
    h = e - a
    i = d + f
    j = np.eye(a.shape[0])
    k = g + h
    return g, c, h, i, j, k
[Memory] Error module 'evaluate' has no attribute 'evaluate_graph' evaluating function:
def aproximate(a, b, c, d, e, f):
    g = a * 0.5
    h = e + g
    i = d - f
    j = np.ones_like(c)
    k = h - g
    return g, c, h, i, j, k
[Memory] Error module 'evaluate' has no attribute 'evaluate_graph' evaluating function:
def aproximate(a, b, c, d, e, f):
    g = a + b
    h = c - d
    i = e + f
    j = np.zeros_like(g)
    k = h * i
    return g, c, h, i, j, k
[Memory] Error module 'evaluate' has no attribute 'evaluate_graph' evaluating function:
def aproximate(a, b, c, d, e, f):
    g = a * b
    h = c + d
    i = e - f
    j = np.ones_like(a)
    k = g + h
    return g, c, h, i, j, k
[Memory] Error module 'evaluate' has no attribute 'evaluate_graph' evaluating function:
def aproximate(a, b, c, d, e, f):
    g = a + b @ c
    h = d - e
    i = f + g
    j = np.eye(a.shape[0])
    k = h * i
    return g, c, h, i, j, k
[Memory] Error module 'evaluate' has no attribute 'evaluate_graph' evaluating function:
def aproximate(a, b, c, d, e, f):
    g = a * 0.5
    h = b + c
    i = d - e
    j = np.zeros_like(g)
    k = h + i
    return g, c, h, i, j, k
[Memory] Error module 'evaluate' has no attribute 'evaluate_graph' evaluating function:
def aproximate(a, b, c, d, e, f):
    g = a + b
    h = c * d
    i = e + f
    j = np.ones_like(a)
    k = g * h
    return g, c, h, i, j, k
[Memory] Error module 'evaluate' has no attribute 'evaluate_graph' evaluating function:
def aproximate(a, b, c, d, e, f):
    g = a - b
    h = c + d
    i = e * f
    j = np.zeros_like(g)
    k = h + i
    return g, c, h, i, j, k
[Memory] Error module 'evaluate' has no attribute 'evaluate_graph' evaluating function:
def aproximate(a, b, c, d, e, f):
    g = a + b @ c
    h = d - e
    i = f + g
    j = np.eye(a.shape[0])
    k = h * i
    return g, c, h, i, j, k
[Memory] Error module 'evaluate' has no attribute 'evaluate_graph' evaluating function:
def aproximate(a, b, c, d, e, f):
    g = a * b
    h = c + d
    i = e - f
    j = np.ones_like(a)
    k = g + h
    return g, c, h, i, j, k
[Memory] Error module 'evaluate' has no attribute 'evaluate_graph' evaluating function:
def aproximate(a, b, c, d, e, f):
    g = a + b
    h = c * d
    i = e + f
    j = np.zeros_like(g)
    k = h + i
    return g, c, h, i, j, k
[Memory] Error module 'evaluate' has no attribute 'evaluate_graph' evaluating function:
def aproximate(a, b, c, d, e, f):
    g = a - b
    h = c + d
    i = e * f
    j = np.ones_like(a)
    k = h * i
    return g, c, h, i, j, k
[Memory] Error module 'evaluate' has no attribute 'evaluate_graph' evaluating function:
def aproximate(a, b, c, d, e, f):
    g = a + b @ a
    h = e - a
    i = d + f
    j = np.eye(a.shape[0])
    k = g + h
    return g, c, h, i, j, k
[Memory] Error module 'evaluate' has no attribute 'evaluate_graph' evaluating function:
def aproximate(a, b, c, d, e, f):
    g = a * 0.5
    h = e + g
    i = d - f
    j = np.ones_like(c)
    k = h - g
    return g, c, h, i, j, k
[Memory] Error module 'evaluate' has no attribute 'evaluate_graph' evaluating function:
def aproximate(a, b, c, d, e, f):
    g = a + b * c
    h = d - e
    i = f * g
    j = np.mean(a, axis=0)
    k = h + i
    return g, c, h, i, j, k
[Memory] Error module 'evaluate' has no attribute 'evaluate_graph' evaluating function:
def aproximate(a, b, c, d, e, f):
    g = a - b
    h = c * d
    i = e + f
    j = np.zeros_like(a)
    k = g + h
    return g, c, h, i, j, k
[Memory] Error module 'evaluate' has no attribute 'evaluate_graph' evaluating function:
def aproximate(a, b, c, d, e, f):
    g = a * b
    h = c + d
    i = e - f
    j = np.max(a, axis=1)
    k = g + h
    return g, c, h, i, j, k
[Memory] Error module 'evaluate' has no attribute 'evaluate_graph' evaluating function:
def aproximate(a, b, c, d, e, f):
    g = a + b
    h = c - d
    i = e * f
    j = np.min(a, axis=0)
    k = g + h
    return g, c, h, i, j, k
[Memory] Error module 'evaluate' has no attribute 'evaluate_graph' evaluating function:
def aproximate(a, b, c, d, e, f):
    g = a * 0.5
    h = b + c
    i = d - e
    j = np.mean(c, axis=1)
    k = g + h
    return g, c, h, i, j, k
[Memory] Error module 'evaluate' has no attribute 'evaluate_graph' evaluating function:
def aproximate(a, b, c, d, e, f):
    g = a - b
    h = c * d
    i = e + f
    j = np.zeros_like(a)
    k = g + h
    return g, c, h, i, j, k
[Memory] Error module 'evaluate' has no attribute 'evaluate_graph' evaluating function:
def aproximate(a, b, c, d, e, f):
    g = a * b
    h = c + d
    i = e - f
    j = np.max(a, axis=1)
    k = g + h
    return g, c, h, i, j, k
[Memory] Error module 'evaluate' has no attribute 'evaluate_graph' evaluating function:
def aproximate(a, b, c, d, e, f):
    g = a + b
    h = c - d
    i = e * f
    j = np.min(a, axis=0)
    k = g + h
    return g, c, h, i, j, k
[Memory] Error module 'evaluate' has no attribute 'evaluate_graph' evaluating function:
def aproximate(a, b, c, d, e, f):
    g = a * 0.5
    h = b + c
    i = d - e
    j = np.mean(c, axis=1)
    k = g + h
    return g, c, h, i, j, k
[Memory] Error module 'evaluate' has no attribute 'evaluate_graph' evaluating function:
def aproximate(a, b, c, d, e, f):
    g = a - b
    h = c * d
    i = e + f
    j = np.zeros_like(a)
    k = g + h
    return g, c, h, i, j, k
[Memory] Error module 'evaluate' has no attribute 'evaluate_graph' evaluating function:
def aproximate(a, b, c, d, e, f):
    g = a + b @ a
    h = e - a
    i = d + f
    j = np.eye(a.shape[0])
    k = g + h
    return g, c, h, i, j, k
[Memory] Error module 'evaluate' has no attribute 'evaluate_graph' evaluating function:
def aproximate(a, b, c, d, e, f):
    g = a * 0.5
    h = e + g
    i = d - f
    j = np.ones_like(c)
    k = h - g
    return g, c, h, i, j, k
[Memory] Error module 'evaluate' has no attribute 'evaluate_graph' evaluating function:
def aproximate(a, b, c, d, e, f):
    g = a + b
    h = e - c
    i = d + f
    j = a * b
    k = c + d
    return g, c, h, i, j, k
[Memory] Error module 'evaluate' has no attribute 'evaluate_graph' evaluating function:
def aproximate(a, b, c, d, e, f):
    g = a - b
    h = e + f
    i = d * c
    j = a + e
    k = b - c
    return g, c, h, i, j, k
[Memory] Error module 'evaluate' has no attribute 'evaluate_graph' evaluating function:
def aproximate(a, b, c, d, e, f):
    g = a * b
    h = e - f
    i = d + c
    j = a + e
    k = b - d
    return g, c, h, i, j, k
[Memory] Error module 'evaluate' has no attribute 'evaluate_graph' evaluating function:
def aproximate(a, b, c, d, e, f):
    g = a + c
    h = e - b
    i = d * f
    j = a - e
    k = b + d
    return g, c, h, i, j, k
[Memory] Error module 'evaluate' has no attribute 'evaluate_graph' evaluating function:
def aproximate(a, b, c, d, e, f):
    g = a * 0.5
    h = e + f
    i = d - c
    j = a + e
    k = b - c
    return g, c, h, i, j, k
[Memory] Error module 'evaluate' has no attribute 'evaluate_graph' evaluating function:
def aproximate(a, b, c, d, e, f):
    g = a + b
    h = e - f
    i = d * c
    j = a - e
    k = b + d
    return g, c, h, i, j, k
[Memory] Error module 'evaluate' has no attribute 'evaluate_graph' evaluating function:
def aproximate(a, b, c, d, e, f):
    g = a - b
    h = e + f
    i = d * c
    j = a + e
    k = b - c
    return g, c, h, i, j, k
[Memory] Error module 'evaluate' has no attribute 'evaluate_graph' evaluating function:
def aproximate(a, b, c, d, e, f):
    g = a * b
    h = e - f
    i = d + c
    j = a + e
    k = b - d
    return g, c, h, i, j, k
[Memory] Error module 'evaluate' has no attribute 'evaluate_graph' evaluating function:
def aproximate(a, b, c, d, e, f):
    g = a + c
    h = e - b
    i = d * f
    j = a - e
    k = b + d
    return g, c, h, i, j, k
[Memory] Error module 'evaluate' has no attribute 'evaluate_graph' evaluating function:
def aproximate(a, b, c, d, e, f):
    g = a * 0.5
    h = e + f
    i = d - c
    j = a + e
    k = b - c
    return g, c, h, i, j, k
[Memory] Error module 'evaluate' has no attribute 'evaluate_graph' evaluating function:
def aproximate(a, b, c, d, e, f):
    g = a + b @ a
    h = e - a
    i = d + f
    j = np.eye(a.shape[0])
    k = g + h
    return g, c, h, i, j, k
[Memory] Error module 'evaluate' has no attribute 'evaluate_graph' evaluating function:
def aproximate(a, b, c, d, e, f):
    g = a * 0.5
    h = e + g
    i = d - f
    j = np.ones_like(c)
    k = h - g
    return g, c, h, i, j, k
[Memory] Error module 'evaluate' has no attribute 'evaluate_graph' evaluating function:
def aproximate(a, b, c, d, e, f):
    g = a + b * c
    h = d - e
    i = f * g
    j = a @ b
    k = c + d
    return g, c, h, i, j, k
[Memory] Error module 'evaluate' has no attribute 'evaluate_graph' evaluating function:
def aproximate(a, b, c, d, e, f):
    g = a - b
    h = c * d
    i = e + f
    j = a * c
    k = b + d
    return g, c, h, i, j, k
[Memory] Error module 'evaluate' has no attribute 'evaluate_graph' evaluating function:
def aproximate(a, b, c, d, e, f):
    g = a * b
    h = c - d
    i = e * f
    j = a + c
    k = b + d
    return g, c, h, i, j, k
[Memory] Error module 'evaluate' has no attribute 'evaluate_graph' evaluating function:
def aproximate(a, b, c, d, e, f):
    g = a + b
    h = c * d
    i = e - f
    j = a * c
    k = b + d
    return g, c, h, i, j, k
[Memory] Error module 'evaluate' has no attribute 'evaluate_graph' evaluating function:
def aproximate(a, b, c, d, e, f):
    g = a - b
    h = c + d
    i = e * f
    j = a * c
    k = b + d
    return g, c, h, i, j, k
[Memory] Error module 'evaluate' has no attribute 'evaluate_graph' evaluating function:
def aproximate(a, b, c, d, e, f):
    g = a * b
    h = c - d
    i = e + f
    j = a + c
    k = b + d
    return g, c, h, i, j, k
[Memory] Error module 'evaluate' has no attribute 'evaluate_graph' evaluating function:
def aproximate(a, b, c, d, e, f):
    g = a + b
    h = c * d
    i = e - f
    j = a * c
    k = b + d
    return g, c, h, i, j, k
[Memory] Error module 'evaluate' has no attribute 'evaluate_graph' evaluating function:
def aproximate(a, b, c, d, e, f):
    g = a - b
    h = c + d
    i = e * f
    j = a * c
    k = b + d
    return g, c, h, i, j, k
[Memory] Error module 'evaluate' has no attribute 'evaluate_graph' evaluating function:
def aproximate(a, b, c, d, e, f):
    g = a * b
    h = c - d
    i = e + f
    j = a + c
    k = b + d
    return g, c, h, i, j, k
[Memory] Error module 'evaluate' has no attribute 'evaluate_graph' evaluating function:
def aproximate(a, b, c, d, e, f):
    g = a + b
    h = c * d
    i = e - f
    j = a * c
    k = b + d
    return g, c, h, i, j, k
[Memory] Error module 'evaluate' has no attribute 'evaluate_graph' evaluating function:
def aproximate(a, b, c, d, e, f):
    g = a + b @ a
    h = e - a
    i = d + f
    j = np.eye(a.shape[0])
    k = g + h
    return g, c, h, i, j, k
[Memory] Error module 'evaluate' has no attribute 'evaluate_graph' evaluating function:
def aproximate(a, b, c, d, e, f):
    g = a * 0.5
    h = e + g
    i = d - f
    j = np.ones_like(c)
    k = h - g
    return g, c, h, i, j, k
[Memory] Error module 'evaluate' has no attribute 'evaluate_graph' evaluating function:
def aproximate(a, b, c, d, e, f):
    g = a + b * np.sin(a)
    h = e * np.cos(b)
    i = d + f * np.log(c + 1)
    j = np.sqrt(a ** 2 + b ** 2)
    k = g * h + i * j
    return g, c, h, i, j, k
[Memory] Error module 'evaluate' has no attribute 'evaluate_graph' evaluating function:
def aproximate(a, b, c, d, e, f):
    g = a + b @ a
    h = e - a
    i = d + f
    j = np.eye(a.shape[0])
    k = g + h
    return g, c, h, i, j, k
[Memory] Error module 'evaluate' has no attribute 'evaluate_graph' evaluating function:
def aproximate(a, b, c, d, e, f):
    g = a * 0.5
    h = e + g
    i = d - f
    j = np.ones_like(c)
    k = h - g
    return g, c, h, i, j, k
[Memory] Error module 'evaluate' has no attribute 'evaluate_graph' evaluating function:
def aproximate(a, b, c, d, e, f):
    g = a + b * c
    h = d - e
    i = f + g
    j = a @ b
    k = c + d
    return g, c, h, i, j, k
[Memory] Error module 'evaluate' has no attribute 'evaluate_graph' evaluating function:
def aproximate(a, b, c, d, e, f):
    g = a * b
    h = c + d
    i = e - f
    j = g + h
    k = i + j
    return g, c, h, i, j, k
[Memory] Error module 'evaluate' has no attribute 'evaluate_graph' evaluating function:
def aproximate(a, b, c, d, e, f):
    g = a + b
    h = c - d
    i = e + f
    j = g * h
    k = i + j
    return g, c, h, i, j, k
[Memory] Error module 'evaluate' has no attribute 'evaluate_graph' evaluating function:
def aproximate(a, b, c, d, e, f):
    g = a - b
    h = c + d
    i = e * f
    j = g + h
    k = i + j
    return g, c, h, i, j, k
[Memory] Error module 'evaluate' has no attribute 'evaluate_graph' evaluating function:
def aproximate(a, b, c, d, e, f):
    g = a * c
    h = b + d
    i = e - f
    j = g + h
    k = i + j
    return g, c, h, i, j, k
[Memory] Error module 'evaluate' has no attribute 'evaluate_graph' evaluating function:
def aproximate(a, b, c, d, e, f):
    g = a + c
    h = b - d
    i = e + f
    j = g * h
    k = i + j
    return g, c, h, i, j, k
[Memory] Error module 'evaluate' has no attribute 'evaluate_graph' evaluating function:
def aproximate(a, b, c, d, e, f):
    g = a - c
    h = b + d
    i = e * f
    j = g + h
    k = i + j
    return g, c, h, i, j, k
[Memory] Error module 'evaluate' has no attribute 'evaluate_graph' evaluating function:
def aproximate(a, b, c, d, e, f):
    g = a * b
    h = c - d
    i = e + f
    j = g + h
    k = i + j
    return g, c, h, i, j, k
[Memory] Error module 'evaluate' has no attribute 'evaluate_graph' evaluating function:
def aproximate(a, b, c, d, e, f):
    g = a + c
    h = b - d
    i = e * f
    j = g + h
    k = i + j
    return g, c, h, i, j, k
[Memory] Error module 'evaluate' has no attribute 'evaluate_graph' evaluating function:
def aproximate(a, b, c, d, e, f):
    g = a - b
    h = c + d
    i = e * f
    j = g + h
    k = i + j
    return g, c, h, i, j, k
[Memory] Error module 'evaluate' has no attribute 'evaluate_graph' evaluating function:
def aproximate(a, b, c, d, e, f):
    g = a + b @ a
    h = e - a
    i = d + f
    j = np.eye(a.shape[0])
    k = g + h
    return g, c, h, i, j, k
[Memory] Error module 'evaluate' has no attribute 'evaluate_graph' evaluating function:
def aproximate(a, b, c, d, e, f):
    g = a * 0.5
    h = e + g
    i = d - f
    j = np.ones_like(c)
    k = h - g
    return g, c, h, i, j, k
[Memory] Error module 'evaluate' has no attribute 'evaluate_graph' evaluating function:
def aproximate(a, b, c, d, e, f):
    g = a + np.sum(b)
    h = c * d
    i = e - f
    j = a * b
    k = c + d
    return g, c, h, i, j, k
[Memory] Error module 'evaluate' has no attribute 'evaluate_graph' evaluating function:
def aproximate(a, b, c, d, e, f):
    g = a + b @ a
    h = e - a
    i = d + f
    j = np.eye(a.shape[0])
    k = g + h
    return g, c, h, i, j, k
[Memory] Error module 'evaluate' has no attribute 'evaluate_graph' evaluating function:
def aproximate(a, b, c, d, e, f):
    g = a * 0.5
    h = e + g
    i = d - f
    j = np.ones_like(c)
    k = h - g
    return g, c, h, i, j, k
[Memory] Error module 'evaluate' has no attribute 'evaluate_graph' evaluating function:
def aproximate(a, b, c, d, e, f):
    g = a + np.sin(b)
    h = c * np.cos(d)
    i = e + f
    j = a * b
    k = c - d
    return g, c, h, i, j, k
[Memory] Error module 'evaluate' has no attribute 'evaluate_graph' evaluating function:
def aproximate(a, b, c, d, e, f):
    g = a + b @ a
    h = e - a
    i = d + f
    j = np.eye(a.shape[0])
    k = g + h
    return g, c, h, i, j, k
[Memory] Error module 'evaluate' has no attribute 'evaluate_graph' evaluating function:
def aproximate(a, b, c, d, e, f):
    g = a * 0.5
    h = e + g
    i = d - f
    j = np.ones_like(c)
    k = h - g
    return g, c, h, i, j, k
[Memory] Error module 'evaluate' has no attribute 'evaluate_graph' evaluating function:
def aproximate(a, b, c, d, e, f):
    g = a + b
    h = c * d
    i = e - f
    j = a * b
    k = c + d
    return (g, c, h, i, j, k)
[Memory] Error module 'evaluate' has no attribute 'evaluate_graph' evaluating function:
def aproximate(a, b, c, d, e, f):
    g = a + b @ a
    h = e - a
    i = d + f
    j = np.eye(a.shape[0])
    k = g + h
    return g, c, h, i, j, k
[Memory] Error module 'evaluate' has no attribute 'evaluate_graph' evaluating function:
def aproximate(a, b, c, d, e, f):
    g = a * 0.5
    h = e + g
    i = d - f
    j = np.ones_like(c)
    k = h - g
    return g, c, h, i, j, k
[Memory] Error module 'evaluate' has no attribute 'evaluate_graph' evaluating function:
def aproximate(a, b, c, d, e, f):
    g = a + b * c
    h = d - e
    i = f + g
    j = a - b
    k = c + d
    return g, c, h, i, j, k
[Memory] Error module 'evaluate' has no attribute 'evaluate_graph' evaluating function:
def aproximate(a, b, c, d, e, f):
    g = a + b @ a
    h = e - a
    i = d + f
    j = np.eye(a.shape[0])
    k = g + h
    return g, c, h, i, j, k
[Memory] Error module 'evaluate' has no attribute 'evaluate_graph' evaluating function:
def aproximate(a, b, c, d, e, f):
    g = a * 0.5
    h = e + g
    i = d - f
    j = np.ones_like(c)
    k = h - g
    return g, c, h, i, j, k
[Memory] Error module 'evaluate' has no attribute 'evaluate_graph' evaluating function:
def aproximate(a, b, c, d, e, f):
    g = a + b * c
    h = d - e
    i = f * g
    j = a - b
    k = h + i
    return g, c, h, i, j, k
[Memory] Error module 'evaluate' has no attribute 'evaluate_graph' evaluating function:
def aproximate(a, b, c, d, e, f):
    g = a * b
    h = c + d
    i = e - f
    j = g + h
    k = i * j
    return g, c, h, i, j, k
[Memory] Error module 'evaluate' has no attribute 'evaluate_graph' evaluating function:
def aproximate(a, b, c, d, e, f):
    g = a + b
    h = c - d
    i = e + f
    j = g * h
    k = i - j
    return g, c, h, i, j, k
[Memory] Error module 'evaluate' has no attribute 'evaluate_graph' evaluating function:
def aproximate(a, b, c, d, e, f):
    g = a * 0.5
    h = b + c
    i = d - e
    j = f + g
    k = h * i
    return g, c, h, i, j, k
[Memory] Error module 'evaluate' has no attribute 'evaluate_graph' evaluating function:
def aproximate(a, b, c, d, e, f):
    g = a + b * c
    h = d - e
    i = f * g
    j = a - b
    k = h + i
    return g, c, h, i, j, k
[Memory] Error module 'evaluate' has no attribute 'evaluate_graph' evaluating function:
def aproximate(a, b, c, d, e, f):
    g = a * b
    h = c + d
    i = e - f
    j = g + h
    k = i * j
    return g, c, h, i, j, k
[Memory] Error module 'evaluate' has no attribute 'evaluate_graph' evaluating function:
def aproximate(a, b, c, d, e, f):
    g = a + b
    h = c - d
    i = e + f
    j = g * h
    k = i - j
    return g, c, h, i, j, k
[Memory] Error module 'evaluate' has no attribute 'evaluate_graph' evaluating function:
def aproximate(a, b, c, d, e, f):
    g = a * 0.5
    h = b + c
    i = d - e
    j = f + g
    k = h * i
    return g, c, h, i, j, k
[Memory] Error module 'evaluate' has no attribute 'evaluate_graph' evaluating function:
def aproximate(a, b, c, d, e, f):
    g = a + b * c
    h = d - e
    i = f * g
    j = a - b
    k = h + i
    return g, c, h, i, j, k
[Memory] Error module 'evaluate' has no attribute 'evaluate_graph' evaluating function:
def aproximate(a, b, c, d, e, f):
    g = a * b
    h = c + d
    i = e - f
    j = g + h
    k = i * j
    return g, c, h, i, j, k
[Memory] Error module 'evaluate' has no attribute 'evaluate_graph' evaluating function:
def aproximate(a, b, c, d, e, f):
    g = a + b @ a
    h = e - a
    i = d + f
    j = np.eye(a.shape[0])
    k = g + h
    return g, c, h, i, j, k
[Memory] Error module 'evaluate' has no attribute 'evaluate_graph' evaluating function:
def aproximate(a, b, c, d, e, f):
    g = a * 0.5
    h = e + g
    i = d - f
    j = np.ones_like(c)
    k = h - g
    return g, c, h, i, j, k
[Memory] Error module 'evaluate' has no attribute 'evaluate_graph' evaluating function:
def aproximate(a, b, c, d, e, f):
    g = a + b * a
    h = e - a
    i = d + f
    j = np.zeros_like(c)
    k = g + h
    return g, c, h, i, j, k
[Memory] Error module 'evaluate' has no attribute 'evaluate_graph' evaluating function:
def aproximate(a, b, c, d, e, f):
    g = a + b @ a
    h = e - a
    i = d + f
    j = np.eye(a.shape[0])
    k = g + h
    return g, c, h, i, j, k
[Memory] Error module 'evaluate' has no attribute 'evaluate_graph' evaluating function:
def aproximate(a, b, c, d, e, f):
    g = a * 0.5
    h = e + g
    i = d - f
    j = np.ones_like(c)
    k = h - g
    return g, c, h, i, j, k
[Memory] Error module 'evaluate' has no attribute 'evaluate_graph' evaluating function:
def aproximate(a, b, c, d, e, f):
    g = a + np.sin(b)
    h = c * np.cos(d)
    i = e + f
    j = a - b
    k = g * h
    return g, c, h, i, j, k
[Memory] Error module 'evaluate' has no attribute 'evaluate_graph' evaluating function:
def aproximate(a, b, c, d, e, f):
    g = a * b
    h = c + d
    i = e - f
    j = np.zeros_like(a)
    k = g + h
    return g, c, h, i, j, k
[Memory] Error module 'evaluate' has no attribute 'evaluate_graph' evaluating function:
def aproximate(a, b, c, d, e, f):
    g = a + b
    h = c * d
    i = e / f
    j = np.eye_like(a)
    k = g * h
    return g, c, h, i, j, k
[Memory] Error module 'evaluate' has no attribute 'evaluate_graph' evaluating function:
def aproximate(a, b, c, d, e, f):
    g = a - b
    h = c + d
    i = e * f
    j = np.full_like(a, 1)
    k = g + h
    return g, c, h, i, j, k
[Memory] Error module 'evaluate' has no attribute 'evaluate_graph' evaluating function:
def aproximate(a, b, c, d, e, f):
    g = a * 2
    h = c - d
    i = e + f
    j = np.zeros_like(c)
    k = g + h
    return g, c, h, i, j, k
[Memory] Error module 'evaluate' has no attribute 'evaluate_graph' evaluating function:
def aproximate(a, b, c, d, e, f):
    g = a + b
    h = c * d
    i = e / f
    j = np.eye(a.shape[0])
    k = g * h
    return g, c, h, i, j, k
[Memory] Error module 'evaluate' has no attribute 'evaluate_graph' evaluating function:
def aproximate(a, b, c, d, e, f):
    g = a - b
    h = c + d
    i = e * f
    j = np.full_like(a, 0)
    k = g + h
    return g, c, h, i, j, k
[Memory] Error module 'evaluate' has no attribute 'evaluate_graph' evaluating function:
def aproximate(a, b, c, d, e, f):
    g = a * 0.5
    h = c - d
    i = e + f
    j = np.zeros_like(c)
    k = g + h
    return g, c, h, i, j, k
[Memory] Error module 'evaluate' has no attribute 'evaluate_graph' evaluating function:
def aproximate(a, b, c, d, e, f):
    g = a + b
    h = c * d
    i = e / f
    j = np.eye_like(a)
    k = g * h
    return g, c, h, i, j, k
[Memory] Error module 'evaluate' has no attribute 'evaluate_graph' evaluating function:
def aproximate(a, b, c, d, e, f):
    g = a - b
    h = c + d
    i = e * f
    j = np.full_like(a, 1)
    k = g + h
    return g, c, h, i, j, k
[Memory] Error module 'evaluate' has no attribute 'evaluate_graph' evaluating function:
def aproximate(a, b, c, d, e, f):
    g = a + b @ a
    h = e - a
    i = d + f
    j = np.eye(a.shape[0])
    k = g + h
    return g, c, h, i, j, k
[Memory] Error module 'evaluate' has no attribute 'evaluate_graph' evaluating function:
def aproximate(a, b, c, d, e, f):
    g = a * 0.5
    h = e + g
    i = d - f
    j = np.ones_like(c)
    k = h - g
    return g, c, h, i, j, k
[Memory] Error module 'evaluate' has no attribute 'evaluate_graph' evaluating function:
def aproximate(a, b, c, d, e, f):
    g = a + b
    h = c - d
    i = e + f
    j = a * b
    k = c / d
    return g, h, i, j, k, f
[Memory] Error module 'evaluate' has no attribute 'evaluate_graph' evaluating function:
def aproximate(a, b, c, d, e, f):
    g = a - b
    h = c * d
    i = e / f
    j = a + c
    k = b - d
    return g, h, i, j, k, e
[Memory] Error module 'evaluate' has no attribute 'evaluate_graph' evaluating function:
def aproximate(a, b, c, d, e, f):
    g = a * b
    h = c + d
    i = e - f
    j = a / c
    k = b * d
    return g, h, i, j, k, a
[Memory] Error module 'evaluate' has no attribute 'evaluate_graph' evaluating function:
def aproximate(a, b, c, d, e, f):
    g = a + b * c
    h = d - e
    i = f / a
    j = b + c
    k = d * e
    return g, h, i, j, k, b
[Memory] Error module 'evaluate' has no attribute 'evaluate_graph' evaluating function:
def aproximate(a, b, c, d, e, f):
    g = a - b + c
    h = d * e
    i = f / c
    j = a + d
    k = b - e
    return g, h, i, j, k, c
[Memory] Error module 'evaluate' has no attribute 'evaluate_graph' evaluating function:
def aproximate(a, b, c, d, e, f):
    g = a * b - c
    h = d + e
    i = f / d
    j = a + d
    k = b - e
    return g, h, i, j, k, d
[Memory] Error module 'evaluate' has no attribute 'evaluate_graph' evaluating function:
def aproximate(a, b, c, d, e, f):
    g = a + b * c
    h = d - e + f
    i = a / c
    j = b + d
    k = e * f
    return g, h, i, j, k, e
[Memory] Error module 'evaluate' has no attribute 'evaluate_graph' evaluating function:
def aproximate(a, b, c, d, e, f):
    g = a - b + c * d
    h = e + f
    i = a / d
    j = b + e
    k = c - f
    return g, h, i, j, k, f
[Memory] Error module 'evaluate' has no attribute 'evaluate_graph' evaluating function:
def aproximate(a, b, c, d, e, f):
    g = a * b + c
    h = d - e * f
    i = a / c
    j = b + d
    k = e - f
    return g, h, i, j, k, a
[Memory] Error module 'evaluate' has no attribute 'evaluate_graph' evaluating function:
def aproximate(a, b, c, d, e, f):
    g = a + b * c - d
    h = e + f
    i = a / c
    j = b + e
    k = c - f
    return g, h, i, j, k, b
[Memory] Error module 'evaluate' has no attribute 'evaluate_graph' evaluating function:
def aproximate(a, b, c, d, e, f):
    g = a + b @ a
    h = e - a
    i = d + f
    j = np.eye(a.shape[0])
    k = g + h
    return g, c, h, i, j, k
[Memory] Error module 'evaluate' has no attribute 'evaluate_graph' evaluating function:
def aproximate(a, b, c, d, e, f):
    g = a * 0.5
    h = e + g
    i = d - f
    j = np.ones_like(c)
    k = h - g
    return g, c, h, i, j, k
[Memory] Error module 'evaluate' has no attribute 'evaluate_graph' evaluating function:
def aproximate(a, b, c, d, e, f):
    g = a + b * a
    h = e - a
    i = d + f
    j = np.zeros_like(a)
    k = g + h
    return g, c, h, i, j, k
[Memory] Error module 'evaluate' has no attribute 'evaluate_graph' evaluating function:
def aproximate(a, b, c, d, e, f):
    g = a * 0.5
    h = e + g
    i = d - f
    j = np.ones_like(c)
    k = h - g
    return g, c, h, i, j, k
[Memory] Error module 'evaluate' has no attribute 'evaluate_graph' evaluating function:
def aproximate(a, b, c, d, e, f):
    g = a + b
    h = e - a
    i = d + f
    j = np.eye_like(a)
    k = g + h
    return g, c, h, i, j, k
[Memory] Error module 'evaluate' has no attribute 'evaluate_graph' evaluating function:
def aproximate(a, b, c, d, e, f):
    g = a * 0.8
    h = e + g
    i = d - f
    j = np.zeros_like(c)
    k = h - g
    return g, c, h, i, j, k
[Memory] Error module 'evaluate' has no attribute 'evaluate_graph' evaluating function:
def aproximate(a, b, c, d, e, f):
    g = a + b * a
    h = e - a
    i = d + f
    j = np.ones_like(a)
    k = g + h
    return g, c, h, i, j, k
[Memory] Error module 'evaluate' has no attribute 'evaluate_graph' evaluating function:
def aproximate(a, b, c, d, e, f):
    g = a * 0.5
    h = e + g
    i = d - f
    j = np.zeros_like(c)
    k = h - g
    return g, c, h, i, j, k
[Memory] Error module 'evaluate' has no attribute 'evaluate_graph' evaluating function:
def aproximate(a, b, c, d, e, f):
    g = a + b
    h = e - a
    i = d + f
    j = np.eye_like(a)
    k = g + h
    return g, c, h, i, j, k
[Memory] Error module 'evaluate' has no attribute 'evaluate_graph' evaluating function:
def aproximate(a, b, c, d, e, f):
    g = a * 0.8
    h = e + g
    i = d - f
    j = np.ones_like(c)
    k = h - g
    return g, c, h, i, j, k
[Memory] Error module 'evaluate' has no attribute 'evaluate_graph' evaluating function:
def aproximate(a, b, c, d, e, f):
    g = a + b * a
    h = e - a
    i = d + f
    j = np.zeros_like(a)
    k = g + h
    return g, c, h, i, j, k
[Memory] Error module 'evaluate' has no attribute 'evaluate_graph' evaluating function:
def aproximate(a, b, c, d, e, f):
    g = a * 0.5
    h = e + g
    i = d - f
    j = np.eye_like(c)
    k = h - g
    return g, c, h, i, j, k
[Memory] Error module 'evaluate' has no attribute 'evaluate_graph' evaluating function:
def aproximate(a, b, c, d, e, f):
    g = a + b @ a
    h = e - a
    i = d + f
    j = np.eye(a.shape[0])
    k = g + h
    return g, c, h, i, j, k
[Memory] Error module 'evaluate' has no attribute 'evaluate_graph' evaluating function:
def aproximate(a, b, c, d, e, f):
    g = a * 0.5
    h = e + g
    i = d - f
    j = np.ones_like(c)
    k = h - g
    return g, c, h, i, j, k
[Memory] Error module 'evaluate' has no attribute 'evaluate_graph' evaluating function:
def aproximate(a, b, c, d, e, f):
    g = a + b
    h = c - d
    i = e * f
    j = a @ b
    k = c + d
    return g, c, h, i, j, k
[Memory] Error module 'evaluate' has no attribute 'evaluate_graph' evaluating function:
def aproximate(a, b, c, d, e, f):
    g = a * b
    h = c + d
    i = e - f
    j = a + c
    k = b + d
    return g, c, h, i, j, k
[Memory] Error module 'evaluate' has no attribute 'evaluate_graph' evaluating function:
def aproximate(a, b, c, d, e, f):
    g = a + b
    h = c * d
    i = e + f
    j = a - b
    k = c + d
    return g, c, h, i, j, k
[Memory] Error module 'evaluate' has no attribute 'evaluate_graph' evaluating function:
def aproximate(a, b, c, d, e, f):
    g = a * 2
    h = b + c
    i = d - e
    j = f * g
    k = h + i
    return g, c, h, i, j, k
[Memory] Error module 'evaluate' has no attribute 'evaluate_graph' evaluating function:
def aproximate(a, b, c, d, e, f):
    g = a + b
    h = c * d
    i = e + f
    j = g * h
    k = i + j
    return g, c, h, i, j, k
[Memory] Error module 'evaluate' has no attribute 'evaluate_graph' evaluating function:
def aproximate(a, b, c, d, e, f):
    g = a - b
    h = c + d
    i = e * f
    j = g + h
    k = i + j
    return g, c, h, i, j, k
[Memory] Error module 'evaluate' has no attribute 'evaluate_graph' evaluating function:
def aproximate(a, b, c, d, e, f):
    g = a * b
    h = c - d
    i = e + f
    j = g + h
    k = i + j
    return g, c, h, i, j, k
[Memory] Error module 'evaluate' has no attribute 'evaluate_graph' evaluating function:
def aproximate(a, b, c, d, e, f):
    g = a + b
    h = c * d
    i = e - f
    j = g + h
    k = i + j
    return g, c, h, i, j, k
[Memory] Error module 'evaluate' has no attribute 'evaluate_graph' evaluating function:
def aproximate(a, b, c, d, e, f):
    g = a * 2
    h = b + c
    i = d - e
    j = f * g
    k = h + i
    return g, c, h, i, j, k
[Memory] Error module 'evaluate' has no attribute 'evaluate_graph' evaluating function:
def aproximate(a, b, c, d, e, f):
    g = a + b
    h = c * d
    i = e + f
    j = g * h
    k = i + j
    return g, c, h, i, j, k
[Memory] Error module 'evaluate' has no attribute 'evaluate_graph' evaluating function:
def aproximate(a, b, c, d, e, f):
    g = a + b @ a
    h = e - a
    i = d + f
    j = np.eye(a.shape[0])
    k = g + h
    return g, c, h, i, j, k
[Memory] Error module 'evaluate' has no attribute 'evaluate_graph' evaluating function:
def aproximate(a, b, c, d, e, f):
    g = a * 0.5
    h = e + g
    i = d - f
    j = np.ones_like(c)
    k = h - g
    return g, c, h, i, j, k
[Memory] Error module 'evaluate' has no attribute 'evaluate_graph' evaluating function:
def aproximate(a, b, c, d, e, f):
    g = a + b * np.cos(c)
    h = e - d * np.sin(f)
    i = a * c + b * d
    j = (e + f) * np.ones_like(a)
    k = g * h + i * j
    return g, c, h, i, j, k
[Memory] Error module 'evaluate' has no attribute 'evaluate_graph' evaluating function:
def aproximate(a, b, c, d, e, f):
    g = a + b @ a
    h = e - a
    i = d + f
    j = np.eye(a.shape[0])
    k = g + h
    return g, c, h, i, j, k
[Memory] Error module 'evaluate' has no attribute 'evaluate_graph' evaluating function:
def aproximate(a, b, c, d, e, f):
    g = a * 0.5
    h = e + g
    i = d - f
    j = np.ones_like(c)
    k = h - g
    return g, c, h, i, j, k
[Memory] Error module 'evaluate' has no attribute 'evaluate_graph' evaluating function:
def aproximate(a, b, c, d, e, f):
    g = a + b
    h = c * d
    i = e + f
    j = a - b
    k = c / d
    return g, h, i, j, k, i
[Memory] Error module 'evaluate' has no attribute 'evaluate_graph' evaluating function:
def aproximate(a, b, c, d, e, f):
    g = a + b @ a
    h = e - a
    i = d + f
    j = np.eye(a.shape[0])
    k = g + h
    return g, c, h, i, j, k
[Memory] Error module 'evaluate' has no attribute 'evaluate_graph' evaluating function:
def aproximate(a, b, c, d, e, f):
    g = a * 0.5
    h = e + g
    i = d - f
    j = np.ones_like(c)
    k = h - g
    return g, c, h, i, j, k
[Memory] Error module 'evaluate' has no attribute 'evaluate_graph' evaluating function:
def aproximate(a, b, c, d, e, f):
    g = a * b + c
    h = d - e
    i = f * a
    j = b + c
    k = g + h + i
    return g, c, h, i, j, k
[Memory] Error module 'evaluate' has no attribute 'evaluate_graph' evaluating function:
def aproximate(a, b, c, d, e, f):
    g = a + b @ a
    h = e - a
    i = d + f
    j = np.eye(a.shape[0])
    k = g + h
    return g, c, h, i, j, k
[Memory] Error module 'evaluate' has no attribute 'evaluate_graph' evaluating function:
def aproximate(a, b, c, d, e, f):
    g = a * 0.5
    h = e + g
    i = d - f
    j = np.ones_like(c)
    k = h - g
    return g, c, h, i, j, k
[Memory] Error module 'evaluate' has no attribute 'evaluate_graph' evaluating function:
def aproximate(a, b, c, d, e, f):
    g = a + b
    h = c * d
    i = e + f
    j = a - b
    k = c / d
    return g, h, i, j, k, f
[Memory] Error module 'evaluate' has no attribute 'evaluate_graph' evaluating function:
def aproximate(a, b, c, d, e, f):
    g = a * b
    h = c + d
    i = e - f
    j = a + c
    k = b * d
    return g, h, i, j, k, e
[Memory] Error module 'evaluate' has no attribute 'evaluate_graph' evaluating function:
def aproximate(a, b, c, d, e, f):
    g = a + b + c
    h = d * e
    i = f - a
    j = b + d
    k = c * f
    return g, h, i, j, k, e
[Memory] Error module 'evaluate' has no attribute 'evaluate_graph' evaluating function:
def aproximate(a, b, c, d, e, f):
    g = a * 2
    h = b + c
    i = d - e
    j = f * a
    k = g + h
    return g, h, i, j, k, f
[Memory] Error module 'evaluate' has no attribute 'evaluate_graph' evaluating function:
def aproximate(a, b, c, d, e, f):
    g = a + b * c
    h = d + e
    i = f - a
    j = b * d
    k = c + f
    return g, h, i, j, k, e
[Memory] Error module 'evaluate' has no attribute 'evaluate_graph' evaluating function:
def aproximate(a, b, c, d, e, f):
    g = a * b + c
    h = d + e * f
    i = a - b
    j = c + d
    k = e - f
    return g, h, i, j, k, a
[Memory] Error module 'evaluate' has no attribute 'evaluate_graph' evaluating function:
def aproximate(a, b, c, d, e, f):
    g = a + b * c + d
    h = e * f
    i = a - c
    j = b + d
    k = e + f
    return g, h, i, j, k, a
[Memory] Error module 'evaluate' has no attribute 'evaluate_graph' evaluating function:
def aproximate(a, b, c, d, e, f):
    g = a * b + c * d
    h = e + f
    i = a - b
    j = c + d
    k = e - f
    return g, h, i, j, k, a
[Memory] Error module 'evaluate' has no attribute 'evaluate_graph' evaluating function:
def aproximate(a, b, c, d, e, f):
    g = a + b * c + d * e
    h = f - a
    i = b + d
    j = c + e
    k = g + h
    return g, h, i, j, k, f
[Memory] Error module 'evaluate' has no attribute 'evaluate_graph' evaluating function:
def aproximate(a, b, c, d, e, f):
    g = a * b + c * d + e * f
    h = a + c
    i = b + d
    j = c + e
    k = d + f
    return g, h, i, j, k, a
[Memory] Error module 'evaluate' has no attribute 'evaluate_graph' evaluating function:
def aproximate(a, b, c, d, e, f):
    g = a + b @ a
    h = e - a
    i = d + f
    j = np.eye(a.shape[0])
    k = g + h
    return g, c, h, i, j, k
[Memory] Error module 'evaluate' has no attribute 'evaluate_graph' evaluating function:
def aproximate(a, b, c, d, e, f):
    g = a * 0.5
    h = e + g
    i = d - f
    j = np.ones_like(c)
    k = h - g
    return g, c, h, i, j, k
[Memory] Error module 'evaluate' has no attribute 'evaluate_graph' evaluating function:
def aproximate(a, b, c, d, e, f):
    g = a + b * e
    h = c - d
    i = f + a
    j = np.zeros_like(b)
    k = g + h
    return g, c, h, i, j, k
[Memory] Error module 'evaluate' has no attribute 'evaluate_graph' evaluating function:
def aproximate(a, b, c, d, e, f):
    g = a @ b + c
    h = e - f
    i = d * 2
    j = np.eye_like(a)
    k = g + h
    return g, c, h, i, j, k
[Memory] Error module 'evaluate' has no attribute 'evaluate_graph' evaluating function:
def aproximate(a, b, c, d, e, f):
    g = a + b - c
    h = d * e
    i = f + a
    j = np.ones_like(b)
    k = g + h
    return g, c, h, i, j, k
[Memory] Error module 'evaluate' has no attribute 'evaluate_graph' evaluating function:
def aproximate(a, b, c, d, e, f):
    g = a * b + c
    h = d - e
    i = f + a
    j = np.zeros_like(b)
    k = g + h
    return g, c, h, i, j, k
[Memory] Error module 'evaluate' has no attribute 'evaluate_graph' evaluating function:
def aproximate(a, b, c, d, e, f):
    g = a + b * c
    h = d - e
    i = f + a
    j = np.eye_like(b)
    k = g + h
    return g, c, h, i, j, k
[Memory] Error module 'evaluate' has no attribute 'evaluate_graph' evaluating function:
def aproximate(a, b, c, d, e, f):
    g = a * 0.5 + b
    h = c - d
    i = e + f
    j = np.ones_like(a)
    k = g + h
    return g, c, h, i, j, k
[Memory] Error module 'evaluate' has no attribute 'evaluate_graph' evaluating function:
def aproximate(a, b, c, d, e, f):
    g = a + b - c
    h = d * e
    i = f + a
    j = np.zeros_like(b)
    k = g + h
    return g, c, h, i, j, k
[Memory] Error module 'evaluate' has no attribute 'evaluate_graph' evaluating function:
def aproximate(a, b, c, d, e, f):
    g = a * b + c
    h = d - e
    i = f + a
    j = np.eye_like(b)
    k = g + h
    return g, c, h, i, j, k
[Memory] Error module 'evaluate' has no attribute 'evaluate_graph' evaluating function:
def aproximate(a, b, c, d, e, f):
    g = a + b * c
    h = d - e
    i = f + a
    j = np.zeros_like(b)
    k = g + h
    return g, c, h, i, j, k
[Memory] Error module 'evaluate' has no attribute 'evaluate_graph' evaluating function:
def aproximate(a, b, c, d, e, f):
    g = a * 0.5 + b
    h = c - d
    i = e + f
    j = np.ones_like(a)
    k = g + h
    return g, c, h, i, j, k
[Memory] Error module 'evaluate' has no attribute 'evaluate_graph' evaluating function:
def aproximate(a, b, c, d, e, f):
    g = a + b @ a
    h = e - a
    i = d + f
    j = np.eye(a.shape[0])
    k = g + h
    return g, c, h, i, j, k
[Memory] Error module 'evaluate' has no attribute 'evaluate_graph' evaluating function:
def aproximate(a, b, c, d, e, f):
    g = a * 0.5
    h = e + g
    i = d - f
    j = np.ones_like(c)
    k = h - g
    return g, c, h, i, j, k
[Memory] Error module 'evaluate' has no attribute 'evaluate_graph' evaluating function:
def aproximate(a, b, c, d, e, f):
    g = a + b
    h = c * d
    i = e + f
    j = a - b
    k = c / d
    return g, c, h, i, j, k
[Memory] Error module 'evaluate' has no attribute 'evaluate_graph' evaluating function:
def aproximate(a, b, c, d, e, f):
    g = a + b @ a
    h = e - a
    i = d + f
    j = np.eye(a.shape[0])
    k = g + h
    return g, c, h, i, j, k
[Memory] Error module 'evaluate' has no attribute 'evaluate_graph' evaluating function:
def aproximate(a, b, c, d, e, f):
    g = a * 0.5
    h = e + g
    i = d - f
    j = np.ones_like(c)
    k = h - g
    return g, c, h, i, j, k
[Memory] Error module 'evaluate' has no attribute 'evaluate_graph' evaluating function:
def aproximate(a, b, c, d, e, f):
    g = a + b * c
    h = np.sin(d) + e
    i = f - d
    j = a * b
    k = c + e
    return g, c, h, i, j, k
[Memory] Error module 'evaluate' has no attribute 'evaluate_graph' evaluating function:
def aproximate(a, b, c, d, e, f):
    g = a + b @ a
    h = e - a
    i = d + f
    j = np.eye(a.shape[0])
    k = g + h
    return g, c, h, i, j, k
[Memory] Error module 'evaluate' has no attribute 'evaluate_graph' evaluating function:
def aproximate(a, b, c, d, e, f):
    g = a * 0.5
    h = e + g
    i = d - f
    j = np.ones_like(c)
    k = h - g
    return g, c, h, i, j, k
[Memory] Error module 'evaluate' has no attribute 'evaluate_graph' evaluating function:
def aproximate(a, b, c, d, e, f):
    g = a + b
    h = e * f
    i = d - c
    j = a * b
    k = g + h
    return g, c, h, i, j, k
[Memory] Error module 'evaluate' has no attribute 'evaluate_graph' evaluating function:
def aproximate(a, b, c, d, e, f):
    g = a * b
    h = c + d
    i = e - f
    j = a + c
    k = g + h
    return g, c, h, i, j, k
[Memory] Error module 'evaluate' has no attribute 'evaluate_graph' evaluating function:
def aproximate(a, b, c, d, e, f):
    g = a - b
    h = c * d
    i = e + f
    j = a * c
    k = g + h
    return g, c, h, i, j, k
[Memory] Error module 'evaluate' has no attribute 'evaluate_graph' evaluating function:
def aproximate(a, b, c, d, e, f):
    g = a + b * c
    h = d - e
    i = f - a
    j = b * c
    k = g + h
    return g, c, h, i, j, k
[Memory] Error module 'evaluate' has no attribute 'evaluate_graph' evaluating function:
def aproximate(a, b, c, d, e, f):
    g = a * b + c
    h = d * e
    i = f - a
    j = b + c
    k = g + h
    return g, c, h, i, j, k
[Memory] Error module 'evaluate' has no attribute 'evaluate_graph' evaluating function:
def aproximate(a, b, c, d, e, f):
    g = a - b + c
    h = d * e
    i = f - a
    j = b + c
    k = g + h
    return g, c, h, i, j, k
[Memory] Error module 'evaluate' has no attribute 'evaluate_graph' evaluating function:
def aproximate(a, b, c, d, e, f):
    g = a + b * c - d
    h = e * f
    i = f - a
    j = b + c
    k = g + h
    return g, c, h, i, j, k
[Memory] Error module 'evaluate' has no attribute 'evaluate_graph' evaluating function:
def aproximate(a, b, c, d, e, f):
    g = a * b + c - d
    h = e * f
    i = f - a
    j = b + c
    k = g + h
    return g, c, h, i, j, k
[Memory] Error module 'evaluate' has no attribute 'evaluate_graph' evaluating function:
def aproximate(a, b, c, d, e, f):
    g = a + b * c - d + e
    h = f * a
    i = f - a
    j = b + c
    k = g + h
    return g, c, h, i, j, k
[Memory] Error module 'evaluate' has no attribute 'evaluate_graph' evaluating function:
def aproximate(a, b, c, d, e, f):
    g = a * b + c - d + e
    h = f * a
    i = f - a
    j = b + c
    k = g + h
    return g, c, h, i, j, k
[Memory] Error module 'evaluate' has no attribute 'evaluate_graph' evaluating function:
def aproximate(a, b, c, d, e, f):
    g = a + b @ a
    h = e - a
    i = d + f
    j = np.eye(a.shape[0])
    k = g + h
    return g, c, h, i, j, k
[Memory] Error module 'evaluate' has no attribute 'evaluate_graph' evaluating function:
def aproximate(a, b, c, d, e, f):
    g = a * 0.5
    h = e + g
    i = d - f
    j = np.ones_like(c)
    k = h - g
    return g, c, h, i, j, k
[Memory] Error module 'evaluate' has no attribute 'evaluate_graph' evaluating function:
def aproximate(a, b, c, d, e, f):
    g = a + b * np.sin(a)
    h = e - c * np.cos(d)
    i = d + f * np.log(a + 1)
    j = np.sqrt(b)
    k = g + h
    return g, c, h, i, j, k
[Memory] Error module 'evaluate' has no attribute 'evaluate_graph' evaluating function:
def aproximate(a, b, c, d, e, f):
    g = a + b @ a
    h = e - a
    i = d + f
    j = np.eye(a.shape[0])
    k = g + h
    return g, c, h, i, j, k
[Memory] Error module 'evaluate' has no attribute 'evaluate_graph' evaluating function:
def aproximate(a, b, c, d, e, f):
    g = a * 0.5
    h = e + g
    i = d - f
    j = np.ones_like(c)
    k = h - g
    return g, c, h, i, j, k
[Memory] Error module 'evaluate' has no attribute 'evaluate_graph' evaluating function:
def aproximate(a, b, c, d, e, f):
    g = a + np.sin(b)
    h = e * np.cos(c)
    i = d + np.log(f + 1)
    j = a * b
    k = g - h
    return g, c, h, i, j, k
[Memory] Error module 'evaluate' has no attribute 'evaluate_graph' evaluating function:
def aproximate(a, b, c, d, e, f):
    g = a * b
    h = e + g
    i = d - f
    j = np.zeros_like(c)
    k = h * i
    return g, c, h, i, j, k
[Memory] Error module 'evaluate' has no attribute 'evaluate_graph' evaluating function:
def aproximate(a, b, c, d, e, f):
    g = a + np.exp(b)
    h = e - c
    i = d * f
    j = np.mean(a)
    k = g + h
    return g, c, h, i, j, k
[Memory] Error module 'evaluate' has no attribute 'evaluate_graph' evaluating function:
def aproximate(a, b, c, d, e, f):
    g = a * c
    h = e + d
    i = f - g
    j = np.max(a)
    k = h * i
    return g, c, h, i, j, k
[Memory] Error module 'evaluate' has no attribute 'evaluate_graph' evaluating function:
def aproximate(a, b, c, d, e, f):
    g = a + np.log(b + 1)
    h = e - c
    i = d * f
    j = np.mean(a)
    k = g + h
    return g, c, h, i, j, k
[Memory] Error module 'evaluate' has no attribute 'evaluate_graph' evaluating function:
def aproximate(a, b, c, d, e, f):
    g = a * b
    h = e + c
    i = d - f
    j = np.zeros_like(c)
    k = h * i
    return g, c, h, i, j, k
[Memory] Error module 'evaluate' has no attribute 'evaluate_graph' evaluating function:
def aproximate(a, b, c, d, e, f):
    g = a + np.sin(b)
    h = e * np.cos(c)
    i = d + np.log(f + 1)
    j = a * b
    k = g - h
    return g, c, h, i, j, k
[Memory] Error module 'evaluate' has no attribute 'evaluate_graph' evaluating function:
def aproximate(a, b, c, d, e, f):
    g = a * c
    h = e + d
    i = f - g
    j = np.max(a)
    k = h * i
    return g, c, h, i, j, k
[Memory] Error module 'evaluate' has no attribute 'evaluate_graph' evaluating function:
def aproximate(a, b, c, d, e, f):
    g = a + np.exp(b)
    h = e - c
    i = d * f
    j = np.mean(a)
    k = g + h
    return g, c, h, i, j, k
[Memory] Error module 'evaluate' has no attribute 'evaluate_graph' evaluating function:
def aproximate(a, b, c, d, e, f):
    g = a * b
    h = e + c
    i = d - f
    j = np.zeros_like(c)
    k = h * i
    return g, c, h, i, j, k
[Process 0] after evaluate_graphs
[Process 0] step=0, generation took 113.61s 
[Process 0] best score so far: None, content:
None 
[Process 0] step=1, sampling done
[Process 0] step=1, text tokenized
