MSE: 1.1180493160255696
Detected 1 GPU(s). We will spawn 1 processes.


==== Outer Iteration 0 ====
MSE: 1.1180493160255696
[Process 0] started on GPU 0, running 10 iterations...
[Process 0] step=0, sampling done
[Process 0] step=0, text tokenized
[Process 0] step=0, Generation done
[Process 0] step=0, text decoded
[Process {thread_id}]  in save_batch [Process 0]  total_matches : 349[Process 0] before evaluate_graphs[Memory] Error evaluating function:
    xp = x
[Memory] Error evaluating function:
    xp = F @ x
[Memory] Error evaluating function:
    xp = F @ x
[Memory] Error evaluating function:
    xp = F @ x
[Memory] Error evaluating function:
    xp = F @ x
[Memory] Error evaluating function:
    xp = F @ x
[Memory] Error evaluating function:
    xp = F @ x
[Memory] Error evaluating function:
    xp = F @ x
[Memory] Error evaluating function:
    xp = F @ x
[Memory] Error evaluating function:
    xp = F @ x
[Memory] Error evaluating function:
    xp = x
[Memory] Error evaluating function:
    xp = F @ x
[Memory] Error evaluating function:
    xp = F @ x
[Memory] Error evaluating function:
    xp = F @ x
[Memory] Error evaluating function:
    xp = F @ x
[Memory] Error evaluating function:
    xp = F @ x
[Memory] Error evaluating function:
    xp = F @ x
[Memory] Error evaluating function:
    xp = F @ x
[Memory] Error evaluating function:
    xp = F @ x
[Memory] Error evaluating function:
    xp = F @ x
[Memory] Error evaluating function:
    xp = F @ x
[Memory] Error evaluating function:
    xp = F @ x
[Memory] Error evaluating function:
    xp = x
[Memory] Error evaluating function:
    xp = F @ x
[Memory] Error evaluating function:
    xp = F * x
[Memory] Error evaluating function:
    xp = F @ x
[Memory] Error evaluating function:
    xp = F * x
[Memory] Error evaluating function:
    xp = F @ x
[Memory] Error evaluating function:
    xp = F * x
[Memory] Error evaluating function:
    xp = F @ x
[Memory] Error evaluating function:
    xp = F * x
[Memory] Error evaluating function:
    xp = F @ x
[Memory] Error evaluating function:
    xp = F * x
[Memory] Error evaluating function:
    xp = F @ x
[Memory] Error evaluating function:
    xp = x
[Memory] Error evaluating function:
    xp = F @ x
[Memory] Error evaluating function:
    xp = F @ x
[Memory] Error evaluating function:
    xp = F @ x
[Memory] Error evaluating function:
    xp = F @ x
[Memory] Error evaluating function:
    xp = F @ x
[Memory] Error evaluating function:
    xp = F @ x
[Memory] Error evaluating function:
    xp = F @ x
[Memory] Error evaluating function:
    xp = F @ x
[Memory] Error evaluating function:
    xp = F @ x
[Memory] Error evaluating function:
    xp = F @ x
[Memory] Error evaluating function:
    xp = F @ x
[Memory] Error evaluating function:
    xp = x
[Memory] Error evaluating function:
    xp = F @ x
[Memory] Error evaluating function:
    xp = F @ x
[Memory] Error evaluating function:
    xp = x
[Memory] Error evaluating function:
    xp = F @ x
[Memory] Error evaluating function:
    xp = F @ x
[Memory] Error evaluating function:
    xp = F @ x
[Memory] Error evaluating function:
    xp = F @ x
[Memory] Error evaluating function:
    xp = F @ x
[Memory] Error evaluating function:
    xp = F @ x
[Memory] Error evaluating function:
    xp = F @ x
[Memory] Error evaluating function:
    xp = F @ x
[Memory] Error evaluating function:
    xp = x
[Memory] Error evaluating function:
    xp = F @ x
[Memory] Error evaluating function:
    xp = F @ x
[Memory] Error evaluating function:
    xp = F @ x
[Memory] Error evaluating function:
    xp = F @ x
[Memory] Error evaluating function:
    xp = F @ x
[Memory] Error evaluating function:
    xp = F @ x
[Memory] Error evaluating function:
    xp = F @ x
[Memory] Error evaluating function:
    xp = F @ x
[Memory] Error evaluating function:
    xp = F @ x
[Memory] Error evaluating function:
    xp = F @ x
[Memory] Error evaluating function:
    xp = F @ x
[Memory] Error evaluating function:
    xp = x
[Memory] Error evaluating function:
    xp = F @ x
[Memory] Error evaluating function:
    xp = F @ x
[Memory] Error evaluating function:
    xp = F @ x
[Memory] Error evaluating function:
    xp = F @ x
[Memory] Error evaluating function:
    xp = F @ x
[Memory] Error evaluating function:
    xp = F @ x
[Memory] Error evaluating function:
    xp = F @ x
[Memory] Error evaluating function:
    xp = F @ x
[Memory] Error evaluating function:
    xp = F @ x
[Memory] Error evaluating function:
    xp = F @ x
[Memory] Error evaluating function:
    xp = F @ x
[Memory] Error evaluating function:
    xp = x
[Memory] Error evaluating function:
    xp = F @ x
[Memory] Error evaluating function:
    xp = F @ x
[Memory] Error evaluating function:
    xp = F @ x
[Memory] Error evaluating function:
    xp = F @ x
[Memory] Error evaluating function:
    xp = F @ x
[Memory] Error evaluating function:
    xp = F @ x
[Memory] Error evaluating function:
    xp = F @ x
[Memory] Error evaluating function:
    xp = F @ x
[Memory] Error evaluating function:
    xp = F @ x
[Memory] Error evaluating function:
    xp = F @ x
[Memory] Error evaluating function:
    xp = F @ x
[Memory] Error evaluating function:
    xp = x
[Memory] Error evaluating function:
    xp = F @ x
[Memory] Error evaluating function:
    xp = F @ x
[Memory] Error evaluating function:
    xp = x
[Memory] Error evaluating function:
    xp = F @ x
[Memory] Error evaluating function:
    xp = F @ x
[Memory] Error evaluating function:
    xp = F @ x
[Memory] Error evaluating function:
    xp = F @ x
[Memory] Error evaluating function:
    xp = F @ x
[Memory] Error evaluating function:
    xp = F @ x
[Memory] Error evaluating function:
    xp = F @ x
[Memory] Error evaluating function:
    xp = F @ x
[Memory] Error evaluating function:
    xp = x
[Memory] Error evaluating function:
    xp = F @ x
[Memory] Error evaluating function:
    xp = F @ x + Q
[Memory] Error evaluating function:
    xp = F @ x
[Memory] Error evaluating function:
    xp = F @ x
[Memory] Error evaluating function:
    xp = F @ x
[Memory] Error evaluating function:
    xp = F @ x
[Memory] Error evaluating function:
    xp = F @ x
[Memory] Error evaluating function:
    xp = F @ x
[Memory] Error evaluating function:
    xp = F @ x
[Memory] Error evaluating function:
    xp = F @ x
[Memory] Error evaluating function:
    xp = F @ x
[Memory] Error evaluating function:
    xp = x
[Memory] Error evaluating function:
    xp = F @ x
[Memory] Error evaluating function:
    xp = F @ x
[Memory] Error evaluating function:
    xp = x
[Memory] Error evaluating function:
    xp = F @ x
[Memory] Error evaluating function:
    xp = F @ x
[Memory] Error evaluating function:
    xp = F @ x
[Memory] Error evaluating function:
    xp = F @ x
[Memory] Error evaluating function:
    xp = F @ x
[Memory] Error evaluating function:
    xp = F @ x
[Memory] Error evaluating function:
    xp = F @ x
[Memory] Error evaluating function:
    xp = F @ x
[Memory] Error evaluating function:
    xp = x
[Memory] Error evaluating function:
    xp = F @ x
[Memory] Error evaluating function:
    xp = x + F @ x
[Memory] Error evaluating function:
    xp = F @ x
[Memory] Error evaluating function:
    xp = F @ x
[Memory] Error evaluating function:
    xp = F @ x
[Memory] Error evaluating function:
    xp = F @ x
[Memory] Error evaluating function:
    xp = F @ x
[Memory] Error evaluating function:
    xp = F @ x
[Memory] Error evaluating function:
    xp = F @ x
[Memory] Error evaluating function:
    xp = F @ x
[Memory] Error evaluating function:
    xp = F @ x
[Memory] Error evaluating function:
    xp = x
[Memory] Error evaluating function:
    xp = F @ x
[Memory] Error evaluating function:
    xp = F * x
[Memory] Error evaluating function:
    xp = F @ x
[Memory] Error evaluating function:
    xp = x
[Memory] Error evaluating function:
    xp = F @ x
[Memory] Error evaluating function:
    xp = x
[Memory] Error evaluating function:
    xp = F @ x
[Memory] Error evaluating function:
    xp = F @ x
[Memory] Error evaluating function:
    xp = F * x
[Memory] Error evaluating function:
    xp = F @ x
[Memory] Error evaluating function:
    xp = F @ x
[Memory] Error evaluating function:
    xp = x
[Memory] Error evaluating function:
    xp = F @ x
[Memory] Error evaluating function:
    xp = F @ x
[Memory] Error evaluating function:
    xp = F @ x
[Memory] Error evaluating function:
    xp = F @ x
[Memory] Error evaluating function:
    xp = F @ x
[Memory] Error evaluating function:
    xp = F @ x
[Memory] Error evaluating function:
    xp = F @ x
[Memory] Error evaluating function:
    xp = F @ x
[Memory] Error evaluating function:
    xp = F @ x
[Memory] Error evaluating function:
    xp = F @ x
[Memory] Error evaluating function:
    xp = F @ x
[Memory] Error evaluating function:
    xp = x
[Memory] Error evaluating function:
    xp = F @ x
[Memory] Error evaluating function:
    xp = F @ x
[Memory] Error evaluating function:
    xp = F @ x
[Memory] Error evaluating function:
    xp = F @ x
[Memory] Error evaluating function:
    xp = F @ x
[Memory] Error evaluating function:
    xp = F @ x
[Memory] Error evaluating function:
    xp = F @ x
[Memory] Error evaluating function:
    xp = F @ x
[Memory] Error evaluating function:
    xp = F @ x
[Memory] Error evaluating function:
    xp = F @ x
[Memory] Error evaluating function:
    xp = F @ x
[Memory] Error evaluating function:
    xp = x
[Memory] Error evaluating function:
    xp = F @ x
[Memory] Error evaluating function:
    xp = F @ x
[Memory] Error evaluating function:
    xp = F @ x
[Memory] Error evaluating function:
    xp = F @ x
[Memory] Error evaluating function:
    xp = F @ x
[Memory] Error evaluating function:
    xp = F @ x
[Memory] Error evaluating function:
    xp = F @ x
[Memory] Error evaluating function:
    xp = F @ x
[Memory] Error evaluating function:
    xp = F @ x
[Memory] Error evaluating function:
    xp = F @ x
[Memory] Error evaluating function:
    xp = F @ x
[Memory] Error evaluating function:
    xp = x
[Memory] Error evaluating function:
    xp = F @ x
[Memory] Error evaluating function:
    xp = F @ x
[Memory] Error evaluating function:
    xp = x
[Memory] Error evaluating function:
    xp = F @ x
[Memory] Error evaluating function:
    xp = F @ x
[Memory] Error evaluating function:
    xp = F @ x
[Memory] Error evaluating function:
    xp = F @ x
[Memory] Error evaluating function:
    xp = F @ x
[Memory] Error evaluating function:
    xp = F @ x
[Memory] Error evaluating function:
    xp = F @ x
[Memory] Error evaluating function:
    xp = F @ x
[Memory] Error evaluating function:
    xp = x
[Memory] Error evaluating function:
    xp = F @ x
[Memory] Error evaluating function:
    xp = F @ x
[Memory] Error evaluating function:
    xp = F @ x
[Memory] Error evaluating function:
    xp = F @ x
[Memory] Error evaluating function:
    xp = F @ x
[Memory] Error evaluating function:
    xp = F @ x
[Memory] Error evaluating function:
    xp = F @ x
[Memory] Error evaluating function:
    xp = F @ x
[Memory] Error evaluating function:
    xp = F @ x
[Memory] Error evaluating function:
    xp = F @ x
[Memory] Error evaluating function:
    xp = F @ x
[Memory] Error evaluating function:
    xp = x
[Memory] Error evaluating function:
    xp = F @ x
[Memory] Error evaluating function:
    xp = F @ x
[Memory] Error evaluating function:
    xp = F @ x
[Memory] Error evaluating function:
    xp = F @ x
[Memory] Error evaluating function:
    xp = F @ x
[Memory] Error evaluating function:
    xp = F @ x
[Memory] Error evaluating function:
    xp = F @ x
[Memory] Error evaluating function:
    xp = F @ x
[Memory] Error evaluating function:
    xp = F @ x
[Memory] Error evaluating function:
    xp = F @ x
[Memory] Error evaluating function:
    xp = F @ x
[Memory] Error evaluating function:
    xp = x
[Memory] Error evaluating function:
    xp = F @ x
[Memory] Error evaluating function:
    xp = F @ x
[Memory] Error evaluating function:
    xp = F @ x
[Memory] Error evaluating function:
    xp = F @ x
[Memory] Error evaluating function:
    xp = F @ x
[Memory] Error evaluating function:
    xp = F @ x
[Memory] Error evaluating function:
    xp = F @ x
[Memory] Error evaluating function:
    xp = F @ x
[Memory] Error evaluating function:
    xp = F @ x
[Memory] Error evaluating function:
    xp = F @ x
[Memory] Error evaluating function:
    xp = F @ x
[Memory] Error evaluating function:
    xp = x
[Memory] Error evaluating function:
    xp = F @ x
[Memory] Error evaluating function:
    xp = F @ x
[Memory] Error evaluating function:
    xp = x
[Memory] Error evaluating function:
    xp = F @ x
[Memory] Error evaluating function:
    xp = F @ x
[Memory] Error evaluating function:
    xp = F @ x
[Memory] Error evaluating function:
    xp = F @ x
[Memory] Error evaluating function:
    xp = F @ x
[Memory] Error evaluating function:
    xp = F @ x
[Memory] Error evaluating function:
    xp = F @ x
[Memory] Error evaluating function:
    xp = F @ x
[Memory] Error evaluating function:
    xp = F @ x
[Memory] Error evaluating function:
    xp = F @ x
[Memory] Error evaluating function:
    xp = F @ x
[Memory] Error evaluating function:
    xp = x
[Memory] Error evaluating function:
    xp = F @ x
[Memory] Error evaluating function:
    xp = F * x
[Memory] Error evaluating function:
    xp = F @ x
[Memory] Error evaluating function:
    xp = F @ x
[Memory] Error evaluating function:
    xp = F * x
[Memory] Error evaluating function:
    xp = F @ x
[Memory] Error evaluating function:
    xp = F @ x
[Memory] Error evaluating function:
    xp = F @ x
[Memory] Error evaluating function:
    xp = F @ x
[Memory] Error evaluating function:
    xp = F @ x
[Memory] Error evaluating function:
    xp = F @ x
[Memory] Error evaluating function:
    xp = x
[Memory] Error evaluating function:
    xp = F @ x
[Memory] Error evaluating function:
    xp = F @ x
[Memory] Error evaluating function:
    xp = F @ x
[Memory] Error evaluating function:
    xp = F @ x
[Memory] Error evaluating function:
    xp = F @ x
[Memory] Error evaluating function:
    xp = F @ x
[Memory] Error evaluating function:
    xp = F @ x
[Memory] Error evaluating function:
    xp = F @ x
[Memory] Error evaluating function:
    xp = F @ x
[Memory] Error evaluating function:
    xp = F @ x
[Memory] Error evaluating function:
    xp = F @ x
[Memory] Error evaluating function:
    xp = x
[Memory] Error evaluating function:
    xp = F @ x
[Memory] Error evaluating function:
    xp = F @ x + Q
[Memory] Error evaluating function:
    xp = F @ x
[Memory] Error evaluating function:
    xp = F @ x + Q
[Memory] Error evaluating function:
    xp = F @ x + Q
[Memory] Error evaluating function:
    xp = F @ x + Q
[Memory] Error evaluating function:
    xp = F @ x + Q
[Memory] Error evaluating function:
    xp = F @ x + Q
[Memory] Error evaluating function:
    xp = F @ x + Q
[Memory] Error evaluating function:
    xp = F @ x + Q
[Memory] Error evaluating function:
    xp = F @ x + Q
[Memory] Error evaluating function:
    xp = x
[Memory] Error evaluating function:
    xp = F @ x
[Memory] Error evaluating function:
    xp = F @ x + Q
[Memory] Error evaluating function:
    xp = F @ x
[Memory] Error evaluating function:
    xp = F @ x + Q
[Memory] Error evaluating function:
    xp = F @ x + Q
[Memory] Error evaluating function:
    xp = F @ x
[Memory] Error evaluating function:
    xp = F @ x + Q
[Memory] Error evaluating function:
    xp = F @ x
[Memory] Error evaluating function:
    xp = F @ x + Q
[Memory] Error evaluating function:
    xp = F @ x
[Memory] Error evaluating function:
    xp = F @ x + Q
[Memory] Error evaluating function:
    xp = x
[Memory] Error evaluating function:
    xp = F @ x
[Memory] Error evaluating function:
    xp = F @ x
[Memory] Error evaluating function:
    xp = x
[Memory] Error evaluating function:
    xp = F @ x
[Memory] Error evaluating function:
    xp = F @ x
[Memory] Error evaluating function:
    xp = F @ x
[Memory] Error evaluating function:
    xp = F @ x
[Memory] Error evaluating function:
    xp = F @ x
[Memory] Error evaluating function:
    xp = F @ x
[Memory] Error evaluating function:
    xp = F @ x
[Memory] Error evaluating function:
    xp = F @ x
[Memory] Error evaluating function:
    xp = x
[Memory] Error evaluating function:
    xp = F @ x
[Memory] Error evaluating function:
    xp = F @ x
[Memory] Error evaluating function:
    xp = x
[Memory] Error evaluating function:
    xp = F @ x
[Memory] Error evaluating function:
    xp = F @ x
[Memory] Error evaluating function:
    xp = F @ x
[Memory] Error evaluating function:
    xp = F @ x
[Memory] Error evaluating function:
    xp = F @ x
[Memory] Error evaluating function:
    xp = F @ x
[Memory] Error evaluating function:
    xp = F @ x
[Memory] Error evaluating function:
    xp = F @ x
[Memory] Error evaluating function:
    xp = x
[Memory] Error evaluating function:
    xp = F @ x
[Memory] Error evaluating function:
    xp = F * x
[Memory] Error evaluating function:
    xp = F @ x
[Memory] Error evaluating function:
    xp = x
[Memory] Error evaluating function:
    xp = F * x
[Memory] Error evaluating function:
    xp = F @ x
[Memory] Error evaluating function:
    xp = F * x
[Memory] Error evaluating function:
    xp = F @ x
[Memory] Error evaluating function:
    xp = F * x
[Memory] Error evaluating function:
    xp = F @ x
[Memory] Error evaluating function:
    xp = F * x
[Memory] Error evaluating function:
    xp = x
[Memory] Error evaluating function:
    xp = F @ x
[Memory] Error evaluating function:
    xp = F @ x
[Memory] Error evaluating function:
    xp = F @ x
[Memory] Error evaluating function:
    xp = F @ x
[Memory] Error evaluating function:
    xp = F @ x
[Memory] Error evaluating function:
    xp = F @ x
[Memory] Error evaluating function:
    xp = F @ x
[Memory] Error evaluating function:
    xp = F @ x
[Memory] Error evaluating function:
    xp = F @ x
[Memory] Error evaluating function:
    xp = F @ x
[Memory] Error evaluating function:
    xp = F @ x
[Process 0] after evaluate_graphs[Process 0] step=0, generation took 127.65s 
[Process 0] best score so far: None, content:
None 
[Process 0] step=1, sampling done
[Process 0] step=1, text tokenized
[Process 0] step=1, Generation done
[Process 0] step=1, text decoded
[Process {thread_id}]  in save_batch [Process 0]  total_matches : 356[Process 0] before evaluate_graphs[Memory] Error evaluating function:
    xp = x
[Memory] Error evaluating function:
    xp = F @ x
[Memory] Error evaluating function:
    xp = F @ x
[Memory] Error evaluating function:
    xp = F @ x
[Memory] Error evaluating function:
    xp = F @ x
[Memory] Error evaluating function:
    xp = F @ x
[Memory] Error evaluating function:
    xp = F @ x
[Memory] Error evaluating function:
    xp = F @ x
[Memory] Error evaluating function:
    xp = F @ x
[Memory] Error evaluating function:
    xp = F @ x
[Memory] Error evaluating function:
    xp = F @ x
[Memory] Error evaluating function:
    xp = F @ x
[Memory] Error evaluating function:
    xp = x
[Memory] Error evaluating function:
    xp = F @ x
[Memory] Error evaluating function:
    xp = x + F @ x
[Memory] Error evaluating function:
    xp = F @ x
[Memory] Error evaluating function:
    xp = x + F @ x
[Memory] Error evaluating function:
    xp = F @ x
[Memory] Error evaluating function:
    xp = F @ x
[Memory] Error evaluating function:
    xp = F @ x
[Memory] Error evaluating function:
    xp = F @ x
[Memory] Error evaluating function:
    xp = F @ x
[Memory] Error evaluating function:
    xp = F @ x
[Memory] Error evaluating function:
    xp = F @ x
[Memory] Error evaluating function:
    xp = x
[Memory] Error evaluating function:
    xp = F @ x
[Memory] Error evaluating function:
    xp = x
[Memory] Error evaluating function:
    xp = F @ x
[Memory] Error evaluating function:
    xp = F @ x + Q
[Memory] Error evaluating function:
    xp = F @ x
[Memory] Error evaluating function:
    xp = F @ x + Q
[Memory] Error evaluating function:
    xp = F @ x
[Memory] Error evaluating function:
    xp = F @ x + Q
[Memory] Error evaluating function:
    xp = F @ x
[Memory] Error evaluating function:
    xp = F @ x + Q
[Memory] Error evaluating function:
    xp = F @ x
[Memory] Error evaluating function:
    xp = x
[Memory] Error evaluating function:
    xp = F @ x
[Memory] Error evaluating function:
    xp = F @ x
[Memory] Error evaluating function:
    xp = F @ x
[Memory] Error evaluating function:
    xp = F @ x
[Memory] Error evaluating function:
    xp = F @ x
[Memory] Error evaluating function:
    xp = F @ x
[Memory] Error evaluating function:
    xp = F @ x
[Memory] Error evaluating function:
    xp = F @ x
[Memory] Error evaluating function:
    xp = F @ x
[Memory] Error evaluating function:
    xp = F @ x
[Memory] Error evaluating function:
    xp = F @ x
[Memory] Error evaluating function:
    xp = x
[Memory] Error evaluating function:
    xp = F @ x
[Memory] Error evaluating function:
    xp = F @ x
[Memory] Error evaluating function:
    xp = F @ x
[Memory] Error evaluating function:
    xp = F @ x
[Memory] Error evaluating function:
    xp = F @ x
[Memory] Error evaluating function:
    xp = F @ x
[Memory] Error evaluating function:
    xp = F @ x
[Memory] Error evaluating function:
    xp = F @ x
[Memory] Error evaluating function:
    xp = F @ x
[Memory] Error evaluating function:
    xp = F @ x
[Memory] Error evaluating function:
    xp = F @ x
[Memory] Error evaluating function:
    xp = x
[Memory] Error evaluating function:
    xp = F @ x
[Memory] Error evaluating function:
    xp = F @ x
[Memory] Error evaluating function:
    xp = F @ x
[Memory] Error evaluating function:
    xp = F @ x
[Memory] Error evaluating function:
    xp = F @ x
[Memory] Error evaluating function:
    xp = F @ x
[Memory] Error evaluating function:
    xp = F @ x
[Memory] Error evaluating function:
    xp = F @ x
[Memory] Error evaluating function:
    xp = F @ x
[Memory] Error evaluating function:
    xp = x
[Memory] Error evaluating function:
    xp = F @ x
[Memory] Error evaluating function:
    xp = F @ x
[Memory] Error evaluating function:
    xp = F @ x
[Memory] Error evaluating function:
    xp = F @ x
[Memory] Error evaluating function:
    xp = F @ x
[Memory] Error evaluating function:
    xp = F @ x
[Memory] Error evaluating function:
    xp = F @ x
[Memory] Error evaluating function:
    xp = F @ x
[Memory] Error evaluating function:
    xp = F @ x
[Memory] Error evaluating function:
    xp = F @ x
[Memory] Error evaluating function:
    xp = F @ x
[Memory] Error evaluating function:
    xp = x
[Memory] Error evaluating function:
    xp = F @ x
[Memory] Error evaluating function:
    xp = F @ x
[Memory] Error evaluating function:
    xp = x
[Memory] Error evaluating function:
    xp = F @ x
[Memory] Error evaluating function:
    xp = F @ x
[Memory] Error evaluating function:
    xp = F @ x
[Memory] Error evaluating function:
    xp = F @ x
[Memory] Error evaluating function:
    xp = F @ x
[Memory] Error evaluating function:
    xp = F @ x
[Memory] Error evaluating function:
    xp = x
[Memory] Error evaluating function:
    xp = F @ x
[Memory] Error evaluating function:
    xp = F * x
[Memory] Error evaluating function:
    xp = F @ x
[Memory] Error evaluating function:
    xp = F * x
[Memory] Error evaluating function:
    xp = F @ x
[Memory] Error evaluating function:
    xp = F * x
[Memory] Error evaluating function:
    xp = F @ x
[Memory] Error evaluating function:
    xp = F * x
[Memory] Error evaluating function:
    xp = F @ x
[Memory] Error evaluating function:
    xp = F * x
[Memory] Error evaluating function:
    xp = F @ x
[Memory] Error evaluating function:
    xp = x
[Memory] Error evaluating function:
    xp = F @ x
[Memory] Error evaluating function:
    xp = x + F @ (P @ F.T)
[Memory] Error evaluating function:
    xp = F @ x
[Memory] Error evaluating function:
    xp = x
[Memory] Error evaluating function:
    xp = F @ x
[Memory] Error evaluating function:
    xp = F @ x
[Memory] Error evaluating function:
    xp = F @ x
[Memory] Error evaluating function:
    xp = F @ x
[Memory] Error evaluating function:
    xp = F @ x
[Memory] Error evaluating function:
    xp = F @ x
[Memory] Error evaluating function:
    xp = F @ x
[Memory] Error evaluating function:
    xp = x
[Memory] Error evaluating function:
    xp = F @ x
[Memory] Error evaluating function:
    xp = F.dot(x)
[Memory] Error evaluating function:
    xp = F @ x
[Memory] Error evaluating function:
    xp = F.dot(x)
[Memory] Error evaluating function:
    xp = F @ x
[Memory] Error evaluating function:
    xp = F.dot(x)
[Memory] Error evaluating function:
    xp = F @ x
[Memory] Error evaluating function:
    xp = F.dot(x)
[Memory] Error evaluating function:
    xp = F @ x
[Memory] Error evaluating function:
    xp = F.dot(x)
[Memory] Error evaluating function:
    xp = F @ x
[Memory] Error evaluating function:
    xp = x
[Memory] Error evaluating function:
    xp = F @ x
[Memory] Error evaluating function:
    xp = F @ x + np.sin(x)
[Memory] Error evaluating function:
    xp = F @ x + np.tanh(x)
[Memory] Error evaluating function:
    xp = F @ x + np.sin(x) + np.cos(x)
[Memory] Error evaluating function:
    xp = F @ x + np.exp(x)
[Memory] Error evaluating function:
    xp = F @ x + np.sin(x) + np.tanh(x)
[Memory] Error evaluating function:
    xp = F @ x + np.cos(x)
[Memory] Error evaluating function:
    xp = F @ x + np.tanh(x)
[Memory] Error evaluating function:
    xp = F @ x + np.sin(x)
[Memory] Error evaluating function:
    xp = F @ x + np.exp(x)
[Memory] Error evaluating function:
    xp = F @ x + np.sin(x) + np.exp(x)
[Memory] Error evaluating function:
    xp = x
[Memory] Error evaluating function:
    xp = F @ x
[Memory] Error evaluating function:
    xp = F @ x
[Memory] Error evaluating function:
    xp = F @ x
[Memory] Error evaluating function:
    xp = F @ x
[Memory] Error evaluating function:
    xp = F @ x
[Memory] Error evaluating function:
    xp = F @ x
[Memory] Error evaluating function:
    xp = F @ x
[Memory] Error evaluating function:
    xp = F @ x
[Memory] Error evaluating function:
    xp = F @ x
[Memory] Error evaluating function:
    xp = F @ x
[Memory] Error evaluating function:
    xp = F @ x
[Memory] Error evaluating function:
    xp = x
[Memory] Error evaluating function:
    xp = F @ x
[Memory] Error evaluating function:
    xp = F @ x
[Memory] Error evaluating function:
    xp = F @ x
[Memory] Error evaluating function:
    xp = F @ x
[Memory] Error evaluating function:
    xp = F @ x
[Memory] Error evaluating function:
    xp = F @ x
[Memory] Error evaluating function:
    xp = F @ x
[Memory] Error evaluating function:
    xp = F @ x
[Memory] Error evaluating function:
    xp = F @ x
[Memory] Error evaluating function:
    xp = F @ x
[Memory] Error evaluating function:
    xp = F @ x
[Memory] Error evaluating function:
    xp = x
[Memory] Error evaluating function:
    xp = F @ x
[Memory] Error evaluating function:
    xp = F @ x
[Memory] Error evaluating function:
    xp = F @ x
[Memory] Error evaluating function:
    xp = F @ x
[Memory] Error evaluating function:
    xp = F @ x
[Memory] Error evaluating function:
    xp = F @ x
[Memory] Error evaluating function:
    xp = F @ x
[Memory] Error evaluating function:
    xp = F @ x
[Memory] Error evaluating function:
    xp = F @ x
[Memory] Error evaluating function:
    xp = F @ x
[Memory] Error evaluating function:
    xp = F @ x
[Memory] Error evaluating function:
    xp = x
[Memory] Error evaluating function:
    xp = F @ x
[Memory] Error evaluating function:
    xp = F @ x
[Memory] Error evaluating function:
    xp = F @ x
[Memory] Error evaluating function:
    xp = F @ x
[Memory] Error evaluating function:
    xp = F @ x
[Memory] Error evaluating function:
    xp = F @ x
[Memory] Error evaluating function:
    xp = F @ x
[Memory] Error evaluating function:
    xp = F @ x
[Memory] Error evaluating function:
    xp = F @ x
[Memory] Error evaluating function:
    xp = F @ x
[Memory] Error evaluating function:
    xp = F @ x
[Memory] Error evaluating function:
    xp = x
[Memory] Error evaluating function:
    xp = F @ x
[Memory] Error evaluating function:
    xp = F @ x
[Memory] Error evaluating function:
    xp = F @ x
[Memory] Error evaluating function:
    xp = F @ x
[Memory] Error evaluating function:
    xp = F @ x
[Memory] Error evaluating function:
    xp = F @ x
[Memory] Error evaluating function:
    xp = F @ x
[Memory] Error evaluating function:
    xp = F @ x
[Memory] Error evaluating function:
    xp = F @ x
[Memory] Error evaluating function:
    xp = F @ x
[Memory] Error evaluating function:
    xp = F @ x
[Memory] Error evaluating function:
    xp = x
[Memory] Error evaluating function:
    xp = F @ x
[Memory] Error evaluating function:
    xp = x
[Memory] Error evaluating function:
    xp = F @ x
[Memory] Error evaluating function:
    xp = x * np.exp(-0.1)
[Memory] Error evaluating function:
    xp = np.tanh(F @ x)
[Memory] Error evaluating function:
    xp = (F @ x) ** 2 + x
[Memory] Error evaluating function:
    xp = F @ x
[Memory] Error evaluating function:
    xp = F @ x
[Memory] Error evaluating function:
    xp = F @ x
[Memory] Error evaluating function:
    xp = F @ x
[Memory] Error evaluating function:
    xp = np.maximum(F @ x, 0)
[Memory] Error evaluating function:
    xp = x
[Memory] Error evaluating function:
    xp = F @ x
[Memory] Error evaluating function:
    xp = F @ x
[Memory] Error evaluating function:
    xp = F @ x
[Memory] Error evaluating function:
    xp = F @ x
[Memory] Error evaluating function:
    xp = F @ x
[Memory] Error evaluating function:
    xp = F @ x
[Memory] Error evaluating function:
    xp = F @ x
[Memory] Error evaluating function:
    xp = F @ x
[Memory] Error evaluating function:
    xp = F @ x
[Memory] Error evaluating function:
    xp = F @ x
[Memory] Error evaluating function:
    xp = F @ x
[Memory] Error evaluating function:
    xp = x
[Memory] Error evaluating function:
    xp = F @ x
[Memory] Error evaluating function:
    xp = F @ x
[Memory] Error evaluating function:
    xp = F @ x
[Memory] Error evaluating function:
    xp = F @ x
[Memory] Error evaluating function:
    xp = F @ x
[Memory] Error evaluating function:
    xp = F @ x
[Memory] Error evaluating function:
    xp = F @ x
[Memory] Error evaluating function:
    xp = F @ x
[Memory] Error evaluating function:
    xp = F @ x
[Memory] Error evaluating function:
    xp = F @ x
[Memory] Error evaluating function:
    xp = F @ x
[Memory] Error evaluating function:
    xp = x
[Memory] Error evaluating function:
    xp = F @ x
[Memory] Error evaluating function:
    xp = F @ x
[Memory] Error evaluating function:
    xp = F @ x
[Memory] Error evaluating function:
    xp = F @ x
[Memory] Error evaluating function:
    xp = F @ x
[Memory] Error evaluating function:
    xp = F @ x
[Memory] Error evaluating function:
    xp = F @ x
[Memory] Error evaluating function:
    xp = F @ x
[Memory] Error evaluating function:
    xp = F @ x
[Memory] Error evaluating function:
    xp = F @ x
[Memory] Error evaluating function:
    xp = F @ x
[Memory] Error evaluating function:
    xp = x
[Memory] Error evaluating function:
    xp = F @ x
[Memory] Error evaluating function:
    xp = F @ x
[Memory] Error evaluating function:
    xp = x
[Memory] Error evaluating function:
    xp = F @ x
[Memory] Error evaluating function:
    xp = F @ x
[Memory] Error evaluating function:
    xp = F @ x
[Memory] Error evaluating function:
    xp = F @ x
[Memory] Error evaluating function:
    xp = F @ x
[Memory] Error evaluating function:
    xp = F @ x
[Memory] Error evaluating function:
    xp = F @ x
[Memory] Error evaluating function:
    xp = F @ x
[Memory] Error evaluating function:
    xp = x
[Memory] Error evaluating function:
    xp = F @ x
[Memory] Error evaluating function:
    xp = x + F @ x
[Memory] Error evaluating function:
    xp = F.T @ x
[Memory] Error evaluating function:
    xp = F @ x
[Memory] Error evaluating function:
    xp = x
[Memory] Error evaluating function:
    xp = F @ x
[Memory] Error evaluating function:
    xp = F @ x
[Memory] Error evaluating function:
    xp = F @ x
[Memory] Error evaluating function:
    xp = F @ x
[Memory] Error evaluating function:
    xp = F @ x
[Memory] Error evaluating function:
    xp = F @ x
[Memory] Error evaluating function:
    xp = x
[Memory] Error evaluating function:
    xp = F @ x
[Memory] Error evaluating function:
    xp = F @ x
[Memory] Error evaluating function:
    xp = F @ x
[Memory] Error evaluating function:
    xp = F @ x
[Memory] Error evaluating function:
    xp = F @ x
[Memory] Error evaluating function:
    xp = F @ x
[Memory] Error evaluating function:
    xp = F @ x
[Memory] Error evaluating function:
    xp = F @ x
[Memory] Error evaluating function:
    xp = F @ x
[Memory] Error evaluating function:
    xp = F @ x
[Memory] Error evaluating function:
    xp = F @ x
[Memory] Error evaluating function:
    xp = x
[Memory] Error evaluating function:
    xp = F @ x
[Memory] Error evaluating function:
    xp = F.dot(x)
[Memory] Error evaluating function:
    xp = F @ x
[Memory] Error evaluating function:
    xp = F @ x
[Memory] Error evaluating function:
    xp = F @ x
[Memory] Error evaluating function:
    xp = F @ x
[Memory] Error evaluating function:
    xp = F @ x
[Memory] Error evaluating function:
    xp = F @ x
[Memory] Error evaluating function:
    xp = F @ x
[Memory] Error evaluating function:
    xp = F @ x
[Memory] Error evaluating function:
    xp = F @ x
[Memory] Error evaluating function:
    xp = x
[Memory] Error evaluating function:
    xp = F @ x
[Memory] Error evaluating function:
    xp = F @ x
[Memory] Error evaluating function:
    xp = F @ x
[Memory] Error evaluating function:
    xp = F @ x
[Memory] Error evaluating function:
    xp = F @ x
[Memory] Error evaluating function:
    xp = F @ x
[Memory] Error evaluating function:
    xp = F @ x
[Memory] Error evaluating function:
    xp = F @ x
[Memory] Error evaluating function:
    xp = F @ x
[Memory] Error evaluating function:
    xp = F @ x
[Memory] Error evaluating function:
    xp = F @ x
[Memory] Error evaluating function:
    xp = x
[Memory] Error evaluating function:
    xp = F @ x
[Memory] Error evaluating function:
    xp = F @ x
[Memory] Error evaluating function:
    xp = F @ x
[Memory] Error evaluating function:
    xp = F @ x
[Memory] Error evaluating function:
    xp = F @ x
[Memory] Error evaluating function:
    xp = F @ x
[Memory] Error evaluating function:
    xp = F @ x
[Memory] Error evaluating function:
    xp = F @ x
[Memory] Error evaluating function:
    xp = F @ x
[Memory] Error evaluating function:
    xp = F @ x
[Memory] Error evaluating function:
    xp = F @ x
[Memory] Error evaluating function:
    xp = x
[Memory] Error evaluating function:
    xp = F @ x
[Memory] Error evaluating function:
    xp = F * x
[Memory] Error evaluating function:
    xp = F @ x
[Memory] Error evaluating function:
    xp = F * x
[Memory] Error evaluating function:
    xp = F @ x
[Memory] Error evaluating function:
    xp = F * x
[Memory] Error evaluating function:
    xp = F @ x
[Memory] Error evaluating function:
    xp = F * x
[Memory] Error evaluating function:
    xp = F @ x
[Memory] Error evaluating function:
    xp = F * x
[Memory] Error evaluating function:
    xp = F @ x
[Memory] Error evaluating function:
    xp = x
[Memory] Error evaluating function:
    xp = F @ x
[Memory] Error evaluating function:
    xp = F @ x
[Memory] Error evaluating function:
    xp = F @ x
[Memory] Error evaluating function:
    xp = F @ x
[Memory] Error evaluating function:
    xp = F @ x
[Memory] Error evaluating function:
    xp = F @ x
[Memory] Error evaluating function:
    xp = F @ x
[Memory] Error evaluating function:
    xp = F @ x
[Memory] Error evaluating function:
    xp = F @ x
[Memory] Error evaluating function:
    xp = F @ x
[Memory] Error evaluating function:
    xp = F @ x
[Memory] Error evaluating function:
    xp = x
[Memory] Error evaluating function:
    xp = F @ x
[Memory] Error evaluating function:
    xp = x
[Memory] Error evaluating function:
    xp = F @ x
[Memory] Error evaluating function:
    xp = F @ x
[Memory] Error evaluating function:
    xp = F @ x
[Memory] Error evaluating function:
    xp = F @ x
[Memory] Error evaluating function:
    xp = F @ x
[Memory] Error evaluating function:
    xp = F @ x
[Memory] Error evaluating function:
    xp = F @ x
[Memory] Error evaluating function:
    xp = F @ x
[Memory] Error evaluating function:
    xp = F @ x
[Process 0] after evaluate_graphs[Process 0] step=1, generation took 144.34s 
[Process 0] best score so far: None, content:
None 
[Process 0] step=2, sampling done
[Process 0] step=2, text tokenized
[Process 0] step=2, Generation done
[Process 0] step=2, text decoded
[Process {thread_id}]  in save_batch [Process 0]  total_matches : 340[Process 0] before evaluate_graphs[Memory] Error evaluating function:
    xp = x
[Memory] Error evaluating function:
    xp = F @ x
[Memory] Error evaluating function:
    xp = F @ x
[Memory] Error evaluating function:
    xp = x
[Memory] Error evaluating function:
    xp = F @ x
[Memory] Error evaluating function:
    xp = F @ x
[Memory] Error evaluating function:
    xp = F @ x
[Memory] Error evaluating function:
    xp = F @ x
[Memory] Error evaluating function:
    xp = F @ x
[Memory] Error evaluating function:
    xp = F @ x
[Memory] Error evaluating function:
    xp = F @ x
[Memory] Error evaluating function:
    xp = F @ x
[Memory] Error evaluating function:
    xp = x
[Memory] Error evaluating function:
    xp = F @ x
[Memory] Error evaluating function:
    xp = F @ x
[Memory] Error evaluating function:
    xp = F @ x
[Memory] Error evaluating function:
    xp = F @ x
[Memory] Error evaluating function:
    xp = F @ x
[Memory] Error evaluating function:
    xp = F @ x
[Memory] Error evaluating function:
    xp = F @ x
[Memory] Error evaluating function:
    xp = F @ x
[Memory] Error evaluating function:
    xp = F @ x
[Memory] Error evaluating function:
    xp = F @ x
[Memory] Error evaluating function:
    xp = F @ x
[Memory] Error evaluating function:
    xp = x
[Memory] Error evaluating function:
    xp = F @ x
[Memory] Error evaluating function:
    xp = F @ x
[Memory] Error evaluating function:
    xp = F @ x
[Memory] Error evaluating function:
    xp = F @ x
[Memory] Error evaluating function:
    xp = F @ x
[Memory] Error evaluating function:
    xp = F @ x
[Memory] Error evaluating function:
    xp = F @ x
[Memory] Error evaluating function:
    xp = F @ x
[Memory] Error evaluating function:
    xp = F @ x
[Memory] Error evaluating function:
    xp = F @ x
[Memory] Error evaluating function:
    xp = F @ x
[Memory] Error evaluating function:
    xp = x
[Memory] Error evaluating function:
    xp = F @ x
[Memory] Error evaluating function:
    xp = F @ x
[Memory] Error evaluating function:
    xp = F @ x
[Memory] Error evaluating function:
    xp = F @ x
[Memory] Error evaluating function:
    xp = F @ x
[Memory] Error evaluating function:
    xp = F @ x
[Memory] Error evaluating function:
    xp = F @ x
[Memory] Error evaluating function:
    xp = F @ x
[Memory] Error evaluating function:
    xp = F @ x
[Memory] Error evaluating function:
    xp = F @ x
[Memory] Error evaluating function:
    xp = F @ x
[Memory] Error evaluating function:
    xp = x
[Memory] Error evaluating function:
    xp = F @ x
[Memory] Error evaluating function:
    xp = F * x
[Memory] Error evaluating function:
    xp = F @ x
[Memory] Error evaluating function:
    xp = F * x
[Memory] Error evaluating function:
    xp = F @ x
[Memory] Error evaluating function:
    xp = F * x
[Memory] Error evaluating function:
    xp = F @ x
[Memory] Error evaluating function:
    xp = F * x
[Memory] Error evaluating function:
    xp = F @ x
[Memory] Error evaluating function:
    xp = F * x
[Memory] Error evaluating function:
    xp = F @ x
[Memory] Error evaluating function:
    xp = x
[Memory] Error evaluating function:
    xp = F @ x
[Memory] Error evaluating function:
    xp = F @ x
[Memory] Error evaluating function:
    xp = F @ x
[Memory] Error evaluating function:
    xp = F @ x
[Memory] Error evaluating function:
    xp = F @ x
[Memory] Error evaluating function:
    xp = F @ x
[Memory] Error evaluating function:
    xp = F @ x
[Memory] Error evaluating function:
    xp = F @ x
[Memory] Error evaluating function:
    xp = F @ x
[Memory] Error evaluating function:
    xp = F @ x
[Memory] Error evaluating function:
    xp = F @ x
[Memory] Error evaluating function:
    xp = x
[Memory] Error evaluating function:
    xp = F @ x
[Memory] Error evaluating function:
    xp = F @ x
[Memory] Error evaluating function:
    xp = F @ x
[Memory] Error evaluating function:
    xp = F @ x
[Memory] Error evaluating function:
    xp = F @ x
[Memory] Error evaluating function:
    xp = F @ x
[Memory] Error evaluating function:
    xp = F @ x
[Memory] Error evaluating function:
    xp = F @ x
[Memory] Error evaluating function:
    xp = F @ x
[Memory] Error evaluating function:
    xp = F @ x
[Memory] Error evaluating function:
    xp = F @ x
[Memory] Error evaluating function:
    xp = x
[Memory] Error evaluating function:
    xp = F @ x
[Memory] Error evaluating function:
    xp = F @ x
[Memory] Error evaluating function:
    xp = F @ x
[Memory] Error evaluating function:
    xp = F @ x
[Memory] Error evaluating function:
    xp = F @ x
[Memory] Error evaluating function:
    xp = F @ x
[Memory] Error evaluating function:
    xp = F @ x
[Memory] Error evaluating function:
    xp = F @ x
[Memory] Error evaluating function:
    xp = F @ x
[Memory] Error evaluating function:
    xp = F @ x
[Memory] Error evaluating function:
    xp = F @ x
[Memory] Error evaluating function:
    xp = x
[Memory] Error evaluating function:
    xp = F @ x
[Memory] Error evaluating function:
    xp = F @ x
[Memory] Error evaluating function:
    xp = x
[Memory] Error evaluating function:
    xp = F @ x
[Memory] Error evaluating function:
    xp = F @ x
[Memory] Error evaluating function:
    xp = F @ x
[Memory] Error evaluating function:
    xp = F @ x
[Memory] Error evaluating function:
    xp = F @ x
[Memory] Error evaluating function:
    xp = F @ x
[Memory] Error evaluating function:
    xp = F @ x
[Memory] Error evaluating function:
    xp = F @ x
[Memory] Error evaluating function:
    xp = x
[Memory] Error evaluating function:
    xp = F @ x
[Memory] Error evaluating function:
    xp = F @ x
[Memory] Error evaluating function:
    xp = x
[Memory] Error evaluating function:
    xp = F @ x
[Memory] Error evaluating function:
    xp = F @ x
[Memory] Error evaluating function:
    xp = F @ x
[Memory] Error evaluating function:
    xp = F @ x
[Memory] Error evaluating function:
    xp = F @ x
[Memory] Error evaluating function:
    xp = F @ x
[Memory] Error evaluating function:
    xp = F @ x
[Memory] Error evaluating function:
    xp = F @ x
[Memory] Error evaluating function:
    xp = F @ x
[Memory] Error evaluating function:
    xp = F @ x
[Memory] Error evaluating function:
    xp = F @ x
[Memory] Error evaluating function:
    xp = x
[Memory] Error evaluating function:
    xp = F @ x
[Memory] Error evaluating function:
    xp = F * x
[Memory] Error evaluating function:
    xp = F @ x
[Memory] Error evaluating function:
    xp = F @ x
[Memory] Error evaluating function:
    xp = F * x
[Memory] Error evaluating function:
    xp = F @ x
[Memory] Error evaluating function:
    xp = F * x
[Memory] Error evaluating function:
    xp = F @ x
[Memory] Error evaluating function:
    xp = F * x
[Memory] Error evaluating function:
    xp = F @ x
[Memory] Error evaluating function:
    xp = F * x
[Memory] Error evaluating function:
    xp = x
[Memory] Error evaluating function:
    xp = F @ x
[Memory] Error evaluating function:
    xp = F @ x
[Memory] Error evaluating function:
    xp = F @ x
[Memory] Error evaluating function:
    xp = F @ x
[Memory] Error evaluating function:
    xp = F @ x
[Memory] Error evaluating function:
    xp = F @ x
[Memory] Error evaluating function:
    xp = F @ x
[Memory] Error evaluating function:
    xp = F @ x
[Memory] Error evaluating function:
    xp = F @ x
[Memory] Error evaluating function:
    xp = F @ x
[Memory] Error evaluating function:
    xp = F @ x
[Memory] Error evaluating function:
    xp = x
[Memory] Error evaluating function:
    xp = F @ x
[Memory] Error evaluating function:
    xp = x + F @ x
[Memory] Error evaluating function:
    xp = F @ x
[Memory] Error evaluating function:
    xp = F @ x
[Memory] Error evaluating function:
    xp = x + F @ x
[Memory] Error evaluating function:
    xp = F @ x
[Memory] Error evaluating function:
    xp = x + F @ x
[Memory] Error evaluating function:
    xp = F @ x
[Memory] Error evaluating function:
    xp = F @ x
[Memory] Error evaluating function:
    xp = x + F @ x
[Memory] Error evaluating function:
    xp = F @ x
[Memory] Error evaluating function:
    xp = x
[Memory] Error evaluating function:
    xp = F @ x
[Memory] Error evaluating function:
    xp = F @ x
[Memory] Error evaluating function:
    xp = x
[Memory] Error evaluating function:
    xp = F @ x
[Memory] Error evaluating function:
    xp = F @ x
[Memory] Error evaluating function:
    xp = F @ x
[Memory] Error evaluating function:
    xp = F @ x
[Memory] Error evaluating function:
    xp = F @ x
[Memory] Error evaluating function:
    xp = F @ x
[Memory] Error evaluating function:
    xp = F @ x
[Memory] Error evaluating function:
    xp = F @ x
[Memory] Error evaluating function:
    xp = x
[Memory] Error evaluating function:
    xp = F @ x
[Memory] Error evaluating function:
    xp = F @ x
[Memory] Error evaluating function:
    xp = F @ x
[Memory] Error evaluating function:
    xp = F @ x
[Memory] Error evaluating function:
    xp = F @ x
[Memory] Error evaluating function:
    xp = F @ x
[Memory] Error evaluating function:
    xp = F @ x
[Memory] Error evaluating function:
    xp = F @ x
[Memory] Error evaluating function:
    xp = F @ x
[Memory] Error evaluating function:
    xp = F @ x
[Memory] Error evaluating function:
    xp = F @ x
[Memory] Error evaluating function:
    xp = x
[Memory] Error evaluating function:
    xp = F @ x
[Memory] Error evaluating function:
    xp = F @ x
[Memory] Error evaluating function:
    xp = F @ x
[Memory] Error evaluating function:
    xp = F @ x
[Memory] Error evaluating function:
    xp = F @ x
[Memory] Error evaluating function:
    xp = F @ x
[Memory] Error evaluating function:
    xp = F @ x
[Memory] Error evaluating function:
    xp = F @ x
[Memory] Error evaluating function:
    xp = F @ x
[Memory] Error evaluating function:
    xp = F @ x
[Memory] Error evaluating function:
    xp = F @ x
[Memory] Error evaluating function:
    xp = x
[Memory] Error evaluating function:
    xp = F @ x
[Memory] Error evaluating function:
    xp = F @ x
[Memory] Error evaluating function:
    xp = F @ x
[Memory] Error evaluating function:
    xp = F @ x
[Memory] Error evaluating function:
    xp = F @ x
[Memory] Error evaluating function:
    xp = F @ x
[Memory] Error evaluating function:
    xp = F @ x
[Memory] Error evaluating function:
    xp = F @ x
[Memory] Error evaluating function:
    xp = F @ x
[Memory] Error evaluating function:
    xp = F @ x
[Memory] Error evaluating function:
    xp = F @ x
[Memory] Error evaluating function:
    xp = x
[Memory] Error evaluating function:
    xp = F @ x
[Memory] Error evaluating function:
    xp = F @ x
[Memory] Error evaluating function:
    xp = F @ x
[Memory] Error evaluating function:
    xp = F @ x
[Memory] Error evaluating function:
    xp = F @ x
[Memory] Error evaluating function:
    xp = F @ x
[Memory] Error evaluating function:
    xp = F @ x
[Memory] Error evaluating function:
    xp = F @ x
[Memory] Error evaluating function:
    xp = F @ x
[Memory] Error evaluating function:
    xp = x
[Memory] Error evaluating function:
    xp = F @ x
[Memory] Error evaluating function:
    xp = F @ x
[Memory] Error evaluating function:
    xp = x
[Memory] Error evaluating function:
    xp = F @ x
[Memory] Error evaluating function:
    xp = x
[Memory] Error evaluating function:
    xp = F @ x
[Memory] Error evaluating function:
    xp = x
[Memory] Error evaluating function:
    xp = F @ x
[Memory] Error evaluating function:
    xp = x
[Memory] Error evaluating function:
    xp = F @ x
[Memory] Error evaluating function:
    xp = x
[Memory] Error evaluating function:
    xp = x
[Memory] Error evaluating function:
    xp = F @ x
[Memory] Error evaluating function:
    xp = F * x
[Memory] Error evaluating function:
    xp = F @ x
[Memory] Error evaluating function:
    xp = F * x
[Memory] Error evaluating function:
    xp = F @ x
[Memory] Error evaluating function:
    xp = F * x
[Memory] Error evaluating function:
    xp = F @ x
[Memory] Error evaluating function:
    xp = F * x
[Memory] Error evaluating function:
    xp = F @ x
[Memory] Error evaluating function:
    xp = F * x
[Memory] Error evaluating function:
    xp = F @ x
[Memory] Error evaluating function:
    xp = x
[Memory] Error evaluating function:
    xp = F @ x
[Memory] Error evaluating function:
    xp = F * x
[Memory] Error evaluating function:
    xp = F @ x
[Memory] Error evaluating function:
    xp = F @ x
[Memory] Error evaluating function:
    xp = F @ x
[Memory] Error evaluating function:
    xp = F @ x
[Memory] Error evaluating function:
    xp = F @ x
[Memory] Error evaluating function:
    xp = F @ x
[Memory] Error evaluating function:
    xp = F @ x
[Memory] Error evaluating function:
    xp = F @ x
[Memory] Error evaluating function:
    xp = F @ x
[Memory] Error evaluating function:
    xp = x
[Memory] Error evaluating function:
    xp = F @ x
[Memory] Error evaluating function:
    xp = F @ x
[Memory] Error evaluating function:
    xp = x
[Memory] Error evaluating function:
    xp = F @ x
[Memory] Error evaluating function:
    xp = F @ x
[Memory] Error evaluating function:
    xp = F @ x
[Memory] Error evaluating function:
    xp = F @ x
[Memory] Error evaluating function:
    xp = F @ x
[Memory] Error evaluating function:
    xp = F @ x
[Memory] Error evaluating function:
    xp = F @ x
[Memory] Error evaluating function:
    xp = F @ x
[Memory] Error evaluating function:
    xp = F @ x
[Memory] Error evaluating function:
    xp = F @ x
[Memory] Error evaluating function:
    xp = F @ x
[Memory] Error evaluating function:
    xp = x
[Memory] Error evaluating function:
    xp = F @ x
[Memory] Error evaluating function:
    xp = F @ x
[Memory] Error evaluating function:
    xp = F @ x
[Memory] Error evaluating function:
    xp = F @ x
[Memory] Error evaluating function:
    xp = F @ x
[Memory] Error evaluating function:
    xp = F @ x
[Memory] Error evaluating function:
    xp = F @ x
[Memory] Error evaluating function:
    xp = F @ x
[Memory] Error evaluating function:
    xp = F @ x
[Memory] Error evaluating function:
    xp = F @ x
[Memory] Error evaluating function:
    xp = F @ x
[Memory] Error evaluating function:
    xp = x
[Memory] Error evaluating function:
    xp = F @ x
[Memory] Error evaluating function:
    xp = F @ x
[Memory] Error evaluating function:
    xp = F @ x
[Memory] Error evaluating function:
    xp = F @ x
[Memory] Error evaluating function:
    xp = F @ x
[Memory] Error evaluating function:
    xp = F @ x
[Memory] Error evaluating function:
    xp = F @ x
[Memory] Error evaluating function:
    xp = F @ x
[Memory] Error evaluating function:
    xp = F @ x
[Memory] Error evaluating function:
    xp = F @ x
[Memory] Error evaluating function:
    xp = F @ x
[Memory] Error evaluating function:
    xp = x
[Memory] Error evaluating function:
    xp = F @ x
[Memory] Error evaluating function:
    xp = F * x
[Memory] Error evaluating function:
    xp = F @ x
[Memory] Error evaluating function:
    xp = F * x
[Memory] Error evaluating function:
    xp = F @ x
[Memory] Error evaluating function:
    xp = F * x
[Memory] Error evaluating function:
    xp = F @ x
[Memory] Error evaluating function:
    xp = F * x
[Memory] Error evaluating function:
    xp = F @ x
[Memory] Error evaluating function:
    xp = F * x
[Memory] Error evaluating function:
    xp = F @ x
[Memory] Error evaluating function:
    xp = x
[Memory] Error evaluating function:
    xp = F @ x
[Memory] Error evaluating function:
    xp = F @ x
[Memory] Error evaluating function:
    xp = x
[Memory] Error evaluating function:
    xp = F @ x
[Memory] Error evaluating function:
    xp = F @ x
[Memory] Error evaluating function:
    xp = F @ x
[Memory] Error evaluating function:
    xp = F @ x
[Memory] Error evaluating function:
    xp = F @ x
[Memory] Error evaluating function:
    xp = F @ x
[Memory] Error evaluating function:
    xp = F @ x
[Memory] Error evaluating function:
    xp = F @ x
[Memory] Error evaluating function:
    xp = x
[Memory] Error evaluating function:
    xp = F @ x
[Memory] Error evaluating function:
    xp = x
[Memory] Error evaluating function:
    xp = F @ x
[Memory] Error evaluating function:
    xp = x
[Memory] Error evaluating function:
    xp = F @ x
[Memory] Error evaluating function:
    xp = x
[Memory] Error evaluating function:
    xp = F @ x
[Memory] Error evaluating function:
    xp = x
[Memory] Error evaluating function:
    xp = F @ x
[Memory] Error evaluating function:
    xp = x
[Memory] Error evaluating function:
    xp = F @ x
[Memory] Error evaluating function:
    xp = x
[Memory] Error evaluating function:
    xp = F @ x
[Memory] Error evaluating function:
    xp = F @ x
[Memory] Error evaluating function:
    xp = F @ x
[Memory] Error evaluating function:
    xp = F @ x
[Memory] Error evaluating function:
    xp = F @ x
[Memory] Error evaluating function:
    xp = F @ x
[Memory] Error evaluating function:
    xp = F @ x
[Memory] Error evaluating function:
    xp = F @ x
[Memory] Error evaluating function:
    xp = F @ x
[Memory] Error evaluating function:
    xp = F @ x
[Memory] Error evaluating function:
    xp = F @ x
[Process 0] after evaluate_graphs[Process 0] step=2, generation took 154.87s 
[Process 0] best score so far: None, content:
None 
[Process 0] step=3, sampling done
[Process 0] step=3, text tokenized
