/n/home10/vsaketos/.conda/envs/env2/lib/python3.9/site-packages/transformers/models/auto/auto_factory.py:471: FutureWarning: The `use_auth_token` argument is deprecated and will be removed in v5 of Transformers. Please use `token` instead.
  warnings.warn(
`low_cpu_mem_usage` was None, now default to True since model is quantized.
Sliding Window Attention is enabled but not implemented for `sdpa`; unexpected results may be encountered.
Loading checkpoint shards:   0%|          | 0/4 [00:00<?, ?it/s]Loading checkpoint shards:  25%|██▌       | 1/4 [00:04<00:13,  4.41s/it]Loading checkpoint shards:  50%|█████     | 2/4 [00:08<00:08,  4.33s/it]Loading checkpoint shards:  75%|███████▌  | 3/4 [00:13<00:04,  4.33s/it]Loading checkpoint shards: 100%|██████████| 4/4 [00:14<00:00,  3.36s/it]Loading checkpoint shards: 100%|██████████| 4/4 [00:14<00:00,  3.72s/it]
Setting `pad_token_id` to `eos_token_id`:151643 for open-end generation.
huggingface/tokenizers: The current process just got forked, after parallelism has already been used. Disabling parallelism to avoid deadlocks...
To disable this warning, you can either:
	- Avoid using `tokenizers` before the fork if possible
	- Explicitly set the environment variable TOKENIZERS_PARALLELISM=(true | false)
huggingface/tokenizers: The current process just got forked, after parallelism has already been used. Disabling parallelism to avoid deadlocks...
To disable this warning, you can either:
	- Avoid using `tokenizers` before the fork if possible
	- Explicitly set the environment variable TOKENIZERS_PARALLELISM=(true | false)
huggingface/tokenizers: The current process just got forked, after parallelism has already been used. Disabling parallelism to avoid deadlocks...
To disable this warning, you can either:
	- Avoid using `tokenizers` before the fork if possible
	- Explicitly set the environment variable TOKENIZERS_PARALLELISM=(true | false)
huggingface/tokenizers: The current process just got forked, after parallelism has already been used. Disabling parallelism to avoid deadlocks...
To disable this warning, you can either:
	- Avoid using `tokenizers` before the fork if possible
	- Explicitly set the environment variable TOKENIZERS_PARALLELISM=(true | false)
huggingface/tokenizers: The current process just got forked, after parallelism has already been used. Disabling parallelism to avoid deadlocks...
To disable this warning, you can either:
	- Avoid using `tokenizers` before the fork if possible
	- Explicitly set the environment variable TOKENIZERS_PARALLELISM=(true | false)
huggingface/tokenizers: The current process just got forked, after parallelism has already been used. Disabling parallelism to avoid deadlocks...
To disable this warning, you can either:
	- Avoid using `tokenizers` before the fork if possible
	- Explicitly set the environment variable TOKENIZERS_PARALLELISM=(true | false)
huggingface/tokenizers: The current process just got forked, after parallelism has already been used. Disabling parallelism to avoid deadlocks...
To disable this warning, you can either:
	- Avoid using `tokenizers` before the fork if possible
	- Explicitly set the environment variable TOKENIZERS_PARALLELISM=(true | false)
huggingface/tokenizers: The current process just got forked, after parallelism has already been used. Disabling parallelism to avoid deadlocks...
To disable this warning, you can either:
	- Avoid using `tokenizers` before the fork if possible
	- Explicitly set the environment variable TOKENIZERS_PARALLELISM=(true | false)
huggingface/tokenizers: The current process just got forked, after parallelism has already been used. Disabling parallelism to avoid deadlocks...
To disable this warning, you can either:
	- Avoid using `tokenizers` before the fork if possible
	- Explicitly set the environment variable TOKENIZERS_PARALLELISM=(true | false)
huggingface/tokenizers: The current process just got forked, after parallelism has already been used. Disabling parallelism to avoid deadlocks...
To disable this warning, you can either:
	- Avoid using `tokenizers` before the fork if possible
	- Explicitly set the environment variable TOKENIZERS_PARALLELISM=(true | false)
huggingface/tokenizers: The current process just got forked, after parallelism has already been used. Disabling parallelism to avoid deadlocks...
To disable this warning, you can either:
	- Avoid using `tokenizers` before the fork if possible
	- Explicitly set the environment variable TOKENIZERS_PARALLELISM=(true | false)
huggingface/tokenizers: The current process just got forked, after parallelism has already been used. Disabling parallelism to avoid deadlocks...
To disable this warning, you can either:
	- Avoid using `tokenizers` before the fork if possible
	- Explicitly set the environment variable TOKENIZERS_PARALLELISM=(true | false)
huggingface/tokenizers: The current process just got forked, after parallelism has already been used. Disabling parallelism to avoid deadlocks...
To disable this warning, you can either:
	- Avoid using `tokenizers` before the fork if possible
	- Explicitly set the environment variable TOKENIZERS_PARALLELISM=(true | false)
huggingface/tokenizers: The current process just got forked, after parallelism has already been used. Disabling parallelism to avoid deadlocks...
To disable this warning, you can either:
	- Avoid using `tokenizers` before the fork if possible
	- Explicitly set the environment variable TOKENIZERS_PARALLELISM=(true | false)
huggingface/tokenizers: The current process just got forked, after parallelism has already been used. Disabling parallelism to avoid deadlocks...
To disable this warning, you can either:
	- Avoid using `tokenizers` before the fork if possible
	- Explicitly set the environment variable TOKENIZERS_PARALLELISM=(true | false)
huggingface/tokenizers: The current process just got forked, after parallelism has already been used. Disabling parallelism to avoid deadlocks...
To disable this warning, you can either:
	- Avoid using `tokenizers` before the fork if possible
	- Explicitly set the environment variable TOKENIZERS_PARALLELISM=(true | false)
huggingface/tokenizers: The current process just got forked, after parallelism has already been used. Disabling parallelism to avoid deadlocks...
To disable this warning, you can either:
	- Avoid using `tokenizers` before the fork if possible
	- Explicitly set the environment variable TOKENIZERS_PARALLELISM=(true | false)
huggingface/tokenizers: The current process just got forked, after parallelism has already been used. Disabling parallelism to avoid deadlocks...
To disable this warning, you can either:
	- Avoid using `tokenizers` before the fork if possible
	- Explicitly set the environment variable TOKENIZERS_PARALLELISM=(true | false)
huggingface/tokenizers: The current process just got forked, after parallelism has already been used. Disabling parallelism to avoid deadlocks...
To disable this warning, you can either:
	- Avoid using `tokenizers` before the fork if possible
	- Explicitly set the environment variable TOKENIZERS_PARALLELISM=(true | false)
huggingface/tokenizers: The current process just got forked, after parallelism has already been used. Disabling parallelism to avoid deadlocks...
To disable this warning, you can either:
	- Avoid using `tokenizers` before the fork if possible
	- Explicitly set the environment variable TOKENIZERS_PARALLELISM=(true | false)
huggingface/tokenizers: The current process just got forked, after parallelism has already been used. Disabling parallelism to avoid deadlocks...
To disable this warning, you can either:
	- Avoid using `tokenizers` before the fork if possible
	- Explicitly set the environment variable TOKENIZERS_PARALLELISM=(true | false)
huggingface/tokenizers: The current process just got forked, after parallelism has already been used. Disabling parallelism to avoid deadlocks...
To disable this warning, you can either:
	- Avoid using `tokenizers` before the fork if possible
	- Explicitly set the environment variable TOKENIZERS_PARALLELISM=(true | false)
huggingface/tokenizers: The current process just got forked, after parallelism has already been used. Disabling parallelism to avoid deadlocks...
To disable this warning, you can either:
	- Avoid using `tokenizers` before the fork if possible
	- Explicitly set the environment variable TOKENIZERS_PARALLELISM=(true | false)
huggingface/tokenizers: The current process just got forked, after parallelism has already been used. Disabling parallelism to avoid deadlocks...
To disable this warning, you can either:
	- Avoid using `tokenizers` before the fork if possible
	- Explicitly set the environment variable TOKENIZERS_PARALLELISM=(true | false)
huggingface/tokenizers: The current process just got forked, after parallelism has already been used. Disabling parallelism to avoid deadlocks...
To disable this warning, you can either:
	- Avoid using `tokenizers` before the fork if possible
	- Explicitly set the environment variable TOKENIZERS_PARALLELISM=(true | false)
huggingface/tokenizers: The current process just got forked, after parallelism has already been used. Disabling parallelism to avoid deadlocks...
To disable this warning, you can either:
	- Avoid using `tokenizers` before the fork if possible
	- Explicitly set the environment variable TOKENIZERS_PARALLELISM=(true | false)
huggingface/tokenizers: The current process just got forked, after parallelism has already been used. Disabling parallelism to avoid deadlocks...
To disable this warning, you can either:
	- Avoid using `tokenizers` before the fork if possible
	- Explicitly set the environment variable TOKENIZERS_PARALLELISM=(true | false)
huggingface/tokenizers: The current process just got forked, after parallelism has already been used. Disabling parallelism to avoid deadlocks...
To disable this warning, you can either:
	- Avoid using `tokenizers` before the fork if possible
	- Explicitly set the environment variable TOKENIZERS_PARALLELISM=(true | false)
huggingface/tokenizers: The current process just got forked, after parallelism has already been used. Disabling parallelism to avoid deadlocks...
To disable this warning, you can either:
	- Avoid using `tokenizers` before the fork if possible
	- Explicitly set the environment variable TOKENIZERS_PARALLELISM=(true | false)
huggingface/tokenizers: The current process just got forked, after parallelism has already been used. Disabling parallelism to avoid deadlocks...
To disable this warning, you can either:
	- Avoid using `tokenizers` before the fork if possible
	- Explicitly set the environment variable TOKENIZERS_PARALLELISM=(true | false)
Traceback (most recent call last):
  File "/n/home10/vsaketos/wavegp/fullkalmanfilterapproximation/memory.py", line 277, in save_batch
    score = evaluate.evaluate_graph(func)
TypeError: evaluate_graph() missing 1 required positional argument: 'traj'
Traceback (most recent call last):
  File "/n/home10/vsaketos/wavegp/fullkalmanfilterapproximation/memory.py", line 277, in save_batch
    score = evaluate.evaluate_graph(func)
TypeError: evaluate_graph() missing 1 required positional argument: 'traj'
Traceback (most recent call last):
  File "/n/home10/vsaketos/wavegp/fullkalmanfilterapproximation/memory.py", line 277, in save_batch
    score = evaluate.evaluate_graph(func)
TypeError: evaluate_graph() missing 1 required positional argument: 'traj'
Traceback (most recent call last):
  File "/n/home10/vsaketos/wavegp/fullkalmanfilterapproximation/memory.py", line 277, in save_batch
    score = evaluate.evaluate_graph(func)
TypeError: evaluate_graph() missing 1 required positional argument: 'traj'
Traceback (most recent call last):
  File "/n/home10/vsaketos/wavegp/fullkalmanfilterapproximation/memory.py", line 277, in save_batch
    score = evaluate.evaluate_graph(func)
TypeError: evaluate_graph() missing 1 required positional argument: 'traj'
Traceback (most recent call last):
  File "/n/home10/vsaketos/wavegp/fullkalmanfilterapproximation/memory.py", line 277, in save_batch
    score = evaluate.evaluate_graph(func)
TypeError: evaluate_graph() missing 1 required positional argument: 'traj'
Traceback (most recent call last):
  File "/n/home10/vsaketos/wavegp/fullkalmanfilterapproximation/memory.py", line 277, in save_batch
    score = evaluate.evaluate_graph(func)
TypeError: evaluate_graph() missing 1 required positional argument: 'traj'
Traceback (most recent call last):
  File "/n/home10/vsaketos/wavegp/fullkalmanfilterapproximation/memory.py", line 277, in save_batch
    score = evaluate.evaluate_graph(func)
TypeError: evaluate_graph() missing 1 required positional argument: 'traj'
Traceback (most recent call last):
  File "/n/home10/vsaketos/wavegp/fullkalmanfilterapproximation/memory.py", line 277, in save_batch
    score = evaluate.evaluate_graph(func)
TypeError: evaluate_graph() missing 1 required positional argument: 'traj'
Traceback (most recent call last):
  File "/n/home10/vsaketos/wavegp/fullkalmanfilterapproximation/memory.py", line 277, in save_batch
    score = evaluate.evaluate_graph(func)
TypeError: evaluate_graph() missing 1 required positional argument: 'traj'
Traceback (most recent call last):
  File "/n/home10/vsaketos/wavegp/fullkalmanfilterapproximation/memory.py", line 277, in save_batch
    score = evaluate.evaluate_graph(func)
TypeError: evaluate_graph() missing 1 required positional argument: 'traj'
Traceback (most recent call last):
  File "/n/home10/vsaketos/wavegp/fullkalmanfilterapproximation/memory.py", line 277, in save_batch
    score = evaluate.evaluate_graph(func)
TypeError: evaluate_graph() missing 1 required positional argument: 'traj'
Traceback (most recent call last):
  File "/n/home10/vsaketos/wavegp/fullkalmanfilterapproximation/memory.py", line 277, in save_batch
    score = evaluate.evaluate_graph(func)
TypeError: evaluate_graph() missing 1 required positional argument: 'traj'
Traceback (most recent call last):
  File "/n/home10/vsaketos/wavegp/fullkalmanfilterapproximation/memory.py", line 277, in save_batch
    score = evaluate.evaluate_graph(func)
TypeError: evaluate_graph() missing 1 required positional argument: 'traj'
Traceback (most recent call last):
  File "/n/home10/vsaketos/wavegp/fullkalmanfilterapproximation/memory.py", line 277, in save_batch
    score = evaluate.evaluate_graph(func)
TypeError: evaluate_graph() missing 1 required positional argument: 'traj'
Traceback (most recent call last):
  File "/n/home10/vsaketos/wavegp/fullkalmanfilterapproximation/memory.py", line 277, in save_batch
    score = evaluate.evaluate_graph(func)
TypeError: evaluate_graph() missing 1 required positional argument: 'traj'
Traceback (most recent call last):
  File "/n/home10/vsaketos/wavegp/fullkalmanfilterapproximation/memory.py", line 277, in save_batch
    score = evaluate.evaluate_graph(func)
TypeError: evaluate_graph() missing 1 required positional argument: 'traj'
Traceback (most recent call last):
  File "/n/home10/vsaketos/wavegp/fullkalmanfilterapproximation/memory.py", line 277, in save_batch
    score = evaluate.evaluate_graph(func)
TypeError: evaluate_graph() missing 1 required positional argument: 'traj'
Traceback (most recent call last):
  File "/n/home10/vsaketos/wavegp/fullkalmanfilterapproximation/memory.py", line 277, in save_batch
    score = evaluate.evaluate_graph(func)
TypeError: evaluate_graph() missing 1 required positional argument: 'traj'
Traceback (most recent call last):
  File "/n/home10/vsaketos/wavegp/fullkalmanfilterapproximation/memory.py", line 277, in save_batch
    score = evaluate.evaluate_graph(func)
TypeError: evaluate_graph() missing 1 required positional argument: 'traj'
Traceback (most recent call last):
  File "/n/home10/vsaketos/wavegp/fullkalmanfilterapproximation/memory.py", line 277, in save_batch
    score = evaluate.evaluate_graph(func)
TypeError: evaluate_graph() missing 1 required positional argument: 'traj'
Traceback (most recent call last):
  File "/n/home10/vsaketos/wavegp/fullkalmanfilterapproximation/memory.py", line 277, in save_batch
    score = evaluate.evaluate_graph(func)
TypeError: evaluate_graph() missing 1 required positional argument: 'traj'
Traceback (most recent call last):
  File "/n/home10/vsaketos/wavegp/fullkalmanfilterapproximation/memory.py", line 277, in save_batch
    score = evaluate.evaluate_graph(func)
TypeError: evaluate_graph() missing 1 required positional argument: 'traj'
Traceback (most recent call last):
  File "/n/home10/vsaketos/wavegp/fullkalmanfilterapproximation/memory.py", line 277, in save_batch
    score = evaluate.evaluate_graph(func)
TypeError: evaluate_graph() missing 1 required positional argument: 'traj'
Traceback (most recent call last):
  File "/n/home10/vsaketos/wavegp/fullkalmanfilterapproximation/memory.py", line 277, in save_batch
    score = evaluate.evaluate_graph(func)
TypeError: evaluate_graph() missing 1 required positional argument: 'traj'
Traceback (most recent call last):
  File "/n/home10/vsaketos/wavegp/fullkalmanfilterapproximation/memory.py", line 277, in save_batch
    score = evaluate.evaluate_graph(func)
TypeError: evaluate_graph() missing 1 required positional argument: 'traj'
Traceback (most recent call last):
  File "/n/home10/vsaketos/wavegp/fullkalmanfilterapproximation/memory.py", line 277, in save_batch
    score = evaluate.evaluate_graph(func)
TypeError: evaluate_graph() missing 1 required positional argument: 'traj'
Traceback (most recent call last):
  File "/n/home10/vsaketos/wavegp/fullkalmanfilterapproximation/memory.py", line 277, in save_batch
    score = evaluate.evaluate_graph(func)
TypeError: evaluate_graph() missing 1 required positional argument: 'traj'
Traceback (most recent call last):
  File "/n/home10/vsaketos/wavegp/fullkalmanfilterapproximation/memory.py", line 277, in save_batch
    score = evaluate.evaluate_graph(func)
TypeError: evaluate_graph() missing 1 required positional argument: 'traj'
Traceback (most recent call last):
  File "/n/home10/vsaketos/wavegp/fullkalmanfilterapproximation/memory.py", line 277, in save_batch
    score = evaluate.evaluate_graph(func)
TypeError: evaluate_graph() missing 1 required positional argument: 'traj'
Setting `pad_token_id` to `eos_token_id`:151643 for open-end generation.
huggingface/tokenizers: The current process just got forked, after parallelism has already been used. Disabling parallelism to avoid deadlocks...
To disable this warning, you can either:
	- Avoid using `tokenizers` before the fork if possible
	- Explicitly set the environment variable TOKENIZERS_PARALLELISM=(true | false)
huggingface/tokenizers: The current process just got forked, after parallelism has already been used. Disabling parallelism to avoid deadlocks...
To disable this warning, you can either:
	- Avoid using `tokenizers` before the fork if possible
	- Explicitly set the environment variable TOKENIZERS_PARALLELISM=(true | false)
huggingface/tokenizers: The current process just got forked, after parallelism has already been used. Disabling parallelism to avoid deadlocks...
To disable this warning, you can either:
	- Avoid using `tokenizers` before the fork if possible
	- Explicitly set the environment variable TOKENIZERS_PARALLELISM=(true | false)
huggingface/tokenizers: The current process just got forked, after parallelism has already been used. Disabling parallelism to avoid deadlocks...
To disable this warning, you can either:
	- Avoid using `tokenizers` before the fork if possible
	- Explicitly set the environment variable TOKENIZERS_PARALLELISM=(true | false)
huggingface/tokenizers: The current process just got forked, after parallelism has already been used. Disabling parallelism to avoid deadlocks...
To disable this warning, you can either:
	- Avoid using `tokenizers` before the fork if possible
	- Explicitly set the environment variable TOKENIZERS_PARALLELISM=(true | false)
huggingface/tokenizers: The current process just got forked, after parallelism has already been used. Disabling parallelism to avoid deadlocks...
To disable this warning, you can either:
	- Avoid using `tokenizers` before the fork if possible
	- Explicitly set the environment variable TOKENIZERS_PARALLELISM=(true | false)
huggingface/tokenizers: The current process just got forked, after parallelism has already been used. Disabling parallelism to avoid deadlocks...
To disable this warning, you can either:
	- Avoid using `tokenizers` before the fork if possible
	- Explicitly set the environment variable TOKENIZERS_PARALLELISM=(true | false)
huggingface/tokenizers: The current process just got forked, after parallelism has already been used. Disabling parallelism to avoid deadlocks...
To disable this warning, you can either:
	- Avoid using `tokenizers` before the fork if possible
	- Explicitly set the environment variable TOKENIZERS_PARALLELISM=(true | false)
huggingface/tokenizers: The current process just got forked, after parallelism has already been used. Disabling parallelism to avoid deadlocks...
To disable this warning, you can either:
	- Avoid using `tokenizers` before the fork if possible
	- Explicitly set the environment variable TOKENIZERS_PARALLELISM=(true | false)
huggingface/tokenizers: The current process just got forked, after parallelism has already been used. Disabling parallelism to avoid deadlocks...
To disable this warning, you can either:
	- Avoid using `tokenizers` before the fork if possible
	- Explicitly set the environment variable TOKENIZERS_PARALLELISM=(true | false)
huggingface/tokenizers: The current process just got forked, after parallelism has already been used. Disabling parallelism to avoid deadlocks...
To disable this warning, you can either:
	- Avoid using `tokenizers` before the fork if possible
	- Explicitly set the environment variable TOKENIZERS_PARALLELISM=(true | false)
huggingface/tokenizers: The current process just got forked, after parallelism has already been used. Disabling parallelism to avoid deadlocks...
To disable this warning, you can either:
	- Avoid using `tokenizers` before the fork if possible
	- Explicitly set the environment variable TOKENIZERS_PARALLELISM=(true | false)
huggingface/tokenizers: The current process just got forked, after parallelism has already been used. Disabling parallelism to avoid deadlocks...
To disable this warning, you can either:
	- Avoid using `tokenizers` before the fork if possible
	- Explicitly set the environment variable TOKENIZERS_PARALLELISM=(true | false)
huggingface/tokenizers: The current process just got forked, after parallelism has already been used. Disabling parallelism to avoid deadlocks...
To disable this warning, you can either:
	- Avoid using `tokenizers` before the fork if possible
	- Explicitly set the environment variable TOKENIZERS_PARALLELISM=(true | false)
huggingface/tokenizers: The current process just got forked, after parallelism has already been used. Disabling parallelism to avoid deadlocks...
To disable this warning, you can either:
	- Avoid using `tokenizers` before the fork if possible
	- Explicitly set the environment variable TOKENIZERS_PARALLELISM=(true | false)
huggingface/tokenizers: The current process just got forked, after parallelism has already been used. Disabling parallelism to avoid deadlocks...
To disable this warning, you can either:
	- Avoid using `tokenizers` before the fork if possible
	- Explicitly set the environment variable TOKENIZERS_PARALLELISM=(true | false)
huggingface/tokenizers: The current process just got forked, after parallelism has already been used. Disabling parallelism to avoid deadlocks...
To disable this warning, you can either:
	- Avoid using `tokenizers` before the fork if possible
	- Explicitly set the environment variable TOKENIZERS_PARALLELISM=(true | false)
huggingface/tokenizers: The current process just got forked, after parallelism has already been used. Disabling parallelism to avoid deadlocks...
To disable this warning, you can either:
	- Avoid using `tokenizers` before the fork if possible
	- Explicitly set the environment variable TOKENIZERS_PARALLELISM=(true | false)
huggingface/tokenizers: The current process just got forked, after parallelism has already been used. Disabling parallelism to avoid deadlocks...
To disable this warning, you can either:
	- Avoid using `tokenizers` before the fork if possible
	- Explicitly set the environment variable TOKENIZERS_PARALLELISM=(true | false)
huggingface/tokenizers: The current process just got forked, after parallelism has already been used. Disabling parallelism to avoid deadlocks...
To disable this warning, you can either:
	- Avoid using `tokenizers` before the fork if possible
	- Explicitly set the environment variable TOKENIZERS_PARALLELISM=(true | false)
huggingface/tokenizers: The current process just got forked, after parallelism has already been used. Disabling parallelism to avoid deadlocks...
To disable this warning, you can either:
	- Avoid using `tokenizers` before the fork if possible
	- Explicitly set the environment variable TOKENIZERS_PARALLELISM=(true | false)
huggingface/tokenizers: The current process just got forked, after parallelism has already been used. Disabling parallelism to avoid deadlocks...
To disable this warning, you can either:
	- Avoid using `tokenizers` before the fork if possible
	- Explicitly set the environment variable TOKENIZERS_PARALLELISM=(true | false)
huggingface/tokenizers: The current process just got forked, after parallelism has already been used. Disabling parallelism to avoid deadlocks...
To disable this warning, you can either:
	- Avoid using `tokenizers` before the fork if possible
	- Explicitly set the environment variable TOKENIZERS_PARALLELISM=(true | false)
huggingface/tokenizers: The current process just got forked, after parallelism has already been used. Disabling parallelism to avoid deadlocks...
To disable this warning, you can either:
	- Avoid using `tokenizers` before the fork if possible
	- Explicitly set the environment variable TOKENIZERS_PARALLELISM=(true | false)
huggingface/tokenizers: The current process just got forked, after parallelism has already been used. Disabling parallelism to avoid deadlocks...
To disable this warning, you can either:
	- Avoid using `tokenizers` before the fork if possible
	- Explicitly set the environment variable TOKENIZERS_PARALLELISM=(true | false)
huggingface/tokenizers: The current process just got forked, after parallelism has already been used. Disabling parallelism to avoid deadlocks...
To disable this warning, you can either:
	- Avoid using `tokenizers` before the fork if possible
	- Explicitly set the environment variable TOKENIZERS_PARALLELISM=(true | false)
huggingface/tokenizers: The current process just got forked, after parallelism has already been used. Disabling parallelism to avoid deadlocks...
To disable this warning, you can either:
	- Avoid using `tokenizers` before the fork if possible
	- Explicitly set the environment variable TOKENIZERS_PARALLELISM=(true | false)
huggingface/tokenizers: The current process just got forked, after parallelism has already been used. Disabling parallelism to avoid deadlocks...
To disable this warning, you can either:
	- Avoid using `tokenizers` before the fork if possible
	- Explicitly set the environment variable TOKENIZERS_PARALLELISM=(true | false)
huggingface/tokenizers: The current process just got forked, after parallelism has already been used. Disabling parallelism to avoid deadlocks...
To disable this warning, you can either:
	- Avoid using `tokenizers` before the fork if possible
	- Explicitly set the environment variable TOKENIZERS_PARALLELISM=(true | false)
huggingface/tokenizers: The current process just got forked, after parallelism has already been used. Disabling parallelism to avoid deadlocks...
To disable this warning, you can either:
	- Avoid using `tokenizers` before the fork if possible
	- Explicitly set the environment variable TOKENIZERS_PARALLELISM=(true | false)
Traceback (most recent call last):
  File "/n/home10/vsaketos/wavegp/fullkalmanfilterapproximation/memory.py", line 277, in save_batch
    score = evaluate.evaluate_graph(func)
TypeError: evaluate_graph() missing 1 required positional argument: 'traj'
Traceback (most recent call last):
  File "/n/home10/vsaketos/wavegp/fullkalmanfilterapproximation/memory.py", line 277, in save_batch
    score = evaluate.evaluate_graph(func)
TypeError: evaluate_graph() missing 1 required positional argument: 'traj'
Traceback (most recent call last):
  File "/n/home10/vsaketos/wavegp/fullkalmanfilterapproximation/memory.py", line 277, in save_batch
    score = evaluate.evaluate_graph(func)
TypeError: evaluate_graph() missing 1 required positional argument: 'traj'
Traceback (most recent call last):
  File "/n/home10/vsaketos/wavegp/fullkalmanfilterapproximation/memory.py", line 277, in save_batch
    score = evaluate.evaluate_graph(func)
TypeError: evaluate_graph() missing 1 required positional argument: 'traj'
Traceback (most recent call last):
  File "/n/home10/vsaketos/wavegp/fullkalmanfilterapproximation/memory.py", line 277, in save_batch
    score = evaluate.evaluate_graph(func)
TypeError: evaluate_graph() missing 1 required positional argument: 'traj'
Traceback (most recent call last):
  File "/n/home10/vsaketos/wavegp/fullkalmanfilterapproximation/memory.py", line 277, in save_batch
    score = evaluate.evaluate_graph(func)
TypeError: evaluate_graph() missing 1 required positional argument: 'traj'
Traceback (most recent call last):
  File "/n/home10/vsaketos/wavegp/fullkalmanfilterapproximation/memory.py", line 277, in save_batch
    score = evaluate.evaluate_graph(func)
TypeError: evaluate_graph() missing 1 required positional argument: 'traj'
Traceback (most recent call last):
  File "/n/home10/vsaketos/wavegp/fullkalmanfilterapproximation/memory.py", line 277, in save_batch
    score = evaluate.evaluate_graph(func)
TypeError: evaluate_graph() missing 1 required positional argument: 'traj'
Traceback (most recent call last):
  File "/n/home10/vsaketos/wavegp/fullkalmanfilterapproximation/memory.py", line 277, in save_batch
    score = evaluate.evaluate_graph(func)
TypeError: evaluate_graph() missing 1 required positional argument: 'traj'
Traceback (most recent call last):
  File "/n/home10/vsaketos/wavegp/fullkalmanfilterapproximation/memory.py", line 277, in save_batch
    score = evaluate.evaluate_graph(func)
TypeError: evaluate_graph() missing 1 required positional argument: 'traj'
Traceback (most recent call last):
  File "/n/home10/vsaketos/wavegp/fullkalmanfilterapproximation/memory.py", line 277, in save_batch
    score = evaluate.evaluate_graph(func)
TypeError: evaluate_graph() missing 1 required positional argument: 'traj'
Traceback (most recent call last):
  File "/n/home10/vsaketos/wavegp/fullkalmanfilterapproximation/memory.py", line 277, in save_batch
    score = evaluate.evaluate_graph(func)
TypeError: evaluate_graph() missing 1 required positional argument: 'traj'
Traceback (most recent call last):
  File "/n/home10/vsaketos/wavegp/fullkalmanfilterapproximation/memory.py", line 277, in save_batch
    score = evaluate.evaluate_graph(func)
TypeError: evaluate_graph() missing 1 required positional argument: 'traj'
Traceback (most recent call last):
  File "/n/home10/vsaketos/wavegp/fullkalmanfilterapproximation/memory.py", line 277, in save_batch
    score = evaluate.evaluate_graph(func)
TypeError: evaluate_graph() missing 1 required positional argument: 'traj'
Traceback (most recent call last):
  File "/n/home10/vsaketos/wavegp/fullkalmanfilterapproximation/memory.py", line 277, in save_batch
    score = evaluate.evaluate_graph(func)
TypeError: evaluate_graph() missing 1 required positional argument: 'traj'
Traceback (most recent call last):
  File "/n/home10/vsaketos/wavegp/fullkalmanfilterapproximation/memory.py", line 277, in save_batch
    score = evaluate.evaluate_graph(func)
TypeError: evaluate_graph() missing 1 required positional argument: 'traj'
Traceback (most recent call last):
  File "/n/home10/vsaketos/wavegp/fullkalmanfilterapproximation/memory.py", line 277, in save_batch
    score = evaluate.evaluate_graph(func)
TypeError: evaluate_graph() missing 1 required positional argument: 'traj'
Traceback (most recent call last):
  File "/n/home10/vsaketos/wavegp/fullkalmanfilterapproximation/memory.py", line 277, in save_batch
    score = evaluate.evaluate_graph(func)
TypeError: evaluate_graph() missing 1 required positional argument: 'traj'
Traceback (most recent call last):
  File "/n/home10/vsaketos/wavegp/fullkalmanfilterapproximation/memory.py", line 277, in save_batch
    score = evaluate.evaluate_graph(func)
TypeError: evaluate_graph() missing 1 required positional argument: 'traj'
Traceback (most recent call last):
  File "/n/home10/vsaketos/wavegp/fullkalmanfilterapproximation/memory.py", line 277, in save_batch
    score = evaluate.evaluate_graph(func)
TypeError: evaluate_graph() missing 1 required positional argument: 'traj'
Traceback (most recent call last):
  File "/n/home10/vsaketos/wavegp/fullkalmanfilterapproximation/memory.py", line 277, in save_batch
    score = evaluate.evaluate_graph(func)
TypeError: evaluate_graph() missing 1 required positional argument: 'traj'
Traceback (most recent call last):
  File "/n/home10/vsaketos/wavegp/fullkalmanfilterapproximation/memory.py", line 277, in save_batch
    score = evaluate.evaluate_graph(func)
TypeError: evaluate_graph() missing 1 required positional argument: 'traj'
Traceback (most recent call last):
  File "/n/home10/vsaketos/wavegp/fullkalmanfilterapproximation/memory.py", line 277, in save_batch
    score = evaluate.evaluate_graph(func)
TypeError: evaluate_graph() missing 1 required positional argument: 'traj'
Traceback (most recent call last):
  File "/n/home10/vsaketos/wavegp/fullkalmanfilterapproximation/memory.py", line 277, in save_batch
    score = evaluate.evaluate_graph(func)
TypeError: evaluate_graph() missing 1 required positional argument: 'traj'
Traceback (most recent call last):
  File "/n/home10/vsaketos/wavegp/fullkalmanfilterapproximation/memory.py", line 277, in save_batch
    score = evaluate.evaluate_graph(func)
TypeError: evaluate_graph() missing 1 required positional argument: 'traj'
Traceback (most recent call last):
  File "/n/home10/vsaketos/wavegp/fullkalmanfilterapproximation/memory.py", line 277, in save_batch
    score = evaluate.evaluate_graph(func)
TypeError: evaluate_graph() missing 1 required positional argument: 'traj'
Traceback (most recent call last):
  File "/n/home10/vsaketos/wavegp/fullkalmanfilterapproximation/memory.py", line 277, in save_batch
    score = evaluate.evaluate_graph(func)
TypeError: evaluate_graph() missing 1 required positional argument: 'traj'
Traceback (most recent call last):
  File "/n/home10/vsaketos/wavegp/fullkalmanfilterapproximation/memory.py", line 277, in save_batch
    score = evaluate.evaluate_graph(func)
TypeError: evaluate_graph() missing 1 required positional argument: 'traj'
Traceback (most recent call last):
  File "/n/home10/vsaketos/wavegp/fullkalmanfilterapproximation/memory.py", line 277, in save_batch
    score = evaluate.evaluate_graph(func)
TypeError: evaluate_graph() missing 1 required positional argument: 'traj'
Traceback (most recent call last):
  File "/n/home10/vsaketos/wavegp/fullkalmanfilterapproximation/memory.py", line 277, in save_batch
    score = evaluate.evaluate_graph(func)
TypeError: evaluate_graph() missing 1 required positional argument: 'traj'
Setting `pad_token_id` to `eos_token_id`:151643 for open-end generation.
huggingface/tokenizers: The current process just got forked, after parallelism has already been used. Disabling parallelism to avoid deadlocks...
To disable this warning, you can either:
	- Avoid using `tokenizers` before the fork if possible
	- Explicitly set the environment variable TOKENIZERS_PARALLELISM=(true | false)
huggingface/tokenizers: The current process just got forked, after parallelism has already been used. Disabling parallelism to avoid deadlocks...
To disable this warning, you can either:
	- Avoid using `tokenizers` before the fork if possible
	- Explicitly set the environment variable TOKENIZERS_PARALLELISM=(true | false)
huggingface/tokenizers: The current process just got forked, after parallelism has already been used. Disabling parallelism to avoid deadlocks...
To disable this warning, you can either:
	- Avoid using `tokenizers` before the fork if possible
	- Explicitly set the environment variable TOKENIZERS_PARALLELISM=(true | false)
huggingface/tokenizers: The current process just got forked, after parallelism has already been used. Disabling parallelism to avoid deadlocks...
To disable this warning, you can either:
	- Avoid using `tokenizers` before the fork if possible
	- Explicitly set the environment variable TOKENIZERS_PARALLELISM=(true | false)
huggingface/tokenizers: The current process just got forked, after parallelism has already been used. Disabling parallelism to avoid deadlocks...
To disable this warning, you can either:
	- Avoid using `tokenizers` before the fork if possible
	- Explicitly set the environment variable TOKENIZERS_PARALLELISM=(true | false)
huggingface/tokenizers: The current process just got forked, after parallelism has already been used. Disabling parallelism to avoid deadlocks...
To disable this warning, you can either:
	- Avoid using `tokenizers` before the fork if possible
	- Explicitly set the environment variable TOKENIZERS_PARALLELISM=(true | false)
huggingface/tokenizers: The current process just got forked, after parallelism has already been used. Disabling parallelism to avoid deadlocks...
To disable this warning, you can either:
	- Avoid using `tokenizers` before the fork if possible
	- Explicitly set the environment variable TOKENIZERS_PARALLELISM=(true | false)
huggingface/tokenizers: The current process just got forked, after parallelism has already been used. Disabling parallelism to avoid deadlocks...
To disable this warning, you can either:
	- Avoid using `tokenizers` before the fork if possible
	- Explicitly set the environment variable TOKENIZERS_PARALLELISM=(true | false)
huggingface/tokenizers: The current process just got forked, after parallelism has already been used. Disabling parallelism to avoid deadlocks...
To disable this warning, you can either:
	- Avoid using `tokenizers` before the fork if possible
	- Explicitly set the environment variable TOKENIZERS_PARALLELISM=(true | false)
huggingface/tokenizers: The current process just got forked, after parallelism has already been used. Disabling parallelism to avoid deadlocks...
To disable this warning, you can either:
	- Avoid using `tokenizers` before the fork if possible
	- Explicitly set the environment variable TOKENIZERS_PARALLELISM=(true | false)
huggingface/tokenizers: The current process just got forked, after parallelism has already been used. Disabling parallelism to avoid deadlocks...
To disable this warning, you can either:
	- Avoid using `tokenizers` before the fork if possible
	- Explicitly set the environment variable TOKENIZERS_PARALLELISM=(true | false)
huggingface/tokenizers: The current process just got forked, after parallelism has already been used. Disabling parallelism to avoid deadlocks...
To disable this warning, you can either:
	- Avoid using `tokenizers` before the fork if possible
	- Explicitly set the environment variable TOKENIZERS_PARALLELISM=(true | false)
huggingface/tokenizers: The current process just got forked, after parallelism has already been used. Disabling parallelism to avoid deadlocks...
To disable this warning, you can either:
	- Avoid using `tokenizers` before the fork if possible
	- Explicitly set the environment variable TOKENIZERS_PARALLELISM=(true | false)
huggingface/tokenizers: The current process just got forked, after parallelism has already been used. Disabling parallelism to avoid deadlocks...
To disable this warning, you can either:
	- Avoid using `tokenizers` before the fork if possible
	- Explicitly set the environment variable TOKENIZERS_PARALLELISM=(true | false)
huggingface/tokenizers: The current process just got forked, after parallelism has already been used. Disabling parallelism to avoid deadlocks...
To disable this warning, you can either:
	- Avoid using `tokenizers` before the fork if possible
	- Explicitly set the environment variable TOKENIZERS_PARALLELISM=(true | false)
huggingface/tokenizers: The current process just got forked, after parallelism has already been used. Disabling parallelism to avoid deadlocks...
To disable this warning, you can either:
	- Avoid using `tokenizers` before the fork if possible
	- Explicitly set the environment variable TOKENIZERS_PARALLELISM=(true | false)
huggingface/tokenizers: The current process just got forked, after parallelism has already been used. Disabling parallelism to avoid deadlocks...
To disable this warning, you can either:
	- Avoid using `tokenizers` before the fork if possible
	- Explicitly set the environment variable TOKENIZERS_PARALLELISM=(true | false)
huggingface/tokenizers: The current process just got forked, after parallelism has already been used. Disabling parallelism to avoid deadlocks...
To disable this warning, you can either:
	- Avoid using `tokenizers` before the fork if possible
	- Explicitly set the environment variable TOKENIZERS_PARALLELISM=(true | false)
huggingface/tokenizers: The current process just got forked, after parallelism has already been used. Disabling parallelism to avoid deadlocks...
To disable this warning, you can either:
	- Avoid using `tokenizers` before the fork if possible
	- Explicitly set the environment variable TOKENIZERS_PARALLELISM=(true | false)
huggingface/tokenizers: The current process just got forked, after parallelism has already been used. Disabling parallelism to avoid deadlocks...
To disable this warning, you can either:
	- Avoid using `tokenizers` before the fork if possible
	- Explicitly set the environment variable TOKENIZERS_PARALLELISM=(true | false)
huggingface/tokenizers: The current process just got forked, after parallelism has already been used. Disabling parallelism to avoid deadlocks...
To disable this warning, you can either:
	- Avoid using `tokenizers` before the fork if possible
	- Explicitly set the environment variable TOKENIZERS_PARALLELISM=(true | false)
huggingface/tokenizers: The current process just got forked, after parallelism has already been used. Disabling parallelism to avoid deadlocks...
To disable this warning, you can either:
	- Avoid using `tokenizers` before the fork if possible
	- Explicitly set the environment variable TOKENIZERS_PARALLELISM=(true | false)
huggingface/tokenizers: The current process just got forked, after parallelism has already been used. Disabling parallelism to avoid deadlocks...
To disable this warning, you can either:
	- Avoid using `tokenizers` before the fork if possible
	- Explicitly set the environment variable TOKENIZERS_PARALLELISM=(true | false)
huggingface/tokenizers: The current process just got forked, after parallelism has already been used. Disabling parallelism to avoid deadlocks...
To disable this warning, you can either:
	- Avoid using `tokenizers` before the fork if possible
	- Explicitly set the environment variable TOKENIZERS_PARALLELISM=(true | false)
huggingface/tokenizers: The current process just got forked, after parallelism has already been used. Disabling parallelism to avoid deadlocks...
To disable this warning, you can either:
	- Avoid using `tokenizers` before the fork if possible
	- Explicitly set the environment variable TOKENIZERS_PARALLELISM=(true | false)
huggingface/tokenizers: The current process just got forked, after parallelism has already been used. Disabling parallelism to avoid deadlocks...
To disable this warning, you can either:
	- Avoid using `tokenizers` before the fork if possible
	- Explicitly set the environment variable TOKENIZERS_PARALLELISM=(true | false)
huggingface/tokenizers: The current process just got forked, after parallelism has already been used. Disabling parallelism to avoid deadlocks...
To disable this warning, you can either:
	- Avoid using `tokenizers` before the fork if possible
	- Explicitly set the environment variable TOKENIZERS_PARALLELISM=(true | false)
huggingface/tokenizers: The current process just got forked, after parallelism has already been used. Disabling parallelism to avoid deadlocks...
To disable this warning, you can either:
	- Avoid using `tokenizers` before the fork if possible
	- Explicitly set the environment variable TOKENIZERS_PARALLELISM=(true | false)
huggingface/tokenizers: The current process just got forked, after parallelism has already been used. Disabling parallelism to avoid deadlocks...
To disable this warning, you can either:
	- Avoid using `tokenizers` before the fork if possible
	- Explicitly set the environment variable TOKENIZERS_PARALLELISM=(true | false)
huggingface/tokenizers: The current process just got forked, after parallelism has already been used. Disabling parallelism to avoid deadlocks...
To disable this warning, you can either:
	- Avoid using `tokenizers` before the fork if possible
	- Explicitly set the environment variable TOKENIZERS_PARALLELISM=(true | false)
Traceback (most recent call last):
  File "/n/home10/vsaketos/wavegp/fullkalmanfilterapproximation/memory.py", line 277, in save_batch
    score = evaluate.evaluate_graph(func)
TypeError: evaluate_graph() missing 1 required positional argument: 'traj'
Traceback (most recent call last):
  File "/n/home10/vsaketos/wavegp/fullkalmanfilterapproximation/memory.py", line 277, in save_batch
    score = evaluate.evaluate_graph(func)
TypeError: evaluate_graph() missing 1 required positional argument: 'traj'
Traceback (most recent call last):
  File "/n/home10/vsaketos/wavegp/fullkalmanfilterapproximation/memory.py", line 277, in save_batch
    score = evaluate.evaluate_graph(func)
TypeError: evaluate_graph() missing 1 required positional argument: 'traj'
Traceback (most recent call last):
  File "/n/home10/vsaketos/wavegp/fullkalmanfilterapproximation/memory.py", line 277, in save_batch
    score = evaluate.evaluate_graph(func)
TypeError: evaluate_graph() missing 1 required positional argument: 'traj'
Traceback (most recent call last):
  File "/n/home10/vsaketos/wavegp/fullkalmanfilterapproximation/memory.py", line 277, in save_batch
    score = evaluate.evaluate_graph(func)
TypeError: evaluate_graph() missing 1 required positional argument: 'traj'
Traceback (most recent call last):
  File "/n/home10/vsaketos/wavegp/fullkalmanfilterapproximation/memory.py", line 277, in save_batch
    score = evaluate.evaluate_graph(func)
TypeError: evaluate_graph() missing 1 required positional argument: 'traj'
Traceback (most recent call last):
  File "/n/home10/vsaketos/wavegp/fullkalmanfilterapproximation/memory.py", line 277, in save_batch
    score = evaluate.evaluate_graph(func)
TypeError: evaluate_graph() missing 1 required positional argument: 'traj'
Traceback (most recent call last):
  File "/n/home10/vsaketos/wavegp/fullkalmanfilterapproximation/memory.py", line 277, in save_batch
    score = evaluate.evaluate_graph(func)
TypeError: evaluate_graph() missing 1 required positional argument: 'traj'
Traceback (most recent call last):
  File "/n/home10/vsaketos/wavegp/fullkalmanfilterapproximation/memory.py", line 277, in save_batch
    score = evaluate.evaluate_graph(func)
TypeError: evaluate_graph() missing 1 required positional argument: 'traj'
Traceback (most recent call last):
  File "/n/home10/vsaketos/wavegp/fullkalmanfilterapproximation/memory.py", line 277, in save_batch
    score = evaluate.evaluate_graph(func)
TypeError: evaluate_graph() missing 1 required positional argument: 'traj'
Traceback (most recent call last):
  File "/n/home10/vsaketos/wavegp/fullkalmanfilterapproximation/memory.py", line 277, in save_batch
    score = evaluate.evaluate_graph(func)
TypeError: evaluate_graph() missing 1 required positional argument: 'traj'
Traceback (most recent call last):
  File "/n/home10/vsaketos/wavegp/fullkalmanfilterapproximation/memory.py", line 277, in save_batch
    score = evaluate.evaluate_graph(func)
TypeError: evaluate_graph() missing 1 required positional argument: 'traj'
Traceback (most recent call last):
  File "/n/home10/vsaketos/wavegp/fullkalmanfilterapproximation/memory.py", line 277, in save_batch
    score = evaluate.evaluate_graph(func)
TypeError: evaluate_graph() missing 1 required positional argument: 'traj'
Traceback (most recent call last):
  File "/n/home10/vsaketos/wavegp/fullkalmanfilterapproximation/memory.py", line 277, in save_batch
    score = evaluate.evaluate_graph(func)
TypeError: evaluate_graph() missing 1 required positional argument: 'traj'
Traceback (most recent call last):
  File "/n/home10/vsaketos/wavegp/fullkalmanfilterapproximation/memory.py", line 277, in save_batch
    score = evaluate.evaluate_graph(func)
TypeError: evaluate_graph() missing 1 required positional argument: 'traj'
Traceback (most recent call last):
  File "/n/home10/vsaketos/wavegp/fullkalmanfilterapproximation/memory.py", line 277, in save_batch
    score = evaluate.evaluate_graph(func)
TypeError: evaluate_graph() missing 1 required positional argument: 'traj'
Traceback (most recent call last):
  File "/n/home10/vsaketos/wavegp/fullkalmanfilterapproximation/memory.py", line 277, in save_batch
    score = evaluate.evaluate_graph(func)
TypeError: evaluate_graph() missing 1 required positional argument: 'traj'
Traceback (most recent call last):
  File "/n/home10/vsaketos/wavegp/fullkalmanfilterapproximation/memory.py", line 277, in save_batch
    score = evaluate.evaluate_graph(func)
TypeError: evaluate_graph() missing 1 required positional argument: 'traj'
Traceback (most recent call last):
  File "/n/home10/vsaketos/wavegp/fullkalmanfilterapproximation/memory.py", line 277, in save_batch
    score = evaluate.evaluate_graph(func)
TypeError: evaluate_graph() missing 1 required positional argument: 'traj'
Traceback (most recent call last):
  File "/n/home10/vsaketos/wavegp/fullkalmanfilterapproximation/memory.py", line 277, in save_batch
    score = evaluate.evaluate_graph(func)
TypeError: evaluate_graph() missing 1 required positional argument: 'traj'
Traceback (most recent call last):
  File "/n/home10/vsaketos/wavegp/fullkalmanfilterapproximation/memory.py", line 277, in save_batch
    score = evaluate.evaluate_graph(func)
TypeError: evaluate_graph() missing 1 required positional argument: 'traj'
Traceback (most recent call last):
  File "/n/home10/vsaketos/wavegp/fullkalmanfilterapproximation/memory.py", line 277, in save_batch
    score = evaluate.evaluate_graph(func)
TypeError: evaluate_graph() missing 1 required positional argument: 'traj'
Traceback (most recent call last):
  File "/n/home10/vsaketos/wavegp/fullkalmanfilterapproximation/memory.py", line 277, in save_batch
    score = evaluate.evaluate_graph(func)
TypeError: evaluate_graph() missing 1 required positional argument: 'traj'
Traceback (most recent call last):
  File "/n/home10/vsaketos/wavegp/fullkalmanfilterapproximation/memory.py", line 277, in save_batch
    score = evaluate.evaluate_graph(func)
TypeError: evaluate_graph() missing 1 required positional argument: 'traj'
Traceback (most recent call last):
  File "/n/home10/vsaketos/wavegp/fullkalmanfilterapproximation/memory.py", line 277, in save_batch
    score = evaluate.evaluate_graph(func)
TypeError: evaluate_graph() missing 1 required positional argument: 'traj'
Traceback (most recent call last):
  File "/n/home10/vsaketos/wavegp/fullkalmanfilterapproximation/memory.py", line 277, in save_batch
    score = evaluate.evaluate_graph(func)
TypeError: evaluate_graph() missing 1 required positional argument: 'traj'
Traceback (most recent call last):
  File "/n/home10/vsaketos/wavegp/fullkalmanfilterapproximation/memory.py", line 277, in save_batch
    score = evaluate.evaluate_graph(func)
TypeError: evaluate_graph() missing 1 required positional argument: 'traj'
Traceback (most recent call last):
  File "/n/home10/vsaketos/wavegp/fullkalmanfilterapproximation/memory.py", line 277, in save_batch
    score = evaluate.evaluate_graph(func)
TypeError: evaluate_graph() missing 1 required positional argument: 'traj'
Traceback (most recent call last):
  File "/n/home10/vsaketos/wavegp/fullkalmanfilterapproximation/memory.py", line 277, in save_batch
    score = evaluate.evaluate_graph(func)
TypeError: evaluate_graph() missing 1 required positional argument: 'traj'
Traceback (most recent call last):
  File "/n/home10/vsaketos/wavegp/fullkalmanfilterapproximation/memory.py", line 277, in save_batch
    score = evaluate.evaluate_graph(func)
TypeError: evaluate_graph() missing 1 required positional argument: 'traj'
Setting `pad_token_id` to `eos_token_id`:151643 for open-end generation.
srun: got SIGCONT
slurmstepd: error: *** STEP 17282792.0 ON holygpu8a16502 CANCELLED AT 2025-05-28T17:57:19 ***
slurmstepd: error: *** JOB 17282792 ON holygpu8a16502 CANCELLED AT 2025-05-28T17:57:19 ***
srun: forcing job termination
