/n/home10/vsaketos/.conda/envs/env2/lib/python3.9/site-packages/transformers/models/auto/auto_factory.py:471: FutureWarning: The `use_auth_token` argument is deprecated and will be removed in v5 of Transformers. Please use `token` instead.
  warnings.warn(
`low_cpu_mem_usage` was None, now default to True since model is quantized.
Sliding Window Attention is enabled but not implemented for `sdpa`; unexpected results may be encountered.
Loading checkpoint shards:   0%|          | 0/4 [00:00<?, ?it/s]Loading checkpoint shards:  25%|██▌       | 1/4 [00:04<00:14,  4.93s/it]Loading checkpoint shards:  50%|█████     | 2/4 [00:09<00:09,  4.97s/it]Loading checkpoint shards:  75%|███████▌  | 3/4 [00:14<00:04,  4.89s/it]Loading checkpoint shards: 100%|██████████| 4/4 [00:16<00:00,  3.79s/it]Loading checkpoint shards: 100%|██████████| 4/4 [00:16<00:00,  4.21s/it]
Setting `pad_token_id` to `eos_token_id`:151643 for open-end generation.
Traceback (most recent call last):
  File "/n/home10/vsaketos/wavegp/fullkalmanfilterapproximation/funsearch.py", line 70, in inference_worker
    mem.save_batch(generated_texts, thread_id)
AttributeError: 'Memory' object has no attribute 'save_batch'
Setting `pad_token_id` to `eos_token_id`:151643 for open-end generation.
Traceback (most recent call last):
  File "/n/home10/vsaketos/wavegp/fullkalmanfilterapproximation/funsearch.py", line 70, in inference_worker
    mem.save_batch(generated_texts, thread_id)
AttributeError: 'Memory' object has no attribute 'save_batch'
Setting `pad_token_id` to `eos_token_id`:151643 for open-end generation.
Traceback (most recent call last):
  File "/n/home10/vsaketos/wavegp/fullkalmanfilterapproximation/funsearch.py", line 70, in inference_worker
    mem.save_batch(generated_texts, thread_id)
AttributeError: 'Memory' object has no attribute 'save_batch'
Setting `pad_token_id` to `eos_token_id`:151643 for open-end generation.
srun: Job step aborted: Waiting up to 32 seconds for job step to finish.
srun: got SIGCONT
slurmstepd: error: *** JOB 17329181 ON holygpu8a16304 CANCELLED AT 2025-05-28T23:42:46 ***
srun: forcing job termination
slurmstepd: error: *** STEP 17329181.0 ON holygpu8a16304 CANCELLED AT 2025-05-28T23:42:46 ***
