MSE: 1.1180493160255696
Detected 1 GPU(s). We will spawn 1 processes.


==== Outer Iteration 0 ====
MSE: 1.1180493160255696
[Process 0] started on GPU 0, running 10 iterations...
[Process 0] step=0, sampling done
[Process 0] step=0, text tokenized
[Process 0] step=0, Generation done
[Process 0] step=0, text decoded
[Process 0] in save_batch
[Process 0] total_matches: 279
[Process 0] before evaluate_graphs
function:
def aproximate(a, b, c, d, e, f):
    g = a + b @ a
    h = e - a
    i = d + f
    j = np.eye(a.shape[0])
    k = g + h
    return g, c, h, i, j, k
score: 265948408.9189396
function:
def aproximate(a, b, c, d, e, f):
    g = a * 0.5
    h = e + g
    i = d - f
    j = np.ones_like(c)
    k = h - g
    return g, c, h, i, j, k
score: 2.0742094832589832
Parse error: '' (could not convert string to float: '')
function:
def aproximate(a, b, c, d, e, f):
    g = a + b * a
    h = e - a
    i = d + f
    j = np.zeros_like(c)
    k = g + h
    return g, c, h, i, j, k
score: inf
function:
def aproximate(a, b, c, d, e, f):
    g = a * 2
    h = e + g
    i = d - f
    j = np.ones_like(c)
    k = h - g
    return g, c, h, i, j, k
score: 2.074209483258987
Parse error: '' (could not convert string to float: '')
function:
def aproximate(a, b, c, d, e, f):
    g = a + b
    h = e - a
    i = d * f
    j = np.eye(c.shape[0])
    k = g + h
    return g, c, h, i, j, k
score: inf
function:
def aproximate(a, b, c, d, e, f):
    g = a * 0.5
    h = e + g
    i = d - f
    j = np.zeros_like(c)
    k = h - g
    return g, c, h, i, j, k
score: 2.0742094832589832
function:
def aproximate(a, b, c, d, e, f):
    g = a + b @ a
    h = e - a
    i = d + f
    j = np.ones_like(c)
    k = g + h
    return g, c, h, i, j, k
score: 265948408.9189396
function:
def aproximate(a, b, c, d, e, f):
    g = a * 2
    h = e + g
    i = d - f
    j = np.zeros_like(c)
    k = h - g
    return g, c, h, i, j, k
score: 2.074209483258987
Parse error: '' (could not convert string to float: '')
function:
def aproximate(a, b, c, d, e, f):
    g = a + b
    h = e - a
    i = d * f
    j = np.eye(c.shape[0])
    k = g + h
    return g, c, h, i, j, k
score: inf
function:
def aproximate(a, b, c, d, e, f):
    g = a + b @ a
    h = e - a
    i = d + f
    j = np.zeros_like(c)
    k = g + h
    return g, c, h, i, j, k
score: 265948408.9189396
Parse error: '' (could not convert string to float: '')
function:
def aproximate(a, b, c, d, e, f):
    g = a + b
    h = e - d
    i = f * c
    j = a @ b
    k = g + h + i
    return g, c, h, i, j, k
score: inf
Error Output: <string>:3: RuntimeWarning: divide by zero encountered in divide

Parse error: '' (could not convert string to float: '')
function:
def aproximate(a, b, c, d, e, f):
    g = a * b
    h = e / c
    i = d + f
    j = np.max(a)
    k = g + h
    return g, c, h, i, j, k
score: inf
Parse error: '' (could not convert string to float: '')
function:
def aproximate(a, b, c, d, e, f):
    g = a + b
    h = e - d
    i = f * c
    j = a @ b
    k = g + h + i
    return g, c, h, i, j, k
score: inf
Error Output: <string>:3: RuntimeWarning: divide by zero encountered in divide

Parse error: '' (could not convert string to float: '')
function:
def aproximate(a, b, c, d, e, f):
    g = a * b
    h = e / c
    i = d + f
    j = np.max(a)
    k = g + h
    return g, c, h, i, j, k
score: inf
Parse error: '' (could not convert string to float: '')
function:
def aproximate(a, b, c, d, e, f):
    g = a + b
    h = e - d
    i = f * c
    j = a @ b
    k = g + h + i
    return g, c, h, i, j, k
score: inf
Error Output: <string>:3: RuntimeWarning: divide by zero encountered in divide

Parse error: '' (could not convert string to float: '')
function:
def aproximate(a, b, c, d, e, f):
    g = a * b
    h = e / c
    i = d + f
    j = np.max(a)
    k = g + h
    return g, c, h, i, j, k
score: inf
Parse error: '' (could not convert string to float: '')
function:
def aproximate(a, b, c, d, e, f):
    g = a + b
    h = e - d
    i = f * c
    j = a @ b
    k = g + h + i
    return g, c, h, i, j, k
score: inf
Error Output: <string>:3: RuntimeWarning: divide by zero encountered in divide

Parse error: '' (could not convert string to float: '')
function:
def aproximate(a, b, c, d, e, f):
    g = a * b
    h = e / c
    i = d + f
    j = np.max(a)
    k = g + h
    return g, c, h, i, j, k
score: inf
Parse error: '' (could not convert string to float: '')
function:
def aproximate(a, b, c, d, e, f):
    g = a + b
    h = e - d
    i = f * c
    j = a @ b
    k = g + h + i
    return g, c, h, i, j, k
score: inf
Error Output: <string>:3: RuntimeWarning: divide by zero encountered in divide

Parse error: '' (could not convert string to float: '')
function:
def aproximate(a, b, c, d, e, f):
    g = a * b
    h = e / c
    i = d + f
    j = np.max(a)
    k = g + h
    return g, c, h, i, j, k
score: inf
Error Output: /tmp/tmp1yuwn2qn.py:39: RuntimeWarning: overflow encountered in square
  squared_error += np.sum(diff ** 2)
<string>:6: RuntimeWarning: overflow encountered in multiply

Parse error: '' (could not convert string to float: '')
function:
def aproximate(a, b, c, d, e, f):
    g = a + np.sum(b)
    h = e - np.mean(c)
    i = d * f
    j = a - b
    k = g * h
    return g, c, h, i, j, k
score: inf
Error Output: /tmp/tmphtp3wdke.py:39: RuntimeWarning: overflow encountered in square
  squared_error += np.sum(diff ** 2)

function:
def aproximate(a, b, c, d, e, f):
    g = np.log(a + 1)
    h = np.exp(e)
    i = np.mean(d) * f
    j = b - c
    k = g + h
    return g, c, h, i, j, k
score: inf
Parse error: '' (could not convert string to float: '')
function:
def aproximate(a, b, c, d, e, f):
    g = a * b
    h = np.max(c)
    i = d + e
    j = f - a
    k = g + h
    return g, c, h, i, j, k
score: inf
Parse error: '' (could not convert string to float: '')
function:
def aproximate(a, b, c, d, e, f):
    g = np.mean(a)
    h = e - d
    i = f * g
    j = a + b
    k = h + i
    return g, c, h, i, j, k
score: inf
Parse error: '' (could not convert string to float: '')
function:
def aproximate(a, b, c, d, e, f):
    g = a + np.sum(c)
    h = e - b
    i = d * f
    j = np.zeros_like(a)
    k = g + h
    return g, c, h, i, j, k
score: inf
Error Output: <string>:2: RuntimeWarning: invalid value encountered in log

Parse error: '' (could not convert string to float: '')
function:
def aproximate(a, b, c, d, e, f):
    g = np.log(a + 1)
    h = e - np.mean(c)
    i = d * f
    j = a - b
    k = g + h
    return g, c, h, i, j, k
score: inf
Parse error: '' (could not convert string to float: '')
function:
def aproximate(a, b, c, d, e, f):
    g = a + b
    h = e - c
    i = d * f
    j = np.ones_like(a)
    k = g + h
    return g, c, h, i, j, k
score: inf
function:
def aproximate(a, b, c, d, e, f):
    g = a + np.sum(b)
    h = e - np.mean(c)
    i = d * f
    j = a - b
    k = g + h
    return g, c, h, i, j, k
score: 66213756.81686821
Error Output: <string>:2: RuntimeWarning: invalid value encountered in log

Parse error: '' (could not convert string to float: '')
function:
def aproximate(a, b, c, d, e, f):
    g = np.log(a + 1)
    h = e - np.mean(c)
    i = d * f
    j = a - b
    k = g + h
    return g, c, h, i, j, k
score: inf
Parse error: '' (could not convert string to float: '')
function:
def aproximate(a, b, c, d, e, f):
    g = a + b
    h = c * d
    i = e - f
    j = a @ b
    k = c + d
    return g, c, h, i, j, k
score: inf
Parse error: '' (could not convert string to float: '')
function:
def aproximate(a, b, c, d, e, f):
    g = a * b
    h = c + d
    i = e - f
    j = a @ b
    k = c * d
    return g, c, h, i, j, k
score: inf
Parse error: '' (could not convert string to float: '')
function:
def aproximate(a, b, c, d, e, f):
    g = a + b
    h = c * d
    i = e - f
    j = a @ b
    k = c + d
    return g, c, h, i, j, k
score: inf
Parse error: '' (could not convert string to float: '')
function:
def aproximate(a, b, c, d, e, f):
    g = a * b
    h = c + d
    i = e - f
    j = a @ b
    k = c * d
    return g, c, h, i, j, k
score: inf
Parse error: '' (could not convert string to float: '')
function:
def aproximate(a, b, c, d, e, f):
    g = a + b
    h = c * d
    i = e - f
    j = a @ b
    k = c + d
    return g, c, h, i, j, k
score: inf
Parse error: '' (could not convert string to float: '')
function:
def aproximate(a, b, c, d, e, f):
    g = a * b
    h = c + d
    i = e - f
    j = a @ b
    k = c * d
    return g, c, h, i, j, k
score: inf
Parse error: '' (could not convert string to float: '')
function:
def aproximate(a, b, c, d, e, f):
    g = a + b
    h = c * d
    i = e - f
    j = a @ b
    k = c + d
    return g, c, h, i, j, k
score: inf
Parse error: '' (could not convert string to float: '')
function:
def aproximate(a, b, c, d, e, f):
    g = a * b
    h = c + d
    i = e - f
    j = a @ b
    k = c * d
    return g, c, h, i, j, k
score: inf
Parse error: '' (could not convert string to float: '')
function:
def aproximate(a, b, c, d, e, f):
    g = a + b
    h = c * d
    i = e - f
    j = a @ b
    k = c + d
    return g, c, h, i, j, k
score: inf
Parse error: '' (could not convert string to float: '')
function:
def aproximate(a, b, c, d, e, f):
    g = a * b
    h = c + d
    i = e - f
    j = a @ b
    k = c * d
    return g, c, h, i, j, k
score: inf
Parse error: '' (could not convert string to float: '')
function:
def aproximate(a, b, c, d, e, f):
    g = a + np.sin(b)
    h = c * np.cos(d)
    i = e + f
    j = a - b
    k = g * h
    return g, c, h, i, j, k
score: inf
Parse error: '' (could not convert string to float: '')
function:
def aproximate(a, b, c, d, e, f):
    g = a + b * c
    h = e - d
    i = a * f
    j = b + c
    k = g + h
    return g, c, h, i, j, k
score: inf
Parse error: '' (could not convert string to float: '')
function:
def aproximate(a, b, c, d, e, f):
    g = a * b
    h = c + d
    i = e - f
    j = a + c
    k = g + h
    return g, c, h, i, j, k
score: inf
Parse error: '' (could not convert string to float: '')
function:
def aproximate(a, b, c, d, e, f):
    g = a + b
    h = c * d
    i = e + f
    j = a - b
    k = g + h
    return g, c, h, i, j, k
score: inf
