MSE: 1.1180493160255696
Detected 1 GPU(s). We will spawn 1 processes.


==== Outer Iteration 0 ====
MSE: 1.1180493160255696
[Process 0] started on GPU 0, running 10 iterations...
[Process 0] step=0, sampling done
[Process 0] step=0, text tokenized
[Process 0] step=0, Generation done
[Process 0] step=0, text decoded
[Process {thread_id}]  in save_batch [Process 0]  total_matches : 0[Process 0] before evaluate_graphs[Process 0] after evaluate_graphs[Process 0] step=0, generation took 161.85s 
[Process 0] best score so far: None, content:
None 
[Process 0] step=1, sampling done
[Process 0] step=1, text tokenized
[Process 0] step=1, Generation done
[Process 0] step=1, text decoded
[Process {thread_id}]  in save_batch [Process 0]  total_matches : 0[Process 0] before evaluate_graphs[Process 0] after evaluate_graphs[Process 0] step=1, generation took 142.41s 
[Process 0] best score so far: None, content:
None 
[Process 0] step=2, sampling done
[Process 0] step=2, text tokenized
