Detected 1 GPU(s). We will spawn 1 processes.


==== Outer Iteration 0 ====
[Process 0] started on GPU 0, running 10 iterations...
[Process 0] step=0, sampling done
[Process 0] step=0, text tokenized
[Process 0] step=0, Generation done
[Process 0] step=0, text decoded
[Process 0] Unexpected exception during generation:
[Process 0] step=1, sampling done
[Process 0] step=1, text tokenized
[Process 0] step=1, Generation done
[Process 0] step=1, text decoded
[Process 0] Unexpected exception during generation:
[Process 0] step=2, sampling done
[Process 0] step=2, text tokenized
[Process 0] step=2, Generation done
[Process 0] step=2, text decoded
[Process 0] Unexpected exception during generation:
[Process 0] step=3, sampling done
[Process 0] step=3, text tokenized
