MSE: 1.1180493160255696
Detected 1 GPU(s). We will spawn 1 processes.


==== Outer Iteration 0 ====
MSE: 1.1180493160255696
[Process 0] started on GPU 0, running 10 iterations...
[Process 0] step=0, sampling done
[Process 0] step=0, text tokenized
[Process 0] step=0, Generation done
[Process 0] step=0, text decoded
[Process 0] in save_batch
[Process 0] total_matches: 354
[Process 0] before evaluate_graphs
[Memory] Error evaluating function:
def predict(x, F, P, Q, z, R):
    xp = x
    y = z - x
    S = R
    K = np.ones_like(P)
    x = x + 0.1 * y
    return xp, P, y, S, K, x
[Memory] Error evaluating function:
def predict(x, F, P, Q, z, R):
    xp = F @ x
    y = z - xp
    S = Q + R
    K = 0.5 * np.eye(x.shape[0])
    x = xp + K @ y
    return xp, P, y, S, K, x
[Memory] Error evaluating function:
def predict(x, F, P, Q, z, R):
    xp = F @ x
    y = z - xp
    S = Q + R
    K = 0.5 * np.eye(x.shape[0])
    x = xp + K @ y
    return xp, P, y, S, K, x
[Memory] Error evaluating function:
def predict(x, F, P, Q, z, R):
    xp = F @ x
    y = z - xp
    S = Q + R
    K = 0.5 * np.eye(x.shape[0])
    x = xp + K @ y
    return xp, P, y, S, K, x
[Memory] Error evaluating function:
def predict(x, F, P, Q, z, R):
    xp = F @ x
    y = z - xp
    S = Q + R
    K = 0.5 * np.eye(x.shape[0])
    x = xp + K @ y
    return xp, P, y, S, K, x
[Memory] Error evaluating function:
def predict(x, F, P, Q, z, R):
    xp = F @ x
    y = z - xp
    S = Q + R
    K = 0.5 * np.eye(x.shape[0])
    x = xp + K @ y
    return xp, P, y, S, K, x
[Memory] Error evaluating function:
def predict(x, F, P, Q, z, R):
    xp = F @ x
    y = z - xp
    S = Q + R
    K = 0.5 * np.eye(x.shape[0])
    x = xp + K @ y
    return xp, P, y, S, K, x
[Memory] Error evaluating function:
def predict(x, F, P, Q, z, R):
    xp = F @ x
    y = z - xp
    S = Q + R
    K = 0.5 * np.eye(x.shape[0])
    x = xp + K @ y
    return xp, P, y, S, K, x
[Memory] Error evaluating function:
def predict(x, F, P, Q, z, R):
    xp = F @ x
    y = z - xp
    S = Q + R
    K = 0.5 * np.eye(x.shape[0])
    x = xp + K @ y
    return xp, P, y, S, K, x
[Memory] Error evaluating function:
def predict(x, F, P, Q, z, R):
    xp = F @ x
    y = z - xp
    S = Q + R
    K = 0.5 * np.eye(x.shape[0])
    x = xp + K @ y
    return xp, P, y, S, K, x
[Memory] Error evaluating function:
def predict(x, F, P, Q, z, R):
    xp = F @ x
    y = z - xp
    S = Q + R
    K = 0.5 * np.eye(x.shape[0])
    x = xp + K @ y
    return xp, P, y, S, K, x
[Memory] Error evaluating function:
def predict(x, F, P, Q, z, R):
    xp = F @ x
    y = z - xp
    S = Q + R
    K = 0.5 * np.eye(x.shape[0])
    x = xp + K @ y
    return xp, P, y, S, K, x
[Memory] Error evaluating function:
def predict(x, F, P, Q, z, R):
    xp = x
    y = z - x
    S = R
    K = np.ones_like(P)
    x = x + 0.1 * y
    return xp, P, y, S, K, x
[Memory] Error evaluating function:
def predict(x, F, P, Q, z, R):
    xp = F @ x
    y = z - xp
    S = Q + R
    K = 0.5 * np.eye(x.shape[0])
    x = xp + K @ y
    return xp, P, y, S, K, x
[Memory] Error evaluating function:
def predict(x, F, P, Q, z, R):
    xp = F @ x
    y = z - xp
    S = Q + R
    K = 0.5 * np.eye(x.shape[0])
    x = xp + K @ y
    return xp, P, y, S, K, x
[Memory] Error evaluating function:
def predict(x, F, P, Q, z, R):
    xp = F @ x
    y = z - xp
    S = Q + R
    K = 0.25 * np.eye(x.shape[0])
    x = xp + K @ y
    return xp, P, y, S, K, x
[Memory] Error evaluating function:
def predict(x, F, P, Q, z, R):
    xp = F @ x
    y = z - xp
    S = Q + R
    K = 0.75 * np.eye(x.shape[0])
    x = xp + K @ y
    return xp, P, y, S, K, x
[Memory] Error evaluating function:
def predict(x, F, P, Q, z, R):
    xp = F @ x
    y = z - xp
    S = Q + R
    K = 0.5 * (np.eye(x.shape[0]) + F)
    x = xp + K @ y
    return xp, P, y, S, K, x
[Memory] Error evaluating function:
def predict(x, F, P, Q, z, R):
    xp = F @ x
    y = z - xp
    S = Q + R
    K = 0.5 * (np.eye(x.shape[0]) - F)
    x = xp + K @ y
    return xp, P, y, S, K, x
[Memory] Error evaluating function:
def predict(x, F, P, Q, z, R):
    xp = F @ x
    y = z - xp
    S = Q + R
    K = 0.5 * (F @ np.eye(x.shape[0]))
    x = xp + K @ y
    return xp, P, y, S, K, x
[Memory] Error evaluating function:
def predict(x, F, P, Q, z, R):
    xp = F @ x
    y = z - xp
    S = Q + R
    K = 0.5 * (F.T @ np.eye(x.shape[0]))
    x = xp + K @ y
    return xp, P, y, S, K, x
[Memory] Error evaluating function:
def predict(x, F, P, Q, z, R):
    xp = F @ x
    y = z - xp
    S = Q + R
    K = 0.5 * (F @ F.T)
    x = xp + K @ y
    return xp, P, y, S, K, x
[Memory] Error evaluating function:
def predict(x, F, P, Q, z, R):
    xp = F @ x
    y = z - xp
    S = Q + R
    K = 0.5 * (F.T @ F)
    x = xp + K @ y
    return xp, P, y, S, K, x
[Memory] Error evaluating function:
def predict(x, F, P, Q, z, R):
    xp = F @ x
    y = z - xp
    S = Q + R
    K = 0.5 * (F @ F)
    x = xp + K @ y
    return xp, P, y, S, K, x
[Memory] Error evaluating function:
def predict(x, F, P, Q, z, R):
    xp = x
    y = z - x
    S = R
    K = np.ones_like(P)
    x = x + 0.1 * y
    return xp, P, y, S, K, x
[Memory] Error evaluating function:
def predict(x, F, P, Q, z, R):
    xp = F @ x
    y = z - xp
    S = Q + R
    K = 0.5 * np.eye(x.shape[0])
    x = xp + K @ y
    return xp, P, y, S, K, x
[Memory] Error evaluating function:
def predict(x, F, P, Q, z, R):
    xp = F @ x
    y = z - xp
    S = Q + R
    K = 0.5 * np.eye(x.shape[0])
    x = xp + K @ y
    return xp, P, y, S, K, x
[Memory] Error evaluating function:
def predict(x, F, P, Q, z, R):
    xp = F @ x
    y = z - xp
    S = Q + R
    K = 0.5 * (P @ S.T) / (S + 1e-8)
    x = xp + K @ y
    return xp, P, y, S, K, x
[Memory] Error evaluating function:
def predict(x, F, P, Q, z, R):
    xp = F @ x
    y = z - xp
    S = Q + R
    K = 0.5 * (P @ S.T) / (S + 1e-8)
    x = xp + K @ y
    return xp, P, y, S, K, x
[Memory] Error evaluating function:
def predict(x, F, P, Q, z, R):
    xp = F @ x
    y = z - xp
    S = Q + R
    K = 0.5 * (P @ S.T) / (S + 1e-8)
    x = xp + K @ y
    return xp, P, y, S, K, x
[Memory] Error evaluating function:
def predict(x, F, P, Q, z, R):
    xp = F @ x
    y = z - xp
    S = Q + R
    K = 0.5 * (P @ S.T) / (S + 1e-8)
    x = xp + K @ y
    return xp, P, y, S, K, x
[Memory] Error evaluating function:
def predict(x, F, P, Q, z, R):
    xp = F @ x
    y = z - xp
    S = Q + R
    K = 0.5 * (P @ S.T) / (S + 1e-8)
    x = xp + K @ y
    return xp, P, y, S, K, x
[Memory] Error evaluating function:
def predict(x, F, P, Q, z, R):
    xp = F @ x
    y = z - xp
    S = Q + R
    K = 0.5 * (P @ S.T) / (S + 1e-8)
    x = xp + K @ y
    return xp, P, y, S, K, x
[Memory] Error evaluating function:
def predict(x, F, P, Q, z, R):
    xp = F @ x
    y = z - xp
    S = Q + R
    K = 0.5 * (P @ S.T) / (S + 1e-8)
    x = xp + K @ y
    return xp, P, y, S, K, x
[Memory] Error evaluating function:
def predict(x, F, P, Q, z, R):
    xp = F @ x
    y = z - xp
    S = Q + R
    K = 0.5 * (P @ S.T) / (S + 1e-8)
    x = xp + K @ y
    return xp, P, y, S, K, x
[Memory] Error evaluating function:
def predict(x, F, P, Q, z, R):
    xp = F @ x
    y = z - xp
    S = Q + R
    K = 0.5 * (P @ S.T) / (S + 1e-8)
    x = xp + K @ y
    return xp, P, y, S, K, x
[Memory] Error evaluating function:
def predict(x, F, P, Q, z, R):
    xp = x
    y = z - x
    S = R
    K = np.ones_like(P)
    x = x + 0.1 * y
    return xp, P, y, S, K, x
[Memory] Error evaluating function:
def predict(x, F, P, Q, z, R):
    xp = F @ x
    y = z - xp
    S = Q + R
    K = 0.5 * np.eye(x.shape[0])
    x = xp + K @ y
    return xp, P, y, S, K, x
[Memory] Error evaluating function:
def predict(x, F, P, Q, z, R):
    xp = F @ x
    y = z - xp
    S = Q + R
    K = np.linalg.inv(S) @ P
    x = xp + K @ y
    return xp, P, y, S, K, x
[Memory] Error evaluating function:
def predict(x, F, P, Q, z, R):
    xp = F @ x
    y = z - xp
    S = Q + R
    K = np.sqrt(np.diag(S)) @ np.sqrt(np.diag(P))
    x = xp + K @ y
    return xp, P, y, S, K, x
[Memory] Error evaluating function:
def predict(x, F, P, Q, z, R):
    xp = F @ x
    y = z - xp
    S = Q + R
    K = P @ np.linalg.inv(S)
    x = xp + K @ y
    return xp, P, y, S, K, x
[Memory] Error evaluating function:
def predict(x, F, P, Q, z, R):
    xp = F @ x
    y = z - xp
    S = Q + R
    K = np.tril(P) @ np.tril(S).T
    x = xp + K @ y
    return xp, P, y, S, K, x
[Memory] Error evaluating function:
def predict(x, F, P, Q, z, R):
    xp = F @ x
    y = z - xp
    S = Q + R
    K = np.triu(P) @ np.triu(S).T
    x = xp + K @ y
    return xp, P, y, S, K, x
[Memory] Error evaluating function:
def predict(x, F, P, Q, z, R):
    xp = F @ x
    y = z - xp
    S = Q + R
    K = P @ np.linalg.inv(S) @ P
    x = xp + K @ y
    return xp, P, y, S, K, x
[Memory] Error evaluating function:
def predict(x, F, P, Q, z, R):
    xp = F @ x
    y = z - xp
    S = Q + R
    K = np.sqrt(P) @ np.linalg.inv(S) @ np.sqrt(P)
    x = xp + K @ y
    return xp, P, y, S, K, x
[Memory] Error evaluating function:
def predict(x, F, P, Q, z, R):
    xp = F @ x
    y = z - xp
    S = Q + R
    K = P @ np.linalg.inv(S) @ y
    x = xp + K
    return xp, P, y, S, K, x
[Memory] Error evaluating function:
def predict(x, F, P, Q, z, R):
    xp = F @ x
    y = z - xp
    S = Q + R
    K = np.linalg.inv(P) @ S @ P
    x = xp + K @ y
    return xp, P, y, S, K, x
[Memory] Error evaluating function:
def predict(x, F, P, Q, z, R):
    xp = F @ x
    y = z - xp
    S = Q + R
    K = P @ np.linalg.inv(S) @ y
    x = xp + K
    return xp, P, y, S, K, x
[Memory] Error evaluating function:
def predict(x, F, P, Q, z, R):
    xp = x
    y = z - x
    S = R
    K = np.ones_like(P)
    x = x + 0.1 * y
    return xp, P, y, S, K, x
[Memory] Error evaluating function:
def predict(x, F, P, Q, z, R):
    xp = F @ x
    y = z - xp
    S = Q + R
    K = 0.5 * np.eye(x.shape[0])
    x = xp + K @ y
    return xp, P, y, S, K, x
[Memory] Error evaluating function:
def predict(x, F, P, Q, z, R):
    xp = x
    y = z - x
    S = R + Q
    K = np.linalg.inv(P + S) @ P
    x = xp + K @ y
    return xp, P, y, S, K, x
[Memory] Error evaluating function:
def predict(x, F, P, Q, z, R):
    xp = F @ x
    y = z - xp
    S = Q + R
    K = P @ np.linalg.inv(S)
    x = xp + K @ y
    return xp, P, y, S, K, x
[Memory] Error evaluating function:
def predict(x, F, P, Q, z, R):
    xp = x
    y = z - x
    S = R
    K = P @ np.linalg.inv(S)
    x = xp + K @ y
    return xp, P, y, S, K, x
[Memory] Error evaluating function:
def predict(x, F, P, Q, z, R):
    xp = F @ x
    y = z - xp
    S = Q + R
    K = np.eye(x.shape[0])
    x = xp + K @ y
    return xp, P, y, S, K, x
[Memory] Error evaluating function:
def predict(x, F, P, Q, z, R):
    xp = x
    y = z - x
    S = Q + R
    K = np.linalg.inv(P + S) @ P
    x = xp + K @ y
    return xp, P, y, S, K, x
[Memory] Error evaluating function:
def predict(x, F, P, Q, z, R):
    xp = F @ x
    y = z - xp
    S = Q
    K = P @ np.linalg.inv(S + R)
    x = xp + K @ y
    return xp, P, y, S, K, x
[Memory] Error evaluating function:
def predict(x, F, P, Q, z, R):
    xp = x
    y = z - x
    S = R + Q
    K = np.linalg.inv(S) @ P
    x = xp + K @ y
    return xp, P, y, S, K, x
[Memory] Error evaluating function:
def predict(x, F, P, Q, z, R):
    xp = F @ x
    y = z - xp
    S = Q + R
    K = np.linalg.inv(S) @ P
    x = xp + K @ y
    return xp, P, y, S, K, x
[Memory] Error evaluating function:
def predict(x, F, P, Q, z, R):
    xp = x
    y = z - x
    S = R
    K = np.linalg.inv(P + S) @ P
    x = xp + K @ y
    return xp, P, y, S, K, x
[Memory] Error evaluating function:
def predict(x, F, P, Q, z, R):
    xp = F @ x
    y = z - xp
    S = Q + R
    K = P @ np.linalg.inv(S)
    x = xp + K @ y
    return xp, P, y, S, K, x
[Memory] Error evaluating function:
def predict(x, F, P, Q, z, R):
    xp = x
    y = z - x
    S = R
    K = np.ones_like(P)
    x = x + 0.1 * y
    return xp, P, y, S, K, x
[Memory] Error evaluating function:
def predict(x, F, P, Q, z, R):
    xp = F @ x
    y = z - xp
    S = Q + R
    K = 0.5 * np.eye(x.shape[0])
    x = xp + K @ y
    return xp, P, y, S, K, x
[Memory] Error evaluating function:
def predict(x, F, P, Q, z, R):
    xp = F * x
    y = z - xp
    S = Q + R
    K = 0.25 * np.ones_like(P)
    x = xp + K * y
    return xp, P, y, S, K, x
[Memory] Error evaluating function:
def predict(x, F, P, Q, z, R):
    xp = F @ x
    y = z - xp
    S = Q + R
    K = np.tril(P)
    x = xp + K @ y
    return xp, P, y, S, K, x
[Memory] Error evaluating function:
def predict(x, F, P, Q, z, R):
    xp = F * x
    y = z - xp
    S = Q + R
    K = np.diag(np.diag(P))
    x = xp + K @ y
    return xp, P, y, S, K, x
[Memory] Error evaluating function:
def predict(x, F, P, Q, z, R):
    xp = F @ x
    y = z - xp
    S = Q + R
    K = np.sqrt(P)
    x = xp + K * y
    return xp, P, y, S, K, x
[Memory] Error evaluating function:
def predict(x, F, P, Q, z, R):
    xp = F * x
    y = z - xp
    S = Q + R
    K = np.log(P)
    x = xp + K @ y
    return xp, P, y, S, K, x
[Memory] Error evaluating function:
def predict(x, F, P, Q, z, R):
    xp = F @ x
    y = z - xp
    S = Q + R
    K = np.exp(P)
    x = xp + K @ y
    return xp, P, y, S, K, x
[Memory] Error evaluating function:
def predict(x, F, P, Q, z, R):
    xp = F * x
    y = z - xp
    S = Q + R
    K = np.sqrt(np.diag(P))
    x = xp + K * y
    return xp, P, y, S, K, x
[Memory] Error evaluating function:
def predict(x, F, P, Q, z, R):
    xp = F @ x
    y = z - xp
    S = Q + R
    K = np.log(np.diag(P))
    x = xp + K @ y
    return xp, P, y, S, K, x
[Memory] Error evaluating function:
def predict(x, F, P, Q, z, R):
    xp = F * x
    y = z - xp
    S = Q + R
    K = np.exp(np.diag(P))
    x = xp + K * y
    return xp, P, y, S, K, x
[Memory] Error evaluating function:
def predict(x, F, P, Q, z, R):
    xp = F @ x
    y = z - xp
    S = Q + R
    K = np.log(P) * np.exp(P)
    x = xp + K @ y
    return xp, P, y, S, K, x
[Memory] Error evaluating function:
def predict(x, F, P, Q, z, R):
    xp = x
    y = z - x
    S = R
    K = np.ones_like(P)
    x = x + 0.1 * y
    return xp, P, y, S, K, x
[Memory] Error evaluating function:
def predict(x, F, P, Q, z, R):
    xp = F @ x
    y = z - xp
    S = Q + R
    K = 0.5 * np.eye(x.shape[0])
    x = xp + K @ y
    return xp, P, y, S, K, x
[Memory] Error evaluating function:
def predict(x, F, P, Q, z, R):
    xp = F @ x
    y = z - xp
    S = Q + R
    K = 0.5 * np.eye(x.shape[0])
    x = xp + K @ y
    return xp, P, y, S, K, x
[Memory] Error evaluating function:
def predict(x, F, P, Q, z, R):
    xp = F @ x
    y = z - xp
    S = Q + R
    K = np.linalg.inv(S) @ y
    x = xp + K @ y
    return xp, P, y, S, K, x
[Memory] Error evaluating function:
def predict(x, F, P, Q, z, R):
    xp = F @ x
    y = z - xp
    S = Q + R
    K = np.dot(y, y.T) / (S + 1e-9)
    x = xp + K * y
    return xp, P, y, S, K, x
[Memory] Error evaluating function:
def predict(x, F, P, Q, z, R):
    xp = F @ x
    y = z - xp
    S = Q + R
    K = np.zeros_like(P)
    K[:,0] = y[0]
    x = xp + K @ y
    return xp, P, y, S, K, x
[Memory] Error evaluating function:
def predict(x, F, P, Q, z, R):
    xp = F @ x
    y = z - xp
    S = Q + R
    K = np.max(y) * np.eye(x.shape[0])
    x = xp + K @ y
    return xp, P, y, S, K, x
[Memory] Error evaluating function:
def predict(x, F, P, Q, z, R):
    xp = F @ x
    y = z - xp
    S = Q + R
    K = np.min(y) * np.eye(x.shape[0])
    x = xp + K @ y
    return xp, P, y, S, K, x
[Memory] Error evaluating function:
def predict(x, F, P, Q, z, R):
    xp = F @ x
    y = z - xp
    S = Q + R
    K = np.mean(y) * np.eye(x.shape[0])
    x = xp + K @ y
    return xp, P, y, S, K, x
[Memory] Error evaluating function:
def predict(x, F, P, Q, z, R):
    xp = F @ x
    y = z - xp
    S = Q + R
    K = np.std(y) * np.eye(x.shape[0])
    x = xp + K @ y
    return xp, P, y, S, K, x
[Memory] Error evaluating function:
def predict(x, F, P, Q, z, R):
    xp = F @ x
    y = z - xp
    S = Q + R
    K = np.ones_like(P)
    x = xp + K @ y
    return xp, P, y, S, K, x
[Memory] Error evaluating function:
def predict(x, F, P, Q, z, R):
    xp = F @ x
    y = z - xp
    S = Q + R
    K = np.zeros_like(P)
    x = xp + K @ y
    return xp, P, y, S, K, x
[Memory] Error evaluating function:
def predict(x, F, P, Q, z, R):
    xp = x
    y = z - x
    S = R
    K = np.ones_like(P)
    x = x + 0.1 * y
    return xp, P, y, S, K, x
[Memory] Error evaluating function:
def predict(x, F, P, Q, z, R):
    xp = F @ x
    y = z - xp
    S = Q + R
    K = 0.5 * np.eye(x.shape[0])
    x = xp + K @ y
    return xp, P, y, S, K, x
[Memory] Error evaluating function:
def predict(x, F, P, Q, z, R):
    xp = F @ x
    y = z - xp
    S = Q + R
    K = 0.5 * np.eye(x.shape[0])
    x = xp + K @ y
    return xp, P, y, S, K, x
[Memory] Error evaluating function:
def predict(x, F, P, Q, z, R):
    xp = F @ x
    y = z - xp
    S = Q + R
    K = 0.25 * np.eye(x.shape[0])
    x = xp + K @ y
    return xp, P, y, S, K, x
[Memory] Error evaluating function:
def predict(x, F, P, Q, z, R):
    xp = F @ x
    y = z - xp
    S = Q + R
    K = 0.75 * np.eye(x.shape[0])
    x = xp + K @ y
    return xp, P, y, S, K, x
[Memory] Error evaluating function:
def predict(x, F, P, Q, z, R):
    xp = F @ x
    y = z - xp
    S = Q + R
    K = 0.33 * np.eye(x.shape[0])
    x = xp + K @ y
    return xp, P, y, S, K, x
[Memory] Error evaluating function:
def predict(x, F, P, Q, z, R):
    xp = F @ x
    y = z - xp
    S = Q + R
    K = 0.4 * np.eye(x.shape[0])
    x = xp + K @ y
    return xp, P, y, S, K, x
[Memory] Error evaluating function:
def predict(x, F, P, Q, z, R):
    xp = F @ x
    y = z - xp
    S = Q + R
    K = 0.6 * np.eye(x.shape[0])
    x = xp + K @ y
    return xp, P, y, S, K, x
[Memory] Error evaluating function:
def predict(x, F, P, Q, z, R):
    xp = F @ x
    y = z - xp
    S = Q + R
    K = 0.8 * np.eye(x.shape[0])
    x = xp + K @ y
    return xp, P, y, S, K, x
[Memory] Error evaluating function:
def predict(x, F, P, Q, z, R):
    xp = F @ x
    y = z - xp
    S = Q + R
    K = 0.9 * np.eye(x.shape[0])
    x = xp + K @ y
    return xp, P, y, S, K, x
[Memory] Error evaluating function:
def predict(x, F, P, Q, z, R):
    xp = F @ x
    y = z - xp
    S = Q + R
    K = 0.05 * np.eye(x.shape[0])
    x = xp + K @ y
    return xp, P, y, S, K, x
[Memory] Error evaluating function:
def predict(x, F, P, Q, z, R):
    xp = F @ x
    y = z - xp
    S = Q + R
    K = 0.1 * np.eye(x.shape[0])
    x = xp + K @ y
    return xp, P, y, S, K, x
[Memory] Error evaluating function:
def predict(x, F, P, Q, z, R):
    xp = x
    y = z - x
    S = R
    K = np.ones_like(P)
    x = x + 0.1 * y
    return xp, P, y, S, K, x
[Memory] Error evaluating function:
def predict(x, F, P, Q, z, R):
    xp = F @ x
    y = z - xp
    S = Q + R
    K = 0.5 * np.eye(x.shape[0])
    x = xp + K @ y
    return xp, P, y, S, K, x
[Memory] Error evaluating function:
def predict(x, F, P, Q, z, R):
    xp = F @ x + np.random.normal(0, np.sqrt(np.diag(P)))
    y = z - x
    S = Q + R
    K = 0.5 * (F.T @ (S ** -1) @ F)
    x = xp + K @ y
    return xp, P, y, S, K, x
[Memory] Error evaluating function:
def predict(x, F, P, Q, z, R):
    xp = F @ x
    y = z - xp
    S = Q + R
    K = np.diag(1 / (np.diag(S) + np.diag(P)))
    x = xp + K @ y
    return xp, P, y, S, K, x
[Memory] Error evaluating function:
def predict(x, F, P, Q, z, R):
    xp = F @ x
    y = z - xp
    S = Q + R
    K = np.tril(1 / (S + P))
    x = xp + K @ y
    return xp, P, y, S, K, x
[Memory] Error evaluating function:
def predict(x, F, P, Q, z, R):
    xp = F @ x
    y = z - xp
    S = Q + R
    K = 0.5 * (F.T @ (S ** -1) @ F)
    x = xp + K @ y
    return xp, P, y, S, K, x
[Memory] Error evaluating function:
def predict(x, F, P, Q, z, R):
    xp = F @ x
    y = z - xp
    S = Q + R
    K = np.diag(1 / (np.diag(S) + np.sqrt(np.diag(P))))
    x = xp + K @ y
    return xp, P, y, S, K, x
[Memory] Error evaluating function:
def predict(x, F, P, Q, z, R):
    xp = F @ x
    y = z - xp
    S = Q + R
    K = 0.5 * (F.T @ (S ** -1) @ F)
    x = xp + K @ y
    return xp, P, y, S, K, x
[Memory] Error evaluating function:
def predict(x, F, P, Q, z, R):
    xp = F @ x
    y = z - xp
    S = Q + R
    K = np.tril(1 / (S + P))
    x = xp + K @ y
    return xp, P, y, S, K, x
[Memory] Error evaluating function:
def predict(x, F, P, Q, z, R):
    xp = F @ x
    y = z - xp
    S = Q + R
    K = 0.5 * (F.T @ (S ** -1) @ F)
    x = xp + K @ y
    return xp, P, y, S, K, x
[Memory] Error evaluating function:
def predict(x, F, P, Q, z, R):
    xp = F @ x
    y = z - xp
    S = Q + R
    K = np.diag(1 / (np.diag(S) + np.sqrt(np.diag(P))))
    x = xp + K @ y
    return xp, P, y, S, K, x
[Memory] Error evaluating function:
def predict(x, F, P, Q, z, R):
    xp = F @ x
    y = z - xp
    S = Q + R
    K = 0.5 * (F.T @ (S ** -1) @ F)
    x = xp + K @ y
    return xp, P, y, S, K, x
[Memory] Error evaluating function:
def predict(x, F, P, Q, z, R):
    xp = x
    y = z - x
    S = R
    K = np.ones_like(P)
    x = x + 0.1 * y
    return xp, P, y, S, K, x
[Memory] Error evaluating function:
def predict(x, F, P, Q, z, R):
    xp = F @ x
    y = z - xp
    S = Q + R
    K = 0.5 * np.eye(x.shape[0])
    x = xp + K @ y
    return xp, P, y, S, K, x
[Memory] Error evaluating function:
def predict(x, F, P, Q, z, R):
    xp = F * x
    y = z - x
    S = Q + R
    K = np.zeros_like(P)
    x = xp + K @ y
    return xp, P, y, S, K, x
[Memory] Error evaluating function:
def predict(x, F, P, Q, z, R):
    xp = x
    y = z - F @ x
    S = R
    K = 0.2 * np.ones_like(P)
    x = x + K @ y
    return xp, P, y, S, K, x
[Memory] Error evaluating function:
def predict(x, F, P, Q, z, R):
    xp = F @ x
    y = z - xp
    S = Q + R
    K = 0.1 * np.eye(x.shape[0])
    x = xp + K @ y
    return xp, P, y, S, K, x
[Memory] Error evaluating function:
def predict(x, F, P, Q, z, R):
    xp = x
    y = z - x
    S = R
    K = 0.3 * np.ones_like(P)
    x = x + K @ y
    return xp, P, y, S, K, x
[Memory] Error evaluating function:
def predict(x, F, P, Q, z, R):
    xp = F * x
    y = z - xp
    S = Q + R
    K = 0.4 * np.eye(x.shape[0])
    x = xp + K @ y
    return xp, P, y, S, K, x
[Memory] Error evaluating function:
def predict(x, F, P, Q, z, R):
    xp = x
    y = z - x
    S = R
    K = 0.5 * np.ones_like(P)
    x = x + K @ y
    return xp, P, y, S, K, x
[Memory] Error evaluating function:
def predict(x, F, P, Q, z, R):
    xp = F @ x
    y = z - xp
    S = Q + R
    K = 0.6 * np.eye(x.shape[0])
    x = xp + K @ y
    return xp, P, y, S, K, x
[Memory] Error evaluating function:
def predict(x, F, P, Q, z, R):
    xp = x
    y = z - x
    S = R
    K = 0.7 * np.ones_like(P)
    x = x + K @ y
    return xp, P, y, S, K, x
[Memory] Error evaluating function:
def predict(x, F, P, Q, z, R):
    xp = F * x
    y = z - xp
    S = Q + R
    K = 0.8 * np.eye(x.shape[0])
    x = xp + K @ y
    return xp, P, y, S, K, x
[Memory] Error evaluating function:
def predict(x, F, P, Q, z, R):
    xp = F @ x
    y = z - xp
    S = Q + R
    K = 0.9 * np.eye(x.shape[0])
    x = xp + K @ y
    return xp, P, y, S, K, x
[Memory] Error evaluating function:
def predict(x, F, P, Q, z, R):
    xp = x
    y = z - x
    S = R
    K = np.ones_like(P)
    x = x + 0.1 * y
    return xp, P, y, S, K, x
[Memory] Error evaluating function:
def predict(x, F, P, Q, z, R):
    xp = F @ x
    y = z - xp
    S = Q + R
    K = 0.5 * np.eye(x.shape[0])
    x = xp + K @ y
    return xp, P, y, S, K, x
[Memory] Error evaluating function:
def predict(x, F, P, Q, z, R):
    xp = F @ x
    y = z - xp
    S = Q + R
    K = np.linalg.inv(S) @ F @ P.T
    x = xp + K @ y
    return xp, P, y, S, K, x
[Memory] Error evaluating function:
def predict(x, F, P, Q, z, R):
    xp = F @ x
    y = z - xp
    S = Q + R
    K = 0.5 * np.eye(F.shape[0])
    x = xp + K @ y
    return xp, P, y, S, K, x
[Memory] Error evaluating function:
def predict(x, F, P, Q, z, R):
    xp = F @ x
    y = z - xp
    S = Q + R
    K = np.diag(1 / (np.diag(S) + 1e-8))
    x = xp + K @ y
    return xp, P, y, S, K, x
[Memory] Error evaluating function:
def predict(x, F, P, Q, z, R):
    xp = F @ x
    y = z - xp
    S = Q + R
    K = F @ P.T @ np.linalg.inv(S)
    x = xp + K @ y
    return xp, P, y, S, K, x
[Memory] Error evaluating function:
def predict(x, F, P, Q, z, R):
    xp = F @ x
    y = z - xp
    S = Q + R
    K = np.ones_like(P) * 0.1
    x = xp + K @ y
    return xp, P, y, S, K, x
[Memory] Error evaluating function:
def predict(x, F, P, Q, z, R):
    xp = F @ x
    y = z - xp
    S = Q + R
    K = np.eye(x.shape[0]) * 0.5
    x = xp + K @ y
    return xp, P, y, S, K, x
[Memory] Error evaluating function:
def predict(x, F, P, Q, z, R):
    xp = F @ x
    y = z - xp
    S = Q + R
    K = np.linalg.inv(S) @ F @ P.T
    x = xp + K @ y
    return xp, P, y, S, K, x
[Memory] Error evaluating function:
def predict(x, F, P, Q, z, R):
    xp = F @ x
    y = z - xp
    S = Q + R
    K = F @ P.T @ np.linalg.inv(S)
    x = xp + K @ y
    return xp, P, y, S, K, x
[Memory] Error evaluating function:
def predict(x, F, P, Q, z, R):
    xp = F @ x
    y = z - xp
    S = Q + R
    K = np.diag(1 / (np.diag(S) + 1e-8))
    x = xp + K @ y
    return xp, P, y, S, K, x
[Memory] Error evaluating function:
def predict(x, F, P, Q, z, R):
    xp = F @ x
    y = z - xp
    S = Q + R
    K = np.ones_like(P) * 0.1
    x = xp + K @ y
    return xp, P, y, S, K, x
[Memory] Error evaluating function:
def predict(x, F, P, Q, z, R):
    xp = x
    y = z - x
    S = R
    K = np.ones_like(P)
    x = x + 0.1 * y
    return xp, P, y, S, K, x
[Memory] Error evaluating function:
def predict(x, F, P, Q, z, R):
    xp = F @ x
    y = z - xp
    S = Q + R
    K = 0.5 * np.eye(x.shape[0])
    x = xp + K @ y
    return xp, P, y, S, K, x
[Memory] Error evaluating function:
def predict(x, F, P, Q, z, R):
    xp = x
    y = z - x
    S = Q + R
    K = np.linalg.inv(S) @ P
    x = x + K @ y
    return xp, P, y, S, K, x
[Memory] Error evaluating function:
def predict(x, F, P, Q, z, R):
    xp = F @ x
    y = z - xp
    S = Q + R
    K = np.linalg.inv(S) @ F @ P
    x = xp + K @ y
    return xp, P, y, S, K, x
[Memory] Error evaluating function:
def predict(x, F, P, Q, z, R):
    xp = F @ x
    y = z - xp
    S = Q + R
    K = np.linalg.inv(F @ P @ F.T + R) @ F @ P
    x = xp + K @ y
    return xp, P, y, S, K, x
[Memory] Error evaluating function:
def predict(x, F, P, Q, z, R):
    xp = F @ x
    y = z - xp
    S = Q + R
    K = np.linalg.inv(S) @ F @ P
    x = xp + K @ y
    return xp, P, y, S, K, x
[Memory] Error evaluating function:
def predict(x, F, P, Q, z, R):
    xp = F @ x
    y = z - xp
    S = Q + R
    K = np.linalg.inv(S) @ F @ P
    x = xp + K @ y
    return xp, P, y, S, K, x
[Memory] Error evaluating function:
def predict(x, F, P, Q, z, R):
    xp = F @ x
    y = z - xp
    S = Q + R
    K = np.linalg.inv(S) @ F @ P
    x = xp + K @ y
    return xp, P, y, S, K, x
[Memory] Error evaluating function:
def predict(x, F, P, Q, z, R):
    xp = F @ x
    y = z - xp
    S = Q + R
    K = np.linalg.inv(S) @ F @ P
    x = xp + K @ y
    return xp, P, y, S, K, x
[Memory] Error evaluating function:
def predict(x, F, P, Q, z, R):
    xp = F @ x
    y = z - xp
    S = Q + R
    K = np.linalg.inv(S) @ F @ P
    x = xp + K @ y
    return xp, P, y, S, K, x
[Memory] Error evaluating function:
def predict(x, F, P, Q, z, R):
    xp = x
    y = z - x
    S = R
    K = np.ones_like(P)
    x = x + 0.1 * y
    return xp, P, y, S, K, x
[Memory] Error evaluating function:
def predict(x, F, P, Q, z, R):
    xp = F @ x
    y = z - xp
    S = Q + R
    K = 0.5 * np.eye(x.shape[0])
    x = xp + K @ y
    return xp, P, y, S, K, x
[Memory] Error evaluating function:
def predict(x, F, P, Q, z, R):
    xp = F @ x
    y = z - xp
    S = Q + R
    K = np.linalg.inv(P + F @ Q @ F.T) @ F @ P.T
    x = xp + K @ y
    return xp, P, y, S, K, x
[Memory] Error evaluating function:
def predict(x, F, P, Q, z, R):
    xp = F @ x
    y = z - xp
    S = Q + R
    K = (P + F @ Q @ F.T) @ F.T / (F @ (P + F @ Q @ F.T) @ F.T + R)
    x = xp + K @ y
    return xp, P, y, S, K, x
[Memory] Error evaluating function:
def predict(x, F, P, Q, z, R):
    xp = F @ x
    y = z - xp
    S = Q + R
    K = (P @ F.T) / (F @ P @ F.T + R)
    x = xp + K @ y
    return xp, P, y, S, K, x
[Memory] Error evaluating function:
def predict(x, F, P, Q, z, R):
    xp = F @ x
    y = z - xp
    S = Q + R
    K = np.linalg.inv(F @ P @ F.T + R) @ F @ P.T
    x = xp + K @ y
    return xp, P, y, S, K, x
[Memory] Error evaluating function:
def predict(x, F, P, Q, z, R):
    xp = F @ x
    y = z - xp
    S = Q + R
    K = (F @ P.T) / (F @ P @ F.T + R)
    x = xp + K @ y
    return xp, P, y, S, K, x
[Memory] Error evaluating function:
def predict(x, F, P, Q, z, R):
    xp = F @ x
    y = z - xp
    S = Q + R
    K = np.linalg.inv(P) @ F.T / (F @ np.linalg.inv(P) @ F.T + R)
    x = xp + K @ y
    return xp, P, y, S, K, x
[Memory] Error evaluating function:
def predict(x, F, P, Q, z, R):
    xp = F @ x
    y = z - xp
    S = Q + R
    K = (P @ F.T) / (F @ P @ F.T + R)
    x = xp + K @ y
    return xp, P, y, S, K, x
[Memory] Error evaluating function:
def predict(x, F, P, Q, z, R):
    xp = F @ x
    y = z - xp
    S = Q + R
    K = np.linalg.inv(F @ P @ F.T + R) @ F @ P.T
    x = xp + K @ y
    return xp, P, y, S, K, x
[Memory] Error evaluating function:
def predict(x, F, P, Q, z, R):
    xp = F @ x
    y = z - xp
    S = Q + R
    K = (F @ P.T) / (F @ P @ F.T + R)
    x = xp + K @ y
    return xp, P, y, S, K, x
[Memory] Error evaluating function:
def predict(x, F, P, Q, z, R):
    xp = F @ x
    y = z - xp
    S = Q + R
    K = np.linalg.inv(P + F @ Q @ F.T) @ F @ P.T
    x = xp + K @ y
    return xp, P, y, S, K, x
[Memory] Error evaluating function:
def predict(x, F, P, Q, z, R):
    xp = x
    y = z - x
    S = R
    K = np.ones_like(P)
    x = x + 0.1 * y
    return xp, P, y, S, K, x
[Memory] Error evaluating function:
def predict(x, F, P, Q, z, R):
    xp = F @ x
    y = z - xp
    S = Q + R
    K = 0.5 * np.eye(x.shape[0])
    x = xp + K @ y
    return xp, P, y, S, K, x
[Memory] Error evaluating function:
def predict(x, F, P, Q, z, R):
    xp = F @ x
    y = z - xp
    S = Q + R
    K = np.linalg.inv(S) @ y.T
    x = xp + K.T @ y
    return xp, P, y, S, K, x
[Memory] Error evaluating function:
def predict(x, F, P, Q, z, R):
    xp = F @ x
    y = z - xp
    S = Q + R
    K = np.eye(x.shape[0])
    x = xp + K @ y
    return xp, P, y, S, K, x
[Memory] Error evaluating function:
def predict(x, F, P, Q, z, R):
    xp = F @ x
    y = z - xp
    S = Q + R
    K = np.zeros_like(P)
    x = xp + K @ y
    return xp, P, y, S, K, x
[Memory] Error evaluating function:
def predict(x, F, P, Q, z, R):
    xp = F @ x
    y = z - xp
    S = Q + R
    K = np.random.randn(*P.shape)
    x = xp + K @ y
    return xp, P, y, S, K, x
[Memory] Error evaluating function:
def predict(x, F, P, Q, z, R):
    xp = F @ x
    y = z - xp
    S = Q + R
    K = np.ones_like(P)
    x = xp + K @ y
    return xp, P, y, S, K, x
[Memory] Error evaluating function:
def predict(x, F, P, Q, z, R):
    xp = F @ x
    y = z - xp
    S = Q + R
    K = np.zeros_like(P)
    x = xp + K @ y
    return xp, P, y, S, K, x
[Memory] Error evaluating function:
def predict(x, F, P, Q, z, R):
    xp = F @ x
    y = z - xp
    S = Q + R
    K = np.eye(x.shape[0])
    x = xp + K @ y
    return xp, P, y, S, K, x
[Memory] Error evaluating function:
def predict(x, F, P, Q, z, R):
    xp = F @ x
    y = z - xp
    S = Q + R
    K = np.random.randn(*P.shape)
    x = xp + K @ y
    return xp, P, y, S, K, x
[Memory] Error evaluating function:
def predict(x, F, P, Q, z, R):
    xp = F @ x
    y = z - xp
    S = Q + R
    K = np.zeros_like(P)
    x = xp + K @ y
    return xp, P, y, S, K, x
[Memory] Error evaluating function:
def predict(x, F, P, Q, z, R):
    xp = F @ x
    y = z - xp
    S = Q + R
    K = np.ones_like(P)
    x = xp + K @ y
    return xp, P, y, S, K, x
[Memory] Error evaluating function:
def predict(x, F, P, Q, z, R):
    xp = x
    y = z - x
    S = R
    K = np.ones_like(P)
    x = x + 0.1 * y
    return xp, P, y, S, K, x
[Memory] Error evaluating function:
def predict(x, F, P, Q, z, R):
    xp = F @ x
    y = z - xp
    S = Q + R
    K = 0.5 * np.eye(x.shape[0])
    x = xp + K @ y
    return xp, P, y, S, K, x
[Memory] Error evaluating function:
def predict(x, F, P, Q, z, R):
    xp = F @ x
    y = z - xp
    S = Q + R
    K = np.linalg.inv(S) @ P
    x = xp + K @ y
    return xp, P, y, S, K, x
[Memory] Error evaluating function:
def predict(x, F, P, Q, z, R):
    xp = F * x
    y = z - xp
    S = Q + R
    K = np.diag(np.ones_like(x))
    x = xp + K @ y
    return xp, P, y, S, K, x
[Memory] Error evaluating function:
def predict(x, F, P, Q, z, R):
    xp = F @ x
    y = z - xp
    S = Q + R
    K = 0.5 * np.eye(x.shape[0])
    x = xp + K @ y
    return xp, P, y, S, K, x
[Memory] Error evaluating function:
def predict(x, F, P, Q, z, R):
    xp = F @ x
    y = z - xp
    S = Q + R
    K = np.linalg.inv(P) @ F.T @ np.linalg.inv(S)
    x = xp + K @ y
    return xp, P, y, S, K, x
[Memory] Error evaluating function:
def predict(x, F, P, Q, z, R):
    xp = F @ x
    y = z - xp
    S = Q + R
    K = 0.25 * np.eye(x.shape[0])
    x = xp + K @ y
    return xp, P, y, S, K, x
[Memory] Error evaluating function:
def predict(x, F, P, Q, z, R):
    xp = F @ x
    y = z - xp
    S = Q + R
    K = np.eye(x.shape[0])
    x = xp + K @ y
    return xp, P, y, S, K, x
[Memory] Error evaluating function:
def predict(x, F, P, Q, z, R):
    xp = F @ x
    y = z - xp
    S = Q + R
    K = np.linalg.inv(S) @ P
    x = xp + K @ y
    return xp, P, y, S, K, x
[Memory] Error evaluating function:
def predict(x, F, P, Q, z, R):
    xp = F @ x
    y = z - xp
    S = Q + R
    K = 0.1 * np.eye(x.shape[0])
    x = xp + K @ y
    return xp, P, y, S, K, x
[Memory] Error evaluating function:
def predict(x, F, P, Q, z, R):
    xp = F @ x
    y = z - xp
    S = Q + R
    K = np.linalg.inv(P) @ F.T @ np.linalg.inv(S)
    x = xp + K @ y
    return xp, P, y, S, K, x
[Memory] Error evaluating function:
def predict(x, F, P, Q, z, R):
    xp = F @ x
    y = z - xp
    S = Q + R
    K = 0.5 * np.eye(x.shape[0])
    x = xp + K @ y
    return xp, P, y, S, K, x
[Memory] Error evaluating function:
def predict(x, F, P, Q, z, R):
    xp = x
    y = z - x
    S = R
    K = np.ones_like(P)
    x = x + 0.1 * y
    return xp, P, y, S, K, x
[Memory] Error evaluating function:
def predict(x, F, P, Q, z, R):
    xp = F @ x
    y = z - xp
    S = Q + R
    K = 0.5 * np.eye(x.shape[0])
    x = xp + K @ y
    return xp, P, y, S, K, x
[Memory] Error evaluating function:
def predict(x, F, P, Q, z, R):
    xp = F @ x
    y = z - xp
    S = F @ P @ F.T + Q
    K = P @ F.T @ np.linalg.inv(S)
    x = xp + K @ y
    return xp, P, y, S, K, x
[Memory] Error evaluating function:
def predict(x, F, P, Q, z, R):
    xp = F @ x
    y = z - xp
    S = F @ P @ F.T + Q
    K = P @ F.T @ np.linalg.inv(S)
    x = xp + K @ y
    return xp, P, y, S, K, x
[Memory] Error evaluating function:
def predict(x, F, P, Q, z, R):
    xp = F @ x
    y = z - xp
    S = F @ P @ F.T + Q
    K = P @ F.T @ np.linalg.inv(S)
    x = xp + K @ y
    return xp, P, y, S, K, x
[Memory] Error evaluating function:
def predict(x, F, P, Q, z, R):
    xp = F @ x
    y = z - xp
    S = F @ P @ F.T + Q
    K = P @ F.T @ np.linalg.inv(S)
    x = xp + K @ y
    return xp, P, y, S, K, x
[Memory] Error evaluating function:
def predict(x, F, P, Q, z, R):
    xp = F @ x
    y = z - xp
    S = F @ P @ F.T + Q
    K = P @ F.T @ np.linalg.inv(S)
    x = xp + K @ y
    return xp, P, y, S, K, x
[Memory] Error evaluating function:
def predict(x, F, P, Q, z, R):
    xp = F @ x
    y = z - xp
    S = F @ P @ F.T + Q
    K = P @ F.T @ np.linalg.inv(S)
    x = xp + K @ y
    return xp, P, y, S, K, x
[Memory] Error evaluating function:
def predict(x, F, P, Q, z, R):
    xp = F @ x
    y = z - xp
    S = F @ P @ F.T + Q
    K = P @ F.T @ np.linalg.inv(S)
    x = xp + K @ y
    return xp, P, y, S, K, x
[Memory] Error evaluating function:
def predict(x, F, P, Q, z, R):
    xp = F @ x
    y = z - xp
    S = F @ P @ F.T + Q
    K = P @ F.T @ np.linalg.inv(S)
    x = xp + K @ y
    return xp, P, y, S, K, x
[Memory] Error evaluating function:
def predict(x, F, P, Q, z, R):
    xp = F @ x
    y = z - xp
    S = F @ P @ F.T + Q
    K = P @ F.T @ np.linalg.inv(S)
    x = xp + K @ y
    return xp, P, y, S, K, x
[Memory] Error evaluating function:
def predict(x, F, P, Q, z, R):
    xp = F @ x
    y = z - xp
    S = F @ P @ F.T + Q
    K = P @ F.T @ np.linalg.inv(S)
    x = xp + K @ y
    return xp, P, y, S, K, x
[Memory] Error evaluating function:
def predict(x, F, P, Q, z, R):
    xp = x
    y = z - x
    S = R
    K = np.ones_like(P)
    x = x + 0.1 * y
    return xp, P, y, S, K, x
[Memory] Error evaluating function:
def predict(x, F, P, Q, z, R):
    xp = F @ x
    y = z - xp
    S = Q + R
    K = 0.5 * np.eye(x.shape[0])
    x = xp + K @ y
    return xp, P, y, S, K, x
[Memory] Error evaluating function:
def predict(x, F, P, Q, z, R):
    xp = F @ x
    y = z - xp
    S = Q + R
    K = P @ y
    x = xp + K @ y
    return xp, P, y, S, K, x
[Memory] Error evaluating function:
def predict(x, F, P, Q, z, R):
    xp = x
    y = F @ z
    S = P + Q
    K = x @ y
    x = xp + K
    return xp, P, y, S, K, x
[Memory] Error evaluating function:
def predict(x, F, P, Q, z, R):
    xp = F * x
    y = z - xp
    S = R + Q
    K = P * y
    x = xp + K
    return xp, P, y, S, K, x
[Memory] Error evaluating function:
def predict(x, F, P, Q, z, R):
    xp = F @ x
    y = z - xp
    S = P + Q + R
    K = np.linalg.inv(S) @ y
    x = xp + K
    return xp, P, y, S, K, x
[Memory] Error evaluating function:
def predict(x, F, P, Q, z, R):
    xp = x
    y = F @ z
    S = P + Q
    K = y @ P
    x = xp + K
    return xp, P, y, S, K, x
[Memory] Error evaluating function:
def predict(x, F, P, Q, z, R):
    xp = F * x
    y = z - xp
    S = Q + R
    K = P * y
    x = xp + K
    return xp, P, y, S, K, x
[Memory] Error evaluating function:
def predict(x, F, P, Q, z, R):
    xp = F @ x
    y = z - xp
    S = P + Q + R
    K = np.eye(x.shape[0]) * y
    x = xp + K
    return xp, P, y, S, K, x
[Memory] Error evaluating function:
def predict(x, F, P, Q, z, R):
    xp = x
    y = F @ z
    S = P + Q
    K = x @ y
    x = xp + K
    return xp, P, y, S, K, x
[Memory] Error evaluating function:
def predict(x, F, P, Q, z, R):
    xp = F * x
    y = z - xp
    S = Q + R
    K = P @ y
    x = xp + K
    return xp, P, y, S, K, x
[Memory] Error evaluating function:
def predict(x, F, P, Q, z, R):
    xp = F @ x
    y = z - xp
    S = P + Q + R
    K = y @ P
    x = xp + K
    return xp, P, y, S, K, x
[Memory] Error evaluating function:
def predict(x, F, P, Q, z, R):
    xp = x
    y = z - x
    S = R
    K = np.ones_like(P)
    x = x + 0.1 * y
    return xp, P, y, S, K, x
[Memory] Error evaluating function:
def predict(x, F, P, Q, z, R):
    xp = F @ x
    y = z - xp
    S = Q + R
    K = 0.5 * np.eye(x.shape[0])
    x = xp + K @ y
    return xp, P, y, S, K, x
[Memory] Error evaluating function:
def predict(x, F, P, Q, z, R):
    xp = F @ x
    y = z - xp
    S = Q + R
    K = (P @ F.T) @ np.linalg.inv(F @ P @ F.T + R)
    x = xp + K @ y
    return xp, P, y, S, K, x
[Memory] Error evaluating function:
def predict(x, F, P, Q, z, R):
    xp = F @ x
    y = z - xp
    S = Q + R
    K = (P @ F.T) @ np.linalg.inv(F @ P @ F.T + R)
    x = xp + K @ y
    return xp, P, y, S, K, x
[Memory] Error evaluating function:
def predict(x, F, P, Q, z, R):
    xp = F @ x
    y = z - xp
    S = Q + R
    K = (P @ F.T) @ np.linalg.inv(F @ P @ F.T + R)
    x = xp + K @ y
    return xp, P, y, S, K, x
[Memory] Error evaluating function:
def predict(x, F, P, Q, z, R):
    xp = F @ x
    y = z - xp
    S = Q + R
    K = (P @ F.T) @ np.linalg.inv(F @ P @ F.T + R)
    x = xp + K @ y
    return xp, P, y, S, K, x
[Memory] Error evaluating function:
def predict(x, F, P, Q, z, R):
    xp = F @ x
    y = z - xp
    S = Q + R
    K = (P @ F.T) @ np.linalg.inv(F @ P @ F.T + R)
    x = xp + K @ y
    return xp, P, y, S, K, x
[Memory] Error evaluating function:
def predict(x, F, P, Q, z, R):
    xp = F @ x
    y = z - xp
    S = Q + R
    K = (P @ F.T) @ np.linalg.inv(F @ P @ F.T + R)
    x = xp + K @ y
    return xp, P, y, S, K, x
[Memory] Error evaluating function:
def predict(x, F, P, Q, z, R):
    xp = F @ x
    y = z - xp
    S = Q + R
    K = (P @ F.T) @ np.linalg.inv(F @ P @ F.T + R)
    x = xp + K @ y
    return xp, P, y, S, K, x
[Memory] Error evaluating function:
def predict(x, F, P, Q, z, R):
    xp = F @ x
    y = z - xp
    S = Q + R
    K = (P @ F.T) @ np.linalg.inv(F @ P @ F.T + R)
    x = xp + K @ y
    return xp, P, y, S, K, x
[Memory] Error evaluating function:
def predict(x, F, P, Q, z, R):
    xp = F @ x
    y = z - xp
    S = Q + R
    K = (P @ F.T) @ np.linalg.inv(F @ P @ F.T + R)
    x = xp + K @ y
    return xp, P, y, S, K, x
[Memory] Error evaluating function:
def predict(x, F, P, Q, z, R):
    xp = F @ x
    y = z - xp
    S = Q + R
    K = (P @ F.T) @ np.linalg.inv(F @ P @ F.T + R)
    x = xp + K @ y
    return xp, P, y, S, K, x
[Memory] Error evaluating function:
def predict(x, F, P, Q, z, R):
    xp = x
    y = z - x
    S = R
    K = np.ones_like(P)
    x = x + 0.1 * y
    return xp, P, y, S, K, x
[Memory] Error evaluating function:
def predict(x, F, P, Q, z, R):
    xp = F @ x
    y = z - xp
    S = Q + R
    K = 0.5 * np.eye(x.shape[0])
    x = xp + K @ y
    return xp, P, y, S, K, x
[Memory] Error evaluating function:
def predict(x, F, P, Q, z, R):
    xp = F @ x
    y = z - xp
    S = Q + R
    K = 0.5 * np.eye(x.shape[0])
    x = xp + K @ y
    return xp, P, y, S, K, x
[Memory] Error evaluating function:
def predict(x, F, P, Q, z, R):
    xp = F @ x
    y = z - xp
    S = Q + R
    K = 0.5 * np.eye(x.shape[0])
    x = xp + K @ y
    return xp, P, y, S, K, x
[Memory] Error evaluating function:
def predict(x, F, P, Q, z, R):
    xp = F @ x
    y = z - xp
    S = Q + R
    K = 0.5 * np.eye(x.shape[0])
    x = xp + K @ y
    return xp, P, y, S, K, x
[Memory] Error evaluating function:
def predict(x, F, P, Q, z, R):
    xp = F @ x
    y = z - xp
    S = Q + R
    K = 0.5 * np.eye(x.shape[0])
    x = xp + K @ y
    return xp, P, y, S, K, x
[Memory] Error evaluating function:
def predict(x, F, P, Q, z, R):
    xp = F @ x
    y = z - xp
    S = Q + R
    K = 0.5 * np.eye(x.shape[0])
    x = xp + K @ y
    return xp, P, y, S, K, x
[Memory] Error evaluating function:
def predict(x, F, P, Q, z, R):
    xp = F @ x
    y = z - xp
    S = Q + R
    K = 0.5 * np.eye(x.shape[0])
    x = xp + K @ y
    return xp, P, y, S, K, x
[Memory] Error evaluating function:
def predict(x, F, P, Q, z, R):
    xp = F @ x
    y = z - xp
    S = Q + R
    K = 0.5 * np.eye(x.shape[0])
    x = xp + K @ y
    return xp, P, y, S, K, x
[Memory] Error evaluating function:
def predict(x, F, P, Q, z, R):
    xp = F @ x
    y = z - xp
    S = Q + R
    K = 0.5 * np.eye(x.shape[0])
    x = xp + K @ y
    return xp, P, y, S, K, x
[Memory] Error evaluating function:
def predict(x, F, P, Q, z, R):
    xp = F @ x
    y = z - xp
    S = Q + R
    K = 0.5 * np.eye(x.shape[0])
    x = xp + K @ y
    return xp, P, y, S, K, x
[Memory] Error evaluating function:
def predict(x, F, P, Q, z, R):
    xp = F @ x
    y = z - xp
    S = Q + R
    K = 0.5 * np.eye(x.shape[0])
    x = xp + K @ y
    return xp, P, y, S, K, x
[Memory] Error evaluating function:
def predict(x, F, P, Q, z, R):
    xp = x
    y = z - x
    S = R
    K = np.ones_like(P)
    x = x + 0.1 * y
    return xp, P, y, S, K, x
[Memory] Error evaluating function:
def predict(x, F, P, Q, z, R):
    xp = F @ x
    y = z - xp
    S = Q + R
    K = 0.5 * np.eye(x.shape[0])
    x = xp + K @ y
    return xp, P, y, S, K, x
[Memory] Error evaluating function:
def predict(x, F, P, Q, z, R):
    xp = F @ x
    y = z - xp
    S = Q + R
    K = P @ y / (S + 1e-8)
    x = xp + K @ y
    return xp, P, y, S, K, x
[Memory] Error evaluating function:
def predict(x, F, P, Q, z, R):
    xp = x
    y = z - x
    S = R
    K = P @ y / (S + 1e-8)
    x = x + K @ y
    return xp, P, y, S, K, x
[Memory] Error evaluating function:
def predict(x, F, P, Q, z, R):
    xp = F @ x
    y = z - xp
    S = Q + R
    K = (P @ y) / (S + 1e-8)
    x = xp + K @ y
    return xp, P, y, S, K, x
[Memory] Error evaluating function:
def predict(x, F, P, Q, z, R):
    xp = F @ x
    y = z - xp
    S = Q + R
    K = (P @ y) / (S + 1e-8)
    x = xp + K @ y
    return xp, P, y, S, K, x
[Memory] Error evaluating function:
def predict(x, F, P, Q, z, R):
    xp = F @ x
    y = z - xp
    S = Q + R
    K = (P @ y) / (S + 1e-8)
    x = xp + K @ y
    return xp, P, y, S, K, x
[Memory] Error evaluating function:
def predict(x, F, P, Q, z, R):
    xp = F @ x
    y = z - xp
    S = Q + R
    K = (P @ y) / (S + 1e-8)
    x = xp + K @ y
    return xp, P, y, S, K, x
[Memory] Error evaluating function:
def predict(x, F, P, Q, z, R):
    xp = F @ x
    y = z - xp
    S = Q + R
    K = (P @ y) / (S + 1e-8)
    x = xp + K @ y
    return xp, P, y, S, K, x
[Memory] Error evaluating function:
def predict(x, F, P, Q, z, R):
    xp = F @ x
    y = z - xp
    S = Q + R
    K = (P @ y) / (S + 1e-8)
    x = xp + K @ y
    return xp, P, y, S, K, x
[Memory] Error evaluating function:
def predict(x, F, P, Q, z, R):
    xp = F @ x
    y = z - xp
    S = Q + R
    K = (P @ y) / (S + 1e-8)
    x = xp + K @ y
    return xp, P, y, S, K, x
[Memory] Error evaluating function:
def predict(x, F, P, Q, z, R):
    xp = F @ x
    y = z - xp
    S = Q + R
    K = (P @ y) / (S + 1e-8)
    x = xp + K @ y
    return xp, P, y, S, K, x
[Memory] Error evaluating function:
def predict(x, F, P, Q, z, R):
    xp = x
    y = z - x
    S = R
    K = np.ones_like(P)
    x = x + 0.1 * y
    return xp, P, y, S, K, x
[Memory] Error evaluating function:
def predict(x, F, P, Q, z, R):
    xp = F @ x
    y = z - xp
    S = Q + R
    K = 0.5 * np.eye(x.shape[0])
    x = xp + K @ y
    return xp, P, y, S, K, x
[Memory] Error evaluating function:
def predict(x, F, P, Q, z, R):
    xp = F @ x
    y = z - xp
    S = Q + R
    K = 0.5 * np.eye(x.shape[0])
    x = xp + K @ y
    return xp, P, y, S, K, x
[Memory] Error evaluating function:
def predict(x, F, P, Q, z, R):
    xp = F @ x
    y = z - xp
    S = Q + R
    K = 0.5 * np.eye(x.shape[0])
    x = xp + K @ y
    return xp, P, y, S, K, x
[Memory] Error evaluating function:
def predict(x, F, P, Q, z, R):
    xp = F @ x
    y = z - xp
    S = Q + R
    K = 0.5 * np.eye(x.shape[0])
    x = xp + K @ y
    return xp, P, y, S, K, x
[Memory] Error evaluating function:
def predict(x, F, P, Q, z, R):
    xp = F @ x
    y = z - xp
    S = Q + R
    K = 0.5 * np.eye(x.shape[0])
    x = xp + K @ y
    return xp, P, y, S, K, x
[Memory] Error evaluating function:
def predict(x, F, P, Q, z, R):
    xp = F @ x
    y = z - xp
    S = Q + R
    K = 0.5 * np.eye(x.shape[0])
    x = xp + K @ y
    return xp, P, y, S, K, x
[Memory] Error evaluating function:
def predict(x, F, P, Q, z, R):
    xp = F @ x
    y = z - xp
    S = Q + R
    K = 0.5 * np.eye(x.shape[0])
    x = xp + K @ y
    return xp, P, y, S, K, x
[Memory] Error evaluating function:
def predict(x, F, P, Q, z, R):
    xp = F @ x
    y = z - xp
    S = Q + R
    K = 0.5 * np.eye(x.shape[0])
    x = xp + K @ y
    return xp, P, y, S, K, x
[Memory] Error evaluating function:
def predict(x, F, P, Q, z, R):
    xp = F @ x
    y = z - xp
    S = Q + R
    K = 0.5 * np.eye(x.shape[0])
    x = xp + K @ y
    return xp, P, y, S, K, x
[Memory] Error evaluating function:
def predict(x, F, P, Q, z, R):
    xp = F @ x
    y = z - xp
    S = Q + R
    K = 0.5 * np.eye(x.shape[0])
    x = xp + K @ y
    return xp, P, y, S, K, x
[Memory] Error evaluating function:
def predict(x, F, P, Q, z, R):
    xp = F @ x
    y = z - xp
    S = Q + R
    K = 0.5 * np.eye(x.shape[0])
    x = xp + K @ y
    return xp, P, y, S, K, x
[Memory] Error evaluating function:
def predict(x, F, P, Q, z, R):
    xp = x
    y = z - x
    S = R
    K = np.ones_like(P)
    x = x + 0.1 * y
    return xp, P, y, S, K, x
[Memory] Error evaluating function:
def predict(x, F, P, Q, z, R):
    xp = F @ x
    y = z - xp
    S = Q + R
    K = 0.5 * np.eye(x.shape[0])
    x = xp + K @ y
    return xp, P, y, S, K, x
[Memory] Error evaluating function:
def predict(x, F, P, Q, z, R):
    xp = F @ x
    y = z - xp
    S = Q + R
    K = 0.5 * np.linalg.inv(S) @ y
    x = xp + K @ y
    return xp, P, y, S, K, x
[Memory] Error evaluating function:
def predict(x, F, P, Q, z, R):
    xp = F @ x
    y = z - xp
    S = Q + R
    K = 0.5 * (y @ S.T)
    x = xp + K @ y
    return xp, P, y, S, K, x
[Memory] Error evaluating function:
def predict(x, F, P, Q, z, R):
    xp = F @ x
    y = z - xp
    S = Q + R
    K = 0.5 * np.log(S) * np.ones_like(P)
    x = xp + K @ y
    return xp, P, y, S, K, x
[Memory] Error evaluating function:
def predict(x, F, P, Q, z, R):
    xp = F @ x
    y = z - xp
    S = Q + R
    K = 0.5 * (F.T @ np.linalg.inv(S) @ y)
    x = xp + K @ y
    return xp, P, y, S, K, x
[Memory] Error evaluating function:
def predict(x, F, P, Q, z, R):
    xp = F @ x
    y = z - xp
    S = Q + R
    K = 0.5 * (y.T @ np.linalg.inv(S)) @ y
    x = xp + K @ y
    return xp, P, y, S, K, x
[Memory] Error evaluating function:
def predict(x, F, P, Q, z, R):
    xp = F @ x
    y = z - xp
    S = Q + R
    K = 0.5 * np.sqrt(S) * np.ones_like(P)
    x = xp + K @ y
    return xp, P, y, S, K, x
[Memory] Error evaluating function:
def predict(x, F, P, Q, z, R):
    xp = F @ x
    y = z - xp
    S = Q + R
    K = 0.5 * (F.T @ y) / (S + 1e-8)
    x = xp + K @ y
    return xp, P, y, S, K, x
[Memory] Error evaluating function:
def predict(x, F, P, Q, z, R):
    xp = F @ x
    y = z - xp
    S = Q + R
    K = 0.5 * (y @ y.T) / S
    x = xp + K @ y
    return xp, P, y, S, K, x
[Memory] Error evaluating function:
def predict(x, F, P, Q, z, R):
    xp = F @ x
    y = z - xp
    S = Q + R
    K = 0.5 * (F.T @ y) / (S + 1e-8)
    x = xp + K @ y
    return xp, P, y, S, K, x
[Memory] Error evaluating function:
def predict(x, F, P, Q, z, R):
    xp = F @ x
    y = z - xp
    S = Q + R
    K = 0.5 * np.log(S) * np.ones_like(P)
    x = xp + K @ y
    return xp, P, y, S, K, x
[Memory] Error evaluating function:
def predict(x, F, P, Q, z, R):
    xp = x
    y = z - x
    S = R
    K = np.ones_like(P)
    x = x + 0.1 * y
    return xp, P, y, S, K, x
[Memory] Error evaluating function:
def predict(x, F, P, Q, z, R):
    xp = F @ x
    y = z - xp
    S = Q + R
    K = 0.5 * np.eye(x.shape[0])
    x = xp + K @ y
    return xp, P, y, S, K, x
[Memory] Error evaluating function:
def predict(x, F, P, Q, z, R):
    xp = F * x
    y = z - xp
    S = Q @ R
    K = P @ np.linalg.inv(S)
    x = xp + K @ y
    return xp, P, y, S, K, x
[Memory] Error evaluating function:
def predict(x, F, P, Q, z, R):
    xp = F + x
    y = z - xp
    S = Q * R
    K = np.linalg.inv(S) @ P
    x = xp + K @ y
    return xp, P, y, S, K, x
[Memory] Error evaluating function:
def predict(x, F, P, Q, z, R):
    xp = F @ x
    y = z - xp
    S = Q + R
    K = np.linalg.inv(S) @ P
    x = xp + K @ y
    return xp, P, y, S, K, x
[Memory] Error evaluating function:
def predict(x, F, P, Q, z, R):
    xp = F * x
    y = z - xp
    S = Q * R
    K = P @ np.linalg.inv(S)
    x = xp + K @ y
    return xp, P, y, S, K, x
[Memory] Error evaluating function:
def predict(x, F, P, Q, z, R):
    xp = F + x
    y = z - xp
    S = Q + R
    K = 0.5 * np.eye(x.shape[0])
    x = xp + K @ y
    return xp, P, y, S, K, x
[Memory] Error evaluating function:
def predict(x, F, P, Q, z, R):
    xp = F * x
    y = z - xp
    S = Q + R
    K = np.linalg.inv(S) @ P
    x = xp + K @ y
    return xp, P, y, S, K, x
[Memory] Error evaluating function:
def predict(x, F, P, Q, z, R):
    xp = F @ x
    y = z - xp
    S = Q * R
    K = P @ np.linalg.inv(S)
    x = xp + K @ y
    return xp, P, y, S, K, x
[Memory] Error evaluating function:
def predict(x, F, P, Q, z, R):
    xp = F + x
    y = z - xp
    S = Q + R
    K = 0.5 * np.eye(x.shape[0])
    x = xp + K @ y
    return xp, P, y, S, K, x
[Memory] Error evaluating function:
def predict(x, F, P, Q, z, R):
    xp = x
    y = z - x
    S = R
    K = np.ones_like(P)
    x = x + 0.1 * y
    return xp, P, y, S, K, x
[Memory] Error evaluating function:
def predict(x, F, P, Q, z, R):
    xp = F @ x
    y = z - xp
    S = Q + R
    K = 0.5 * np.eye(x.shape[0])
    x = xp + K @ y
    return xp, P, y, S, K, x
[Memory] Error evaluating function:
def predict(x, F, P, Q, z, R):
    xp = F @ x
    y = z - xp
    S = Q + R
    K = 0.5 * np.eye(x.shape[0])
    x = xp + K @ y
    return xp, P, y, S, K, x
[Memory] Error evaluating function:
def predict(x, F, P, Q, z, R):
    xp = F @ x
    y = z - xp
    S = Q + R
    K = 0.5 * np.eye(x.shape[0])
    x = xp + K @ y
    return xp, P, y, S, K, x
[Memory] Error evaluating function:
def predict(x, F, P, Q, z, R):
    xp = F @ x
    y = z - xp
    S = Q + R
    K = 0.5 * np.eye(x.shape[0])
    x = xp + K @ y
    return xp, P, y, S, K, x
[Memory] Error evaluating function:
def predict(x, F, P, Q, z, R):
    xp = F @ x
    y = z - xp
    S = Q + R
    K = 0.5 * np.eye(x.shape[0])
    x = xp + K @ y
    return xp, P, y, S, K, x
[Memory] Error evaluating function:
def predict(x, F, P, Q, z, R):
    xp = F @ x
    y = z - xp
    S = Q + R
    K = 0.5 * np.eye(x.shape[0])
    x = xp + K @ y
    return xp, P, y, S, K, x
[Memory] Error evaluating function:
def predict(x, F, P, Q, z, R):
    xp = F @ x
    y = z - xp
    S = Q + R
    K = 0.5 * np.eye(x.shape[0])
    x = xp + K @ y
    return xp, P, y, S, K, x
[Memory] Error evaluating function:
def predict(x, F, P, Q, z, R):
    xp = F @ x
    y = z - xp
    S = Q + R
    K = 0.5 * np.eye(x.shape[0])
    x = xp + K @ y
    return xp, P, y, S, K, x
[Memory] Error evaluating function:
def predict(x, F, P, Q, z, R):
    xp = F @ x
    y = z - xp
    S = Q + R
    K = 0.5 * np.eye(x.shape[0])
    x = xp + K @ y
    return xp, P, y, S, K, x
[Memory] Error evaluating function:
def predict(x, F, P, Q, z, R):
    xp = F @ x
    y = z - xp
    S = Q + R
    K = 0.5 * np.eye(x.shape[0])
    x = xp + K @ y
    return xp, P, y, S, K, x
[Memory] Error evaluating function:
def predict(x, F, P, Q, z, R):
    xp = F @ x
    y = z - xp
    S = Q + R
    K = 0.5 * np.eye(x.shape[0])
    x = xp + K @ y
    return xp, P, y, S, K, x
[Memory] Error evaluating function:
def predict(x, F, P, Q, z, R):
    xp = x
    y = z - x
    S = R
    K = np.ones_like(P)
    x = x + 0.1 * y
    return xp, P, y, S, K, x
[Memory] Error evaluating function:
def predict(x, F, P, Q, z, R):
    xp = F @ x
    y = z - xp
    S = Q + R
    K = 0.5 * np.eye(x.shape[0])
    x = xp + K @ y
    return xp, P, y, S, K, x
[Memory] Error evaluating function:
def predict(x, F, P, Q, z, R):
    xp = F @ x
    y = z - xp
    S = Q + R
    K = np.linalg.inv(S) @ P
    x = xp + K @ y
    return xp, P, y, S, K, x
[Memory] Error evaluating function:
def predict(x, F, P, Q, z, R):
    xp = F @ x
    y = z - xp
    S = Q + R
    K = P @ np.linalg.inv(S)
    x = xp + K @ y
    return xp, P, y, S, K, x
[Memory] Error evaluating function:
def predict(x, F, P, Q, z, R):
    xp = F @ x
    y = z - xp
    S = Q + R
    K = P @ S.T @ np.linalg.inv(S @ S.T)
    x = xp + K @ y
    return xp, P, y, S, K, x
[Memory] Error evaluating function:
def predict(x, F, P, Q, z, R):
    xp = F @ x
    y = z - xp
    S = Q + R
    K = np.linalg.inv(P) @ S
    x = xp + K @ y
    return xp, P, y, S, K, x
[Memory] Error evaluating function:
def predict(x, F, P, Q, z, R):
    xp = F @ x
    y = z - xp
    S = Q + R
    K = S @ np.linalg.inv(P @ S.T)
    x = xp + K @ y
    return xp, P, y, S, K, x
[Memory] Error evaluating function:
def predict(x, F, P, Q, z, R):
    xp = F @ x
    y = z - xp
    S = Q + R
    K = P @ np.linalg.inv(S)
    x = xp + K @ y
    return xp, P, y, S, K, x
[Memory] Error evaluating function:
def predict(x, F, P, Q, z, R):
    xp = F @ x
    y = z - xp
    S = Q + R
    K = np.linalg.inv(S) @ P
    x = xp + K @ y
    return xp, P, y, S, K, x
[Memory] Error evaluating function:
def predict(x, F, P, Q, z, R):
    xp = F @ x
    y = z - xp
    S = Q + R
    K = P @ S.T @ np.linalg.inv(S @ S.T)
    x = xp + K @ y
    return xp, P, y, S, K, x
[Memory] Error evaluating function:
def predict(x, F, P, Q, z, R):
    xp = x
    y = z - x
    S = R
    K = np.ones_like(P)
    x = x + 0.1 * y
    return xp, P, y, S, K, x
[Memory] Error evaluating function:
def predict(x, F, P, Q, z, R):
    xp = F @ x
    y = z - xp
    S = Q + R
    K = 0.5 * np.eye(x.shape[0])
    x = xp + K @ y
    return xp, P, y, S, K, x
[Memory] Error evaluating function:
def predict(x, F, P, Q, z, R):
    xp = F @ x + np.random.normal(0, np.sqrt(np.diag(P)))
    y = z - xp
    S = Q + R + np.diag(np.random.uniform(0.1, 0.3, x.shape[0]))
    K = 0.5 * (F.T @ np.linalg.inv(S))
    x = xp + K @ y
    return xp, P, y, S, K, x
[Memory] Error evaluating function:
def predict(x, F, P, Q, z, R):
    xp = F @ x
    y = z - xp
    S = Q + R
    K = 0.5 * np.eye(x.shape[0])
    x = xp + K @ y
    return xp, P, y, S, K, x
[Memory] Error evaluating function:
def predict(x, F, P, Q, z, R):
    xp = F @ x
    y = z - xp
    S = Q + R
    K = np.zeros_like(P)
    K[:,0] = 0.5 * y
    x = xp + K @ y
    return xp, P, y, S, K, x
[Memory] Error evaluating function:
def predict(x, F, P, Q, z, R):
    xp = F @ x
    y = z - xp
    S = Q + R
    K = 0.5 * np.eye(x.shape[0])
    x = xp + K @ y
    return xp, P, y, S, K, x
[Memory] Error evaluating function:
def predict(x, F, P, Q, z, R):
    xp = F @ x
    y = z - xp
    S = Q + R
    K = 0.5 * np.eye(x.shape[0])
    x = xp + K @ y
    return xp, P, y, S, K, x
[Memory] Error evaluating function:
def predict(x, F, P, Q, z, R):
    xp = F @ x
    y = z - xp
    S = Q + R
    K = 0.5 * np.eye(x.shape[0])
    x = xp + K @ y
    return xp, P, y, S, K, x
[Memory] Error evaluating function:
def predict(x, F, P, Q, z, R):
    xp = F @ x
    y = z - xp
    S = Q + R
    K = 0.5 * np.eye(x.shape[0])
    x = xp + K @ y
    return xp, P, y, S, K, x
[Memory] Error evaluating function:
def predict(x, F, P, Q, z, R):
    xp = F @ x
    y = z - xp
    S = Q + R
    K = 0.5 * np.eye(x.shape[0])
    x = xp + K @ y
    return xp, P, y, S, K, x
[Memory] Error evaluating function:
def predict(x, F, P, Q, z, R):
    xp = F @ x
    y = z - xp
    S = Q + R
    K = 0.5 * np.eye(x.shape[0])
    x = xp + K @ y
    return xp, P, y, S, K, x
[Memory] Error evaluating function:
def predict(x, F, P, Q, z, R):
    xp = F @ x
    y = z - xp
    S = Q + R
    K = 0.5 * np.eye(x.shape[0])
    x = xp + K @ y
    return xp, P, y, S, K, x
[Memory] Error evaluating function:
def predict(x, F, P, Q, z, R):
    xp = x
    y = z - x
    S = R
    K = np.ones_like(P)
    x = x + 0.1 * y
    return xp, P, y, S, K, x
[Memory] Error evaluating function:
def predict(x, F, P, Q, z, R):
    xp = F @ x
    y = z - xp
    S = Q + R
    K = 0.5 * np.eye(x.shape[0])
    x = xp + K @ y
    return xp, P, y, S, K, x
[Memory] Error evaluating function:
def predict(x, F, P, Q, z, R):
    xp = F @ x
    y = z - xp
    S = Q + R
    K = 0.5 * np.eye(x.shape[0])
    x = xp + K @ y
    return xp, P, y, S, K, x
[Memory] Error evaluating function:
def predict(x, F, P, Q, z, R):
    xp = F @ x
    y = z - xp
    S = Q + R
    K = 0.25 * np.eye(x.shape[0])
    x = xp + K @ y
    return xp, P, y, S, K, x
[Memory] Error evaluating function:
def predict(x, F, P, Q, z, R):
    xp = F @ x
    y = z - xp
    S = Q + R
    K = 0.1 * np.eye(x.shape[0])
    x = xp + K @ y
    return xp, P, y, S, K, x
[Memory] Error evaluating function:
def predict(x, F, P, Q, z, R):
    xp = F @ x
    y = z - xp
    S = Q + R
    K = 0.4 * np.eye(x.shape[0])
    x = xp + K @ y
    return xp, P, y, S, K, x
[Memory] Error evaluating function:
def predict(x, F, P, Q, z, R):
    xp = F @ x
    y = z - xp
    S = Q + R
    K = 0.3 * np.eye(x.shape[0])
    x = xp + K @ y
    return xp, P, y, S, K, x
[Memory] Error evaluating function:
def predict(x, F, P, Q, z, R):
    xp = F @ x
    y = z - xp
    S = Q + R
    K = 0.6 * np.eye(x.shape[0])
    x = xp + K @ y
    return xp, P, y, S, K, x
[Memory] Error evaluating function:
def predict(x, F, P, Q, z, R):
    xp = F @ x
    y = z - xp
    S = Q + R
    K = 0.7 * np.eye(x.shape[0])
    x = xp + K @ y
    return xp, P, y, S, K, x
[Memory] Error evaluating function:
def predict(x, F, P, Q, z, R):
    xp = F @ x
    y = z - xp
    S = Q + R
    K = 0.8 * np.eye(x.shape[0])
    x = xp + K @ y
    return xp, P, y, S, K, x
[Memory] Error evaluating function:
def predict(x, F, P, Q, z, R):
    xp = F @ x
    y = z - xp
    S = Q + R
    K = 0.9 * np.eye(x.shape[0])
    x = xp + K @ y
    return xp, P, y, S, K, x
[Memory] Error evaluating function:
def predict(x, F, P, Q, z, R):
    xp = F @ x
    y = z - xp
    S = Q + R
    K = 1.0 * np.eye(x.shape[0])
    x = xp + K @ y
    return xp, P, y, S, K, x
[Memory] Error evaluating function:
def predict(x, F, P, Q, z, R):
    xp = x
    y = z - x
    S = R
    K = np.ones_like(P)
    x = x + 0.1 * y
    return xp, P, y, S, K, x
[Memory] Error evaluating function:
def predict(x, F, P, Q, z, R):
    xp = F @ x
    y = z - xp
    S = Q + R
    K = 0.5 * np.eye(x.shape[0])
    x = xp + K @ y
    return xp, P, y, S, K, x
[Memory] Error evaluating function:
def predict(x, F, P, Q, z, R):
    xp = F @ x
    y = z - xp
    S = Q + R
    K = 0.5 * np.eye(x.shape[0])
    x = xp + K @ y
    return xp, P, y, S, K, x
[Memory] Error evaluating function:
def predict(x, F, P, Q, z, R):
    xp = F @ x
    y = z - xp
    S = Q + R
    K = np.linalg.inv(S) @ y
    x = xp + K @ y
    return xp, P, y, S, K, x
[Memory] Error evaluating function:
def predict(x, F, P, Q, z, R):
    xp = F @ x
    y = z - xp
    S = Q + R
    K = 0.5 * (P @ F.T) / (F @ P @ F.T + Q)
    x = xp + K @ y
    return xp, P, y, S, K, x
[Memory] Error evaluating function:
def predict(x, F, P, Q, z, R):
    xp = F @ x
    y = z - xp
    S = Q + R
    K = np.eye(x.shape[0])
    x = xp + K @ y
    return xp, P, y, S, K, x
[Memory] Error evaluating function:
def predict(x, F, P, Q, z, R):
    xp = F @ x
    y = z - xp
    S = Q + R
    K = 0.25 * np.eye(x.shape[0])
    x = xp + K @ y
    return xp, P, y, S, K, x
[Memory] Error evaluating function:
def predict(x, F, P, Q, z, R):
    xp = F @ x
    y = z - xp
    S = Q + R
    K = 0.75 * np.eye(x.shape[0])
    x = xp + K @ y
    return xp, P, y, S, K, x
[Memory] Error evaluating function:
def predict(x, F, P, Q, z, R):
    xp = F @ x
    y = z - xp
    S = Q + R
    K = np.zeros_like(P)
    x = xp + K @ y
    return xp, P, y, S, K, x
[Memory] Error evaluating function:
def predict(x, F, P, Q, z, R):
    xp = F @ x
    y = z - xp
    S = Q + R
    K = 0.3 * np.eye(x.shape[0])
    x = xp + K @ y
    return xp, P, y, S, K, x
[Memory] Error evaluating function:
def predict(x, F, P, Q, z, R):
    xp = F @ x
    y = z - xp
    S = Q + R
    K = 0.6 * np.eye(x.shape[0])
    x = xp + K @ y
    return xp, P, y, S, K, x
[Memory] Error evaluating function:
def predict(x, F, P, Q, z, R):
    xp = F @ x
    y = z - xp
    S = Q + R
    K = 0.4 * np.eye(x.shape[0])
    x = xp + K @ y
    return xp, P, y, S, K, x
[Memory] Error evaluating function:
def predict(x, F, P, Q, z, R):
    xp = x
    y = z - x
    S = R
    K = np.ones_like(P)
    x = x + 0.1 * y
    return xp, P, y, S, K, x
[Memory] Error evaluating function:
def predict(x, F, P, Q, z, R):
    xp = F @ x
    y = z - xp
    S = Q + R
    K = 0.5 * np.eye(x.shape[0])
    x = xp + K @ y
    return xp, P, y, S, K, x
[Memory] Error evaluating function:
def predict(x, F, P, Q, z, R):
    xp = F * x
    y = z - xp
    S = Q + R
    K = np.zeros_like(P)
    x = xp + K * y
    return xp, P, y, S, K, x
[Memory] Error evaluating function:
def predict(x, F, P, Q, z, R):
    xp = F @ x
    y = z - xp
    S = Q + R
    K = 0.5 * np.eye(x.shape[0])
    x = xp + K @ y
    return xp, P, y, S, K, x
[Memory] Error evaluating function:
def predict(x, F, P, Q, z, R):
    xp = F @ x
    y = z - xp
    S = Q + R
    K = 0.5 * np.eye(x.shape[0])
    x = xp + K @ y
    return xp, P, y, S, K, x
[Memory] Error evaluating function:
def predict(x, F, P, Q, z, R):
    xp = F @ x
    y = z - xp
    S = Q + R
    K = 0.5 * np.eye(x.shape[0])
    x = xp + K @ y
    return xp, P, y, S, K, x
[Memory] Error evaluating function:
def predict(x, F, P, Q, z, R):
    xp = F @ x
    y = z - xp
    S = Q + R
    K = 0.5 * np.eye(x.shape[0])
    x = xp + K @ y
    return xp, P, y, S, K, x
[Memory] Error evaluating function:
def predict(x, F, P, Q, z, R):
    xp = F @ x
    y = z - xp
    S = Q + R
    K = 0.5 * np.eye(x.shape[0])
    x = xp + K @ y
    return xp, P, y, S, K, x
[Memory] Error evaluating function:
def predict(x, F, P, Q, z, R):
    xp = F @ x
    y = z - xp
    S = Q + R
    K = 0.5 * np.eye(x.shape[0])
    x = xp + K @ y
    return xp, P, y, S, K, x
[Memory] Error evaluating function:
def predict(x, F, P, Q, z, R):
    xp = F @ x
    y = z - xp
    S = Q + R
    K = 0.5 * np.eye(x.shape[0])
    x = xp + K @ y
    return xp, P, y, S, K, x
[Memory] Error evaluating function:
def predict(x, F, P, Q, z, R):
    xp = F @ x
    y = z - xp
    S = Q + R
    K = 0.5 * np.eye(x.shape[0])
    x = xp + K @ y
    return xp, P, y, S, K, x
[Memory] Error evaluating function:
def predict(x, F, P, Q, z, R):
    xp = F @ x
    y = z - xp
    S = Q + R
    K = 0.5 * np.eye(x.shape[0])
    x = xp + K @ y
    return xp, P, y, S, K, x
[Memory] Error evaluating function:
def predict(x, F, P, Q, z, R):
    xp = x
    y = z - x
    S = R
    K = np.ones_like(P)
    x = x + 0.1 * y
    return xp, P, y, S, K, x
[Memory] Error evaluating function:
def predict(x, F, P, Q, z, R):
    xp = F @ x
    y = z - xp
    S = Q + R
    K = 0.5 * np.eye(x.shape[0])
    x = xp + K @ y
    return xp, P, y, S, K, x
[Memory] Error evaluating function:
def predict(x, F, P, Q, z, R):
    xp = F @ x
    y = z - xp
    S = Q + R
    K = np.linalg.inv(S) @ P
    x = xp + K @ y
    return xp, P, y, S, K, x
[Memory] Error evaluating function:
def predict(x, F, P, Q, z, R):
    xp = F @ x
    y = z - xp
    S = Q + R
    K = np.zeros_like(P)
    x = xp + np.dot(K, y)
    return xp, P, y, S, K, x
[Memory] Error evaluating function:
def predict(x, F, P, Q, z, R):
    xp = F @ x
    y = z - xp
    S = Q + R
    K = np.eye_like(P)
    x = xp + K @ y
    return xp, P, y, S, K, x
[Memory] Error evaluating function:
def predict(x, F, P, Q, z, R):
    xp = F @ x
    y = z - xp
    S = Q + R
    K = np.sqrt(P) / np.sqrt(S)
    x = xp + K * y
    return xp, P, y, S, K, x
[Memory] Error evaluating function:
def predict(x, F, P, Q, z, R):
    xp = F @ x
    y = z - xp
    S = Q + R
    K = (P @ np.linalg.inv(S))
    x = xp + K @ y
    return xp, P, y, S, K, x
[Memory] Error evaluating function:
def predict(x, F, P, Q, z, R):
    xp = F @ x
    y = z - xp
    S = Q + R
    K = np.log(P) / np.log(S)
    x = xp + K * y
    return xp, P, y, S, K, x
[Memory] Error evaluating function:
def predict(x, F, P, Q, z, R):
    xp = F @ x
    y = z - xp
    S = Q + R
    K = np.exp(P) / np.exp(S)
    x = xp + K * y
    return xp, P, y, S, K, x
[Memory] Error evaluating function:
def predict(x, F, P, Q, z, R):
    xp = F @ x
    y = z - xp
    S = Q + R
    K = (P + S) / (P - S)
    x = xp + K * y
    return xp, P, y, S, K, x
[Memory] Error evaluating function:
def predict(x, F, P, Q, z, R):
    xp = F @ x
    y = z - xp
    S = Q + R
    K = (P * S) / (P + S)
    x = xp + K * y
    return xp, P, y, S, K, x
[Memory] Error evaluating function:
def predict(x, F, P, Q, z, R):
    xp = F @ x
    y = z - xp
    S = Q + R
    K = (P - S) / (P + S)
    x = xp + K * y
    return xp, P, y, S, K, x
[Process 0] after evaluate_graphs
[Process 0] step=0, generation took 137.16s 
[Process 0] best score so far: None, content:
None 
[Process 0] step=1, sampling done
[Process 0] step=1, text tokenized
