Detected 4 GPU(s). We will spawn 4 processes.


==== Outer Iteration 0 ====
[Process 0] started on GPU 0, running 10 iterations...
[Process 3] started on GPU 3, running 10 iterations...
[Process 1] started on GPU 1, running 10 iterations...
[Process 2] started on GPU 2, running 10 iterations...
[Process 1] step=0, generation took 297.29s
[Process 1] best score so far: 1.9086611481626494, content:
def fun(i1, i2, i3, i4):
    return i1 @ i2.T, i3 + i4

[Process 2] step=0, generation took 297.41s
[Process 2] best score so far: 1.9086611481626494, content:
def fun(i1, i2, i3, i4):
    o1 = i2 @ i1
    o2 = i3 + i4
    return o1, o2

[Process 0] step=0, generation took 296.67s
[Process 0] best score so far: 2.2020762825083775, content:
def fun(i1, i2, i3, i4):
    o1 = i2 @ i1
    o2 = (i3 + i4) @ i2
    return o1, o2

[Process 3] step=0, generation took 299.02s
[Process 3] best score so far: 6.049124670243207, content:
def fun(i1, i2, i3, i4):
    o1 = i1
    o2 = (i3 @ i4) + i2
    return o1, o2

[Process 1] step=1, generation took 299.87s
[Process 1] best score so far: 1.9086611481626494, content:
def fun(i1, i2, i3, i4):
    return i1 @ i2.T, i3 + i4

[Process 2] step=1, generation took 300.77s
[Process 2] best score so far: 1.9086611481626494, content:
def fun(i1, i2, i3, i4):
    o1 = i2 @ i1
    o2 = i3 + i4
    return o1, o2

[Process 3] step=1, generation took 302.08s
[Process 3] best score so far: 6.049124670243207, content:
def fun(i1, i2, i3, i4):
    return (i1, i2 + i3 @ i4.T)

[Process 0] step=1, generation took 299.44s
[Process 0] best score so far: 2.2020762825083775, content:
def fun(i1, i2, i3, i4):
    o1 = i2 @ i1
    o2 = (i3 + i4) @ i2
    return o1, o2

[Process 2] step=2, generation took 300.50s
[Process 2] best score so far: 1.9086611481626494, content:
def fun(i1, i2, i3, i4):
    o1 = (i2 @ i1).T
    o2 = i3 + i4
    return o1, o2

[Process 1] step=2, generation took 300.36s
[Process 1] best score so far: 1.9086611481626494, content:
def fun(i1, i2, i3, i4):
    return (i1 @ i2.T, (i3 + i4).T)

[Process 0] step=2, generation took 299.74s
[Process 0] best score so far: 2.2020762825083775, content:
def fun(i1, i2, i3, i4):
    o1 = i2 @ i1
    o2 = (i3 + i4) @ i2
    return o1, o2

[Process 3] step=2, generation took 301.68s
[Process 3] best score so far: 1.9086611481626494, content:
def fun(i1, i2, i3, i4):
    o1 = i1 @ i2.T
    o2 = i3.T + i4
    return o1, o2

[Process 2] step=3, generation took 300.90s
[Process 2] best score so far: 1.9086611481626494, content:
def fun(i1, i2, i3, i4):
    o1 = (i2 @ i1)
    o2 = (i3 + i4).T
    return o1, o2

[Process 1] step=3, generation took 300.36s
[Process 1] best score so far: 1.9086611481626494, content:
def fun(i1, i2, i3, i4):
    o1 = i1 @ i2.T
    o2 = i3 + i4.T
    return o1, o2

[Process 0] step=3, generation took 300.46s
[Process 0] best score so far: 2.2020762825083775, content:
def fun(i1, i2, i3, i4):
    o1 = i2 @ i1
    o2 = (i3 + i4) @ i2
    return o1, o2

[Process 3] step=3, generation took 300.71s
[Process 3] best score so far: 1.9086611481626494, content:
def fun(i1, i2, i3, i4):
    o1 = i1 @ i2.T
    o2 = i3.T + i4
    return o1, o2

[Process 2] step=4, generation took 301.20s
[Process 2] best score so far: 1.9086611481626494, content:
def fun(i1, i2, i3, i4):
    o1 = (i2 @ i1)
    o2 = (i3 + i4).T
    return o1, o2

[Process 1] step=4, generation took 300.03s
[Process 1] best score so far: 1.5411593126422123, content:
def fun(i1, i2, i3, i4):
    return i1 @ i2.T, i3 + i4 + i4

[Process 0] step=4, generation took 299.28s
[Process 0] best score so far: 2.2020762825083775, content:
def fun(i1, i2, i3, i4):
    o1 = i2 @ i1
    o2 = (i3 + i4) @ i2
    return o1, o2

[Process 3] step=4, generation took 299.44s
[Process 3] best score so far: 1.9086611481626494, content:
def fun(i1, i2, i3, i4):
    o1 = i1 @ i2.T
    o2 = i3 + i4
    return o1, o2

[Process 1] step=5, generation took 300.36s
[Process 1] best score so far: 1.5411593126422123, content:
def fun(i1, i2, i3, i4):
    return i1 @ i2.T, i3 + i4 + i4

[Process 2] step=5, generation took 298.51s
[Process 2] best score so far: 1.9086611481626494, content:
def fun(i1, i2, i3, i4):
    o1 = i2 @ i1
    o2 = i3 + i4
    return o1.T, o2

[Process 0] step=5, generation took 297.58s
[Process 0] best score so far: 2.2020762825083775, content:
def fun(i1, i2, i3, i4):
    o1 = i2 @ i1
    o2 = (i3 + i4) @ i2
    return o1, o2

[Process 3] step=5, generation took 300.99s
[Process 3] best score so far: 1.9086611481626494, content:
def fun(i1, i2, i3, i4):
    o1 = i2 @ i1.T
    o2 = i3 + i4
    return o1, o2

[Process 2] step=6, generation took 290.08s
[Process 2] best score so far: 1.9086611481626494, content:
def fun(i1, i2, i3, i4):
    o1 = i2 @ i1
    o2 = (i3 + i4).T
    return o1, o2

[Process 1] step=6, generation took 300.48s
[Process 1] best score so far: 1.1357833109928364, content:
def fun(i1, i2, i3, i4):
    o1 = i1 @ i2.T 
    o2 = (i3 + i3 + i4).T
    return o1, o2

[Process 0] step=6, generation took 299.60s
[Process 0] best score so far: 2.1886130710908196, content:
def fun(i1, i2, i3, i4):
    return (i2 @ i1, (i3 + i4).T @ i2)

[Process 3] step=6, generation took 299.87s
[Process 3] best score so far: 1.9086611481626494, content:
def fun(i1, i2, i3, i4):
    o1 = i2 @ i1.T
    o2 = i3 + i4
    return o1, o2

[Process 2] step=7, generation took 293.75s
[Process 2] best score so far: 1.9086611481626494, content:
def fun(i1, i2, i3, i4):
    o1 = (i2 @ i1)
    o2 = i3 + i4
    return o1, o2

[Process 1] step=7, generation took 300.25s
[Process 1] best score so far: 1.1357833109928364, content:
def fun(i1, i2, i3, i4):
    o1 = i1 @ i2.T 
    o2 = (i3 + i3 + i4).T
    return o1, o2

[Process 3] step=7, generation took 299.72s
[Process 3] best score so far: 1.9086611481626494, content:
def fun(i1, i2, i3, i4):
    return (i2 @ i1.T), (i3 + i4).T

[Process 0] step=7, generation took 300.12s
[Process 0] best score so far: 0.3845798072807488, content:
def fun(i1, i2, i3, i4):
    return (i2 @ i1, (i3 + i4) @ i2.T)

[Process 2] step=8, generation took 290.56s
[Process 2] best score so far: 1.9086611481626494, content:
def fun(i1, i2, i3, i4):
    o1 = (i2 @ i1)
    o2 = i3 + i4
    return o1, o2

[Process 1] step=8, generation took 299.58s
[Process 1] best score so far: 1.1357833109928364, content:
def fun(i1, i2, i3, i4):
    return (i1 @ i2.T, (i3 + i3 + i4).T)

[Process 0] step=8, generation took 296.21s
[Process 0] best score so far: 0.3845798072807488, content:
def fun(i1, i2, i3, i4):
    return ((i2 @ i1).T, (i3 + i4) @ i2.T)

[Process 3] step=8, generation took 300.86s
[Process 3] best score so far: 1.9086611481626494, content:
def fun(i1, i2, i3, i4):
    return (i2 @ i1.T), (i3 + i4).T

[Process 2] step=9, generation took 290.25s
[Process 2] best score so far: 1.9086611481626494, content:
def fun(i1, i2, i3, i4):
    o1 = (i2 @ i1).T 
    o2 = (i3 + i4)
    return o1, o2

[Process 1] step=9, generation took 300.27s
[Process 1] best score so far: 1.1357833109928364, content:
def fun(i1, i2, i3, i4):
    return (i1 @ i2.T, (i3 + i3 + i4).T)

[Process 0] step=9, generation took 301.16s
[Process 0] best score so far: 0.3845798072807488, content:
def fun(i1, i2, i3, i4):
    return (i2 @ i1.T, (i3 + i4) @ i2.T)

[Process 3] step=9, generation took 299.08s
[Process 3] best score so far: 1.9086611481626494, content:
def fun(i1, i2, i3, i4):
    o1 = (i2 @ i1.T).T
    o2 = i3 + i4
    return o1, o2


[Main] Collecting best scores from each thread's memory:
  Thread 0: best score 0.3845798072807488
  Thread 1: best score 1.1357833109928364
  Thread 2: best score 1.9086611481626494
  Thread 3: best score 1.9086611481626494

[Main] Sorted memory_infos (score, thread_idx):
  0.3845798072807488, thread 0
  1.1357833109928364, thread 1
  1.9086611481626494, thread 2
  1.9086611481626494, thread 3

[Main] Worst half (to be reinitialized):
  Thread 2 with score 1.9086611481626494
  Thread 3 with score 1.9086611481626494

[Main] Donor candidates (top half):
  Thread 0 with score 0.3845798072807488
  Thread 1 with score 1.1357833109928364
[Main] Reinitializing memory for thread 2 with best element from thread 0.
[Main] Reinitializing memory for thread 3 with best element from thread 1.

==== Outer Iteration 1 ====
[Process 3] started on GPU 3, running 10 iterations...
[Process 1] started on GPU 1, running 10 iterations...
[Process 2] started on GPU 2, running 10 iterations...
[Process 0] started on GPU 0, running 10 iterations...
[Process 2] step=0, generation took 298.61s
[Process 2] best score so far: 0.3845798072807488, content:
def fun(i1, i2, i3, i4):
    a = i2 @ i1.T
    b = (i3 + i4) @ i2.T
    return (a, b)

[Process 3] step=0, generation took 297.56s
[Process 3] best score so far: 1.0386181272081172, content:
def fun(i1, i2, i3, i4):
    return (i1 @ i2.T, i3.T + i3.T)

[Process 0] step=0, generation took 301.64s
[Process 0] best score so far: 0.05522980368546141, content:
def fun(i1, i2, i3, i4):
    return ((i2 @ i1).T, (i3 + i4).T @ i2.T)

[Process 1] step=0, generation took 300.51s
[Process 1] best score so far: 1.1357833109928364, content:
def fun(i1, i2, i3, i4):
    return (i1 @ i2.T, (i3 + i3 + i4).T)

[Process 2] step=1, generation took 302.19s
[Process 2] best score so far: 0.3845798072807488, content:
def fun(i1, i2, i3, i4):
    a = i2 @ i1.T
    b = (i3 + i4) @ i2.T
    c = a + b
    d = a + b + c
    return (a, b)

[Process 3] step=1, generation took 301.26s
[Process 3] best score so far: 1.0386181272081172, content:
def fun(i1, i2, i3, i4):
    return (i1 @ i2.T, i3.T + i3.T)

[Process 1] step=1, generation took 299.80s
[Process 1] best score so far: 1.1357833109928364, content:
def fun(i1, i2, i3, i4):
    return (i1 @ i2.T, (i3 + i3 + i4).T)

[Process 0] step=1, generation took 300.85s
[Process 0] best score so far: 0.05522980368546141, content:
def fun(i1, i2, i3, i4):
    return ((i2 @ i1).T, (i3 + i4).T @ i2.T)

[Process 2] step=2, generation took 300.62s
[Process 2] best score so far: 0.05522980368546141, content:
def fun(i1, i2, i3, i4):
    a = i2 @ i1.T
    b = (i3.T + i4) @ i2.T
    return (a, b)

[Process 3] step=2, generation took 301.06s
[Process 3] best score so far: 0.3845798072807488, content:
def fun(i1, i2, i3, i4):
    return (i1 @ i2.T, (i3 + i4) @ i2.T)

[Process 1] step=2, generation took 299.44s
[Process 1] best score so far: 1.1357833109928364, content:
def fun(i1, i2, i3, i4):
    return (i1 @ i2.T, (i3 + i3 + i4).T)

[Process 0] step=2, generation took 300.55s
[Process 0] best score so far: 0.05522980368546141, content:
def fun(i1, i2, i3, i4):
    return ((i2 @ i1).T, (i3 + i4).T @ i2.T)

[Process 3] step=3, generation took 296.82s
[Process 3] best score so far: 0.3845798072807488, content:
def fun(i1, i2, i3, i4):
    return (i1 @ i2.T, (i3 + i4) @ i2.T)

[Process 2] step=3, generation took 302.19s
[Process 2] best score so far: 0.05522980368546141, content:
def fun(i1, i2, i3, i4):
    a = i2 @ i1.T
    b = (i3.T + i4) @ i2.T
    return (a, b)

[Process 0] step=3, generation took 299.66s
[Process 0] best score so far: 0.05522980368546141, content:
def fun(i1, i2, i3, i4):
    return (i2 @ i1.T), (i3 + i4).T @ i2.T

[Process 1] step=3, generation took 299.89s
[Process 1] best score so far: 1.0386181272081172, content:
def fun(i1, i3, i4, i2):
    o1 = i1 @ i3.T
    o2 = (i4 + i4).T
    return (o1, o2)

[Process 3] step=4, generation took 300.94s
[Process 3] best score so far: 0.3845798072807488, content:
def fun(i1, i2, i3, i4):
    return (i1 @ i2.T, (i3 + i4) @ i2.T)

[Process 0] step=4, generation took 298.47s
[Process 0] best score so far: 0.05522980368546141, content:
def fun(i1, i2, i3, i4):
    return (i2 @ i1.T), (i3 + i4).T @ i2.T

[Process 2] step=4, generation took 302.00s
[Process 2] best score so far: 0.05522980368546141, content:
def fun(i1, i2, i3, i4):
    a = i2 @ i1.T
    b = (i3.T + i4) @ i2.T
    return (a, b)

[Process 1] step=4, generation took 299.53s
[Process 1] best score so far: 1.0386181272081172, content:
def fun(i1, i3, i4, i2):
    o1 = i1 @ i3.T
    o2 = (i4 + i4).T
    return (o1, o2)

[Process 0] step=5, generation took 299.27s
[Process 0] best score so far: 0.05522980368546141, content:
def fun(i1, i2, i3, i4):
    return (i2 @ i1.T), (i3 + i4).T @ i2.T

[Process 3] step=5, generation took 300.98s
[Process 3] best score so far: 0.04091842422001541, content:
def fun(i1, i2, i3, i4):
    return (i1 @ i2.T, (i3.T + i4) @ (i2.T + i3))

[Process 2] step=5, generation took 302.29s
[Process 2] best score so far: 0.05522980368546141, content:
def fun(i1, i2, i3, i4):
    a = i2 @ i1.T
    b = (i3.T + i4.T) @ i2.T
    return (a, b)

[Process 1] step=5, generation took 299.73s
[Process 1] best score so far: 1.0386181272081172, content:
def fun(i1, i3, i4, i2):
    o1 = i1 @ i3.T
    o2 = (i4 + i4).T
    return (o1, o2)

[Process 3] step=6, generation took 296.09s
[Process 3] best score so far: 0.04091842422001541, content:
def fun(i1, i2, i3, i4):
    return (i1 @ i2.T, (i3.T + i4) @ (i2.T + i3))

[Process 0] step=6, generation took 298.64s
[Process 0] best score so far: 0.05522980368546141, content:
def fun(i1, i2, i3, i4):
    return (i2 @ i1.T, (i3.T + i4.T) @ i2.T)

[Process 2] step=6, generation took 301.97s
[Process 2] best score so far: 0.05522980368546141, content:
def fun(i1, i2, i3, i4):
    a = i2 @ i1.T
    b = (i3.T + i4.T) @ (i2.T)
    return (a, b)

[Process 1] step=6, generation took 299.30s
[Process 1] best score so far: 1.0386181272081172, content:
def fun(i1, i3, i4, i2):
    o1 = i1 @ i3.T
    o2 = (i4 + i4).T
    return (o1, o2)

[Process 3] step=7, generation took 296.07s
[Process 3] best score so far: 0.04091842422001541, content:
def fun(i1, i2, i3, i4):
    return (i1 @ i2.T, (i3.T + i4) @ (i2.T + i3))

[Process 0] step=7, generation took 300.36s
[Process 0] best score so far: 0.05522980368546141, content:
def fun(i1, i2, i3, i4):
    return (i2 @ i1), (i3 + i4).T @ i2.T

[Process 2] step=7, generation took 302.20s
[Process 2] best score so far: 0.05522980368546141, content:
def fun(i1, i2, i3, i4):
    a = i2 @ i1.T
    b = (i3.T + i4.T) @ (i2.T)
    return (a, b)

[Process 1] step=7, generation took 299.63s
[Process 1] best score so far: 1.0386181272081172, content:
def fun(i1, i3, i4, i2):
    o1 = i1 @ i3.T
    o2 = (i4 + i4).T
    return (o1, o2)

[Process 3] step=8, generation took 296.12s
[Process 3] best score so far: 0.04091842422001541, content:
def fun(i1, i2, i3, i4):
    return (i1 @ i2.T, (i3.T + i4) @ (i2.T + i3))

[Process 2] step=8, generation took 301.91s
[Process 2] best score so far: 0.05522980368546141, content:
def fun(i1, i2, i3, i4):
    a = i2 @ i1.T
    b = (i3.T + i4.T) @ (i2.T)
    return (a, b)

[Process 0] step=8, generation took 298.81s
[Process 0] best score so far: 0.05522980368546141, content:
def fun(i1, i2, i3, i4):
    return (i2 @ i1), (i3 + i4).T @ i2.T

[Process 1] step=8, generation took 298.73s
[Process 1] best score so far: 1.0386181272081172, content:
def fun(i1, i3, i4, i2):
    o1 = i1 @ i3.T
    o2 = (i4 + i4).T
    return (o1, o2)

[Process 3] step=9, generation took 296.04s
[Process 3] best score so far: 0.04091842422001541, content:
def fun(i1, i2, i3, i4):
    return (i1 @ i2.T, (i3.T + i4) @ (i2.T + i3))

[Process 2] step=9, generation took 301.56s
[Process 2] best score so far: 0.05522980368546141, content:
def fun(i1, i2, i3, i4):
    a = i2 @ i1.T
    b = (i3.T + i4) @ i2.T
    return (a, b)

[Process 0] step=9, generation took 300.25s
[Process 0] best score so far: 0.05522980368546141, content:
def fun(i1, i2, i3, i4):
    a = i2 @ i1
    b = a.T
    c = i3 + i4
    d = c.T
    return (b, d @ i2.T)

[Process 1] step=9, generation took 299.15s
[Process 1] best score so far: 1.0386181272081172, content:
def fun(i1, i3, i4, i2):
    o1 = i1 @ i3.T
    o2 = (i4 + i4).T
    return (o1, o2)


[Main] Collecting best scores from each thread's memory:
  Thread 0: best score 0.05522980368546141
  Thread 1: best score 1.0386181272081172
  Thread 2: best score 0.05522980368546141
  Thread 3: best score 0.04091842422001541

[Main] Sorted memory_infos (score, thread_idx):
  0.04091842422001541, thread 3
  0.05522980368546141, thread 0
  0.05522980368546141, thread 2
  1.0386181272081172, thread 1

[Main] Worst half (to be reinitialized):
  Thread 2 with score 0.05522980368546141
  Thread 1 with score 1.0386181272081172

[Main] Donor candidates (top half):
  Thread 3 with score 0.04091842422001541
  Thread 0 with score 0.05522980368546141
[Main] Reinitializing memory for thread 2 with best element from thread 3.
[Main] Reinitializing memory for thread 1 with best element from thread 0.

==== Outer Iteration 2 ====
[Process 1] started on GPU 1, running 10 iterations...
[Process 3] started on GPU 3, running 10 iterations...
[Process 2] started on GPU 2, running 10 iterations...
[Process 0] started on GPU 0, running 10 iterations...
[Process 2] step=0, generation took 296.26s
[Process 2] best score so far: 0.04091842422001541, content:
def fun(i1, i2, i3, i4):
    return (i1 @ i2.T, (i3.T + i4) @ (i2.T + i3))

[Process 3] step=0, generation took 297.95s
[Process 3] best score so far: 0.04091842422001541, content:
def fun(i1, i2, i3, i4):
    return (i1 @ i2.T, (i3.T + i4) @ (i2.T + i3))

[Process 1] step=0, generation took 295.66s
[Process 1] best score so far: 0.053760311131437304, content:
def fun(i1, i2, i3, i4):
    a = i3 + i4
    b = a @ i2.T
    c = b.T
    d = i2 @ i1
    return (d, c)

[Process 0] step=0, generation took 301.42s
[Process 0] best score so far: 0.05522980368546141, content:
def fun(i1, i2, i3, i4):
    a = i2 @ i1
    b = a.T
    c = i3 + i4
    d = c.T
    return (b, d @ i2.T)

[Process 2] step=1, generation took 295.84s
[Process 2] best score so far: 0.04091842422001541, content:
def fun(i1, i2, i3, i4):
    return (i1 @ i2.T, (i3.T + i4) @ (i2.T + i3))

[Process 3] step=1, generation took 297.42s
[Process 3] best score so far: 0.04091842422001541, content:
def fun(i1, i2, i3, i4):
    return (i1 @ i2.T, (i3.T + i4) @ (i2.T + i3))

[Process 1] step=1, generation took 296.49s
[Process 1] best score so far: 0.053760311131437304, content:
def fun(i1, i2, i3, i4):
    a = i3 + i4
    b = a @ i2.T
    c = b.T
    d = i2 @ i1
    return (d, c)

[Process 0] step=1, generation took 301.38s
[Process 0] best score so far: 0.05522980368546141, content:
def fun(i1, i2, i3, i4):
    a = i2 @ i1
    b = a.T
    c = i3 + i4
    d = c.T
    return (b, d @ i2.T)

[Process 2] step=2, generation took 295.79s
[Process 2] best score so far: 0.04091842422001541, content:
def fun(i1, i2, i3, i4):
    return (i1 @ i2.T, (i3.T + i4) @ (i2.T + i3))

[Process 3] step=2, generation took 297.39s
[Process 3] best score so far: 0.04091842422001541, content:
def fun(i1, i2, i3, i4):
    return (i1 @ i2.T, (i3.T + i4) @ (i2.T + i3))

[Process 1] step=2, generation took 296.39s
[Process 1] best score so far: 0.053760311131437304, content:
def fun(i1, i2, i3, i4):
    a = i3 + i4
    b = a @ i2.T
    c = b.T
    d = i2 @ i1
    return (d, c)

[Process 0] step=2, generation took 300.97s
[Process 0] best score so far: 0.05522980368546141, content:
def fun(i1, i2, i3, i4):
    a = i2 @ i1
    b = a.T
    c = i3 + i4
    d = c.T
    return (b, d @ i2.T)

[Process 2] step=3, generation took 295.77s
[Process 2] best score so far: 0.04091842422001541, content:
def fun(i1, i2, i3, i4):
    return (i1 @ i2.T, (i3.T + i4) @ (i2.T + i3))

[Process 3] step=3, generation took 297.37s
[Process 3] best score so far: 0.04091842422001541, content:
def fun(i1, i2, i3, i4):
    return (i1 @ i2.T, (i3.T + i4) @ (i2.T + i3))

[Process 1] step=3, generation took 300.04s
[Process 1] best score so far: 0.053760311131437304, content:
def fun(i1, i2, i3, i4):
    a = i3 + i4
    b = a @ i2.T
    c = b.T
    d = i2 @ i1
    return (d, c)

[Process 0] step=3, generation took 300.69s
[Process 0] best score so far: 0.05522980368546141, content:
def fun(i1, i2, i3, i4):
    a = i2 @ i1
    b = a.T
    c = i3 + i4
    d = c.T
    return (b, d @ i2.T)

[Process 2] step=4, generation took 295.80s
[Process 2] best score so far: 0.04091842422001541, content:
def fun(i1, i2, i3, i4):
    return (i1 @ i2.T, (i3.T + i4) @ (i2.T + i3))

[Process 3] step=4, generation took 297.43s
[Process 3] best score so far: 0.04091842422001541, content:
def fun(i1, i2, i3, i4):
    return (i1 @ i2.T, (i3.T + i4) @ (i2.T + i3))

[Process 1] step=4, generation took 298.75s
[Process 1] best score so far: 0.053760311131437304, content:
def fun(i1, i2, i3, i4):
    a = i3 + i4.T
    b = a @ i2.T
    c = b.T
    d = i2 @ i1
    return (d, c)

[Process 0] step=4, generation took 300.28s
[Process 0] best score so far: 0.05522980368546141, content:
def fun(i1, i2, i3, i4):
    a = i2 @ i1
    b = a.T
    c = i3 + i4
    d = c.T
    return (b, d @ i2.T)

[Process 2] step=5, generation took 295.81s
[Process 2] best score so far: 0.04091842422001541, content:
def fun(i1, i2, i3, i4):
    return (i1 @ i2.T, (i3.T + i4) @ (i2.T + i3))

[Process 3] step=5, generation took 297.40s
[Process 3] best score so far: 0.04091842422001541, content:
def fun(i1, i2, i3, i4):
    return (i1 @ i2.T, (i3.T + i4) @ (i2.T + i3))

[Process 1] step=5, generation took 295.48s
[Process 1] best score so far: 0.053760311131437304, content:
def fun(i1, i2, i3, i4):
    a = i3 + i4.T
    b = a @ i2.T
    c = b.T
    d = i2 @ i1
    return (d, c)

[Process 0] step=5, generation took 301.54s
[Process 0] best score so far: 0.05522980368546141, content:
def fun(i1, i2, i3, i4):
    return (i2 @ i1 .T) , (i3 .T + i4 .T) @ i2.T

[Process 2] step=6, generation took 295.77s
[Process 2] best score so far: 0.04091842422001541, content:
def fun(i1, i2, i3, i4):
    return (i1 @ i2.T, (i3.T + i4) @ (i2.T + i3))

[Process 3] step=6, generation took 297.39s
[Process 3] best score so far: 0.04091842422001541, content:
def fun(i1, i2, i3, i4):
    return (i1 @ i2.T, (i3.T + i4) @ (i2.T + i3))

[Process 1] step=6, generation took 298.34s
[Process 1] best score so far: 0.053760311131437304, content:
def fun(i1, i2, i3, i4):
    a = (i3 + i4) @ i2.T
    b = a.T
    c = i2 @ i1
    return (c, b)

[Process 0] step=6, generation took 301.09s
[Process 0] best score so far: 0.05522980368546141, content:
def fun(i1, i2, i3, i4):
    return (i2 @ i1 .T) , (i3 .T + i4 .T) @ i2.T

[Process 3] step=7, generation took 297.35s
[Process 3] best score so far: 0.04091842422001541, content:
def fun(i1, i2, i3, i4):
    return (i1 @ i2.T, (i3.T + i4) @ (i2.T + i3))

[Process 2] step=7, generation took 300.65s
[Process 2] best score so far: 0.04091842422001541, content:
def fun(i1, i2, i3, i4):
    return (i1 @ i2.T, (i3.T + i4) @ (i2.T + i3))

[Process 1] step=7, generation took 297.86s
[Process 1] best score so far: 0.053760311131437304, content:
def fun(i1, i2, i3, i4):
    a = (i3 + i4) @ i2.T
    b = a.T
    c = i2 @ i1
    return (c, b)

[Process 0] step=7, generation took 301.16s
[Process 0] best score so far: 0.05522980368546141, content:
def fun(i1, i2, i3, i4):
    return (i2 @ i1 .T) , (i3 .T + i4 .T) @ i2.T

[Process 3] step=8, generation took 297.42s
[Process 3] best score so far: 0.04091842422001541, content:
def fun(i1, i2, i3, i4):
    return (i1 @ i2.T, (i3.T + i4) @ (i2.T + i3))

[Process 2] step=8, generation took 300.77s
[Process 2] best score so far: 0.04091842422001541, content:
def fun(i1, i2, i3, i4):
    return (i1@i2.T, (i3.T+i4)@(i2.T+i3))

[Process 1] step=8, generation took 297.84s
[Process 1] best score so far: 0.053760311131437304, content:
def fun(i1, i2, i3, i4):
    a = (i3 + i4) @ i2.T
    b = a.T
    c = i2 @ i1
    return (c, b)

[Process 0] step=8, generation took 300.94s
[Process 0] best score so far: 0.05522980368546141, content:
def fun(i1, i2, i3, i4):
    return (i2 @ i1 .T) , (i3 .T + i4 .T) @ i2.T

[Process 3] step=9, generation took 300.94s
[Process 3] best score so far: 0.04091842422001541, content:
def fun(i1, i2, i3, i4):
    return (i1 @ i2.T, (i3.T + i4) @ (i2.T + i3))

[Process 2] step=9, generation took 300.98s
[Process 2] best score so far: 0.04091842422001541, content:
def fun(i1, i2, i3, i4):
    return (i1@i2.T, (i3.T + i4) @ (i2.T + i3))

[Process 1] step=9, generation took 297.87s
[Process 1] best score so far: 0.053760311131437304, content:
def fun(i1, i2, i3, i4):
    a = (i3 + i4) @ i2.T
    b = a.T
    c = i2 @ i1
    return (c, b)

[Process 0] step=9, generation took 300.28s
[Process 0] best score so far: 0.05522980368546141, content:
def fun(i1, i2, i3, i4):
    return (i2 @ i1 .T) , (i3 .T + i4 .T) @ i2.T


[Main] Collecting best scores from each thread's memory:
  Thread 0: best score 0.05522980368546141
  Thread 1: best score 0.053760311131437304
  Thread 2: best score 0.04091842422001541
  Thread 3: best score 0.04091842422001541

[Main] Sorted memory_infos (score, thread_idx):
  0.04091842422001541, thread 2
  0.04091842422001541, thread 3
  0.053760311131437304, thread 1
  0.05522980368546141, thread 0

[Main] Worst half (to be reinitialized):
  Thread 1 with score 0.053760311131437304
  Thread 0 with score 0.05522980368546141

[Main] Donor candidates (top half):
  Thread 2 with score 0.04091842422001541
  Thread 3 with score 0.04091842422001541
[Main] Reinitializing memory for thread 1 with best element from thread 2.
[Main] Reinitializing memory for thread 0 with best element from thread 3.

==== Outer Iteration 3 ====
[Process 3] started on GPU 3, running 10 iterations...
[Process 1] started on GPU 1, running 10 iterations...
[Process 2] started on GPU 2, running 10 iterations...
[Process 0] started on GPU 0, running 10 iterations...
[Process 1] step=0, generation took 297.74s
[Process 1] best score so far: 0.04091842422001541, content:
def fun(i1, i2, i3, i4):
    return (i1@i2.T, (i3.T + i4) @ (i2.T + i3))

[Process 3] step=0, generation took 301.26s
[Process 3] best score so far: 0.04091842422001541, content:
def fun(i1, i2, i3, i4):
    return (i1 @ i2.T, (i3.T + i4) @ (i2.T + i3))

[Process 2] step=0, generation took 301.68s
[Process 2] best score so far: 0.04091842422001541, content:
def fun(i1, i2, i3, i4):
    return (i1@i2.T, (i3.T + i4) @ (i2.T + i3))

[Process 0] step=0, generation took 298.02s
[Process 0] best score so far: 0.04091842422001541, content:
def fun(i1, i2, i3, i4):
    return (i1 @ i2.T, (i3.T + i4) @ (i2.T + i3))

[Process 0] step=1, generation took 297.75s
[Process 0] best score so far: 0.04091842422001541, content:
def fun(i1, i2, i3, i4):
    return (i2 @ i1.T, (i3.T + i4) @ (i2.T + i3))

[Process 1] step=1, generation took 302.00s
[Process 1] best score so far: 0.04091842422001541, content:
def fun(i1, i2, i3, i4):
    return (i1 @ i2.T, (i3.T + i4) @ (i2.T + i3))

[Process 3] step=1, generation took 300.88s
[Process 3] best score so far: 0.04091842422001541, content:
def fun(i1, i2, i3, i4):
    return (i1 @ i2.T, (i3.T + i4) @ (i2.T + i3))

[Process 2] step=1, generation took 301.09s
[Process 2] best score so far: 0.04091842422001541, content:
def fun(i1, i2, i3, i4):
    return (i2 @ i1.T, (i3.T + i4) @ (i2.T + i3))

[Process 0] step=2, generation took 297.82s
[Process 0] best score so far: 0.04091842422001541, content:
def fun(i1, i2, i3, i4):
    return (i2 @ i1.T, (i3 + i4).T @ (i2.T + i3))

[Process 3] step=2, generation took 300.95s
[Process 3] best score so far: 0.04091842422001541, content:
def fun(i1, i2, i3, i4):
    return (i1 @ i2.T, (i3.T + i4) @ (i2.T + i3))

[Process 2] step=2, generation took 301.05s
[Process 2] best score so far: 0.04091842422001541, content:
def fun(i1, i2, i3, i4):
    return (i2 @ i1.T, (i3.T + i4) @ (i2.T + i3))

[Process 1] step=2, generation took 301.82s
[Process 1] best score so far: 0.04091842422001541, content:
def fun(i1, i2, i3, i4):
    return (i1 @ i2.T, (i3.T + i4) @ (i2.T + i3))

[Process 0] step=3, generation took 297.58s
[Process 0] best score so far: 0.04091842422001541, content:
def fun(i1, i2, i3, i4):
    return (i2 @ i1.T, (i3 + i4).T @ (i2.T + i3))

[Process 3] step=3, generation took 300.72s
[Process 3] best score so far: 0.04091842422001541, content:
def fun(i1, i2, i3, i4):
    return (i1 @ i2.T, (i3.T + i4) @ (i2.T + i3))

[Process 2] step=3, generation took 300.82s
[Process 2] best score so far: 0.04091842422001541, content:
def fun(i1, i2, i3, i4):
    return (i2 @ i1.T, (i3.T + i4) @ (i2.T + i3))

[Process 1] step=3, generation took 301.82s
[Process 1] best score so far: 0.04091842422001541, content:
def fun(i1, i2, i3, i4):
    return (i1@i2.T, (i3.T + i4) @ (i2.T + i3))

[Process 0] step=4, generation took 297.76s
[Process 0] best score so far: 0.04091842422001541, content:
def fun(i1, i2, i3, i4):
    return (i2 @ i1.T, (i3.T + i4) @ (i2.T + i3))

[Process 3] step=4, generation took 301.05s
[Process 3] best score so far: 0.04091842422001541, content:
def fun(i1, i2, i3, i4):
    return (i1 @ i2.T, (i3.T + i4) @ (i2.T + i3))

[Process 2] step=4, generation took 301.20s
[Process 2] best score so far: 0.04091842422001541, content:
def fun(i1, i2, i3, i4):
    return (i2 @ i1.T, (i3.T + i4) @ (i2.T + i3))

[Process 1] step=4, generation took 301.67s
[Process 1] best score so far: 0.027411578474716168, content:
def fun(i1, i3, i2, i4):
    return (i1 @ i3.T, (i2.T + i3 @ i4) @ (i3.T + i2))

[Process 0] step=5, generation took 297.74s
[Process 0] best score so far: 0.04091842422001541, content:
def fun(i1, i2, i3, i4):
    return (i2 @ i1.T, (i3.T + i4) @ (i2.T + i3))

[Process 3] step=5, generation took 300.90s
[Process 3] best score so far: 0.04091842422001541, content:
def fun(i1, i2, i3, i4):
    return (i1 @ i2.T, (i3.T + i4) @ (i2.T + i3))

[Process 2] step=5, generation took 300.57s
[Process 2] best score so far: 0.04091842422001541, content:
def fun(i1, i2, i3, i4):
    return (i2 @ i1.T, (i3.T + i4) @ (i2.T + i3))

[Process 1] step=5, generation took 296.69s
[Process 1] best score so far: 0.027411578474716168, content:
def fun(i1, i3, i2, i4):
    return (i1 @ i3.T, (i2.T + i3 @ i4) @ (i3.T + i2))

[Process 0] step=6, generation took 297.83s
[Process 0] best score so far: 0.04091842422001541, content:
def fun(i1, i2, i3, i4):
    return (i1 @ i2.T, (i3.T + i4) @ (i2.T + i3))

[Process 2] step=6, generation took 299.70s
[Process 2] best score so far: 0.04091842422001541, content:
def fun(i1, i2, i3, i4):
    return (i1 @ i2.T, (i3.T + i4) @ (i2.T + i3))

[Process 3] step=6, generation took 300.81s
[Process 3] best score so far: 0.04091842422001541, content:
def fun(i1, i2, i3, i4):
    return (i2 @ i1.T, (i3.T + i4) @ (i2.T + i3))

[Process 1] step=6, generation took 296.66s
[Process 1] best score so far: 0.027411578474716168, content:
def fun(i1, i3, i2, i4):
    return (i1 @ i3.T, (i2.T + i3 @ i4) @ (i3.T + i2))

[Process 0] step=7, generation took 297.51s
[Process 0] best score so far: 0.04091842422001541, content:
def fun(i1, i2, i3, i4):
    return (i1 @ i2.T, (i3.T + i4) @ (i2.T + i3))

[Process 2] step=7, generation took 299.77s
[Process 2] best score so far: 0.04091842422001541, content:
def fun(i1, i2, i3, i4):
    return (i1 @ (i2.T), (i3.T + i4) @ (i2.T + i3))

[Process 3] step=7, generation took 301.00s
[Process 3] best score so far: 0.04091842422001541, content:
def fun(i1, i2, i3, i4):
    return (i2 @ i1.T, (i3.T + i4) @ (i2.T + i3))

[Process 1] step=7, generation took 296.71s
[Process 1] best score so far: 0.027411578474716168, content:
def fun(i1, i3, i2, i4):
    return (i1 @ i3.T, (i2.T + i3 @ i4) @ (i3.T + i2))

[Process 0] step=8, generation took 297.67s
[Process 0] best score so far: 0.04091842422001541, content:
def fun(i1, i2, i3, i4):
    return (i2 @ i1.T, (i3 + i4).T @ (i2.T + i3))

[Process 2] step=8, generation took 300.40s
[Process 2] best score so far: 0.04091842422001541, content:
def fun(i1, i2, i3, i4):
    return (i1@i2.T, (i3.T+i4)@(i2.T+i3))

[Process 1] step=8, generation took 296.61s
[Process 1] best score so far: 0.027411578474716168, content:
def fun(i1, i3, i2, i4):
    return (i1 @ i3.T, (i2.T + i3 @ i4) @ (i3.T + i2))

[Process 3] step=8, generation took 300.52s
[Process 3] best score so far: 0.04091842422001541, content:
def fun(i1, i2, i3, i4):
    return (i2 @ i1.T, (i3.T + i4) @ (i2.T + i3))

[Process 0] step=9, generation took 297.01s
[Process 0] best score so far: 0.04091842422001541, content:
def fun(i1, i2, i3, i4):
    return (i2 @ i1.T, (i3 + i4).T @ (i2.T + i3))

[Process 1] step=9, generation took 296.76s
[Process 1] best score so far: 0.027411578474716168, content:
def fun(i1, i3, i2, i4):
    return (i1 @ i3.T, (i2.T + i3 @ i4) @ (i3.T + i2))

[Process 2] step=9, generation took 301.07s
[Process 2] best score so far: 0.04091842422001541, content:
def fun(i1, i2, i3, i4):
    return (i1@i2.T, (i3.T+i4)@(i2.T+i3))

[Process 3] step=9, generation took 300.55s
[Process 3] best score so far: 0.04091842422001541, content:
def fun(i1, i2, i3, i4):
    return (i2 @ i1.T, (i3.T + i4) @ (i2.T + i3))


[Main] Collecting best scores from each thread's memory:
  Thread 0: best score 0.04091842422001541
  Thread 1: best score 0.027411578474716168
  Thread 2: best score 0.04091842422001541
  Thread 3: best score 0.04091842422001541

[Main] Sorted memory_infos (score, thread_idx):
  0.027411578474716168, thread 1
  0.04091842422001541, thread 0
  0.04091842422001541, thread 2
  0.04091842422001541, thread 3

[Main] Worst half (to be reinitialized):
  Thread 2 with score 0.04091842422001541
  Thread 3 with score 0.04091842422001541

[Main] Donor candidates (top half):
  Thread 1 with score 0.027411578474716168
  Thread 0 with score 0.04091842422001541
[Main] Reinitializing memory for thread 2 with best element from thread 1.
[Main] Reinitializing memory for thread 3 with best element from thread 0.

==== Outer Iteration 4 ====
[Process 3] started on GPU 3, running 10 iterations...
[Process 1] started on GPU 1, running 10 iterations...
[Process 2] started on GPU 2, running 10 iterations...
[Process 0] started on GPU 0, running 10 iterations...
[Process 0] step=0, generation took 296.02s
[Process 0] best score so far: 0.04091842422001541, content:
def fun(i1, i2, i3, i4):
    return (i2 @ i1.T, (i3 + i4).T @ (i2.T + i3))

[Process 2] step=0, generation took 294.65s
[Process 2] best score so far: 0.027411578474716168, content:
def fun(i1, i3, i2, i4):
    return (i1 @ i3.T, (i2.T + i3 @ i4) @ (i3.T + i2))

[Process 1] step=0, generation took 296.83s
[Process 1] best score so far: 0.027411578474716168, content:
def fun(i1, i3, i2, i4):
    return (i1 @ i3.T, (i2.T + i3 @ i4) @ (i3.T + i2))

[Process 3] step=0, generation took 297.77s
[Process 3] best score so far: 0.04091842422001541, content:
def fun(i1, i2, i3, i4):
    return (i2 @ i1.T, (i3 + i4).T @ (i2.T + i3))

[Process 2] step=1, generation took 294.22s
[Process 2] best score so far: 0.027411578474716168, content:
def fun(i1, i3, i2, i4):
    return (i1 @ i3.T, (i2.T + i3 @ i4) @ (i3.T + i2))

[Process 0] step=1, generation took 295.64s
[Process 0] best score so far: 0.04091842422001541, content:
def fun(i1, i2, i3, i4):
    return (i2 @ i1.T, (i3 + i4).T @ (i2.T + i3))

[Process 1] step=1, generation took 296.32s
[Process 1] best score so far: 0.027411578474716168, content:
def fun(i1, i3, i2, i4):
    return (i1 @ i3.T, (i2.T + i3 @ i4) @ (i3.T + i2))

[Process 3] step=1, generation took 297.14s
[Process 3] best score so far: 0.04091842422001541, content:
def fun(i1, i2, i3, i4):
    return (i2 @ i1.T, (i3 + i4).T @ (i2.T + i3))

[Process 2] step=2, generation took 294.38s
[Process 2] best score so far: 0.027411578474716168, content:
def fun(i1, i3, i2, i4):
    return (i1 @ i3.T, (i2.T + i3 @ i4) @ (i3.T + i2))

[Process 0] step=2, generation took 295.57s
[Process 0] best score so far: 0.04091842422001541, content:
def fun(i1, i2, i3, i4):
    return (i2 @ i1.T, (i3 + i4).T @ (i2.T + i3))

[Process 1] step=2, generation took 296.55s
[Process 1] best score so far: 0.027411578474716168, content:
def fun(i1, i3, i2, i4):
    return (i1 @ i3.T, (i2.T + i3 @ i4) @ (i3.T + i2))

[Process 3] step=2, generation took 297.23s
[Process 3] best score so far: 0.04091842422001541, content:
def fun(i1, i2, i3, i4):
    return (i2 @ i1.T, (i3 + i4).T @ (i2.T + i3))

[Process 2] step=3, generation took 294.31s
[Process 2] best score so far: 0.027411578474716168, content:
def fun(i1, i3, i2, i4):
    return (i1 @ i3.T, (i2.T + i3 @ i4) @ (i3.T + i2))

[Process 0] step=3, generation took 295.56s
[Process 0] best score so far: 0.04091842422001541, content:
def fun(i1, i2, i3, i4):
    return (i2 @ i1.T, (i3.T + i4) @ (i2.T + i3))

[Process 1] step=3, generation took 296.51s
[Process 1] best score so far: 0.027411578474716168, content:
def fun(i1, i3, i2, i4):
    return (i1 @ i3.T, (i2.T + i3 @ i4) @ (i3.T + i2))

[Process 3] step=3, generation took 300.79s
[Process 3] best score so far: 0.04091842422001541, content:
def fun(i1, i2, i3, i4):
    return (i2 @ i1.T, (i3 + i4).T @ (i2.T + i3))

[Process 2] step=4, generation took 294.28s
[Process 2] best score so far: 0.027411578474716168, content:
def fun(i1, i3, i2, i4):
    return (i1 @ i3.T, (i2.T + i3 @ i4) @ (i3.T + i2))

[Process 0] step=4, generation took 295.50s
[Process 0] best score so far: 0.04091842422001541, content:
def fun(i1, i2, i3, i4):
    return (i2 @ i1.T, (i3.T + i4) @ (i2.T + i3))

[Process 1] step=4, generation took 296.44s
[Process 1] best score so far: 0.027411578474716168, content:
def fun(i1, i3, i2, i4):
    return (i1 @ i3.T, (i2.T + i3 @ i4) @ (i3.T + i2))

[Process 3] step=4, generation took 299.49s
[Process 3] best score so far: 0.04091842422001541, content:
def fun(i1, i2, i3, i4):
    a = i2 @ i1.T
    b = (i3 + i4).T @ (i2.T + i3)
    return (a, b)

[Process 2] step=5, generation took 294.38s
[Process 2] best score so far: 0.027411578474716168, content:
def fun(i1, i3, i2, i4):
    return (i1 @ i3.T, (i2.T + i3 @ i4) @ (i3.T + i2))

[Process 0] step=5, generation took 295.59s
[Process 0] best score so far: 0.04091842422001541, content:
def fun(i1, i2, i3, i4):
    return (i1 @ i2.T, (i3.T + i4) @ (i2.T + i3))

[Process 1] step=5, generation took 296.51s
[Process 1] best score so far: 0.027411578474716168, content:
def fun(i1, i3, i2, i4):
    return (i1 @ i3.T, (i2.T + i3 @ i4) @ (i3.T + i2))

[Process 3] step=5, generation took 299.47s
[Process 3] best score so far: 0.04091842422001541, content:
def fun(i1, i2, i3, i4):
    return (i2 @ i1.T, (i3 + i4).T @ (i2.T + i3))

[Process 2] step=6, generation took 294.30s
[Process 2] best score so far: 0.027411578474716168, content:
def fun(i1, i3, i2, i4):
    return (i1 @ i3.T, (i2.T + i3 @ i4) @ (i3.T + i2))

[Process 0] step=6, generation took 296.11s
[Process 0] best score so far: 0.04091842422001541, content:
def fun(i1, i2, i3, i4):
    return (i1 @ i2.T, (i3.T + i4) @ (i2.T + i3))

[Process 1] step=6, generation took 296.41s
[Process 1] best score so far: 0.027411578474716168, content:
def fun(i1, i3, i2, i4):
    return (i1 @ i3.T, (i2.T + i3 @ i4) @ (i3.T + i2))

[Process 3] step=6, generation took 299.76s
[Process 3] best score so far: 0.04091842422001541, content:
def fun(i1, i2, i3, i4):
    return (i2 @ i1.T, (i3 + i4).T @ (i2.T + i3))

[Process 2] step=7, generation took 294.36s
[Process 2] best score so far: 0.027411578474716168, content:
def fun(i1, i3, i2, i4):
    return (i1 @ i3.T, (i2.T + i3 @ i4) @ (i3.T + i2))

[Process 0] step=7, generation took 296.11s
[Process 0] best score so far: 0.04091842422001541, content:
def fun(i1, i2, i3, i4):
    return (i1 @ i2.T, (i3.T + i4) @ (i2.T + i3))

[Process 1] step=7, generation took 296.45s
[Process 1] best score so far: 0.027411578474716168, content:
def fun(i1, i3, i2, i4):
    return (i1 @ i3.T, (i2.T + i3 @ i4) @ (i3.T + i2))

[Process 3] step=7, generation took 299.41s
[Process 3] best score so far: 0.04091842422001541, content:
def fun(i1, i2, i3, i4):
    a = i3 + i4
    b = i2 @ i1.T
    return (b, a.T @ (i2.T + i3))

[Process 2] step=8, generation took 294.39s
[Process 2] best score so far: 0.027411578474716168, content:
def fun(i1, i3, i2, i4):
    return (i1 @ i3.T, (i2.T + i3 @ i4) @ (i3.T + i2))

[Process 0] step=8, generation took 295.99s
[Process 0] best score so far: 0.04091842422001541, content:
def fun(i1, i2, i3, i4):
    return (i2 @ i1.T, (i3 + i4).T @ (i2.T + i3))

[Process 1] step=8, generation took 296.53s
[Process 1] best score so far: 0.027411578474716168, content:
def fun(i1, i3, i2, i4):
    return (i1 @ i3.T, (i2.T + i3 @ i4) @ (i3.T + i2))

[Process 3] step=8, generation took 299.36s
[Process 3] best score so far: 0.04091842422001541, content:
def fun(i1, i2, i3, i4):
    a = i3 + i4
    b = i2 @ i1.T
    return (b, a.T @ (i2.T + i3))

[Process 2] step=9, generation took 294.32s
[Process 2] best score so far: 0.027411578474716168, content:
def fun(i1, i3, i2, i4):
    return (i1 @ i3.T, (i2.T + i3 @ i4) @ (i3.T + i2))

[Process 0] step=9, generation took 296.01s
[Process 0] best score so far: 0.04091842422001541, content:
def fun(i1, i2, i3, i4):
    return (i2 @ i1.T, (i3 + i4).T @ (i2.T + i3))

[Process 1] step=9, generation took 296.44s
[Process 1] best score so far: 0.0029829623001082924, content:
def fun(i1, i3, i4, i2):
    return (i1 @ i3.T, (i2.T + i3 @ i4) @ (i3.T + i2))

[Process 3] step=9, generation took 298.90s
[Process 3] best score so far: 0.04091842422001541, content:
def fun(i1, i2, i3, i4):
    a = i3 + i4
    b = i2 @ i1.T
    return (b, a.T @ (i2.T + i3))


[Main] Collecting best scores from each thread's memory:
  Thread 0: best score 0.04091842422001541
  Thread 1: best score 0.0029829623001082924
  Thread 2: best score 0.027411578474716168
  Thread 3: best score 0.04091842422001541

[Main] Sorted memory_infos (score, thread_idx):
  0.0029829623001082924, thread 1
  0.027411578474716168, thread 2
  0.04091842422001541, thread 0
  0.04091842422001541, thread 3

[Main] Worst half (to be reinitialized):
  Thread 0 with score 0.04091842422001541
  Thread 3 with score 0.04091842422001541

[Main] Donor candidates (top half):
  Thread 1 with score 0.0029829623001082924
  Thread 2 with score 0.027411578474716168
[Main] Reinitializing memory for thread 0 with best element from thread 1.
[Main] Reinitializing memory for thread 3 with best element from thread 2.

==== Outer Iteration 5 ====
[Process 1] started on GPU 1, running 10 iterations...
[Process 3] started on GPU 3, running 10 iterations...
[Process 2] started on GPU 2, running 10 iterations...
[Process 0] started on GPU 0, running 10 iterations...
[Process 2] step=0, generation took 294.02s
[Process 2] best score so far: 0.027411578474716168, content:
def fun(i1, i3, i2, i4):
    return (i1 @ i3.T, (i2.T + i3 @ i4) @ (i3.T + i2))

[Process 0] step=0, generation took 295.64s
[Process 0] best score so far: 0.0029829623001082924, content:
def fun(i1, i3, i4, i2):
    return (i1 @ i3.T, (i2.T + i3 @ i4) @ (i3.T + i2))

[Process 3] step=0, generation took 296.47s
[Process 3] best score so far: 0.027411578474716168, content:
def fun(i1, i3, i2, i4):
    return (i1 @ i3.T, (i2.T + i3 @ i4) @ (i3.T + i2))

[Process 1] step=0, generation took 295.70s
[Process 1] best score so far: 0.0029829623001082924, content:
def fun(i1, i2, i3, i4):
    return (i1 @ i2.T, (i2 @ i3 + i4.T) @ (i2.T + i4))

[Process 2] step=1, generation took 294.04s
[Process 2] best score so far: 0.027411578474716168, content:
def fun(i1, i3, i2, i4):
    return (i1 @ i3.T, (i2.T + i3 @ i4) @ (i3.T + i2))

[Process 0] step=1, generation took 295.16s
[Process 0] best score so far: 0.0029829623001082924, content:
def fun(i1, i3, i4, i2):
    expr1 = i1 @ i3.T
    expr2 = (i2.T + i3 @ i4) @ (i3.T + i2)
    return (expr1, expr2)

[Process 3] step=1, generation took 295.80s
[Process 3] best score so far: 0.027411578474716168, content:
def fun(i1, i3, i2, i4):
    return (i1 @ i3.T, (i2.T + i3 @ i4) @ (i3.T + i2))

[Process 1] step=1, generation took 294.48s
[Process 1] best score so far: 0.0025411207167604444, content:
def fun(i1, i2, i3, i4):
    return (i1 @ i2.T, (i2 @ i3.T + i4) @ (i2.T + i4))

[Process 2] step=2, generation took 294.22s
[Process 2] best score so far: 0.027411578474716168, content:
def fun(i1, i3, i2, i4):
    return (i1 @ i3.T, (i2.T + i3 @ i4) @ (i3.T + i2))

[Process 0] step=2, generation took 298.00s
[Process 0] best score so far: 0.0029829623001082924, content:
def fun(i1, i3, i4, i2):
    expr1 = i1 @ i3.T
    expr2 = (i2.T + i3 @ i4) @ (i3.T + i2)
    return (expr1, expr2)

[Process 3] step=2, generation took 295.67s
[Process 3] best score so far: 0.027411578474716168, content:
def fun(i1, i3, i2, i4):
    return (i1 @ i3.T, (i2.T + i3 @ i4) @ (i3.T + i2))

[Process 1] step=2, generation took 295.22s
[Process 1] best score so far: 0.0025411207167604444, content:
def fun(i1, i2, i3, i4):
    return (i1 @ i2.T, (i2 @ i3.T + i4) @ (i2.T + i4))

[Process 2] step=3, generation took 294.15s
[Process 2] best score so far: 0.027411578474716168, content:
def fun(i1, i3, i2, i4):
    return (i1 @ i3.T, (i2.T + i3 @ i4) @ (i3.T + i2))

[Process 0] step=3, generation took 298.36s
[Process 0] best score so far: 0.0029829623001082924, content:
def fun(i1, i3, i4, i2):
    expr1 = i1 @ i3.T
    expr2 = (i2.T + i3 @ i4) @ (i3.T + i2)
    return (expr1, expr2)

[Process 3] step=3, generation took 295.85s
[Process 3] best score so far: 0.027411578474716168, content:
def fun(i1, i3, i2, i4):
    return (i1 @ i3.T, (i2.T + i3 @ i4) @ (i3.T + i2))

[Process 1] step=3, generation took 295.12s
[Process 1] best score so far: 0.0025411207167604444, content:
def fun(i1, i2, i3, i4):
    return (i1 @ i2.T, (i2 @ i3.T + i4) @ (i2.T + i4))

[Process 2] step=4, generation took 294.07s
[Process 2] best score so far: 0.0029829623001082924, content:
def fun(i1, i2, i5, i3):
    return (i1 @ i2.T, (i3.T + i2 @ i5) @ (i2.T + i3))

[Process 3] step=4, generation took 295.77s
[Process 3] best score so far: 0.027411578474716168, content:
def fun(i1, i3, i2, i4):
    return (i1 @ i3.T, (i2.T + i3 @ i4) @ (i3.T + i2))

[Process 0] step=4, generation took 298.45s
[Process 0] best score so far: 0.0029829623001082924, content:
def fun(i1, i3, i4, i2):
    expr1 = i1 @ i3.T
    expr2 = (i2.T + i3 @ i4) @ (i3.T + i2)
    return (expr1, expr2)

[Process 1] step=4, generation took 294.66s
[Process 1] best score so far: 0.0025411207167604444, content:
def fun(i1, i2, i3, i4):
    return (i1 @ i2.T, (i2 @ i3.T + i4) @ (i2.T + i4))

[Process 2] step=5, generation took 294.11s
[Process 2] best score so far: 0.0029829623001082924, content:
def fun(i1, i2, i5, i3):
    return (i1 @ i2.T, (i3.T + i2 @ i5) @ (i2.T + i3))

[Process 3] step=5, generation took 295.68s
[Process 3] best score so far: 0.027411578474716168, content:
def fun(i1, i3, i2, i4):
    return (i1 @ i3.T, (i2.T + i3 @ i4) @ (i3.T + i2))

[Process 0] step=5, generation took 298.00s
[Process 0] best score so far: 0.0029829623001082924, content:
def fun(i1, i3, i4, i2):
    return (i1 @ i3.T, (i2.T + i3 @ i4) @ (i3.T + i2))

[Process 1] step=5, generation took 298.73s
[Process 1] best score so far: 0.0025411207167604444, content:
def fun(i1, i2, i3, i4):
    return (i1 @ i2.T, (i2 @ i3.T + i4) @ (i2.T + i4))

[Process 2] step=6, generation took 294.01s
[Process 2] best score so far: 0.0029829623001082924, content:
def fun(i1, i2, i5, i3):
    return (i1 @ i2.T, (i3.T + i2 @ i5) @ (i2.T + i3))

[Process 3] step=6, generation took 295.87s
[Process 3] best score so far: 0.027411578474716168, content:
def fun(i1, i3, i2, i4):
    return (i1 @ i3.T, (i2.T + i3 @ i4) @ (i3.T + i2))

[Process 0] step=6, generation took 298.09s
[Process 0] best score so far: 0.0029829623001082924, content:
def fun(i1, i3, i4, i2):
    expr1 = i1 @ i3.T
    expr2 = (i2.T + i3 @ i4) @ (i3.T + i2)
    return (expr1, expr2)

[Process 1] step=6, generation took 298.99s
[Process 1] best score so far: 0.0025411207167604444, content:
def fun(i1, i2, i3, i4):
    a = i1 @ i2.T
    b = (i2 @ i3.T + i4) @ (i2.T + i4)
    c = (a + b) 
    return (a, b)

[Process 2] step=7, generation took 293.91s
[Process 2] best score so far: 0.0029829623001082924, content:
def fun(i1, i2, i5, i3):
    return (i1 @ i2.T, (i3.T + i2 @ i5) @ (i2.T + i3))

[Process 3] step=7, generation took 295.74s
[Process 3] best score so far: 0.027411578474716168, content:
def fun(i1, i3, i2, i4):
    return (i1 @ i3.T, (i2.T + i3 @ i4) @ (i3.T + i2))

[Process 0] step=7, generation took 298.29s
[Process 0] best score so far: 0.0029829623001082924, content:
def fun(i1, i3, i4, i2):
    expr1 = i1 @ i3.T
    expr2 = (i2.T + i3 @ i4) @ (i3.T + i2)
    return (expr1, expr2)

[Process 1] step=7, generation took 298.83s
[Process 1] best score so far: 0.0025411207167604444, content:
def fun(i1, i3, i2, i4):
    a = i1 @ i3.T
    b = (i3 @ i2.T + i4) @ (i3.T + i4)
    return (a, b)

[Process 2] step=8, generation took 294.08s
[Process 2] best score so far: 0.0029829623001082924, content:
def fun(i1, i2, i5, i3):
    return (i1 @ i2.T, (i3.T + i2 @ i5) @ (i2.T + i3))

[Process 3] step=8, generation took 295.64s
[Process 3] best score so far: 0.027411578474716168, content:
def fun(i1, i3, i2, i4):
    return (i1 @ i3.T, (i2.T + i3 @ i4) @ (i3.T + i2))

[Process 0] step=8, generation took 298.45s
[Process 0] best score so far: 0.0029829623001082924, content:
def fun(i1, i3, i4, i2):
    return (i1 @ i3.T, (i2.T + i3 @ i4) @ (i3.T + i2))

[Process 1] step=8, generation took 297.97s
[Process 1] best score so far: 0.0025411207167604444, content:
def fun(i1, i3, i2, i4):
    a = i1 @ i3.T
    b = (i3 @ i2.T + i4) @ (i3.T + i4)
    return (a, b)

[Process 2] step=9, generation took 293.96s
[Process 2] best score so far: 0.0029829623001082924, content:
def fun(i1, i2, i5, i3):
    return (i1 @ i2.T, (i3.T + i2 @ i5) @ (i2.T + i3))

[Process 3] step=9, generation took 295.18s
[Process 3] best score so far: 0.027411578474716168, content:
def fun(i1, i3, i2, i4):
    return (i1 @ i3.T, (i2.T + i3 @ i4) @ (i3.T + i2))

[Process 0] step=9, generation took 298.38s
[Process 0] best score so far: 0.0029829623001082924, content:
def fun(i1, i3, i4, i2):
    expr1 = i1 @ i3.T
    expr2 = (i2.T + i3 @ i4) @ (i3.T + i2)
    return (expr1, expr2)

[Process 1] step=9, generation took 297.77s
[Process 1] best score so far: 0.0025411207167604444, content:
def fun(i1, i3, i2, i4):
    a = i1 @ i3.T
    b = (i3 @ i2.T + i4) @ (i3.T + i4)
    return (a, b)


[Main] Collecting best scores from each thread's memory:
  Thread 0: best score 0.0029829623001082924
  Thread 1: best score 0.0025411207167604444
  Thread 2: best score 0.0029829623001082924
  Thread 3: best score 0.027411578474716168

[Main] Sorted memory_infos (score, thread_idx):
  0.0025411207167604444, thread 1
  0.0029829623001082924, thread 0
  0.0029829623001082924, thread 2
  0.027411578474716168, thread 3

[Main] Worst half (to be reinitialized):
  Thread 2 with score 0.0029829623001082924
  Thread 3 with score 0.027411578474716168

[Main] Donor candidates (top half):
  Thread 1 with score 0.0025411207167604444
  Thread 0 with score 0.0029829623001082924
[Main] Reinitializing memory for thread 2 with best element from thread 1.
[Main] Reinitializing memory for thread 3 with best element from thread 0.

==== Outer Iteration 6 ====
[Process 2] started on GPU 2, running 10 iterations...
[Process 1] started on GPU 1, running 10 iterations...
[Process 3] started on GPU 3, running 10 iterations...
[Process 0] started on GPU 0, running 10 iterations...
[Process 3] step=0, generation took 294.92s
[Process 3] best score so far: 0.0029829623001082924, content:
def fun(i1, i3, i4, i2):
    expr1 = i1 @ i3.T
    expr2 = (i2.T + i3 @ i4) @ (i3.T + i2)
    return (expr1, expr2)

[Process 2] step=0, generation took 294.46s
[Process 2] best score so far: 0.0025411207167604444, content:
def fun(i1, i3, i2, i4):
    a = i1 @ i3.T
    b = (i3 @ i2.T + i4) @ (i3.T + i4)
    return (a, b)

[Process 1] step=0, generation took 298.17s
[Process 1] best score so far: 0.0025411207167604444, content:
def fun(i1, i3, i2, i4):
    a = i1 @ i3.T
    b = (i3 @ i2.T + i4) @ (i3.T + i4)
    c = (a + b) 
    return (a, b)

[Process 0] step=0, generation took 300.60s
[Process 0] best score so far: 0.0029829623001082924, content:
def fun(i1, i3, i4, i2):
    expr1 = i1 @ i3.T
    expr2 = (i2.T + i3 @ i4) @ (i3.T + i2)
    return (expr1, expr2)

[Process 3] step=1, generation took 294.49s
[Process 3] best score so far: 0.0029829623001082924, content:
def fun(i1, i3, i4, i2):
    expr1 = i1 @ i3.T
    expr2 = (i2.T + i3 @ i4) @ (i3.T + i2)
    return (expr1, expr2)

[Process 2] step=1, generation took 294.02s
[Process 2] best score so far: 0.0025411207167604444, content:
def fun(i1, i3, i2, i4):
    a = i1 @ i3.T
    b = (i3 @ i2.T + i4) @ (i3.T + i4)
    return (a, b)

[Process 0] step=1, generation took 299.73s
[Process 0] best score so far: 0.0029829623001082924, content:
def fun(i1, i3, i4, i2):
    expr1 = i1 @ i3.T
    expr2 = (i2.T + i3 @ i4) @ (i3.T + i2)
    return (expr1, expr2)

[Process 1] step=1, generation took 297.64s
[Process 1] best score so far: 0.0025411207167604444, content:
def fun(i1, i3, i2, i4):
    a = i1 @ i3.T
    b = (i3 @ i2.T + i4) @ (i3.T + i4)
    c = (a + b) 
    return (a, b)

[Process 3] step=2, generation took 294.54s
[Process 3] best score so far: 0.0029829623001082924, content:
def fun(i1, i3, i4, i2):
    expr1 = i1 @ i3.T
    expr2 = (i2.T + i3 @ i4) @ (i3.T + i2)
    return (expr1, expr2)

[Process 2] step=2, generation took 294.02s
[Process 2] best score so far: 0.0025411207167604444, content:
def fun(i1, i3, i2, i4):
    a = i1 @ i3.T
    b = (i3 @ i2.T + i4) @ (i3.T + i4)
    return (a, b)

[Process 0] step=2, generation took 299.65s
[Process 0] best score so far: 0.0029829623001082924, content:
def fun(i1, i3, i4, i2):
    expr1 = i1 @ i3.T
    expr2 = (i2.T + i3 @ i4) @ (i3.T + i2)
    return (expr1, expr2)

[Process 1] step=2, generation took 297.68s
[Process 1] best score so far: 0.0025411207167604444, content:
def fun(i1, i3, i2, i4):
    a = i1 @ i3.T
    b = (i3 @ i2.T + i4) @ (i3.T + i4)
    c = (a + b) 
    return (a, b)

[Process 2] step=3, generation took 293.99s
[Process 2] best score so far: 0.0025411207167604444, content:
def fun(i1, i3, i2, i4):
    a = i1 @ i3.T
    b = (i3 @ i2.T + i4) @ (i3.T + i4)
    return (a, b)

[Process 3] step=3, generation took 294.51s
[Process 3] best score so far: 0.0029829623001082924, content:
def fun(i1, i3, i4, i2):
    expr1 = i1 @ i3.T
    expr2 = (i2.T + i3 @ i4) @ (i3.T + i2)
    return (expr1, expr2)

[Process 0] step=3, generation took 299.87s
[Process 0] best score so far: 0.0029829623001082924, content:
def fun(i1, i3, i4, i2):
    expr1 = i1 @ i3.T
    expr2 = (i2.T + i3 @ i4) @ (i3.T + i2)
    return (expr1, expr2)

[Process 1] step=3, generation took 297.61s
[Process 1] best score so far: 0.0025411207167604444, content:
def fun(i1, i3, i2, i4):
    a = i1 @ i3.T
    b = (i3 @ i2.T + i4) @ (i3.T + i4)
    c = (a + b) 
    return (a, b)

[Process 2] step=4, generation took 294.03s
[Process 2] best score so far: 0.0025411207167604444, content:
def fun(i1, i3, i2, i4):
    a = i1 @ i3.T
    b = (i3 @ i2.T + i4) @ (i3.T + i4)
    return (a, b)

[Process 3] step=4, generation took 294.58s
[Process 3] best score so far: 0.0029829623001082924, content:
def fun(i1, i3, i4, i2):
    expr1 = i1 @ i3.T
    expr2 = (i2.T + i3 @ i4) @ (i3.T + i2)
    return (expr1, expr2)

[Process 0] step=4, generation took 299.77s
[Process 0] best score so far: 0.0029829623001082924, content:
def fun(i1, i3, i4, i2):
    return (i1 @ i3.T, (i2.T + i3 @ i4) @ (i3.T + i2))

[Process 1] step=4, generation took 297.65s
[Process 1] best score so far: 0.0025411207167604444, content:
def fun(i1, i3, i2, i4):
    a = i1 @ i3.T
    b = (i3 @ i2.T + i4) @ (i3.T + i4)
    c = (a + b) 
    return (a, b)

[Process 2] step=5, generation took 294.03s
[Process 2] best score so far: 0.0025411207167604444, content:
def fun(i1, i3, i2, i4):
    a = i1 @ i3.T
    b = (i3 @ i2.T + i4) @ (i3.T + i4)
    return (a, b)

[Process 3] step=5, generation took 294.44s
[Process 3] best score so far: 0.0029829623001082924, content:
def fun(i1, i3, i4, i2):
    expr1 = i1 @ i3.T
    expr2 = (i2.T + i3 @ i4) @ (i3.T + i2)
    return (expr1, expr2)

[Process 0] step=5, generation took 299.95s
[Process 0] best score so far: 0.0029829623001082924, content:
def fun(i1, i3, i4, i2):
    return (i1 @ i3.T, (i2.T + i3 @ i4) @ (i3.T + i2))

[Process 1] step=5, generation took 297.65s
[Process 1] best score so far: 0.0025411207167604444, content:
def fun(i1, i3, i2, i4):
    a = i1 @ i3.T
    b = (i3 @ i2.T + i4) @ (i3.T + i4)
    c = (a + b) 
    return (a, b)

[Process 2] step=6, generation took 294.00s
[Process 2] best score so far: 0.0025411207167604444, content:
def fun(i1, i3, i2, i4):
    a = i1 @ i3.T
    b = (i3 @ i2.T + i4) @ (i3.T + i4)
    return (a, b)

[Process 3] step=6, generation took 294.54s
[Process 3] best score so far: 0.0029829623001082924, content:
def fun(i1, i3, i4, i2):
    expr1 = i1 @ i3.T
    expr2 = (i2.T + i3 @ i4) @ (i3.T + i2)
    return (expr1, expr2)

[Process 0] step=6, generation took 299.72s
[Process 0] best score so far: 0.0029829623001082924, content:
def fun(i1, i3, i4, i2):
    return (i1 @ i3.T, (i2.T + i3 @ i4) @ (i3.T + i2))

[Process 1] step=6, generation took 295.80s
[Process 1] best score so far: 0.0025411207167604444, content:
def fun(i1, i3, i2, i4):
    a = i1 @ i3.T
    b = (i3 @ i2.T + i4) @ (i3.T + i4)
    c = (a + b) 
    return (a, b)

[Process 3] step=7, generation took 294.57s
[Process 3] best score so far: 0.0029829623001082924, content:
def fun(i1, i3, i4, i2):
    expr1 = i1 @ i3.T
    expr2 = (i2.T + i3 @ i4) @ (i3.T + i2)
    return (expr1, expr2)

[Process 2] step=7, generation took 294.05s
[Process 2] best score so far: 0.0025411207167604444, content:
def fun(i1, i3, i2, i4):
    a = i1 @ i3.T
    b = (i3 @ i2.T + i4) @ (i3.T + i4)
    return (a, b)

[Process 0] step=7, generation took 299.89s
[Process 0] best score so far: 0.0029829623001082924, content:
def fun(i1, i3, i4, i2):
    expr1 = i1 @ i3.T
    expr2 = (i2.T + i3 @ i4) @ (i3.T + i2)
    return (expr1, expr2)

[Process 1] step=7, generation took 297.58s
[Process 1] best score so far: 0.0025411207167604444, content:
def fun(i1, i3, i2, i4):
    a = i1 @ i3.T
    b = (i3 @ i2.T + i4) @ (i3.T + i4)
    c = (a + b) 
    return (a, b)

[Process 2] step=8, generation took 294.02s
[Process 2] best score so far: 0.0025411207167604444, content:
def fun(i1, i3, i2, i4):
    a = i1 @ i3.T
    b = (i3 @ i2.T + i4) @ (i3.T + i4)
    return (a, b)

[Process 3] step=8, generation took 294.61s
[Process 3] best score so far: 0.0029829623001082924, content:
def fun(i1, i3, i4, i2):
    expr1 = i1 @ i3.T
    expr2 = (i2.T + i3 @ i4) @ (i3.T + i2)
    return (expr1, expr2)

[Process 0] step=8, generation took 299.52s
[Process 0] best score so far: 0.0029829623001082924, content:
def fun(i1, i3, i4, i2):
    expr1 = i1 @ i3.T
    expr2 = (i2.T + i3 @ i4) @ (i3.T + i2)
    return (expr1, expr2)

[Process 1] step=8, generation took 297.59s
[Process 1] best score so far: 0.0025411207167604444, content:
def fun(i1, i3, i2, i4):
    a = i1 @ i3.T
    b = (i3 @ i2.T + i4) @ (i3.T + i4)
    c = (a + b) 
    return (a, b)

[Process 2] step=9, generation took 294.04s
[Process 2] best score so far: 0.0025411207167604444, content:
def fun(i1, i3, i2, i4):
    a = i1 @ i3.T
    b = (i3 @ i2.T + i4) @ (i3.T + i4)
    return (a, b)

[Process 3] step=9, generation took 294.52s
[Process 3] best score so far: 0.0029829623001082924, content:
def fun(i1, i3, i4, i2):
    expr1 = i1 @ i3.T
    expr2 = (i2.T + i3 @ i4) @ (i3.T + i2)
    return (expr1, expr2)

[Process 0] step=9, generation took 299.89s
[Process 0] best score so far: 0.0029829623001082924, content:
def fun(i1, i3, i4, i2):
    expr1 = i1 @ i3.T
    expr2 = (i2.T + i3 @ i4) @ (i3.T + i2)
    return (expr1, expr2)

[Process 1] step=9, generation took 291.99s
[Process 1] best score so far: 0.0025411207167604444, content:
def fun(i1, i3, i2, i4):
    a = i1 @ i3.T
    b = (i3 @ i2.T + i4) @ (i3.T + i4)
    c = (a + b) 
    return (a, b)


[Main] Collecting best scores from each thread's memory:
  Thread 0: best score 0.0029829623001082924
  Thread 1: best score 0.0025411207167604444
  Thread 2: best score 0.0025411207167604444
  Thread 3: best score 0.0029829623001082924

[Main] Sorted memory_infos (score, thread_idx):
  0.0025411207167604444, thread 1
  0.0025411207167604444, thread 2
  0.0029829623001082924, thread 0
  0.0029829623001082924, thread 3

[Main] Worst half (to be reinitialized):
  Thread 0 with score 0.0029829623001082924
  Thread 3 with score 0.0029829623001082924

[Main] Donor candidates (top half):
  Thread 1 with score 0.0025411207167604444
  Thread 2 with score 0.0025411207167604444
[Main] Reinitializing memory for thread 0 with best element from thread 1.
[Main] Reinitializing memory for thread 3 with best element from thread 2.

==== Outer Iteration 7 ====
[Process 2] started on GPU 2, running 10 iterations...
[Process 1] started on GPU 1, running 10 iterations...
[Process 3] started on GPU 3, running 10 iterations...
[Process 0] started on GPU 0, running 10 iterations...
[Process 3] step=0, generation took 293.87s
[Process 3] best score so far: 0.0025411207167604444, content:
def fun(i1, i3, i2, i4):
    a = i1 @ i3.T
    b = (i3 @ i2.T + i4) @ (i3.T + i4)
    return (a, b)

[Process 1] step=0, generation took 295.36s
[Process 1] best score so far: 0.0025411207167604444, content:
def fun(i1, i3, i2, i4):
    a = i1 @ i3.T
    b = (i3 @ i2.T + i4) @ (i3.T + i4)
    c = (a + b) 
    return (a, b)

[Process 0] step=0, generation took 293.28s
[Process 0] best score so far: 0.0025411207167604444, content:
def fun(i1, i3, i2, i4):
    a = i1 @ i3.T
    b = (i3 @ i2.T + i4) @ (i3.T + i4)
    c = (a + b) 
    return (a, b)

[Process 2] step=0, generation took 294.20s
[Process 2] best score so far: 0.0025411207167604444, content:
def fun(i1, i3, i2, i4):
    a = i1 @ i3.T
    b = (i3 @ i2.T + i4) @ (i3.T + i4)
    return (a, b)

[Process 2] step=1, generation took 293.54s
[Process 2] best score so far: 0.0025411207167604444, content:
def fun(i1, i3, i2, i4):
    a = i1 @ i3.T
    b = (i3 @ i2.T + i4) @ (i3.T + i4)
    return (a, b)

[Process 3] step=1, generation took 293.39s
[Process 3] best score so far: 0.0025411207167604444, content:
def fun(i1, i3, i2, i4):
    a = i1 @ i3.T
    b = (i3 @ i2.T + i4) @ (i3.T + i4)
    return (a, b)

[Process 0] step=1, generation took 297.61s
[Process 0] best score so far: 0.0025411207167604444, content:
def fun(i1, i3, i4, i2):
    a = i1 @ i3.T
    b = (i3 @ i4.T + i2) @ (i3.T + i2)
    return (a, b)

[Process 1] step=1, generation took 295.07s
[Process 1] best score so far: 0.0025411207167604444, content:
def fun(i1, i3, i2, i4):
    a = i1 @ i3.T
    b = (i3 @ i2.T + i4) @ (i3.T + i4)
    c = (a + b) 
    return (a, b)

[Process 2] step=2, generation took 293.31s
[Process 2] best score so far: 0.0025411207167604444, content:
def fun(i1, i3, i2, i4):
    a = i1 @ i3.T
    b = (i3 @ i2.T + i4) @ (i3.T + i4)
    return (a, b)

[Process 3] step=2, generation took 293.50s
[Process 3] best score so far: 0.0025411207167604444, content:
def fun(i1, i3, i2, i4):
    a = i1 @ i3.T
    b = (i3 @ i2.T + i4) @ (i3.T + i4)
    return (a, b)

[Process 1] step=2, generation took 294.77s
[Process 1] best score so far: 0.0025411207167604444, content:
def fun(i1, i3, i2, i4):
    a = i1 @ i3.T
    b = (i3 @ i2.T + i4) @ (i3.T + i4)
    c = (a + b) 
    return (a, b)

[Process 0] step=2, generation took 297.55s
[Process 0] best score so far: 0.0025411207167604444, content:
def fun(i1, i3, i4, i2):
    a = i1 @ i3.T
    b = (i3 @ i4.T + i2) @ (i3.T + i2)
    return (a, b)

[Process 2] step=3, generation took 293.62s
[Process 2] best score so far: 0.0025411207167604444, content:
def fun(i1, i3, i2, i4):
    a = i1 @ i3.T
    b = (i3 @ i2.T + i4) @ (i3.T + i4)
    return (a, b)

[Process 3] step=3, generation took 293.43s
[Process 3] best score so far: 0.0025411207167604444, content:
def fun(i1, i3, i2, i4):
    a = i1 @ i3.T
    b = (i3 @ i2.T + i4) @ (i3.T + i4)
    return (a, b)

[Process 0] step=3, generation took 297.50s
[Process 0] best score so far: 0.0025411207167604444, content:
def fun(i1, i2, i3, i4):
    a = i1 @ i2.T
    b = (i2 @ i3.T + i4) @ (i2.T + i4)
    c = (a + b) 
    return (a, b)

[Process 1] step=3, generation took 294.94s
[Process 1] best score so far: 0.0025411207167604444, content:
def fun(i1, i3, i2, i4):
    a = i1 @ i3.T
    b = (i3 @ i2.T + i4) @ (i3.T + i4)
    c = (a + b) 
    return (a, b)

[Process 2] step=4, generation took 293.52s
[Process 2] best score so far: 0.0025411207167604444, content:
def fun(i1, i3, i2, i4):
    a = i1 @ i3.T
    b = (i3 @ i2.T + i4) @ (i3.T + i4)
    return (a, b)

[Process 3] step=4, generation took 293.44s
[Process 3] best score so far: 0.0025411207167604444, content:
def fun(i1, i3, i2, i4):
    a = i1 @ i3.T
    b = (i3 @ i2.T + i4) @ (i3.T + i4)
    return (a, b)

[Process 0] step=4, generation took 297.51s
[Process 0] best score so far: 0.0025411207167604444, content:
def fun(i1, i2, i3, i4):
    a = i1 @ i2.T
    b = (i2 @ i3.T + i4) @ (i2.T + i4)
    c = (a + b) 
    return (a, b)

[Process 1] step=4, generation took 294.81s
[Process 1] best score so far: 0.0025411207167604444, content:
def fun(i1, i3, i2, i4):
    a = i1 @ i3.T
    b = (i3 @ i2.T + i4) @ (i3.T + i4)
    c = (a + b) 
    return (a, b)

[Process 2] step=5, generation took 293.26s
[Process 2] best score so far: 0.0025411207167604444, content:
def fun(i1, i3, i2, i4):
    a = i1 @ i3.T
    b = (i3 @ i2.T + i4) @ (i3.T + i4)
    return (a, b)

[Process 3] step=5, generation took 293.53s
[Process 3] best score so far: 0.0025411207167604444, content:
def fun(i1, i3, i2, i4):
    a = i1 @ i3.T
    b = (i3 @ i2.T + i4) @ (i3.T + i4)
    return (a, b)

[Process 1] step=5, generation took 294.82s
[Process 1] best score so far: 0.0025411207167604444, content:
def fun(i1, i3, i2, i4):
    a = i1 @ i3.T
    b = (i3 @ i2.T + i4) @ (i3.T + i4)
    c = (a + b) 
    return (a, b)

[Process 0] step=5, generation took 298.20s
[Process 0] best score so far: 0.0025411207167604444, content:
def fun(i1, i2, i3, i4):
    a = i1 @ i2.T
    b = (i2 @ i3.T + i4) @ (i2.T + i4)
    c = (a + b) 
    return (a, b)

[Process 2] step=6, generation took 293.66s
[Process 2] best score so far: 0.0025411207167604444, content:
def fun(i1, i3, i2, i4):
    a = i1 @ i3.T
    b = (i3 @ i2.T + i4) @ (i3.T + i4)
    return (a, b)

[Process 3] step=6, generation took 293.37s
[Process 3] best score so far: 0.0025411207167604444, content:
def fun(i1, i3, i2, i4):
    a = i1 @ i3.T
    b = (i3 @ i2.T + i4) @ (i3.T + i4)
    return (a, b)

[Process 1] step=6, generation took 294.82s
[Process 1] best score so far: 0.0025411207167604444, content:
def fun(i1, i3, i2, i4):
    a = i1 @ i3.T
    b = (i3 @ i2.T + i4) @ (i3.T + i4)
    c = (a + b) 
    return (a, b)

[Process 0] step=6, generation took 297.47s
[Process 0] best score so far: 0.0025411207167604444, content:
def fun(i1, i2, i3, i4):
    a = i1 @ i2.T
    b = (i2 @ i3.T + i4) @ (i2.T + i4)
    c = (a + b) 
    return (a, b)

[Process 2] step=7, generation took 293.52s
[Process 2] best score so far: 0.0025411207167604444, content:
def fun(i1, i3, i2, i4):
    a = i1 @ i3.T
    b = (i3 @ i2.T + i4) @ (i3.T + i4)
    return (a, b)

[Process 3] step=7, generation took 293.42s
[Process 3] best score so far: 0.0025411207167604444, content:
def fun(i1, i2, i3, i4):
    a = i1 @ i2.T
    b = (i2 @ i3.T + i4) @ (i2.T + i4)
    return (a, b)

[Process 1] step=7, generation took 294.85s
[Process 1] best score so far: 0.002050854682434112, content:
def fun(i1, i2, i3, i4):
    a = i1 @ i2.T
    b = (i2 @ i3.T + i4) @ i2.T
    return (a, b)

[Process 0] step=7, generation took 298.19s
[Process 0] best score so far: 0.0025411207167604444, content:
def fun(i1, i2, i3, i4):
    a = i1 @ i2.T
    b = (i2 @ i3.T + i4) @ (i2.T + i4)
    c = (a + b) 
    return (a, b)

[Process 2] step=8, generation took 293.32s
[Process 2] best score so far: 0.0025411207167604444, content:
def fun(i1, i3, i2, i4):
    a = i1 @ i3.T
    b = (i3 @ i2.T + i4) @ (i3.T + i4)
    return (a, b)

[Process 3] step=8, generation took 292.77s
[Process 3] best score so far: 0.0025411207167604444, content:
def fun(i1, i2, i3, i4):
    a = i1 @ i2.T
    b = (i2 @ i3.T + i4) @ (i2.T + i4)
    return (a, b)

[Process 1] step=8, generation took 294.26s
[Process 1] best score so far: 0.002050854682434112, content:
def fun(i1, i2, i3, i4):
    a = (i1 @ i2.T).T
    b = (i2 @ i3.T + i4) @ i2.T
    return (a, b)

[Process 0] step=8, generation took 298.15s
[Process 0] best score so far: 0.0025411207167604444, content:
def fun(i1, i2, i3, i4):
    a = i1 @ i2.T
    b = (i2 @ i3.T + i4) @ (i2.T + i4)
    c = (a + b) 
    return (a, b)

[Process 3] step=9, generation took 283.50s
[Process 3] best score so far: 0.0025411207167604444, content:
def fun(i1, i2, i3, i4):
    a = i1 @ i2.T
    b = (i2 @ i3.T + i4) @ (i2.T + i4)
    return (a, b)

[Process 2] step=9, generation took 293.63s
[Process 2] best score so far: 0.0025411207167604444, content:
def fun(i1, i3, i2, i4):
    a = i1 @ i3.T
    b = (i3 @ i2.T + i4) @ (i3.T + i4)
    return (a, b)

[Process 0] step=9, generation took 297.50s
[Process 0] best score so far: 0.0025411207167604444, content:
def fun(i1, i2, i3, i4):
    a = i1 @ i2.T
    b = (i2 @ i3.T + i4) @ (i2.T + i4)
    c = (a + b) 
    return (a, b)

[Process 1] step=9, generation took 298.80s
[Process 1] best score so far: 0.002050854682434112, content:
def fun(i1, i2, i3, i4):
    a = (i1 @ i2.T).T
    b = (i2 @ i3.T + i4) @ i2.T
    return (a, b)


[Main] Collecting best scores from each thread's memory:
  Thread 0: best score 0.0025411207167604444
  Thread 1: best score 0.002050854682434112
  Thread 2: best score 0.0025411207167604444
  Thread 3: best score 0.0025411207167604444

[Main] Sorted memory_infos (score, thread_idx):
  0.002050854682434112, thread 1
  0.0025411207167604444, thread 0
  0.0025411207167604444, thread 2
  0.0025411207167604444, thread 3

[Main] Worst half (to be reinitialized):
  Thread 2 with score 0.0025411207167604444
  Thread 3 with score 0.0025411207167604444

[Main] Donor candidates (top half):
  Thread 1 with score 0.002050854682434112
  Thread 0 with score 0.0025411207167604444
[Main] Reinitializing memory for thread 2 with best element from thread 1.
[Main] Reinitializing memory for thread 3 with best element from thread 0.

==== Outer Iteration 8 ====
[Process 2] started on GPU 2, running 10 iterations...
[Process 3] started on GPU 3, running 10 iterations...
[Process 1] started on GPU 1, running 10 iterations...
[Process 0] started on GPU 0, running 10 iterations...
[Process 3] step=0, generation took 294.33s
[Process 3] best score so far: 0.0025411207167604444, content:
def fun(i1, i2, i3, i4):
    a = i1 @ i2.T
    b = (i2 @ i3.T + i4) @ (i2.T + i4)
    return (a, b)

[Process 2] step=0, generation took 295.31s
[Process 2] best score so far: 0.002050854682434112, content:
def fun(i1, i2, i3, i4):
    a = (i1 @ i2.T).T
    b = (i2 @ i3.T + i4) @ i2.T
    return (a, b)

[Process 0] step=0, generation took 298.34s
[Process 0] best score so far: 0.0025411207167604444, content:
def fun(i1, i2, i3, i4):
    a = i1 @ i2.T
    b = (i2 @ i3.T + i4) @ (i2.T + i4)
    c = (a + b) 
    return (a, b)

[Process 1] step=0, generation took 300.94s
[Process 1] best score so far: 0.002050854682434112, content:
def fun(i1, i2, i3, i4):
    a = (i1 @ i2.T).T
    b = (i2 @ i3.T + i4) @ i2.T
    return (a, b)

[Process 2] step=1, generation took 294.68s
[Process 2] best score so far: 0.002050854682434112, content:
def fun(i1, i2, i3, i4):
    a = (i1 @ i2.T).T
    b = (i2 @ i3.T + i4) @ i2.T
    return (a, b)

[Process 3] step=1, generation took 298.23s
[Process 3] best score so far: 0.0025411207167604444, content:
def fun(i1, i2, i3, i4):
    a = i1 @ i2.T
    b = (i2 @ i3.T + i4) @ (i2.T + i4)
    c = (a + b) 
    return (a, b)

[Process 0] step=1, generation took 297.32s
[Process 0] best score so far: 0.0025411207167604444, content:
def fun(i1, i2, i3, i4):
    a = i1 @ i2.T
    b = (i2 @ i3.T + i4) @ (i2.T + i4)
    c = (a + b) 
    return (a, b)

[Process 1] step=1, generation took 300.25s
[Process 1] best score so far: 0.002050854682434112, content:
def fun(i1, i2, i3, i4):
    a = (i1 @ i2.T).T
    b = (i2 @ i3.T + i4) @ i2.T
    return (a, b)

[Process 2] step=2, generation took 293.97s
[Process 2] best score so far: 0.002050854682434112, content:
def fun(i1, i2, i3, i4):
    a = (i1 @ i2.T).T
    b = (i2 @ i3.T + i4) @ i2.T
    return (a, b)

[Process 3] step=2, generation took 298.38s
[Process 3] best score so far: 0.0025411207167604444, content:
def fun(i1, i2, i3, i4):
    a = i1 @ i2.T
    b = (i2 @ i3.T + i4) @ (i2.T + i4)
    c = (a + b)
    return (a, b)

[Process 0] step=2, generation took 297.51s
[Process 0] best score so far: 0.0025411207167604444, content:
def fun(i1, i2, i3, i4):
    a = i1 @ i2.T
    b = (i2 @ i3.T + i4) @ (i2.T + i4)
    c = (a + b) 
    return (a, b)

[Process 1] step=2, generation took 300.22s
[Process 1] best score so far: 0.002050854682434112, content:
def fun(i1, i2, i3, i4):
    a = (i1 @ i2.T).T
    b = (i2 @ i3.T + i4) @ i2.T
    return (a, b)

[Process 2] step=3, generation took 294.62s
[Process 2] best score so far: 0.002050854682434112, content:
def fun(i1, i2, i3, i4):
    a = (i1 @ i2.T).T
    b = (i2 @ i3.T + i4) @ i2.T
    return (a, b)

[Process 3] step=3, generation took 298.13s
[Process 3] best score so far: 0.0025411207167604444, content:
def fun(i1, i2, i3, i4):
    a = i1 @ i2.T
    b = (i2 @ i3.T + i4) @ (i2.T + i4)
    return (a, b)

[Process 0] step=3, generation took 297.90s
[Process 0] best score so far: 0.0025411207167604444, content:
def fun(i1, i2, i3, i4):
    a = i1 @ i2.T
    b = (i2 @ i3.T + i4) @ (i2.T + i4)
    c = (a + b) 
    return (a, b)

[Process 1] step=3, generation took 300.37s
[Process 1] best score so far: 0.002050854682434112, content:
def fun(i1, i2, i3, i4):
    a = (i1 @ i2.T).T
    b = (i2 @ i3.T + i4) @ i2.T
    return (a, b)

[Process 2] step=4, generation took 299.58s
[Process 2] best score so far: 2.7294872781983373e-28, content:
def fun(i1, i2, i3, i4):
    a = (i1 @ i2.T).T
    b = (i2 @ i3.T) @ i2.T + i4
    return (a, b)

[Process 3] step=4, generation took 298.29s
[Process 3] best score so far: 0.0025411207167604444, content:
def fun(i1, i2, i3, i4):
    a = i1 @ i2.T
    b = (i2 @ i3.T + i4) @ (i2.T + i4)
    return (a, b)

[Process 0] step=4, generation took 297.52s
[Process 0] best score so far: 0.0025411207167604444, content:
def fun(i4, i1, i2, i3):
    a = i4 @ i1.T
    b = (i1 @ i2.T + i3) @ (i1.T + i3)
    return (a, b)

[Process 1] step=4, generation took 300.34s
[Process 1] best score so far: 0.002050854682434112, content:
def fun(i1, i2, i3, i4):
    a = (i1 @ i2.T).T
    b = (i2 @ i3.T + i4) @ i2.T
    return (a, b)

[Process 2] step=5, generation took 294.35s
[Process 2] best score so far: 2.7294872781983373e-28, content:
def fun(i1, i2, i3, i4):
    a = (i1 @ i2.T).T
    b = (i2 @ i3.T) @ i2.T + i4
    return (a, b)

[Process 3] step=5, generation took 298.61s
[Process 3] best score so far: 0.0025411207167604444, content:
def fun(i1, i2, i3, i4):
    a = i1 @ i2.T
    b = (i2 @ i3.T + i4) @ (i2.T + i4)
    return (a, b)

[Process 0] step=5, generation took 293.61s
[Process 0] best score so far: 0.0025411207167604444, content:
def fun(i3, i1, i4, i2):
    a = i1 @ i3.T
    b = (i1 @ i4.T + i2) @ (i1.T + i2)
    return (a, b)

[Process 1] step=5, generation took 300.09s
[Process 1] best score so far: 0.002050854682434112, content:
def fun(i1, i2, i3, i4):
    a = (i1 @ i2.T).T
    b = (i2 @ i3.T + i4) @ i2.T
    return (a, b)

[Process 2] step=6, generation took 294.41s
[Process 2] best score so far: 2.7294872781983373e-28, content:
def fun(i1, i2, i3, i4):
    a = (i1 @ i2.T).T
    b = (i2 @ i3.T) @ i2.T + i4
    return (a, b)

[Process 0] step=6, generation took 297.56s
[Process 0] best score so far: 0.0025411207167604444, content:
def fun(i3, i1, i4, i2):
    a = i1 @ i3.T
    b = (i1 @ i4.T + i2) @ (i1.T + i2)
    return (a, b)

[Process 3] step=6, generation took 298.52s
[Process 3] best score so far: 0.0025411207167604444, content:
def fun(i1, i2, i3, i4):
    a = i1 @ i2.T
    b = (i2 @ i3.T + i4) @ (i2.T + i4)
    c = (a + b) 
    return (a, b)

[Process 1] step=6, generation took 300.29s
[Process 1] best score so far: 0.002050854682434112, content:
def fun(i1, i2, i3, i4):
    a = (i1 @ i2.T).T
    b = (i2 @ i3.T + i4) @ i2.T
    return (a, b)

[Process 2] step=7, generation took 299.79s
[Process 2] best score so far: 2.7294872781983373e-28, content:
def fun(i1, i2, i3, i4):
    a = (i1 @ i2.T).T
    b = (i2 @ i3.T) @ i2.T + i4
    return (a, b)

[Process 0] step=7, generation took 297.41s
[Process 0] best score so far: 0.0025411207167604444, content:
def fun(i1, i3, i2, i4):
    a = i1 @ i3.T
    b = (i3 @ i2.T + i4) @ (i3.T + i4)
    c = (a + b) 
    return (a, b)

[Process 3] step=7, generation took 298.40s
[Process 3] best score so far: 0.0025411207167604444, content:
def fun(i1, i2, i3, i4):
    a = i1 @ i2.T
    b = (i2 @ i3.T + i4) @ (i2.T + i4)
    c = (a + b) 
    return (a, b)

[Process 1] step=7, generation took 299.97s
[Process 1] best score so far: 0.002050854682434112, content:
def fun(i1, i2, i3, i4):
    a = (i1 @ i2.T).T
    b = (i2 @ i3.T + i4) @ i2.T
    return (a, b)

[Process 2] step=8, generation took 299.75s
[Process 2] best score so far: 2.7294872781983373e-28, content:
def fun(i1, i2, i3, i4):
    a = (i1 @ i2.T).T
    b = (i2 @ i3.T) @ i2.T + i4.T
    return (a, b)

[Process 0] step=8, generation took 297.94s
[Process 0] best score so far: 0.0025411207167604444, content:
def fun(i1, i3, i2, i4):
    a = i1 @ i3.T
    b = (i3 @ i2.T + i4) @ (i3.T + i4)
    c = (a + b) 
    return (a, b)

[Process 3] step=8, generation took 298.25s
[Process 3] best score so far: 0.0025411207167604444, content:
def fun(i1, i2, i3, i4):
    a = i1 @ i2.T
    b = (i2 @ i3.T + i4) @ (i2.T + i4)
    c = (a + b) 
    return (a, b)

[Process 1] step=8, generation took 300.29s
[Process 1] best score so far: 0.002050854682434112, content:
def fun(i1, i2, i3, i4):
    a = i2 @ i1.T
    b = (i2 @ i3.T + i4) @ i2.T
    return (a, b)

[Process 2] step=9, generation took 299.55s
[Process 2] best score so far: 2.7294872781983373e-28, content:
def fun(i1, i2, i3, i4):
    a = (i1 @ i2.T).T
    b = (i2 @ i3.T) @ i2.T + i4
    return (a, b)

[Process 0] step=9, generation took 297.86s
[Process 0] best score so far: 0.0025411207167604444, content:
def fun(i1, i3, i2, i4):
    a = i1 @ i3.T
    b = (i3 @ i2.T + i4) @ (i3.T + i4)
    c = (a + b) 
    return (a, b)

[Process 3] step=9, generation took 298.25s
[Process 3] best score so far: 0.0020542969824961293, content:
def fun(i1, i2, i3, i4):
    a = i1 @ i2.T
    b = (i2 @ i3.T + i4) @ (i2.T + i4 @ i4.T)
    return (a, b)

[Process 1] step=9, generation took 300.49s
[Process 1] best score so far: 0.002050854682434112, content:
def fun(i1, i2, i3, i4):
    a = (i1 @ i2.T).T 
    b = (i2 @ i3.T + i4) @ i2.T 
    return (a, b)


[Main] Collecting best scores from each thread's memory:
  Thread 0: best score 0.0025411207167604444
  Thread 1: best score 0.002050854682434112
  Thread 2: best score 2.7294872781983373e-28
  Thread 3: best score 0.0020542969824961293

[Main] Sorted memory_infos (score, thread_idx):
  2.7294872781983373e-28, thread 2
  0.002050854682434112, thread 1
  0.0020542969824961293, thread 3
  0.0025411207167604444, thread 0

[Main] Worst half (to be reinitialized):
  Thread 3 with score 0.0020542969824961293
  Thread 0 with score 0.0025411207167604444

[Main] Donor candidates (top half):
  Thread 2 with score 2.7294872781983373e-28
  Thread 1 with score 0.002050854682434112
[Main] Reinitializing memory for thread 3 with best element from thread 2.
[Main] Reinitializing memory for thread 0 with best element from thread 1.

==== Outer Iteration 9 ====
[Process 3] started on GPU 3, running 10 iterations...
[Process 2] started on GPU 2, running 10 iterations...
[Process 0] started on GPU 0, running 10 iterations...
[Process 1] started on GPU 1, running 10 iterations...
[Process 0] step=0, generation took 296.07s
[Process 0] best score so far: 0.002050854682434112, content:
def fun(i1, i2, i3, i4):
    a = (i1 @ i2.T).T 
    b = (i2 @ i3.T + i4) @ i2.T 
    return (a, b)

[Process 3] step=0, generation took 295.82s
[Process 3] best score so far: 2.7294872781983373e-28, content:
def fun(i1, i2, i3, i4):
    a = i1 @ i2.T
    b = i2 @ i3.T @ i2.T + i4
    return (a, b)

[Process 1] step=0, generation took 300.77s
[Process 1] best score so far: 0.002050854682434112, content:
def fun(i1, i2, i3, i4):
    a = (i1 @ i2.T).T 
    b = (i2 @ i3.T + i4) @ i2.T 
    return (a, b)

[Process 2] step=0, generation took 299.67s
[Process 2] best score so far: 2.7294039374318538e-28, content:
def fun(i1, i2, i3, i4):
    a = i1 @ i2.T 
    b = i2 @ (i3.T @ i2.T) + i4.T 
    return (a, b)

[Process 0] step=1, generation took 295.74s
[Process 0] best score so far: 0.002050854682434112, content:
def fun(i1, i2, i3, i4):
    a = (i1 @ i2.T).T 
    b = (i2 @ i3.T + i4) @ i2.T 
    return (a, b)

[Process 2] step=1, generation took 294.11s
[Process 2] best score so far: 2.7294039374318538e-28, content:
def fun(i1, i2, i3, i4):
    a = i1 @ i2.T 
    b = i2 @ (i3.T @ i2.T) + i4.T 
    return (a, b)

[Process 3] step=1, generation took 300.00s
[Process 3] best score so far: 0.0, content:
def fun(i1, i2, i3, i4):
    a = i1 @ i2.T
    b = i2 @ i3 @ i2.T + i4
    return (a, b)

[Process 1] step=1, generation took 300.17s
[Process 1] best score so far: 0.002050854682434112, content:
def fun(i1, i2, i3, i4):
    a = (i1 @ i2.T).T 
    b = (i2 @ i3.T + i4) @ i2.T 
    return (a, b)

[Process 0] step=2, generation took 295.74s
[Process 0] best score so far: 0.002050854682434112, content:
def fun(i1, i2, i3, i4):
    a = (i1 @ i2.T).T 
    b = (i2 @ i3.T + i4) @ i2.T 
    return (a, b)

[Process 2] step=2, generation took 294.97s
[Process 2] best score so far: 2.7294039374318538e-28, content:
def fun(i1, i2, i3, i4):
    a = i1 @ i2.T 
    b = i2 @ (i3.T @ i2.T) + i4.T 
    return (a, b)

[Process 1] step=2, generation took 300.41s
[Process 1] best score so far: 0.002050854682434112, content:
def fun(i1, i2, i3, i4):
    a = (i1 @ i2.T).T 
    b = (i2 @ i3.T + i4) @ i2.T 
    return (a, b)

[Process 0] step=3, generation took 295.47s
[Process 0] best score so far: 0.002050854682434112, content:
def fun(i1, i2, i3, i4):
    a = (i1 @ i2.T).T 
    b = (i2 @ i3.T + i4) @ i2.T 
    return (a, b)

[Process 2] step=3, generation took 294.85s
[Process 2] best score so far: 2.7294039374318538e-28, content:
def fun(i1, i2, i3, i4):
    a = i1 @ i2.T 
    b = i2 @ (i3.T @ i2.T) + i4.T 
    return (a, b)

[Process 1] step=3, generation took 300.26s
[Process 1] best score so far: 0.002050854682434112, content:
def fun(i1, i2, i3, i4):
    a = (i1 @ i2.T).T 
    b = (i2 @ i3.T + i4) @ i2.T 
    return (a, b)

[Process 0] step=4, generation took 295.53s
[Process 0] best score so far: 0.002050854682434112, content:
def fun(i1, i2, i3, i4):
    a = (i1 @ i2.T).T 
    b = (i2 @ i3.T + i4) @ i2.T 
    return (a, b)

[Process 2] step=4, generation took 294.98s
[Process 2] best score so far: 2.7294039374318538e-28, content:
def fun(i1, i2, i3, i4):
    a = i1 @ i2.T 
    b = i2 @ (i3.T @ i2.T) + i4.T 
    return (a, b)

[Process 1] step=4, generation took 297.69s
[Process 1] best score so far: 0.002050854682434112, content:
def fun(i1, i2, i3, i4):
    a = (i1 @ i2.T).T 
    b = (i2 @ i3.T + i4) @ i2.T 
    return (a, b)

[Process 0] step=5, generation took 295.51s
[Process 0] best score so far: 0.002050854682434112, content:
def fun(i1, i2, i3, i4):
    a = (i1 @ i2.T).T
    b = (i2 @ i3.T + i4) @ i2.T
    return (a, b)

[Process 2] step=5, generation took 294.83s
[Process 2] best score so far: 2.7294039374318538e-28, content:
def fun(i1, i2, i3, i4):
    a = i1 @ i2.T 
    b = i2 @ (i3.T @ i2.T) + i4.T 
    return (a, b)

[Process 1] step=5, generation took 297.94s
[Process 1] best score so far: 0.002050854682434112, content:
def fun(i1, i2, i3, i4):
    a = (i1 @ i2.T).T 
    b = (i2 @ i3.T + i4) @ i2.T 
    return (a, b)

[Process 0] step=6, generation took 300.42s
[Process 0] best score so far: 0.002050854682434112, content:
def fun(i1, i2, i3, i4):
    a = i1 @ i2.T 
    b = (i2 @ i3.T + i4) @ i2.T 
    return (a, b)

[Process 2] step=6, generation took 294.91s
[Process 2] best score so far: 2.7294039374318538e-28, content:
def fun(i1, i2, i3, i4):
    a = i1 @ i2.T 
    b = i2 @ (i3.T @ i2.T) + i4.T 
    return (a, b)

[Process 1] step=6, generation took 297.53s
[Process 1] best score so far: 0.002050854682434112, content:
def fun(i1, i2, i3, i4):
    a = (i1 @ i2.T).T 
    b = (i2 @ i3.T + i4) @ i2.T 
    return (a, b)

[Process 2] step=7, generation took 294.29s
[Process 2] best score so far: 2.7294039374318538e-28, content:
def fun(i1, i2, i3, i4):
    a = i1 @ i2.T 
    b = i2 @ (i3.T @ i2.T) + i4.T 
    return (a, b)

[Process 0] step=7, generation took 300.35s
[Process 0] best score so far: 0.002050854682434112, content:
def fun(i1, i2, i3, i4):
    a = (i1 @ i2.T).T 
    b = (i2 @ i3.T + i4) @ i2.T 
    return (a, b)

[Process 1] step=7, generation took 297.02s
[Process 1] best score so far: 0.002050854682434112, content:
def fun(i1, i2, i3, i4):
    a = (i1 @ i2.T).T 
    b = (i2 @ i3.T + i4) @ i2.T 
    return (a, b)

[Process 2] step=8, generation took 294.92s
[Process 2] best score so far: 2.7294039374318538e-28, content:
def fun(i1, i2, i3, i4):
    a = i1 @ i2.T 
    b = i2 @ (i3.T @ i2.T) + i4.T 
    return (a, b)

[Process 0] step=8, generation took 300.39s
[Process 0] best score so far: 0.002050854682434112, content:
def fun(i1, i2, i3, i4):
    a = (i1 @ i2.T).T
    b = (i2 @ i3.T + i4) @ i2.T
    return (a, b)

[Process 1] step=8, generation took 294.88s
[Process 1] best score so far: 0.002050854682434112, content:
def fun(i1, i2, i3, i4):
    a = (i1 @ i2.T).T 
    b = (i2 @ i3.T + i4) @ i2.T 
    return (a, b)

[Process 2] step=9, generation took 294.84s
[Process 2] best score so far: 2.7294039374318538e-28, content:
def fun(i1, i2, i3, i4):
    a = i1 @ i2.T 
    b = i2 @ (i3.T @ i2.T) + i4.T 
    return (a, b)

[Process 0] step=9, generation took 300.41s
[Process 0] best score so far: 0.002050854682434112, content:
def fun(i1, i2, i3, i4):
    a = i1 @ i2.T
    b = (i2 @ i3.T + i4) @ i2.T
    return (a, b)

[Process 1] step=9, generation took 297.42s
[Process 1] best score so far: 0.002050854682434112, content:
def fun(i1, i2, i3, i4):
    a = (i1 @ i2.T).T 
    b = (i2 @ i3.T + i4) @ i2.T 
    return (a, b)

