Detected 4 GPU(s). We will spawn 4 processes.


==== Outer Iteration 0 ====
[Process 0] started on GPU 0, running 10 iterations...
[Process 2] started on GPU 2, running 10 iterations...
[Process 1] started on GPU 1, running 10 iterations...
[Process 3] started on GPU 3, running 10 iterations...
[Process 2] step=0, generation took 635.65s
[Process 2] best score so far: 0.07881966295922241, content:
def fun(i1, i2, i3, i4):
    o1 = i1 @ i2.T
    o2 = i4 + (i2 @ i3.T)
    return o1, o2

[Process 1] step=0, generation took 637.74s
[Process 1] best score so far: 0.07881966295922241, content:
def fun(i1,i2,i3,i4):
    o1 = (i1 @ i2.T) 
    o2 = i4 + (i2 @ i3.T)
    return o1, o2

[Process 0] step=0, generation took 636.70s
[Process 0] best score so far: 0.07881966295922241, content:
def fun(i1, i2, i3, i4):
    o1 = i1 @ i2.T
    o2 = i4 + i2 @ i3.T
    return o1, o2

[Process 3] step=0, generation took 638.08s
[Process 3] best score so far: 0.07881966295922241, content:
def fun(i1,i2,i3,i4):
    o1 = (i1 @ i2.T) 
    o2 = i4 + (i2 @ i3.T)
    return o1, o2

