Sanity check loss: 0.0
Generation 00000 - Island 0 Best Cost: 5.3523e+00
Island 0 BEST SO FAR: 5.3523e+00
Generation 00000 - Island 1 Best Cost: 5.3523e+00
Island 1 BEST SO FAR: 5.3523e+00
Generation 00000 - Island 2 Best Cost: 5.3523e+00
Island 2 BEST SO FAR: 3.0992e+01
Generation 00000 - Island 3 Best Cost: 5.3523e+00
Island 3 BEST SO FAR: 5.3523e+00
Generation 00010 - Island 0 Best Cost: 5.3523e+00
Island 0 BEST SO FAR: 5.3523e+00
Generation 00010 - Island 1 Best Cost: 5.3523e+00
Island 1 BEST SO FAR: 5.3523e+00
Generation 00010 - Island 2 Best Cost: 5.3523e+00
Island 2 BEST SO FAR: 5.3523e+00
Generation 00010 - Island 3 Best Cost: 5.3523e+00
Island 3 BEST SO FAR: 5.3523e+00
Generation 00020 - Island 0 Best Cost: 5.3523e+00
Island 0 BEST SO FAR: 5.3523e+00
Generation 00020 - Island 1 Best Cost: 5.3523e+00
Island 1 BEST SO FAR: 5.3523e+00
Generation 00020 - Island 2 Best Cost: 5.3523e+00
Island 2 BEST SO FAR: 5.3523e+00
Generation 00020 - Island 3 Best Cost: 5.3523e+00
Island 3 BEST SO FAR: 5.3523e+00
Generation 00030 - Island 0 Best Cost: 5.3523e+00
Island 0 BEST SO FAR: 5.3523e+00
Generation 00030 - Island 1 Best Cost: 5.3523e+00
Island 1 BEST SO FAR: 5.3523e+00
Generation 00030 - Island 2 Best Cost: 5.3523e+00
Island 2 BEST SO FAR: 5.3523e+00
Generation 00030 - Island 3 Best Cost: 5.3523e+00
Island 3 BEST SO FAR: 5.3523e+00
Generation 00040 - Island 0 Best Cost: 5.3523e+00
Island 0 BEST SO FAR: 5.3523e+00
Generation 00040 - Island 1 Best Cost: 5.3523e+00
Island 1 BEST SO FAR: 5.3523e+00
Generation 00040 - Island 2 Best Cost: 5.3523e+00
Island 2 BEST SO FAR: 5.3523e+00
Generation 00040 - Island 3 Best Cost: 5.3523e+00
Island 3 BEST SO FAR: 5.3523e+00
Generation 00050 - Island 0 Best Cost: 5.3523e+00
Island 0 BEST SO FAR: 5.3523e+00
Generation 00050 - Island 1 Best Cost: 5.3523e+00
Island 1 BEST SO FAR: 4.7326e-01
Generation 00050 - Island 2 Best Cost: 1.5634e-01
Island 2 BEST SO FAR: 5.3523e+00
Generation 00050 - Island 3 Best Cost: 5.3523e+00
Island 3 BEST SO FAR: 5.3523e+00
Generation 00060 - Island 0 Best Cost: 5.3523e+00
Island 0 BEST SO FAR: 5.3523e+00
Generation 00060 - Island 1 Best Cost: 5.3523e+00
Island 1 BEST SO FAR: 3.1953e-01
Generation 00060 - Island 2 Best Cost: 3.1953e-01
Island 2 BEST SO FAR: 5.3523e+00
Generation 00060 - Island 3 Best Cost: 5.3523e+00
Island 3 BEST SO FAR: 5.3523e+00
Generation 00070 - Island 0 Best Cost: 5.3523e+00
Island 0 BEST SO FAR: 5.3523e+00
Generation 00070 - Island 1 Best Cost: 5.3523e+00
Island 1 BEST SO FAR: 3.1953e-01
Generation 00070 - Island 2 Best Cost: 3.1953e-01
Island 2 BEST SO FAR: 5.3523e+00
Generation 00070 - Island 3 Best Cost: 5.3523e+00
Island 3 BEST SO FAR: 5.3523e+00
Generation 00080 - Island 0 Best Cost: 5.3523e+00
Island 0 BEST SO FAR: 5.3523e+00
Generation 00080 - Island 1 Best Cost: 5.3523e+00
Island 1 BEST SO FAR: 3.1953e-01
Generation 00080 - Island 2 Best Cost: 3.1953e-01
Island 2 BEST SO FAR: 5.3523e+00
Generation 00080 - Island 3 Best Cost: 5.3523e+00
Island 3 BEST SO FAR: 5.3523e+00
Generation 00090 - Island 0 Best Cost: 5.3523e+00
Island 0 BEST SO FAR: 5.3523e+00
Generation 00090 - Island 1 Best Cost: 5.3523e+00
Island 1 BEST SO FAR: 3.1953e-01
Generation 00090 - Island 2 Best Cost: 3.1953e-01
Island 2 BEST SO FAR: 5.3523e+00
Generation 00090 - Island 3 Best Cost: 5.3523e+00
Island 3 BEST SO FAR: 5.3523e+00

--- Resetting half of the worst islands ---
Best half island indices: [1, 0]
Resetting Island 2 using best from Island 1
Resetting Island 3 using best from Island 0
Generation 00100 - Island 0 Best Cost: 5.3523e+00
Island 0 BEST SO FAR: 5.3523e+00
Generation 00100 - Island 1 Best Cost: 5.3523e+00
Island 1 BEST SO FAR: 1.5634e-01
Generation 00100 - Island 2 Best Cost: 1.5634e-01
Island 2 BEST SO FAR: 1.5634e-01
Generation 00100 - Island 3 Best Cost: 1.5634e-01
Island 3 BEST SO FAR: 5.3523e+00
Generation 00110 - Island 0 Best Cost: 5.3523e+00
Island 0 BEST SO FAR: 5.3523e+00
Generation 00110 - Island 1 Best Cost: 5.3523e+00
Island 1 BEST SO FAR: 1.5634e-01
Generation 00110 - Island 2 Best Cost: 1.5634e-01
Island 2 BEST SO FAR: 6.8594e-02
Generation 00110 - Island 3 Best Cost: 5.7687e-02
Island 3 BEST SO FAR: 5.3523e+00
Generation 00120 - Island 0 Best Cost: 5.3523e+00
Island 0 BEST SO FAR: 5.3398e+00
Generation 00120 - Island 1 Best Cost: 5.3381e+00
Island 1 BEST SO FAR: 1.5634e-01
Generation 00120 - Island 2 Best Cost: 1.5634e-01
Island 2 BEST SO FAR: 5.7687e-02
Generation 00120 - Island 3 Best Cost: 5.7687e-02
Island 3 BEST SO FAR: 5.3523e+00
Generation 00130 - Island 0 Best Cost: 5.3523e+00
Island 0 BEST SO FAR: 5.3381e+00
Generation 00130 - Island 1 Best Cost: 5.3381e+00
Island 1 BEST SO FAR: 1.5634e-01
Generation 00130 - Island 2 Best Cost: 1.5634e-01
Island 2 BEST SO FAR: 5.7687e-02
Generation 00130 - Island 3 Best Cost: 5.7687e-02
Island 3 BEST SO FAR: 5.3523e+00
Generation 00140 - Island 0 Best Cost: 5.3523e+00
Island 0 BEST SO FAR: 5.3381e+00
Generation 00140 - Island 1 Best Cost: 5.3381e+00
Island 1 BEST SO FAR: 1.5634e-01
Generation 00140 - Island 2 Best Cost: 1.5634e-01
Island 2 BEST SO FAR: 5.7687e-02
Generation 00140 - Island 3 Best Cost: 5.7687e-02
Island 3 BEST SO FAR: 5.3523e+00
Generation 00150 - Island 0 Best Cost: 5.3523e+00
Island 0 BEST SO FAR: 5.3381e+00
Generation 00150 - Island 1 Best Cost: 5.3381e+00
Island 1 BEST SO FAR: 1.5634e-01
Generation 00150 - Island 2 Best Cost: 1.5634e-01
Island 2 BEST SO FAR: 5.7687e-02
Generation 00150 - Island 3 Best Cost: 5.7687e-02
Island 3 BEST SO FAR: 5.3523e+00
Generation 00160 - Island 0 Best Cost: 5.3523e+00
Island 0 BEST SO FAR: 5.3256e+00
Generation 00160 - Island 1 Best Cost: 5.3256e+00
Island 1 BEST SO FAR: 1.5634e-01
Generation 00160 - Island 2 Best Cost: 5.9427e-02
Island 2 BEST SO FAR: 5.7687e-02
Generation 00160 - Island 3 Best Cost: 5.7687e-02
Island 3 BEST SO FAR: 5.3523e+00
Generation 00170 - Island 0 Best Cost: 5.3523e+00
Island 0 BEST SO FAR: 5.3256e+00
Generation 00170 - Island 1 Best Cost: 5.3256e+00
Island 1 BEST SO FAR: 1.5634e-01
Generation 00170 - Island 2 Best Cost: 1.5634e-01
Island 2 BEST SO FAR: 5.7687e-02
Generation 00170 - Island 3 Best Cost: 5.7687e-02
Island 3 BEST SO FAR: 5.3523e+00
Generation 00180 - Island 0 Best Cost: 5.3523e+00
Island 0 BEST SO FAR: 5.3256e+00
Generation 00180 - Island 1 Best Cost: 5.3256e+00
Island 1 BEST SO FAR: 1.5634e-01
Generation 00180 - Island 2 Best Cost: 1.5634e-01
Island 2 BEST SO FAR: 5.7687e-02
Generation 00180 - Island 3 Best Cost: 5.7687e-02
Island 3 BEST SO FAR: 5.3523e+00
Generation 00190 - Island 0 Best Cost: 5.3523e+00
Island 0 BEST SO FAR: 5.3256e+00
Generation 00190 - Island 1 Best Cost: 5.3256e+00
Island 1 BEST SO FAR: 5.7687e-02
Generation 00190 - Island 2 Best Cost: 5.7687e-02
Island 2 BEST SO FAR: 5.7687e-02
Generation 00190 - Island 3 Best Cost: 5.7687e-02
Island 3 BEST SO FAR: 5.3523e+00

--- Resetting half of the worst islands ---
Best half island indices: [1, 2]
Resetting Island 0 using best from Island 1
Resetting Island 3 using best from Island 2
Generation 00200 - Island 0 Best Cost: 5.7687e-02
Island 0 BEST SO FAR: 3.5103e-02
Generation 00200 - Island 1 Best Cost: 3.4543e-02
Island 1 BEST SO FAR: 3.5103e-02
Generation 00200 - Island 2 Best Cost: 3.5103e-02
Island 2 BEST SO FAR: 5.7687e-02
Generation 00200 - Island 3 Best Cost: 5.7687e-02
Island 3 BEST SO FAR: 5.7687e-02
Generation 00210 - Island 0 Best Cost: 5.7687e-02
Island 0 BEST SO FAR: 3.5103e-02
Generation 00210 - Island 1 Best Cost: 3.4543e-02
Island 1 BEST SO FAR: 3.5103e-02
Generation 00210 - Island 2 Best Cost: 2.8203e-02
Island 2 BEST SO FAR: 5.7687e-02
Generation 00210 - Island 3 Best Cost: 5.7687e-02
Island 3 BEST SO FAR: 5.7687e-02
Generation 00220 - Island 0 Best Cost: 5.7687e-02
Island 0 BEST SO FAR: 3.4543e-02
Generation 00220 - Island 1 Best Cost: 3.4543e-02
Island 1 BEST SO FAR: 3.4543e-02
Generation 00220 - Island 2 Best Cost: 2.8203e-02
Island 2 BEST SO FAR: 5.7687e-02
Generation 00220 - Island 3 Best Cost: 5.7687e-02
Island 3 BEST SO FAR: 5.7687e-02
Generation 00230 - Island 0 Best Cost: 5.7687e-02
Island 0 BEST SO FAR: 3.4543e-02
Generation 00230 - Island 1 Best Cost: 3.4543e-02
Island 1 BEST SO FAR: 2.1552e-02
Generation 00230 - Island 2 Best Cost: 2.1552e-02
Island 2 BEST SO FAR: 5.7687e-02
Generation 00230 - Island 3 Best Cost: 5.7687e-02
Island 3 BEST SO FAR: 5.7687e-02
Generation 00240 - Island 0 Best Cost: 5.7687e-02
Island 0 BEST SO FAR: 2.8203e-02
Generation 00240 - Island 1 Best Cost: 2.8203e-02
Island 1 BEST SO FAR: 2.1552e-02
Generation 00240 - Island 2 Best Cost: 2.1552e-02
Island 2 BEST SO FAR: 5.7687e-02
Generation 00240 - Island 3 Best Cost: 5.7687e-02
Island 3 BEST SO FAR: 5.7687e-02
Generation 00250 - Island 0 Best Cost: 5.7687e-02
Island 0 BEST SO FAR: 2.1552e-02
Generation 00250 - Island 1 Best Cost: 2.1552e-02
Island 1 BEST SO FAR: 2.1552e-02
Generation 00250 - Island 2 Best Cost: 2.1552e-02
Island 2 BEST SO FAR: 5.7687e-02
Generation 00250 - Island 3 Best Cost: 5.7687e-02
Island 3 BEST SO FAR: 5.7687e-02
Generation 00260 - Island 0 Best Cost: 5.7687e-02
Island 0 BEST SO FAR: 2.1552e-02
Generation 00260 - Island 1 Best Cost: 2.1552e-02
Island 1 BEST SO FAR: 2.1552e-02
Generation 00260 - Island 2 Best Cost: 2.1552e-02
Island 2 BEST SO FAR: 5.7687e-02
Generation 00260 - Island 3 Best Cost: 5.7687e-02
Island 3 BEST SO FAR: 5.7687e-02
Generation 00270 - Island 0 Best Cost: 5.7687e-02
Island 0 BEST SO FAR: 2.1552e-02
Generation 00270 - Island 1 Best Cost: 2.1552e-02
Island 1 BEST SO FAR: 2.1552e-02
Generation 00270 - Island 2 Best Cost: 2.1552e-02
Island 2 BEST SO FAR: 5.7687e-02
Generation 00270 - Island 3 Best Cost: 5.7687e-02
Island 3 BEST SO FAR: 5.7687e-02
Generation 00280 - Island 0 Best Cost: 5.7687e-02
Island 0 BEST SO FAR: 2.1552e-02
Generation 00280 - Island 1 Best Cost: 2.1552e-02
Island 1 BEST SO FAR: 2.1552e-02
Generation 00280 - Island 2 Best Cost: 2.1552e-02
Island 2 BEST SO FAR: 5.7687e-02
Generation 00280 - Island 3 Best Cost: 5.7687e-02
Island 3 BEST SO FAR: 5.7687e-02
Generation 00290 - Island 0 Best Cost: 5.7687e-02
Island 0 BEST SO FAR: 2.1552e-02
Generation 00290 - Island 1 Best Cost: 2.1552e-02
Island 1 BEST SO FAR: 2.1552e-02
Generation 00290 - Island 2 Best Cost: 2.1552e-02
Island 2 BEST SO FAR: 5.7687e-02
Generation 00290 - Island 3 Best Cost: 5.7687e-02
Island 3 BEST SO FAR: 5.7687e-02

--- Resetting half of the worst islands ---
Best half island indices: [0, 1]
Resetting Island 3 using best from Island 0
Resetting Island 2 using best from Island 1
Generation 00300 - Island 0 Best Cost: 2.1552e-02
Island 0 BEST SO FAR: 2.1552e-02
Generation 00300 - Island 1 Best Cost: 2.1552e-02
Island 1 BEST SO FAR: 2.1552e-02
Generation 00300 - Island 2 Best Cost: 2.1552e-02
Island 2 BEST SO FAR: 5.7687e-02
Generation 00300 - Island 3 Best Cost: 5.7687e-02
Island 3 BEST SO FAR: 5.5521e-02
Generation 00310 - Island 0 Best Cost: 2.1552e-02
Island 0 BEST SO FAR: 2.1552e-02
Generation 00310 - Island 1 Best Cost: 2.1552e-02
Island 1 BEST SO FAR: 2.1552e-02
Generation 00310 - Island 2 Best Cost: 2.1552e-02
Island 2 BEST SO FAR: 3.3108e-02
Generation 00310 - Island 3 Best Cost: 2.1552e-02
Island 3 BEST SO FAR: 2.1552e-02
Generation 00320 - Island 0 Best Cost: 2.1552e-02
Island 0 BEST SO FAR: 2.1552e-02
Generation 00320 - Island 1 Best Cost: 2.1552e-02
Island 1 BEST SO FAR: 2.1552e-02
Generation 00320 - Island 2 Best Cost: 2.1552e-02
Island 2 BEST SO FAR: 2.1552e-02
Generation 00320 - Island 3 Best Cost: 2.1552e-02
Island 3 BEST SO FAR: 2.1552e-02
Generation 00330 - Island 0 Best Cost: 2.1552e-02
Island 0 BEST SO FAR: 2.1552e-02
Generation 00330 - Island 1 Best Cost: 2.1552e-02
Island 1 BEST SO FAR: 2.1552e-02
Generation 00330 - Island 2 Best Cost: 2.1552e-02
Island 2 BEST SO FAR: 2.1552e-02
Generation 00330 - Island 3 Best Cost: 2.1552e-02
Island 3 BEST SO FAR: 2.1552e-02
Generation 00340 - Island 0 Best Cost: 2.1552e-02
Island 0 BEST SO FAR: 2.1552e-02
Generation 00340 - Island 1 Best Cost: 2.1552e-02
Island 1 BEST SO FAR: 2.1552e-02
Generation 00340 - Island 2 Best Cost: 2.1552e-02
Island 2 BEST SO FAR: 2.1552e-02
Generation 00340 - Island 3 Best Cost: 2.1552e-02
Island 3 BEST SO FAR: 2.1552e-02
Generation 00350 - Island 0 Best Cost: 2.1552e-02
Island 0 BEST SO FAR: 2.1552e-02
Generation 00350 - Island 1 Best Cost: 2.1552e-02
Island 1 BEST SO FAR: 2.1552e-02
Generation 00350 - Island 2 Best Cost: 2.1552e-02
Island 2 BEST SO FAR: 2.1552e-02
Generation 00350 - Island 3 Best Cost: 2.1552e-02
Island 3 BEST SO FAR: 2.1552e-02
Generation 00360 - Island 0 Best Cost: 2.1552e-02
Island 0 BEST SO FAR: 2.1552e-02
Generation 00360 - Island 1 Best Cost: 2.1552e-02
Island 1 BEST SO FAR: 2.1552e-02
Generation 00360 - Island 2 Best Cost: 2.1552e-02
Island 2 BEST SO FAR: 2.1552e-02
Generation 00360 - Island 3 Best Cost: 2.1552e-02
Island 3 BEST SO FAR: 2.1552e-02
Generation 00370 - Island 0 Best Cost: 2.1552e-02
Island 0 BEST SO FAR: 2.1552e-02
Generation 00370 - Island 1 Best Cost: 2.1552e-02
Island 1 BEST SO FAR: 2.1552e-02
Generation 00370 - Island 2 Best Cost: 2.1552e-02
Island 2 BEST SO FAR: 2.1552e-02
Generation 00370 - Island 3 Best Cost: 2.1552e-02
Island 3 BEST SO FAR: 2.1552e-02
Generation 00380 - Island 0 Best Cost: 2.1552e-02
Island 0 BEST SO FAR: 2.1552e-02
Generation 00380 - Island 1 Best Cost: 2.1552e-02
Island 1 BEST SO FAR: 2.1552e-02
Generation 00380 - Island 2 Best Cost: 2.1552e-02
Island 2 BEST SO FAR: 2.1552e-02
Generation 00380 - Island 3 Best Cost: 2.1552e-02
Island 3 BEST SO FAR: 2.1552e-02
Generation 00390 - Island 0 Best Cost: 2.1552e-02
Island 0 BEST SO FAR: 2.1552e-02
Generation 00390 - Island 1 Best Cost: 2.1552e-02
Island 1 BEST SO FAR: 2.1552e-02
Generation 00390 - Island 2 Best Cost: 2.1552e-02
Island 2 BEST SO FAR: 2.1552e-02
Generation 00390 - Island 3 Best Cost: 2.1552e-02
Island 3 BEST SO FAR: 2.1552e-02

--- Resetting half of the worst islands ---
Best half island indices: [0, 1]
Resetting Island 2 using best from Island 0
Resetting Island 3 using best from Island 1
Generation 00400 - Island 0 Best Cost: 2.1552e-02
Island 0 BEST SO FAR: 2.1552e-02
Generation 00400 - Island 1 Best Cost: 2.1552e-02
Island 1 BEST SO FAR: 2.1552e-02
Generation 00400 - Island 2 Best Cost: 2.1552e-02
Island 2 BEST SO FAR: 2.1552e-02
Generation 00400 - Island 3 Best Cost: 2.1552e-02
Island 3 BEST SO FAR: 2.1552e-02
Generation 00410 - Island 0 Best Cost: 2.1552e-02
Island 0 BEST SO FAR: 2.1552e-02
Generation 00410 - Island 1 Best Cost: 2.1552e-02
Island 1 BEST SO FAR: 2.1552e-02
Generation 00410 - Island 2 Best Cost: 2.1552e-02
Island 2 BEST SO FAR: 2.1552e-02
Generation 00410 - Island 3 Best Cost: 2.1552e-02
Island 3 BEST SO FAR: 2.1552e-02
Generation 00420 - Island 0 Best Cost: 2.1552e-02
Island 0 BEST SO FAR: 2.1552e-02
Generation 00420 - Island 1 Best Cost: 2.1552e-02
Island 1 BEST SO FAR: 2.1552e-02
Generation 00420 - Island 2 Best Cost: 2.1552e-02
Island 2 BEST SO FAR: 2.1552e-02
Generation 00420 - Island 3 Best Cost: 2.1552e-02
Island 3 BEST SO FAR: 2.1552e-02
Generation 00430 - Island 0 Best Cost: 2.1552e-02
Island 0 BEST SO FAR: 2.1552e-02
Generation 00430 - Island 1 Best Cost: 2.1552e-02
Island 1 BEST SO FAR: 2.1552e-02
Generation 00430 - Island 2 Best Cost: 2.1552e-02
Island 2 BEST SO FAR: 2.1552e-02
Generation 00430 - Island 3 Best Cost: 2.1552e-02
Island 3 BEST SO FAR: 2.1552e-02
Generation 00440 - Island 0 Best Cost: 2.1552e-02
Island 0 BEST SO FAR: 2.1552e-02
Generation 00440 - Island 1 Best Cost: 2.1552e-02
Island 1 BEST SO FAR: 2.1552e-02
Generation 00440 - Island 2 Best Cost: 2.1552e-02
Island 2 BEST SO FAR: 2.1552e-02
Generation 00440 - Island 3 Best Cost: 2.1552e-02
Island 3 BEST SO FAR: 2.1552e-02
Generation 00450 - Island 0 Best Cost: 2.1552e-02
Island 0 BEST SO FAR: 2.1552e-02
Generation 00450 - Island 1 Best Cost: 2.1552e-02
Island 1 BEST SO FAR: 2.1552e-02
Generation 00450 - Island 2 Best Cost: 2.1552e-02
Island 2 BEST SO FAR: 2.1552e-02
Generation 00450 - Island 3 Best Cost: 2.1552e-02
Island 3 BEST SO FAR: 2.1552e-02
Generation 00460 - Island 0 Best Cost: 2.1552e-02
Island 0 BEST SO FAR: 2.1552e-02
Generation 00460 - Island 1 Best Cost: 2.1552e-02
Island 1 BEST SO FAR: 2.1552e-02
Generation 00460 - Island 2 Best Cost: 2.1552e-02
Island 2 BEST SO FAR: 2.1552e-02
Generation 00460 - Island 3 Best Cost: 2.1552e-02
Island 3 BEST SO FAR: 2.1552e-02
Generation 00470 - Island 0 Best Cost: 2.1552e-02
Island 0 BEST SO FAR: 2.1552e-02
Generation 00470 - Island 1 Best Cost: 2.1552e-02
Island 1 BEST SO FAR: 2.1552e-02
Generation 00470 - Island 2 Best Cost: 2.1552e-02
Island 2 BEST SO FAR: 2.1552e-02
Generation 00470 - Island 3 Best Cost: 2.1552e-02
Island 3 BEST SO FAR: 2.1552e-02
Generation 00480 - Island 0 Best Cost: 2.1552e-02
Island 0 BEST SO FAR: 2.1552e-02
Generation 00480 - Island 1 Best Cost: 2.1552e-02
Island 1 BEST SO FAR: 2.1552e-02
Generation 00480 - Island 2 Best Cost: 2.1552e-02
Island 2 BEST SO FAR: 2.1552e-02
Generation 00480 - Island 3 Best Cost: 2.1552e-02
Island 3 BEST SO FAR: 2.1552e-02
Generation 00490 - Island 0 Best Cost: 2.1552e-02
Island 0 BEST SO FAR: 2.1552e-02
Generation 00490 - Island 1 Best Cost: 2.1552e-02
Island 1 BEST SO FAR: 2.1552e-02
Generation 00490 - Island 2 Best Cost: 2.1552e-02
Island 2 BEST SO FAR: 2.1552e-02
Generation 00490 - Island 3 Best Cost: 2.1552e-02
Island 3 BEST SO FAR: 2.1552e-02

--- Resetting half of the worst islands ---
Best half island indices: [0, 1]
Resetting Island 2 using best from Island 0
Resetting Island 3 using best from Island 1
Generation 00500 - Island 0 Best Cost: 2.1552e-02
Island 0 BEST SO FAR: 2.1552e-02
Generation 00500 - Island 1 Best Cost: 2.1552e-02
Island 1 BEST SO FAR: 2.1552e-02
Generation 00500 - Island 2 Best Cost: 2.1552e-02
Island 2 BEST SO FAR: 2.1552e-02
Generation 00500 - Island 3 Best Cost: 2.1552e-02
Island 3 BEST SO FAR: 2.1552e-02
Generation 00510 - Island 0 Best Cost: 2.1552e-02
Island 0 BEST SO FAR: 2.1552e-02
Generation 00510 - Island 1 Best Cost: 2.1552e-02
Island 1 BEST SO FAR: 2.1552e-02
Generation 00510 - Island 2 Best Cost: 2.1552e-02
Island 2 BEST SO FAR: 2.1552e-02
Generation 00510 - Island 3 Best Cost: 2.1552e-02
Island 3 BEST SO FAR: 2.1552e-02
Generation 00520 - Island 0 Best Cost: 2.1552e-02
Island 0 BEST SO FAR: 2.1552e-02
Generation 00520 - Island 1 Best Cost: 2.1552e-02
Island 1 BEST SO FAR: 2.1552e-02
Generation 00520 - Island 2 Best Cost: 2.1552e-02
Island 2 BEST SO FAR: 2.1552e-02
Generation 00520 - Island 3 Best Cost: 2.1552e-02
Island 3 BEST SO FAR: 2.1552e-02
Generation 00530 - Island 0 Best Cost: 2.1552e-02
Island 0 BEST SO FAR: 2.1552e-02
Generation 00530 - Island 1 Best Cost: 2.1552e-02
Island 1 BEST SO FAR: 2.1552e-02
Generation 00530 - Island 2 Best Cost: 2.1552e-02
Island 2 BEST SO FAR: 2.1552e-02
Generation 00530 - Island 3 Best Cost: 2.1552e-02
Island 3 BEST SO FAR: 2.1552e-02
Generation 00540 - Island 0 Best Cost: 2.1552e-02
Island 0 BEST SO FAR: 7.4366e-03
Generation 00540 - Island 1 Best Cost: 7.4366e-03
Island 1 BEST SO FAR: 2.1552e-02
Generation 00540 - Island 2 Best Cost: 2.1552e-02
Island 2 BEST SO FAR: 2.1552e-02
Generation 00540 - Island 3 Best Cost: 2.1552e-02
Island 3 BEST SO FAR: 2.1552e-02
Generation 00550 - Island 0 Best Cost: 2.1552e-02
Island 0 BEST SO FAR: 7.4366e-03
Generation 00550 - Island 1 Best Cost: 7.4366e-03
Island 1 BEST SO FAR: 2.1552e-02
Generation 00550 - Island 2 Best Cost: 2.1552e-02
Island 2 BEST SO FAR: 2.1552e-02
Generation 00550 - Island 3 Best Cost: 2.1552e-02
Island 3 BEST SO FAR: 2.1552e-02
Generation 00560 - Island 0 Best Cost: 2.1552e-02
Island 0 BEST SO FAR: 7.4366e-03
Generation 00560 - Island 1 Best Cost: 7.4366e-03
Island 1 BEST SO FAR: 2.1552e-02
Generation 00560 - Island 2 Best Cost: 2.1552e-02
Island 2 BEST SO FAR: 2.1552e-02
Generation 00560 - Island 3 Best Cost: 2.1552e-02
Island 3 BEST SO FAR: 2.1552e-02
Generation 00570 - Island 0 Best Cost: 2.1552e-02
Island 0 BEST SO FAR: 7.4366e-03
Generation 00570 - Island 1 Best Cost: 4.4320e-03
Island 1 BEST SO FAR: 2.1552e-02
Generation 00570 - Island 2 Best Cost: 2.1552e-02
Island 2 BEST SO FAR: 2.1552e-02
Generation 00570 - Island 3 Best Cost: 2.1552e-02
Island 3 BEST SO FAR: 2.1552e-02
Generation 00580 - Island 0 Best Cost: 2.1552e-02
Island 0 BEST SO FAR: 7.4366e-03
Generation 00580 - Island 1 Best Cost: 4.4320e-03
Island 1 BEST SO FAR: 2.1552e-02
Generation 00580 - Island 2 Best Cost: 2.1552e-02
Island 2 BEST SO FAR: 2.1552e-02
Generation 00580 - Island 3 Best Cost: 2.1552e-02
Island 3 BEST SO FAR: 2.1552e-02
Generation 00590 - Island 0 Best Cost: 2.1552e-02
Island 0 BEST SO FAR: 4.4320e-03
Generation 00590 - Island 1 Best Cost: 4.4320e-03
Island 1 BEST SO FAR: 2.1552e-02
Generation 00590 - Island 2 Best Cost: 2.1552e-02
Island 2 BEST SO FAR: 2.1552e-02
Generation 00590 - Island 3 Best Cost: 2.1552e-02
Island 3 BEST SO FAR: 2.1552e-02

--- Resetting half of the worst islands ---
Best half island indices: [0, 1]
Resetting Island 2 using best from Island 0
Resetting Island 3 using best from Island 1
Generation 00600 - Island 0 Best Cost: 2.1552e-02
Island 0 BEST SO FAR: 4.4320e-03
Generation 00600 - Island 1 Best Cost: 4.4320e-03
Island 1 BEST SO FAR: 2.1552e-02
Generation 00600 - Island 2 Best Cost: 2.1552e-02
Island 2 BEST SO FAR: 2.1552e-02
Generation 00600 - Island 3 Best Cost: 2.1552e-02
Island 3 BEST SO FAR: 2.1552e-02
Generation 00610 - Island 0 Best Cost: 2.1552e-02
Island 0 BEST SO FAR: 4.4320e-03
Generation 00610 - Island 1 Best Cost: 4.4320e-03
Island 1 BEST SO FAR: 2.1552e-02
Generation 00610 - Island 2 Best Cost: 2.1552e-02
Island 2 BEST SO FAR: 4.4320e-03
Generation 00610 - Island 3 Best Cost: 4.4320e-03
Island 3 BEST SO FAR: 2.1552e-02
Generation 00620 - Island 0 Best Cost: 2.1552e-02
Island 0 BEST SO FAR: 4.4320e-03
Generation 00620 - Island 1 Best Cost: 4.4320e-03
Island 1 BEST SO FAR: 2.1552e-02
Generation 00620 - Island 2 Best Cost: 2.1552e-02
Island 2 BEST SO FAR: 4.4320e-03
Generation 00620 - Island 3 Best Cost: 4.4320e-03
Island 3 BEST SO FAR: 2.1552e-02
Generation 00630 - Island 0 Best Cost: 2.1552e-02
Island 0 BEST SO FAR: 4.4320e-03
Generation 00630 - Island 1 Best Cost: 4.4320e-03
Island 1 BEST SO FAR: 2.1552e-02
Generation 00630 - Island 2 Best Cost: 2.1552e-02
Island 2 BEST SO FAR: 4.4320e-03
Generation 00630 - Island 3 Best Cost: 4.4320e-03
Island 3 BEST SO FAR: 2.1552e-02
Generation 00640 - Island 0 Best Cost: 2.1552e-02
Island 0 BEST SO FAR: 4.4320e-03
Generation 00640 - Island 1 Best Cost: 4.4320e-03
Island 1 BEST SO FAR: 2.1552e-02
Generation 00640 - Island 2 Best Cost: 2.1552e-02
Island 2 BEST SO FAR: 4.4320e-03
Generation 00640 - Island 3 Best Cost: 4.4320e-03
Island 3 BEST SO FAR: 2.1552e-02
Generation 00650 - Island 0 Best Cost: 2.1552e-02
Island 0 BEST SO FAR: 4.4320e-03
Generation 00650 - Island 1 Best Cost: 4.4320e-03
Island 1 BEST SO FAR: 2.1552e-02
Generation 00650 - Island 2 Best Cost: 2.1552e-02
Island 2 BEST SO FAR: 4.4320e-03
Generation 00650 - Island 3 Best Cost: 4.4320e-03
Island 3 BEST SO FAR: 2.1552e-02
Generation 00660 - Island 0 Best Cost: 2.1552e-02
Island 0 BEST SO FAR: 4.4320e-03
Generation 00660 - Island 1 Best Cost: 4.4320e-03
Island 1 BEST SO FAR: 2.1552e-02
Generation 00660 - Island 2 Best Cost: 2.1552e-02
Island 2 BEST SO FAR: 4.4320e-03
Generation 00660 - Island 3 Best Cost: 4.4320e-03
Island 3 BEST SO FAR: 2.1552e-02
Generation 00670 - Island 0 Best Cost: 2.1552e-02
Island 0 BEST SO FAR: 4.4320e-03
Generation 00670 - Island 1 Best Cost: 4.4320e-03
Island 1 BEST SO FAR: 2.1552e-02
Generation 00670 - Island 2 Best Cost: 2.1552e-02
Island 2 BEST SO FAR: 4.4320e-03
Generation 00670 - Island 3 Best Cost: 4.4320e-03
Island 3 BEST SO FAR: 2.1552e-02
Generation 00680 - Island 0 Best Cost: 2.1552e-02
Island 0 BEST SO FAR: 4.4320e-03
Generation 00680 - Island 1 Best Cost: 4.4320e-03
Island 1 BEST SO FAR: 2.1552e-02
Generation 00680 - Island 2 Best Cost: 2.1552e-02
Island 2 BEST SO FAR: 4.4320e-03
Generation 00680 - Island 3 Best Cost: 4.4320e-03
Island 3 BEST SO FAR: 2.1552e-02
Generation 00690 - Island 0 Best Cost: 2.1552e-02
Island 0 BEST SO FAR: 4.4320e-03
Generation 00690 - Island 1 Best Cost: 4.4320e-03
Island 1 BEST SO FAR: 2.1552e-02
Generation 00690 - Island 2 Best Cost: 2.1552e-02
Island 2 BEST SO FAR: 4.4320e-03
Generation 00690 - Island 3 Best Cost: 4.4320e-03
Island 3 BEST SO FAR: 2.1552e-02

--- Resetting half of the worst islands ---
Best half island indices: [0, 2]
Resetting Island 1 using best from Island 0
Resetting Island 3 using best from Island 2
Generation 00700 - Island 0 Best Cost: 4.4320e-03
Island 0 BEST SO FAR: 4.4320e-03
Generation 00700 - Island 1 Best Cost: 4.4320e-03
Island 1 BEST SO FAR: 4.4320e-03
Generation 00700 - Island 2 Best Cost: 4.4320e-03
Island 2 BEST SO FAR: 4.4320e-03
Generation 00700 - Island 3 Best Cost: 4.4320e-03
Island 3 BEST SO FAR: 4.4320e-03
Generation 00710 - Island 0 Best Cost: 4.4320e-03
Island 0 BEST SO FAR: 4.4320e-03
Generation 00710 - Island 1 Best Cost: 4.4320e-03
Island 1 BEST SO FAR: 4.4320e-03
Generation 00710 - Island 2 Best Cost: 4.4320e-03
Island 2 BEST SO FAR: 4.4320e-03
Generation 00710 - Island 3 Best Cost: 4.4320e-03
Island 3 BEST SO FAR: 4.4320e-03
Generation 00720 - Island 0 Best Cost: 4.4320e-03
Island 0 BEST SO FAR: 4.4320e-03
Generation 00720 - Island 1 Best Cost: 4.4320e-03
Island 1 BEST SO FAR: 4.4320e-03
Generation 00720 - Island 2 Best Cost: 4.4320e-03
Island 2 BEST SO FAR: 4.4320e-03
Generation 00720 - Island 3 Best Cost: 4.4320e-03
Island 3 BEST SO FAR: 4.4320e-03
Generation 00730 - Island 0 Best Cost: 4.4320e-03
Island 0 BEST SO FAR: 4.4320e-03
Generation 00730 - Island 1 Best Cost: 4.4320e-03
Island 1 BEST SO FAR: 4.4320e-03
Generation 00730 - Island 2 Best Cost: 4.4320e-03
Island 2 BEST SO FAR: 4.4320e-03
Generation 00730 - Island 3 Best Cost: 4.4320e-03
Island 3 BEST SO FAR: 4.4320e-03
Generation 00740 - Island 0 Best Cost: 4.4320e-03
Island 0 BEST SO FAR: 4.4320e-03
Generation 00740 - Island 1 Best Cost: 4.4320e-03
Island 1 BEST SO FAR: 4.4320e-03
Generation 00740 - Island 2 Best Cost: 4.4320e-03
Island 2 BEST SO FAR: 4.4320e-03
Generation 00740 - Island 3 Best Cost: 4.4320e-03
Island 3 BEST SO FAR: 4.4320e-03
Generation 00750 - Island 0 Best Cost: 4.4320e-03
Island 0 BEST SO FAR: 4.4320e-03
Generation 00750 - Island 1 Best Cost: 4.4320e-03
Island 1 BEST SO FAR: 4.4320e-03
Generation 00750 - Island 2 Best Cost: 4.4320e-03
Island 2 BEST SO FAR: 4.4320e-03
Generation 00750 - Island 3 Best Cost: 4.4320e-03
Island 3 BEST SO FAR: 4.4320e-03
Generation 00760 - Island 0 Best Cost: 4.4320e-03
Island 0 BEST SO FAR: 4.4320e-03
Generation 00760 - Island 1 Best Cost: 4.4320e-03
Island 1 BEST SO FAR: 4.4320e-03
Generation 00760 - Island 2 Best Cost: 4.4320e-03
Island 2 BEST SO FAR: 4.4320e-03
Generation 00760 - Island 3 Best Cost: 4.4320e-03
Island 3 BEST SO FAR: 4.4320e-03
Generation 00770 - Island 0 Best Cost: 4.4320e-03
Island 0 BEST SO FAR: 4.4320e-03
Generation 00770 - Island 1 Best Cost: 4.4320e-03
Island 1 BEST SO FAR: 4.4320e-03
Generation 00770 - Island 2 Best Cost: 4.4320e-03
Island 2 BEST SO FAR: 4.4320e-03
Generation 00770 - Island 3 Best Cost: 4.4320e-03
Island 3 BEST SO FAR: 4.4320e-03
Generation 00780 - Island 0 Best Cost: 4.4320e-03
Island 0 BEST SO FAR: 4.4320e-03
Generation 00780 - Island 1 Best Cost: 4.4320e-03
Island 1 BEST SO FAR: 4.4320e-03
Generation 00780 - Island 2 Best Cost: 4.4320e-03
Island 2 BEST SO FAR: 4.4320e-03
Generation 00780 - Island 3 Best Cost: 4.4320e-03
Island 3 BEST SO FAR: 4.4320e-03
Generation 00790 - Island 0 Best Cost: 4.4320e-03
Island 0 BEST SO FAR: 4.4320e-03
Generation 00790 - Island 1 Best Cost: 4.4320e-03
Island 1 BEST SO FAR: 4.4320e-03
Generation 00790 - Island 2 Best Cost: 4.4320e-03
Island 2 BEST SO FAR: 4.4320e-03
Generation 00790 - Island 3 Best Cost: 4.4320e-03
Island 3 BEST SO FAR: 4.4320e-03

--- Resetting half of the worst islands ---
Best half island indices: [0, 1]
Resetting Island 2 using best from Island 0
Resetting Island 3 using best from Island 1
Generation 00800 - Island 0 Best Cost: 4.4320e-03
Island 0 BEST SO FAR: 4.4320e-03
Generation 00800 - Island 1 Best Cost: 4.4320e-03
Island 1 BEST SO FAR: 4.4320e-03
Generation 00800 - Island 2 Best Cost: 4.4320e-03
Island 2 BEST SO FAR: 4.4320e-03
Generation 00800 - Island 3 Best Cost: 4.4320e-03
Island 3 BEST SO FAR: 4.4320e-03
Generation 00810 - Island 0 Best Cost: 4.4320e-03
Island 0 BEST SO FAR: 4.4320e-03
Generation 00810 - Island 1 Best Cost: 4.4320e-03
Island 1 BEST SO FAR: 4.4320e-03
Generation 00810 - Island 2 Best Cost: 4.4320e-03
Island 2 BEST SO FAR: 4.4320e-03
Generation 00810 - Island 3 Best Cost: 4.4320e-03
Island 3 BEST SO FAR: 4.4320e-03
Generation 00820 - Island 0 Best Cost: 4.4320e-03
Island 0 BEST SO FAR: 4.4320e-03
Generation 00820 - Island 1 Best Cost: 4.4320e-03
Island 1 BEST SO FAR: 4.4320e-03
Generation 00820 - Island 2 Best Cost: 4.4320e-03
Island 2 BEST SO FAR: 4.4320e-03
Generation 00820 - Island 3 Best Cost: 4.4320e-03
Island 3 BEST SO FAR: 4.4320e-03
Generation 00830 - Island 0 Best Cost: 4.4320e-03
Island 0 BEST SO FAR: 4.4320e-03
Generation 00830 - Island 1 Best Cost: 4.4320e-03
Island 1 BEST SO FAR: 4.4320e-03
Generation 00830 - Island 2 Best Cost: 4.4320e-03
Island 2 BEST SO FAR: 4.4320e-03
Generation 00830 - Island 3 Best Cost: 4.4320e-03
Island 3 BEST SO FAR: 4.4320e-03
Generation 00840 - Island 0 Best Cost: 4.4320e-03
Island 0 BEST SO FAR: 4.4320e-03
Generation 00840 - Island 1 Best Cost: 4.4320e-03
Island 1 BEST SO FAR: 4.4320e-03
Generation 00840 - Island 2 Best Cost: 4.4320e-03
Island 2 BEST SO FAR: 4.4320e-03
Generation 00840 - Island 3 Best Cost: 4.4320e-03
Island 3 BEST SO FAR: 4.4320e-03
Generation 00850 - Island 0 Best Cost: 4.4320e-03
Island 0 BEST SO FAR: 4.4320e-03
Generation 00850 - Island 1 Best Cost: 4.4320e-03
Island 1 BEST SO FAR: 4.4320e-03
Generation 00850 - Island 2 Best Cost: 4.4320e-03
Island 2 BEST SO FAR: 4.4320e-03
Generation 00850 - Island 3 Best Cost: 4.4320e-03
Island 3 BEST SO FAR: 4.4320e-03
Generation 00860 - Island 0 Best Cost: 4.4320e-03
Island 0 BEST SO FAR: 4.4320e-03
Generation 00860 - Island 1 Best Cost: 4.4320e-03
Island 1 BEST SO FAR: 4.4320e-03
Generation 00860 - Island 2 Best Cost: 4.4320e-03
Island 2 BEST SO FAR: 4.4320e-03
Generation 00860 - Island 3 Best Cost: 4.4320e-03
Island 3 BEST SO FAR: 4.4320e-03
Generation 00870 - Island 0 Best Cost: 4.4320e-03
Island 0 BEST SO FAR: 4.4320e-03
Generation 00870 - Island 1 Best Cost: 4.4320e-03
Island 1 BEST SO FAR: 4.4320e-03
Generation 00870 - Island 2 Best Cost: 4.4320e-03
Island 2 BEST SO FAR: 4.4320e-03
Generation 00870 - Island 3 Best Cost: 4.4320e-03
Island 3 BEST SO FAR: 4.4320e-03
Generation 00880 - Island 0 Best Cost: 4.4320e-03
Island 0 BEST SO FAR: 4.4320e-03
Generation 00880 - Island 1 Best Cost: 4.4320e-03
Island 1 BEST SO FAR: 4.4320e-03
Generation 00880 - Island 2 Best Cost: 4.4320e-03
Island 2 BEST SO FAR: 4.4320e-03
Generation 00880 - Island 3 Best Cost: 4.4320e-03
Island 3 BEST SO FAR: 4.4320e-03
Generation 00890 - Island 0 Best Cost: 4.4320e-03
Island 0 BEST SO FAR: 4.4320e-03
Generation 00890 - Island 1 Best Cost: 4.4320e-03
Island 1 BEST SO FAR: 4.4320e-03
Generation 00890 - Island 2 Best Cost: 4.4320e-03
Island 2 BEST SO FAR: 4.4320e-03
Generation 00890 - Island 3 Best Cost: 4.4320e-03
Island 3 BEST SO FAR: 4.4320e-03

--- Resetting half of the worst islands ---
Best half island indices: [2, 0]
Resetting Island 1 using best from Island 2
Resetting Island 3 using best from Island 0
Generation 00900 - Island 0 Best Cost: 4.4320e-03
Island 0 BEST SO FAR: 4.4320e-03
Generation 00900 - Island 1 Best Cost: 4.4320e-03
Island 1 BEST SO FAR: 4.4320e-03
Generation 00900 - Island 2 Best Cost: 4.4320e-03
Island 2 BEST SO FAR: 4.4320e-03
Generation 00900 - Island 3 Best Cost: 4.4320e-03
Island 3 BEST SO FAR: 4.4320e-03
Generation 00910 - Island 0 Best Cost: 4.4320e-03
Island 0 BEST SO FAR: 4.4320e-03
Generation 00910 - Island 1 Best Cost: 4.4320e-03
Island 1 BEST SO FAR: 4.4320e-03
Generation 00910 - Island 2 Best Cost: 4.4320e-03
Island 2 BEST SO FAR: 4.4320e-03
Generation 00910 - Island 3 Best Cost: 4.4320e-03
Island 3 BEST SO FAR: 4.4320e-03
Generation 00920 - Island 0 Best Cost: 4.4320e-03
Island 0 BEST SO FAR: 4.4320e-03
Generation 00920 - Island 1 Best Cost: 4.4320e-03
Island 1 BEST SO FAR: 4.4320e-03
Generation 00920 - Island 2 Best Cost: 4.4320e-03
Island 2 BEST SO FAR: 4.4320e-03
Generation 00920 - Island 3 Best Cost: 4.4320e-03
Island 3 BEST SO FAR: 4.4320e-03
Generation 00930 - Island 0 Best Cost: 4.4320e-03
Island 0 BEST SO FAR: 4.4320e-03
Generation 00930 - Island 1 Best Cost: 4.4320e-03
Island 1 BEST SO FAR: 4.4320e-03
Generation 00930 - Island 2 Best Cost: 4.4320e-03
Island 2 BEST SO FAR: 4.4320e-03
Generation 00930 - Island 3 Best Cost: 4.4320e-03
Island 3 BEST SO FAR: 4.4320e-03
Generation 00940 - Island 0 Best Cost: 4.4320e-03
Island 0 BEST SO FAR: 4.4320e-03
Generation 00940 - Island 1 Best Cost: 4.4320e-03
Island 1 BEST SO FAR: 4.4320e-03
Generation 00940 - Island 2 Best Cost: 4.4320e-03
Island 2 BEST SO FAR: 4.4320e-03
Generation 00940 - Island 3 Best Cost: 4.4320e-03
Island 3 BEST SO FAR: 4.4320e-03
Generation 00950 - Island 0 Best Cost: 4.4320e-03
Island 0 BEST SO FAR: 4.4320e-03
Generation 00950 - Island 1 Best Cost: 4.4320e-03
Island 1 BEST SO FAR: 4.4320e-03
Generation 00950 - Island 2 Best Cost: 4.4320e-03
Island 2 BEST SO FAR: 4.4320e-03
Generation 00950 - Island 3 Best Cost: 4.4320e-03
Island 3 BEST SO FAR: 4.4320e-03
Generation 00960 - Island 0 Best Cost: 4.4320e-03
Island 0 BEST SO FAR: 4.4320e-03
Generation 00960 - Island 1 Best Cost: 4.4320e-03
Island 1 BEST SO FAR: 4.4320e-03
Generation 00960 - Island 2 Best Cost: 4.4320e-03
Island 2 BEST SO FAR: 4.4320e-03
Generation 00960 - Island 3 Best Cost: 4.4320e-03
Island 3 BEST SO FAR: 4.4320e-03
Generation 00970 - Island 0 Best Cost: 4.4320e-03
Island 0 BEST SO FAR: 4.4320e-03
Generation 00970 - Island 1 Best Cost: 4.4320e-03
Island 1 BEST SO FAR: 4.4320e-03
Generation 00970 - Island 2 Best Cost: 4.4320e-03
Island 2 BEST SO FAR: 4.4320e-03
Generation 00970 - Island 3 Best Cost: 4.4320e-03
Island 3 BEST SO FAR: 4.4320e-03
Generation 00980 - Island 0 Best Cost: 4.4320e-03
Island 0 BEST SO FAR: 4.4320e-03
Generation 00980 - Island 1 Best Cost: 4.4320e-03
Island 1 BEST SO FAR: 4.4320e-03
Generation 00980 - Island 2 Best Cost: 4.4320e-03
Island 2 BEST SO FAR: 4.4320e-03
Generation 00980 - Island 3 Best Cost: 4.4320e-03
Island 3 BEST SO FAR: 4.4320e-03
Generation 00990 - Island 0 Best Cost: 4.4320e-03
Island 0 BEST SO FAR: 4.4320e-03
Generation 00990 - Island 1 Best Cost: 4.4320e-03
Island 1 BEST SO FAR: 4.4320e-03
Generation 00990 - Island 2 Best Cost: 4.4320e-03
Island 2 BEST SO FAR: 4.4320e-03
Generation 00990 - Island 3 Best Cost: 4.4320e-03
Island 3 BEST SO FAR: 4.4320e-03

--- Resetting half of the worst islands ---
Best half island indices: [1, 2]
Resetting Island 0 using best from Island 1
Resetting Island 3 using best from Island 2
Generation 01000 - Island 0 Best Cost: 4.4320e-03
Island 0 BEST SO FAR: 4.4320e-03
Generation 01000 - Island 1 Best Cost: 4.4320e-03
Island 1 BEST SO FAR: 4.4320e-03
Generation 01000 - Island 2 Best Cost: 4.4320e-03
Island 2 BEST SO FAR: 4.4320e-03
Generation 01000 - Island 3 Best Cost: 4.4320e-03
Island 3 BEST SO FAR: 4.4320e-03
Generation 01010 - Island 0 Best Cost: 4.4320e-03
Island 0 BEST SO FAR: 4.4320e-03
Generation 01010 - Island 1 Best Cost: 4.4320e-03
Island 1 BEST SO FAR: 4.4320e-03
Generation 01010 - Island 2 Best Cost: 4.4320e-03
Island 2 BEST SO FAR: 4.4320e-03
Generation 01010 - Island 3 Best Cost: 4.4320e-03
Island 3 BEST SO FAR: 4.4320e-03
Generation 01020 - Island 0 Best Cost: 4.4320e-03
Island 0 BEST SO FAR: 4.4320e-03
Generation 01020 - Island 1 Best Cost: 4.4320e-03
Island 1 BEST SO FAR: 4.4320e-03
Generation 01020 - Island 2 Best Cost: 4.4320e-03
Island 2 BEST SO FAR: 4.4320e-03
Generation 01020 - Island 3 Best Cost: 4.4320e-03
Island 3 BEST SO FAR: 4.4320e-03
Generation 01030 - Island 0 Best Cost: 4.4320e-03
Island 0 BEST SO FAR: 4.4320e-03
Generation 01030 - Island 1 Best Cost: 4.4320e-03
Island 1 BEST SO FAR: 4.4320e-03
Generation 01030 - Island 2 Best Cost: 4.4320e-03
Island 2 BEST SO FAR: 4.4320e-03
Generation 01030 - Island 3 Best Cost: 4.4320e-03
Island 3 BEST SO FAR: 4.4320e-03
Generation 01040 - Island 0 Best Cost: 4.4320e-03
Island 0 BEST SO FAR: 4.7527e-30
Generation 01040 - Island 1 Best Cost: 4.7527e-30
Island 1 BEST SO FAR: 4.4320e-03
Generation 01040 - Island 2 Best Cost: 4.4320e-03
Island 2 BEST SO FAR: 4.4320e-03
Generation 01040 - Island 3 Best Cost: 4.4320e-03
Island 3 BEST SO FAR: 4.4320e-03
Generation 01050 - Island 0 Best Cost: 4.4320e-03
Island 0 BEST SO FAR: 4.7527e-30
Generation 01050 - Island 1 Best Cost: 4.7527e-30
Island 1 BEST SO FAR: 4.4320e-03
Generation 01050 - Island 2 Best Cost: 4.4320e-03
Island 2 BEST SO FAR: 4.4320e-03
Generation 01050 - Island 3 Best Cost: 4.4320e-03
Island 3 BEST SO FAR: 4.4320e-03
Generation 01060 - Island 0 Best Cost: 4.4320e-03
Island 0 BEST SO FAR: 4.7527e-30
Generation 01060 - Island 1 Best Cost: 4.7527e-30
Island 1 BEST SO FAR: 4.4320e-03
Generation 01060 - Island 2 Best Cost: 4.4320e-03
Island 2 BEST SO FAR: 4.4320e-03
Generation 01060 - Island 3 Best Cost: 4.4320e-03
Island 3 BEST SO FAR: 4.4320e-03
Generation 01070 - Island 0 Best Cost: 4.4320e-03
Island 0 BEST SO FAR: 4.7527e-30
Generation 01070 - Island 1 Best Cost: 4.7527e-30
Island 1 BEST SO FAR: 4.4320e-03
Generation 01070 - Island 2 Best Cost: 4.4320e-03
Island 2 BEST SO FAR: 4.4320e-03
Generation 01070 - Island 3 Best Cost: 4.4320e-03
Island 3 BEST SO FAR: 4.4320e-03
Generation 01080 - Island 0 Best Cost: 4.4320e-03
Island 0 BEST SO FAR: 4.7527e-30
Generation 01080 - Island 1 Best Cost: 4.7527e-30
Island 1 BEST SO FAR: 4.4320e-03
Generation 01080 - Island 2 Best Cost: 4.4320e-03
Island 2 BEST SO FAR: 4.4320e-03
Generation 01080 - Island 3 Best Cost: 4.4320e-03
Island 3 BEST SO FAR: 4.4320e-03
Generation 01090 - Island 0 Best Cost: 4.4320e-03
Island 0 BEST SO FAR: 4.7527e-30
Generation 01090 - Island 1 Best Cost: 4.7527e-30
Island 1 BEST SO FAR: 4.4320e-03
Generation 01090 - Island 2 Best Cost: 4.4320e-03
Island 2 BEST SO FAR: 4.4320e-03
Generation 01090 - Island 3 Best Cost: 4.4320e-03
Island 3 BEST SO FAR: 4.4320e-03

--- Resetting half of the worst islands ---
Best half island indices: [0, 1]
Resetting Island 2 using best from Island 0
Resetting Island 3 using best from Island 1
Generation 01100 - Island 0 Best Cost: 4.4320e-03
Island 0 BEST SO FAR: 4.7527e-30
Generation 01100 - Island 1 Best Cost: 4.7527e-30
Island 1 BEST SO FAR: 4.4320e-03
Generation 01100 - Island 2 Best Cost: 4.4320e-03
Island 2 BEST SO FAR: 4.7527e-30
Generation 01100 - Island 3 Best Cost: 4.7527e-30
Island 3 BEST SO FAR: 4.4320e-03
Generation 01110 - Island 0 Best Cost: 4.4320e-03
Island 0 BEST SO FAR: 4.7527e-30
Generation 01110 - Island 1 Best Cost: 4.7527e-30
Island 1 BEST SO FAR: 4.4320e-03
Generation 01110 - Island 2 Best Cost: 4.4320e-03
Island 2 BEST SO FAR: 4.7527e-30
Generation 01110 - Island 3 Best Cost: 4.7527e-30
Island 3 BEST SO FAR: 4.4320e-03
Generation 01120 - Island 0 Best Cost: 4.4320e-03
Island 0 BEST SO FAR: 4.7527e-30
Generation 01120 - Island 1 Best Cost: 4.7527e-30
Island 1 BEST SO FAR: 4.4320e-03
Generation 01120 - Island 2 Best Cost: 4.4320e-03
Island 2 BEST SO FAR: 4.7527e-30
Generation 01120 - Island 3 Best Cost: 4.7527e-30
Island 3 BEST SO FAR: 4.4320e-03
Generation 01130 - Island 0 Best Cost: 4.4320e-03
Island 0 BEST SO FAR: 4.7527e-30
Generation 01130 - Island 1 Best Cost: 4.7527e-30
Island 1 BEST SO FAR: 4.4320e-03
Generation 01130 - Island 2 Best Cost: 4.4320e-03
Island 2 BEST SO FAR: 4.7527e-30
Generation 01130 - Island 3 Best Cost: 4.7527e-30
Island 3 BEST SO FAR: 4.4320e-03
Generation 01140 - Island 0 Best Cost: 4.4320e-03
Island 0 BEST SO FAR: 4.7527e-30
Generation 01140 - Island 1 Best Cost: 4.7527e-30
Island 1 BEST SO FAR: 4.4320e-03
Generation 01140 - Island 2 Best Cost: 4.4320e-03
Island 2 BEST SO FAR: 4.7527e-30
Generation 01140 - Island 3 Best Cost: 4.7527e-30
Island 3 BEST SO FAR: 4.4320e-03
Generation 01150 - Island 0 Best Cost: 4.4320e-03
Island 0 BEST SO FAR: 4.7527e-30
Generation 01150 - Island 1 Best Cost: 4.7527e-30
Island 1 BEST SO FAR: 4.4320e-03
Generation 01150 - Island 2 Best Cost: 4.4320e-03
Island 2 BEST SO FAR: 4.7527e-30
Generation 01150 - Island 3 Best Cost: 4.7527e-30
Island 3 BEST SO FAR: 4.4320e-03
Generation 01160 - Island 0 Best Cost: 4.4320e-03
Island 0 BEST SO FAR: 4.7527e-30
Generation 01160 - Island 1 Best Cost: 4.7527e-30
Island 1 BEST SO FAR: 4.4320e-03
Generation 01160 - Island 2 Best Cost: 4.4320e-03
Island 2 BEST SO FAR: 4.7527e-30
Generation 01160 - Island 3 Best Cost: 4.7527e-30
Island 3 BEST SO FAR: 4.4320e-03
Generation 01170 - Island 0 Best Cost: 4.4320e-03
Island 0 BEST SO FAR: 0.0000e+00
Generation 01170 - Island 1 Best Cost: 0.0000e+00
Island 1 BEST SO FAR: 4.4320e-03
Generation 01170 - Island 2 Best Cost: 4.4320e-03
Island 2 BEST SO FAR: 4.7527e-30
Generation 01170 - Island 3 Best Cost: 4.7527e-30
Island 3 BEST SO FAR: 4.4320e-03
Generation 01180 - Island 0 Best Cost: 4.4320e-03
Island 0 BEST SO FAR: 0.0000e+00
Generation 01180 - Island 1 Best Cost: 0.0000e+00
Island 1 BEST SO FAR: 4.4320e-03
Generation 01180 - Island 2 Best Cost: 4.4320e-03
Island 2 BEST SO FAR: 4.7527e-30
Generation 01180 - Island 3 Best Cost: 4.7527e-30
Island 3 BEST SO FAR: 4.4320e-03
Generation 01190 - Island 0 Best Cost: 4.4320e-03
Island 0 BEST SO FAR: 0.0000e+00
Generation 01190 - Island 1 Best Cost: 0.0000e+00
Island 1 BEST SO FAR: 4.4320e-03
Generation 01190 - Island 2 Best Cost: 4.4320e-03
Island 2 BEST SO FAR: 4.7527e-30
Generation 01190 - Island 3 Best Cost: 4.7527e-30
Island 3 BEST SO FAR: 4.4320e-03

--- Resetting half of the worst islands ---
Best half island indices: [0, 2]
Resetting Island 1 using best from Island 0
Resetting Island 3 using best from Island 2
Generation 01200 - Island 0 Best Cost: 4.7527e-30
Island 0 BEST SO FAR: 0.0000e+00
Generation 01200 - Island 1 Best Cost: 0.0000e+00
Island 1 BEST SO FAR: 4.4320e-03
Generation 01200 - Island 2 Best Cost: 4.4320e-03
Island 2 BEST SO FAR: 4.7527e-30
Generation 01200 - Island 3 Best Cost: 4.7527e-30
Island 3 BEST SO FAR: 4.4320e-03
Generation 01210 - Island 0 Best Cost: 4.7527e-30
Island 0 BEST SO FAR: 0.0000e+00
Generation 01210 - Island 1 Best Cost: 0.0000e+00
Island 1 BEST SO FAR: 4.4320e-03
Generation 01210 - Island 2 Best Cost: 4.4320e-03
Island 2 BEST SO FAR: 4.7527e-30
Generation 01210 - Island 3 Best Cost: 4.7527e-30
Island 3 BEST SO FAR: 4.7527e-30
Generation 01220 - Island 0 Best Cost: 4.7527e-30
Island 0 BEST SO FAR: 0.0000e+00
Generation 01220 - Island 1 Best Cost: 0.0000e+00
Island 1 BEST SO FAR: 4.4320e-03
Generation 01220 - Island 2 Best Cost: 4.4320e-03
Island 2 BEST SO FAR: 4.7527e-30
Generation 01220 - Island 3 Best Cost: 4.7527e-30
Island 3 BEST SO FAR: 4.7527e-30
Generation 01230 - Island 0 Best Cost: 4.7527e-30
Island 0 BEST SO FAR: 0.0000e+00
Generation 01230 - Island 1 Best Cost: 0.0000e+00
Island 1 BEST SO FAR: 4.4320e-03
Generation 01230 - Island 2 Best Cost: 4.4320e-03
Island 2 BEST SO FAR: 4.7527e-30
Generation 01230 - Island 3 Best Cost: 4.7527e-30
Island 3 BEST SO FAR: 4.7527e-30
Generation 01240 - Island 0 Best Cost: 4.7527e-30
Island 0 BEST SO FAR: 0.0000e+00
Generation 01240 - Island 1 Best Cost: 0.0000e+00
Island 1 BEST SO FAR: 4.4320e-03
Generation 01240 - Island 2 Best Cost: 0.0000e+00
Island 2 BEST SO FAR: 0.0000e+00
Generation 01240 - Island 3 Best Cost: 0.0000e+00
Island 3 BEST SO FAR: 4.7527e-30
Generation 01250 - Island 0 Best Cost: 4.7527e-30
Island 0 BEST SO FAR: 0.0000e+00
Generation 01250 - Island 1 Best Cost: 0.0000e+00
Island 1 BEST SO FAR: 4.4320e-03
Generation 01250 - Island 2 Best Cost: 4.4320e-03
Island 2 BEST SO FAR: 0.0000e+00
Generation 01250 - Island 3 Best Cost: 0.0000e+00
Island 3 BEST SO FAR: 4.7527e-30
Generation 01260 - Island 0 Best Cost: 4.7527e-30
Island 0 BEST SO FAR: 0.0000e+00
Generation 01260 - Island 1 Best Cost: 0.0000e+00
Island 1 BEST SO FAR: 0.0000e+00
Generation 01260 - Island 2 Best Cost: 0.0000e+00
Island 2 BEST SO FAR: 0.0000e+00
Generation 01260 - Island 3 Best Cost: 0.0000e+00
Island 3 BEST SO FAR: 4.7527e-30
Generation 01270 - Island 0 Best Cost: 0.0000e+00
Island 0 BEST SO FAR: 0.0000e+00
Generation 01270 - Island 1 Best Cost: 0.0000e+00
Island 1 BEST SO FAR: 0.0000e+00
Generation 01270 - Island 2 Best Cost: 0.0000e+00
Island 2 BEST SO FAR: 0.0000e+00
Generation 01270 - Island 3 Best Cost: 0.0000e+00
Island 3 BEST SO FAR: 4.7527e-30
Generation 01280 - Island 0 Best Cost: 0.0000e+00
Island 0 BEST SO FAR: 0.0000e+00
Generation 01280 - Island 1 Best Cost: 0.0000e+00
Island 1 BEST SO FAR: 0.0000e+00
Generation 01280 - Island 2 Best Cost: 0.0000e+00
Island 2 BEST SO FAR: 0.0000e+00
Generation 01280 - Island 3 Best Cost: 0.0000e+00
Island 3 BEST SO FAR: 0.0000e+00
Generation 01290 - Island 0 Best Cost: 0.0000e+00
Island 0 BEST SO FAR: 0.0000e+00
Generation 01290 - Island 1 Best Cost: 0.0000e+00
Island 1 BEST SO FAR: 0.0000e+00
Generation 01290 - Island 2 Best Cost: 0.0000e+00
Island 2 BEST SO FAR: 0.0000e+00
Generation 01290 - Island 3 Best Cost: 0.0000e+00
Island 3 BEST SO FAR: 0.0000e+00

--- Resetting half of the worst islands ---
Best half island indices: [0, 1]
Resetting Island 2 using best from Island 0
Resetting Island 3 using best from Island 1
Generation 01300 - Island 0 Best Cost: 0.0000e+00
Island 0 BEST SO FAR: 0.0000e+00
Generation 01300 - Island 1 Best Cost: 0.0000e+00
Island 1 BEST SO FAR: 0.0000e+00
Generation 01300 - Island 2 Best Cost: 0.0000e+00
Island 2 BEST SO FAR: 0.0000e+00
Generation 01300 - Island 3 Best Cost: 0.0000e+00
Island 3 BEST SO FAR: 0.0000e+00
Generation 01310 - Island 0 Best Cost: 0.0000e+00
Island 0 BEST SO FAR: 0.0000e+00
Generation 01310 - Island 1 Best Cost: 0.0000e+00
Island 1 BEST SO FAR: 0.0000e+00
Generation 01310 - Island 2 Best Cost: 0.0000e+00
Island 2 BEST SO FAR: 0.0000e+00
Generation 01310 - Island 3 Best Cost: 0.0000e+00
Island 3 BEST SO FAR: 0.0000e+00
Generation 01320 - Island 0 Best Cost: 0.0000e+00
Island 0 BEST SO FAR: 0.0000e+00
Generation 01320 - Island 1 Best Cost: 0.0000e+00
Island 1 BEST SO FAR: 0.0000e+00
Generation 01320 - Island 2 Best Cost: 0.0000e+00
Island 2 BEST SO FAR: 0.0000e+00
Generation 01320 - Island 3 Best Cost: 0.0000e+00
Island 3 BEST SO FAR: 0.0000e+00
