Detected 4 GPU(s). We will spawn 4 processes.


==== Outer Iteration 0 ====
[Process 1] started on GPU 1, running 10 iterations...
[Process 1] step=0, sampling done
[Process 0] started on GPU 0, running 10 iterations...
[Process 0] step=0, sampling done
[Process 1] step=0, text tokenized
[Process 0] step=0, text tokenized
[Process 2] started on GPU 2, running 10 iterations...
[Process 2] step=0, sampling done
[Process 2] step=0, text tokenized
[Process 3] started on GPU 3, running 10 iterations...
[Process 3] step=0, sampling done
[Process 3] step=0, text tokenized
[Process 1] step=0, Generation done
[Process 1] step=0, text decoded
[Process 2] step=0, Generation done
[Process 2] step=0, text decoded
[Process 2] before evaluate_graph
[Process 0] step=0, Generation done
[Process 0] step=0, text decoded
[Process 0] before evaluate_graph
[Process 3] step=0, Generation done
[Process 3] step=0, text decoded
[Process 3] before evaluate_graph
[Process 2] after evaluate_graph
[Process 2] before evaluate_graph
[Process 0] after evaluate_graph
[Process 0] before evaluate_graph
[Process 3] after evaluate_graph
[Process 3] before evaluate_graph
[Process 0] after evaluate_graph
[Process 0] before evaluate_graph
[Process 2] after evaluate_graph
[Process 2] before evaluate_graph
[Process 3] after evaluate_graph
[Process 3] before evaluate_graph
[Process 3] after evaluate_graph
[Process 3] before evaluate_graph
[Process 0] after evaluate_graph
[Process 0] before evaluate_graph
[Process 2] after evaluate_graph
[Process 2] before evaluate_graph
[Process 0] after evaluate_graph
[Process 0] before evaluate_graph
[Process 3] after evaluate_graph
[Process 3] before evaluate_graph
[Process 2] after evaluate_graph
[Process 2] before evaluate_graph
[Process 3] after evaluate_graph
[Process 3] before evaluate_graph
[Process 0] after evaluate_graph
[Process 0] before evaluate_graph
[Process 2] after evaluate_graph
[Process 2] before evaluate_graph
[Process 0] after evaluate_graph
[Process 0] before evaluate_graph
[Process 3] after evaluate_graph
[Process 3] before evaluate_graph
[Process 2] after evaluate_graph
[Process 2] before evaluate_graph
[Process 0] after evaluate_graph
[Process 0] before evaluate_graph
[Process 3] after evaluate_graph
[Process 3] before evaluate_graph
[Process 2] after evaluate_graph
[Process 2] before evaluate_graph
[Process 0] after evaluate_graph
[Process 0] before evaluate_graph
[Process 3] after evaluate_graph
[Process 3] before evaluate_graph
[Process 2] after evaluate_graph
[Process 2] before evaluate_graph
[Process 0] after evaluate_graph
[Process 0] before evaluate_graph
[Process 3] after evaluate_graph
[Process 3] before evaluate_graph
[Process 2] after evaluate_graph
[Process 2] before evaluate_graph
[Process 0] after evaluate_graph
[Process 0] before evaluate_graph
[Process 3] after evaluate_graph
[Process 3] before evaluate_graph
[Process 2] after evaluate_graph
[Process 2] before evaluate_graph
[Process 0] after evaluate_graph
[Process 0] before evaluate_graph
[Process 3] after evaluate_graph
[Process 3] before evaluate_graph
[Process 2] after evaluate_graph
[Process 2] before evaluate_graph
[Process 0] after evaluate_graph
[Process 0] before evaluate_graph
[Process 3] after evaluate_graph
[Process 3] before evaluate_graph
[Process 2] after evaluate_graph
[Process 2] before evaluate_graph
[Process 0] after evaluate_graph
[Process 0] before evaluate_graph
[Process 3] after evaluate_graph
[Process 3] before evaluate_graph
[Process 2] after evaluate_graph
[Process 2] before evaluate_graph
[Process 0] after evaluate_graph
[Process 0] before evaluate_graph
[Process 3] after evaluate_graph
[Process 3] before evaluate_graph
[Process 2] after evaluate_graph
[Process 2] before evaluate_graph
[Process 0] after evaluate_graph
[Process 0] before evaluate_graph
[Process 3] after evaluate_graph
[Process 3] before evaluate_graph
[Process 2] after evaluate_graph
[Process 2] before evaluate_graph
[Process 0] after evaluate_graph
[Process 0] before evaluate_graph
[Process 3] after evaluate_graph
[Process 3] before evaluate_graph
[Process 2] after evaluate_graph
[Process 2] before evaluate_graph
[Process 0] after evaluate_graph
[Process 0] before evaluate_graph
[Process 3] after evaluate_graph
[Process 3] before evaluate_graph
[Process 2] after evaluate_graph
[Process 2] before evaluate_graph
[Process 0] after evaluate_graph
[Process 0] before evaluate_graph
[Process 3] after evaluate_graph
[Process 3] before evaluate_graph
[Process 2] after evaluate_graph
[Process 2] before evaluate_graph
[Process 0] after evaluate_graph
[Process 0] before evaluate_graph
[Process 3] after evaluate_graph
[Process 3] before evaluate_graph
[Process 2] after evaluate_graph
[Process 2] before evaluate_graph
[Process 0] after evaluate_graph
[Process 0] before evaluate_graph
[Process 3] after evaluate_graph
[Process 3] before evaluate_graph
[Process 2] after evaluate_graph
[Process 2] before evaluate_graph
[Process 0] after evaluate_graph
[Process 0] before evaluate_graph
[Process 3] after evaluate_graph
[Process 3] before evaluate_graph
[Process 2] after evaluate_graph
[Process 2] before evaluate_graph
[Process 0] after evaluate_graph
[Process 0] before evaluate_graph
[Process 3] after evaluate_graph
[Process 3] before evaluate_graph
[Process 2] after evaluate_graph
[Process 2] before evaluate_graph
[Process 0] after evaluate_graph
[Process 0] before evaluate_graph
[Process 3] after evaluate_graph
[Process 3] before evaluate_graph
[Process 2] after evaluate_graph
[Process 2] before evaluate_graph
[Process 0] after evaluate_graph
[Process 0] before evaluate_graph
[Process 3] after evaluate_graph
[Process 3] before evaluate_graph
[Process 0] after evaluate_graph
[Process 0] before evaluate_graph
[Process 2] after evaluate_graph
[Process 2] before evaluate_graph
[Process 3] after evaluate_graph
[Process 3] before evaluate_graph
[Process 0] after evaluate_graph
[Process 0] before evaluate_graph
[Process 2] after evaluate_graph
[Process 2] before evaluate_graph
[Process 3] after evaluate_graph
[Process 3] before evaluate_graph
[Process 0] after evaluate_graph
[Process 0] before evaluate_graph
[Process 2] after evaluate_graph
[Process 2] before evaluate_graph
[Process 0] after evaluate_graph
[Process 0] before evaluate_graph
[Process 2] after evaluate_graph
[Process 2] before evaluate_graph
[Process 3] after evaluate_graph
[Process 3] before evaluate_graph
[Process 0] after evaluate_graph
[Process 0] before evaluate_graph
[Process 2] after evaluate_graph
[Process 2] before evaluate_graph
[Process 3] after evaluate_graph
[Process 3] before evaluate_graph
[Process 3] after evaluate_graph
[Process 3] before evaluate_graph
[Process 0] after evaluate_graph
[Process 0] before evaluate_graph
[Process 2] after evaluate_graph
[Process 2] before evaluate_graph
[Process 0] after evaluate_graph
[Process 0] before evaluate_graph
[Process 3] after evaluate_graph
[Process 3] before evaluate_graph
[Process 2] after evaluate_graph
[Process 2] before evaluate_graph
[Process 0] after evaluate_graph
[Process 0] before evaluate_graph
[Process 3] after evaluate_graph
[Process 3] before evaluate_graph
[Process 2] after evaluate_graph
[Process 2] before evaluate_graph
[Process 0] after evaluate_graph
[Process 0] before evaluate_graph
[Process 3] after evaluate_graph
[Process 3] before evaluate_graph
[Process 2] after evaluate_graph
[Process 2] before evaluate_graph
[Process 0] after evaluate_graph
[Process 0] before evaluate_graph
[Process 3] after evaluate_graph
[Process 3] before evaluate_graph
[Process 2] after evaluate_graph
[Process 2] before evaluate_graph
[Process 0] after evaluate_graph
[Process 0] before evaluate_graph
[Process 3] after evaluate_graph
[Process 3] before evaluate_graph
[Process 2] after evaluate_graph
[Process 2] before evaluate_graph
[Process 0] after evaluate_graph
[Process 0] before evaluate_graph
[Process 3] after evaluate_graph
[Process 3] before evaluate_graph
[Process 2] after evaluate_graph
[Process 2] before evaluate_graph
[Process 0] after evaluate_graph
[Process 0] before evaluate_graph
[Process 3] after evaluate_graph
[Process 3] before evaluate_graph
[Process 2] after evaluate_graph
[Process 2] before evaluate_graph
[Process 0] after evaluate_graph
[Process 0] before evaluate_graph
[Process 3] after evaluate_graph
[Process 3] before evaluate_graph
[Process 2] after evaluate_graph
[Process 2] before evaluate_graph
[Process 0] after evaluate_graph
[Process 0] before evaluate_graph
[Process 3] after evaluate_graph
[Process 3] before evaluate_graph
[Process 2] after evaluate_graph
[Process 2] before evaluate_graph
[Process 0] after evaluate_graph
[Process 0] before evaluate_graph
[Process 2] after evaluate_graph
[Process 2] before evaluate_graph
[Process 3] after evaluate_graph
[Process 3] before evaluate_graph
[Process 0] after evaluate_graph
[Process 0] before evaluate_graph
[Process 2] after evaluate_graph
[Process 2] before evaluate_graph
[Process 3] after evaluate_graph
[Process 3] before evaluate_graph
[Process 0] after evaluate_graph
[Process 0] before evaluate_graph
[Process 3] after evaluate_graph
[Process 3] before evaluate_graph
[Process 2] after evaluate_graph
[Process 2] before evaluate_graph
[Process 0] after evaluate_graph
[Process 0] before evaluate_graph
[Process 2] after evaluate_graph
[Process 2] before evaluate_graph
[Process 3] after evaluate_graph
[Process 3] before evaluate_graph
[Process 0] after evaluate_graph
[Process 0] before evaluate_graph
[Process 2] after evaluate_graph
[Process 2] before evaluate_graph
[Process 3] after evaluate_graph
[Process 3] before evaluate_graph
[Process 0] after evaluate_graph
[Process 0] before evaluate_graph
[Process 2] after evaluate_graph
[Process 2] before evaluate_graph
[Process 3] after evaluate_graph
[Process 3] before evaluate_graph
[Process 0] after evaluate_graph
[Process 0] before evaluate_graph
[Process 2] after evaluate_graph
[Process 2] before evaluate_graph
[Process 3] after evaluate_graph
[Process 3] before evaluate_graph
[Process 0] after evaluate_graph
[Process 0] before evaluate_graph
[Process 2] after evaluate_graph
[Process 2] before evaluate_graph
[Process 3] after evaluate_graph
[Process 3] before evaluate_graph
[Process 0] after evaluate_graph
[Process 0] before evaluate_graph
[Process 2] after evaluate_graph
[Process 2] before evaluate_graph
[Process 3] after evaluate_graph
[Process 3] before evaluate_graph
[Process 0] after evaluate_graph
[Process 0] before evaluate_graph
[Process 2] after evaluate_graph
[Process 2] before evaluate_graph
[Process 3] after evaluate_graph
[Process 3] before evaluate_graph
[Process 0] after evaluate_graph
[Process 0] before evaluate_graph
[Process 2] after evaluate_graph
[Process 2] before evaluate_graph
[Process 3] after evaluate_graph
[Process 3] before evaluate_graph
[Process 0] after evaluate_graph
[Process 0] before evaluate_graph
[Process 2] after evaluate_graph
[Process 2] before evaluate_graph
[Process 3] after evaluate_graph
[Process 3] before evaluate_graph
[Process 0] after evaluate_graph
[Process 0] before evaluate_graph
[Process 2] after evaluate_graph
[Process 2] before evaluate_graph
[Process 3] after evaluate_graph
[Process 3] before evaluate_graph
[Process 0] after evaluate_graph
[Process 0] before evaluate_graph
[Process 2] after evaluate_graph
[Process 2] before evaluate_graph
[Process 3] after evaluate_graph
[Process 3] before evaluate_graph
[Process 0] after evaluate_graph
[Process 0] before evaluate_graph
[Process 2] after evaluate_graph
[Process 2] before evaluate_graph
[Process 3] after evaluate_graph
[Process 3] before evaluate_graph
[Process 3] after evaluate_graph
[Process 3] before evaluate_graph
[Process 0] after evaluate_graph
[Process 0] before evaluate_graph
[Process 2] after evaluate_graph
[Process 2] before evaluate_graph
[Process 3] after evaluate_graph
[Process 3] before evaluate_graph
[Process 0] after evaluate_graph
[Process 0] before evaluate_graph
[Process 2] after evaluate_graph
[Process 2] before evaluate_graph
[Process 0] after evaluate_graph
[Process 0] before evaluate_graph
[Process 3] after evaluate_graph
[Process 3] before evaluate_graph
[Process 2] after evaluate_graph
[Process 2] before evaluate_graph
[Process 0] after evaluate_graph
[Process 0] before evaluate_graph
[Process 3] after evaluate_graph
[Process 3] before evaluate_graph
[Process 2] after evaluate_graph
[Process 2] before evaluate_graph
[Process 0] after evaluate_graph
[Process 0] before evaluate_graph
[Process 3] after evaluate_graph
[Process 3] before evaluate_graph
[Process 2] after evaluate_graph
[Process 2] before evaluate_graph
[Process 0] after evaluate_graph
[Process 0] before evaluate_graph
[Process 3] after evaluate_graph
[Process 3] before evaluate_graph
[Process 2] after evaluate_graph
[Process 2] before evaluate_graph
[Process 0] after evaluate_graph
[Process 0] before evaluate_graph
[Process 3] after evaluate_graph
[Process 3] before evaluate_graph
[Process 2] after evaluate_graph
[Process 2] before evaluate_graph
[Process 0] after evaluate_graph
[Process 0] before evaluate_graph
[Process 3] after evaluate_graph
[Process 3] before evaluate_graph
[Process 2] after evaluate_graph
[Process 2] before evaluate_graph
[Process 0] after evaluate_graph
[Process 0] before evaluate_graph
[Process 3] after evaluate_graph
[Process 3] before evaluate_graph
[Process 2] after evaluate_graph
[Process 2] before evaluate_graph
[Process 0] after evaluate_graph
[Process 0] before evaluate_graph
[Process 3] after evaluate_graph
[Process 3] before evaluate_graph
[Process 2] after evaluate_graph
[Process 2] before evaluate_graph
[Process 0] after evaluate_graph
[Process 0] before evaluate_graph
[Process 3] after evaluate_graph
[Process 3] before evaluate_graph
[Process 2] after evaluate_graph
[Process 2] before evaluate_graph
[Process 0] after evaluate_graph
[Process 0] before evaluate_graph
[Process 3] after evaluate_graph
[Process 3] before evaluate_graph
[Process 2] after evaluate_graph
[Process 2] before evaluate_graph
[Process 0] after evaluate_graph
[Process 0] before evaluate_graph
[Process 3] after evaluate_graph
[Process 3] before evaluate_graph
[Process 2] after evaluate_graph
[Process 2] before evaluate_graph
[Process 0] after evaluate_graph
[Process 0] before evaluate_graph
[Process 3] after evaluate_graph
[Process 3] before evaluate_graph
[Process 2] after evaluate_graph
[Process 2] before evaluate_graph
[Process 0] after evaluate_graph
[Process 0] before evaluate_graph
[Process 3] after evaluate_graph
[Process 3] before evaluate_graph
[Process 2] after evaluate_graph
[Process 2] before evaluate_graph
[Process 0] after evaluate_graph
[Process 0] before evaluate_graph
[Process 3] after evaluate_graph
[Process 3] before evaluate_graph
[Process 2] after evaluate_graph
[Process 2] before evaluate_graph
[Process 0] after evaluate_graph
[Process 0] before evaluate_graph
[Process 3] after evaluate_graph
[Process 3] before evaluate_graph
[Process 0] after evaluate_graph
[Process 0] before evaluate_graph
[Process 2] after evaluate_graph
[Process 2] before evaluate_graph
[Process 0] after evaluate_graph
[Process 0] before evaluate_graph
[Process 3] after evaluate_graph
[Process 3] before evaluate_graph
[Process 2] after evaluate_graph
[Process 2] before evaluate_graph
[Process 0] after evaluate_graph
[Process 0] before evaluate_graph
[Process 2] after evaluate_graph
[Process 2] before evaluate_graph
[Process 3] after evaluate_graph
[Process 3] before evaluate_graph
[Process 0] after evaluate_graph
[Process 0] before evaluate_graph
[Process 3] after evaluate_graph
[Process 3] before evaluate_graph
[Process 2] after evaluate_graph
[Process 2] before evaluate_graph
[Process 0] after evaluate_graph
[Process 0] before evaluate_graph
[Process 3] after evaluate_graph
[Process 3] before evaluate_graph
[Process 2] after evaluate_graph
[Process 2] before evaluate_graph
[Process 0] after evaluate_graph
[Process 0] before evaluate_graph
[Process 3] after evaluate_graph
[Process 3] before evaluate_graph
[Process 2] after evaluate_graph
[Process 2] before evaluate_graph
[Process 0] after evaluate_graph
[Process 0] before evaluate_graph
[Process 3] after evaluate_graph
[Process 3] before evaluate_graph
[Process 2] after evaluate_graph
[Process 2] before evaluate_graph
[Process 0] after evaluate_graph
[Process 0] before evaluate_graph
[Process 3] after evaluate_graph
[Process 3] before evaluate_graph
[Process 2] after evaluate_graph
[Process 2] before evaluate_graph
[Process 0] after evaluate_graph
[Process 0] before evaluate_graph
[Process 2] after evaluate_graph
[Process 2] before evaluate_graph
[Process 3] after evaluate_graph
[Process 3] before evaluate_graph
[Process 0] after evaluate_graph
[Process 0] before evaluate_graph
[Process 2] after evaluate_graph
[Process 2] before evaluate_graph
[Process 3] after evaluate_graph
[Process 3] before evaluate_graph
[Process 2] after evaluate_graph
[Process 2] before evaluate_graph
[Process 3] after evaluate_graph
[Process 3] before evaluate_graph
[Process 0] after evaluate_graph
[Process 0] before evaluate_graph
[Process 0] after evaluate_graph
[Process 0] before evaluate_graph
[Process 2] after evaluate_graph
[Process 2] before evaluate_graph
[Process 3] after evaluate_graph
[Process 3] before evaluate_graph
[Process 3] after evaluate_graph
[Process 3] before evaluate_graph
[Process 0] after evaluate_graph
[Process 0] before evaluate_graph
[Process 2] after evaluate_graph
[Process 2] before evaluate_graph
[Process 0] after evaluate_graph
[Process 0] before evaluate_graph
[Process 3] after evaluate_graph
[Process 3] before evaluate_graph
[Process 2] after evaluate_graph
[Process 2] before evaluate_graph
[Process 3] after evaluate_graph
[Process 3] before evaluate_graph
[Process 0] after evaluate_graph
[Process 0] before evaluate_graph
[Process 2] after evaluate_graph
[Process 2] before evaluate_graph
[Process 0] after evaluate_graph
[Process 0] before evaluate_graph
[Process 3] after evaluate_graph
[Process 3] before evaluate_graph
[Process 2] after evaluate_graph
[Process 2] before evaluate_graph
[Process 0] after evaluate_graph
[Process 0] before evaluate_graph
[Process 3] after evaluate_graph
[Process 3] before evaluate_graph
[Process 2] after evaluate_graph
[Process 2] before evaluate_graph
[Process 0] after evaluate_graph
[Process 0] before evaluate_graph
[Process 3] after evaluate_graph
[Process 3] before evaluate_graph
[Process 2] after evaluate_graph
[Process 2] before evaluate_graph
[Process 0] after evaluate_graph
[Process 0] before evaluate_graph
[Process 3] after evaluate_graph
[Process 3] before evaluate_graph
[Process 2] after evaluate_graph
[Process 2] before evaluate_graph
[Process 0] after evaluate_graph
[Process 0] before evaluate_graph
[Process 3] after evaluate_graph
[Process 3] before evaluate_graph
[Process 2] after evaluate_graph
[Process 2] before evaluate_graph
[Process 0] after evaluate_graph
[Process 0] before evaluate_graph
[Process 3] after evaluate_graph
[Process 3] before evaluate_graph
[Process 2] after evaluate_graph
[Process 2] before evaluate_graph
[Process 0] after evaluate_graph
[Process 0] before evaluate_graph
[Process 3] after evaluate_graph
[Process 3] before evaluate_graph
[Process 2] after evaluate_graph
[Process 2] before evaluate_graph
[Process 3] after evaluate_graph
[Process 3] before evaluate_graph
[Process 0] after evaluate_graph
[Process 0] before evaluate_graph
[Process 2] after evaluate_graph
[Process 2] before evaluate_graph
[Process 3] after evaluate_graph
[Process 3] before evaluate_graph
[Process 0] after evaluate_graph
[Process 0] before evaluate_graph
[Process 2] after evaluate_graph
[Process 2] before evaluate_graph
[Process 3] after evaluate_graph
[Process 3] before evaluate_graph
[Process 0] after evaluate_graph
[Process 0] before evaluate_graph
[Process 2] after evaluate_graph
[Process 2] before evaluate_graph
[Process 3] after evaluate_graph
[Process 3] before evaluate_graph
[Process 0] after evaluate_graph
[Process 0] before evaluate_graph
[Process 2] after evaluate_graph
[Process 2] before evaluate_graph
[Process 3] after evaluate_graph
[Process 3] before evaluate_graph
[Process 0] after evaluate_graph
[Process 0] before evaluate_graph
[Process 2] after evaluate_graph
[Process 2] before evaluate_graph
[Process 3] after evaluate_graph
[Process 3] before evaluate_graph
[Process 0] after evaluate_graph
[Process 0] before evaluate_graph
[Process 2] after evaluate_graph
[Process 2] before evaluate_graph
[Process 3] after evaluate_graph
[Process 3] before evaluate_graph
[Process 0] after evaluate_graph
[Process 0] before evaluate_graph
[Process 2] after evaluate_graph
[Process 2] before evaluate_graph
[Process 3] after evaluate_graph
[Process 3] before evaluate_graph
[Process 0] after evaluate_graph
[Process 0] before evaluate_graph
[Process 2] after evaluate_graph
[Process 2] before evaluate_graph
[Process 3] after evaluate_graph
[Process 3] before evaluate_graph
[Process 0] after evaluate_graph
[Process 0] before evaluate_graph
[Process 2] after evaluate_graph
[Process 2] before evaluate_graph
[Process 3] after evaluate_graph
[Process 3] before evaluate_graph
[Process 0] after evaluate_graph
[Process 0] before evaluate_graph
[Process 2] after evaluate_graph
[Process 2] before evaluate_graph
[Process 3] after evaluate_graph
[Process 3] before evaluate_graph
[Process 0] after evaluate_graph
[Process 0] before evaluate_graph
[Process 2] after evaluate_graph
[Process 2] before evaluate_graph
[Process 3] after evaluate_graph
[Process 3] before evaluate_graph
[Process 0] after evaluate_graph
[Process 0] before evaluate_graph
[Process 2] after evaluate_graph
[Process 2] before evaluate_graph
[Process 3] after evaluate_graph
[Process 3] before evaluate_graph
[Process 0] after evaluate_graph
[Process 0] before evaluate_graph
[Process 2] after evaluate_graph
[Process 2] before evaluate_graph
[Process 3] after evaluate_graph
[Process 3] before evaluate_graph
[Process 0] after evaluate_graph
[Process 0] before evaluate_graph
[Process 2] after evaluate_graph
[Process 2] before evaluate_graph
[Process 3] after evaluate_graph
[Process 3] before evaluate_graph
[Process 0] after evaluate_graph
[Process 0] before evaluate_graph
[Process 2] after evaluate_graph
[Process 2] before evaluate_graph
[Process 3] after evaluate_graph
[Process 3] before evaluate_graph
[Process 0] after evaluate_graph
[Process 0] before evaluate_graph
[Process 2] after evaluate_graph
[Process 2] before evaluate_graph
[Process 3] after evaluate_graph
[Process 3] before evaluate_graph
[Process 0] after evaluate_graph
[Process 0] before evaluate_graph
[Process 2] after evaluate_graph
[Process 2] before evaluate_graph
[Process 3] after evaluate_graph
[Process 3] before evaluate_graph
[Process 0] after evaluate_graph
[Process 0] before evaluate_graph
[Process 2] after evaluate_graph
[Process 2] before evaluate_graph
[Process 3] after evaluate_graph
[Process 3] before evaluate_graph
[Process 0] after evaluate_graph
[Process 0] before evaluate_graph
[Process 2] after evaluate_graph
[Process 2] before evaluate_graph
[Process 3] after evaluate_graph
[Process 3] before evaluate_graph
[Process 0] after evaluate_graph
[Process 0] before evaluate_graph
[Process 2] after evaluate_graph
[Process 2] before evaluate_graph
[Process 3] after evaluate_graph
[Process 3] before evaluate_graph
[Process 0] after evaluate_graph
[Process 0] before evaluate_graph
[Process 2] after evaluate_graph
[Process 2] before evaluate_graph
[Process 3] after evaluate_graph
[Process 3] before evaluate_graph
[Process 0] after evaluate_graph
[Process 0] before evaluate_graph
[Process 2] after evaluate_graph
[Process 2] before evaluate_graph
[Process 3] after evaluate_graph
[Process 3] before evaluate_graph
[Process 0] after evaluate_graph
[Process 0] before evaluate_graph
[Process 2] after evaluate_graph
[Process 2] before evaluate_graph
[Process 3] after evaluate_graph
[Process 3] before evaluate_graph
[Process 0] after evaluate_graph
[Process 0] before evaluate_graph
[Process 2] after evaluate_graph
[Process 2] before evaluate_graph
[Process 0] after evaluate_graph
[Process 0] before evaluate_graph
[Process 3] after evaluate_graph
[Process 3] before evaluate_graph
[Process 2] after evaluate_graph
[Process 2] before evaluate_graph
[Process 0] after evaluate_graph
[Process 0] before evaluate_graph
[Process 3] after evaluate_graph
[Process 3] before evaluate_graph
[Process 2] after evaluate_graph
[Process 2] before evaluate_graph
[Process 0] after evaluate_graph
[Process 0] before evaluate_graph
[Process 3] after evaluate_graph
[Process 3] before evaluate_graph
[Process 0] after evaluate_graph
[Process 0] before evaluate_graph
[Process 2] after evaluate_graph
[Process 2] before evaluate_graph
[Process 3] after evaluate_graph
[Process 3] before evaluate_graph
[Process 0] after evaluate_graph
[Process 0] before evaluate_graph
[Process 2] after evaluate_graph
[Process 2] before evaluate_graph
[Process 3] after evaluate_graph
[Process 3] before evaluate_graph
[Process 0] after evaluate_graph
[Process 0] before evaluate_graph
[Process 2] after evaluate_graph
[Process 2] before evaluate_graph
[Process 3] after evaluate_graph
[Process 3] before evaluate_graph
[Process 0] after evaluate_graph
[Process 0] before evaluate_graph
[Process 2] after evaluate_graph
[Process 2] before evaluate_graph
[Process 3] after evaluate_graph
[Process 3] before evaluate_graph
[Process 0] after evaluate_graph
[Process 0] before evaluate_graph
[Process 2] after evaluate_graph
[Process 2] before evaluate_graph
[Process 3] after evaluate_graph
[Process 3] before evaluate_graph
[Process 0] after evaluate_graph
[Process 0] before evaluate_graph
[Process 2] after evaluate_graph
[Process 2] before evaluate_graph
[Process 3] after evaluate_graph
[Process 3] before evaluate_graph
[Process 0] after evaluate_graph
[Process 0] before evaluate_graph
[Process 2] after evaluate_graph
[Process 2] before evaluate_graph
[Process 3] after evaluate_graph
[Process 3] before evaluate_graph
[Process 0] after evaluate_graph
[Process 0] before evaluate_graph
[Process 2] after evaluate_graph
[Process 2] before evaluate_graph
[Process 3] after evaluate_graph
[Process 3] before evaluate_graph
[Process 0] after evaluate_graph
[Process 0] before evaluate_graph
[Process 2] after evaluate_graph
[Process 2] before evaluate_graph
[Process 3] after evaluate_graph
[Process 3] before evaluate_graph
[Process 0] after evaluate_graph
[Process 0] before evaluate_graph
[Process 2] after evaluate_graph
[Process 2] before evaluate_graph
[Process 3] after evaluate_graph
[Process 3] before evaluate_graph
[Process 0] after evaluate_graph
[Process 0] before evaluate_graph
[Process 2] after evaluate_graph
[Process 2] before evaluate_graph
[Process 3] after evaluate_graph
[Process 3] before evaluate_graph
[Process 0] after evaluate_graph
[Process 0] before evaluate_graph
[Process 2] after evaluate_graph
[Process 2] before evaluate_graph
[Process 3] after evaluate_graph
[Process 3] before evaluate_graph
[Process 0] after evaluate_graph
[Process 0] before evaluate_graph
[Process 2] after evaluate_graph
[Process 2] before evaluate_graph
[Process 3] after evaluate_graph
[Process 3] before evaluate_graph
[Process 0] after evaluate_graph
[Process 0] before evaluate_graph
[Process 2] after evaluate_graph
[Process 2] before evaluate_graph
[Process 3] after evaluate_graph
[Process 3] before evaluate_graph
[Process 0] after evaluate_graph
[Process 0] before evaluate_graph
[Process 3] after evaluate_graph
[Process 3] before evaluate_graph
[Process 0] after evaluate_graph
[Process 0] before evaluate_graph
[Process 2] after evaluate_graph
[Process 2] before evaluate_graph
[Process 3] after evaluate_graph
[Process 3] before evaluate_graph
[Process 0] after evaluate_graph
[Process 0] before evaluate_graph
[Process 2] after evaluate_graph
[Process 2] before evaluate_graph
[Process 3] after evaluate_graph
[Process 3] before evaluate_graph
[Process 0] after evaluate_graph
[Process 0] before evaluate_graph
[Process 2] after evaluate_graph
[Process 2] before evaluate_graph
[Process 3] after evaluate_graph
[Process 3] before evaluate_graph
[Process 0] after evaluate_graph
[Process 0] before evaluate_graph
[Process 2] after evaluate_graph
[Process 2] before evaluate_graph
[Process 3] after evaluate_graph
[Process 3] before evaluate_graph
[Process 0] after evaluate_graph
[Process 0] before evaluate_graph
[Process 2] after evaluate_graph
[Process 2] before evaluate_graph
[Process 3] after evaluate_graph
[Process 3] before evaluate_graph
[Process 0] after evaluate_graph
[Process 0] before evaluate_graph
[Process 2] after evaluate_graph
[Process 2] before evaluate_graph
[Process 3] after evaluate_graph
[Process 3] before evaluate_graph
[Process 0] after evaluate_graph
[Process 0] before evaluate_graph
[Process 2] after evaluate_graph
[Process 2] before evaluate_graph
[Process 3] after evaluate_graph
[Process 3] before evaluate_graph
[Process 0] after evaluate_graph
[Process 0] before evaluate_graph
[Process 2] after evaluate_graph
[Process 2] before evaluate_graph
[Process 3] after evaluate_graph
[Process 3] before evaluate_graph
[Process 0] after evaluate_graph
[Process 0] before evaluate_graph
[Process 2] after evaluate_graph
[Process 2] before evaluate_graph
[Process 3] after evaluate_graph
[Process 3] before evaluate_graph
[Process 0] after evaluate_graph
[Process 0] before evaluate_graph
[Process 2] after evaluate_graph
[Process 2] before evaluate_graph
[Process 3] after evaluate_graph
[Process 3] before evaluate_graph
[Process 0] after evaluate_graph
[Process 0] before evaluate_graph
[Process 2] after evaluate_graph
[Process 2] before evaluate_graph
[Process 3] after evaluate_graph
[Process 3] before evaluate_graph
[Process 0] after evaluate_graph
[Process 0] before evaluate_graph
[Process 2] after evaluate_graph
[Process 2] before evaluate_graph
[Process 3] after evaluate_graph
[Process 3] before evaluate_graph
[Process 0] after evaluate_graph
[Process 0] before evaluate_graph
[Process 2] after evaluate_graph
[Process 2] before evaluate_graph
[Process 3] after evaluate_graph
[Process 3] before evaluate_graph
[Process 0] after evaluate_graph
[Process 0] before evaluate_graph
[Process 2] after evaluate_graph
[Process 2] before evaluate_graph
[Process 3] after evaluate_graph
[Process 3] before evaluate_graph
[Process 0] after evaluate_graph
[Process 0] before evaluate_graph
[Process 2] after evaluate_graph
[Process 2] before evaluate_graph
[Process 3] after evaluate_graph
[Process 3] before evaluate_graph
[Process 0] after evaluate_graph
[Process 0] before evaluate_graph
[Process 2] after evaluate_graph
[Process 2] before evaluate_graph
[Process 0] after evaluate_graph
[Process 0] before evaluate_graph
[Process 3] after evaluate_graph
[Process 3] before evaluate_graph
[Process 2] after evaluate_graph
[Process 2] before evaluate_graph
[Process 3] after evaluate_graph
[Process 3] before evaluate_graph
[Process 0] after evaluate_graph
[Process 0] before evaluate_graph
[Process 2] after evaluate_graph
[Process 2] before evaluate_graph
[Process 3] after evaluate_graph
[Process 3] before evaluate_graph
[Process 0] after evaluate_graph
[Process 0] before evaluate_graph
[Process 2] after evaluate_graph
[Process 2] before evaluate_graph
[Process 3] after evaluate_graph
[Process 3] before evaluate_graph
[Process 2] after evaluate_graph
[Process 2] before evaluate_graph
[Process 0] after evaluate_graph
[Process 0] before evaluate_graph
[Process 3] after evaluate_graph
[Process 3] before evaluate_graph
[Process 2] after evaluate_graph
[Process 2] before evaluate_graph
[Process 0] after evaluate_graph
[Process 0] before evaluate_graph
[Process 2] after evaluate_graph
[Process 2] before evaluate_graph
[Process 3] after evaluate_graph
[Process 3] before evaluate_graph
[Process 0] after evaluate_graph
[Process 0] before evaluate_graph
[Process 2] after evaluate_graph
[Process 2] before evaluate_graph
[Process 3] after evaluate_graph
[Process 3] before evaluate_graph
[Process 0] after evaluate_graph
[Process 0] before evaluate_graph
[Process 2] after evaluate_graph
[Process 2] before evaluate_graph
[Process 3] after evaluate_graph
[Process 3] before evaluate_graph
[Process 0] after evaluate_graph
[Process 0] before evaluate_graph
[Process 2] after evaluate_graph
[Process 2] before evaluate_graph
[Process 3] after evaluate_graph
[Process 3] before evaluate_graph
[Process 0] after evaluate_graph
[Process 0] before evaluate_graph
[Process 2] after evaluate_graph
[Process 2] before evaluate_graph
[Process 3] after evaluate_graph
[Process 3] before evaluate_graph
[Process 0] after evaluate_graph
[Process 0] before evaluate_graph
[Process 2] after evaluate_graph
[Process 2] before evaluate_graph
[Process 3] after evaluate_graph
[Process 3] before evaluate_graph
[Process 0] after evaluate_graph
[Process 0] before evaluate_graph
[Process 2] after evaluate_graph
[Process 2] before evaluate_graph
[Process 3] after evaluate_graph
[Process 3] before evaluate_graph
[Process 0] after evaluate_graph
[Process 0] before evaluate_graph
[Process 2] after evaluate_graph
[Process 2] before evaluate_graph
[Process 3] after evaluate_graph
[Process 3] before evaluate_graph
[Process 0] after evaluate_graph
[Process 0] before evaluate_graph
[Process 2] after evaluate_graph
[Process 2] before evaluate_graph
[Process 0] after evaluate_graph
[Process 0] before evaluate_graph
[Process 3] after evaluate_graph
[Process 3] before evaluate_graph
[Process 2] after evaluate_graph
[Process 2] before evaluate_graph
[Process 0] after evaluate_graph
[Process 0] before evaluate_graph
[Process 3] after evaluate_graph
[Process 3] before evaluate_graph
[Process 2] after evaluate_graph
[Process 2] before evaluate_graph
[Process 3] after evaluate_graph
[Process 3] before evaluate_graph
[Process 0] after evaluate_graph
[Process 0] before evaluate_graph
[Process 2] after evaluate_graph
[Process 2] before evaluate_graph
[Process 3] after evaluate_graph
[Process 3] before evaluate_graph
[Process 0] after evaluate_graph
[Process 0] before evaluate_graph
[Process 2] after evaluate_graph
[Process 2] before evaluate_graph
[Process 3] after evaluate_graph
[Process 3] before evaluate_graph
[Process 0] after evaluate_graph
[Process 0] before evaluate_graph
[Process 2] after evaluate_graph
[Process 2] before evaluate_graph
[Process 3] after evaluate_graph
[Process 3] before evaluate_graph
[Process 0] after evaluate_graph
[Process 0] before evaluate_graph
[Process 2] after evaluate_graph
[Process 2] step=0, generation took 507.61s
[Process 2] best score so far: 3.3987123820931346, content:
def priority(item: float, bins: np.ndarray) -> np.ndarray:
    return (item + bins) * np.exp(item - bins) + np.sin(np.pi * (item / bins))

[Process 2] step=1, sampling done
[Process 2] step=1, text tokenized
[Process 3] after evaluate_graph
[Process 3] before evaluate_graph
[Process 0] after evaluate_graph
[Process 0] before evaluate_graph
[Process 3] after evaluate_graph
[Process 3] before evaluate_graph
[Process 0] after evaluate_graph
[Process 0] before evaluate_graph
[Process 3] after evaluate_graph
[Process 3] before evaluate_graph
[Process 0] after evaluate_graph
[Process 0] before evaluate_graph
[Process 3] after evaluate_graph
[Process 3] before evaluate_graph
[Process 0] after evaluate_graph
[Process 0] before evaluate_graph
[Process 3] after evaluate_graph
[Process 3] before evaluate_graph
[Process 0] after evaluate_graph
[Process 0] before evaluate_graph
[Process 3] after evaluate_graph
[Process 3] before evaluate_graph
[Process 0] after evaluate_graph
[Process 0] before evaluate_graph
[Process 3] after evaluate_graph
[Process 3] before evaluate_graph
[Process 0] after evaluate_graph
[Process 0] before evaluate_graph
[Process 3] after evaluate_graph
[Process 3] before evaluate_graph
[Process 0] after evaluate_graph
[Process 0] before evaluate_graph
[Process 3] after evaluate_graph
[Process 3] before evaluate_graph
[Process 0] after evaluate_graph
[Process 0] before evaluate_graph
[Process 3] after evaluate_graph
[Process 3] before evaluate_graph
[Process 0] after evaluate_graph
[Process 0] before evaluate_graph
[Process 3] after evaluate_graph
[Process 3] before evaluate_graph
[Process 0] after evaluate_graph
[Process 0] before evaluate_graph
[Process 3] after evaluate_graph
[Process 3] before evaluate_graph
[Process 3] after evaluate_graph
[Process 3] step=0, generation took 508.96s
[Process 3] best score so far: 3.3987123820931346, content:
def priority(item: float, bins: np.ndarray) -> np.ndarray:
    return (item + bins) * np.exp(item - bins) + np.sin(np.pi * (item / bins))

[Process 3] step=1, sampling done
[Process 3] step=1, text tokenized
[Process 0] after evaluate_graph
[Process 0] before evaluate_graph
[Process 0] after evaluate_graph
[Process 0] before evaluate_graph
[Process 0] after evaluate_graph
[Process 0] before evaluate_graph
[Process 0] after evaluate_graph
[Process 0] before evaluate_graph
[Process 0] after evaluate_graph
[Process 0] before evaluate_graph
[Process 0] after evaluate_graph
[Process 0] before evaluate_graph
[Process 0] after evaluate_graph
[Process 0] before evaluate_graph
[Process 0] after evaluate_graph
[Process 0] before evaluate_graph
[Process 0] after evaluate_graph
[Process 0] before evaluate_graph
[Process 0] after evaluate_graph
[Process 0] before evaluate_graph
[Process 0] after evaluate_graph
[Process 0] before evaluate_graph
[Process 0] after evaluate_graph
[Process 0] before evaluate_graph
[Process 0] after evaluate_graph
[Process 0] before evaluate_graph
[Process 0] after evaluate_graph
[Process 0] before evaluate_graph
[Process 0] after evaluate_graph
[Process 0] before evaluate_graph
[Process 0] after evaluate_graph
[Process 0] before evaluate_graph
[Process 0] after evaluate_graph
[Process 0] before evaluate_graph
[Process 0] after evaluate_graph
[Process 0] before evaluate_graph
[Process 0] after evaluate_graph
[Process 0] before evaluate_graph
[Process 0] after evaluate_graph
[Process 0] before evaluate_graph
[Process 0] after evaluate_graph
[Process 0] before evaluate_graph
[Process 0] after evaluate_graph
[Process 0] before evaluate_graph
[Process 0] after evaluate_graph
[Process 0] before evaluate_graph
[Process 0] after evaluate_graph
[Process 0] before evaluate_graph
[Process 0] after evaluate_graph
[Process 0] before evaluate_graph
[Process 0] after evaluate_graph
[Process 0] before evaluate_graph
[Process 0] after evaluate_graph
[Process 0] before evaluate_graph
[Process 0] after evaluate_graph
[Process 0] before evaluate_graph
[Process 0] after evaluate_graph
[Process 0] before evaluate_graph
[Process 0] after evaluate_graph
[Process 0] before evaluate_graph
[Process 0] after evaluate_graph
[Process 0] before evaluate_graph
[Process 0] after evaluate_graph
[Process 0] before evaluate_graph
[Process 0] after evaluate_graph
[Process 0] before evaluate_graph
[Process 0] after evaluate_graph
[Process 0] step=0, generation took 508.91s
[Process 0] best score so far: 3.3987123820931346, content:
def priority(item: float, bins: np.ndarray) -> np.ndarray:
    return (item + bins) * np.exp(item - bins) + np.sin(np.pi * (item / bins))

[Process 0] step=1, sampling done
[Process 0] step=1, text tokenized
