Detected 4 GPU(s). We will spawn 4 processes.


==== Outer Iteration 0 ====
[Process 1] started on GPU 1, running 10 iterations...
[Process 1] step=0, sampling done
[Process 2] started on GPU 2, running 10 iterations...
[Process 0] started on GPU 0, running 10 iterations...
[Process 0] step=0, sampling done
[Process 2] step=0, sampling done
[Process 3] started on GPU 3, running 10 iterations...
[Process 3] step=0, sampling done
[Process 3] step=0, text tokenized
[Process 2] step=0, text tokenized
[Process 1] step=0, text tokenized
[Process 0] step=0, text tokenized
[Process 3] step=0, Generation done
[Process 3] step=0, text decoded
[Process 1] step=0, Generation done
[Process 1] step=0, text decoded
[Process 0] step=0, Generation done
[Process 0] step=0, text decoded
[Process 2] step=0, Generation done
[Process 2] step=0, text decoded
[Process 1] step=0, generation took 507.90s
[Process 1] best score so far: 4.117382841742776, content:
def priority(item: float, bins: np.ndarray) -> np.ndarray:
    return np.exp(item / (bins + 1)) + np.sin(np.pi * bins / item)

[Process 1] step=1, sampling done
[Process 1] step=1, text tokenized
[Process 2] step=0, generation took 511.36s
[Process 2] best score so far: 4.117382841742776, content:
def priority(item: float, bins: np.ndarray) -> np.ndarray:
    return np.exp(item / (bins + 1)) + np.sin(np.pi * bins / item)

[Process 2] step=1, sampling done
[Process 2] step=1, text tokenized
[Process 3] step=0, generation took 507.70s
[Process 3] best score so far: 4.117382841742776, content:
def priority(item: float, bins: np.ndarray) -> np.ndarray:
    return np.exp(item / (bins + 1)) + np.sin(np.pi * bins / item)

[Process 3] step=1, sampling done
[Process 3] step=1, text tokenized
[Process 0] step=0, generation took 511.21s
[Process 0] best score so far: 4.117382841742776, content:
def priority(item: float, bins: np.ndarray) -> np.ndarray:
    return np.exp(item / (bins + 1)) + np.sin(np.pi * bins / item)

[Process 0] step=1, sampling done
[Process 0] step=1, text tokenized
[Process 1] step=1, Generation done
[Process 1] step=1, text decoded
[Process 3] step=1, Generation done
[Process 3] step=1, text decoded
[Process 2] step=1, Generation done
[Process 2] step=1, text decoded
[Process 0] step=1, Generation done
[Process 0] step=1, text decoded
[Process 3] step=1, generation took 504.39s
[Process 3] best score so far: 4.117382841742776, content:
def priority(item: float, bins: np.ndarray) -> np.ndarray:
    return np.exp(item / (bins + 1)) + np.sin(np.pi * bins / item)

[Process 3] step=2, sampling done
[Process 3] step=2, text tokenized
[Process 1] step=1, generation took 502.47s
[Process 1] best score so far: 4.117382841742776, content:
def priority(item: float, bins: np.ndarray) -> np.ndarray:
    return np.exp(item / (bins + 1)) + np.sin(np.pi * bins / item)

[Process 1] step=2, sampling done
[Process 1] step=2, text tokenized
[Process 2] step=1, generation took 506.22s
[Process 2] best score so far: 4.117382841742776, content:
def priority(item: float, bins: np.ndarray) -> np.ndarray:
    return np.exp(item / (bins + 1)) + np.sin(np.pi * bins / item)

[Process 2] step=2, sampling done
[Process 2] step=2, text tokenized
[Process 0] step=1, generation took 507.00s
[Process 0] best score so far: 4.117382841742776, content:
def priority(item: float, bins: np.ndarray) -> np.ndarray:
    return np.exp(item / (bins + 1)) + np.sin(np.pi * bins / item)

[Process 0] step=2, sampling done
[Process 0] step=2, text tokenized
[Process 3] step=2, Generation done
[Process 3] step=2, text decoded
[Process 1] step=2, Generation done
[Process 1] step=2, text decoded
[Process 2] step=2, Generation done
[Process 2] step=2, text decoded
[Process 0] step=2, Generation done
[Process 0] step=2, text decoded
[Process 3] step=2, generation took 504.01s
[Process 3] best score so far: 4.117382841742776, content:
def priority(item: float, bins: np.ndarray) -> np.ndarray:
    return np.exp(item / (bins + 1)) + np.sin(np.pi * bins / item)

[Process 3] step=3, sampling done
[Process 3] step=3, text tokenized
[Process 1] step=2, generation took 502.17s
[Process 1] best score so far: 4.117382841742776, content:
def priority(item: float, bins: np.ndarray) -> np.ndarray:
    return np.exp(item / (bins + 1)) + np.sin(np.pi * bins / item)

[Process 1] step=3, sampling done
[Process 1] step=3, text tokenized
[Process 2] step=2, generation took 506.28s
[Process 2] best score so far: 4.117382841742776, content:
def priority(item: float, bins: np.ndarray) -> np.ndarray:
    return np.exp(item / (bins + 1)) + np.sin(np.pi * bins / item)

[Process 2] step=3, sampling done
[Process 2] step=3, text tokenized
[Process 0] step=2, generation took 506.28s
[Process 0] best score so far: 4.117382841742776, content:
def priority(item: float, bins: np.ndarray) -> np.ndarray:
    return np.exp(item / (bins + 1)) + np.sin(np.pi * bins / item)

[Process 0] step=3, sampling done
[Process 0] step=3, text tokenized
[Process 3] step=3, Generation done
[Process 3] step=3, text decoded
[Process 1] step=3, Generation done
[Process 1] step=3, text decoded
[Process 2] step=3, Generation done
[Process 2] step=3, text decoded
[Process 0] step=3, Generation done
[Process 0] step=3, text decoded
[Process 3] step=3, generation took 505.06s
[Process 3] best score so far: 4.117382841742776, content:
def priority(item: float, bins: np.ndarray) -> np.ndarray:
    return np.exp(item / (bins + 1)) + np.sin(np.pi * bins / item)

[Process 3] step=4, sampling done
[Process 3] step=4, text tokenized
[Process 2] step=3, generation took 505.35s
[Process 2] best score so far: 4.117382841742776, content:
def priority(item: float, bins: np.ndarray) -> np.ndarray:
    return np.exp(item / (bins + 1)) + np.sin(np.pi * bins / item)

[Process 2] step=4, sampling done
[Process 2] step=4, text tokenized
[Process 0] step=3, generation took 506.59s
[Process 0] best score so far: 4.117382841742776, content:
def priority(item: float, bins: np.ndarray) -> np.ndarray:
    return np.exp(item / (bins + 1)) + np.sin(np.pi * bins / item)

[Process 0] step=4, sampling done
[Process 0] step=4, text tokenized
[Process 1] step=3, generation took 502.38s
[Process 1] best score so far: 4.117382841742776, content:
def priority(item: float, bins: np.ndarray) -> np.ndarray:
    return np.exp(item / (bins + 1)) + np.sin(np.pi * bins / item)

[Process 1] step=4, sampling done
[Process 1] step=4, text tokenized
[Process 3] step=4, Generation done
[Process 3] step=4, text decoded
[Process 2] step=4, Generation done
[Process 2] step=4, text decoded
[Process 0] step=4, Generation done
[Process 0] step=4, text decoded
[Process 1] step=4, Generation done
[Process 1] step=4, text decoded
[Process 3] step=4, generation took 504.78s
[Process 3] best score so far: 4.117382841742776, content:
def priority(item: float, bins: np.ndarray) -> np.ndarray:
    return np.exp(item / (bins + 1)) + np.sin(np.pi * bins / item)

[Process 3] step=5, sampling done
[Process 3] step=5, text tokenized
[Process 1] step=4, generation took 503.52s
[Process 1] best score so far: 4.117382841742776, content:
def priority(item: float, bins: np.ndarray) -> np.ndarray:
    return np.exp(item / (bins + 1)) + np.sin(np.pi * bins / item)

[Process 1] step=5, sampling done
[Process 1] step=5, text tokenized
[Process 0] step=4, generation took 507.06s
[Process 0] best score so far: 4.117382841742776, content:
def priority(item: float, bins: np.ndarray) -> np.ndarray:
    return np.exp(item / (bins + 1)) + np.sin(np.pi * bins / item)

[Process 0] step=5, sampling done
[Process 0] step=5, text tokenized
[Process 2] step=4, generation took 505.76s
[Process 2] best score so far: 4.117382841742776, content:
def priority(item: float, bins: np.ndarray) -> np.ndarray:
    return np.exp(item / (bins + 1)) + np.sin(np.pi * bins / item)

[Process 2] step=5, sampling done
[Process 2] step=5, text tokenized
[Process 3] step=5, Generation done
[Process 3] step=5, text decoded
[Process 1] step=5, Generation done
[Process 1] step=5, text decoded
[Process 0] step=5, Generation done
[Process 0] step=5, text decoded
[Process 2] step=5, Generation done
[Process 2] step=5, text decoded
[Process 3] step=5, generation took 504.27s
[Process 3] best score so far: 4.117382841742776, content:
def priority(item: float, bins: np.ndarray) -> np.ndarray:
    return np.exp(item / (bins + 1)) + np.sin(np.pi * bins / item)

[Process 3] step=6, sampling done
[Process 3] step=6, text tokenized
[Process 1] step=5, generation took 501.62s
[Process 1] best score so far: 4.117382841742776, content:
def priority(item: float, bins: np.ndarray) -> np.ndarray:
    return np.exp(item / (bins + 1)) + np.sin(np.pi * bins / item)

[Process 1] step=6, sampling done
[Process 1] step=6, text tokenized
[Process 2] step=5, generation took 504.56s
[Process 2] best score so far: 4.117382841742776, content:
def priority(item: float, bins: np.ndarray) -> np.ndarray:
    return np.exp(item / (bins + 1)) + np.sin(np.pi * bins / item)

[Process 2] step=6, sampling done
[Process 2] step=6, text tokenized
[Process 0] step=5, generation took 506.66s
[Process 0] best score so far: 4.117382841742776, content:
def priority(item: float, bins: np.ndarray) -> np.ndarray:
    return np.exp(item / (bins + 1)) + np.sin(np.pi * bins / item)

[Process 0] step=6, sampling done
[Process 0] step=6, text tokenized
[Process 3] step=6, Generation done
[Process 3] step=6, text decoded
[Process 1] step=6, Generation done
[Process 1] step=6, text decoded
[Process 2] step=6, Generation done
[Process 2] step=6, text decoded
[Process 0] step=6, Generation done
[Process 0] step=6, text decoded
[Process 3] step=6, generation took 503.89s
[Process 3] best score so far: 4.117382841742776, content:
def priority(item: float, bins: np.ndarray) -> np.ndarray:
    return np.exp(item / (bins + 1)) + np.sin(np.pi * bins / item)

[Process 3] step=7, sampling done
[Process 3] step=7, text tokenized
[Process 2] step=6, generation took 504.60s
[Process 2] best score so far: 4.117382841742776, content:
def priority(item: float, bins: np.ndarray) -> np.ndarray:
    return np.exp(item / (bins + 1)) + np.sin(np.pi * bins / item)

[Process 2] step=7, sampling done
[Process 2] step=7, text tokenized
[Process 1] step=6, generation took 503.44s
[Process 1] best score so far: 4.117382841742776, content:
def priority(item: float, bins: np.ndarray) -> np.ndarray:
    return np.exp(item / (bins + 1)) + np.sin(np.pi * bins / item)

[Process 1] step=7, sampling done
[Process 1] step=7, text tokenized
[Process 0] step=6, generation took 506.51s
[Process 0] best score so far: 4.117382841742776, content:
def priority(item: float, bins: np.ndarray) -> np.ndarray:
    return np.exp(item / (bins + 1)) + np.sin(np.pi * bins / item)

[Process 0] step=7, sampling done
[Process 0] step=7, text tokenized
[Process 3] step=7, Generation done
[Process 3] step=7, text decoded
[Process 2] step=7, Generation done
[Process 2] step=7, text decoded
[Process 1] step=7, Generation done
[Process 1] step=7, text decoded
[Process 0] step=7, Generation done
[Process 0] step=7, text decoded
[Process 3] step=7, generation took 503.87s
[Process 3] best score so far: 4.117382841742776, content:
def priority(item: float, bins: np.ndarray) -> np.ndarray:
    return np.exp(item / (bins + 1)) + np.sin(np.pi * bins / item)

[Process 3] step=8, sampling done
[Process 3] step=8, text tokenized
[Process 1] step=7, generation took 498.69s
[Process 1] best score so far: 4.117382841742776, content:
def priority(item: float, bins: np.ndarray) -> np.ndarray:
    return np.exp(item / (bins + 1)) + np.sin(np.pi * bins / item)

[Process 1] step=8, sampling done
[Process 1] step=8, text tokenized
[Process 3] step=8, Generation done
[Process 3] step=8, text decoded
[Process 2] step=7, generation took 504.60s
[Process 2] best score so far: 4.117382841742776, content:
def priority(item: float, bins: np.ndarray) -> np.ndarray:
    return np.exp(item / (bins + 1)) + np.sin(np.pi * bins / item)

[Process 2] step=8, sampling done
[Process 2] step=8, text tokenized
[Process 0] step=7, generation took 507.01s
[Process 0] best score so far: 4.117382841742776, content:
def priority(item: float, bins: np.ndarray) -> np.ndarray:
    return np.exp(item / (bins + 1)) + np.sin(np.pi * bins / item)

[Process 0] step=8, sampling done
[Process 0] step=8, text tokenized
[Process 1] step=8, Generation done
[Process 1] step=8, text decoded
[Process 3] step=8, generation took 505.13s
[Process 3] best score so far: 4.117382841742776, content:
def priority(item: float, bins: np.ndarray) -> np.ndarray:
    return np.exp(item / (bins + 1)) + np.sin(np.pi * bins / item)

[Process 3] step=9, sampling done
[Process 3] step=9, text tokenized
[Process 2] step=8, Generation done
[Process 2] step=8, text decoded
[Process 0] step=8, Generation done
[Process 0] step=8, text decoded
[Process 1] step=8, generation took 499.30s
[Process 1] best score so far: 4.117382841742776, content:
def priority(item: float, bins: np.ndarray) -> np.ndarray:
    return np.exp(item / (bins + 1)) + np.sin(np.pi * bins / item)

[Process 1] step=9, sampling done
[Process 1] step=9, text tokenized
[Process 3] step=9, Generation done
[Process 3] step=9, text decoded
[Process 2] step=8, generation took 504.94s
[Process 2] best score so far: 4.117382841742776, content:
def priority(item: float, bins: np.ndarray) -> np.ndarray:
    return np.exp(item / (bins + 1)) + np.sin(np.pi * bins / item)

[Process 2] step=9, sampling done
[Process 2] step=9, text tokenized
[Process 0] step=8, generation took 506.51s
[Process 0] best score so far: 4.117382841742776, content:
def priority(item: float, bins: np.ndarray) -> np.ndarray:
    return np.exp(item / (bins + 1)) + np.sin(np.pi * bins / item)

[Process 0] step=9, sampling done
[Process 0] step=9, text tokenized
[Process 1] step=9, Generation done
[Process 1] step=9, text decoded
[Process 2] step=9, Generation done
[Process 2] step=9, text decoded
[Process 0] step=9, Generation done
[Process 0] step=9, text decoded
[Process 3] step=9, generation took 504.07s
[Process 3] best score so far: 4.117382841742776, content:
def priority(item: float, bins: np.ndarray) -> np.ndarray:
    return np.exp(item / (bins + 1)) + np.sin(np.pi * bins / item)

[Process 1] step=9, generation took 499.45s
[Process 1] best score so far: 4.117382841742776, content:
def priority(item: float, bins: np.ndarray) -> np.ndarray:
    return np.exp(item / (bins + 1)) + np.sin(np.pi * bins / item)

[Process 2] step=9, generation took 505.67s
[Process 2] best score so far: 4.117382841742776, content:
def priority(item: float, bins: np.ndarray) -> np.ndarray:
    return np.exp(item / (bins + 1)) + np.sin(np.pi * bins / item)

[Process 0] step=9, generation took 505.56s
[Process 0] best score so far: 4.117382841742776, content:
def priority(item: float, bins: np.ndarray) -> np.ndarray:
    return np.exp(item / (bins + 1)) + np.sin(np.pi * bins / item)


[Main] Collecting best scores from each thread's memory:
  Thread 0: best score 4.117382841742776
  Thread 1: best score 4.117382841742776
  Thread 2: best score 4.117382841742776
  Thread 3: best score 4.117382841742776

[Main] Sorted memory_infos (score, thread_idx):
  4.117382841742776, thread 0
  4.117382841742776, thread 1
  4.117382841742776, thread 2
  4.117382841742776, thread 3

[Main] Worst half (to be reinitialized):
  Thread 2 with score 4.117382841742776
  Thread 3 with score 4.117382841742776

[Main] Donor candidates (top half):
  Thread 0 with score 4.117382841742776
  Thread 1 with score 4.117382841742776
[Main] Reinitializing memory for thread 2 with best element from thread 0.
[Main] Reinitializing memory for thread 3 with best element from thread 1.

==== Outer Iteration 1 ====
[Process 1] started on GPU 1, running 10 iterations...
[Process 0] started on GPU 0, running 10 iterations...
[Process 0] step=0, sampling done
[Process 1] step=0, sampling done
[Process 1] step=0, text tokenized
[Process 0] step=0, text tokenized
[Process 3] started on GPU 3, running 10 iterations...
[Process 3] step=0, sampling done
[Process 3] step=0, text tokenized
[Process 2] started on GPU 2, running 10 iterations...
[Process 2] step=0, sampling done
[Process 2] step=0, text tokenized
[Process 1] step=0, Generation done
[Process 1] step=0, text decoded
[Process 3] step=0, Generation done
[Process 3] step=0, text decoded
[Process 0] step=0, Generation done
[Process 0] step=0, text decoded
[Process 2] step=0, Generation done
[Process 2] step=0, text decoded
[Process 3] step=0, generation took 503.35s
[Process 3] best score so far: 4.117382841742776, content:
def priority(item: float, bins: np.ndarray) -> np.ndarray:
    return np.exp(item / (bins + 1)) + np.sin(np.pi * bins / item)

[Process 3] step=1, sampling done
[Process 3] step=1, text tokenized
[Process 2] step=0, generation took 506.10s
[Process 2] best score so far: 3.7879922144033644, content:
def priority(item: float, bins: np.ndarray) -> np.ndarray:
    return np.exp(item / bins) + np.log(np.sin(np.pi * bins / item) + 1)

[Process 2] step=1, sampling done
[Process 2] step=1, text tokenized
[Process 1] step=0, generation took 501.97s
[Process 1] best score so far: 4.117382841742776, content:
def priority(item: float, bins: np.ndarray) -> np.ndarray:
    return np.exp(item / (bins + 1)) + np.sin(np.pi * bins / item)

[Process 1] step=1, sampling done
[Process 1] step=1, text tokenized
[Process 0] step=0, generation took 503.81s
[Process 0] best score so far: 4.117382841742776, content:
def priority(item: float, bins: np.ndarray) -> np.ndarray:
    return np.exp(item / (bins + 1)) + np.sin(np.pi * bins / item)

[Process 0] step=1, sampling done
[Process 0] step=1, text tokenized
[Process 3] step=1, Generation done
[Process 3] step=1, text decoded
[Process 2] step=1, Generation done
[Process 2] step=1, text decoded
[Process 1] step=1, Generation done
[Process 1] step=1, text decoded
[Process 0] step=1, Generation done
[Process 0] step=1, text decoded
[Process 3] step=1, generation took 504.18s
[Process 3] best score so far: 4.117382841742776, content:
def priority(item: float, bins: np.ndarray) -> np.ndarray:
    return np.exp(item / (bins + 1)) + np.sin(np.pi * bins / item)

[Process 3] step=2, sampling done
[Process 3] step=2, text tokenized
[Process 2] step=1, generation took 507.49s
[Process 2] best score so far: 3.7879922144033644, content:
def priority(item: float, bins: np.ndarray) -> np.ndarray:
    return np.exp(item / bins) + np.log(np.sin(np.pi * bins / item) + 1)

[Process 2] step=2, sampling done
[Process 2] step=2, text tokenized
[Process 1] step=1, generation took 499.74s
[Process 1] best score so far: 4.117382841742776, content:
def priority(item: float, bins: np.ndarray) -> np.ndarray:
    return np.exp(item / (bins + 1)) + np.sin(np.pi * bins / item)

[Process 1] step=2, sampling done
[Process 1] step=2, text tokenized
[Process 0] step=1, generation took 503.78s
[Process 0] best score so far: 4.117382841742776, content:
def priority(item: float, bins: np.ndarray) -> np.ndarray:
    return np.exp(item / (bins + 1)) + np.sin(np.pi * bins / item)

[Process 0] step=2, sampling done
[Process 0] step=2, text tokenized
[Process 3] step=2, Generation done
[Process 3] step=2, text decoded
[Process 2] step=2, Generation done
[Process 2] step=2, text decoded
[Process 1] step=2, Generation done
[Process 1] step=2, text decoded
[Process 0] step=2, Generation done
[Process 0] step=2, text decoded
[Process 3] step=2, generation took 504.83s
[Process 3] best score so far: 4.117382841742776, content:
def priority(item: float, bins: np.ndarray) -> np.ndarray:
    return np.exp(item / (bins + 1)) + np.sin(np.pi * bins / item)

[Process 3] step=3, sampling done
[Process 3] step=3, text tokenized
[Process 2] step=2, generation took 508.21s
[Process 2] best score so far: 3.7879922144033644, content:
def priority(item: float, bins: np.ndarray) -> np.ndarray:
    return np.exp(item / bins) + np.log(np.sin(np.pi * bins / item) + 1)

[Process 2] step=3, sampling done
[Process 2] step=3, text tokenized
[Process 1] step=2, generation took 501.79s
[Process 1] best score so far: 4.117382841742776, content:
def priority(item: float, bins: np.ndarray) -> np.ndarray:
    return np.exp(item / (bins + 1)) + np.sin(np.pi * bins / item)

[Process 1] step=3, sampling done
[Process 1] step=3, text tokenized
[Process 0] step=2, generation took 504.19s
[Process 0] best score so far: 4.117382841742776, content:
def priority(item: float, bins: np.ndarray) -> np.ndarray:
    return np.exp(item / (bins + 1)) + np.sin(np.pi * bins / item)

[Process 0] step=3, sampling done
[Process 0] step=3, text tokenized
[Process 3] step=3, Generation done
[Process 3] step=3, text decoded
[Process 2] step=3, Generation done
[Process 2] step=3, text decoded
[Process 1] step=3, Generation done
[Process 1] step=3, text decoded
[Process 0] step=3, Generation done
[Process 0] step=3, text decoded
[Process 2] step=3, generation took 506.44s
[Process 2] best score so far: 3.7879922144033644, content:
def priority(item: float, bins: np.ndarray) -> np.ndarray:
    return np.exp(item / bins) + np.log(np.sin(np.pi * bins / item) + 1)

[Process 2] step=4, sampling done
[Process 2] step=4, text tokenized
[Process 3] step=3, generation took 505.07s
[Process 3] best score so far: 4.117382841742776, content:
def priority(item: float, bins: np.ndarray) -> np.ndarray:
    return np.exp(item / (bins + 1)) + np.sin(np.pi * bins / item)

[Process 3] step=4, sampling done
[Process 3] step=4, text tokenized
[Process 0] step=3, generation took 503.47s
[Process 0] best score so far: 3.937715226830374, content:
def priority(item: float, bins: np.ndarray) -> np.ndarray:
    return (item * np.mean(bins)) * np.exp(item - bins) + np.sin(np.pi * bins / item) * np.log10(bins + 6)

[Process 0] step=4, sampling done
[Process 0] step=4, text tokenized
[Process 1] step=3, generation took 502.71s
[Process 1] best score so far: 4.117382841742776, content:
def priority(item: float, bins: np.ndarray) -> np.ndarray:
    return np.exp(item / (bins + 1)) + np.sin(np.pi * bins / item)

[Process 1] step=4, sampling done
[Process 1] step=4, text tokenized
[Process 2] step=4, Generation done
[Process 2] step=4, text decoded
[Process 3] step=4, Generation done
[Process 3] step=4, text decoded
[Process 0] step=4, Generation done
[Process 0] step=4, text decoded
[Process 1] step=4, Generation done
[Process 1] step=4, text decoded
[Process 2] step=4, generation took 507.06s
[Process 2] best score so far: 3.7879922144033644, content:
def priority(item: float, bins: np.ndarray) -> np.ndarray:
    return np.exp(item / bins) + np.log(np.sin(np.pi * bins / item) + 1)

[Process 2] step=5, sampling done
[Process 2] step=5, text tokenized
[Process 3] step=4, generation took 506.43s
[Process 3] best score so far: 4.117382841742776, content:
def priority(item: float, bins: np.ndarray) -> np.ndarray:
    return np.exp(item / (bins + 1)) + np.sin(np.pi * bins / item)

[Process 3] step=5, sampling done
[Process 3] step=5, text tokenized
[Process 0] step=4, generation took 503.60s
[Process 0] best score so far: 3.937715226830374, content:
def priority(item: float, bins: np.ndarray) -> np.ndarray:
    return (item * np.mean(bins)) * np.exp(item - bins) + np.sin(np.pi * bins / item) * np.log10(bins + 6)

[Process 0] step=5, sampling done
[Process 0] step=5, text tokenized
[Process 1] step=4, generation took 503.22s
[Process 1] best score so far: 4.117382841742776, content:
def priority(item: float, bins: np.ndarray) -> np.ndarray:
    return np.exp(item / (bins + 1)) + np.sin(np.pi * bins / item)

[Process 1] step=5, sampling done
[Process 1] step=5, text tokenized
[Process 2] step=5, Generation done
[Process 2] step=5, text decoded
[Process 3] step=5, Generation done
[Process 3] step=5, text decoded
[Process 0] step=5, Generation done
[Process 0] step=5, text decoded
[Process 1] step=5, Generation done
[Process 1] step=5, text decoded
[Process 2] step=5, generation took 507.62s
[Process 2] best score so far: 3.7879922144033644, content:
def priority(item: float, bins: np.ndarray) -> np.ndarray:
    return np.exp(item / bins) + np.log(np.sin(np.pi * bins / item) + 1)

[Process 2] step=6, sampling done
[Process 2] step=6, text tokenized
[Process 3] step=5, generation took 492.31s
[Process 3] best score so far: 4.117382841742776, content:
def priority(item: float, bins: np.ndarray) -> np.ndarray:
    return np.exp(item / (bins + 1)) + np.sin(np.pi * bins / item)

[Process 3] step=6, sampling done
[Process 3] step=6, text tokenized
[Process 0] step=5, generation took 503.93s
[Process 0] best score so far: 3.937715226830374, content:
def priority(item: float, bins: np.ndarray) -> np.ndarray:
    return (item * np.mean(bins)) * np.exp(item - bins) + np.sin(np.pi * bins / item) * np.log10(bins + 6)

[Process 0] step=6, sampling done
[Process 0] step=6, text tokenized
[Process 1] step=5, generation took 503.27s
[Process 1] best score so far: 4.117382841742776, content:
def priority(item: float, bins: np.ndarray) -> np.ndarray:
    return np.exp(item / (bins + 1)) + np.sin(np.pi * bins / item)

[Process 1] step=6, sampling done
[Process 1] step=6, text tokenized
[Process 2] step=6, Generation done
[Process 2] step=6, text decoded
[Process 3] step=6, Generation done
[Process 3] step=6, text decoded
[Process 0] step=6, Generation done
[Process 0] step=6, text decoded
[Process 1] step=6, Generation done
[Process 1] step=6, text decoded
[Process 3] step=6, generation took 506.59s
[Process 3] best score so far: 4.117382841742776, content:
def priority(item: float, bins: np.ndarray) -> np.ndarray:
    return np.exp(item / (bins + 1)) + np.sin(np.pi * bins / item)

[Process 3] step=7, sampling done
[Process 3] step=7, text tokenized
[Process 2] step=6, generation took 507.89s
[Process 2] best score so far: 3.7879922144033644, content:
def priority(item: float, bins: np.ndarray) -> np.ndarray:
    return np.exp(item / bins) + np.log(np.sin(np.pi * bins / item) + 1)

[Process 2] step=7, sampling done
[Process 2] step=7, text tokenized
[Process 0] step=6, generation took 503.08s
[Process 0] best score so far: 3.937715226830374, content:
def priority(item: float, bins: np.ndarray) -> np.ndarray:
    return (item * np.mean(bins)) * np.exp(item - bins) + np.sin(np.pi * bins / item) * np.log10(bins + 6)

[Process 0] step=7, sampling done
[Process 0] step=7, text tokenized
[Process 1] step=6, generation took 500.25s
[Process 1] best score so far: 4.117382841742776, content:
def priority(item: float, bins: np.ndarray) -> np.ndarray:
    return np.exp(item / (bins + 1)) + np.sin(np.pi * bins / item)

[Process 1] step=7, sampling done
[Process 1] step=7, text tokenized
[Process 3] step=7, Generation done
[Process 3] step=7, text decoded
[Process 2] step=7, Generation done
[Process 2] step=7, text decoded
[Process 0] step=7, Generation done
[Process 0] step=7, text decoded
[Process 1] step=7, Generation done
[Process 1] step=7, text decoded
[Process 2] step=7, generation took 506.63s
[Process 2] best score so far: 3.7879922144033644, content:
def priority(item: float, bins: np.ndarray) -> np.ndarray:
    return np.exp(item / bins) + np.log(np.sin(np.pi * bins / item) + 1)

[Process 2] step=8, sampling done
[Process 2] step=8, text tokenized
[Process 0] step=7, generation took 503.92s
[Process 0] best score so far: 3.937715226830374, content:
def priority(item: float, bins: np.ndarray) -> np.ndarray:
    return (item * np.mean(bins)) * np.exp(item - bins) + np.sin(np.pi * bins / item) * np.log10(bins + 6)

[Process 0] step=8, sampling done
[Process 0] step=8, text tokenized
[Process 2] step=8, Generation done
[Process 2] step=8, text decoded
[Process 0] step=8, Generation done
[Process 0] step=8, text decoded
[Process 2] step=8, generation took 506.54s
[Process 2] best score so far: 3.7879922144033644, content:
def priority(item: float, bins: np.ndarray) -> np.ndarray:
    return np.exp(item / bins) + np.log(np.sin(np.pi * bins / item) + 1)

[Process 2] step=9, sampling done
[Process 2] step=9, text tokenized
[Process 0] step=8, generation took 503.57s
[Process 0] best score so far: 3.937715226830374, content:
def priority(item: float, bins: np.ndarray) -> np.ndarray:
    return (item * np.mean(bins)) * np.exp(item - bins) + np.sin(np.pi * bins / item) * np.log10(bins + 6)

[Process 0] step=9, sampling done
[Process 0] step=9, text tokenized
[Process 2] step=9, Generation done
[Process 2] step=9, text decoded
[Process 0] step=9, Generation done
[Process 0] step=9, text decoded
[Process 2] step=9, generation took 506.86s
[Process 2] best score so far: 3.7879922144033644, content:
def priority(item: float, bins: np.ndarray) -> np.ndarray:
    return np.exp(item / bins) + np.log(np.sin(np.pi * bins / item) + 1)

[Process 0] step=9, generation took 504.34s
[Process 0] best score so far: 3.937715226830374, content:
def priority(item: float, bins: np.ndarray) -> np.ndarray:
    return (item * np.mean(bins)) * np.exp(item - bins) + np.sin(np.pi * bins / item) * np.log10(bins + 6)

