Detected 4 GPU(s). We will spawn 4 processes.


==== Outer Iteration 0 ====
[Process 0] started on GPU 0, running 10 iterations...
[Process 0] step=0, sampling done
[Process 0] step=0, text tokenized
[Process 1] started on GPU 1, running 10 iterations...
[Process 1] step=0, sampling done
[Process 2] started on GPU 2, running 10 iterations...
[Process 2] step=0, sampling done
[Process 1] step=0, text tokenized
[Process 2] step=0, text tokenized
[Process 3] started on GPU 3, running 10 iterations...
[Process 3] step=0, sampling done
[Process 3] step=0, text tokenized
[Process 0] step=0, Generation done
[Process 0] step=0, text decoded
[Process 3] step=0, Generation done
[Process 3] step=0, text decoded
[Process 1] step=0, Generation done
[Process 1] step=0, text decoded
[Process 2] step=0, Generation done
[Process 2] step=0, text decoded
[Process 2] step=0, generation took 510.57s
[Process 2] best score so far: 4.117382841742776, content:
def priority(item: float, bins: np.ndarray) -> np.ndarray:
    return np.exp(item / (bins + 1)) + np.sin(np.pi * bins / item)

[Process 2] step=1, sampling done
[Process 2] step=1, text tokenized
[Process 1] step=0, generation took 510.53s
[Process 1] best score so far: 3.77301991316066, content:
def priority(item: float, bins: np.ndarray) -> np.ndarray:
    return (item + np.mean(bins)) * np.exp(item - bins) + np.sin(np.pi * bins / item)

[Process 1] step=1, sampling done
[Process 1] step=1, text tokenized
[Process 0] step=0, generation took 508.50s
[Process 0] best score so far: 4.117382841742776, content:
def priority(item: float, bins: np.ndarray) -> np.ndarray:
    return np.exp(item / (bins + 1)) + np.sin(np.pi * bins / item)

[Process 0] step=1, sampling done
[Process 0] step=1, text tokenized
[Process 3] step=0, generation took 507.90s
[Process 3] best score so far: 3.6532415032190415, content:
def priority(item: float, bins: np.ndarray) -> np.ndarray:
    return (item + np.mean(bins)) * np.exp(item - bins) + np.sin(np.pi * bins / item) - np.cos(item) * np.log10(bins + 1)

[Process 3] step=1, sampling done
[Process 3] step=1, text tokenized
[Process 2] step=1, Generation done
[Process 2] step=1, text decoded
[Process 1] step=1, Generation done
[Process 1] step=1, text decoded
[Process 0] step=1, Generation done
[Process 0] step=1, text decoded
[Process 3] step=1, Generation done
[Process 3] step=1, text decoded
[Process 0] step=1, generation took 504.76s
[Process 0] best score so far: 4.117382841742776, content:
def priority(item: float, bins: np.ndarray) -> np.ndarray:
    return np.exp(item / (bins + 1)) + np.sin(np.pi * bins / item)

[Process 0] step=2, sampling done
[Process 0] step=2, text tokenized
[Process 1] step=1, generation took 505.27s
[Process 1] best score so far: 3.77301991316066, content:
def priority(item: float, bins: np.ndarray) -> np.ndarray:
    return (item + np.mean(bins)) * np.exp(item - bins) + np.sin(np.pi * bins / item)

[Process 1] step=2, sampling done
[Process 1] step=2, text tokenized
[Process 2] step=1, generation took 505.92s
[Process 2] best score so far: 3.8029645156460514, content:
def priority(item: float, bins: np.ndarray) -> np.ndarray:
    return (item + np.mean(bins)) * np.exp(item - bins) + np.sin(np.pi * bins / item) * np.log10(bins + 1)

[Process 2] step=2, sampling done
[Process 2] step=2, text tokenized
[Process 3] step=1, generation took 503.58s
[Process 3] best score so far: 3.3987123820931346, content:
def priority(item: float, bins: np.ndarray) -> np.ndarray:
    return (item + bins) * np.exp(item - bins) + np.sin(np.pi * (item / bins))

[Process 3] step=2, sampling done
[Process 3] step=2, text tokenized
[Process 0] step=2, Generation done
[Process 0] step=2, text decoded
[Process 1] step=2, Generation done
[Process 1] step=2, text decoded
[Process 2] step=2, Generation done
[Process 2] step=2, text decoded
[Process 3] step=2, Generation done
[Process 3] step=2, text decoded
[Process 0] step=2, generation took 502.71s
[Process 0] best score so far: 4.117382841742776, content:
def priority(item: float, bins: np.ndarray) -> np.ndarray:
    return np.exp(item / (bins + 1)) + np.sin(np.pi * bins / item)

[Process 0] step=3, sampling done
[Process 0] step=3, text tokenized
[Process 1] step=2, generation took 507.36s
[Process 1] best score so far: 3.77301991316066, content:
def priority(item: float, bins: np.ndarray) -> np.ndarray:
    return (item + np.mean(bins)) * np.exp(item - bins) + np.sin(np.pi * bins / item)

[Process 1] step=3, sampling done
[Process 1] step=3, text tokenized
[Process 2] step=2, generation took 505.03s
[Process 2] best score so far: 3.8029645156460514, content:
def priority(item: float, bins: np.ndarray) -> np.ndarray:
    return (item + np.mean(bins)) * np.exp(item - bins) + np.sin(np.pi * bins / item) * np.log10(bins + 1)

[Process 2] step=3, sampling done
[Process 2] step=3, text tokenized
[Process 3] step=2, generation took 503.55s
[Process 3] best score so far: 3.3987123820931346, content:
def priority(item: float, bins: np.ndarray) -> np.ndarray:
    return (item + bins) * np.exp(item - bins) + np.sin(np.pi * (item / bins))

[Process 3] step=3, sampling done
[Process 3] step=3, text tokenized
[Process 0] step=3, Generation done
[Process 0] step=3, text decoded
[Process 1] step=3, Generation done
[Process 1] step=3, text decoded
[Process 2] step=3, Generation done
[Process 2] step=3, text decoded
[Process 3] step=3, Generation done
[Process 3] step=3, text decoded
[Process 1] step=3, generation took 506.32s
[Process 1] best score so far: 3.77301991316066, content:
def priority(item: float, bins: np.ndarray) -> np.ndarray:
    return (item + np.mean(bins)) * np.exp(item - bins) + np.sin(np.pi * bins / item)

[Process 1] step=4, sampling done
[Process 1] step=4, text tokenized
[Process 0] step=3, generation took 505.12s
[Process 0] best score so far: 4.117382841742776, content:
def priority(item: float, bins: np.ndarray) -> np.ndarray:
    return np.exp(item / (bins + 1)) + np.sin(np.pi * bins / item)

[Process 0] step=4, sampling done
[Process 0] step=4, text tokenized
[Process 3] step=3, generation took 504.05s
[Process 3] best score so far: 3.3987123820931346, content:
def priority(item: float, bins: np.ndarray) -> np.ndarray:
    return (item + bins) * np.exp(item - bins) + np.sin(np.pi * (item / bins))

[Process 3] step=4, sampling done
[Process 3] step=4, text tokenized
[Process 2] step=3, generation took 505.92s
[Process 2] best score so far: 3.8029645156460514, content:
def priority(item: float, bins: np.ndarray) -> np.ndarray:
    return (item + np.mean(bins)) * np.exp(item - bins) + np.sin(np.pi * bins / item) * np.log10(bins + 1)

[Process 2] step=4, sampling done
[Process 2] step=4, text tokenized
[Process 1] step=4, Generation done
[Process 1] step=4, text decoded
[Process 0] step=4, Generation done
[Process 0] step=4, text decoded
[Process 3] step=4, Generation done
[Process 3] step=4, text decoded
[Process 2] step=4, Generation done
[Process 2] step=4, text decoded
[Process 3] step=4, generation took 503.10s
[Process 3] best score so far: 3.3987123820931346, content:
def priority(item: float, bins: np.ndarray) -> np.ndarray:
    return (item + bins) * np.exp(item - bins) + np.sin(np.pi * (item / bins))

[Process 3] step=5, sampling done
[Process 3] step=5, text tokenized
[Process 0] step=4, generation took 503.39s
[Process 0] best score so far: 4.117382841742776, content:
def priority(item: float, bins: np.ndarray) -> np.ndarray:
    return np.exp(item / (bins + 1)) + np.sin(np.pi * bins / item)

[Process 0] step=5, sampling done
[Process 0] step=5, text tokenized
[Process 1] step=4, generation took 506.20s
[Process 1] best score so far: 3.77301991316066, content:
def priority(item: float, bins: np.ndarray) -> np.ndarray:
    return (item + np.mean(bins)) * np.exp(item - bins) + np.sin(np.pi * bins / item)

[Process 1] step=5, sampling done
[Process 1] step=5, text tokenized
[Process 2] step=4, generation took 504.37s
[Process 2] best score so far: 3.8029645156460514, content:
def priority(item: float, bins: np.ndarray) -> np.ndarray:
    return (item + np.mean(bins)) * np.exp(item - bins) + np.sin(np.pi * bins / item) * np.log10(bins + 1)

[Process 2] step=5, sampling done
[Process 2] step=5, text tokenized
[Process 3] step=5, Generation done
[Process 3] step=5, text decoded
[Process 0] step=5, Generation done
[Process 0] step=5, text decoded
[Process 1] step=5, Generation done
[Process 1] step=5, text decoded
[Process 2] step=5, Generation done
[Process 2] step=5, text decoded
[Process 0] step=5, generation took 502.85s
[Process 0] best score so far: 4.117382841742776, content:
def priority(item: float, bins: np.ndarray) -> np.ndarray:
    return np.exp(item / (bins + 1)) + np.sin(np.pi * bins / item)

[Process 0] step=6, sampling done
[Process 0] step=6, text tokenized
[Process 1] step=5, generation took 506.74s
[Process 1] best score so far: 3.77301991316066, content:
def priority(item: float, bins: np.ndarray) -> np.ndarray:
    return (item + np.mean(bins)) * np.exp(item - bins) + np.sin(np.pi * bins / item)

[Process 1] step=6, sampling done
[Process 1] step=6, text tokenized
[Process 2] step=5, generation took 505.46s
[Process 2] best score so far: 3.8029645156460514, content:
def priority(item: float, bins: np.ndarray) -> np.ndarray:
    return (item + np.mean(bins)) * np.exp(item - bins) + np.sin(np.pi * bins / item) * np.log10(bins + 1)

[Process 2] step=6, sampling done
[Process 2] step=6, text tokenized
[Process 3] step=5, generation took 503.65s
[Process 3] best score so far: 3.3987123820931346, content:
def priority(item: float, bins: np.ndarray) -> np.ndarray:
    return (item + bins) * np.exp(item - bins) + np.sin(np.pi * (item / bins))

[Process 3] step=6, sampling done
[Process 3] step=6, text tokenized
[Process 0] step=6, Generation done
[Process 0] step=6, text decoded
[Process 1] step=6, Generation done
[Process 1] step=6, text decoded
[Process 2] step=6, Generation done
[Process 2] step=6, text decoded
[Process 3] step=6, Generation done
[Process 3] step=6, text decoded
[Process 0] step=6, generation took 502.50s
[Process 0] best score so far: 4.117382841742776, content:
def priority(item: float, bins: np.ndarray) -> np.ndarray:
    return np.exp(item / (bins + 1)) + np.sin(np.pi * bins / item)

[Process 0] step=7, sampling done
[Process 0] step=7, text tokenized
[Process 1] step=6, generation took 505.82s
[Process 1] best score so far: 3.77301991316066, content:
def priority(item: float, bins: np.ndarray) -> np.ndarray:
    return (item + np.mean(bins)) * np.exp(item - bins) + np.sin(np.pi * bins / item)

[Process 1] step=7, sampling done
[Process 1] step=7, text tokenized
[Process 2] step=6, generation took 505.56s
[Process 2] best score so far: 3.8029645156460514, content:
def priority(item: float, bins: np.ndarray) -> np.ndarray:
    return (item + np.mean(bins)) * np.exp(item - bins) + np.sin(np.pi * bins / item) * np.log10(bins + 1)

[Process 2] step=7, sampling done
[Process 2] step=7, text tokenized
[Process 3] step=6, generation took 503.42s
[Process 3] best score so far: 3.3987123820931346, content:
def priority(item: float, bins: np.ndarray) -> np.ndarray:
    return (item + bins) * np.exp(item - bins) + np.sin(np.pi * (item / bins))

[Process 3] step=7, sampling done
[Process 3] step=7, text tokenized
[Process 0] step=7, Generation done
[Process 0] step=7, text decoded
[Process 1] step=7, Generation done
[Process 1] step=7, text decoded
[Process 2] step=7, Generation done
[Process 2] step=7, text decoded
[Process 3] step=7, Generation done
[Process 3] step=7, text decoded
[Process 0] step=7, generation took 503.72s
[Process 0] best score so far: 4.117382841742776, content:
def priority(item: float, bins: np.ndarray) -> np.ndarray:
    return np.exp(item / (bins + 1)) + np.sin(np.pi * bins / item)

[Process 0] step=8, sampling done
[Process 0] step=8, text tokenized
[Process 3] step=7, generation took 504.92s
[Process 3] best score so far: 3.3987123820931346, content:
def priority(item: float, bins: np.ndarray) -> np.ndarray:
    return (item + bins) * np.exp(item - bins) + np.sin(np.pi * (item / bins))

[Process 3] step=8, sampling done
[Process 3] step=8, text tokenized
[Process 1] step=7, generation took 506.24s
[Process 1] best score so far: 3.77301991316066, content:
def priority(item: float, bins: np.ndarray) -> np.ndarray:
    return (item + np.mean(bins)) * np.exp(item - bins) + np.sin(np.pi * bins / item)

[Process 1] step=8, sampling done
[Process 1] step=8, text tokenized
[Process 2] step=7, generation took 505.90s
[Process 2] best score so far: 3.8029645156460514, content:
def priority(item: float, bins: np.ndarray) -> np.ndarray:
    return (item + np.mean(bins)) * np.exp(item - bins) + np.sin(np.pi * bins / item) * np.log10(bins + 1)

[Process 2] step=8, sampling done
[Process 2] step=8, text tokenized
[Process 0] step=8, Generation done
[Process 0] step=8, text decoded
[Process 3] step=8, Generation done
[Process 3] step=8, text decoded
[Process 1] step=8, Generation done
[Process 1] step=8, text decoded
[Process 2] step=8, Generation done
[Process 2] step=8, text decoded
[Process 0] step=8, generation took 504.49s
[Process 0] best score so far: 4.117382841742776, content:
def priority(item: float, bins: np.ndarray) -> np.ndarray:
    return np.exp(item / (bins + 1)) + np.sin(np.pi * bins / item)

[Process 0] step=9, sampling done
[Process 0] step=9, text tokenized
[Process 3] step=8, generation took 504.11s
[Process 3] best score so far: 3.3987123820931346, content:
def priority(item: float, bins: np.ndarray) -> np.ndarray:
    return (item + bins) * np.exp(item - bins) + np.sin(np.pi * (item / bins))

[Process 3] step=9, sampling done
[Process 3] step=9, text tokenized
[Process 1] step=8, generation took 506.95s
[Process 1] best score so far: 3.77301991316066, content:
def priority(item: float, bins: np.ndarray) -> np.ndarray:
    return (item + np.mean(bins)) * np.exp(item - bins) + np.sin(np.pi * bins / item)

[Process 1] step=9, sampling done
[Process 1] step=9, text tokenized
[Process 2] step=8, generation took 505.77s
[Process 2] best score so far: 3.8029645156460514, content:
def priority(item: float, bins: np.ndarray) -> np.ndarray:
    return (item + np.mean(bins)) * np.exp(item - bins) + np.sin(np.pi * bins / item) * np.log10(bins + 1)

[Process 2] step=9, sampling done
[Process 2] step=9, text tokenized
[Process 0] step=9, Generation done
[Process 0] step=9, text decoded
[Process 3] step=9, Generation done
[Process 3] step=9, text decoded
[Process 1] step=9, Generation done
[Process 1] step=9, text decoded
[Process 2] step=9, Generation done
[Process 2] step=9, text decoded
[Process 2] step=9, generation took 502.44s
[Process 2] best score so far: 3.8029645156460514, content:
def priority(item: float, bins: np.ndarray) -> np.ndarray:
    return (item + np.mean(bins)) * np.exp(item - bins) + np.sin(np.pi * bins / item) * np.log10(bins + 1)

[Process 0] step=9, generation took 503.38s
[Process 0] best score so far: 4.117382841742776, content:
def priority(item: float, bins: np.ndarray) -> np.ndarray:
    return np.exp(item / (bins + 1)) + np.sin(np.pi * bins / item)

[Process 3] step=9, generation took 503.81s
[Process 3] best score so far: 3.3987123820931346, content:
def priority(item: float, bins: np.ndarray) -> np.ndarray:
    return (item + bins) * np.exp(item - bins) + np.sin(np.pi * (item / bins))

[Process 1] step=9, generation took 507.38s
[Process 1] best score so far: 3.7281030094325462, content:
def priority(item: float, bins: np.ndarray) -> np.ndarray:
    return (np.mean(bins) * np.exp(item - bins)) + (np.sin(np.pi * bins / item) + item)


[Main] Collecting best scores from each thread's memory:
  Thread 0: best score 4.117382841742776
  Thread 1: best score 3.7281030094325462
  Thread 2: best score 3.8029645156460514
  Thread 3: best score 3.3987123820931346

[Main] Sorted memory_infos (score, thread_idx):
  3.3987123820931346, thread 3
  3.7281030094325462, thread 1
  3.8029645156460514, thread 2
  4.117382841742776, thread 0

[Main] Worst half (to be reinitialized):
  Thread 2 with score 3.8029645156460514
  Thread 0 with score 4.117382841742776

[Main] Donor candidates (top half):
  Thread 3 with score 3.3987123820931346
  Thread 1 with score 3.7281030094325462
[Main] Reinitializing memory for thread 2 with best element from thread 3.
[Main] Reinitializing memory for thread 0 with best element from thread 1.

==== Outer Iteration 1 ====
[Process 2] started on GPU 2, running 10 iterations...
[Process 0] started on GPU 0, running 10 iterations...
[Process 0] step=0, sampling done
[Process 2] step=0, sampling done
[Process 3] started on GPU 3, running 10 iterations...
[Process 3] step=0, sampling done
[Process 2] step=0, text tokenized
[Process 0] step=0, text tokenized
[Process 3] step=0, text tokenized
[Process 1] started on GPU 1, running 10 iterations...
[Process 1] step=0, sampling done
[Process 1] step=0, text tokenized
[Process 1] step=0, Generation done
[Process 1] step=0, text decoded
[Process 0] step=0, Generation done
[Process 0] step=0, text decoded
[Process 2] step=0, Generation done
[Process 2] step=0, text decoded
[Process 3] step=0, Generation done
[Process 3] step=0, text decoded
[Process 0] step=0, generation took 501.84s
[Process 0] best score so far: 3.68318610570445, content:
def priority(item: float, bins: np.ndarray) -> np.ndarray:
    return np.exp(item - bins) * np.mean(bins) + np.sin(np.pi * bins / item) + item**2

[Process 0] step=1, sampling done
[Process 0] step=1, text tokenized
[Process 2] step=0, generation took 505.21s
[Process 2] best score so far: 3.3987123820931346, content:
def priority(item: float, bins: np.ndarray) -> np.ndarray:
    return (item + bins) * np.exp(item - bins) + np.sin(np.pi * (item / bins))

[Process 2] step=1, sampling done
[Process 2] step=1, text tokenized
[Process 3] step=0, generation took 505.49s
[Process 3] best score so far: 3.3987123820931346, content:
def priority(item: float, bins: np.ndarray) -> np.ndarray:
    return (item + bins) * np.exp(item - bins) + np.sin(np.pi * (item / bins))

[Process 3] step=1, sampling done
[Process 3] step=1, text tokenized
[Process 1] step=0, generation took 500.79s
[Process 1] best score so far: 3.7281030094325462, content:
def priority(item: float, bins: np.ndarray) -> np.ndarray:
    return (np.mean(bins) * np.exp(item - bins)) + (np.sin(np.pi * bins / item) + item)

[Process 1] step=1, sampling done
[Process 1] step=1, text tokenized
[Process 0] step=1, Generation done
[Process 0] step=1, text decoded
[Process 2] step=1, Generation done
[Process 2] step=1, text decoded
[Process 3] step=1, Generation done
[Process 3] step=1, text decoded
[Process 1] step=1, Generation done
[Process 1] step=1, text decoded
[Process 0] step=1, generation took 505.48s
[Process 0] best score so far: 3.68318610570445, content:
def priority(item: float, bins: np.ndarray) -> np.ndarray:
    return np.mean(bins) * np.exp(item - bins) + np.sin(np.pi * bins / item) + np.log(item)

[Process 0] step=2, sampling done
[Process 0] step=2, text tokenized
[Process 2] step=1, generation took 508.37s
[Process 2] best score so far: 3.3987123820931346, content:
def priority(item: float, bins: np.ndarray) -> np.ndarray:
    return abs(item + bins) * np.exp(item - bins) + np.sin(np.pi * (item / bins))

[Process 2] step=2, sampling done
[Process 2] step=2, text tokenized
[Process 1] step=1, generation took 506.25s
[Process 1] best score so far: 3.7281030094325462, content:
def priority(item: float, bins: np.ndarray) -> np.ndarray:
    return (np.mean(bins) * np.exp(item - bins)) + (np.sin(np.pi * bins / item) + item)

[Process 1] step=2, sampling done
[Process 1] step=2, text tokenized
[Process 3] step=1, generation took 505.15s
[Process 3] best score so far: 3.3987123820931346, content:
def priority(item: float, bins: np.ndarray) -> np.ndarray:
    return (item + bins) * np.exp(item - bins) + np.sin(np.pi * (item / bins))

[Process 3] step=2, sampling done
[Process 3] step=2, text tokenized
[Process 0] step=2, Generation done
[Process 0] step=2, text decoded
[Process 2] step=2, Generation done
[Process 2] step=2, text decoded
[Process 1] step=2, Generation done
[Process 1] step=2, text decoded
[Process 0] step=2, generation took 503.66s
[Process 0] best score so far: 3.68318610570445, content:
def priority(item: float, bins: np.ndarray) -> np.ndarray:
    return np.exp(item - bins) * np.mean(bins) + np.sin(np.pi * bins / item) + item**2

[Process 0] step=3, sampling done
[Process 0] step=3, text tokenized
[Process 3] step=2, Generation done
[Process 3] step=2, text decoded
[Process 2] step=2, generation took 507.87s
[Process 2] best score so far: 3.3987123820931346, content:
def priority(item: float, bins: np.ndarray) -> np.ndarray:
    return abs(item + bins) * np.exp(item - bins) + np.sin(np.pi * (item / bins))

[Process 2] step=3, sampling done
[Process 2] step=3, text tokenized
[Process 1] step=2, generation took 504.40s
[Process 1] best score so far: 3.7281030094325462, content:
def priority(item: float, bins: np.ndarray) -> np.ndarray:
    return (np.mean(bins) * np.exp(item - bins)) + (np.sin(np.pi * bins / item) + item)

[Process 1] step=3, sampling done
[Process 1] step=3, text tokenized
[Process 0] step=3, Generation done
[Process 0] step=3, text decoded
[Process 2] step=3, Generation done
[Process 2] step=3, text decoded
[Process 3] step=2, generation took 504.23s
[Process 3] best score so far: 3.3987123820931346, content:
def priority(item: float, bins: np.ndarray) -> np.ndarray:
    return (item + bins) * np.exp(item - bins) + np.sin(np.pi * (item / bins))

[Process 3] step=3, sampling done
[Process 3] step=3, text tokenized
[Process 0] step=3, generation took 504.91s
[Process 0] best score so far: 3.68318610570445, content:
def priority(item: float, bins: np.ndarray) -> np.ndarray:
    return np.exp(item - bins) * np.mean(bins) + np.sin(np.pi * bins / item) + item**2

[Process 0] step=4, sampling done
[Process 0] step=4, text tokenized
[Process 1] step=3, Generation done
[Process 1] step=3, text decoded
[Process 3] step=3, Generation done
[Process 3] step=3, text decoded
[Process 0] step=4, Generation done
[Process 0] step=4, text decoded
[Process 3] step=3, generation took 506.30s
[Process 3] best score so far: 3.3987123820931346, content:
def priority(item: float, bins: np.ndarray) -> np.ndarray:
    return (item + bins) * np.exp(item - bins) + np.sin(np.pi * (item / bins))

[Process 3] step=4, sampling done
[Process 3] step=4, text tokenized
[Process 0] step=4, generation took 504.97s
[Process 0] best score so far: 3.68318610570445, content:
def priority(item: float, bins: np.ndarray) -> np.ndarray:
    return np.exp(item - bins) * np.mean(bins) + np.sin(np.pi * bins / item) + item**2

[Process 0] step=5, sampling done
[Process 0] step=5, text tokenized
[Process 3] step=4, Generation done
[Process 3] step=4, text decoded
[Process 0] step=5, Generation done
[Process 0] step=5, text decoded
[Process 3] step=4, generation took 506.26s
[Process 3] best score so far: 3.3987123820931346, content:
def priority(item: float, bins: np.ndarray) -> np.ndarray:
    return (item + bins) * np.exp(item - bins) + np.sin(np.pi * (item / bins))

[Process 3] step=5, sampling done
[Process 3] step=5, text tokenized
[Process 0] step=5, generation took 504.23s
[Process 0] best score so far: 3.68318610570445, content:
def priority(item: float, bins: np.ndarray) -> np.ndarray:
    return np.exp(item - bins) * np.mean(bins) + np.sin(np.pi * bins / item) + item**2

[Process 0] step=6, sampling done
[Process 0] step=6, text tokenized
[Process 3] step=5, Generation done
[Process 3] step=5, text decoded
[Process 0] step=6, Generation done
[Process 0] step=6, text decoded
[Process 0] step=6, generation took 502.89s
[Process 0] best score so far: 3.68318610570445, content:
def priority(item: float, bins: np.ndarray) -> np.ndarray:
    return np.exp(item - bins) * np.mean(bins) + np.sin(np.pi * bins / item) + item**2

[Process 0] step=7, sampling done
[Process 0] step=7, text tokenized
[Process 3] step=5, generation took 505.39s
[Process 3] best score so far: 3.3987123820931346, content:
def priority(item: float, bins: np.ndarray) -> np.ndarray:
    return (item + bins) * np.exp(item - bins) + np.sin(np.pi * (item / bins))

[Process 3] step=6, sampling done
[Process 3] step=6, text tokenized
[Process 0] step=7, Generation done
[Process 0] step=7, text decoded
[Process 3] step=6, Generation done
[Process 3] step=6, text decoded
[Process 0] step=7, generation took 503.77s
[Process 0] best score so far: 3.68318610570445, content:
def priority(item: float, bins: np.ndarray) -> np.ndarray:
    return np.exp(item - bins) * np.mean(bins) + np.sin(np.pi * bins / item) + item**2

[Process 0] step=8, sampling done
[Process 0] step=8, text tokenized
[Process 3] step=6, generation took 503.29s
[Process 3] best score so far: 3.3987123820931346, content:
def priority(item: float, bins: np.ndarray) -> np.ndarray:
    return (item + bins) * np.exp(item - bins) + np.sin(np.pi * (item / bins))

[Process 3] step=7, sampling done
[Process 3] step=7, text tokenized
[Process 0] step=8, Generation done
[Process 0] step=8, text decoded
[Process 3] step=7, Generation done
[Process 3] step=7, text decoded
[Process 0] step=8, generation took 504.30s
[Process 0] best score so far: 3.68318610570445, content:
def priority(item: float, bins: np.ndarray) -> np.ndarray:
    return np.exp(item - bins) * np.mean(bins) + np.sin(np.pi * bins / item) + item**2

[Process 0] step=9, sampling done
[Process 0] step=9, text tokenized
[Process 3] step=7, generation took 505.09s
[Process 3] best score so far: 3.3987123820931346, content:
def priority(item: float, bins: np.ndarray) -> np.ndarray:
    return (item + bins) * np.exp(item - bins) + np.sin(np.pi * (item / bins))

[Process 3] step=8, sampling done
[Process 3] step=8, text tokenized
[Process 0] step=9, Generation done
[Process 0] step=9, text decoded
[Process 3] step=8, Generation done
[Process 3] step=8, text decoded
[Process 0] step=9, generation took 503.04s
[Process 0] best score so far: 3.68318610570445, content:
def priority(item: float, bins: np.ndarray) -> np.ndarray:
    return np.exp(item - bins) * np.mean(bins) + np.sin(np.pi * bins / item) + item**2

[Process 3] step=8, generation took 505.17s
[Process 3] best score so far: 3.3987123820931346, content:
def priority(item: float, bins: np.ndarray) -> np.ndarray:
    return (item + bins) * np.exp(item - bins) + np.sin(np.pi * (item / bins))

[Process 3] step=9, sampling done
[Process 3] step=9, text tokenized
[Process 3] step=9, Generation done
[Process 3] step=9, text decoded
[Process 3] step=9, generation took 503.67s
[Process 3] best score so far: 3.3987123820931346, content:
def priority(item: float, bins: np.ndarray) -> np.ndarray:
    return (item + bins) * np.exp(item - bins) + np.sin(np.pi * (item / bins))

