Detected 4 GPU(s). We will spawn 4 processes.


==== Outer Iteration 0 ====
[Process 1] started on GPU 1, running 10 iterations...
[Process 1] step=0, sampling done
[Process 1] step=0, text tokenized
[Process 2] started on GPU 2, running 10 iterations...
[Process 2] step=0, sampling done
[Process 2] step=0, text tokenized
[Process 3] started on GPU 3, running 10 iterations...
[Process 3] step=0, sampling done
[Process 3] step=0, text tokenized
[Process 0] started on GPU 0, running 10 iterations...
[Process 0] step=0, sampling done
[Process 0] step=0, text tokenized
[Process 0] step=0, Generation done
[Process 0] step=0, text decoded
[Process {thread_id}]  in save_batch [Unexpected Error] During match extraction: daemonic processes are not allowed to have children[Process 0]  total_matches : 0[Process 0] before evaluate_graphs[Process 0] after evaluate_graphs[Process 0] step=0, generation took 510.74s 
[Process 0] best score so far: None, content:
None 
[Process 0] step=1, sampling done
[Process 0] step=1, text tokenized
[Process 1] step=0, Generation done
[Process 1] step=0, text decoded
[Process {thread_id}]  in save_batch [Unexpected Error] During match extraction: daemonic processes are not allowed to have children[Process 1]  total_matches : 0[Process 1] before evaluate_graphs[Process 1] after evaluate_graphs[Process 1] step=0, generation took 512.87s 
[Process 1] best score so far: None, content:
None 
[Process 1] step=1, sampling done
[Process 1] step=1, text tokenized
[Process 3] step=0, Generation done
[Process 3] step=0, text decoded
[Process {thread_id}]  in save_batch [Unexpected Error] During match extraction: daemonic processes are not allowed to have children[Process 3]  total_matches : 0[Process 3] before evaluate_graphs[Process 3] after evaluate_graphs[Process 3] step=0, generation took 512.90s 
[Process 3] best score so far: None, content:
None 
[Process 3] step=1, sampling done
[Process 3] step=1, text tokenized
[Process 2] step=0, Generation done
[Process 2] step=0, text decoded
[Process {thread_id}]  in save_batch [Unexpected Error] During match extraction: daemonic processes are not allowed to have children[Process 2]  total_matches : 0[Process 2] before evaluate_graphs[Process 2] after evaluate_graphs[Process 2] step=0, generation took 514.97s 
[Process 2] best score so far: None, content:
None 
[Process 2] step=1, sampling done
[Process 2] step=1, text tokenized
[Process 0] step=1, Generation done
[Process 0] step=1, text decoded
[Process {thread_id}]  in save_batch [Unexpected Error] During match extraction: daemonic processes are not allowed to have children[Process 0]  total_matches : 0[Process 0] before evaluate_graphs[Process 0] after evaluate_graphs[Process 0] step=1, generation took 509.36s 
[Process 0] best score so far: None, content:
None 
[Process 0] step=2, sampling done
[Process 0] step=2, text tokenized
[Process 1] step=1, Generation done
[Process 1] step=1, text decoded
[Process {thread_id}]  in save_batch [Unexpected Error] During match extraction: daemonic processes are not allowed to have children[Process 1]  total_matches : 0[Process 1] before evaluate_graphs[Process 1] after evaluate_graphs[Process 1] step=1, generation took 512.13s 
[Process 1] best score so far: None, content:
None 
[Process 1] step=2, sampling done
[Process 1] step=2, text tokenized
[Process 3] step=1, Generation done
[Process 3] step=1, text decoded
[Process {thread_id}]  in save_batch [Unexpected Error] During match extraction: daemonic processes are not allowed to have children[Process 3]  total_matches : 0[Process 3] before evaluate_graphs[Process 3] after evaluate_graphs[Process 3] step=1, generation took 512.16s 
[Process 3] best score so far: None, content:
None 
[Process 3] step=2, sampling done
[Process 3] step=2, text tokenized
[Process 2] step=1, Generation done
[Process 2] step=1, text decoded
[Process {thread_id}]  in save_batch [Unexpected Error] During match extraction: daemonic processes are not allowed to have children[Process 2]  total_matches : 0[Process 2] before evaluate_graphs[Process 2] after evaluate_graphs[Process 2] step=1, generation took 514.00s 
[Process 2] best score so far: None, content:
None 
[Process 2] step=2, sampling done
[Process 2] step=2, text tokenized
[Process 0] step=2, Generation done
[Process 0] step=2, text decoded
[Process {thread_id}]  in save_batch [Unexpected Error] During match extraction: daemonic processes are not allowed to have children[Process 0]  total_matches : 0[Process 0] before evaluate_graphs[Process 0] after evaluate_graphs[Process 0] step=2, generation took 509.86s 
[Process 0] best score so far: None, content:
None 
[Process 0] step=3, sampling done
[Process 0] step=3, text tokenized
[Process 1] step=2, Generation done
[Process 1] step=2, text decoded
[Process {thread_id}]  in save_batch [Unexpected Error] During match extraction: daemonic processes are not allowed to have children[Process 1]  total_matches : 0[Process 1] before evaluate_graphs[Process 1] after evaluate_graphs[Process 1] step=2, generation took 511.97s 
[Process 1] best score so far: None, content:
None 
[Process 1] step=3, sampling done
[Process 1] step=3, text tokenized
[Process 3] step=2, Generation done
[Process 3] step=2, text decoded
[Process {thread_id}]  in save_batch [Unexpected Error] During match extraction: daemonic processes are not allowed to have children[Process 3]  total_matches : 0[Process 3] before evaluate_graphs[Process 3] after evaluate_graphs[Process 3] step=2, generation took 512.13s 
[Process 3] best score so far: None, content:
None 
[Process 3] step=3, sampling done
[Process 3] step=3, text tokenized
[Process 2] step=2, Generation done
[Process 2] step=2, text decoded
[Process {thread_id}]  in save_batch [Unexpected Error] During match extraction: daemonic processes are not allowed to have children[Process 2]  total_matches : 0[Process 2] before evaluate_graphs[Process 2] after evaluate_graphs[Process 2] step=2, generation took 514.22s 
[Process 2] best score so far: None, content:
None 
[Process 2] step=3, sampling done
[Process 2] step=3, text tokenized
[Process 0] step=3, Generation done
[Process 0] step=3, text decoded
[Process {thread_id}]  in save_batch [Unexpected Error] During match extraction: daemonic processes are not allowed to have children[Process 0]  total_matches : 0[Process 0] before evaluate_graphs[Process 0] after evaluate_graphs[Process 0] step=3, generation took 509.34s 
[Process 0] best score so far: None, content:
None 
[Process 0] step=4, sampling done
[Process 0] step=4, text tokenized
[Process 1] step=3, Generation done
[Process 1] step=3, text decoded
[Process {thread_id}]  in save_batch [Unexpected Error] During match extraction: daemonic processes are not allowed to have children[Process 1]  total_matches : 0[Process 1] before evaluate_graphs[Process 1] after evaluate_graphs[Process 1] step=3, generation took 512.06s 
[Process 1] best score so far: None, content:
None 
[Process 1] step=4, sampling done
[Process 1] step=4, text tokenized
[Process 3] step=3, Generation done
[Process 3] step=3, text decoded
[Process {thread_id}]  in save_batch [Unexpected Error] During match extraction: daemonic processes are not allowed to have children[Process 3]  total_matches : 0[Process 3] before evaluate_graphs[Process 3] after evaluate_graphs[Process 3] step=3, generation took 512.18s 
[Process 3] best score so far: None, content:
None 
[Process 3] step=4, sampling done
[Process 3] step=4, text tokenized
[Process 2] step=3, Generation done
[Process 2] step=3, text decoded
[Process {thread_id}]  in save_batch [Unexpected Error] During match extraction: daemonic processes are not allowed to have children[Process 2]  total_matches : 0[Process 2] before evaluate_graphs[Process 2] after evaluate_graphs[Process 2] step=3, generation took 514.04s 
[Process 2] best score so far: None, content:
None 
[Process 2] step=4, sampling done
[Process 2] step=4, text tokenized
