[evaluate_graph] Predict function:
 
def priority(item: float, bins: np.ndarray) -> np.ndarray:
    return -(bins - item)

[evaluate_graph] Subprocess stderr:
 
[evaluate_graph] Subprocess stdout:
 5.464889953585867
[evaluate_graph] Final result: 5.464889953585867
Detected 4 GPU(s). We will spawn 4 processes.


==== Outer Iteration 0 ====
[evaluate_graph] Predict function:
 
def priority(item: float, bins: np.ndarray) -> np.ndarray:
    return -(bins - item)

[evaluate_graph] Predict function:
 
def priority(item: float, bins: np.ndarray) -> np.ndarray:
    return -(bins - item)

[evaluate_graph] Predict function:
 
def priority(item: float, bins: np.ndarray) -> np.ndarray:
    return -(bins - item)

[evaluate_graph] Predict function:
 
def priority(item: float, bins: np.ndarray) -> np.ndarray:
    return -(bins - item)

[evaluate_graph] Subprocess stderr:
 
[evaluate_graph] Subprocess stdout:
 5.464889953585867
[evaluate_graph] Final result: 5.464889953585867
[evaluate_graph] Subprocess stderr:
 
[evaluate_graph] Subprocess stdout:
 5.464889953585867
[evaluate_graph] Final result: 5.464889953585867
[evaluate_graph] Subprocess stderr:
 
[evaluate_graph] Subprocess stdout:
 5.464889953585867
[evaluate_graph] Final result: 5.464889953585867
[evaluate_graph] Subprocess stderr:
 
[evaluate_graph] Subprocess stdout:
 5.464889953585867
[evaluate_graph] Final result: 5.464889953585867
[Process 0] started on GPU 0, running 10 iterations...
[Process 2] started on GPU 2, running 10 iterations...
[Process 3] started on GPU 3, running 10 iterations...
[Process 1] started on GPU 1, running 10 iterations...
