🔬 Function 1: MSE = 1.029741
🔬 Function 2: MSE = 1.029741
🔬 Function 3: MSE = 1.009475
🔬 Function 4: MSE = 1.029741
🔬 Function 5: MSE = 0.985094
🔬 Function 6: MSE = 0.960213
🔬 Function 7: MSE = 1.029741
🔬 Function 8: MSE = 1.048934
🔬 Function 9: MSE = 1.021341
🔬 Function 10: MSE = 0.955693
🔬 Function 11: MSE = 1.048466
🔬 Function 12: MSE = 1.029741
🔬 Function 13: MSE = 0.955693
🔬 Function 14: MSE = 1.008626
🔬 Function 15: MSE = 1.029741
🔬 Function 16: MSE = 0.992886
🔬 Function 17: MSE = 0.948031
🔬 Function 18: MSE = 1.004234
🔬 Function 19: MSE = 0.992886
🔬 Function 20: MSE = 1.029741
🔬 Function 21: MSE = 0.948031
🔬 Function 22: MSE = 1.004234
🔬 Function 23: MSE = 0.992886
🔬 Function 24: MSE = 1.029741
🔬 Function 25: MSE = 0.948031
🔬 Function 26: MSE = 1.025077
🔬 Function 27: MSE = 1.004234
🔬 Function 28: MSE = 0.992886
🔬 Function 29: MSE = 0.948031
🔬 Function 30: MSE = 1.006619
🔬 Function 31: MSE = 0.990233
🔬 Function 32: MSE = 0.992886
🔬 Function 33: MSE = 0.948031
🔬 Function 34: MSE = 1.006619
🔬 Function 35: MSE = 0.990233
🔬 Function 36: MSE = 0.992886
🔬 Function 37: MSE = 0.948031
Execution error: invalid character '⚠' (U+26A0) (<string>, line 16)
Execution error: invalid syntax (<string>, line 12)
Execution error: invalid syntax (<string>, line 19)
🔬 Function 41: MSE = 0.976968
🔬 Function 42: MSE = 0.948031
🔬 Function 43: MSE = 0.948031
🔬 Function 44: MSE = 0.907295
🔬 Function 45: MSE = 0.997529
🔬 Function 46: MSE = 0.942263
🔬 Function 47: MSE = 0.948031
🔬 Function 48: MSE = 0.950571
🔬 Function 49: MSE = 0.951766
🔬 Function 50: MSE = 0.948852
🔬 Function 51: MSE = 0.948031
🔬 Function 52: MSE = 0.950571
🔬 Function 53: MSE = 0.949765
🔬 Function 54: MSE = 0.944926
🔬 Function 55: MSE = 0.903902
🔬 Function 56: MSE = 0.950571
🔬 Function 57: MSE = 0.908565
🔬 Function 58: MSE = 0.944926
🔬 Function 59: MSE = 0.903902
🔬 Function 60: MSE = 0.950571
🔬 Function 61: MSE = 0.908565
🔬 Function 62: MSE = 0.944926
🔬 Function 63: MSE = 0.903902
🔬 Function 64: MSE = 0.950571
🔬 Function 65: MSE = 0.908565
🔬 Function 66: MSE = 0.944926
🔬 Function 67: MSE = 0.920048
🔬 Function 68: MSE = 0.950571
🔬 Function 69: MSE = 0.908565
🔬 Function 70: MSE = 0.917024
🔬 Function 71: MSE = 0.920048
🔬 Function 72: MSE = 0.950571
🔬 Function 73: MSE = 0.908565
🔬 Function 74: MSE = 0.917024
🔬 Function 75: MSE = 0.920048
🔬 Function 76: MSE = 0.950571
🔬 Function 77: MSE = 0.908565
Execution error: invalid syntax (<string>, line 12)
🔬 Function 79: MSE = 0.920048
Execution error: invalid syntax (<string>, line 17)
🔬 Function 81: MSE = 0.951994
🔬 Function 82: MSE = 0.908695
🔬 Function 83: MSE = 0.928506
🔬 Function 84: MSE = 0.917024
🔬 Function 85: MSE = 0.951994
🔬 Function 86: MSE = 0.908866
🔬 Function 87: MSE = 0.917024
🔬 Function 88: MSE = 0.874248
🔬 Function 89: MSE = 0.951994
🔬 Function 90: MSE = 0.887749
🔬 Function 91: MSE = 0.917024
🔬 Function 92: MSE = 0.874248
🔬 Function 93: MSE = 0.901846
🔬 Function 94: MSE = 0.887749
🔬 Function 95: MSE = 0.911706
🔬 Function 96: MSE = 0.874248
🔬 Function 97: MSE = 0.901846
🔬 Function 98: MSE = 0.887749
🔬 Function 99: MSE = 0.911706
🔬 Function 100: MSE = 0.874248
🔬 Function 101: MSE = 0.901846
🔬 Function 102: MSE = 0.854477
🔬 Function 103: MSE = 0.874248
🔬 Function 104: MSE = 0.911706
🔬 Function 105: MSE = 0.901846
🔬 Function 106: MSE = 0.854477
🔬 Function 107: MSE = 0.874248
🔬 Function 108: MSE = 0.911706
🔬 Function 109: MSE = 0.901846
🔬 Function 110: MSE = 0.854477
🔬 Function 111: MSE = 0.874248
🔬 Function 112: MSE = 0.911706
🔬 Function 113: MSE = 0.902658
🔬 Function 114: MSE = 0.854477
🔬 Function 115: MSE = 0.874248
🔬 Function 116: MSE = 0.873989
🔬 Function 117: MSE = 0.902658
🔬 Function 118: MSE = 0.859683
🔬 Function 119: MSE = 0.874248
Execution error: invalid syntax (<string>, line 13)
🔬 Function 121: MSE = 0.850876
🔬 Function 122: MSE = 0.859713
🔬 Function 123: MSE = 0.859434
🔬 Function 124: MSE = 0.845622
🔬 Function 125: MSE = 0.851452
🔬 Function 126: MSE = 0.867352
🔬 Function 127: MSE = 0.859434
🔬 Function 128: MSE = 0.845622
🔬 Function 129: MSE = 0.837983
🔬 Function 130: MSE = 0.851452
🔬 Function 131: MSE = 0.859434
🔬 Function 132: MSE = 0.845622
🔬 Function 133: MSE = 0.851069
🔬 Function 134: MSE = 0.837983
🔬 Function 135: MSE = 0.859434
🔬 Function 136: MSE = 0.845622
🔬 Function 137: MSE = 0.837983
Execution error: invalid syntax (<string>, line 13)
🔬 Function 139: MSE = 0.826957
🔬 Function 140: MSE = 0.859434
🔬 Function 141: MSE = 0.837983
🔬 Function 142: MSE = 0.854694
🔬 Function 143: MSE = 0.859434
🔬 Function 144: MSE = 0.826957
🔬 Function 145: MSE = 0.837983
🔬 Function 146: MSE = 0.854727
🔬 Function 147: MSE = 0.826957
🔬 Function 148: MSE = 0.849747
🔬 Function 149: MSE = 0.837983
🔬 Function 150: MSE = 0.854711
🔬 Function 151: MSE = 0.826957
🔬 Function 152: MSE = 0.849747
🔬 Function 153: MSE = 0.837983
🔬 Function 154: MSE = 0.854726
🔬 Function 155: MSE = 0.826957
🔬 Function 156: MSE = 0.849609
Execution error: invalid syntax (<string>, line 12)
🔬 Function 158: MSE = 0.854710
Execution error: invalid character '⚠' (U+26A0) (<string>, line 15)
Execution error: invalid syntax (<string>, line 13)
🔬 Function 161: MSE = 0.830549
🔬 Function 162: MSE = 0.838049
🔬 Function 163: MSE = 0.826957
🔬 Function 164: MSE = 0.837983
🔬 Function 165: MSE = 0.837857
🔬 Function 166: MSE = 0.830549
🔬 Function 167: MSE = 0.823437
🔬 Function 168: MSE = 0.837983
🔬 Function 169: MSE = 0.847886
🔬 Function 170: MSE = 0.830549
🔬 Function 171: MSE = 0.841199
🔬 Function 172: MSE = 0.831848
🔬 Function 173: MSE = 0.847886
🔬 Function 174: MSE = 0.830549
🔬 Function 175: MSE = 0.841199
🔬 Function 176: MSE = 0.831848
🔬 Function 177: MSE = 0.847886
🔬 Function 178: MSE = 0.829021
🔬 Function 179: MSE = 0.841199
🔬 Function 180: MSE = 0.831848
🔬 Function 181: MSE = 0.847973
🔬 Function 182: MSE = 0.829021
🔬 Function 183: MSE = 0.841199
🔬 Function 184: MSE = 0.831848
🔬 Function 185: MSE = 0.850436
🔬 Function 186: MSE = 0.829021
🔬 Function 187: MSE = 0.815619
🔬 Function 188: MSE = 0.831848
🔬 Function 189: MSE = 0.850436
🔬 Function 190: MSE = 0.829021
🔬 Function 191: MSE = 0.815619
🔬 Function 192: MSE = 0.831848
🔬 Function 193: MSE = 0.850436
🔬 Function 194: MSE = 0.828669
🔬 Function 195: MSE = 0.826409
🔬 Function 196: MSE = 0.831848
Execution error: invalid syntax (<string>, line 12)
🔬 Function 198: MSE = 0.828669
🔬 Function 199: MSE = 0.826409
Execution error: invalid syntax (<string>, line 13)
🔬 Function 201: MSE = 0.826409
🔬 Function 202: MSE = 0.831848
🔬 Function 203: MSE = 0.826409
🔬 Function 204: MSE = 0.831848
🔬 Function 205: MSE = 0.826409
🔬 Function 206: MSE = 0.831918
🔬 Function 207: MSE = 0.823465
🔬 Function 208: MSE = 0.831848
🔬 Function 209: MSE = 0.821640
🔬 Function 210: MSE = 0.831918
🔬 Function 211: MSE = 0.814035
🔬 Function 212: MSE = 0.831848
🔬 Function 213: MSE = 0.821661
🔬 Function 214: MSE = 0.831128
🔬 Function 215: MSE = 0.814035
🔬 Function 216: MSE = 0.831848
🔬 Function 217: MSE = 0.821661
🔬 Function 218: MSE = 0.829589
🔬 Function 219: MSE = 0.814035
🔬 Function 220: MSE = 0.831848
🔬 Function 221: MSE = 0.821661
🔬 Function 222: MSE = 0.829589
🔬 Function 223: MSE = 0.814035
🔬 Function 224: MSE = 0.831848
🔬 Function 225: MSE = 0.827585
🔬 Function 226: MSE = 0.829589
🔬 Function 227: MSE = 0.814035
🔬 Function 228: MSE = 0.831848
🔬 Function 229: MSE = 0.825497
🔬 Function 230: MSE = 0.829589
🔬 Function 231: MSE = 0.814035
🔬 Function 232: MSE = 0.831848
🔬 Function 233: MSE = 0.825497
🔬 Function 234: MSE = 0.829589
🔬 Function 235: MSE = 0.814035
Execution error: invalid syntax (<string>, line 15)
🔬 Function 237: MSE = 0.832057
🔬 Function 238: MSE = 0.829589
🔬 Function 239: MSE = 0.826162
Execution error: invalid syntax (<string>, line 13)
🔬 Function 241: MSE = 0.819999
🔬 Function 242: MSE = 0.826162
🔬 Function 243: MSE = 0.809515
🔬 Function 244: MSE = 0.826162
🔬 Function 245: MSE = 0.819999
🔬 Function 246: MSE = 0.826162
🔬 Function 247: MSE = 0.809515
🔬 Function 248: MSE = 0.809688
🔬 Function 249: MSE = 0.823811
🔬 Function 250: MSE = 0.826162
🔬 Function 251: MSE = 0.809515
🔬 Function 252: MSE = 0.809688
🔬 Function 253: MSE = 0.823811
🔬 Function 254: MSE = 0.826162
🔬 Function 255: MSE = 0.809515
🔬 Function 256: MSE = 0.809688
🔬 Function 257: MSE = 0.823811
🔬 Function 258: MSE = 0.826162
🔬 Function 259: MSE = 0.809515
🔬 Function 260: MSE = 0.809688
🔬 Function 261: MSE = 0.823811
🔬 Function 262: MSE = 0.809688
🔬 Function 263: MSE = 0.809515
🔬 Function 264: MSE = 0.826162
🔬 Function 265: MSE = 0.823811
🔬 Function 266: MSE = 0.809688
🔬 Function 267: MSE = 0.826162
🔬 Function 268: MSE = 0.809515
🔬 Function 269: MSE = 0.828576
🔬 Function 270: MSE = 0.826162
🔬 Function 271: MSE = 0.809515
🔬 Function 272: MSE = 0.809688
🔬 Function 273: MSE = 0.828576
🔬 Function 274: MSE = 0.826162
🔬 Function 275: MSE = 0.809515
🔬 Function 276: MSE = 0.809809
🔬 Function 277: MSE = 0.828576
Execution error: invalid syntax (<string>, line 13)
Execution error: invalid character '⚠' (U+26A0) (<string>, line 15)
Execution error: invalid syntax (<string>, line 18)
🔬 Function 281: MSE = 0.809515
🔬 Function 282: MSE = 0.826768
🔬 Function 283: MSE = 0.809515
🔬 Function 284: MSE = 0.826768
🔬 Function 285: MSE = 0.822186
🔬 Function 286: MSE = 0.809515
🔬 Function 287: MSE = 0.826768
🔬 Function 288: MSE = 0.824619
🔬 Function 289: MSE = 0.809515
🔬 Function 290: MSE = 0.822186
🔬 Function 291: MSE = 0.826768
🔬 Function 292: MSE = 0.824619
🔬 Function 293: MSE = 0.809515
🔬 Function 294: MSE = 0.822186
🔬 Function 295: MSE = 0.826768
🔬 Function 296: MSE = 0.824619
🔬 Function 297: MSE = 0.810933
🔬 Function 298: MSE = 0.820576
🔬 Function 299: MSE = 0.826509
🔬 Function 300: MSE = 0.824619
🔬 Function 301: MSE = 0.810933
🔬 Function 302: MSE = 0.817283
🔬 Function 303: MSE = 0.824619
🔬 Function 304: MSE = 0.826509
🔬 Function 305: MSE = 0.810933
🔬 Function 306: MSE = 0.824619
🔬 Function 307: MSE = 0.826509
🔬 Function 308: MSE = 0.817283
🔬 Function 309: MSE = 0.810933
🔬 Function 310: MSE = 0.824619
🔬 Function 311: MSE = 0.826509
🔬 Function 312: MSE = 0.817283
🔬 Function 313: MSE = 0.810933
🔬 Function 314: MSE = 0.824619
🔬 Function 315: MSE = 0.838655
🔬 Function 316: MSE = 0.817283
🔬 Function 317: MSE = 0.810933
🔬 Function 318: MSE = 0.824619
Execution error: invalid character '⚠' (U+26A0) (<string>, line 17)
Execution error: invalid syntax (<string>, line 17)
🔬 Function 321: MSE = 0.817283
🔬 Function 322: MSE = 0.817283
🔬 Function 323: MSE = 0.824618
🔬 Function 324: MSE = 0.824619
🔬 Function 325: MSE = 0.817283
🔬 Function 326: MSE = 0.824619
🔬 Function 327: MSE = 0.825384
🔬 Function 328: MSE = 0.817283
🔬 Function 329: MSE = 0.837799
🔬 Function 330: MSE = 0.824619
🔬 Function 331: MSE = 0.817283
🔬 Function 332: MSE = 0.817283
🔬 Function 333: MSE = 0.837799
🔬 Function 334: MSE = 0.824619
🔬 Function 335: MSE = 0.817283
🔬 Function 336: MSE = 0.852864
🔬 Function 337: MSE = 0.837799
🔬 Function 338: MSE = 0.824619
🔬 Function 339: MSE = 0.817283
🔬 Function 340: MSE = 0.819330
🔬 Function 341: MSE = 0.827393
🔬 Function 342: MSE = 0.819674
🔬 Function 343: MSE = 0.817283
🔬 Function 344: MSE = 0.819330
🔬 Function 345: MSE = 0.827393
🔬 Function 346: MSE = 0.819674
🔬 Function 347: MSE = 0.817283
🔬 Function 348: MSE = 0.819330
🔬 Function 349: MSE = 0.827393
🔬 Function 350: MSE = 0.819674
🔬 Function 351: MSE = 0.817283
🔬 Function 352: MSE = 0.820264
🔬 Function 353: MSE = 0.827393
🔬 Function 354: MSE = 0.819674
🔬 Function 355: MSE = 0.817283
🔬 Function 356: MSE = 0.827393
🔬 Function 357: MSE = 0.820264
🔬 Function 358: MSE = 0.819674
🔬 Function 359: MSE = 0.817283
Execution error: invalid syntax (<string>, line 17)
🔬 Function 361: MSE = 0.827586
🔬 Function 362: MSE = 0.845286
🔬 Function 363: MSE = 0.827393
🔬 Function 364: MSE = 0.819674
🔬 Function 365: MSE = 0.826903
🔬 Function 366: MSE = 0.845286
🔬 Function 367: MSE = 0.827393
🔬 Function 368: MSE = 0.819674
🔬 Function 369: MSE = 0.826903
🔬 Function 370: MSE = 0.845286
🔬 Function 371: MSE = 0.827393
🔬 Function 372: MSE = 0.819674
🔬 Function 373: MSE = 0.826903
🔬 Function 374: MSE = 0.827393
🔬 Function 375: MSE = 0.835707
🔬 Function 376: MSE = 0.819674
🔬 Function 377: MSE = 0.826903
🔬 Function 378: MSE = 0.835707
🔬 Function 379: MSE = 0.827393
🔬 Function 380: MSE = 0.819674
🔬 Function 381: MSE = 0.826903
🔬 Function 382: MSE = 0.835707
🔬 Function 383: MSE = 0.832774
🔬 Function 384: MSE = 0.823841
🔬 Function 385: MSE = 0.826903
🔬 Function 386: MSE = 0.835707
🔬 Function 387: MSE = 0.823841
🔬 Function 388: MSE = 0.832774
🔬 Function 389: MSE = 0.830087
🔬 Function 390: MSE = 0.835707
🔬 Function 391: MSE = 0.860920
🔬 Function 392: MSE = 0.832774
🔬 Function 393: MSE = 0.830087
🔬 Function 394: MSE = 0.844809
🔬 Function 395: MSE = 0.860920
🔬 Function 396: MSE = 0.832774
🔬 Function 397: MSE = 0.830087
Execution error: invalid character '⚠' (U+26A0) (<string>, line 16)
🔬 Function 399: MSE = 0.860920
Execution error: invalid syntax (<string>, line 17)
🔬 Function 401: MSE = 0.832774
🔬 Function 402: MSE = 0.830087
🔬 Function 403: MSE = 0.832774
🔬 Function 404: MSE = 0.830087
🔬 Function 405: MSE = 0.834090
🔬 Function 406: MSE = 0.832774
🔬 Function 407: MSE = 0.830087
🔬 Function 408: MSE = 0.830194
🔬 Function 409: MSE = 0.833448
🔬 Function 410: MSE = 0.830087
🔬 Function 411: MSE = 0.830193
🔬 Function 412: MSE = 0.832774
🔬 Function 413: MSE = 0.833448
🔬 Function 414: MSE = 0.830042
🔬 Function 415: MSE = 0.830087
🔬 Function 416: MSE = 0.832774
🔬 Function 417: MSE = 0.833448
🔬 Function 418: MSE = 0.830042
🔬 Function 419: MSE = 0.830087
🔬 Function 420: MSE = 0.832774
🔬 Function 421: MSE = 0.833448
🔬 Function 422: MSE = 0.830042
🔬 Function 423: MSE = 0.832774
🔬 Function 424: MSE = 0.830087
🔬 Function 425: MSE = 0.836045
🔬 Function 426: MSE = 0.830508
🔬 Function 427: MSE = 0.830087
🔬 Function 428: MSE = 0.832774
🔬 Function 429: MSE = 0.830087
🔬 Function 430: MSE = 0.836045
🔬 Function 431: MSE = 0.830508
🔬 Function 432: MSE = 0.832774
🔬 Function 433: MSE = 0.830087
🔬 Function 434: MSE = 0.836045
🔬 Function 435: MSE = 0.830508
🔬 Function 436: MSE = 0.832774
🔬 Function 437: MSE = 0.830087
🔬 Function 438: MSE = 0.830508
🔬 Function 439: MSE = 0.836045
Execution error: invalid syntax (<string>, line 17)
🔬 Function 441: MSE = 0.830660
🔬 Function 442: MSE = 0.836045
🔬 Function 443: MSE = 0.830508
🔬 Function 444: MSE = 0.836045
🔬 Function 445: MSE = 0.830660
🔬 Function 446: MSE = 0.830508
🔬 Function 447: MSE = 0.836048
🔬 Function 448: MSE = 0.836045
🔬 Function 449: MSE = 0.830508
🔬 Function 450: MSE = 0.836048
🔬 Function 451: MSE = 0.830992
🔬 Function 452: MSE = 0.835895
🔬 Function 453: MSE = 0.830508
🔬 Function 454: MSE = 0.836048
🔬 Function 455: MSE = 0.830992
🔬 Function 456: MSE = 0.835895
🔬 Function 457: MSE = 0.828960
🔬 Function 458: MSE = 0.836048
🔬 Function 459: MSE = 0.830992
🔬 Function 460: MSE = 0.835895
🔬 Function 461: MSE = 0.828960
🔬 Function 462: MSE = 0.836048
🔬 Function 463: MSE = 0.830992
🔬 Function 464: MSE = 0.835895
🔬 Function 465: MSE = 0.828960
🔬 Function 466: MSE = 0.836048
🔬 Function 467: MSE = 0.830992
🔬 Function 468: MSE = 0.835895
🔬 Function 469: MSE = 0.828960
🔬 Function 470: MSE = 0.836048
🔬 Function 471: MSE = 0.830992
🔬 Function 472: MSE = 0.835895
🔬 Function 473: MSE = 0.828960
🔬 Function 474: MSE = 0.830992
🔬 Function 475: MSE = 0.836048
🔬 Function 476: MSE = 0.828960
🔬 Function 477: MSE = 0.835895
🔬 Function 478: MSE = 0.830992
🔬 Function 479: MSE = 0.837253
Execution error: invalid syntax (<string>, line 17)
🔬 Function 481: MSE = 0.837253
🔬 Function 482: MSE = 0.835895
🔬 Function 483: MSE = 0.835895
🔬 Function 484: MSE = 0.837253
🔬 Function 485: MSE = 0.837253
🔬 Function 486: MSE = 0.835895
🔬 Function 487: MSE = 0.835895
🔬 Function 488: MSE = 0.837253
🔬 Function 489: MSE = 0.837253
🔬 Function 490: MSE = 0.835895
🔬 Function 491: MSE = 0.835895
🔬 Function 492: MSE = 0.837253
🔬 Function 493: MSE = 0.835264
🔬 Function 494: MSE = 0.835895
🔬 Function 495: MSE = 0.835895
🔬 Function 496: MSE = 0.837253
🔬 Function 497: MSE = 0.837697
🔬 Function 498: MSE = 0.835895
🔬 Function 499: MSE = 0.835895
🔬 Function 500: MSE = 0.837253
🔬 Function 501: MSE = 0.837697
🔬 Function 502: MSE = 0.835895
🔬 Function 503: MSE = 0.836246
🔬 Function 504: MSE = 0.835895
🔬 Function 505: MSE = 0.837697
🔬 Function 506: MSE = 0.835895
🔬 Function 507: MSE = 0.836246
🔬 Function 508: MSE = 0.837651
🔬 Function 509: MSE = 0.837697
🔬 Function 510: MSE = 0.835895
🔬 Function 511: MSE = 0.836246
🔬 Function 512: MSE = 0.837651
🔬 Function 513: MSE = 0.837697
🔬 Function 514: MSE = 0.835895
🔬 Function 515: MSE = 0.836246
🔬 Function 516: MSE = 0.837651
🔬 Function 517: MSE = 0.837697
🔬 Function 518: MSE = 0.846883
🔬 Function 519: MSE = 0.836246
Execution error: invalid syntax (<string>, line 17)
🔬 Function 521: MSE = 0.848375
🔬 Function 522: MSE = 0.846883
🔬 Function 523: MSE = 0.807241
🔬 Function 524: MSE = 0.807241
🔬 Function 525: MSE = 0.846883
🔬 Function 526: MSE = 0.848375
🔬 Function 527: MSE = 0.807241
🔬 Function 528: MSE = 0.807241
🔬 Function 529: MSE = 0.848375
🔬 Function 530: MSE = 0.846883
🔬 Function 531: MSE = 0.817689
🔬 Function 532: MSE = 0.807241
🔬 Function 533: MSE = 0.848375
🔬 Function 534: MSE = 0.807241
🔬 Function 535: MSE = 0.817689
🔬 Function 536: MSE = 0.846883
🔬 Function 537: MSE = 0.833336
🔬 Function 538: MSE = 0.817681
🔬 Function 539: MSE = 0.846883
🔬 Function 540: MSE = 0.807241
🔬 Function 541: MSE = 0.833336
🔬 Function 542: MSE = 0.817681
🔬 Function 543: MSE = 0.846883
🔬 Function 544: MSE = 0.807241
🔬 Function 545: MSE = 0.808457
🔬 Function 546: MSE = 0.833336
🔬 Function 547: MSE = 0.846883
🔬 Function 548: MSE = 0.807241
🔬 Function 549: MSE = 0.807265
🔬 Function 550: MSE = 0.833336
🔬 Function 551: MSE = 0.846883
🔬 Function 552: MSE = 0.807241
🔬 Function 553: MSE = 0.807265
🔬 Function 554: MSE = 0.834658
🔬 Function 555: MSE = 0.846883
🔬 Function 556: MSE = 0.807241
Execution error: invalid syntax (<string>, line 16)
🔬 Function 558: MSE = 0.807265
🔬 Function 559: MSE = 0.846883
Execution error: invalid syntax (<string>, line 17)
🔬 Function 561: MSE = 0.807265
🔬 Function 562: MSE = 0.807265
🔬 Function 563: MSE = 0.807241
🔬 Function 564: MSE = 0.807241
🔬 Function 565: MSE = 0.807265
🔬 Function 566: MSE = 0.807264
🔬 Function 567: MSE = 0.807241
🔬 Function 568: MSE = 0.807241
🔬 Function 569: MSE = 0.818083
🔬 Function 570: MSE = 0.807264
🔬 Function 571: MSE = 0.812336
🔬 Function 572: MSE = 0.808462
🔬 Function 573: MSE = inf
🔬 Function 574: MSE = 0.812336
🔬 Function 575: MSE = 0.818083
🔬 Function 576: MSE = 0.808457
🔬 Function 577: MSE = inf
🔬 Function 578: MSE = 0.812336
🔬 Function 579: MSE = 0.808457
🔬 Function 580: MSE = 0.818083
🔬 Function 581: MSE = 0.812336
🔬 Function 582: MSE = inf
🔬 Function 583: MSE = 0.818083
🔬 Function 584: MSE = 0.820020
🔬 Function 585: MSE = 0.812336
🔬 Function 586: MSE = 0.820020
🔬 Function 587: MSE = 0.818083
🔬 Function 588: MSE = inf
🔬 Function 589: MSE = 0.820020
🔬 Function 590: MSE = inf
🔬 Function 591: MSE = 0.818083
🔬 Function 592: MSE = 0.812336
🔬 Function 593: MSE = 0.820020
🔬 Function 594: MSE = inf
🔬 Function 595: MSE = 0.812336
🔬 Function 596: MSE = 0.818083
🔬 Function 597: MSE = 0.820020
🔬 Function 598: MSE = inf
Execution error: invalid character '⚠' (U+26A0) (<string>, line 16)
Execution error: invalid syntax (<string>, line 16)
🔬 Function 601: MSE = 0.820020
🔬 Function 602: MSE = 0.812336
🔬 Function 603: MSE = 0.819941
🔬 Function 604: MSE = 0.812336
🔬 Function 605: MSE = 0.825918
🔬 Function 606: MSE = 0.812336
🔬 Function 607: MSE = 0.820020
🔬 Function 608: MSE = 0.812336
🔬 Function 609: MSE = 0.825918
🔬 Function 610: MSE = 0.812962
🔬 Function 611: MSE = 0.820020
🔬 Function 612: MSE = 0.812336
🔬 Function 613: MSE = 0.833800
🔬 Function 614: MSE = 0.812962
🔬 Function 615: MSE = 0.820020
🔬 Function 616: MSE = 0.812336
🔬 Function 617: MSE = 0.833800
🔬 Function 618: MSE = 0.812962
🔬 Function 619: MSE = 0.820020
🔬 Function 620: MSE = 0.812336
🔬 Function 621: MSE = 0.833995
🔬 Function 622: MSE = 0.820020
🔬 Function 623: MSE = 0.812962
🔬 Function 624: MSE = 0.812336
🔬 Function 625: MSE = 0.833995
🔬 Function 626: MSE = inf
🔬 Function 627: MSE = 0.812931
🔬 Function 628: MSE = 0.812336
🔬 Function 629: MSE = 0.833995
🔬 Function 630: MSE = inf
🔬 Function 631: MSE = 0.813671
🔬 Function 632: MSE = 0.812336
🔬 Function 633: MSE = 0.833995
🔬 Function 634: MSE = inf
🔬 Function 635: MSE = 0.812336
🔬 Function 636: MSE = 0.813671
Execution error: invalid syntax (<string>, line 16)
🔬 Function 638: MSE = inf
Execution error: invalid character '⚠' (U+26A0) (<string>, line 16)
Execution error: invalid syntax (<string>, line 17)
🔬 Function 641: MSE = 0.813671
🔬 Function 642: MSE = inf
🔬 Function 643: MSE = inf
🔬 Function 644: MSE = 0.813671
🔬 Function 645: MSE = 0.813671
🔬 Function 646: MSE = inf
🔬 Function 647: MSE = 0.807168
🔬 Function 648: MSE = inf
🔬 Function 649: MSE = 0.820423
🔬 Function 650: MSE = inf
🔬 Function 651: MSE = inf
🔬 Function 652: MSE = 0.807168
🔬 Function 653: MSE = 0.820423
🔬 Function 654: MSE = inf
🔬 Function 655: MSE = inf
🔬 Function 656: MSE = 0.808822
🔬 Function 657: MSE = 0.806047
🔬 Function 658: MSE = inf
🔬 Function 659: MSE = inf
🔬 Function 660: MSE = 0.808822
🔬 Function 661: MSE = 0.806047
🔬 Function 662: MSE = inf
🔬 Function 663: MSE = inf
🔬 Function 664: MSE = 0.808822
🔬 Function 665: MSE = 0.806047
🔬 Function 666: MSE = inf
🔬 Function 667: MSE = inf
🔬 Function 668: MSE = 0.808822
🔬 Function 669: MSE = 0.806047
🔬 Function 670: MSE = inf
🔬 Function 671: MSE = inf
🔬 Function 672: MSE = 0.811021
🔬 Function 673: MSE = 0.808822
🔬 Function 674: MSE = inf
🔬 Function 675: MSE = inf
Execution error: invalid syntax (<string>, line 16)
Execution error: invalid syntax (<string>, line 16)
🔬 Function 678: MSE = 0.808822
🔬 Function 679: MSE = inf
Execution error: invalid syntax (<string>, line 18)
🔬 Function 681: MSE = 0.811021
🔬 Function 682: MSE = inf
🔬 Function 683: MSE = 0.811021
🔬 Function 684: MSE = 0.842769
🔬 Function 685: MSE = 0.811021
🔬 Function 686: MSE = inf
🔬 Function 687: MSE = 0.842769
🔬 Function 688: MSE = 0.811021
🔬 Function 689: MSE = 0.842769
🔬 Function 690: MSE = 0.811021
🔬 Function 691: MSE = inf
🔬 Function 692: MSE = 0.811021
🔬 Function 693: MSE = 0.811021
🔬 Function 694: MSE = 0.844063
🔬 Function 695: MSE = inf
🔬 Function 696: MSE = 0.811021
🔬 Function 697: MSE = 0.844063
🔬 Function 698: MSE = 0.811021
🔬 Function 699: MSE = inf
🔬 Function 700: MSE = 0.811021
🔬 Function 701: MSE = 0.811021
🔬 Function 702: MSE = 0.844063
🔬 Function 703: MSE = 0.811021
🔬 Function 704: MSE = inf
🔬 Function 705: MSE = 0.811021
🔬 Function 706: MSE = 0.844063
🔬 Function 707: MSE = 0.811021
🔬 Function 708: MSE = inf
🔬 Function 709: MSE = 0.811021
🔬 Function 710: MSE = 0.844063
🔬 Function 711: MSE = 0.811021
🔬 Function 712: MSE = inf
🔬 Function 713: MSE = 0.844063
🔬 Function 714: MSE = 0.811021
🔬 Function 715: MSE = 0.811021
🔬 Function 716: MSE = inf
Execution error: invalid syntax (<string>, line 16)
🔬 Function 718: MSE = 0.811021
🔬 Function 719: MSE = 0.811021
Execution error: invalid syntax (<string>, line 17)
🔬 Function 721: MSE = 0.844063
🔬 Function 722: MSE = 0.844063
🔬 Function 723: MSE = inf
🔬 Function 724: MSE = inf
🔬 Function 725: MSE = 0.844064
🔬 Function 726: MSE = 0.844063
🔬 Function 727: MSE = inf
🔬 Function 728: MSE = inf
🔬 Function 729: MSE = 0.844064
🔬 Function 730: MSE = 0.844063
🔬 Function 731: MSE = inf
🔬 Function 732: MSE = inf
🔬 Function 733: MSE = 0.844063
🔬 Function 734: MSE = 0.844064
🔬 Function 735: MSE = inf
🔬 Function 736: MSE = inf
🔬 Function 737: MSE = inf
🔬 Function 738: MSE = 0.844063
🔬 Function 739: MSE = inf
🔬 Function 740: MSE = inf
🔬 Function 741: MSE = inf
🔬 Function 742: MSE = inf
🔬 Function 743: MSE = 0.844063
🔬 Function 744: MSE = inf
🔬 Function 745: MSE = inf
🔬 Function 746: MSE = 0.844063
🔬 Function 747: MSE = inf
🔬 Function 748: MSE = inf
🔬 Function 749: MSE = 0.844063
🔬 Function 750: MSE = inf
🔬 Function 751: MSE = inf
🔬 Function 752: MSE = inf
🔬 Function 753: MSE = inf
🔬 Function 754: MSE = 0.844063
🔬 Function 755: MSE = inf
🔬 Function 756: MSE = inf
Execution error: invalid character '⚠' (U+26A0) (<string>, line 16)
Execution error: invalid character '⚠' (U+26A0) (<string>, line 16)
🔬 Function 759: MSE = 0.844063
Execution error: invalid syntax (<string>, line 17)
🔬 Function 761: MSE = inf
🔬 Function 762: MSE = inf
🔬 Function 763: MSE = inf
🔬 Function 764: MSE = inf
🔬 Function 765: MSE = inf
🔬 Function 766: MSE = inf
🔬 Function 767: MSE = inf
🔬 Function 768: MSE = inf
🔬 Function 769: MSE = inf
🔬 Function 770: MSE = 0.841510
🔬 Function 771: MSE = inf
🔬 Function 772: MSE = inf
🔬 Function 773: MSE = inf
🔬 Function 774: MSE = 0.841510
🔬 Function 775: MSE = inf
🔬 Function 776: MSE = inf
🔬 Function 777: MSE = inf
🔬 Function 778: MSE = inf
🔬 Function 779: MSE = inf
🔬 Function 780: MSE = inf
🔬 Function 781: MSE = inf
🔬 Function 782: MSE = inf
🔬 Function 783: MSE = inf
🔬 Function 784: MSE = inf
🔬 Function 785: MSE = inf
🔬 Function 786: MSE = inf
🔬 Function 787: MSE = inf
🔬 Function 788: MSE = inf
🔬 Function 789: MSE = inf
🔬 Function 790: MSE = inf
🔬 Function 791: MSE = inf
🔬 Function 792: MSE = inf
🔬 Function 793: MSE = inf
🔬 Function 794: MSE = inf
Execution error: invalid syntax (<string>, line 16)
🔬 Function 796: MSE = inf
🔬 Function 797: MSE = inf
🔬 Function 798: MSE = inf
🔬 Function 799: MSE = inf
Execution error: invalid syntax (<string>, line 17)
🔬 Function 801: MSE = inf
🔬 Function 802: MSE = inf
🔬 Function 803: MSE = inf
🔬 Function 804: MSE = inf
🔬 Function 805: MSE = inf
🔬 Function 806: MSE = inf
🔬 Function 807: MSE = 0.849552
🔬 Function 808: MSE = inf
🔬 Function 809: MSE = inf
🔬 Function 810: MSE = inf
🔬 Function 811: MSE = inf
🔬 Function 812: MSE = inf
🔬 Function 813: MSE = inf
🔬 Function 814: MSE = 0.851458
🔬 Function 815: MSE = inf
🔬 Function 816: MSE = 0.854869
🔬 Function 817: MSE = inf
🔬 Function 818: MSE = inf
🔬 Function 819: MSE = inf
🔬 Function 820: MSE = inf
🔬 Function 821: MSE = 0.845576
🔬 Function 822: MSE = inf
🔬 Function 823: MSE = inf
🔬 Function 824: MSE = inf
🔬 Function 825: MSE = 0.831076
🔬 Function 826: MSE = inf
🔬 Function 827: MSE = inf
🔬 Function 828: MSE = inf
🔬 Function 829: MSE = inf
🔬 Function 830: MSE = 0.831432
🔬 Function 831: MSE = inf
🔬 Function 832: MSE = inf
🔬 Function 833: MSE = inf
🔬 Function 834: MSE = inf
🔬 Function 835: MSE = inf
🔬 Function 836: MSE = inf
🔬 Function 837: MSE = inf
Execution error: invalid syntax (<string>, line 16)
🔬 Function 839: MSE = 0.864485
Execution error: invalid syntax (<string>, line 17)
🔬 Function 841: MSE = inf
🔬 Function 842: MSE = inf
🔬 Function 843: MSE = inf
🔬 Function 844: MSE = inf
🔬 Function 845: MSE = inf
🔬 Function 846: MSE = inf
🔬 Function 847: MSE = inf
🔬 Function 848: MSE = inf
🔬 Function 849: MSE = inf
🔬 Function 850: MSE = inf
🔬 Function 851: MSE = inf
🔬 Function 852: MSE = inf
🔬 Function 853: MSE = inf
🔬 Function 854: MSE = inf
🔬 Function 855: MSE = inf
🔬 Function 856: MSE = inf
🔬 Function 857: MSE = inf
🔬 Function 858: MSE = inf
🔬 Function 859: MSE = inf
🔬 Function 860: MSE = 0.861626
🔬 Function 861: MSE = inf
🔬 Function 862: MSE = inf
🔬 Function 863: MSE = inf
🔬 Function 864: MSE = 0.855781
🔬 Function 865: MSE = inf
🔬 Function 866: MSE = inf
🔬 Function 867: MSE = inf
🔬 Function 868: MSE = inf
🔬 Function 869: MSE = inf
🔬 Function 870: MSE = inf
🔬 Function 871: MSE = inf
🔬 Function 872: MSE = inf
🔬 Function 873: MSE = inf
🔬 Function 874: MSE = inf
🔬 Function 875: MSE = 0.855495
🔬 Function 876: MSE = inf
🔬 Function 877: MSE = inf
🔬 Function 878: MSE = inf
🔬 Function 879: MSE = 0.847095
Execution error: invalid syntax (<string>, line 17)
🔬 Function 881: MSE = inf
🔬 Function 882: MSE = inf
🔬 Function 883: MSE = inf
🔬 Function 884: MSE = inf
🔬 Function 885: MSE = 0.849202
🔬 Function 886: MSE = 0.866231
🔬 Function 887: MSE = 0.865626
🔬 Function 888: MSE = 0.848663
🔬 Function 889: MSE = inf
🔬 Function 890: MSE = inf
🔬 Function 891: MSE = inf
🔬 Function 892: MSE = inf
🔬 Function 893: MSE = inf
🔬 Function 894: MSE = inf
🔬 Function 895: MSE = inf
🔬 Function 896: MSE = 0.849299
🔬 Function 897: MSE = inf
🔬 Function 898: MSE = inf
🔬 Function 899: MSE = inf
🔬 Function 900: MSE = inf
🔬 Function 901: MSE = inf
🔬 Function 902: MSE = inf
🔬 Function 903: MSE = 0.847837
🔬 Function 904: MSE = inf
🔬 Function 905: MSE = 0.846019
🔬 Function 906: MSE = inf
🔬 Function 907: MSE = 0.892007
🔬 Function 908: MSE = inf
🔬 Function 909: MSE = inf
🔬 Function 910: MSE = 0.865401
🔬 Function 911: MSE = inf
🔬 Function 912: MSE = inf
🔬 Function 913: MSE = inf
🔬 Function 914: MSE = inf
🔬 Function 915: MSE = inf
🔬 Function 916: MSE = inf
🔬 Function 917: MSE = 0.850513
🔬 Function 918: MSE = inf
🔬 Function 919: MSE = inf
Execution error: invalid syntax (<string>, line 17)
🔬 Function 921: MSE = inf
🔬 Function 922: MSE = inf
🔬 Function 923: MSE = 0.878282
🔬 Function 924: MSE = inf
🔬 Function 925: MSE = inf
🔬 Function 926: MSE = inf
🔬 Function 927: MSE = inf
🔬 Function 928: MSE = inf
🔬 Function 929: MSE = inf
🔬 Function 930: MSE = 0.854708
🔬 Function 931: MSE = inf
🔬 Function 932: MSE = 0.857631
🔬 Function 933: MSE = inf
🔬 Function 934: MSE = inf
🔬 Function 935: MSE = 0.855316
🔬 Function 936: MSE = inf
🔬 Function 937: MSE = inf
🔬 Function 938: MSE = inf
🔬 Function 939: MSE = 0.866678
🔬 Function 940: MSE = inf
🔬 Function 941: MSE = inf
🔬 Function 942: MSE = inf
🔬 Function 943: MSE = inf
🔬 Function 944: MSE = 0.892430
🔬 Function 945: MSE = inf
🔬 Function 946: MSE = inf
🔬 Function 947: MSE = inf
🔬 Function 948: MSE = inf
🔬 Function 949: MSE = 0.849417
🔬 Function 950: MSE = inf
🔬 Function 951: MSE = 0.861443
🔬 Function 952: MSE = 0.850861
🔬 Function 953: MSE = inf
🔬 Function 954: MSE = inf
🔬 Function 955: MSE = inf
🔬 Function 956: MSE = inf
Execution error: invalid syntax (<string>, line 16)
🔬 Function 958: MSE = inf
🔬 Function 959: MSE = inf
Execution error: invalid syntax (<string>, line 17)
🔬 Function 961: MSE = inf
🔬 Function 962: MSE = inf
🔬 Function 963: MSE = inf
🔬 Function 964: MSE = inf
🔬 Function 965: MSE = inf
🔬 Function 966: MSE = inf
🔬 Function 967: MSE = 0.846370
🔬 Function 968: MSE = inf
🔬 Function 969: MSE = inf
🔬 Function 970: MSE = inf
🔬 Function 971: MSE = inf
🔬 Function 972: MSE = inf
🔬 Function 973: MSE = inf
🔬 Function 974: MSE = inf
🔬 Function 975: MSE = inf
🔬 Function 976: MSE = inf
🔬 Function 977: MSE = inf
🔬 Function 978: MSE = inf
🔬 Function 979: MSE = 0.866181
🔬 Function 980: MSE = inf
🔬 Function 981: MSE = inf
🔬 Function 982: MSE = 0.859756
🔬 Function 983: MSE = inf
🔬 Function 984: MSE = inf
🔬 Function 985: MSE = inf
🔬 Function 986: MSE = inf
🔬 Function 987: MSE = 0.871012
🔬 Function 988: MSE = 0.863584
🔬 Function 989: MSE = inf
🔬 Function 990: MSE = inf
🔬 Function 991: MSE = 0.865289
🔬 Function 992: MSE = inf
🔬 Function 993: MSE = inf
🔬 Function 994: MSE = inf
🔬 Function 995: MSE = inf
🔬 Function 996: MSE = inf
🔬 Function 997: MSE = inf
Execution error: invalid character '⚠' (U+26A0) (<string>, line 16)
Execution error: invalid character '⚠' (U+26A0) (<string>, line 17)
Execution error: invalid syntax (<string>, line 18)
🔬 Function 1001: MSE = 0.875185
🔬 Function 1002: MSE = inf
🔬 Function 1003: MSE = 0.897372
🔬 Function 1004: MSE = inf
🔬 Function 1005: MSE = inf
🔬 Function 1006: MSE = 0.876215
🔬 Function 1007: MSE = inf
🔬 Function 1008: MSE = inf
🔬 Function 1009: MSE = inf
🔬 Function 1010: MSE = inf
🔬 Function 1011: MSE = inf
🔬 Function 1012: MSE = inf
🔬 Function 1013: MSE = 0.867992
🔬 Function 1014: MSE = inf
🔬 Function 1015: MSE = inf
🔬 Function 1016: MSE = inf
🔬 Function 1017: MSE = 0.860577
🔬 Function 1018: MSE = inf
🔬 Function 1019: MSE = inf
🔬 Function 1020: MSE = inf
🔬 Function 1021: MSE = inf
🔬 Function 1022: MSE = inf
🔬 Function 1023: MSE = inf
🔬 Function 1024: MSE = inf
🔬 Function 1025: MSE = inf
🔬 Function 1026: MSE = inf
🔬 Function 1027: MSE = 0.865924
🔬 Function 1028: MSE = 0.876460
🔬 Function 1029: MSE = 0.868592
🔬 Function 1030: MSE = inf
🔬 Function 1031: MSE = 0.861500
🔬 Function 1032: MSE = 0.870515
🔬 Function 1033: MSE = inf
🔬 Function 1034: MSE = inf
🔬 Function 1035: MSE = inf
Execution error: invalid character '⚠' (U+26A0) (<string>, line 16)
🔬 Function 1037: MSE = inf
🔬 Function 1038: MSE = inf
🔬 Function 1039: MSE = inf
Execution error: invalid syntax (<string>, line 18)
🔬 Function 1041: MSE = 0.857167
🔬 Function 1042: MSE = inf
🔬 Function 1043: MSE = inf
🔬 Function 1044: MSE = inf
🔬 Function 1045: MSE = inf
🔬 Function 1046: MSE = inf
🔬 Function 1047: MSE = inf
🔬 Function 1048: MSE = 0.868320
🔬 Function 1049: MSE = inf
🔬 Function 1050: MSE = 0.888103
🔬 Function 1051: MSE = 0.852304
🔬 Function 1052: MSE = inf
🔬 Function 1053: MSE = inf
🔬 Function 1054: MSE = inf
🔬 Function 1055: MSE = inf
🔬 Function 1056: MSE = inf
🔬 Function 1057: MSE = inf
🔬 Function 1058: MSE = inf
🔬 Function 1059: MSE = inf
🔬 Function 1060: MSE = 0.864081
🔬 Function 1061: MSE = inf
🔬 Function 1062: MSE = 0.863646
🔬 Function 1063: MSE = 0.873062
🔬 Function 1064: MSE = inf
🔬 Function 1065: MSE = inf
🔬 Function 1066: MSE = inf
🔬 Function 1067: MSE = inf
🔬 Function 1068: MSE = inf
🔬 Function 1069: MSE = inf
🔬 Function 1070: MSE = inf
🔬 Function 1071: MSE = inf
🔬 Function 1072: MSE = inf
🔬 Function 1073: MSE = inf
🔬 Function 1074: MSE = inf
🔬 Function 1075: MSE = inf
Execution error: invalid character '⚠' (U+26A0) (<string>, line 16)
🔬 Function 1077: MSE = inf
Execution error: invalid syntax (<string>, line 16)
🔬 Function 1079: MSE = inf
Execution error: invalid syntax (<string>, line 18)
🔬 Function 1081: MSE = inf
🔬 Function 1082: MSE = inf
🔬 Function 1083: MSE = inf
🔬 Function 1084: MSE = 0.850814
🔬 Function 1085: MSE = inf
🔬 Function 1086: MSE = inf
🔬 Function 1087: MSE = 0.857926
🔬 Function 1088: MSE = inf
🔬 Function 1089: MSE = inf
🔬 Function 1090: MSE = inf
🔬 Function 1091: MSE = inf
🔬 Function 1092: MSE = inf
🔬 Function 1093: MSE = inf
🔬 Function 1094: MSE = inf
🔬 Function 1095: MSE = inf
🔬 Function 1096: MSE = 0.884907
🔬 Function 1097: MSE = inf
🔬 Function 1098: MSE = inf
🔬 Function 1099: MSE = inf
🔬 Function 1100: MSE = inf
🔬 Function 1101: MSE = inf
🔬 Function 1102: MSE = inf
🔬 Function 1103: MSE = inf
🔬 Function 1104: MSE = inf
🔬 Function 1105: MSE = inf
🔬 Function 1106: MSE = inf
🔬 Function 1107: MSE = 0.853787
🔬 Function 1108: MSE = inf
🔬 Function 1109: MSE = inf
🔬 Function 1110: MSE = inf
🔬 Function 1111: MSE = inf
🔬 Function 1112: MSE = inf
🔬 Function 1113: MSE = inf
🔬 Function 1114: MSE = inf
🔬 Function 1115: MSE = 0.862087
🔬 Function 1116: MSE = inf
🔬 Function 1117: MSE = 0.859444
Execution error: invalid character '⚠' (U+26A0) (<string>, line 16)
🔬 Function 1119: MSE = 0.854455
Execution error: invalid syntax (<string>, line 17)
🔬 Function 1121: MSE = inf
🔬 Function 1122: MSE = inf
🔬 Function 1123: MSE = inf
🔬 Function 1124: MSE = inf
🔬 Function 1125: MSE = inf
🔬 Function 1126: MSE = inf
🔬 Function 1127: MSE = 0.874381
🔬 Function 1128: MSE = inf
🔬 Function 1129: MSE = 0.858443
🔬 Function 1130: MSE = inf
🔬 Function 1131: MSE = inf
🔬 Function 1132: MSE = inf
🔬 Function 1133: MSE = inf
🔬 Function 1134: MSE = inf
🔬 Function 1135: MSE = inf
🔬 Function 1136: MSE = inf
🔬 Function 1137: MSE = inf
🔬 Function 1138: MSE = 0.859587
🔬 Function 1139: MSE = inf
🔬 Function 1140: MSE = inf
🔬 Function 1141: MSE = inf
🔬 Function 1142: MSE = 0.869901
🔬 Function 1143: MSE = inf
🔬 Function 1144: MSE = 0.898922
🔬 Function 1145: MSE = inf
🔬 Function 1146: MSE = inf
🔬 Function 1147: MSE = inf
🔬 Function 1148: MSE = inf
🔬 Function 1149: MSE = inf
🔬 Function 1150: MSE = inf
🔬 Function 1151: MSE = inf
🔬 Function 1152: MSE = inf
🔬 Function 1153: MSE = 0.852177
🔬 Function 1154: MSE = 0.864734
🔬 Function 1155: MSE = inf
🔬 Function 1156: MSE = inf
🔬 Function 1157: MSE = inf
Execution error: invalid syntax (<string>, line 16)
🔬 Function 1159: MSE = 0.852751
Execution error: invalid syntax (<string>, line 17)
🔬 Function 1161: MSE = inf
🔬 Function 1162: MSE = inf
🔬 Function 1163: MSE = 0.866773
🔬 Function 1164: MSE = inf
🔬 Function 1165: MSE = inf
🔬 Function 1166: MSE = inf
🔬 Function 1167: MSE = inf
🔬 Function 1168: MSE = inf
🔬 Function 1169: MSE = inf
🔬 Function 1170: MSE = 0.856147
🔬 Function 1171: MSE = inf
🔬 Function 1172: MSE = 0.867509
🔬 Function 1173: MSE = inf
🔬 Function 1174: MSE = 0.855938
🔬 Function 1175: MSE = inf
🔬 Function 1176: MSE = inf
🔬 Function 1177: MSE = inf
🔬 Function 1178: MSE = 0.853306
🔬 Function 1179: MSE = inf
🔬 Function 1180: MSE = 0.858100
🔬 Function 1181: MSE = 0.854591
🔬 Function 1182: MSE = inf
🔬 Function 1183: MSE = inf
🔬 Function 1184: MSE = inf
🔬 Function 1185: MSE = 0.856271
🔬 Function 1186: MSE = inf
🔬 Function 1187: MSE = inf
🔬 Function 1188: MSE = inf
🔬 Function 1189: MSE = inf
🔬 Function 1190: MSE = inf
🔬 Function 1191: MSE = inf
🔬 Function 1192: MSE = inf
🔬 Function 1193: MSE = inf
🔬 Function 1194: MSE = inf
🔬 Function 1195: MSE = inf
🔬 Function 1196: MSE = inf
🔬 Function 1197: MSE = inf
🔬 Function 1198: MSE = inf
🔬 Function 1199: MSE = inf
Execution error: invalid syntax (<string>, line 17)
🔬 Function 1201: MSE = inf
🔬 Function 1202: MSE = inf
🔬 Function 1203: MSE = inf
🔬 Function 1204: MSE = inf
🔬 Function 1205: MSE = 0.856601
🔬 Function 1206: MSE = 0.857131
🔬 Function 1207: MSE = inf
🔬 Function 1208: MSE = inf
🔬 Function 1209: MSE = inf
🔬 Function 1210: MSE = inf
🔬 Function 1211: MSE = inf
🔬 Function 1212: MSE = 1.647125
🔬 Function 1213: MSE = inf
🔬 Function 1214: MSE = inf
🔬 Function 1215: MSE = inf
🔬 Function 1216: MSE = inf
🔬 Function 1217: MSE = inf
🔬 Function 1218: MSE = inf
🔬 Function 1219: MSE = inf
🔬 Function 1220: MSE = inf
🔬 Function 1221: MSE = inf
🔬 Function 1222: MSE = inf
🔬 Function 1223: MSE = inf
🔬 Function 1224: MSE = inf
🔬 Function 1225: MSE = inf
🔬 Function 1226: MSE = 0.859663
🔬 Function 1227: MSE = inf
🔬 Function 1228: MSE = inf
🔬 Function 1229: MSE = inf
🔬 Function 1230: MSE = inf
🔬 Function 1231: MSE = 0.856983
🔬 Function 1232: MSE = 0.852380
🔬 Function 1233: MSE = inf
🔬 Function 1234: MSE = inf
Execution error: invalid syntax (<string>, line 16)
Execution error: invalid character '⚠' (U+26A0) (<string>, line 16)
🔬 Function 1237: MSE = 0.855270
🔬 Function 1238: MSE = 0.888530
Execution error: invalid character '⚠' (U+26A0) (<string>, line 16)
Execution error: invalid syntax (<string>, line 17)
🔬 Function 1241: MSE = 0.852366
🔬 Function 1242: MSE = inf
🔬 Function 1243: MSE = inf
🔬 Function 1244: MSE = 0.857491
🔬 Function 1245: MSE = inf
🔬 Function 1246: MSE = 0.854293
🔬 Function 1247: MSE = 0.869596
🔬 Function 1248: MSE = inf
🔬 Function 1249: MSE = inf
🔬 Function 1250: MSE = inf
🔬 Function 1251: MSE = 0.859375
🔬 Function 1252: MSE = inf
🔬 Function 1253: MSE = inf
🔬 Function 1254: MSE = inf
🔬 Function 1255: MSE = 0.858454
🔬 Function 1256: MSE = inf
🔬 Function 1257: MSE = inf
🔬 Function 1258: MSE = 0.862625
🔬 Function 1259: MSE = inf
🔬 Function 1260: MSE = inf
🔬 Function 1261: MSE = inf
🔬 Function 1262: MSE = inf
🔬 Function 1263: MSE = inf
🔬 Function 1264: MSE = inf
🔬 Function 1265: MSE = inf
🔬 Function 1266: MSE = inf
🔬 Function 1267: MSE = inf
🔬 Function 1268: MSE = inf
🔬 Function 1269: MSE = inf
🔬 Function 1270: MSE = inf
🔬 Function 1271: MSE = 0.854614
🔬 Function 1272: MSE = 0.886177
🔬 Function 1273: MSE = 0.853407
🔬 Function 1274: MSE = inf
🔬 Function 1275: MSE = inf
Execution error: invalid syntax (<string>, line 16)
🔬 Function 1277: MSE = inf
Execution error: invalid character '⚠' (U+26A0) (<string>, line 16)
🔬 Function 1279: MSE = inf
Execution error: invalid syntax (<string>, line 17)
🔬 Function 1281: MSE = inf
🔬 Function 1282: MSE = inf
🔬 Function 1283: MSE = inf
🔬 Function 1284: MSE = 0.860782
🔬 Function 1285: MSE = inf
🔬 Function 1286: MSE = inf
🔬 Function 1287: MSE = inf
🔬 Function 1288: MSE = inf
🔬 Function 1289: MSE = inf
🔬 Function 1290: MSE = inf
🔬 Function 1291: MSE = inf
🔬 Function 1292: MSE = inf
🔬 Function 1293: MSE = inf
🔬 Function 1294: MSE = inf
🔬 Function 1295: MSE = inf
🔬 Function 1296: MSE = inf
🔬 Function 1297: MSE = 0.856708
🔬 Function 1298: MSE = inf
🔬 Function 1299: MSE = inf
🔬 Function 1300: MSE = inf
🔬 Function 1301: MSE = inf
🔬 Function 1302: MSE = inf
🔬 Function 1303: MSE = 0.861857
🔬 Function 1304: MSE = inf
🔬 Function 1305: MSE = 0.863832
🔬 Function 1306: MSE = inf
🔬 Function 1307: MSE = inf
🔬 Function 1308: MSE = inf
🔬 Function 1309: MSE = inf
🔬 Function 1310: MSE = inf
🔬 Function 1311: MSE = inf
🔬 Function 1312: MSE = 0.863917
🔬 Function 1313: MSE = 0.857151
🔬 Function 1314: MSE = 1.642091
🔬 Function 1315: MSE = 0.862892
Execution error: invalid syntax (<string>, line 16)
🔬 Function 1317: MSE = 0.851173
🔬 Function 1318: MSE = inf
Execution error: invalid character '⚠' (U+26A0) (<string>, line 16)
Execution error: invalid syntax (<string>, line 17)
🔬 Function 1321: MSE = inf
🔬 Function 1322: MSE = inf
🔬 Function 1323: MSE = inf
🔬 Function 1324: MSE = inf
🔬 Function 1325: MSE = inf
🔬 Function 1326: MSE = inf
🔬 Function 1327: MSE = inf
🔬 Function 1328: MSE = inf
🔬 Function 1329: MSE = 0.863529
🔬 Function 1330: MSE = inf
🔬 Function 1331: MSE = inf
🔬 Function 1332: MSE = inf
🔬 Function 1333: MSE = inf
🔬 Function 1334: MSE = inf
🔬 Function 1335: MSE = inf
🔬 Function 1336: MSE = inf
🔬 Function 1337: MSE = inf
🔬 Function 1338: MSE = inf
🔬 Function 1339: MSE = inf
🔬 Function 1340: MSE = inf
🔬 Function 1341: MSE = inf
🔬 Function 1342: MSE = inf
🔬 Function 1343: MSE = inf
🔬 Function 1344: MSE = inf
🔬 Function 1345: MSE = inf
🔬 Function 1346: MSE = inf
🔬 Function 1347: MSE = 0.867368
🔬 Function 1348: MSE = inf
🔬 Function 1349: MSE = inf
🔬 Function 1350: MSE = inf
🔬 Function 1351: MSE = inf
🔬 Function 1352: MSE = inf
🔬 Function 1353: MSE = 0.858286
🔬 Function 1354: MSE = inf
🔬 Function 1355: MSE = inf
🔬 Function 1356: MSE = inf
🔬 Function 1357: MSE = inf
Execution error: invalid syntax (<string>, line 16)
🔬 Function 1359: MSE = inf
Execution error: invalid syntax (<string>, line 17)
🔬 Function 1361: MSE = inf
🔬 Function 1362: MSE = 0.861513
🔬 Function 1363: MSE = inf
🔬 Function 1364: MSE = inf
🔬 Function 1365: MSE = inf
🔬 Function 1366: MSE = inf
🔬 Function 1367: MSE = inf
🔬 Function 1368: MSE = inf
🔬 Function 1369: MSE = inf
🔬 Function 1370: MSE = inf
🔬 Function 1371: MSE = inf
🔬 Function 1372: MSE = inf
🔬 Function 1373: MSE = inf
🔬 Function 1374: MSE = 0.864093
🔬 Function 1375: MSE = 0.857478
🔬 Function 1376: MSE = inf
🔬 Function 1377: MSE = inf
🔬 Function 1378: MSE = 0.855621
🔬 Function 1379: MSE = inf
🔬 Function 1380: MSE = inf
🔬 Function 1381: MSE = inf
🔬 Function 1382: MSE = inf
🔬 Function 1383: MSE = inf
🔬 Function 1384: MSE = inf
🔬 Function 1385: MSE = 0.867215
🔬 Function 1386: MSE = inf
🔬 Function 1387: MSE = 0.854935
🔬 Function 1388: MSE = 0.861177
🔬 Function 1389: MSE = inf
🔬 Function 1390: MSE = inf
🔬 Function 1391: MSE = inf
🔬 Function 1392: MSE = inf
🔬 Function 1393: MSE = inf
🔬 Function 1394: MSE = inf
🔬 Function 1395: MSE = inf
🔬 Function 1396: MSE = inf
🔬 Function 1397: MSE = inf
🔬 Function 1398: MSE = inf
Execution error: invalid character '⚠' (U+26A0) (<string>, line 16)
Execution error: invalid syntax (<string>, line 17)
🔬 Function 1401: MSE = inf
🔬 Function 1402: MSE = inf
🔬 Function 1403: MSE = 0.852678
🔬 Function 1404: MSE = inf
🔬 Function 1405: MSE = inf
🔬 Function 1406: MSE = inf
🔬 Function 1407: MSE = inf
🔬 Function 1408: MSE = inf
🔬 Function 1409: MSE = 0.879590
🔬 Function 1410: MSE = inf
🔬 Function 1411: MSE = 0.877015
🔬 Function 1412: MSE = 0.865028
🔬 Function 1413: MSE = 0.868355
🔬 Function 1414: MSE = inf
🔬 Function 1415: MSE = inf
🔬 Function 1416: MSE = inf
🔬 Function 1417: MSE = 0.851664
🔬 Function 1418: MSE = inf
🔬 Function 1419: MSE = inf
🔬 Function 1420: MSE = inf
🔬 Function 1421: MSE = inf
🔬 Function 1422: MSE = inf
🔬 Function 1423: MSE = inf
🔬 Function 1424: MSE = inf
🔬 Function 1425: MSE = inf
🔬 Function 1426: MSE = inf
🔬 Function 1427: MSE = inf
🔬 Function 1428: MSE = inf
🔬 Function 1429: MSE = inf
🔬 Function 1430: MSE = inf
🔬 Function 1431: MSE = 0.864977
🔬 Function 1432: MSE = inf
🔬 Function 1433: MSE = inf
Execution error: invalid character '⚠' (U+26A0) (<string>, line 16)
🔬 Function 1435: MSE = inf
🔬 Function 1436: MSE = 0.871968
🔬 Function 1437: MSE = 0.872732
🔬 Function 1438: MSE = inf
Execution error: invalid syntax (<string>, line 16)
Execution error: invalid syntax (<string>, line 17)
🔬 Function 1441: MSE = inf
🔬 Function 1442: MSE = inf
🔬 Function 1443: MSE = inf
🔬 Function 1444: MSE = 0.882717
🔬 Function 1445: MSE = 0.869751
🔬 Function 1446: MSE = inf
🔬 Function 1447: MSE = 0.873321
🔬 Function 1448: MSE = inf
🔬 Function 1449: MSE = inf
🔬 Function 1450: MSE = inf
🔬 Function 1451: MSE = inf
🔬 Function 1452: MSE = inf
🔬 Function 1453: MSE = inf
🔬 Function 1454: MSE = inf
🔬 Function 1455: MSE = inf
🔬 Function 1456: MSE = inf
🔬 Function 1457: MSE = inf
🔬 Function 1458: MSE = inf
🔬 Function 1459: MSE = inf
🔬 Function 1460: MSE = inf
🔬 Function 1461: MSE = inf
🔬 Function 1462: MSE = inf
🔬 Function 1463: MSE = inf
🔬 Function 1464: MSE = inf
🔬 Function 1465: MSE = inf
🔬 Function 1466: MSE = inf
🔬 Function 1467: MSE = inf
🔬 Function 1468: MSE = inf
🔬 Function 1469: MSE = inf
🔬 Function 1470: MSE = inf
🔬 Function 1471: MSE = inf
🔬 Function 1472: MSE = 0.878660
🔬 Function 1473: MSE = inf
🔬 Function 1474: MSE = inf
🔬 Function 1475: MSE = inf
🔬 Function 1476: MSE = inf
Execution error: invalid character '⚠' (U+26A0) (<string>, line 16)
🔬 Function 1478: MSE = inf
Execution error: invalid character '⚠' (U+26A0) (<string>, line 16)
Execution error: invalid syntax (<string>, line 17)
🔬 Function 1481: MSE = inf
🔬 Function 1482: MSE = inf
🔬 Function 1483: MSE = inf
🔬 Function 1484: MSE = inf
🔬 Function 1485: MSE = inf
🔬 Function 1486: MSE = inf
🔬 Function 1487: MSE = inf
🔬 Function 1488: MSE = inf
🔬 Function 1489: MSE = inf
🔬 Function 1490: MSE = inf
🔬 Function 1491: MSE = inf
🔬 Function 1492: MSE = inf
🔬 Function 1493: MSE = inf
🔬 Function 1494: MSE = inf
🔬 Function 1495: MSE = inf
🔬 Function 1496: MSE = inf
🔬 Function 1497: MSE = inf
🔬 Function 1498: MSE = 0.864006
🔬 Function 1499: MSE = 0.862283
🔬 Function 1500: MSE = inf
🔬 Function 1501: MSE = 0.867965
🔬 Function 1502: MSE = inf
🔬 Function 1503: MSE = inf
🔬 Function 1504: MSE = inf
🔬 Function 1505: MSE = inf
🔬 Function 1506: MSE = 0.914400
🔬 Function 1507: MSE = inf
🔬 Function 1508: MSE = inf
🔬 Function 1509: MSE = inf
🔬 Function 1510: MSE = 0.879542
🔬 Function 1511: MSE = 0.874931
🔬 Function 1512: MSE = inf
🔬 Function 1513: MSE = inf
🔬 Function 1514: MSE = inf
🔬 Function 1515: MSE = inf
🔬 Function 1516: MSE = inf
🔬 Function 1517: MSE = inf
Execution error: invalid character '⚠' (U+26A0) (<string>, line 16)
🔬 Function 1519: MSE = inf
Execution error: invalid syntax (<string>, line 17)
🔬 Function 1521: MSE = inf
🔬 Function 1522: MSE = 0.872858
🔬 Function 1523: MSE = inf
🔬 Function 1524: MSE = 0.870712
🔬 Function 1525: MSE = inf
🔬 Function 1526: MSE = inf
🔬 Function 1527: MSE = 0.868043
🔬 Function 1528: MSE = 0.876600
🔬 Function 1529: MSE = 0.872468
🔬 Function 1530: MSE = 0.866748
🔬 Function 1531: MSE = inf
🔬 Function 1532: MSE = inf
🔬 Function 1533: MSE = inf
🔬 Function 1534: MSE = inf
🔬 Function 1535: MSE = inf
🔬 Function 1536: MSE = inf
🔬 Function 1537: MSE = inf
🔬 Function 1538: MSE = inf
🔬 Function 1539: MSE = inf
🔬 Function 1540: MSE = 0.862528
🔬 Function 1541: MSE = inf
🔬 Function 1542: MSE = 0.861878
🔬 Function 1543: MSE = inf
🔬 Function 1544: MSE = inf
🔬 Function 1545: MSE = inf
🔬 Function 1546: MSE = inf
🔬 Function 1547: MSE = inf
🔬 Function 1548: MSE = inf
🔬 Function 1549: MSE = inf
🔬 Function 1550: MSE = inf
🔬 Function 1551: MSE = inf
🔬 Function 1552: MSE = inf
🔬 Function 1553: MSE = inf
🔬 Function 1554: MSE = 0.863192
🔬 Function 1555: MSE = inf
Execution error: invalid syntax (<string>, line 16)
Execution error: invalid character '⚠' (U+26A0) (<string>, line 16)
🔬 Function 1558: MSE = 0.873822
🔬 Function 1559: MSE = inf
Execution error: invalid syntax (<string>, line 17)
🔬 Function 1561: MSE = 0.877413
🔬 Function 1562: MSE = inf
🔬 Function 1563: MSE = inf
🔬 Function 1564: MSE = inf
🔬 Function 1565: MSE = inf
🔬 Function 1566: MSE = inf
🔬 Function 1567: MSE = 0.866494
🔬 Function 1568: MSE = 0.869890
🔬 Function 1569: MSE = inf
🔬 Function 1570: MSE = 0.867698
🔬 Function 1571: MSE = inf
🔬 Function 1572: MSE = 0.903360
🔬 Function 1573: MSE = inf
🔬 Function 1574: MSE = 0.883391
🔬 Function 1575: MSE = inf
🔬 Function 1576: MSE = inf
🔬 Function 1577: MSE = inf
🔬 Function 1578: MSE = inf
🔬 Function 1579: MSE = inf
🔬 Function 1580: MSE = inf
🔬 Function 1581: MSE = inf
🔬 Function 1582: MSE = inf
🔬 Function 1583: MSE = inf
🔬 Function 1584: MSE = inf
🔬 Function 1585: MSE = inf
🔬 Function 1586: MSE = inf
🔬 Function 1587: MSE = inf
🔬 Function 1588: MSE = inf
🔬 Function 1589: MSE = inf
🔬 Function 1590: MSE = inf
🔬 Function 1591: MSE = 0.883509
🔬 Function 1592: MSE = inf
🔬 Function 1593: MSE = inf
🔬 Function 1594: MSE = inf
🔬 Function 1595: MSE = 0.869136
🔬 Function 1596: MSE = inf
🔬 Function 1597: MSE = inf
🔬 Function 1598: MSE = inf
🔬 Function 1599: MSE = 0.872909
Execution error: invalid syntax (<string>, line 17)
🔬 Function 1601: MSE = inf
🔬 Function 1602: MSE = inf
🔬 Function 1603: MSE = inf
🔬 Function 1604: MSE = inf
🔬 Function 1605: MSE = inf
🔬 Function 1606: MSE = inf
🔬 Function 1607: MSE = inf
🔬 Function 1608: MSE = inf
🔬 Function 1609: MSE = 0.882825
🔬 Function 1610: MSE = 0.864282
🔬 Function 1611: MSE = 0.870360
🔬 Function 1612: MSE = inf

🏆 Best Function Code:

def aproximate(x, F, P, Q, z, R):
    x = np.array([0.04 * x[0]**3 - 1.8 * x[0] + 0.34 * np.sin(x[1]),
                  0.14 * np.tanh(0.05 * x[0] * (x[1] + 0.8))])
    xp = F.dot(x)
    scale_Q = (x[0] * x[1] + x[0]**2 + x[1]**2 + 0.6) * (1 + 0.9 * (x[0] * x[1] + x[0]**2 + x[1]**2))
    P = F.dot(P.dot(F.T)) + Q * scale_Q
    y = z - xp
    scale_R = (x[0]**2 + x[1]**2 + 0.5) * (1 + 0.8 * (x[0]**2 + x[1]**2))
    S = P + R * scale_R
    inv_S = np.linalg.inv(S + 0.0002 * np.eye(S.shape[0]))
    K = P.dot(inv_S) * (0.85 * np.tanh(np.linalg.norm(y)))
    x = xp + K.dot(y)
    P = (np.eye(F.shape[0]) - K) * P * (0.5 + 0.05 * np.mean(y**2))
    loss = np.mean(y**2) + 0.75 * np.trace(P)
    return xp, P, y, S, K, x

✅ Validation MSE: 0.806047

🧪 Test MSE (vs target): 0.806413

🏑 Kalman Filter Baseline MSE (vs target): 1.023493
