Detected 4 GPU(s). We will spawn 4 processes.


==== Outer Iteration 0 ====
[Process 1] started on GPU 1, running 10 iterations...
[Process 2] started on GPU 2, running 10 iterations...
[Process 3] started on GPU 3, running 10 iterations...
[Process 0] started on GPU 0, running 10 iterations...
[Process 2] step=0, generation took 636.28s
[Process 2] best score so far: 9.597323911660055, content:
def fun(i1, i2, i3, i4):
    o1 = i1
    o2 = i2 + i3
    return o1, o2

[Process 1] step=0, generation took 636.59s
[Process 1] best score so far: 2.0769686914932475, content:
def fun(i1, i2, i3, i4):
    temp1 = i1 @ i2.T
    temp2 = i3 + i4.T
    o1 = temp1
    o2 = temp2
    return o1, o2

[Process 0] step=0, generation took 638.50s
[Process 0] best score so far: 2.0769686914932475, content:
def fun(i1, i2, i3, i4):
    o1 = i1 @ i2.T
    o2 = i3 + i4
    return o1, o2

[Process 3] step=0, generation took 639.60s
[Process 3] best score so far: 9.597323911660055, content:
def fun(i1, i2, i3, i4):
    o1 = i1
    o2 = i2 + i3
    return o1, o2

[Process 2] step=1, generation took 642.68s
[Process 2] best score so far: 2.0769686914932475, content:
def fun(i1, i2, i3, i4):
    o1 = i1 @ i2.T
    o2 = i3 + i4.T
    return o1, o2

[Process 1] step=1, generation took 645.21s
[Process 1] best score so far: 2.0769686914932475, content:
def fun(i1, i2, i3, i4):
    o1 = i1 @ i2.T
    o2 = i3 + i4.T
    return o1, o2

[Process 0] step=1, generation took 644.63s
[Process 0] best score so far: 1.2156505999813085, content:
def fun(i1,i2,i3,i4):
    o1 = i1 @ i2.T
    o2 = i3 @ i4 + i2
    return o1, o2

[Process 3] step=1, generation took 650.73s
[Process 3] best score so far: 2.0769686914932475, content:
def fun(i1, i2, i3, i4):
    o1 = i1.T @ i2.T
    o2 = i3 + i4
    return o1, o2

[Process 2] step=2, generation took 644.76s
[Process 2] best score so far: 2.0769686914932475, content:
def fun(i1,i2,i3,i4):
    o1 = i1 @ i2.T
    o2 = i3 + i4.T
    return o1, o2

[Process 1] step=2, generation took 643.25s
[Process 1] best score so far: 1.3135604440924726, content:
def fun(i1, i2, i3, i4):
    o1 = i1 @ i2.T
    o2 = i2 @ i3 + i4 @ i2.T
    return o1, o2

[Process 0] step=2, generation took 644.96s
[Process 0] best score so far: 1.2156505999813085, content:
def fun(i1,i2,i3,i4):
    o1 = i1 @ i2.T
    o2 = i3 @ i4 + i2
    return o1, o2

[Process 3] step=2, generation took 648.62s
[Process 3] best score so far: 2.0769686914932475, content:
def fun(i1, i2, i3, i4):
    o1 = i1.T @ i2.T
    o2 = i3 + i4
    return o1, o2

[Process 2] step=3, generation took 642.87s
[Process 2] best score so far: 1.8500383419031063, content:
def fun(i1, i2, i3, i4):
    o1 = i1 @ i2.T
    o2 = i4 @ i3.T + i2 @ i4.T
    return o1, o2

[Process 1] step=3, generation took 643.63s
[Process 1] best score so far: 1.1752517513881773, content:
def fun(i1, i2, i3, i4):
    o1 = i1 @ i2.T
    o2 = i3 @ i4 + i3 @ i4.T + i2 @ i3.T + i3.T
    return o1, o2

[Process 0] step=3, generation took 644.98s
[Process 0] best score so far: 1.2156505999813085, content:
def fun(i1,i2,i3,i4):
    o1 = i1 @ i2.T
    o2 = i3 @ i4 + i2
    return o1, o2

[Process 3] step=3, generation took 650.24s
[Process 3] best score so far: 2.0769686914932475, content:
def fun(i1, i2, i3, i4):
    o1 = i1.T @ i2.T
    o2 = i3 + i4
    return o1, o2

[Process 1] step=4, generation took 640.27s
[Process 1] best score so far: 1.1752517513881773, content:
def fun(i1, i2, i3, i4):
    o1 = i1 @ i2.T
    o2 = i3 @ i4 + i3 @ i4.T + i2 @ i3.T + i3.T
    return o1, o2

[Process 2] step=4, generation took 642.62s
[Process 2] best score so far: 1.2156505999813085, content:
def fun(i1, i2, i3, i4):
    o1 = i1.T @ i2.T
    o2 = i3 @ i4 + i2
    return o1, o2

[Process 0] step=4, generation took 645.83s
[Process 0] best score so far: 1.2156505999813085, content:
def fun(i1, i2, i3, i4):
    o1 = i1 @ i2.T
    o2 = i3 @ i4 + i2
    o1 = o1.T
    return o1, o2

[Process 3] step=4, generation took 646.55s
[Process 3] best score so far: 2.0769686914932475, content:
def fun(i1, i2, i3, i4):
    o1 = i1.T @ i2.T
    o2 = i3 + i4
    return o1, o2

[Process 1] step=5, generation took 638.79s
[Process 1] best score so far: 1.1752517513881773, content:
def fun(i1, i2, i3, i4):
    o1 = i1 @ i2.T
    o2 = i3 @ i4 + i3 @ i4.T + i2 @ i3.T + i3.T
    return o1, o2

[Process 2] step=5, generation took 646.22s
[Process 2] best score so far: 1.2030889278943198, content:
def fun(i1, i2, i3, i4):
    o1 = i1 @ i2.T
    o2 = i2 + i4
    return o1, o2

[Process 0] step=5, generation took 645.81s
[Process 0] best score so far: 1.2156505999813085, content:
def fun(i1, i2, i3, i4):
    o1 = i2 @ i1.T
    o2 = i3 @ i4 + i2
    return o1, o2

[Process 3] step=5, generation took 645.51s
[Process 3] best score so far: 2.0769686914932475, content:
def fun(i1, i2, i3, i4):
    o1 = i1.T @ i2.T
    o2 = i3 + i4
    return o1, o2

[Process 1] step=6, generation took 627.54s
[Process 1] best score so far: 1.1728229685170013, content:
def fun(i1, i2, i3, i4):
    o1 = i1 @ i2.T
    o2 = i3 @ i4 + i2 @ i3.T + i4 @ i4 + i3 @ i2.T
    return o1, o2

[Process 2] step=6, generation took 644.14s
[Process 2] best score so far: 1.1884667655732366, content:
def fun(i1, i2, i3, i4):
    o1 = i1 @ i2.T
    o2 = i4 @ i3.T + i2
    return o1, o2

[Process 0] step=6, generation took 645.12s
[Process 0] best score so far: 1.2156505999813085, content:
def fun(i1, i2, i3, i4):
    o1 = i2 @ i1.T
    o2 = i3 @ i4 + i2
    return o1, o2

[Process 3] step=6, generation took 645.49s
[Process 3] best score so far: 1.2156505999813085, content:
def fun(i1, i2, i3, i4):
    o1 = i1 @ i2.T
    o2 = i3 @ i4.T + i2
    return o1, o2

[Process 1] step=7, generation took 632.00s
[Process 1] best score so far: 1.1728229685170013, content:
def fun(i1, i2, i3, i4):
    o1 = i1 @ i2.T
    o2 = i3 @ i4 + i2 @ i3.T + i4 @ i4 + i3 @ i2.T
    return o1, o2

[Process 2] step=7, generation took 643.47s
[Process 2] best score so far: 1.1884667655732366, content:
def fun(i1, i2, i3, i4):
    o1 = i1 @ i2.T
    o2 = i4.T @ i3.T + i2
    return o1, o2

[Process 0] step=7, generation took 645.92s
[Process 0] best score so far: 1.2156505999813085, content:
def fun(i1, i2, i3, i4):
    o1 = i2 @ i1.T
    o2 = i3 @ i4 + i2
    return o1, o2

[Process 3] step=7, generation took 650.38s
[Process 3] best score so far: 1.2156505999813085, content:
def fun(i1, i2, i3, i4):
    o1 = i1 @ i2.T
    o2 = i3 @ i4.T + i2
    return o1, o2

[Process 1] step=8, generation took 630.20s
[Process 1] best score so far: 1.1489634294621969, content:
def fun(i1, i2, i3, i4):
    o1 = i1 @ i2.T
    o2 = i3 @ i4 + i4 @ i3.T + i3 @ i2.T + i2 @ i3.T
    return o1, o2

[Process 2] step=8, generation took 646.18s
[Process 2] best score so far: 1.1884667655732366, content:
def fun(i1, i2, i3, i4):
    o1 = i1 @ i2.T
    o2 = i4.T @ i3.T + i2
    return o1, o2

[Process 0] step=8, generation took 646.30s
[Process 0] best score so far: 1.1884667655732366, content:
def fun(i1, i2, i3, i4):
    o1 = i1 @ i2.T
    o2 = i3 @ i4 + i2.T
    o2 = o2.T
    return o1, o2

[Process 3] step=8, generation took 641.32s
[Process 3] best score so far: 1.2156505999813085, content:
def fun(i1, i2, i3, i4):
    o1 = i1 @ i2.T
    o2 = i3 @ i4.T + i2
    return o1, o2

[Process 1] step=9, generation took 634.03s
[Process 1] best score so far: 1.1489634294621969, content:
def fun(i1, i2, i3, i4):
    o1 = i1 @ i2.T
    o2 = i3 @ i4 + i4 @ i3.T + i3 @ i2.T + i2 @ i3.T
    return o1, o2

[Process 2] step=9, generation took 647.08s
[Process 2] best score so far: 1.1884667655732366, content:
def fun(i1, i2, i3, i4):
    o1 = i1 @ i2.T
    o2 = i4.T @ i3.T + i2
    return o1, o2

[Process 0] step=9, generation took 645.98s
[Process 0] best score so far: 1.1884667655732366, content:
def fun(i1, i2, i3, i4):
    o1 = i1 @ i2.T
    o2 = i3 @ i4 + i2.T
    o2 = o2.T
    return o1, o2

[Process 3] step=9, generation took 633.74s
[Process 3] best score so far: 1.2156505999813085, content:
def fun(i1, i2, i3, i4):
    o1 = i1 @ i2.T
    o2 = i3 @ i4.T + i2
    return o1, o2


[Main] Collecting best scores from each thread's memory:
  Thread 0: best score 1.1884667655732366
  Thread 1: best score 1.1489634294621969
  Thread 2: best score 1.1884667655732366
  Thread 3: best score 1.2156505999813085

[Main] Sorted memory_infos (score, thread_idx):
  1.1489634294621969, thread 1
  1.1884667655732366, thread 0
  1.1884667655732366, thread 2
  1.2156505999813085, thread 3

[Main] Worst half (to be reinitialized):
  Thread 2 with score 1.1884667655732366
  Thread 3 with score 1.2156505999813085

[Main] Donor candidates (top half):
  Thread 1 with score 1.1489634294621969
  Thread 0 with score 1.1884667655732366
[Main] Reinitializing memory for thread 2 with best element from thread 1.
[Main] Reinitializing memory for thread 3 with best element from thread 0.

==== Outer Iteration 1 ====
[Process 2] started on GPU 2, running 10 iterations...
[Process 3] started on GPU 3, running 10 iterations...
[Process 0] started on GPU 0, running 10 iterations...
[Process 1] started on GPU 1, running 10 iterations...
[Process 1] step=0, generation took 625.77s
[Process 1] best score so far: 1.1489634294621969, content:
def fun(i1, i2, i3, i4):
    o1 = i1 @ i2.T
    o2 = i3 @ i4 + i4 @ i3.T + i3 @ i2.T + i2 @ i3.T
    return o1, o2

[Process 2] step=0, generation took 631.24s
[Process 2] best score so far: 1.1489634294621969, content:
def fun(i1, i2, i3, i4):
    o1 = i1 @ i2.T
    o2 = i3 @ i4 + i4 @ i3.T + i3 @ i2.T + i2 @ i3.T
    return o1, o2

[Process 3] step=0, generation took 634.73s
[Process 3] best score so far: 1.1884667655732366, content:
def fun(i1, i2, i3, i4):
    o1 = i1 @ i2.T
    o2 = i3 @ i4 + i2.T
    o2 = o2.T
    return o1, o2

[Process 0] step=0, generation took 644.23s
[Process 0] best score so far: 1.1884667655732366, content:
def fun(i1, i2, i3, i4):
    o1 = i1 @ i2.T
    o2 = i3 @ i4 + i2.T
    o2 = o2.T
    return o1, o2

[Process 2] step=1, generation took 614.40s
[Process 2] best score so far: 1.1489634294621969, content:
def fun(i1, i2, i3, i4):
    o1 = i1 @ i2.T
    o2 = i3 @ i4 + i4 @ i3.T + i3 @ i2.T + i2 @ i3.T
    return o1, o2

[Process 1] step=1, generation took 635.81s
[Process 1] best score so far: 1.1307192165816224, content:
def fun(i1, i2, i3, i4):
    o1 = i1 @ i2.T
    o2 = i3 @ i4 + i2 @ i2.T
    return o1, o2

[Process 3] step=1, generation took 650.88s
[Process 3] best score so far: 1.1884667655732366, content:
def fun(i1, i2, i3, i4):
    o1 = i1 @ i2.T
    o2 = i3 @ i4 + i2.T
    o2 = o2.T
    return o1, o2

[Process 0] step=1, generation took 647.56s
[Process 0] best score so far: 1.1884667655732366, content:
def fun(i1, i2, i3, i4):
    o1 = i1 @ i2.T
    o2 = i3 @ i4 + i2.T
    o2 = o2.T
    return o1, o2

[Process 2] step=2, generation took 618.70s
[Process 2] best score so far: 1.1489634294621969, content:
def fun(i1, i2, i3, i4):
    o1 = i1 @ i2.T
    o2 = i3 @ i4.T + i4 @ i3.T + i3 @ i2.T + i2 @ i3.T
    return o1, o2

[Process 1] step=2, generation took 630.64s
[Process 1] best score so far: 1.1307192165816224, content:
def fun(i1, i2, i3, i4):
    o1 = i1 @ i2.T
    o2 = i3 @ i4 + i2 @ i2.T
    return o1, o2

[Process 3] step=2, generation took 647.38s
[Process 3] best score so far: 1.1884667655732366, content:
def fun(i1, i2, i3, i4):
    o1 = i1 @ i2.T
    o2 = i3 @ i4 + i2.T
    o2 = o2.T
    return o1, o2

[Process 0] step=2, generation took 643.63s
[Process 0] best score so far: 1.1884667655732366, content:
def fun(i1, i2, i3, i4):
    o1 = i1 @ i2.T
    o2 = i4 @ i3.T + i2
    return o1, o2

[Process 2] step=3, generation took 619.01s
[Process 2] best score so far: 1.1489634294621969, content:
def fun(i1, i2, i3, i4):
    o1 = i1 @ i2.T
    o2 = i3 @ i4 + i4 @ i3.T + i3 @ i2.T + i2 @ i3.T
    return o1, o2

[Process 1] step=3, generation took 634.51s
[Process 1] best score so far: 1.1307192165816224, content:
def fun(i1, i2, i3, i4):
    o1 = i1 @ i2.T
    o2 = i3 @ i4 + i2 @ i2.T
    return o1, o2

[Process 3] step=3, generation took 647.54s
[Process 3] best score so far: 1.1884667655732366, content:
def fun(i1, i2, i3, i4):
    o1 = i1 @ i2.T
    o2 = i3 @ i4 + i2.T
    o2 = o2.T
    return o1, o2

[Process 0] step=3, generation took 643.56s
[Process 0] best score so far: 1.1884667655732366, content:
def fun(i1, i2, i3, i4):
    o1 = i1 @ i2.T
    o2 = i4 @ i3.T + i2
    return o1, o2

[Process 2] step=4, generation took 614.36s
[Process 2] best score so far: 1.1489634294621969, content:
def fun(i1, i2, i3, i4):
    o1 = i1 @ i2.T
    o2 = i3 @ i4 + i4 @ i3.T + i3 @ i2.T + i2 @ i3.T
    return o1, o2

[Process 1] step=4, generation took 630.92s
[Process 1] best score so far: 1.1307192165816224, content:
def fun(i1, i2, i3, i4):
    o1 = i1 @ i2.T
    o2 = i3 @ i4.T + i2 @ i2.T
    return o1, o2

[Process 0] step=4, generation took 643.15s
[Process 0] best score so far: 1.1884667655732366, content:
def fun(i1, i2, i3, i4):
    o1 = i1 @ i2.T
    o2 = i3 @ i4.T + i2.T
    return o1, o2.T

[Process 3] step=4, generation took 645.73s
[Process 3] best score so far: 1.1884667655732366, content:
def fun(i1, i2, i3, i4):
    o1 = i1 @ i2.T
    o2 = i3 @ i4 + i2.T
    o2 = o2.T
    return o1, o2

[Process 2] step=5, generation took 620.15s
[Process 2] best score so far: 1.1489634294621969, content:
def fun(i1, i2, i3, i4):
    o1 = i1 @ i2.T
    o2 = i3 @ i4 + i4 @ i3.T + i3 @ i2.T + i2 @ i3.T
    return o1, o2

[Process 1] step=5, generation took 634.67s
[Process 1] best score so far: 1.1307192165816224, content:
def fun(i1, i2, i3, i4):
    o1 = i1 @ i2.T
    o2 = i3 @ i4.T + i2 @ i2.T
    return o1, o2

[Process 0] step=5, generation took 641.28s
[Process 0] best score so far: 1.1884667655732366, content:
def fun(i1, i2, i3, i4):
    o1 = i1 @ i2.T
    o2 = i3 @ i4.T + i2.T
    return o1, o2.T

[Process 3] step=5, generation took 649.31s
[Process 3] best score so far: 1.1307192165816224, content:
def fun(i1, i2, i3, i4):
    o1 = i1 @ i2.T
    o2 = i3 @ i4 + i2 @ i2.T
    return o1, o2

[Process 2] step=6, generation took 616.73s
[Process 2] best score so far: 1.1489634294621969, content:
def fun(i1, i2, i3, i4):
    o1 = i1 @ i2.T
    o2 = i3 @ i4 + i4 @ i3.T + i3 @ i2.T + i2 @ i3.T
    return o1, o2

[Process 1] step=6, generation took 635.43s
[Process 1] best score so far: 1.1307192165816224, content:
def fun(i1, i2, i3, i4):
    o1 = i1 @ i2.T
    o2 = i3 @ i4.T + i2 @ i2.T
    return o1, o2

[Process 0] step=6, generation took 641.72s
[Process 0] best score so far: 1.1884667655732366, content:
def fun(i1, i2, i3, i4):
    o1 = i1 @ i2.T
    o2 = i3 @ i4.T + i2.T
    return o1, o2.T

[Process 3] step=6, generation took 643.89s
[Process 3] best score so far: 1.1307192165816224, content:
def fun(i1, i2, i3, i4):
    o1 = i1 @ i2.T
    o2 = i3 @ i4 + i2 @ i2.T
    return o1, o2

[Process 2] step=7, generation took 607.42s
[Process 2] best score so far: 1.1489634294621969, content:
def fun(i1, i2, i3, i4):
    o1 = i1 @ i2.T
    o2 = i3 @ i4 + i4 @ i3.T + i3 @ i2.T + i2 @ i3.T
    return o1, o2

[Process 1] step=7, generation took 636.54s
[Process 1] best score so far: 1.1299257820963187, content:
def fun(i1, i2, i3, i4):
    o1 = i1 @ i2.T
    o2 = i3 @ i4 + i2 @ i3.T + i3 @ i2.T
    return o1, o2

[Process 0] step=7, generation took 645.77s
[Process 0] best score so far: 1.1884667655732366, content:
def fun(i1, i2, i3, i4):
    o1 = i1 @ i2.T
    o2 = i3 @ i4.T + i2.T
    return o1, o2.T

[Process 3] step=7, generation took 644.59s
[Process 3] best score so far: 1.1307192165816224, content:
def fun(i1, i2, i3, i4):
    o1 = i1 @ i2.T
    o2 = i3 @ i4 + i2 @ i2.T
    return o1, o2

[Process 2] step=8, generation took 620.33s
[Process 2] best score so far: 1.1489634294621969, content:
def fun(i1, i2, i3, i4):
    o1 = i1 @ i2.T
    o2 = i3 @ i4 + i4 @ i3.T + i3 @ i2.T + i2 @ i3.T
    return o1, o2

[Process 1] step=8, generation took 638.62s
[Process 1] best score so far: 1.1299257820963187, content:
def fun(i1, i2, i3, i4):
    o1 = i1 @ i2.T
    o2 = i3 @ i4 + i2 @ i3.T + i3 @ i2.T
    return o1, o2

[Process 0] step=8, generation took 641.89s
[Process 0] best score so far: 1.1884667655732366, content:
def fun(i1, i2, i3, i4):
    o1 = i1 @ i2.T
    o2 = i3 @ i4.T + i2.T
    return o1, o2.T

[Process 3] step=8, generation took 647.74s
[Process 3] best score so far: 1.1307192165816224, content:
def fun(i1, i2, i3, i4):
    o1 = i1 @ i2.T
    o2 = i3 @ i4 + i2 @ i2.T
    return o1, o2

[Process 2] step=9, generation took 621.98s
[Process 2] best score so far: 1.1489634294621969, content:
def fun(i1, i2, i3, i4):
    o1 = i1 @ i2.T
    o2 = i3 @ i4 + i4 @ i3.T + i3 @ i2.T + i2 @ i3.T
    return o1, o2

[Process 1] step=9, generation took 638.28s
[Process 1] best score so far: 1.1299257820963187, content:
def fun(i1, i2, i3, i4):
    o1 = i1 @ i2.T
    o2 = i3 @ i4 + i2 @ i3.T + i3 @ i2.T
    return o1, o2

[Process 0] step=9, generation took 642.40s
[Process 0] best score so far: 1.1884667655732366, content:
def fun(i1, i2, i3, i4):
    o1 = i1 @ i2.T
    o2 = i3 @ i4.T + i2.T
    return o1, o2.T

[Process 3] step=9, generation took 634.58s
[Process 3] best score so far: 1.1307192165816224, content:
def fun(i1, i2, i3, i4):
    o1 = i1 @ i2.T
    o2 = i3 @ i4.T + i2 @ i2.T
    return o1, o2


[Main] Collecting best scores from each thread's memory:
  Thread 0: best score 1.1884667655732366
  Thread 1: best score 1.1299257820963187
  Thread 2: best score 1.1489634294621969
  Thread 3: best score 1.1307192165816224

[Main] Sorted memory_infos (score, thread_idx):
  1.1299257820963187, thread 1
  1.1307192165816224, thread 3
  1.1489634294621969, thread 2
  1.1884667655732366, thread 0

[Main] Worst half (to be reinitialized):
  Thread 2 with score 1.1489634294621969
  Thread 0 with score 1.1884667655732366

[Main] Donor candidates (top half):
  Thread 1 with score 1.1299257820963187
  Thread 3 with score 1.1307192165816224
[Main] Reinitializing memory for thread 2 with best element from thread 1.
[Main] Reinitializing memory for thread 0 with best element from thread 3.

==== Outer Iteration 2 ====
[Process 3] started on GPU 3, running 10 iterations...
[Process 1] started on GPU 1, running 10 iterations...
[Process 0] started on GPU 0, running 10 iterations...
[Process 2] started on GPU 2, running 10 iterations...
[Process 2] step=0, generation took 631.52s
[Process 2] best score so far: 1.1243642464437924, content:
def fun(i1, i2, i3, i4):
    o1 = i1 @ i2.T
    o2 = i2 @ i3 + i4 @ i3.T + i3 @ i2.T
    return o1, o2

[Process 0] step=0, generation took 636.40s
[Process 0] best score so far: 1.1307192165816224, content:
def fun(i1, i2, i3, i4):
    o1 = i1 @ i2.T
    o2 = i3 @ i4.T + i2 @ i2.T
    return o1, o2

[Process 3] step=0, generation took 638.16s
[Process 3] best score so far: 1.1307192165816224, content:
def fun(i1, i2, i3, i4):
    o1 = i1 @ i2.T
    o2 = i3 @ i4.T + i2 @ i2.T
    return o1, o2

[Process 1] step=0, generation took 641.22s
[Process 1] best score so far: 1.1296164703319678, content:
def fun(i1, i2, i3, i4):
    o1 = i1 @ i2.T
    o2 = i3 @ i4 @ i4.T + i2 @ i2.T
    return o1, o2

[Process 3] step=1, generation took 608.25s
[Process 3] best score so far: 1.1307192165816224, content:
def fun(i1, i2, i3, i4):
    o1 = i1 @ i2.T
    o2 = i3 @ i4.T + i2 @ i2.T
    return o1, o2

[Process 2] step=1, generation took 643.79s
[Process 2] best score so far: 1.1243642464437924, content:
def fun(i1, i2, i3, i4):
    o1 = i1 @ i2.T
    o2 = i2 @ i3 + i4 @ i3.T + i3 @ i2.T
    return o1, o2

[Process 0] step=1, generation took 650.43s
[Process 0] best score so far: 1.1307192165816224, content:
def fun(i1, i2, i3, i4):
    o1 = i1 @ i2.T
    o2 = i3 @ i4.T + i2 @ i2.T
    return o1, o2

[Process 1] step=1, generation took 645.00s
[Process 1] best score so far: 1.1296164703319678, content:
def fun(i1, i2, i3, i4):
    o1 = i1 @ i2.T
    o2 = i3 @ i4 @ i4.T + i2 @ i2.T
    return o1, o2

[Process 3] step=2, generation took 638.60s
[Process 3] best score so far: 1.1307192165816224, content:
def fun(i1, i2, i3, i4):
    o1 = i1 @ i2.T
    o2 = i3 @ i4.T + i2 @ i2.T
    return o1, o2

[Process 2] step=2, generation took 643.94s
[Process 2] best score so far: 1.1243642464437924, content:
def fun(i1, i2, i3, i4):
    o1 = i1 @ i2.T
    o2 = i2 @ i3 + i4 @ i3.T + i3 @ i2.T
    return o1, o2

[Process 1] step=2, generation took 642.38s
[Process 1] best score so far: 1.1296164703319678, content:
def fun(i1, i2, i3, i4):
    o1 = i1 @ i2.T
    o2 = i3 @ i4 @ i4.T + i2 @ i2.T
    return o1, o2

[Process 0] step=2, generation took 646.72s
[Process 0] best score so far: 1.1307192165816224, content:
def fun(i1, i2, i3, i4):
    o1 = i1 @ i2.T
    o2 = i3 @ i4.T + i2 @ i2.T
    return o1, o2

[Process 3] step=3, generation took 623.97s
[Process 3] best score so far: 1.1307192165816224, content:
def fun(i1, i2, i3, i4):
    o1 = i1 @ i2.T
    o2 = i3 @ i4.T + i2 @ i2.T
    return o1, o2

[Process 2] step=3, generation took 626.16s
[Process 2] best score so far: 1.1243642464437924, content:
def fun(i1, i2, i3, i4):
    o1 = i1 @ i2.T
    o2 = i2 @ i3 + i4 @ i3.T + i3 @ i2.T
    return o1, o2

[Process 0] step=3, generation took 631.17s
[Process 0] best score so far: 1.1307192165816224, content:
def fun(i1, i2, i3, i4):
    o1 = i1 @ i2.T
    o2 = i3 @ i4.T + i2 @ i2.T
    return o1, o2

[Process 1] step=3, generation took 641.66s
[Process 1] best score so far: 1.1296164703319678, content:
def fun(i1, i2, i3, i4):
    o1 = i1 @ i2.T
    o2 = i3 @ i4 @ i4.T + i2 @ i2.T
    return o1, o2

[Process 3] step=4, generation took 632.50s
[Process 3] best score so far: 1.1307192165816224, content:
def fun(i1, i2, i3, i4):
    o1 = i1.T @ i2.T
    o2 = i3 @ i4.T + i2 @ i2.T
    return o1, o2

[Process 2] step=4, generation took 632.84s
[Process 2] best score so far: 1.1243642464437924, content:
def fun(i1, i2, i3, i4):
    o1 = i1 @ i2.T
    o2 = i2 @ i3 + i4 @ i3.T + i3 @ i2.T
    return o1, o2

[Process 0] step=4, generation took 628.82s
[Process 0] best score so far: 1.1307192165816224, content:
def fun(i1, i2, i3, i4):
    o1 = i1 @ i2.T
    o2 = i3 @ i4.T + i2 @ i2.T
    return o1, o2

[Process 1] step=4, generation took 644.97s
[Process 1] best score so far: 1.1296164703319678, content:
def fun(i1, i2, i3, i4):
    o1 = i1 @ i2.T
    o2 = i3 @ i4 @ i4.T + i2 @ i2.T
    return o1, o2

[Process 3] step=5, generation took 634.94s
[Process 3] best score so far: 1.1307192165816224, content:
def fun(i1, i2, i3, i4):
    o1 = i1.T @ i2.T
    o2 = i3 @ i4.T + i2 @ i2.T
    return o1, o2

[Process 2] step=5, generation took 622.64s
[Process 2] best score so far: 1.1243642464437924, content:
def fun(i1, i2, i3, i4):
    o1 = i1 @ i2.T
    o2 = i2 @ i3 + i4 @ i3.T + i3 @ i2.T
    return o1, o2

[Process 0] step=5, generation took 624.14s
[Process 0] best score so far: 1.1307192165816224, content:
def fun(i1, i2, i3, i4):
    o1 = i1 @ i2.T
    o2 = i3 @ i4.T + i2 @ i2.T
    return o1, o2

[Process 1] step=5, generation took 645.10s
[Process 1] best score so far: 1.1296164703319678, content:
def fun(i1, i2, i3, i4):
    o1 = i1 @ i2.T
    o2 = i3 @ i4 @ i4.T + i2 @ i2.T
    return o1, o2

[Process 3] step=6, generation took 632.97s
[Process 3] best score so far: 1.1307192165816224, content:
def fun(i1, i2, i3, i4):
    o1 = i1.T @ i2.T
    o2 = i3 @ i4.T + i2 @ i2.T
    return o1, o2

[Process 2] step=6, generation took 620.17s
[Process 2] best score so far: 1.1243642464437924, content:
def fun(i1, i2, i3, i4):
    o1 = i1 @ i2.T
    o2 = i2 @ i3 + i4 @ i3.T + i3 @ i2.T
    return o1, o2

[Process 0] step=6, generation took 624.78s
[Process 0] best score so far: 1.1307192165816224, content:
def fun(i1, i2, i3, i4):
    o1 = i1 @ i2.T
    o2 = i3 @ i4.T + i2 @ i2.T
    return o1, o2

[Process 1] step=6, generation took 641.31s
[Process 1] best score so far: 1.1296164703319678, content:
def fun(i1, i2, i3, i4):
    o1 = i1 @ i2.T
    o2 = i3 @ i4 @ i4.T + i2 @ i2.T
    return o1, o2

[Process 3] step=7, generation took 630.52s
[Process 3] best score so far: 1.1266096372664232, content:
def fun(i1, i2, i3, i4):
    o1 = i1 @ i2.T
    o2 = i4 @ i3.T + i2 @ i2.T
    return o1, o2

[Process 2] step=7, generation took 624.00s
[Process 2] best score so far: 1.1243642464437924, content:
def fun(i1, i2, i3, i4):
    o1 = i1 @ i2.T
    o2 = i2 @ i3 + i4 @ i3.T + i3 @ i2.T
    return o1, o2

[Process 0] step=7, generation took 617.71s
[Process 0] best score so far: 1.1299257820963187, content:
def fun(i1, i2, i3, i4):
    o1 = i1 @ i2.T
    o2 = i3 @ i4.T + i2 @ i3.T + i3 @ i2.T
    return o1, o2

[Process 1] step=7, generation took 642.32s
[Process 1] best score so far: 1.1296164703319678, content:
def fun(i1, i2, i3, i4):
    o1 = i1 @ i2.T
    o2 = i3 @ i4 @ i4.T + i2 @ i2.T
    return o1, o2

[Process 3] step=8, generation took 624.56s
[Process 3] best score so far: 1.1266096372664232, content:
def fun(i1, i2, i3, i4):
    o1 = i1 @ i2.T
    o2 = i4 @ i3.T + i2 @ i2.T
    return o1, o2

[Process 2] step=8, generation took 630.84s
[Process 2] best score so far: 1.1243642464437924, content:
def fun(i1, i2, i3, i4):
    o1 = i1 @ i2.T
    o2 = i2 @ i3 + i4 @ i3.T + i3 @ i2.T
    return o1, o2

[Process 0] step=8, generation took 622.09s
[Process 0] best score so far: 1.1299257820963187, content:
def fun(i1, i2, i3, i4):
    o1 = i1 @ i2.T
    o2 = i3 @ i4.T + i2 @ i3.T + i3 @ i2.T
    return o1, o2

[Process 1] step=8, generation took 645.03s
[Process 1] best score so far: 1.1252103060255298, content:
def fun(i1, i2, i3, i4):
    o1 = i1 @ i2.T
    o2 = i3 @ i4 @ i3.T + i3.T @ i4.T + i2 @ i3.T + i3 @ i2.T
    return o1, o2

[Process 0] step=9, generation took 607.76s
[Process 0] best score so far: 1.1299257820963187, content:
def fun(i1, i2, i3, i4):
    o1 = i1 @ i2.T
    o2 = i3 @ i4.T + i2 @ i3.T + i3 @ i2.T
    return o1, o2

[Process 2] step=9, generation took 613.13s
[Process 2] best score so far: 1.1243642464437924, content:
def fun(i1, i2, i3, i4):
    o1 = i1 @ i2.T
    o2 = i2 @ i3 + i4 @ i3.T + i3 @ i2.T
    return o1, o2

[Process 3] step=9, generation took 630.79s
[Process 3] best score so far: 1.1266096372664232, content:
def fun(i1, i2, i3, i4):
    o1 = i1 @ i2.T
    o2 = i4 @ i3.T + i2 @ i2.T
    return o1, o2

[Process 1] step=9, generation took 641.04s
[Process 1] best score so far: 1.1252103060255298, content:
def fun(i1, i2, i3, i4):
    o1 = i1 @ i2.T
    o2 = i3 @ i4 @ i3.T + i3.T @ i4.T + i2 @ i3.T + i3 @ i2.T
    return o1, o2


[Main] Collecting best scores from each thread's memory:
  Thread 0: best score 1.1299257820963187
  Thread 1: best score 1.1252103060255298
  Thread 2: best score 1.1243642464437924
  Thread 3: best score 1.1266096372664232

[Main] Sorted memory_infos (score, thread_idx):
  1.1243642464437924, thread 2
  1.1252103060255298, thread 1
  1.1266096372664232, thread 3
  1.1299257820963187, thread 0

[Main] Worst half (to be reinitialized):
  Thread 3 with score 1.1266096372664232
  Thread 0 with score 1.1299257820963187

[Main] Donor candidates (top half):
  Thread 2 with score 1.1243642464437924
  Thread 1 with score 1.1252103060255298
[Main] Reinitializing memory for thread 3 with best element from thread 2.
[Main] Reinitializing memory for thread 0 with best element from thread 1.

==== Outer Iteration 3 ====
[Process 3] started on GPU 3, running 10 iterations...
[Process 0] started on GPU 0, running 10 iterations...
[Process 1] started on GPU 1, running 10 iterations...
[Process 2] started on GPU 2, running 10 iterations...
[Process 2] step=0, generation took 625.11s
[Process 2] best score so far: 1.1243642464437924, content:
def fun(i1, i2, i3, i4):
    o1 = i1 @ i2.T
    o2 = i2 @ i3 + i4 @ i3.T + i3 @ i2.T
    return o1, o2

[Process 0] step=0, generation took 630.79s
[Process 0] best score so far: 1.1252103060255298, content:
def fun(i1, i2, i3, i4):
    o1 = i1 @ i2.T
    o2 = i3 @ i4 @ i3.T + i3.T @ i4.T + i2 @ i3.T + i3 @ i2.T
    return o1, o2

[Process 3] step=0, generation took 631.22s
[Process 3] best score so far: 1.1243642464437924, content:
def fun(i1, i2, i3, i4):
    o1 = i1 @ i2.T
    o2 = i2 @ i3 + i4 @ i3.T + i3 @ i2.T
    return o1, o2

[Process 1] step=0, generation took 639.41s
[Process 1] best score so far: 1.1252103060255298, content:
def fun(i1, i2, i3, i4):
    o1 = i1 @ i2.T
    o2 = i3 @ i4 @ i3.T + i3.T @ i4.T + i2 @ i3.T + i3 @ i2.T
    return o1, o2

[Process 2] step=1, generation took 624.53s
[Process 2] best score so far: 1.1243642464437924, content:
def fun(i1, i2, i3, i4):
    o1 = i1 @ i2.T
    o2 = i2 @ i3 + i4 @ i3.T + i3 @ i2.T
    return o1, o2

[Process 3] step=1, generation took 641.62s
[Process 3] best score so far: 1.1243642464437924, content:
def fun(i1, i2, i3, i4):
    o1 = i1 @ i2.T
    o2 = i2 @ i3 + i4 @ i3.T + i3 @ i2.T
    return o1, o2

[Process 0] step=1, generation took 641.97s
[Process 0] best score so far: 1.1252103060255298, content:
def fun(i1, i2, i3, i4):
    o1 = i1 @ i2.T
    o2 = i3 @ i4 @ i3.T + i3.T @ i4.T + i2 @ i3.T + i3 @ i2.T
    return o1, o2

[Process 1] step=1, generation took 643.28s
[Process 1] best score so far: 1.1252103060255298, content:
def fun(i1, i2, i3, i4):
    o1 = i1 @ i2.T
    o2 = i3 @ i4 @ i3.T + i3.T @ i4.T + i2 @ i3.T + i3 @ i2.T
    return o1, o2

[Process 2] step=2, generation took 618.90s
[Process 2] best score so far: 1.1243642464437924, content:
def fun(i1, i2, i3, i4):
    o1 = i1 @ i2.T
    o2 = i2 @ i3 + i4 @ i3.T + i3 @ i2.T
    return o1, o2

[Process 0] step=2, generation took 625.54s
[Process 0] best score so far: 1.1252103060255298, content:
def fun(i1, i2, i3, i4):
    o1 = i1 @ i2.T
    o2 = i3 @ i4 @ i3.T + i3.T @ i4.T + i2 @ i3.T + i3 @ i2.T
    return o1, o2

[Process 3] step=2, generation took 641.63s
[Process 3] best score so far: 1.1243642464437924, content:
def fun(i1, i2, i3, i4):
    o1 = i1 @ i2.T
    o2 = i2 @ i3 + i4 @ i3.T + i3 @ i2.T
    return o1, o2

[Process 1] step=2, generation took 640.22s
[Process 1] best score so far: 1.1252103060255298, content:
def fun(i1, i2, i3, i4):
    o1 = i1 @ i2.T
    o2 = i3 @ i4 @ i3.T + i3.T @ i4.T + i2 @ i3.T + i3 @ i2.T
    return o1, o2

[Process 2] step=3, generation took 627.63s
[Process 2] best score so far: 1.1243642464437924, content:
def fun(i1, i2, i3, i4):
    o1 = i1 @ i2.T
    o2 = i2 @ i3 + i4 @ i3.T + i3 @ i2.T
    return o1, o2

[Process 0] step=3, generation took 619.72s
[Process 0] best score so far: 1.1252103060255298, content:
def fun(i1, i2, i3, i4):
    o1 = i1 @ i2.T
    o2 = i3 @ i4 @ i3.T + i3.T @ i4.T + i2 @ i3.T + i3 @ i2.T
    return o1, o2

[Process 3] step=3, generation took 641.42s
[Process 3] best score so far: 1.1243642464437924, content:
def fun(i1, i2, i3, i4):
    o1 = i1 @ i2.T
    o2 = i2 @ i3 + i4 @ i3.T + i3 @ i2.T
    return o1, o2

[Process 1] step=3, generation took 642.56s
[Process 1] best score so far: 1.1252103060255298, content:
def fun(i1, i2, i3, i4):
    o1 = i1 @ i2.T
    o2 = i3 @ i4 @ i3.T + i3.T @ i4.T + i2 @ i3.T + i3 @ i2.T
    return o1, o2

[Process 2] step=4, generation took 619.26s
[Process 2] best score so far: 1.1243642464437924, content:
def fun(i1, i2, i3, i4):
    o1 = i1 @ i2.T
    o2 = i2 @ i3 + i4 @ i3.T + i3 @ i2.T
    return o1, o2

[Process 0] step=4, generation took 626.96s
[Process 0] best score so far: 1.1252103060255298, content:
def fun(i1, i2, i3, i4):
    o1 = i1 @ i2.T
    o2 = i3 @ i4 @ i3.T + i3.T @ i4.T + i2 @ i3.T + i3 @ i2.T
    return o1, o2

[Process 3] step=4, generation took 627.41s
[Process 3] best score so far: 1.1243642464437924, content:
def fun(i1, i2, i3, i4):
    o1 = i1 @ i2.T
    o2 = i2 @ i3 + i4 @ i3.T + i3 @ i2.T
    return o1, o2

[Process 1] step=4, generation took 640.57s
[Process 1] best score so far: 1.1252103060255298, content:
def fun(i1, i2, i3, i4):
    o1 = i1 @ i2.T
    o2 = i3 @ i4 @ i3.T + i3.T @ i4.T + i2 @ i3.T + i3 @ i2.T
    return o1, o2

[Process 2] step=5, generation took 630.51s
[Process 2] best score so far: 1.1243642464437924, content:
def fun(i1, i2, i3, i4):
    o1 = i1 @ i2.T
    o2 = i2 @ i3 + i4 @ i3.T + i3 @ i2.T
    return o1, o2

[Process 0] step=5, generation took 619.70s
[Process 0] best score so far: 1.1252103060255298, content:
def fun(i1, i2, i3, i4):
    o1 = i1 @ i2.T
    o2 = i3 @ i4 @ i3.T + i3.T @ i4.T + i2 @ i3.T + i3 @ i2.T
    return o1, o2

[Process 3] step=5, generation took 622.26s
[Process 3] best score so far: 1.1243642464437924, content:
def fun(i1, i2, i3, i4):
    o1 = i1 @ i2.T
    o2 = i2 @ i3 + i4 @ i3.T + i3 @ i2.T
    return o1, o2

[Process 1] step=5, generation took 640.18s
[Process 1] best score so far: 1.1252103060255298, content:
def fun(i1, i2, i3, i4):
    o1 = i1 @ i2.T
    o2 = i3 @ i4 @ i3.T + i3.T @ i4.T + i2 @ i3.T + i3 @ i2.T
    return o1, o2

[Process 2] step=6, generation took 625.12s
[Process 2] best score so far: 1.1243642464437924, content:
def fun(i1, i2, i3, i4):
    o1 = i1 @ i2.T
    o2 = i2 @ i3 + i4 @ i3.T + i3 @ i2.T
    return o1, o2

[Process 0] step=6, generation took 612.54s
[Process 0] best score so far: 1.1252103060255298, content:
def fun(i1, i2, i3, i4):
    o1 = i1 @ i2.T
    o2 = i3 @ i4 @ i3.T + i3.T @ i4.T + i2 @ i3.T + i3 @ i2.T
    return o1, o2

[Process 3] step=6, generation took 617.37s
[Process 3] best score so far: 1.1243642464437924, content:
def fun(i1, i2, i3, i4):
    o1 = i1 @ i2.T
    o2 = i2 @ i3 + i4 @ i3.T + i3 @ i2.T
    return o1, o2

[Process 1] step=6, generation took 643.15s
[Process 1] best score so far: 1.1252103060255298, content:
def fun(i1, i2, i3, i4):
    o1 = i1 @ i2.T
    o2 = i3 @ i4 @ i3.T + i3.T @ i4.T + i2 @ i3.T + i3 @ i2.T
    return o1, o2

[Process 0] step=7, generation took 617.71s
[Process 0] best score so far: 1.1252103060255298, content:
def fun(i1, i2, i3, i4):
    o1 = i1 @ i2.T
    o2 = i3 @ i4 @ i3.T + i3.T @ i4.T + i2 @ i3.T + i3 @ i2.T
    return o1, o2

[Process 2] step=7, generation took 634.94s
[Process 2] best score so far: 1.1243642464437924, content:
def fun(i1, i2, i3, i4):
    o1 = i1 @ i2.T
    o2 = i2 @ i3 + i4 @ i3.T + i3 @ i2.T
    return o1, o2

[Process 3] step=7, generation took 622.48s
[Process 3] best score so far: 1.1243642464437924, content:
def fun(i1, i2, i3, i4):
    o1 = i1 @ i2.T
    o2 = i2 @ i3 + i4 @ i3.T + i3 @ i2.T
    return o1, o2

[Process 1] step=7, generation took 639.86s
[Process 1] best score so far: 1.1252103060255298, content:
def fun(i1, i2, i3, i4):
    o1 = i1 @ i2.T
    o2 = i3 @ i4 @ i3.T + i3.T @ i4.T + i2 @ i3.T + i3 @ i2.T
    return o1, o2

[Process 0] step=8, generation took 612.96s
[Process 0] best score so far: 1.1252103060255298, content:
def fun(i1, i2, i3, i4):
    o1 = i1 @ i2.T
    o2 = i3 @ i4 @ i3.T + i3.T @ i4.T + i2 @ i3.T + i3 @ i2.T
    return o1, o2

[Process 2] step=8, generation took 633.40s
[Process 2] best score so far: 1.1243642464437924, content:
def fun(i1, i2, i3, i4):
    o1 = i1 @ i2.T
    o2 = i2 @ i3 + i4 @ i3.T + i3 @ i2.T
    return o1, o2

[Process 3] step=8, generation took 612.27s
[Process 3] best score so far: 1.1243642464437924, content:
def fun(i1, i2, i3, i4):
    o1 = i1 @ i2.T
    o2 = i2 @ i3 + i4 @ i3.T + i3 @ i2.T
    return o1, o2

[Process 1] step=8, generation took 640.51s
[Process 1] best score so far: 1.1252103060255298, content:
def fun(i1, i2, i3, i4):
    o1 = i1 @ i2.T
    o2 = i3 @ i4 @ i3.T + i3.T @ i4.T + i2 @ i3.T + i3 @ i2.T
    return o1, o2

[Process 0] step=9, generation took 612.23s
[Process 0] best score so far: 1.1252103060255298, content:
def fun(i1, i2, i3, i4):
    o1 = i1 @ i2.T
    o2 = i3 @ i4 @ i3.T + i3.T @ i4.T + i2 @ i3.T + i3 @ i2.T
    return o1, o2

[Process 3] step=9, generation took 623.88s
[Process 3] best score so far: 1.1243642464437924, content:
def fun(i1, i2, i3, i4):
    o1 = i1 @ i2.T
    o2 = i2 @ i3 + i4 @ i3.T + i3 @ i2.T
    return o1, o2

[Process 2] step=9, generation took 637.11s
[Process 2] best score so far: 1.1243642464437924, content:
def fun(i1, i2, i3, i4):
    o1 = i1 @ i2.T
    o2 = i2 @ i3 + i4 @ i3.T + i3 @ i2.T
    return o1, o2

[Process 1] step=9, generation took 641.29s
[Process 1] best score so far: 1.1252103060255298, content:
def fun(i1, i2, i3, i4):
    o1 = i1 @ i2.T
    o2 = i3 @ i4 @ i3.T + i3.T @ i4.T + i2 @ i3.T + i3 @ i2.T
    return o1, o2


[Main] Collecting best scores from each thread's memory:
  Thread 0: best score 1.1252103060255298
  Thread 1: best score 1.1252103060255298
  Thread 2: best score 1.1243642464437924
  Thread 3: best score 1.1243642464437924

[Main] Sorted memory_infos (score, thread_idx):
  1.1243642464437924, thread 2
  1.1243642464437924, thread 3
  1.1252103060255298, thread 0
  1.1252103060255298, thread 1

[Main] Worst half (to be reinitialized):
  Thread 0 with score 1.1252103060255298
  Thread 1 with score 1.1252103060255298

[Main] Donor candidates (top half):
  Thread 2 with score 1.1243642464437924
  Thread 3 with score 1.1243642464437924
[Main] Reinitializing memory for thread 0 with best element from thread 2.
[Main] Reinitializing memory for thread 1 with best element from thread 3.

==== Outer Iteration 4 ====
[Process 0] started on GPU 0, running 10 iterations...
[Process 1] started on GPU 1, running 10 iterations...
[Process 3] started on GPU 3, running 10 iterations...
[Process 2] started on GPU 2, running 10 iterations...
[Process 3] step=0, generation took 620.45s
[Process 3] best score so far: 1.1243642464437924, content:
def fun(i1, i2, i3, i4):
    o1 = i1 @ i2.T
    o2 = i2 @ i3 + i4 @ i3.T + i3 @ i2.T
    return o1, o2

[Process 0] step=0, generation took 631.66s
[Process 0] best score so far: 1.1243642464437924, content:
def fun(i1, i2, i3, i4):
    o1 = i1 @ i2.T
    o2 = i2 @ i3 + i4 @ i3.T + i3 @ i2.T
    return o1, o2

[Process 1] step=0, generation took 634.41s
[Process 1] best score so far: 1.1243642464437924, content:
def fun(i1, i2, i3, i4):
    o1 = i1 @ i2.T
    o2 = i2 @ i3 + i4 @ i3.T + i3 @ i2.T
    return o1, o2

[Process 2] step=0, generation took 639.58s
[Process 2] best score so far: 1.1243642464437924, content:
def fun(i1, i2, i3, i4):
    o1 = i1 @ i2.T
    o2 = i2 @ i3 + i4 @ i3.T + i3 @ i2.T
    return o1, o2

[Process 3] step=1, generation took 631.99s
[Process 3] best score so far: 1.1243642464437924, content:
def fun(i1, i2, i3, i4):
    o1 = i1 @ i2.T
    o2 = i2 @ i3 + i4 @ i3.T + i3 @ i2.T
    return o1, o2

[Process 0] step=1, generation took 642.12s
[Process 0] best score so far: 1.1243642464437924, content:
def fun(i1, i2, i3, i4):
    o1 = i1 @ i2.T
    o2 = i2 @ i3 + i3 @ i2.T + i4 @ i3.T
    return o1, o2

[Process 1] step=1, generation took 642.79s
[Process 1] best score so far: 1.1243642464437924, content:
def fun(i1, i2, i3, i4):
    o1 = i1 @ i2.T
    o2 = i2 @ i3 + i4 @ i3.T + i3 @ i2.T
    return o1, o2

[Process 2] step=1, generation took 643.85s
[Process 2] best score so far: 1.1243642464437924, content:
def fun(i1, i2, i3, i4):
    o1 = i1 @ i2.T
    o2 = i2 @ i3 + i4 @ i3.T + i3 @ i2.T
    return o1, o2

[Process 3] step=2, generation took 627.07s
[Process 3] best score so far: 1.1243642464437924, content:
def fun(i1, i2, i3, i4):
    o1 = i1 @ i2.T
    o2 = i2 @ i3 + i4 @ i3.T + i3 @ i2.T
    return o1, o2

[Process 0] step=2, generation took 625.95s
[Process 0] best score so far: 1.1243642464437924, content:
def fun(i1, i2, i3, i4):
    o1 = i1 @ i2.T
    o2 = i2 @ i3 + i3 @ i2.T + i4 @ i3.T
    return o1, o2

[Process 1] step=2, generation took 641.05s
[Process 1] best score so far: 1.1243642464437924, content:
def fun(i1, i2, i3, i4):
    o1 = i1 @ i2.T
    o2 = i2 @ i3 + i4 @ i3.T + i3 @ i2.T
    return o1, o2

[Process 2] step=2, generation took 641.67s
[Process 2] best score so far: 1.1243642464437924, content:
def fun(i1, i2, i3, i4):
    o1 = i1 @ i2.T
    o2 = i2 @ i3 + i4 @ i3.T + i3 @ i2.T
    return o1, o2

[Process 3] step=3, generation took 606.84s
[Process 3] best score so far: 1.1243642464437924, content:
def fun(i1, i2, i3, i4):
    o1 = i1 @ i2.T
    o2 = i2 @ i3 + i4 @ i3.T + i3 @ i2.T
    return o1, o2

[Process 0] step=3, generation took 627.41s
[Process 0] best score so far: 1.1243642464437924, content:
def fun(i1, i2, i3, i4):
    o1 = i1 @ i2.T
    o2 = i2 @ i3 + i3 @ i2.T + i4 @ i3.T
    return o1, o2

[Process 1] step=3, generation took 638.94s
[Process 1] best score so far: 1.1243642464437924, content:
def fun(i1, i2, i3, i4):
    o1 = i1 @ i2.T
    o2 = i2 @ i3 + i4 @ i3.T + i3 @ i2.T
    return o1, o2

[Process 2] step=3, generation took 641.35s
[Process 2] best score so far: 1.1243642464437924, content:
def fun(i1, i2, i3, i4):
    o1 = i1 @ i2.T
    o2 = i2 @ i3 + i4 @ i3.T + i3 @ i2.T
    return o1, o2

[Process 3] step=4, generation took 630.80s
[Process 3] best score so far: 1.1243642464437924, content:
def fun(i1, i2, i3, i4):
    o1 = i1 @ i2.T
    o2 = i2 @ i3 + i4 @ i3.T + i3 @ i2.T
    return o1, o2

[Process 0] step=4, generation took 632.93s
[Process 0] best score so far: 1.1243642464437924, content:
def fun(i1, i2, i3, i4):
    o1 = i1 @ i2.T
    o2 = i2 @ i3 + i3 @ i2.T + i4 @ i3.T
    return o1, o2

[Process 1] step=4, generation took 631.07s
[Process 1] best score so far: 1.1243642464437924, content:
def fun(i1, i2, i3, i4):
    o1 = i1 @ i2.T
    o2 = i2 @ i3 + i4 @ i3.T + i3 @ i2.T
    return o1, o2

[Process 2] step=4, generation took 639.92s
[Process 2] best score so far: 1.1243642464437924, content:
def fun(i1, i2, i3, i4):
    o1 = i1 @ i2.T
    o2 = i2 @ i3 + i4 @ i3.T + i3 @ i2.T
    return o1, o2

[Process 3] step=5, generation took 628.18s
[Process 3] best score so far: 1.1243642464437924, content:
def fun(i1, i2, i3, i4):
    o1 = i1 @ i2.T
    o2 = i2 @ i3 + i4 @ i3.T + i3 @ i2.T
    return o1, o2

[Process 0] step=5, generation took 638.69s
[Process 0] best score so far: 1.1243642464437924, content:
def fun(i1, i2, i3, i4):
    o1 = i1 @ i2.T
    o2 = i2 @ i3 + i3 @ i2.T + i4 @ i3.T
    return o1, o2

[Process 1] step=5, generation took 640.61s
[Process 1] best score so far: 1.1243642464437924, content:
def fun(i1, i2, i3, i4):
    o1 = i1 @ i2.T
    o2 = i2 @ i3 + i4 @ i3.T + i3 @ i2.T
    return o1, o2

[Process 2] step=5, generation took 638.98s
[Process 2] best score so far: 1.1243642464437924, content:
def fun(i1, i2, i3, i4):
    o1 = i1 @ i2.T
    o2 = i2 @ i3 + i4 @ i3.T + i3 @ i2.T
    return o1, o2

[Process 3] step=6, generation took 612.82s
[Process 3] best score so far: 1.1243642464437924, content:
def fun(i1, i2, i3, i4):
    o1 = i1 @ i2.T
    o2 = i2 @ i3 + i4 @ i3.T + i3 @ i2.T
    return o1, o2

[Process 0] step=6, generation took 628.60s
[Process 0] best score so far: 1.1243642464437924, content:
def fun(i1, i2, i3, i4):
    o1 = i1 @ i2.T
    o2 = i2 @ i3 + i3 @ i2.T + i4 @ i3.T
    return o1, o2

[Process 1] step=6, generation took 633.77s
[Process 1] best score so far: 1.1243642464437924, content:
def fun(i1, i2, i3, i4):
    o1 = i1 @ i2.T
    o2 = i2 @ i3 + i4 @ i3.T + i3 @ i2.T
    return o1, o2

[Process 2] step=6, generation took 637.80s
[Process 2] best score so far: 1.1243642464437924, content:
def fun(i1, i2, i3, i4):
    o1 = i1 @ i2.T
    o2 = i2 @ i3 + i4 @ i3.T + i3 @ i2.T
    return o1, o2

[Process 3] step=7, generation took 624.73s
[Process 3] best score so far: 1.1243642464437924, content:
def fun(i1, i2, i3, i4):
    o1 = i1 @ i2.T
    o2 = i2 @ i3 + i4 @ i3.T + i3 @ i2.T
    return o1, o2

[Process 0] step=7, generation took 624.35s
[Process 0] best score so far: 1.1243642464437924, content:
def fun(i1, i2, i3, i4):
    o1 = i1 @ i2.T
    o2 = i2 @ i3 + i3 @ i2.T + i4 @ i3.T
    return o1, o2

[Process 1] step=7, generation took 629.74s
[Process 1] best score so far: 1.1243642464437924, content:
def fun(i1, i2, i3, i4):
    o1 = i1 @ i2.T
    o2 = i2 @ i3 + i4 @ i3.T + i3 @ i2.T
    return o1, o2

[Process 2] step=7, generation took 642.99s
[Process 2] best score so far: 1.1243642464437924, content:
def fun(i1, i2, i3, i4):
    o1 = i1 @ i2.T
    o2 = i2 @ i3 + i4 @ i3.T + i3 @ i2.T
    return o1, o2

[Process 3] step=8, generation took 626.15s
[Process 3] best score so far: 1.1243642464437924, content:
def fun(i1, i2, i3, i4):
    o1 = i1 @ i2.T
    o2 = i2 @ i3 + i4 @ i3.T + i3 @ i2.T
    return o1, o2

[Process 0] step=8, generation took 616.99s
[Process 0] best score so far: 1.1243642464437924, content:
def fun(i1, i2, i3, i4):
    o1 = i1 @ i2.T
    o2 = i2 @ i3 + i3 @ i2.T + i4 @ i3.T
    return o1, o2

[Process 1] step=8, generation took 635.23s
[Process 1] best score so far: 1.1243642464437924, content:
def fun(i1, i2, i3, i4):
    o1 = i1 @ i2.T
    o2 = i2 @ i3 + i4 @ i3.T + i3 @ i2.T
    return o1, o2

[Process 2] step=8, generation took 642.35s
[Process 2] best score so far: 1.1243642464437924, content:
def fun(i1, i2, i3, i4):
    o1 = i1 @ i2.T
    o2 = i2 @ i3 + i4 @ i3.T + i3 @ i2.T
    return o1, o2

[Process 3] step=9, generation took 617.54s
[Process 3] best score so far: 1.1243642464437924, content:
def fun(i1, i2, i3, i4):
    o1 = i1 @ i2.T
    o2 = i2 @ i3 + i4 @ i3.T + i3 @ i2.T
    return o1, o2

[Process 0] step=9, generation took 623.94s
[Process 0] best score so far: 1.1243642464437924, content:
def fun(i1, i2, i3, i4):
    o1 = i1 @ i2.T
    o2 = i2 @ i3 + i3 @ i2.T + i4 @ i3.T
    return o1, o2

[Process 1] step=9, generation took 629.86s
[Process 1] best score so far: 1.1243642464437924, content:
def fun(i1, i2, i3, i4):
    o1 = i1 @ i2.T
    o2 = i2 @ i3 + i4 @ i3.T + i3 @ i2.T
    return o1, o2

[Process 2] step=9, generation took 641.00s
[Process 2] best score so far: 1.1243642464437924, content:
def fun(i1, i2, i3, i4):
    o1 = i1 @ i2.T
    o2 = i2 @ i3 + i4 @ i3.T + i3 @ i2.T
    return o1, o2


[Main] Collecting best scores from each thread's memory:
  Thread 0: best score 1.1243642464437924
  Thread 1: best score 1.1243642464437924
  Thread 2: best score 1.1243642464437924
  Thread 3: best score 1.1243642464437924

[Main] Sorted memory_infos (score, thread_idx):
  1.1243642464437924, thread 0
  1.1243642464437924, thread 1
  1.1243642464437924, thread 2
  1.1243642464437924, thread 3

[Main] Worst half (to be reinitialized):
  Thread 2 with score 1.1243642464437924
  Thread 3 with score 1.1243642464437924

[Main] Donor candidates (top half):
  Thread 0 with score 1.1243642464437924
  Thread 1 with score 1.1243642464437924
[Main] Reinitializing memory for thread 2 with best element from thread 0.
[Main] Reinitializing memory for thread 3 with best element from thread 1.

==== Outer Iteration 5 ====
[Process 1] started on GPU 1, running 10 iterations...
[Process 0] started on GPU 0, running 10 iterations...
[Process 2] started on GPU 2, running 10 iterations...
[Process 3] started on GPU 3, running 10 iterations...
[Process 0] step=0, generation took 625.39s
[Process 0] best score so far: 1.1243642464437924, content:
def fun(i1, i2, i3, i4):
    o1 = i1 @ i2.T
    o2 = i2 @ i3 + i3 @ i2.T + i4 @ i3.T
    return o1, o2

[Process 1] step=0, generation took 629.72s
[Process 1] best score so far: 1.1243642464437924, content:
def fun(i1, i2, i3, i4):
    o1 = i1 @ i2.T
    o2 = i2 @ i3 + i4 @ i3.T + i3 @ i2.T
    return o1, o2

[Process 2] step=0, generation took 634.35s
[Process 2] best score so far: 1.1243642464437924, content:
def fun(i1, i2, i3, i4):
    o1 = i1 @ i2.T
    o2 = (i2 @ i3) + (i3 @ i2.T) + (i4 @ i3.T)
    return o1, o2

[Process 3] step=0, generation took 634.87s
[Process 3] best score so far: 1.1243642464437924, content:
def fun(i1, i2, i3, i4):
    o1 = i1 @ i2.T
    o2 = i2 @ i3 + i4 @ i3.T + i3 @ i2.T
    return o1, o2

[Process 1] step=1, generation took 630.69s
[Process 1] best score so far: 1.1243642464437924, content:
def fun(i1, i2, i3, i4):
    o1 = i1 @ i2.T
    o2 = i2 @ i3 + i4 @ i3.T + i3 @ i2.T
    return o1, o2

[Process 0] step=1, generation took 635.45s
[Process 0] best score so far: 1.1243642464437924, content:
def fun(i1, i2, i3, i4):
    o1 = i1 @ i2.T
    o2 = i2 @ i3 + i3 @ i2.T + i4 @ i3.T
    return o1, o2

[Process 2] step=1, generation took 644.96s
[Process 2] best score so far: 1.1243642464437924, content:
def fun(i1, i2, i3, i4):
    o1 = i1 @ i2.T
    o2 = i2 @ i3 + i3 @ i2.T + i4 @ i3.T
    return o1, o2

[Process 3] step=1, generation took 645.26s
[Process 3] best score so far: 1.1243642464437924, content:
def fun(i1, i2, i3, i4):
    o1 = i1 @ i2.T
    o2 = i2 @ i3 + i4 @ i3.T + i3 @ i2.T
    return o1, o2

[Process 1] step=2, generation took 617.46s
[Process 1] best score so far: 1.1243642464437924, content:
def fun(i1, i2, i3, i4):
    o1 = i1 @ i2.T
    o2 = i2 @ i3 + i4 @ i3.T + i3 @ i2.T
    return o1, o2

[Process 0] step=2, generation took 625.77s
[Process 0] best score so far: 1.1243642464437924, content:
def fun(i1, i2, i3, i4):
    o1 = i1 @ i2.T
    o2 = i2 @ i3 + i3 @ i2.T + i4 @ i3.T
    return o1, o2

[Process 2] step=2, generation took 614.68s
[Process 2] best score so far: 1.1243642464437924, content:
def fun(i1, i2, i3, i4):
    o1 = i1 @ i2.T
    o2 = (i2 @ i3) + (i3 @ i2.T) + (i4 @ i3.T)
    return o1, o2

[Process 3] step=2, generation took 637.84s
[Process 3] best score so far: 1.1243642464437924, content:
def fun(i1, i2, i3, i4):
    o1 = i1 @ i2.T
    o2 = i2 @ i3 + i4 @ i3.T + i3 @ i2.T
    return o1, o2

[Process 1] step=3, generation took 627.72s
[Process 1] best score so far: 1.1243642464437924, content:
def fun(i1, i2, i3, i4):
    o1 = i1 @ i2.T
    o2 = i2 @ i3 + i4 @ i3.T + i3 @ i2.T
    return o1, o2

[Process 0] step=3, generation took 624.52s
[Process 0] best score so far: 1.1243642464437924, content:
def fun(i1, i2, i3, i4):
    o1 = i1 @ i2.T
    o2 = i2 @ i3 + i3 @ i2.T + i4 @ i3.T
    return o1, o2

[Process 2] step=3, generation took 627.03s
[Process 2] best score so far: 1.1243642464437924, content:
def fun(i1, i2, i3, i4):
    o1 = i1 @ i2.T
    o2 = i2 @ i3 + i3 @ i2.T + i4 @ i3.T
    return o1, o2

[Process 3] step=3, generation took 620.94s
[Process 3] best score so far: 1.1243642464437924, content:
def fun(i1, i2, i3, i4):
    o1 = i1 @ i2.T
    o2 = i2 @ i3 + i4 @ i3.T + i3 @ i2.T
    return o1, o2

[Process 1] step=4, generation took 622.75s
[Process 1] best score so far: 1.1243642464437924, content:
def fun(i1, i2, i3, i4):
    o1 = i1 @ i2.T
    o2 = i2 @ i3 + i4 @ i3.T + i3 @ i2.T
    return o1, o2

[Process 0] step=4, generation took 625.82s
[Process 0] best score so far: 1.1243642464437924, content:
def fun(i1, i2, i3, i4):
    o1 = i1 @ i2.T
    o2 = i2 @ i3 + i3 @ i2.T + i4 @ i3.T
    return o1, o2

[Process 2] step=4, generation took 631.63s
[Process 2] best score so far: 1.1243642464437924, content:
def fun(i1, i2, i3, i4):
    o1 = i1 @ i2.T
    o2 = i2 @ i3 + i3 @ i2.T + i4 @ i3.T
    return o1, o2

[Process 3] step=4, generation took 621.96s
[Process 3] best score so far: 1.1243642464437924, content:
def fun(i1, i2, i3, i4):
    o1 = i1 @ i2.T
    o2 = i2 @ i3 + i4 @ i3.T + i3 @ i2.T
    return o1, o2

[Process 1] step=5, generation took 624.11s
[Process 1] best score so far: 1.1243642464437924, content:
def fun(i1, i2, i3, i4):
    o1 = i1 @ i2.T
    o2 = i2 @ i3 + i4 @ i3.T + i3 @ i2.T
    return o1, o2

[Process 0] step=5, generation took 628.18s
[Process 0] best score so far: 1.1243642464437924, content:
def fun(i1, i2, i3, i4):
    o1 = i1 @ i2.T
    o2 = i2 @ i3 + i3 @ i2.T + i4 @ i3.T
    return o1, o2

[Process 2] step=5, generation took 627.39s
[Process 2] best score so far: 1.1243642464437924, content:
def fun(i1, i2, i3, i4):
    o1 = i1 @ i2.T
    o2 = i2 @ i3 + i3 @ i2.T + i4 @ i3.T
    return o1, o2

[Process 3] step=5, generation took 624.11s
[Process 3] best score so far: 1.1243642464437924, content:
def fun(i1, i2, i3, i4):
    o1 = i1 @ i2.T
    o2 = i2 @ i3 + i4 @ i3.T + i3 @ i2.T
    return o1, o2

[Process 1] step=6, generation took 625.73s
[Process 1] best score so far: 1.1243642464437924, content:
def fun(i1, i2, i3, i4):
    o1 = i1 @ i2.T
    o2 = i2 @ i3 + i4 @ i3.T + i3 @ i2.T
    return o1, o2

[Process 0] step=6, generation took 619.36s
[Process 0] best score so far: 1.1243642464437924, content:
def fun(i1, i2, i3, i4):
    o1 = i1 @ i2.T
    o2 = i2 @ i3 + i3 @ i2.T + i4 @ i3.T
    return o1, o2

[Process 2] step=6, generation took 626.79s
[Process 2] best score so far: 1.1243642464437924, content:
def fun(i1, i2, i3, i4):
    o1 = i1 @ i2.T
    o2 = i2 @ i3 + i3 @ i2.T + i4 @ i3.T
    return o1, o2

[Process 3] step=6, generation took 632.18s
[Process 3] best score so far: 1.1243642464437924, content:
def fun(i1, i2, i3, i4):
    o1 = i1 @ i2.T
    o2 = i2 @ i3 + i4 @ i3.T + i3 @ i2.T
    return o1, o2

[Process 1] step=7, generation took 630.13s
[Process 1] best score so far: 1.1243642464437924, content:
def fun(i1, i2, i3, i4):
    o1 = i1 @ i2.T
    o2 = i2 @ i3 + i4 @ i3.T + i3 @ i2.T
    return o1, o2

[Process 0] step=7, generation took 629.11s
[Process 0] best score so far: 1.1243642464437924, content:
def fun(i1, i2, i3, i4):
    o1 = i1 @ i2.T
    o2 = i2 @ i3 + i3 @ i2.T + i4 @ i3.T
    return o1, o2

[Process 2] step=7, generation took 620.75s
[Process 2] best score so far: 1.1243642464437924, content:
def fun(i1, i2, i3, i4):
    o1 = i1 @ i2.T
    o2 = i2 @ i3 + i3 @ i2.T + i4 @ i3.T
    return o1, o2

[Process 3] step=7, generation took 628.07s
[Process 3] best score so far: 1.1243642464437924, content:
def fun(i1, i2, i3, i4):
    o1 = i1 @ i2.T
    o2 = i2 @ i3 + i4 @ i3.T + i3 @ i2.T
    return o1, o2

[Process 1] step=8, generation took 619.27s
[Process 1] best score so far: 1.1243642464437924, content:
def fun(i1, i2, i3, i4):
    o1 = i1 @ i2.T
    o2 = i2 @ i3 + i4 @ i3.T + i3 @ i2.T
    return o1, o2

[Process 0] step=8, generation took 621.08s
[Process 0] best score so far: 1.1243642464437924, content:
def fun(i1, i2, i3, i4):
    o1 = i1 @ i2.T
    o2 = i2 @ i3 + i3 @ i2.T + i4 @ i3.T
    return o1, o2

[Process 2] step=8, generation took 630.13s
[Process 2] best score so far: 1.1243642464437924, content:
def fun(i1, i2, i3, i4):
    o1 = i1 @ i2.T
    o2 = i2 @ i3 + i3 @ i2.T + i4 @ i3.T
    return o1, o2

[Process 3] step=8, generation took 617.41s
[Process 3] best score so far: 1.1243642464437924, content:
def fun(i1, i2, i3, i4):
    o1 = i1 @ i2.T
    o2 = i2 @ i3 + i4 @ i3.T + i3 @ i2.T
    return o1, o2

[Process 1] step=9, generation took 626.93s
[Process 1] best score so far: 1.1243642464437924, content:
def fun(i1, i2, i3, i4):
    o1 = i1 @ i2.T
    o2 = i2 @ i3 + i4 @ i3.T + i3 @ i2.T
    return o1, o2

[Process 0] step=9, generation took 626.44s
[Process 0] best score so far: 1.1243642464437924, content:
def fun(i1, i2, i3, i4):
    o1 = i1 @ i2.T
    o2 = i2 @ i3 + i3 @ i2.T + i4 @ i3.T
    return o1, o2

[Process 2] step=9, generation took 629.08s
[Process 2] best score so far: 1.1243642464437924, content:
def fun(i1, i2, i3, i4):
    o1 = i1 @ i2.T
    o2 = i2 @ i3 + i3 @ i2.T + i4 @ i3.T
    return o1, o2

[Process 3] step=9, generation took 631.56s
[Process 3] best score so far: 1.1243642464437924, content:
def fun(i1, i2, i3, i4):
    o1 = i1 @ i2.T
    o2 = i2 @ i3 + i4 @ i3.T + i3 @ i2.T
    return o1, o2


[Main] Collecting best scores from each thread's memory:
  Thread 0: best score 1.1243642464437924
  Thread 1: best score 1.1243642464437924
  Thread 2: best score 1.1243642464437924
  Thread 3: best score 1.1243642464437924

[Main] Sorted memory_infos (score, thread_idx):
  1.1243642464437924, thread 0
  1.1243642464437924, thread 1
  1.1243642464437924, thread 2
  1.1243642464437924, thread 3

[Main] Worst half (to be reinitialized):
  Thread 2 with score 1.1243642464437924
  Thread 3 with score 1.1243642464437924

[Main] Donor candidates (top half):
  Thread 0 with score 1.1243642464437924
  Thread 1 with score 1.1243642464437924
[Main] Reinitializing memory for thread 2 with best element from thread 0.
[Main] Reinitializing memory for thread 3 with best element from thread 1.

==== Outer Iteration 6 ====
[Process 3] started on GPU 3, running 10 iterations...
[Process 2] started on GPU 2, running 10 iterations...
[Process 1] started on GPU 1, running 10 iterations...
[Process 0] started on GPU 0, running 10 iterations...
[Process 0] step=0, generation took 614.54s
[Process 0] best score so far: 1.1243642464437924, content:
def fun(i1, i2, i3, i4):
    o1 = i1 @ i2.T
    o2 = i2 @ i3 + i3 @ i2.T + i4 @ i3.T
    return o1, o2

[Process 1] step=0, generation took 624.97s
[Process 1] best score so far: 1.1243642464437924, content:
def fun(i1, i2, i3, i4):
    o1 = i1 @ i2.T
    o2 = i2 @ i3 + i4 @ i3.T + i3 @ i2.T
    return o1, o2

[Process 3] step=0, generation took 632.54s
[Process 3] best score so far: 1.1243642464437924, content:
def fun(i1, i2, i3, i4):
    o1 = i1 @ i2.T
    o2 = i2 @ i3 + i4 @ i3.T + i3 @ i2.T
    o3 = i2 @ i3.T
    return o1, o2

[Process 2] step=0, generation took 633.50s
[Process 2] best score so far: 1.1243642464437924, content:
def fun(i1, i2, i3, i4):
    o1 = i1 @ i2.T
    o2 = i2 @ i3 + i3 @ i2.T + i4 @ i3.T
    return o1, o2

[Process 0] step=1, generation took 633.47s
[Process 0] best score so far: 1.1243642464437924, content:
def fun(i1, i2, i3, i4):
    o1 = i1 @ i2.T
    o2 = i2 @ i3 + i3 @ i2.T + i4 @ i3.T
    return o1, o2

[Process 1] step=1, generation took 629.09s
[Process 1] best score so far: 1.1243642464437924, content:
def fun(i1, i2, i3, i4):
    o1 = i1 @ i2.T
    o2 = i2 @ i3 + i4 @ i3.T + i3 @ i2.T
    return o1, o2

[Process 3] step=1, generation took 642.19s
[Process 3] best score so far: 1.1243642464437924, content:
def fun(i1, i2, i3, i4):
    o1 = i1 @ i2.T
    o2 = i2 @ i3 + i4 @ i3.T + i3 @ i2.T
    return o1, o2

[Process 2] step=1, generation took 646.52s
[Process 2] best score so far: 1.1243642464437924, content:
def fun(i1, i2, i3, i4):
    o1 = i2 @ i1.T
    o2 = i2 @ i3 + i3 @ i2.T + i4 @ i3.T
    return o1, o2

[Process 0] step=2, generation took 623.50s
[Process 0] best score so far: 1.1243642464437924, content:
def fun(i1, i2, i3, i4):
    o1 = i1 @ i2.T
    o2 = i2 @ i3 + i3 @ i2.T + i4 @ i3.T
    return o1, o2

[Process 1] step=2, generation took 620.24s
[Process 1] best score so far: 1.1243642464437924, content:
def fun(i1, i2, i3, i4):
    o1 = i1 @ i2.T
    o2 = i2 @ i3 + i4 @ i3.T + i3 @ i2.T
    return o1, o2

[Process 2] step=2, generation took 631.24s
[Process 2] best score so far: 1.1243642464437924, content:
def fun(i1, i2, i3, i4):
    o1 = i2 @ i1.T
    o2 = i2 @ i3 + i3 @ i2.T + i4 @ i3.T
    return o1, o2

[Process 3] step=2, generation took 641.21s
[Process 3] best score so far: 1.1243642464437924, content:
def fun(i1, i2, i3, i4):
    o1 = i1 @ i2.T
    o2 = i2 @ i3 + i4 @ i3.T + i3 @ i2.T
    o3 = i2 @ i3.T
    return o1, o2

[Process 0] step=3, generation took 632.81s
[Process 0] best score so far: 1.1243642464437924, content:
def fun(i1, i2, i3, i4):
    o1 = i1 @ i2.T
    o2 = i2 @ i3 + i3 @ i2.T + i4 @ i3.T
    return o1, o2

[Process 1] step=3, generation took 633.46s
[Process 1] best score so far: 1.1243642464437924, content:
def fun(i1, i2, i3, i4):
    o1 = i1 @ i2.T
    o2 = i2 @ i3 + i4 @ i3.T + i3 @ i2.T
    return o1, o2

[Process 3] step=3, generation took 616.99s
[Process 3] best score so far: 1.1243642464437924, content:
def fun(i1, i2, i3, i4):
    o1 = i1 @ i2.T
    o2 = i2 @ i3 + i4 @ i3.T + i3 @ i2.T
    o3 = i2 @ i3.T
    return o1, o2

[Process 2] step=3, generation took 622.90s
[Process 2] best score so far: 1.1243642464437924, content:
def fun(i1, i2, i3, i4):
    o1 = i2 @ i1.T
    o2 = i2 @ i3 + i3 @ i2.T + i4 @ i3.T
    return o1, o2

[Process 0] step=4, generation took 625.78s
[Process 0] best score so far: 1.1243642464437924, content:
def fun(i1, i2, i3, i4):
    o1 = i1 @ i2.T
    o2 = i2 @ i3 + i3 @ i2.T + i4 @ i3.T
    return o1, o2

[Process 1] step=4, generation took 629.23s
[Process 1] best score so far: 1.1243642464437924, content:
def fun(i1, i2, i3, i4):
    o1 = i1 @ i2.T
    o2 = i2 @ i3 + i4 @ i3.T + i3 @ i2.T
    return o1, o2

[Process 2] step=4, generation took 626.10s
[Process 2] best score so far: 1.1243642464437924, content:
def fun(i1, i2, i3, i4):
    o1 = i2 @ i1.T
    o2 = i2 @ i3 + i3 @ i2.T + i4 @ i3.T
    return o1, o2

[Process 3] step=4, generation took 630.34s
[Process 3] best score so far: 1.1243642464437924, content:
def fun(i1, i2, i3, i4):
    o1 = i1 @ i2.T
    o2 = i2 @ i3 + i4 @ i3.T + i3 @ i2.T
    o3 = i2 @ i3.T
    return o1, o2

[Process 0] step=5, generation took 630.89s
[Process 0] best score so far: 1.1243642464437924, content:
def fun(i1, i2, i3, i4):
    o1 = i1 @ i2.T
    o2 = i2 @ i3 + i3 @ i2.T + i4 @ i3.T
    return o1, o2

[Process 1] step=5, generation took 630.42s
[Process 1] best score so far: 1.1243642464437924, content:
def fun(i1, i2, i3, i4):
    o1 = i1 @ i2.T
    o2 = i2 @ i3 + i4 @ i3.T + i3 @ i2.T
    return o1, o2

[Process 2] step=5, generation took 627.73s
[Process 2] best score so far: 1.1243642464437924, content:
def fun(i1, i2, i3, i4):
    o1 = i2 @ i1.T
    o2 = i2 @ i3 + i3 @ i2.T + i4 @ i3.T
    return o1, o2

[Process 3] step=5, generation took 631.04s
[Process 3] best score so far: 1.1243642464437924, content:
def fun(i1, i2, i3, i4):
    o1 = i1 @ i2.T
    o2 = i2 @ i3 + i4 @ i3.T + i3 @ i2.T
    o3 = i2 @ i3.T
    return o1, o2

[Process 0] step=6, generation took 634.65s
[Process 0] best score so far: 1.1243642464437924, content:
def fun(i1, i2, i3, i4):
    o1 = i1 @ i2.T
    o2 = i2 @ i3 + i3 @ i2.T + i4 @ i3.T
    return o1, o2

[Process 1] step=6, generation took 630.01s
[Process 1] best score so far: 1.1243642464437924, content:
def fun(i1, i2, i3, i4):
    o1 = i1 @ i2.T
    o2 = i2 @ i3 + i4 @ i3.T + i3 @ i2.T
    return o1, o2

[Process 2] step=6, generation took 628.07s
[Process 2] best score so far: 1.1243642464437924, content:
def fun(i1, i2, i3, i4):
    o1 = i2 @ i1.T
    o2 = i2 @ i3 + i3 @ i2.T + i4 @ i3.T
    return o1, o2

[Process 3] step=6, generation took 628.40s
[Process 3] best score so far: 1.1243642464437924, content:
def fun(i1, i2, i3, i4):
    o1 = i1 @ i2.T
    o2 = i2 @ i3 + i4 @ i3.T + i3 @ i2.T
    o3 = i2 @ i3.T
    return o1, o2

[Process 0] step=7, generation took 631.30s
[Process 0] best score so far: 1.1243642464437924, content:
def fun(i1, i2, i3, i4):
    o1 = i1 @ i2.T
    o2 = i2 @ i3 + i3 @ i2.T + i4 @ i3.T
    return o1, o2

[Process 2] step=7, generation took 620.07s
[Process 2] best score so far: 1.1243642464437924, content:
def fun(i1, i2, i3, i4):
    o1 = i2 @ i1.T
    o2 = i2 @ i3 + i3 @ i2.T + i4 @ i3.T
    return o1, o2

[Process 1] step=7, generation took 635.76s
[Process 1] best score so far: 1.1243642464437924, content:
def fun(i1, i2, i3, i4):
    o1 = i1 @ i2.T
    o2 = i2 @ i3 + i4 @ i3.T + i3 @ i2.T
    return o1, o2

[Process 3] step=7, generation took 620.97s
[Process 3] best score so far: 1.1243642464437924, content:
def fun(i1, i2, i3, i4):
    o1 = i1 @ i2.T
    o2 = i2 @ i3 + i4 @ i3.T + i3 @ i2.T
    o3 = i2 @ i3.T
    return o1, o2

[Process 2] step=8, generation took 619.18s
[Process 2] best score so far: 1.1243642464437924, content:
def fun(i1, i2, i3, i4):
    o1 = i2 @ i1.T
    o2 = i2 @ i3 + i3 @ i2.T + i4 @ i3.T
    return o1, o2

[Process 1] step=8, generation took 616.02s
[Process 1] best score so far: 1.1243642464437924, content:
def fun(i1, i2, i3, i4):
    o1 = i1 @ i2.T
    o2 = i2 @ i3 + i4 @ i3.T + i3 @ i2.T
    return o1, o2

[Process 0] step=8, generation took 630.04s
[Process 0] best score so far: 1.1243642464437924, content:
def fun(i1, i2, i3, i4):
    o1 = i1 @ i2.T
    o2 = i2 @ i3 + i3 @ i2.T + i4 @ i3.T
    return o1, o2

[Process 3] step=8, generation took 628.72s
[Process 3] best score so far: 1.1243642464437924, content:
def fun(i1, i2, i3, i4):
    o1 = i1 @ i2.T
    o2 = i2 @ i3 + i4 @ i3.T + i3 @ i2.T
    o3 = i2 @ i3.T
    return o1, o2

[Process 2] step=9, generation took 621.06s
[Process 2] best score so far: 1.1243642464437924, content:
def fun(i1, i2, i3, i4):
    o1 = i2 @ i1.T
    o2 = i2 @ i3 + i3 @ i2.T + i4 @ i3.T
    return o1, o2

[Process 1] step=9, generation took 631.81s
[Process 1] best score so far: 1.1243642464437924, content:
def fun(i1, i2, i3, i4):
    o1 = i1 @ i2.T
    o2 = i2 @ i3 + i4 @ i3.T + i3 @ i2.T
    return o1, o2

[Process 3] step=9, generation took 620.67s
[Process 3] best score so far: 1.1243642464437924, content:
def fun(i1, i2, i3, i4):
    o1 = i1 @ i2.T
    o2 = i2 @ i3 + i4 @ i3.T + i3 @ i2.T
    o3 = i2 @ i3.T
    return o1, o2

[Process 0] step=9, generation took 631.66s
[Process 0] best score so far: 1.1243642464437924, content:
def fun(i1, i2, i3, i4):
    o1 = i1 @ i2.T
    o2 = i2 @ i3 + i3 @ i2.T + i4 @ i3.T
    return o1, o2


[Main] Collecting best scores from each thread's memory:
  Thread 0: best score 1.1243642464437924
  Thread 1: best score 1.1243642464437924
  Thread 2: best score 1.1243642464437924
  Thread 3: best score 1.1243642464437924

[Main] Sorted memory_infos (score, thread_idx):
  1.1243642464437924, thread 0
  1.1243642464437924, thread 1
  1.1243642464437924, thread 2
  1.1243642464437924, thread 3

[Main] Worst half (to be reinitialized):
  Thread 2 with score 1.1243642464437924
  Thread 3 with score 1.1243642464437924

[Main] Donor candidates (top half):
  Thread 0 with score 1.1243642464437924
  Thread 1 with score 1.1243642464437924
[Main] Reinitializing memory for thread 2 with best element from thread 0.
[Main] Reinitializing memory for thread 3 with best element from thread 1.

==== Outer Iteration 7 ====
[Process 2] started on GPU 2, running 10 iterations...
[Process 0] started on GPU 0, running 10 iterations...
[Process 3] started on GPU 3, running 10 iterations...
[Process 1] started on GPU 1, running 10 iterations...
[Process 2] step=0, generation took 632.31s
[Process 2] best score so far: 1.1243642464437924, content:
def fun(i1, i2, i3, i4):
    o1 = i1 @ i2.T
    o2 = i2 @ i3 + i3 @ i2.T + i4 @ i3.T
    return o1, o2

[Process 3] step=0, generation took 634.06s
[Process 3] best score so far: 1.1243642464437924, content:
def fun(i1, i2, i3, i4):
    o1 = i1 @ i2.T
    o2 = i2 @ i3 + i4 @ i3.T + i3 @ i2.T
    return o1, o2

[Process 0] step=0, generation took 633.63s
[Process 0] best score so far: 1.1243642464437924, content:
def fun(i1, i2, i3, i4):
    o1 = i1 @ i2.T
    o2 = i2 @ i3 + i3 @ i2.T + i4 @ i3.T
    return o1, o2

[Process 1] step=0, generation took 637.57s
[Process 1] best score so far: 1.1243642464437924, content:
def fun(i1, i2, i3, i4):
    o1 = i1 @ i2.T
    o2 = i2 @ i3 + i4 @ i3.T + i3 @ i2.T
    return o1, o2

[Process 2] step=1, generation took 617.37s
[Process 2] best score so far: 1.1243642464437924, content:
def fun(i1, i2, i3, i4):
    o1 = i1 @ i2.T
    o2 = i2 @ i3 + i3 @ i2.T + i4 @ i3.T
    return o1, o2

[Process 1] step=1, generation took 631.23s
[Process 1] best score so far: 1.1243642464437924, content:
def fun(i1, i2, i3, i4):
    o1 = i1 @ i2.T
    o2 = i2 @ i3 + i4 @ i3.T + i3 @ i2.T
    return o1, o2

[Process 0] step=1, generation took 640.11s
[Process 0] best score so far: 1.1243642464437924, content:
def fun(i1, i2, i3, i4):
    o1 = i1 @ i2.T
    o2 = i2 @ i3 + i3 @ i2.T + i4 @ i3.T
    return o1, o2

[Process 3] step=1, generation took 647.44s
[Process 3] best score so far: 1.1243642464437924, content:
def fun(i1, i2, i3, i4):
    o1 = i2 @ i1.T
    o2 = i2 @ i3 + i4 @ i3.T + i3 @ i2.T
    return o1, o2

[Process 2] step=2, generation took 618.45s
[Process 2] best score so far: 1.1243642464437924, content:
def fun(i1, i2, i3, i4):
    o1 = i1 @ i2.T
    o2 = i2 @ i3 + i3 @ i2.T + i4 @ i3.T
    return o1, o2

[Process 1] step=2, generation took 634.75s
[Process 1] best score so far: 1.1243642464437924, content:
def fun(i1, i2, i3, i4):
    o1 = i1 @ i2.T
    o2 = i2 @ i3 + i4 @ i3.T + i3 @ i2.T
    return o1, o2

[Process 0] step=2, generation took 634.65s
[Process 0] best score so far: 1.1243642464437924, content:
def fun(i1, i2, i3, i4):
    o1 = i1 @ i2.T
    o2 = i2 @ i3 + i3 @ i2.T + i4 @ i3.T
    return o1, o2

[Process 3] step=2, generation took 632.31s
[Process 3] best score so far: 1.1243642464437924, content:
def fun(i1, i2, i3, i4):
    o1 = i1 @ i2.T
    o2 = i2 @ i3 + i4 @ i3.T + i3 @ i2.T
    return o1, o2

[Process 2] step=3, generation took 627.67s
[Process 2] best score so far: 1.1243642464437924, content:
def fun(i1, i2, i3, i4):
    o1 = i1 @ i2.T
    o2 = i2 @ i3 + i3 @ i2.T + i4 @ i3.T
    return o1, o2

[Process 1] step=3, generation took 633.49s
[Process 1] best score so far: 1.1243642464437924, content:
def fun(i1, i2, i3, i4):
    o1 = i1 @ i2.T
    o2 = i2 @ i3 + i4 @ i3.T + i3 @ i2.T
    return o1, o2

[Process 0] step=3, generation took 635.09s
[Process 0] best score so far: 1.1243642464437924, content:
def fun(i1, i2, i3, i4):
    o1 = i1 @ i2.T
    o2 = i2 @ i3 + i3 @ i2.T + i4 @ i3.T
    return o1, o2

[Process 3] step=3, generation took 634.70s
[Process 3] best score so far: 1.1243642464437924, content:
def fun(i1, i2, i3, i4):
    o1 = i2 @ i1.T
    o2 = i2 @ i3 + i4 @ i3.T + i3 @ i2.T
    return o1, o2

[Process 2] step=4, generation took 626.19s
[Process 2] best score so far: 1.1243642464437924, content:
def fun(i1, i2, i3, i4):
    o1 = i1 @ i2.T
    o2 = i2 @ i3 + i3 @ i2.T + i4 @ i3.T
    return o1, o2

[Process 1] step=4, generation took 626.88s
[Process 1] best score so far: 1.1243642464437924, content:
def fun(i1, i2, i3, i4):
    o1 = i1 @ i2.T
    o2 = i2 @ i3 + i4 @ i3.T + i3 @ i2.T
    return o1, o2

[Process 3] step=4, generation took 632.93s
[Process 3] best score so far: 1.1243642464437924, content:
def fun(i1, i2, i3, i4):
    o1 = i1 @ i2.T
    o2 = i2 @ i3 + i4 @ i3.T + i3 @ i2.T
    return o1, o2

[Process 0] step=4, generation took 637.57s
[Process 0] best score so far: 1.1243642464437924, content:
def fun(i1, i2, i3, i4):
    o1 = i1 @ i2.T
    o2 = i2 @ i3 + i3 @ i2.T + i4 @ i3.T
    return o1, o2

[Process 2] step=5, generation took 628.44s
[Process 2] best score so far: 1.1243642464437924, content:
def fun(i1, i2, i3, i4):
    o1 = i1 @ i2.T
    o2 = i2 @ i3 + i3 @ i2.T + i4 @ i3.T
    return o1, o2

[Process 1] step=5, generation took 637.31s
[Process 1] best score so far: 1.1243642464437924, content:
def fun(i1, i2, i3, i4):
    o1 = i1 @ i2.T
    o2 = i2 @ i3 + i4 @ i3.T + i3 @ i2.T
    return o1, o2

[Process 3] step=5, generation took 628.11s
[Process 3] best score so far: 1.1243642464437924, content:
def fun(i1, i2, i3, i4):
    o1 = i1 @ i2.T
    o2 = i2 @ i3 + i4 @ i3.T + i3 @ i2.T
    return o1, o2

[Process 0] step=5, generation took 635.44s
[Process 0] best score so far: 1.1243642464437924, content:
def fun(i1, i2, i3, i4):
    o1 = i1 @ i2.T
    o2 = i2 @ i3 + i3 @ i2.T + i4 @ i3.T
    return o1, o2

[Process 2] step=6, generation took 628.65s
[Process 2] best score so far: 1.1243642464437924, content:
def fun(i1, i2, i3, i4):
    o1 = i1 @ i2.T
    o2 = i2 @ i3 + i3 @ i2.T + i4 @ i3.T
    return o1, o2

[Process 3] step=6, generation took 627.93s
[Process 3] best score so far: 1.1243642464437924, content:
def fun(i1, i2, i3, i4):
    o1 = i1 @ i2.T
    o2 = i2 @ i3 + i4 @ i3.T + i3 @ i2.T
    return o1, o2

[Process 1] step=6, generation took 639.09s
[Process 1] best score so far: 1.1243642464437924, content:
def fun(i1, i2, i3, i4):
    o1 = i1 @ i2.T
    o2 = i2 @ i3 + i4 @ i3.T + i3 @ i2.T
    return o1, o2

[Process 0] step=6, generation took 640.67s
[Process 0] best score so far: 1.1243642464437924, content:
def fun(i1, i2, i3, i4):
    o1 = i1 @ i2.T
    o2 = i2 @ i3 + i3 @ i2.T + i4 @ i3.T
    return o1, o2

[Process 2] step=7, generation took 629.14s
[Process 2] best score so far: 1.1243642464437924, content:
def fun(i1, i2, i3, i4):
    o1 = i1 @ i2.T
    o2 = i2 @ i3 + i3 @ i2.T + i4 @ i3.T
    return o1, o2

[Process 3] step=7, generation took 625.57s
[Process 3] best score so far: 1.1243642464437924, content:
def fun(i1, i2, i3, i4):
    o1 = i1 @ i2.T
    o2 = i2 @ i3 + i4 @ i3.T + i3 @ i2.T
    return o1, o2

[Process 1] step=7, generation took 639.29s
[Process 1] best score so far: 1.1243642464437924, content:
def fun(i1, i2, i3, i4):
    o1 = i1 @ i2.T
    o2 = i2 @ i3 + i4 @ i3.T + i3 @ i2.T
    return o1, o2

[Process 0] step=7, generation took 634.17s
[Process 0] best score so far: 1.1243642464437924, content:
def fun(i1, i2, i3, i4):
    o1 = i1 @ i2.T
    o2 = i2 @ i3 + i3 @ i2.T + i4 @ i3.T
    return o1, o2

[Process 2] step=8, generation took 627.33s
[Process 2] best score so far: 1.1243642464437924, content:
def fun(i1, i2, i3, i4):
    o1 = i1 @ i2.T
    o2 = i2 @ i3 + i3 @ i2.T + i4 @ i3.T
    return o1, o2

[Process 3] step=8, generation took 633.88s
[Process 3] best score so far: 1.1243642464437924, content:
def fun(i1, i2, i3, i4):
    o1 = i1 @ i2.T
    o2 = i2 @ i3 + i4 @ i3.T + i3 @ i2.T
    return o1, o2

[Process 1] step=8, generation took 636.43s
[Process 1] best score so far: 1.1243642464437924, content:
def fun(i1, i2, i3, i4):
    o1 = i1 @ i2.T
    o2 = i2 @ i3 + i4 @ i3.T + i3 @ i2.T
    return o1, o2

[Process 0] step=8, generation took 635.26s
[Process 0] best score so far: 1.1243642464437924, content:
def fun(i1, i2, i3, i4):
    o1 = i1 @ i2.T
    o2 = i2 @ i3 + i3 @ i2.T + i4 @ i3.T
    return o1, o2

[Process 2] step=9, generation took 625.31s
[Process 2] best score so far: 1.1243642464437924, content:
def fun(i1, i2, i3, i4):
    o1 = i1 @ i2.T
    o2 = i2 @ i3 + i3 @ i2.T + i4 @ i3.T
    return o1, o2

[Process 3] step=9, generation took 634.37s
[Process 3] best score so far: 1.1243642464437924, content:
def fun(i1, i2, i3, i4):
    o1 = i1 @ i2.T
    o2 = i2 @ i3 + i4 @ i3.T + i3 @ i2.T
    return o1, o2

[Process 1] step=9, generation took 639.85s
[Process 1] best score so far: 1.1243642464437924, content:
def fun(i1, i2, i3, i4):
    o1 = i1 @ i2.T
    o2 = i2 @ i3 + i4 @ i3.T + i3 @ i2.T
    return o1, o2

[Process 0] step=9, generation took 637.80s
[Process 0] best score so far: 1.1243642464437924, content:
def fun(i1, i2, i3, i4):
    o1 = i1 @ i2.T
    o2 = i2 @ i3 + i3 @ i2.T + i4 @ i3.T
    return o1, o2


[Main] Collecting best scores from each thread's memory:
  Thread 0: best score 1.1243642464437924
  Thread 1: best score 1.1243642464437924
  Thread 2: best score 1.1243642464437924
  Thread 3: best score 1.1243642464437924

[Main] Sorted memory_infos (score, thread_idx):
  1.1243642464437924, thread 0
  1.1243642464437924, thread 1
  1.1243642464437924, thread 2
  1.1243642464437924, thread 3

[Main] Worst half (to be reinitialized):
  Thread 2 with score 1.1243642464437924
  Thread 3 with score 1.1243642464437924

[Main] Donor candidates (top half):
  Thread 0 with score 1.1243642464437924
  Thread 1 with score 1.1243642464437924
[Main] Reinitializing memory for thread 2 with best element from thread 0.
[Main] Reinitializing memory for thread 3 with best element from thread 1.

==== Outer Iteration 8 ====
[Process 1] started on GPU 1, running 10 iterations...
[Process 2] started on GPU 2, running 10 iterations...
[Process 3] started on GPU 3, running 10 iterations...
[Process 0] started on GPU 0, running 10 iterations...
[Process 2] step=0, generation took 633.55s
[Process 2] best score so far: 1.1243642464437924, content:
def fun(i1, i2, i3, i4):
    o1 = i1 @ i2.T
    o2 = i2 @ i3 + i3 @ i2.T + i4 @ i3.T
    return o1, o2

[Process 3] step=0, generation took 635.02s
[Process 3] best score so far: 1.1243642464437924, content:
def fun(i1, i2, i3, i4):
    o1 = i1 @ i2.T
    o2 = i2 @ i3 + i4 @ i3.T + i3 @ i2.T
    return o1, o2

[Process 0] step=0, generation took 638.23s
[Process 0] best score so far: 1.1243642464437924, content:
def fun(i1, i2, i3, i4):
    o1 = i1 @ i2.T
    o2 = i2 @ i3 + i3 @ i2.T + i4 @ i3.T
    return o1, o2

[Process 1] step=0, generation took 639.93s
[Process 1] best score so far: 1.1243642464437924, content:
def fun(i1, i2, i3, i4):
    o1 = i1 @ i2.T
    o2 = i2 @ i3 + i4 @ i3.T + i3 @ i2.T
    return o1, o2

[Process 0] step=1, generation took 639.76s
[Process 0] best score so far: 1.1243642464437924, content:
def fun(i1, i2, i3, i4):
    o1 = i1 @ i2.T
    o2 = i2 @ i3 + i3 @ i2.T + i4 @ i3.T
    return o1, o2

[Process 3] step=1, generation took 644.68s
[Process 3] best score so far: 1.1243642464437924, content:
def fun(i1, i2, i3, i4):
    o1 = i1 @ i2.T
    o2 = i3 @ i2.T + i4 @ i3.T + i2 @ i3
    return o1, o2

[Process 2] step=1, generation took 648.27s
[Process 2] best score so far: 1.1243642464437924, content:
def fun(i1, i2, i3, i4):
    o1 = i2 @ i1
    o2 = i2 @ i3 + i3 @ i2.T + i4 @ i3.T
    return o1, o2

[Process 1] step=1, generation took 640.42s
[Process 1] best score so far: 1.1243642464437924, content:
def fun(i1, i2, i3, i4):
    o1 = i1 @ i2.T
    o2 = i2 @ i3 + i4 @ i3.T + i3 @ i2.T
    return o1, o2

[Process 0] step=2, generation took 638.51s
[Process 0] best score so far: 1.1243642464437924, content:
def fun(i1, i2, i3, i4):
    o1 = i1 @ i2.T
    o2 = i2 @ i3 + i3 @ i2.T + i4 @ i3.T
    return o1, o2

[Process 1] step=2, generation took 639.05s
[Process 1] best score so far: 1.1243642464437924, content:
def fun(i1, i2, i3, i4):
    o1 = i1 @ i2.T
    o2 = i2 @ i3 + i4 @ i3.T + i3 @ i2.T
    return o1, o2

[Process 3] step=2, generation took 645.53s
[Process 3] best score so far: 1.1243642464437924, content:
def fun(i1, i2, i3, i4):
    o1 = i1 @ i2.T
    o2 = i2 @ i3 + i4 @ i3.T + i3 @ i2.T
    return o1, o2

[Process 2] step=2, generation took 645.53s
[Process 2] best score so far: 1.1243642464437924, content:
def fun(i1, i2, i3, i4):
    o1 = i2 @ i1
    o2 = i2 @ i3 + i3 @ i2.T + i4 @ i3.T
    return o1, o2

[Process 0] step=3, generation took 636.33s
[Process 0] best score so far: 1.1243642464437924, content:
def fun(i1, i2, i3, i4):
    o1 = i1 @ i2.T
    o2 = i2 @ i3 + i3 @ i2.T + i4 @ i3.T
    return o1, o2

[Process 3] step=3, generation took 635.69s
[Process 3] best score so far: 1.1243642464437924, content:
def fun(i1, i2, i3, i4):
    o1 = i1 @ i2.T
    o2 = i3 @ i2.T + i4 @ i3.T + i2 @ i3
    return o1, o2

[Process 2] step=3, generation took 634.11s
[Process 2] best score so far: 1.1243642464437924, content:
def fun(i1, i2, i3, i4):
    o1 = i1 @ i2.T
    o2 = i2 @ i3 + i3 @ i2.T + i4 @ i3.T
    return o1, o2

[Process 1] step=3, generation took 639.64s
[Process 1] best score so far: 1.1243642464437924, content:
def fun(i1, i2, i3, i4):
    o1 = i1 @ i2.T
    o2 = i2 @ i3 + i3 @ i2.T + i4 @ i3.T
    return o1, o2

[Process 3] step=4, generation took 630.80s
[Process 3] best score so far: 1.1243642464437924, content:
def fun(i1, i2, i3, i4):
    o1 = i1 @ i2.T
    o2 = i3 @ i2.T + i4 @ i3.T + i2 @ i3
    return o1, o2

[Process 0] step=4, generation took 636.64s
[Process 0] best score so far: 1.1243642464437924, content:
def fun(i1, i2, i3, i4):
    o1 = i1 @ i2.T
    o2 = i2 @ i3 + i3 @ i2.T + i4 @ i3.T
    return o1, o2

[Process 2] step=4, generation took 631.62s
[Process 2] best score so far: 1.1243642464437924, content:
def fun(i1, i2, i3, i4):
    o1 = i1 @ i2.T
    o2 = i2 @ i3 + i3 @ i2.T + i4 @ i3.T
    return o1, o2

[Process 1] step=4, generation took 639.91s
[Process 1] best score so far: 1.1243642464437924, content:
def fun(i1, i2, i3, i4):
    o1 = i1 @ i2.T
    o2 = i2 @ i3 + i3 @ i2.T + i4 @ i3.T
    return o1, o2

[Process 2] step=5, generation took 616.48s
[Process 2] best score so far: 1.1243642464437924, content:
def fun(i1, i2, i3, i4):
    o1 = i1 @ i2.T
    o2 = i2 @ i3 + i3 @ i2.T + i4 @ i3.T
    return o1, o2

[Process 3] step=5, generation took 627.17s
[Process 3] best score so far: 1.1243642464437924, content:
def fun(i1, i2, i3, i4):
    o1 = i1 @ i2.T
    o2 = i3 @ i2.T + i4 @ i3.T + i2 @ i3
    return o1, o2

[Process 0] step=5, generation took 642.84s
[Process 0] best score so far: 1.1243642464437924, content:
def fun(i1, i2, i3, i4):
    o1 = i1 @ i2.T
    o2 = i2 @ i3 + i3 @ i2.T + i4 @ i3.T
    return o1, o2

[Process 1] step=5, generation took 639.14s
[Process 1] best score so far: 1.1243642464437924, content:
def fun(i1, i2, i3, i4):
    o1 = i1 @ i2.T
    o2 = i2 @ i3 + i3 @ i2.T + i4 @ i3.T
    return o1, o2

[Process 2] step=6, generation took 621.83s
[Process 2] best score so far: 1.1243642464437924, content:
def fun(i1, i2, i3, i4):
    o1 = i1 @ i2.T
    o2 = i2 @ i3 + i3 @ i2.T + i4 @ i3.T
    return o1, o2

[Process 3] step=6, generation took 627.97s
[Process 3] best score so far: 1.1243642464437924, content:
def fun(i1, i2, i3, i4):
    o1 = i1 @ i2.T
    o2 = i3 @ i2.T + i4 @ i3.T + i2 @ i3
    return o1, o2

[Process 0] step=6, generation took 639.99s
[Process 0] best score so far: 1.1243642464437924, content:
def fun(i1, i2, i3, i4):
    o1 = i1 @ i2.T
    o2 = i2 @ i3 + i3 @ i2.T + i4 @ i3.T
    return o1, o2

[Process 1] step=6, generation took 638.62s
[Process 1] best score so far: 1.1243642464437924, content:
def fun(i1, i2, i3, i4):
    o1 = i1 @ i2.T
    o2 = i2 @ i3 + i3 @ i2.T + i4 @ i3.T
    return o1, o2

[Process 2] step=7, generation took 619.17s
[Process 2] best score so far: 1.1243642464437924, content:
def fun(i1, i2, i3, i4):
    o1 = i1 @ i2.T
    o2 = i2 @ i3 + i3 @ i2.T + i4 @ i3.T
    return o1, o2

[Process 3] step=7, generation took 631.00s
[Process 3] best score so far: 1.1243642464437924, content:
def fun(i1, i2, i3, i4):
    o1 = i1 @ i2.T
    o2 = i3 @ i2.T + i4 @ i3.T + i2 @ i3
    return o1, o2

[Process 0] step=7, generation took 643.04s
[Process 0] best score so far: 1.1243642464437924, content:
def fun(i1, i2, i3, i4):
    o1 = i1 @ i2.T
    o2 = i2 @ i3 + i3 @ i2.T + i4 @ i3.T
    return o1, o2

[Process 1] step=7, generation took 639.24s
[Process 1] best score so far: 1.1243642464437924, content:
def fun(i1, i2, i3, i4):
    o1 = i1 @ i2.T
    o2 = i2 @ i3 + i3 @ i2.T + i4 @ i3.T
    return o1, o2

[Process 2] step=8, generation took 617.45s
[Process 2] best score so far: 1.1243642464437924, content:
def fun(i1, i2, i3, i4):
    o1 = i1 @ i2.T
    o2 = i2 @ i3 + i3 @ i2.T + i4 @ i3.T
    return o1, o2

[Process 3] step=8, generation took 629.56s
[Process 3] best score so far: 1.1243642464437924, content:
def fun(i1, i2, i3, i4):
    o1 = i1 @ i2.T
    o2 = i3 @ i2.T + i4 @ i3.T + i2 @ i3
    return o1, o2

[Process 0] step=8, generation took 640.42s
[Process 0] best score so far: 1.1243642464437924, content:
def fun(i1, i2, i3, i4):
    o1 = i1 @ i2.T
    o2 = i2 @ i3 + i3 @ i2.T + i4 @ i3.T
    return o1, o2

[Process 1] step=8, generation took 642.27s
[Process 1] best score so far: 1.1243642464437924, content:
def fun(i1, i2, i3, i4):
    o1 = i1 @ i2.T
    o2 = i2 @ i3 + i3 @ i2.T + i4 @ i3.T
    return o1, o2

[Process 2] step=9, generation took 626.99s
[Process 2] best score so far: 1.1243642464437924, content:
def fun(i1, i2, i3, i4):
    o1 = i1 @ i2.T
    o2 = i2 @ i3 + i3 @ i2.T + i4 @ i3.T
    return o1, o2

[Process 3] step=9, generation took 627.34s
[Process 3] best score so far: 1.1243642464437924, content:
def fun(i1, i2, i3, i4):
    o1 = i1 @ i2.T
    o2 = i3 @ i2.T + i4 @ i3.T + i2 @ i3
    return o1, o2

[Process 0] step=9, generation took 641.25s
[Process 0] best score so far: 1.1243642464437924, content:
def fun(i1, i2, i3, i4):
    o1 = i1 @ i2.T
    o2 = i2 @ i3 + i3 @ i2.T + i4 @ i3.T
    return o1, o2

[Process 1] step=9, generation took 639.75s
[Process 1] best score so far: 1.1243642464437924, content:
def fun(i1, i2, i3, i4):
    o1 = i1 @ i2.T
    o2 = i2 @ i3 + i3 @ i2.T + i4 @ i3.T
    return o1, o2


[Main] Collecting best scores from each thread's memory:
  Thread 0: best score 1.1243642464437924
  Thread 1: best score 1.1243642464437924
  Thread 2: best score 1.1243642464437924
  Thread 3: best score 1.1243642464437924

[Main] Sorted memory_infos (score, thread_idx):
  1.1243642464437924, thread 0
  1.1243642464437924, thread 1
  1.1243642464437924, thread 2
  1.1243642464437924, thread 3

[Main] Worst half (to be reinitialized):
  Thread 2 with score 1.1243642464437924
  Thread 3 with score 1.1243642464437924

[Main] Donor candidates (top half):
  Thread 0 with score 1.1243642464437924
  Thread 1 with score 1.1243642464437924
[Main] Reinitializing memory for thread 2 with best element from thread 0.
[Main] Reinitializing memory for thread 3 with best element from thread 1.

==== Outer Iteration 9 ====
[Process 0] started on GPU 0, running 10 iterations...
[Process 3] started on GPU 3, running 10 iterations...
[Process 2] started on GPU 2, running 10 iterations...
[Process 1] started on GPU 1, running 10 iterations...
[Process 3] step=0, generation took 631.79s
[Process 3] best score so far: 1.1243642464437924, content:
def fun(i1, i2, i3, i4):
    o1 = i1 @ i2.T
    o2 = i2 @ i3 + i3 @ i2.T + i4 @ i3.T
    return o1, o2

[Process 2] step=0, generation took 634.07s
[Process 2] best score so far: 1.1243642464437924, content:
def fun(i1, i2, i3, i4):
    o1 = i1 @ i2.T
    o2 = i2 @ i3 + i3 @ i2.T + i4 @ i3.T
    return o1, o2

[Process 1] step=0, generation took 637.90s
[Process 1] best score so far: 1.1243642464437924, content:
def fun(i1, i2, i3, i4):
    o1 = i1 @ i2.T
    o2 = i2 @ i3 + i3 @ i2.T + i4 @ i3.T
    return o1, o2

[Process 0] step=0, generation took 640.05s
[Process 0] best score so far: 1.1243642464437924, content:
def fun(i1, i2, i3, i4):
    o1 = i1 @ i2.T
    o2 = i2 @ i3 + i3 @ i2.T + i4 @ i3.T
    return o1, o2

[Process 3] step=1, generation took 642.79s
[Process 3] best score so far: 1.1243642464437924, content:
def fun(i1, i2, i3, i4):
    o1 = i1 @ i2.T
    o2 = i2 @ i3 + i3 @ i2.T + i4 @ i3.T
    return o1, o2

[Process 2] step=1, generation took 644.15s
[Process 2] best score so far: 1.1243642464437924, content:
def fun(i1, i2, i3, i4):
    o1 = i2 @ i1.T
    o2 = i2 @ i3 + i3 @ i2.T + i4 @ i3.T
    return o1, o2

[Process 1] step=1, generation took 642.16s
[Process 1] best score so far: 1.1243642464437924, content:
def fun(i1, i2, i3, i4):
    o1 = i1 @ i2.T
    o2 = i2 @ i3 + i3 @ i2.T + i4 @ i3.T
    return o1, o2

[Process 0] step=1, generation took 643.26s
[Process 0] best score so far: 1.1243642464437924, content:
def fun(i1, i2, i3, i4):
    o1 = i1 @ i2.T
    o2 = i2 @ i3 + i3 @ i2.T + i4 @ i3.T
    return o1, o2

[Process 2] step=2, generation took 633.03s
[Process 2] best score so far: 1.1243642464437924, content:
def fun(i1, i2, i3, i4):
    o1 = i2 @ i1.T
    o2 = i2 @ i3 + i3 @ i2.T + i4 @ i3.T
    return o1, o2

[Process 3] step=2, generation took 640.64s
[Process 3] best score so far: 1.1243642464437924, content:
def fun(i1, i2, i3, i4):
    o1 = i1 @ i2.T
    o2 = i2 @ i3 + i4 @ i3.T + i3 @ i2.T
    return o1, o2

[Process 1] step=2, generation took 638.78s
[Process 1] best score so far: 1.1243642464437924, content:
def fun(i1, i2, i3, i4):
    o1 = i1 @ i2.T
    o2 = i2 @ i3 + i3 @ i2.T + i4 @ i3.T
    return o1, o2

[Process 0] step=2, generation took 637.47s
[Process 0] best score so far: 1.1243642464437924, content:
def fun(i1, i2, i3, i4):
    o1 = i1 @ i2.T
    o2 = i2 @ i3 + i3 @ i2.T + i4 @ i3.T
    return o1, o2

[Process 3] step=3, generation took 627.44s
[Process 3] best score so far: 1.1243642464437924, content:
def fun(i1, i2, i3, i4):
    o1 = i2 @ i1.T
    o2 = i2 @ i3 + i3 @ i2.T + i4 @ i3.T
    return o1, o2

[Process 2] step=3, generation took 641.55s
[Process 2] best score so far: 1.1243642464437924, content:
def fun(i1, i2, i3, i4):
    o1 = i2 @ i1.T
    o2 = i2 @ i3 + i3 @ i2.T + i4 @ i3.T
    return o1, o2

[Process 1] step=3, generation took 642.54s
[Process 1] best score so far: 1.1243642464437924, content:
def fun(i1, i2, i3, i4):
    o1 = i1 @ i2.T
    o2 = i2 @ i3 + i3 @ i2.T + i4 @ i3.T
    return o1, o2

[Process 0] step=3, generation took 642.55s
[Process 0] best score so far: 1.1243642464437924, content:
def fun(i1, i2, i3, i4):
    o1 = i1 @ i2.T
    o2 = i2 @ i3 + i3 @ i2.T + i4 @ i3.T
    return o1, o2

[Process 3] step=4, generation took 629.86s
[Process 3] best score so far: 1.1243642464437924, content:
def fun(i1, i2, i3, i4):
    o1 = i1 @ i2.T
    o2 = i2 @ i3 + i4 @ i3.T + i3 @ i2.T
    return o1, o2

[Process 2] step=4, generation took 646.85s
[Process 2] best score so far: 1.1243642464437924, content:
def fun(i1, i2, i3, i4):
    o1 = i2 @ i1.T
    o2 = i2 @ i3 + i3 @ i2.T + i4 @ i3.T
    return o1, o2

[Process 1] step=4, generation took 636.45s
[Process 1] best score so far: 1.1243642464437924, content:
def fun(i1, i2, i3, i4):
    o1 = i1 @ i2.T
    o2 = i2 @ i3 + i3 @ i2.T + i4 @ i3.T
    return o1, o2

[Process 0] step=4, generation took 642.57s
[Process 0] best score so far: 1.1243642464437924, content:
def fun(i1, i2, i3, i4):
    o1 = i1 @ i2.T
    o2 = i2 @ i3 + i3 @ i2.T + i4 @ i3.T
    return o1, o2

[Process 3] step=5, generation took 623.10s
[Process 3] best score so far: 1.1243642464437924, content:
def fun(i1, i2, i3, i4):
    o1 = i1 @ i2.T
    o2 = i2 @ i3 + i4 @ i3.T + i3 @ i2.T
    return o1, o2

[Process 2] step=5, generation took 636.79s
[Process 2] best score so far: 1.1243642464437924, content:
def fun(i1, i2, i3, i4):
    o1 = i2 @ i1.T
    o2 = i2 @ i3 + i3 @ i2.T + i4 @ i3.T
    return o1, o2

[Process 1] step=5, generation took 640.00s
[Process 1] best score so far: 1.1243642464437924, content:
def fun(i1, i2, i3, i4):
    o1 = i1 @ i2.T
    o2 = i2 @ i3 + i3 @ i2.T + i4 @ i3.T
    return o1, o2

[Process 0] step=5, generation took 640.76s
[Process 0] best score so far: 1.1243642464437924, content:
def fun(i1, i2, i3, i4):
    o1 = i1 @ i2.T
    o2 = i2 @ i3 + i3 @ i2.T + i4 @ i3.T
    return o1, o2

[Process 3] step=6, generation took 629.64s
[Process 3] best score so far: 1.1243642464437924, content:
def fun(i1, i2, i3, i4):
    o1 = i1 @ i2.T
    o2 = i2 @ i3 + i4 @ i3.T + i3 @ i2.T
    return o1, o2

[Process 2] step=6, generation took 627.25s
[Process 2] best score so far: 1.1243642464437924, content:
def fun(i1, i2, i3, i4):
    o1 = i2 @ i1.T
    o2 = i2 @ i3 + i3 @ i2.T + i4 @ i3.T
    return o1, o2

[Process 1] step=6, generation took 639.33s
[Process 1] best score so far: 1.1243642464437924, content:
def fun(i1, i2, i3, i4):
    o1 = i1 @ i2.T
    o2 = i2 @ i3 + i3 @ i2.T + i4 @ i3.T
    return o1, o2

[Process 0] step=6, generation took 640.43s
[Process 0] best score so far: 1.1243642464437924, content:
def fun(i1, i2, i3, i4):
    o1 = i1 @ i2.T
    o2 = i2 @ i3 + i3 @ i2.T + i4 @ i3.T
    return o1, o2

[Process 3] step=7, generation took 623.38s
[Process 3] best score so far: 1.1243642464437924, content:
def fun(i1, i2, i3, i4):
    o1 = i1 @ i2.T
    o2 = i2 @ i3 + i4 @ i3.T + i3 @ i2.T
    return o1, o2

[Process 2] step=7, generation took 629.30s
[Process 2] best score so far: 1.1243642464437924, content:
def fun(i1, i2, i3, i4):
    o1 = i2 @ i1.T
    o2 = i2 @ i3 + i3 @ i2.T + i4 @ i3.T
    return o1, o2

[Process 1] step=7, generation took 638.09s
[Process 1] best score so far: 1.1243642464437924, content:
def fun(i1, i2, i3, i4):
    o1 = i1 @ i2.T
    o2 = i2 @ i3 + i3 @ i2.T + i4 @ i3.T
    return o1, o2

[Process 0] step=7, generation took 640.37s
[Process 0] best score so far: 1.1243642464437924, content:
def fun(i1, i2, i3, i4):
    o1 = i1 @ i2.T
    o2 = i2 @ i3 + i3 @ i2.T + i4 @ i3.T
    return o1, o2

[Process 3] step=8, generation took 628.46s
[Process 3] best score so far: 1.1243642464437924, content:
def fun(i1, i2, i3, i4):
    o1 = i1 @ i2.T
    o2 = i2 @ i3 + i4 @ i3.T + i3 @ i2.T
    return o1, o2

[Process 2] step=8, generation took 622.83s
[Process 2] best score so far: 1.1243642464437924, content:
def fun(i1, i2, i3, i4):
    o1 = i2 @ i1.T
    o2 = i2 @ i3 + i3 @ i2.T + i4 @ i3.T
    return o1, o2

[Process 1] step=8, generation took 642.31s
[Process 1] best score so far: 1.1243642464437924, content:
def fun(i1, i2, i3, i4):
    o1 = i1 @ i2.T
    o2 = i2 @ i3 + i3 @ i2.T + i4 @ i3.T
    return o1, o2

[Process 0] step=8, generation took 640.01s
[Process 0] best score so far: 1.1243642464437924, content:
def fun(i1, i2, i3, i4):
    o1 = i1 @ i2.T
    o2 = i2 @ i3 + i3 @ i2.T + i4 @ i3.T
    return o1, o2

[Process 3] step=9, generation took 630.27s
[Process 3] best score so far: 1.1243642464437924, content:
def fun(i1, i2, i3, i4):
    o1 = i1 @ i2.T
    o2 = i2 @ i3 + i4 @ i3.T + i3 @ i2.T
    return o1, o2

[Process 2] step=9, generation took 626.93s
[Process 2] best score so far: 1.1243642464437924, content:
def fun(i1, i2, i3, i4):
    o1 = i2 @ i1.T
    o2 = i2 @ i3 + i3 @ i2.T + i4 @ i3.T
    return o1, o2

[Process 1] step=9, generation took 641.82s
[Process 1] best score so far: 1.1235093217161494, content:
def fun(i1, i2, i3, i4):
    o1 = i1 @ i2.T
    o2 = i3 @ i2.T + i4 @ i3.T + i2 @ i3.T + i3 @ i3.T
    return o1, o2

[Process 0] step=9, generation took 638.30s
[Process 0] best score so far: 1.1243642464437924, content:
def fun(i1, i2, i3, i4):
    o1 = i1 @ i2.T
    o2 = i2 @ i3 + i3 @ i2.T + i4 @ i3.T
    return o1, o2


[Main] Collecting best scores from each thread's memory:
  Thread 0: best score 1.1243642464437924
  Thread 1: best score 1.1235093217161494
  Thread 2: best score 1.1243642464437924
  Thread 3: best score 1.1243642464437924

[Main] Sorted memory_infos (score, thread_idx):
  1.1235093217161494, thread 1
  1.1243642464437924, thread 0
  1.1243642464437924, thread 2
  1.1243642464437924, thread 3

[Main] Worst half (to be reinitialized):
  Thread 2 with score 1.1243642464437924
  Thread 3 with score 1.1243642464437924

[Main] Donor candidates (top half):
  Thread 1 with score 1.1235093217161494
  Thread 0 with score 1.1243642464437924
[Main] Reinitializing memory for thread 2 with best element from thread 1.
[Main] Reinitializing memory for thread 3 with best element from thread 0.

==== Outer Iteration 10 ====
[Process 1] started on GPU 1, running 10 iterations...
[Process 0] started on GPU 0, running 10 iterations...
[Process 2] started on GPU 2, running 10 iterations...
[Process 3] started on GPU 3, running 10 iterations...
