Detected 4 GPU(s). We will spawn 4 processes.


==== Outer Iteration 0 ====
[Process 0] started on GPU 0, running 10 iterations...
[Process 3] started on GPU 3, running 10 iterations...
[Process 1] started on GPU 1, running 10 iterations...
[Process 2] started on GPU 2, running 10 iterations...
[Process 0] step=0, generation took 294.73s
[Process 0] best score so far: 7.8737645135777985, content:
def fun(i1, i2, i3, i4, i5, i6):
    return i5, i6.T, i2, i4

[Process 3] step=0, generation took 296.27s
[Process 3] best score so far: None, content:
None
[Process 2] step=0, generation took 295.52s
[Process 2] best score so far: 815505.6610310248, content:
def fun(i1, i2, i3, i4, i5, i6):
    o1 = i1 @ (i2 - i3)
    o2 = i4.T
    o3 = i5 @ i6
    o4 = i1 + i2
    return o1, o2, o3, o4

[Process 1] step=0, generation took 296.76s
[Process 1] best score so far: 815659.5156296957, content:
def fun(i1, i2, i3, i4, i5, i6):
    o1 = i1
    o2 = i4.T + i3.T
    o3 = o1
    o4 = o2
    return o1, o2, o3, o4

[Process 2] step=1, generation took 286.70s
[Process 2] best score so far: 815505.6610310248, content:
def fun(i1, i2, i3, i4, i5, i6):
    o1 = (i1 @ (i2 - i3))
    o2 = (i4.T)
    o3 = (i5 @ i6)
    o4 = (i1 + i2)
    return o1, o2, o3, o4

[Process 0] step=1, generation took 291.25s
[Process 0] best score so far: 7.8737645135777985, content:
def fun(i1, i2, i3, i4, i5, i6):
    return i5, i6, i1, i2

[Process 3] step=1, generation took 291.88s
[Process 3] best score so far: 7.8737645135777985, content:
def fun(i1, i2, i3, i4, i5, i6):
    return i5, i6, i1, i2

[Process 1] step=1, generation took 296.46s
[Process 1] best score so far: 815659.5156296957, content:
def fun(i1, i2, i3, i4, i5, i6):
    o1 = i1
    o2 = i4.T + i3.T
    o3 = o1
    o4 = o2
    return o1, o2, o3, o4

[Process 2] step=2, generation took 290.95s
[Process 2] best score so far: 815275.4283685477, content:
def fun(i1, i2, i3, i4, i5, i6):
    o1 = i1 @ (i2 - i3)
    o2 = i4.T
    o3 = (i5 @ i6) + i5
    o4 = i1 + i2
    return o1, o2, o3, o4

[Process 0] step=2, generation took 290.09s
[Process 0] best score so far: 7.8737645135777985, content:
def fun(i1, i2, i3, i4, i5, i6):
    return i5, i6, i2.T, i4.T

[Process 3] step=2, generation took 297.54s
[Process 3] best score so far: 7.8737645135777985, content:
def fun(i1, i2, i3, i4, i5, i6):
    return i5, i6, i1, i2

[Process 1] step=2, generation took 296.62s
[Process 1] best score so far: 815514.7427101354, content:
def fun(i1, i2, i3, i4, i5, i6):
    return (i1.T, (i2 + i3) @ i4, (i5 @ i6) - i5, i6 - (i1 + i2))

[Process 2] step=3, generation took 289.53s
[Process 2] best score so far: 815157.8720886224, content:
def fun(i1, i2, i3, i4, i5, i6):
    o1 = i1 @ (i2 - i3)
    o2 = i4.T
    o3 = i5 @ i6
    o4 = i6 + i1
    return o1, o2, o3, o4

[Process 0] step=3, generation took 292.97s
[Process 0] best score so far: 7.8737645135777985, content:
def fun(i1, i2, i3, i4, i5, i6):
    return i5.T, i6, i2, i4

[Process 3] step=3, generation took 297.60s
[Process 3] best score so far: 7.8737645135777985, content:
def fun(i1, i2, i3, i4, i5, i6):
    return i5, i6, i1, i2

[Process 1] step=3, generation took 295.88s
[Process 1] best score so far: 815514.7427101354, content:
def fun(i1, i2, i3, i4, i5, i6):
    return (i1.T, (i2 + i3) @ i4, (i5 @ i6) - i5, i6 - (i1 + i2))

[Process 2] step=4, generation took 290.93s
[Process 2] best score so far: 660737.4994302009, content:
def fun(i1, i2, i3, i4, i5, i6):
    o1 = i5 @ (i6 - i4)
    o2 = (i1 + i2) @ i3
    o3 = i4 @ (i5 - i6)
    o4 = (i6 @ i1) + i2
    return o1, o2, o3, o4

[Process 0] step=4, generation took 291.12s
[Process 0] best score so far: 7.8737645135777985, content:
def fun(i1, i2, i3, i4, i5, i6):
    return i5, i6, (i2 + i4).T, i3

[Process 3] step=4, generation took 296.44s
[Process 3] best score so far: 7.8737645135777985, content:
def fun(i1, i2, i3, i4, i5, i6):
    return i5, i6, i1, i2.T

[Process 1] step=4, generation took 296.87s
[Process 1] best score so far: 815514.7427101354, content:
def fun(i1, i2, i3, i4, i5, i6):
    return (i1.T, (i2 + i3) @ i4, (i5 @ i6) - i5, i6 - (i1 + i2))

[Process 2] step=5, generation took 290.48s
[Process 2] best score so far: 660737.4994302009, content:
def fun(i1, i2, i3, i4, i5, i6):
    o1 = i5 @ (i6 - i4)
    o2 = (i1 + i2) @ i3
    o3 = i4 @ (i5 - i6)
    o4 = (i6 @ i1) + i2
    return o1, o2, o3, o4

[Process 0] step=5, generation took 290.17s
[Process 0] best score so far: 7.8737645135777985, content:
def fun(i1, i2, i3, i4, i5, i6):
    return i5, i6, (i2 + i4).T, i3

[Process 3] step=5, generation took 296.68s
[Process 3] best score so far: 7.8737645135777985, content:
def fun(i1, i2, i3, i4, i5, i6):
    return i5, i6, (i2 @ i3) + i4.T, i1 - (i5 + i6)

[Process 1] step=5, generation took 295.85s
[Process 1] best score so far: 7.8737645135777985, content:
def fun(i1, i2, i3, i4, i5, i6):
    return (i5, i6 @ i4, i3 + i1, i2 - i4 @ i3)

[Process 2] step=6, generation took 290.39s
[Process 2] best score so far: 660737.4994302009, content:
def fun(i1, i2, i3, i4, i5, i6):
    o1 = i5 @ (i6 - i4)
    o2 = (i1 + i2) @ i3
    o3 = i4 @ (i5 - i6)
    o4 = (i6 @ i1) + i2
    return o1, o2, o3, o4

[Process 0] step=6, generation took 289.89s
[Process 0] best score so far: 7.8737645135777985, content:
def fun(i1, i2, i3, i4, i5, i6):
    return i5, i6, (i2 + i4).T, i3

[Process 3] step=6, generation took 296.46s
[Process 3] best score so far: 7.8737645135777985, content:
def fun(i1, i2, i3, i4, i5, i6):
    return i5, i6, (i2 + i3) @ i4.T, i1 - (i5 - i6)

[Process 1] step=6, generation took 295.72s
[Process 1] best score so far: 7.8737645135777985, content:
def fun(i1, i2, i3, i4, i5, i6):
    return (i5, i6 @ i4, i3 + i1, i2 - i4 @ i3)

[Process 2] step=7, generation took 290.88s
[Process 2] best score so far: 660737.4994302009, content:
def fun(i1, i2, i3, i4, i5, i6):
    o1 = i5 @ (i6 - i4)
    o2 = (i1 + i2) @ i3
    o3 = i4 @ (i5 - i6)
    o4 = (i6 @ i1) + i2
    return o1, o2, o3, o4

[Process 0] step=7, generation took 292.96s
[Process 0] best score so far: 7.8737645135777985, content:
def fun(i1, i2, i3, i4, i5, i6):
    return i5, i6, (i2 + i4).T, i3

[Process 3] step=7, generation took 295.80s
[Process 3] best score so far: 7.8737645135777985, content:
def fun(i1, i2, i3, i4, i5, i6):
    return i5, i6, (i2 + i3) @ i4.T, (i2 @ (i3 + i4)).T

[Process 1] step=7, generation took 294.83s
[Process 1] best score so far: 7.8737645135777985, content:
def fun(i1, i2, i6, i4, i5, i3):
    return (i5, i6 @ i4, i3 + i1, i2 - i4 @ i3)

[Process 2] step=8, generation took 291.47s
[Process 2] best score so far: 660737.4994302009, content:
def fun(i1, i2, i3, i4, i5, i6):
    o1 = i5 @ (i6 - i4)
    o2 = (i1 + i2) @ i3
    o3 = i4 @ (i5 - i6)
    o4 = (i6 @ i1) + i2
    return o1, o2, o3, o4

[Process 0] step=8, generation took 293.09s
[Process 0] best score so far: 7.8737645135777985, content:
def fun(i1, i2, i3, i4, i5, i6):
    return i5, i6, (i2 + i4).T, i3

[Process 3] step=8, generation took 295.97s
[Process 3] best score so far: 7.8737645135777985, content:
def fun(i1, i2, i3, i4, i5, i6):
    return i5, i6, (i1 + i5) * i3, (i2 + i4) @ i6

[Process 1] step=8, generation took 296.00s
[Process 1] best score so far: 7.8737645135777985, content:
def fun(i1, i2, i6, i4, i5, i3):
    return (i5, i6 @ i4, i3 + i1, i2 - i4 @ i3)

[Process 2] step=9, generation took 290.35s
[Process 2] best score so far: 660737.4994302009, content:
def fun(i1, i2, i3, i4, i5, i6):
    o1 = i5 @ (i6 - i4)
    o2 = (i1 + i2) @ i3
    o3 = i4 @ (i5 - i6)
    o4 = (i6 @ i1) + i2
    return o1, o2, o3, o4

[Process 0] step=9, generation took 293.12s
[Process 0] best score so far: 7.8737645135777985, content:
def fun(i1, i2, i3, i4, i5, i6):
    return i5, (i2 + i4).T, i1, i3

[Process 1] step=9, generation took 295.91s
[Process 1] best score so far: 7.8737645135777985, content:
def fun(i1, i2, i6, i4, i5, i3):
    return (i5, i6 @ i4, i3 + i1, i2 - i4 @ i3)

[Process 3] step=9, generation took 296.55s
[Process 3] best score so far: 7.8737645135777985, content:
def fun(i1, i2, i3, i4, i5, i6):
    return i5, i6, (i1 + i5) * i3, (i2 + i4) @ i6


[Main] Collecting best scores from each thread's memory:
  Thread 0: best score 7.8737645135777985
  Thread 1: best score 7.8737645135777985
  Thread 2: best score 660737.4994302009
  Thread 3: best score 7.8737645135777985

[Main] Sorted memory_infos (score, thread_idx):
  7.8737645135777985, thread 0
  7.8737645135777985, thread 1
  7.8737645135777985, thread 3
  660737.4994302009, thread 2

[Main] Worst half (to be reinitialized):
  Thread 3 with score 7.8737645135777985
  Thread 2 with score 660737.4994302009

[Main] Donor candidates (top half):
  Thread 0 with score 7.8737645135777985
  Thread 1 with score 7.8737645135777985
[Main] Reinitializing memory for thread 3 with best element from thread 0.
[Main] Reinitializing memory for thread 2 with best element from thread 1.

==== Outer Iteration 1 ====
[Process 2] started on GPU 2, running 10 iterations...
[Process 3] started on GPU 3, running 10 iterations...
[Process 0] started on GPU 0, running 10 iterations...
[Process 1] started on GPU 1, running 10 iterations...
[Process 2] step=0, generation took 288.48s
[Process 2] best score so far: 7.8737645135777985, content:
def fun(i1, i2, i3, i4, i5, i6):
    return (i5, i4 @ i6, i1 + i3, i2 - i3 @ i4)

[Process 3] step=0, generation took 289.39s
[Process 3] best score so far: 7.8737645135777985, content:
def fun(i1, i2, i3, i4, i5, i6):
    a = i2 + i4
    return i5, a.T, i1, i3

[Process 0] step=0, generation took 294.07s
[Process 0] best score so far: 7.8737645135777985, content:
def fun(i1, i2, i3, i4, i5, i6):
    return i5, (i2 + i4).T, i1, i3

[Process 1] step=0, generation took 295.64s
[Process 1] best score so far: 7.8737645135777985, content:
def fun(i1, i2, i6, i4, i5, i3):
    return (i5, i6 @ i4, i3 + i1, i2 - i4 @ i3)

[Process 3] step=1, generation took 293.45s
[Process 3] best score so far: 7.8737645135777985, content:
def fun(i1, i2, i3, i4, i5, i6):
    a = i2 + i4
    return i5, a.T, i1, i3

[Process 2] step=1, generation took 293.84s
[Process 2] best score so far: 7.8737645135777985, content:
def fun(i1, i2, i3, i4, i5, i6):
    return ((i5).T, i6 @ i4, i1 + i3, i2 - (i4 @ i3))

[Process 0] step=1, generation took 293.53s
[Process 0] best score so far: 7.8737645135777985, content:
def fun(i1, i2, i3, i4, i5, i6):
    return i5, (i2 + i4).T, i1, i3

[Process 1] step=1, generation took 295.31s
[Process 1] best score so far: 7.8737645135777985, content:
def fun(i1, i2, i6, i4, i5, i3):
    return (i5, i6 @ i4, i3 + i1, i2 - i4 @ i3)

[Process 3] step=2, generation took 292.83s
[Process 3] best score so far: 7.8737645135777985, content:
def fun(i1, i2, i3, i4, i5, i6):
    a = i2 + i4
    b = a.T
    return i5, b, i1, i3

[Process 2] step=2, generation took 293.71s
[Process 2] best score so far: 7.8737645135777985, content:
def fun(i1, i2, i3, i4, i5, i6):
    return ((i5).T, i6 @ i4, i1 + i3, i2 - (i4 @ i3))

[Process 0] step=2, generation took 294.02s
[Process 0] best score so far: 7.8737645135777985, content:
def fun(i1, i2, i3, i4, i5, i6):
    return i5, (i2 + i4).T, i1, i3

[Process 1] step=2, generation took 295.59s
[Process 1] best score so far: 7.8737645135777985, content:
def fun(i1, i2, i6, i4, i5, i3):
    return (i5, i6 @ i4, i3 + i1, i2 - i4 @ i3)

[Process 3] step=3, generation took 293.47s
[Process 3] best score so far: 7.8737645135777985, content:
def fun(i1, i2, i3, i4, i5, i6):
    a = (i2 + i4).T
    b = a + i2
    c = b - a
    return i5, b, c, a

[Process 2] step=3, generation took 293.17s
[Process 2] best score so far: 7.8737645135777985, content:
def fun(i1, i2, i3, i4, i5, i6):
    return ((i5).T, i6 @ i4, i1 + i3, i2 - (i4 @ i3))

[Process 0] step=3, generation took 294.02s
[Process 0] best score so far: 7.8737645135777985, content:
def fun(i1, i2, i3, i4, i5, i6):
    a = i5
    b = i6
    c = i2 + i4
    d = i3.T
    return a, b, c, d

[Process 1] step=3, generation took 295.73s
[Process 1] best score so far: 7.8737645135777985, content:
def fun(i1, i2, i3, i4, i5, i6):
    return (i5, i6 @ i4, i3 + i1, i2 - i4 @ i3)

[Process 3] step=4, generation took 291.92s
[Process 3] best score so far: 7.8737645135777985, content:
def fun(i1, i2, i3, i4, i5, i6):
    a = (i2 + i4).T
    b = a + i2
    c = b - a
    return i5, b, c, a

[Process 2] step=4, generation took 292.84s
[Process 2] best score so far: 7.8737645135777985, content:
def fun(i1, i2, i3, i4, i5, i6):
    return ((i5).T, i6 @ i4, i1 + i3, i2 - (i4 @ i3))

[Process 0] step=4, generation took 295.38s
[Process 0] best score so far: 7.8737645135777985, content:
def fun(i1, i2, i3, i4, i5, i6):
    a = i2 @ i4
    b = a + i3
    c = i3.T
    d = i5
    return d, c, b, a

[Process 1] step=4, generation took 295.31s
[Process 1] best score so far: 7.8737645135777985, content:
def fun(i1, i2, i3, i4, i5, i6):
    return (i5, i6 @ i4, i3 + i1, i2 - i4 @ i3)

[Process 3] step=5, generation took 292.84s
[Process 3] best score so far: 7.8737645135777985, content:
def fun(i1, i2, i3, i4, i5, i6):
    a = (i2 + i4).T
    b = a + i2
    c = b - a
    return i5, b, c, a

[Process 2] step=5, generation took 292.84s
[Process 2] best score so far: 7.8737645135777985, content:
def fun(i1, i2, i3, i4, i5, i6):
    return ((i5).T, i6 @ i4, i1 + i3, i2 - (i4 @ i3))

[Process 1] step=5, generation took 295.80s
[Process 1] best score so far: 7.8737645135777985, content:
def fun(i1, i2, i3, i4, i5, i6):
    return (i5, i6 @ i4, i3 + i1, i2 - i4 @ i3)

[Process 0] step=5, generation took 295.40s
[Process 0] best score so far: 7.8737645135777985, content:
def fun(i1, i2, i3, i4, i5, i6):

    return i5.T, i6, i2, i4.T

[Process 3] step=6, generation took 292.26s
[Process 3] best score so far: 7.8737645135777985, content:
def fun(i1, i2, i3, i4, i5, i6):
    a = i2 + i3
    b = (a).T
    c = (i1 @ i4).T
    d = (i6).T
    return i5, b, c, d

[Process 2] step=6, generation took 292.73s
[Process 2] best score so far: 7.8737645135777985, content:
def fun(i1, i2, i3, i4, i5, i6):
    return (i5, (i6 + i4) @ i3, i1 @ i2, (i2 - (i4 @ i3)).T)

[Process 1] step=6, generation took 295.49s
[Process 1] best score so far: 7.8737645135777985, content:
def fun(i1, i2, i3, i4, i5, i6):
    return (i5, i6 @ i4, i3 + i1, i2 - i4 @ i3)

[Process 0] step=6, generation took 295.13s
[Process 0] best score so far: 7.8737645135777985, content:
def fun(i1, i2, i3, i4, i5, i6):

    return i5.T, i6, i2, i4.T

[Process 3] step=7, generation took 292.70s
[Process 3] best score so far: 7.8737645135777985, content:
def fun(i1, i2, i3, i4, i5, i6):
    a = i2 + i3
    b = (a).T
    c = (i1 @ i4).T
    d = (i6).T
    return i5, b, c, d

[Process 2] step=7, generation took 292.56s
[Process 2] best score so far: 7.8737645135777985, content:
def fun(i1, i2, i3, i4, i5, i6):
    return (i5, (i6 + i4) @ i3, i1 @ i2, (i2 - (i4 @ i3)).T)

[Process 1] step=7, generation took 293.52s
[Process 1] best score so far: 7.8737645135777985, content:
def fun(i1, i2, i3, i4, i5, i6):
    return (i5, i6 @ i4, i3 + i1, i2 - i4 @ i3)

[Process 0] step=7, generation took 294.76s
[Process 0] best score so far: 7.8737645135777985, content:
def fun(i1, i2, i3, i4, i5, i6):

    return i5.T, i6, i2, i4.T

[Process 3] step=8, generation took 292.94s
[Process 3] best score so far: 7.8737645135777985, content:
def fun(i1, i2, i3, i4, i5, i6):
    a = i2 + i3
    b = (a).T
    c = (i1 @ i4).T
    d = (i6).T
    return i5, b, c, d

[Process 2] step=8, generation took 292.82s
[Process 2] best score so far: 7.8737645135777985, content:
def fun(i1, i2, i3, i4, i5, i6):
    return (i5, (i6 + i4) @ i3, i1 @ i2, (i2 - (i4 @ i3)).T)

[Process 1] step=8, generation took 294.28s
[Process 1] best score so far: 7.8737645135777985, content:
def fun(i1, i2, i3, i4, i5, i6):
    return (i5.T, i6 @ i4, i3 + i1, i2 - i4 @ i3)

[Process 0] step=8, generation took 295.76s
[Process 0] best score so far: 7.8737645135777985, content:
def fun(i1, i2, i3, i4, i5, i6):

    return i5.T, i6, i2, i4.T

[Process 3] step=9, generation took 292.36s
[Process 3] best score so far: 7.8737645135777985, content:
def fun(i1, i2, i3, i4, i5, i6):
    a = i2
    b = i2.T
    c = i3 + i4
    d = c.T
    return i5, b, c, d

[Process 2] step=9, generation took 292.81s
[Process 2] best score so far: 7.8737645135777985, content:
def fun(i1, i2, i3, i4, i5, i6):
    return (i5, (i6 + i4) @ i3, i1 @ i2, (i2 - (i4 @ i3)).T)

[Process 1] step=9, generation took 294.47s
[Process 1] best score so far: 7.8737645135777985, content:
def fun(i1, i2, i3, i4, i5, i6):
    return (i5.T, i6 @ i4, i3 + i1, i2 - i4 @ i3)

[Process 0] step=9, generation took 294.55s
[Process 0] best score so far: 7.8737645135777985, content:
def fun(i1, i2, i3, i4, i5, i6):

    return i5.T, i6, i2, i4.T


[Main] Collecting best scores from each thread's memory:
  Thread 0: best score 7.8737645135777985
  Thread 1: best score 7.8737645135777985
  Thread 2: best score 7.8737645135777985
  Thread 3: best score 7.8737645135777985

[Main] Sorted memory_infos (score, thread_idx):
  7.8737645135777985, thread 0
  7.8737645135777985, thread 1
  7.8737645135777985, thread 2
  7.8737645135777985, thread 3

[Main] Worst half (to be reinitialized):
  Thread 2 with score 7.8737645135777985
  Thread 3 with score 7.8737645135777985

[Main] Donor candidates (top half):
  Thread 0 with score 7.8737645135777985
  Thread 1 with score 7.8737645135777985
[Main] Reinitializing memory for thread 2 with best element from thread 0.
[Main] Reinitializing memory for thread 3 with best element from thread 1.

==== Outer Iteration 2 ====
[Process 3] started on GPU 3, running 10 iterations...
[Process 2] started on GPU 2, running 10 iterations...
[Process 0] started on GPU 0, running 10 iterations...
[Process 1] started on GPU 1, running 10 iterations...
[Process 3] step=0, generation took 288.69s
[Process 3] best score so far: 7.8737645135777985, content:
def fun(i1, i2, i3, i4, i5, i6):
    return (i5, (i3 + i1).T, i2 - (i4 @ i3), (i6 @ i4).T)

[Process 2] step=0, generation took 292.02s
[Process 2] best score so far: 7.8737645135777985, content:
def fun(i1, i2, i3, i4, i5, i6):

    return i5.T, i6, i2, i4.T

[Process 1] step=0, generation took 293.87s
[Process 1] best score so far: 7.8737645135777985, content:
def fun(i1, i2, i3, i4, i5, i6):
    return (i5.T, i6 @ i4, i3 + i1, i2 - i4 @ i3)

[Process 0] step=0, generation took 296.01s
[Process 0] best score so far: 7.8737645135777985, content:
def fun(i1, i2, i3, i4, i5, i6):

    return i5.T, i6, i2, i4.T

[Process 3] step=1, generation took 292.75s
[Process 3] best score so far: 7.8737645135777985, content:
def fun(i1, i2, i3, i4, i5, i6):
    a = i5.T
    b = i6 @ i4
    c = i3
    d = i2
    return (a, b, c, d)

[Process 2] step=1, generation took 297.48s
[Process 2] best score so far: 7.8737645135777985, content:
def fun(i1, i2, i3, i4, i5, i6):

    return i5.T, i6, i2, i4.T

[Process 1] step=1, generation took 294.07s
[Process 1] best score so far: 7.8737645135777985, content:
def fun(i1, i2, i3, i4, i5, i6):
    return (i5.T, i6 @ i4, i3 + i1, i2 - i4 @ i3)

[Process 0] step=1, generation took 296.27s
[Process 0] best score so far: 7.8737645135777985, content:
def fun(i1, i2, i3, i4, i5, i6):

    return i5.T, i6, i2, i4.T

[Process 3] step=2, generation took 292.73s
[Process 3] best score so far: 7.8737645135777985, content:
def fun(i1, i2, i3, i4, i5, i6):
    a = i5.T
    b = i6 @ i4
    c = i3
    d = i2
    return (a, b, c, d)

[Process 2] step=2, generation took 297.69s
[Process 2] best score so far: 7.8737645135777985, content:
def fun(i1, i2, i3, i4, i5, i6):

    return i5.T, i6, i2, i4.T

[Process 1] step=2, generation took 294.34s
[Process 1] best score so far: 7.8737645135777985, content:
def fun(i1, i2, i3, i4, i5, i6):
    return (i5.T, i6 @ i4, i3 + i1, i2 - i4 @ i3)

[Process 0] step=2, generation took 296.38s
[Process 0] best score so far: 7.8737645135777985, content:
def fun(i1, i2, i3, i4, i5, i6):

    return i5.T, i6, i2, i4.T

[Process 3] step=3, generation took 293.18s
[Process 3] best score so far: 7.8737645135777985, content:
def fun(i1, i2, i3, i4, i5, i6):
    a = i5.T
    b = i6 @ i4
    c = i3
    d = i2
    return (a, b, c, d)

[Process 1] step=3, generation took 293.18s
[Process 1] best score so far: 7.8737645135777985, content:
def fun(i1, i2, i3, i4, i5, i6):
    return (i5.T, i6 @ i4, i3 + i1, i2 - i4 @ i3)

[Process 2] step=3, generation took 297.42s
[Process 2] best score so far: 7.8737645135777985, content:
def fun(i1, i2, i3, i4, i5, i6):
    return (i5, i6.T, i2, i4)

[Process 0] step=3, generation took 296.32s
[Process 0] best score so far: 7.8737645135777985, content:
def fun(i1, i2, i3, i4, i5, i6):

    return i5.T, i6, i2, i4.T

[Process 3] step=4, generation took 292.28s
[Process 3] best score so far: 7.8737645135777985, content:
def fun(i1, i2, i3, i4, i5, i6):
    a = i5.T
    b = i6 @ i4
    c = i3
    d = i2
    return (a, b, c, d)

[Process 1] step=4, generation took 293.21s
[Process 1] best score so far: 7.8737645135777985, content:
def fun(i1, i2, i3, i4, i5, i6):
    return (i5, (i6.T @ i4).T, i3 + i1, i2 - (i4 @ i3))

[Process 2] step=4, generation took 297.02s
[Process 2] best score so far: 7.8737645135777985, content:
def fun(i1, i2, i3, i4, i5, i6):
    return (i5, i6 @ i2, i3 @ i1, i4 - i3)

[Process 0] step=4, generation took 296.52s
[Process 0] best score so far: 7.8737645135777985, content:
def fun(i1, i2, i3, i4, i5, i6):

    return i5.T, i6, i2, i4.T

[Process 3] step=5, generation took 293.22s
[Process 3] best score so far: 7.8737645135777985, content:
def fun(i1, i2, i3, i4, i5, i6):
       return (i5.T, (i6 @ i4) + i3, i1 - i4 @ i3, i2 @ i3)

[Process 1] step=5, generation took 294.36s
[Process 1] best score so far: 7.8737645135777985, content:
def fun(i1, i2, i3, i4, i5, i6):
    a = i5
    b = i6.T @ i4
    c = i3 + i1.T
    d = i2 - i4
    return (a, b, c, d)

[Process 2] step=5, generation took 296.69s
[Process 2] best score so far: 7.8737645135777985, content:
def fun(i1, i2, i3, i4, i5, i6):
    return (i5, i6 @ i2, (i2 @ i1) + i3, i4)

[Process 0] step=5, generation took 296.46s
[Process 0] best score so far: 7.8737645135777985, content:
def fun(i1, i2, i3, i4, i5, i6):

    return i5.T, i6, i2, i4.T

[Process 3] step=6, generation took 292.52s
[Process 3] best score so far: 7.8737645135777985, content:
def fun(i1, i2, i3, i4, i5, i6):
       return (i5.T, (i6 @ i4) + i3, i1 - i4 @ i3, i2 @ i3)

[Process 1] step=6, generation took 293.36s
[Process 1] best score so far: 7.8737645135777985, content:
def fun(i1, i2, i3, i4, i5, i6):
    return (i5, i6 @ (i4 @ i3), i2 + (i1 @ i6.T), i3 - i4)

[Process 2] step=6, generation took 296.38s
[Process 2] best score so far: 7.8737645135777985, content:
def fun(i1, i2, i3, i4, i5, i6):
    return (i5, i6 @ i2, (i2 @ i1) + i3, i4)

[Process 0] step=6, generation took 296.50s
[Process 0] best score so far: 7.8737645135777985, content:
def fun(i1, i2, i3, i4, i5, i6):

    return i5.T, i6, i2, i4.T

[Process 3] step=7, generation took 292.73s
[Process 3] best score so far: 7.8737645135777985, content:
def fun(i1, i2, i3, i4, i5, i6):
       return (i5.T, (i6 @ i4) + i3, i1 - i4 @ i3, i2 @ i3)

[Process 1] step=7, generation took 293.76s
[Process 1] best score so far: 7.8737645135777985, content:
def fun(i1, i2, i3, i4, i5, i6):
    return (i5, (i6 @ i4).T, (i3 + i1), i2 - (i4 @ i3))

[Process 2] step=7, generation took 296.33s
[Process 2] best score so far: 7.8737645135777985, content:
def fun(i1, i2, i3, i4, i5, i6):
    return (i5, i6 @ i2, (i2 @ i1) + i3, i4)

[Process 0] step=7, generation took 296.57s
[Process 0] best score so far: 7.8737645135777985, content:
def fun(i1, i2, i3, i4, i5, i6):

    return i5.T, i6, i2, i4.T

[Process 3] step=8, generation took 292.80s
[Process 3] best score so far: 7.8737645135777985, content:
def fun(i1, i2, i3, i4, i5, i6):
       return (i5.T, (i6 @ i4) + i3, i1 - i4 @ i3, i2 @ i3)

[Process 1] step=8, generation took 293.60s
[Process 1] best score so far: 7.8737645135777985, content:
def fun(i1, i2, i3, i4, i5, i6):
    return (i5, (i6 @ i4).T, (i3 + i1), i2 - (i4 @ i3))

[Process 2] step=8, generation took 296.32s
[Process 2] best score so far: 7.8737645135777985, content:
def fun(i1, i2, i3, i4, i5, i6):
    return (i5, i6 @ i2, (i2 @ i1) + i3, i4)

[Process 0] step=8, generation took 295.82s
[Process 0] best score so far: 7.8737645135777985, content:
def fun(i1, i2, i3, i4, i5, i6):

    return i5.T, i6, i2, i4.T

[Process 3] step=9, generation took 292.95s
[Process 3] best score so far: 7.8737645135777985, content:
def fun(i1, i2, i3, i4, i5, i6):
       return (i5.T, (i6 @ i4) + i3, i1 - i4 @ i3, i2 @ i3)

[Process 1] step=9, generation took 293.98s
[Process 1] best score so far: 7.8737645135777985, content:
def fun(i1, i2, i3, i4, i5, i6):
    return (i5, (i6 @ i4).T, (i3 + i1), i2 - (i4 @ i3))

[Process 2] step=9, generation took 296.66s
[Process 2] best score so far: 7.8737645135777985, content:
def fun(i1, i2, i3, i4, i5, i6):
    return (i5, i6 @ i2, i3.T - i4, i1 + i4)

[Process 0] step=9, generation took 295.23s
[Process 0] best score so far: 7.8737645135777985, content:
def fun(i1, i2, i3, i4, i5, i6):

    return i5.T, i6, i2, i4.T


[Main] Collecting best scores from each thread's memory:
  Thread 0: best score 7.8737645135777985
  Thread 1: best score 7.8737645135777985
  Thread 2: best score 7.8737645135777985
  Thread 3: best score 7.8737645135777985

[Main] Sorted memory_infos (score, thread_idx):
  7.8737645135777985, thread 0
  7.8737645135777985, thread 1
  7.8737645135777985, thread 2
  7.8737645135777985, thread 3

[Main] Worst half (to be reinitialized):
  Thread 2 with score 7.8737645135777985
  Thread 3 with score 7.8737645135777985

[Main] Donor candidates (top half):
  Thread 0 with score 7.8737645135777985
  Thread 1 with score 7.8737645135777985
[Main] Reinitializing memory for thread 2 with best element from thread 0.
[Main] Reinitializing memory for thread 3 with best element from thread 1.

==== Outer Iteration 3 ====
[Process 3] started on GPU 3, running 10 iterations...
[Process 0] started on GPU 0, running 10 iterations...
[Process 2] started on GPU 2, running 10 iterations...
[Process 1] started on GPU 1, running 10 iterations...
[Process 3] step=0, generation took 289.61s
[Process 3] best score so far: 7.8737645135777985, content:
def fun(i1, i2, i3, i4, i5, i6):
    return (i5, (i6 @ i4).T, (i3 + i1), (i2 - (i4 @ i3)).T)

[Process 2] step=0, generation took 290.10s
[Process 2] best score so far: 7.8737645135777985, content:
def fun(i1, i2, i3, i4, i5, i6):
    return i5.T, i6, i2, i4.T

[Process 0] step=0, generation took 293.76s
[Process 0] best score so far: 7.8737645135777985, content:
def fun(i1, i2, i3, i4, i5, i6):

    return i5.T, i6, i2, i4.T

[Process 1] step=0, generation took 295.99s
[Process 1] best score so far: 7.8737645135777985, content:
def fun(i1, i2, i3, i4, i5, i6):
    return (i5, (i6 @ i4).T, (i3 + i1), i2 - (i4 @ i3))

[Process 2] step=1, generation took 293.99s
[Process 2] best score so far: 7.8737645135777985, content:
def fun(i1, i2, i3, i4, i5, i6):
    return i5, i6 @ i2, i3 + i1, i4.T - i1

[Process 3] step=1, generation took 294.93s
[Process 3] best score so far: 7.8737645135777985, content:
def fun(i1, i2, i3, i4, i5, i6):
    return (i5, (i6 + i4) @ i3, (i3 + i1), (i2 - (i4 @ i3)).T)

[Process 1] step=1, generation took 295.20s
[Process 1] best score so far: 7.8737645135777985, content:
def fun(i1, i2, i3, i4, i5, i6):
    return (i5, i6 @ i4 @ i3, i2 + (i1 @ i6.T), i3.T - i4)

[Process 0] step=1, generation took 292.82s
[Process 0] best score so far: 7.8737645135777985, content:
def fun(i1, i2, i3, i4, i5, i6):

    return i5.T, i6, i2, i4.T

[Process 2] step=2, generation took 292.44s
[Process 2] best score so far: 7.8737645135777985, content:
def fun(i1, i2, i3, i4, i5, i6):
    return i5, i6 @ i2, i3 + i1, i4.T - i1

[Process 3] step=2, generation took 295.13s
[Process 3] best score so far: 7.8737645135777985, content:
def fun(i1, i2, i3, i4, i5, i6):
    return (i5, (i6 + i4) @ i3, (i1 - i3).T, (i2 - (i4 @ i3)))

[Process 1] step=2, generation took 295.77s
[Process 1] best score so far: 7.8737645135777985, content:
def fun(i1, i2, i3, i4, i5, i6):
    a = i5
    b = i6.T @ i4
    c = i3 + i1.T
    d = i2 - i4
    return (a, b, c, d)

[Process 0] step=2, generation took 294.02s
[Process 0] best score so far: 7.8737645135777985, content:
def fun(i1, i2, i3, i4, i5, i6):

    return i5.T, i6, i2, i4.T

[Process 2] step=3, generation took 292.29s
[Process 2] best score so far: 7.8737645135777985, content:
def fun(i1, i2, i3, i4, i5, i6):
    return i5, i6 @ i2, i3 + i1, (i4 - i1).T

[Process 3] step=3, generation took 294.94s
[Process 3] best score so far: 7.8737645135777985, content:
def fun(i1, i2, i3, i4, i5, i6):
    return (i5, (i6 + i4) @ i3, (i1 - i3).T, (i2 - (i4 @ i3)))

[Process 1] step=3, generation took 295.71s
[Process 1] best score so far: 7.8737645135777985, content:
def fun(i1, i2, i3, i4, i5, i6):
    a = i5
    b = i6.T @ i4
    c = i3 + i1.T
    d = i2 - i4
    return (a, b, c, d)

[Process 0] step=3, generation took 292.72s
[Process 0] best score so far: 7.8737645135777985, content:
def fun(i1, i2, i3, i4, i5, i6):

    return i5.T, i6, i2, i4.T

[Process 2] step=4, generation took 293.45s
[Process 2] best score so far: 7.8737645135777985, content:
def fun(i1, i2, i3, i4, i5, i6):
    return i5, i6 @ i2, i3 + i1, (i4 - i1).T

[Process 3] step=4, generation took 295.04s
[Process 3] best score so far: 7.8737645135777985, content:
def fun(i1, i2, i3, i4, i5, i6):
    return (i5, (i6 + i4) @ i3, (i1 - i3).T, (i2 - (i4 @ i3)))

[Process 1] step=4, generation took 288.81s
[Process 1] best score so far: 7.8737645135777985, content:
def fun(i1, i2, i3, i4, i5, i6):
    a = i5
    b = i6.T @ i4
    c = i3 + i1.T
    d = i2 - i4
    return (a, b, c, d)

[Process 0] step=4, generation took 292.92s
[Process 0] best score so far: 7.8737645135777985, content:
def fun(i1, i2, i3, i4, i5, i6):

    return i5.T, i6, i2, i4.T

[Process 2] step=5, generation took 293.57s
[Process 2] best score so far: 7.8737645135777985, content:
def fun(i1, i2, i3, i4, i5, i6):

    return (i5, i6 @ i2.T, i3 + i1, i4 - i1)

[Process 3] step=5, generation took 295.00s
[Process 3] best score so far: 7.8737645135777985, content:
def fun(i1, i2, i3, i4, i5, i6):
    return (i5, (i6 + i4) @ i3, (i1 - i3).T, (i2 - (i4 @ i3)))

[Process 1] step=5, generation took 295.11s
[Process 1] best score so far: 7.8737645135777985, content:
def fun(i1, i2, i3, i4, i5, i6):
    a = i5
    b = i6.T @ i4
    c = i3 + i1.T
    d = i2 - i4
    return (a, b, c, d)

[Process 0] step=5, generation took 293.94s
[Process 0] best score so far: 7.8737645135777985, content:
def fun(i1, i2, i3, i4, i5, i6):

    return i5.T, i6, i2, i4.T

[Process 2] step=6, generation took 293.24s
[Process 2] best score so far: 7.8737645135777985, content:
def fun(i1, i2, i3, i4, i5, i6):

    return (i5, i6 @ i2.T, i3 + i1, i4 - i1)

[Process 1] step=6, generation took 288.83s
[Process 1] best score so far: 7.8737645135777985, content:
def fun(i1, i2, i3, i4, i5, i6):
    a = i5
    b = i6.T @ i4
    c = i3 + i1.T
    d = i2 - i4
    return (a, b, c, d)

[Process 3] step=6, generation took 294.88s
[Process 3] best score so far: 7.8737645135777985, content:
def fun(i1, i2, i3, i4, i5, i6):
    return (i5, (i6 + i4) @ i3, (i1 - i3).T, (i2 - (i4 @ i3)))

[Process 0] step=6, generation took 293.99s
[Process 0] best score so far: 7.8737645135777985, content:
def fun(i1, i2, i3, i4, i5, i6):

    return i5.T, i6, i2, i4.T

[Process 2] step=7, generation took 293.37s
[Process 2] best score so far: 7.8737645135777985, content:
def fun(i1, i2, i3, i4, i5, i6):

    return (i5, i6 @ i2.T, i3 + i1, i4 - i1)

[Process 1] step=7, generation took 294.67s
[Process 1] best score so far: 7.8737645135777985, content:
def fun(i1, i2, i3, i4, i5, i6):
    a = i5
    b = i6.T @ i4
    c = i3 + i1.T
    d = i2 - i4
    return (a, b, c, d)

[Process 3] step=7, generation took 295.00s
[Process 3] best score so far: 7.8737645135777985, content:
def fun(i1, i2, i3, i4, i5, i6):
    return (i5, (i6 + i4) @ i3, (i1 - i3).T, (i2 - (i4 @ i3)))

[Process 0] step=7, generation took 294.02s
[Process 0] best score so far: 7.8737645135777985, content:
def fun(i1, i2, i3, i4, i5, i6):

    return i5.T, i6, i2, i4.T

[Process 2] step=8, generation took 293.45s
[Process 2] best score so far: 7.8737645135777985, content:
def fun(i1, i2, i3, i4, i5, i6):

    return (i5, i6 @ i2.T, i3 + i1, i4 - i1)

[Process 1] step=8, generation took 287.05s
[Process 1] best score so far: 7.8737645135777985, content:
def fun(i1, i2, i3, i4, i5, i6):
    a = i5
    b = i6.T @ i4
    c = i3 + i1.T
    d = i2 - i4
    return (a, b, c, d)

[Process 3] step=8, generation took 295.18s
[Process 3] best score so far: 7.8737645135777985, content:
def fun(i1, i2, i3, i4, i5, i6):
    return (i5, (i6 + i4) @ i3, (i1 - i3).T, (i2 - (i4 @ i3)))

[Process 0] step=8, generation took 292.94s
[Process 0] best score so far: 7.8737645135777985, content:
def fun(i1, i2, i3, i4, i5, i6):

    return i5.T, i6, i2, i4.T

[Process 1] step=9, generation took 287.20s
[Process 1] best score so far: 7.8737645135777985, content:
def fun(i1, i2, i3, i4, i5, i6):
    return (i5, (i6 @ i4).T, (i3 + i1) @ i5, (i2 - i4) @ i3)

[Process 2] step=9, generation took 294.04s
[Process 2] best score so far: 7.8737645135777985, content:
def fun(i1, i2, i3, i4, i5, i6):

    return (i5, i6 @ i2.T, i3 + i1, i4 - i1)

[Process 3] step=9, generation took 294.30s
[Process 3] best score so far: 7.8737645135777985, content:
def fun(i1, i2, i3, i4, i5, i6):
    return (i5, (i6 + i4) @ i3, (i1 - i3).T, (i2 - (i4 @ i3)))

[Process 0] step=9, generation took 294.02s
[Process 0] best score so far: 7.8737645135777985, content:
def fun(i1, i2, i3, i4, i5, i6):

    return i5.T, i6, i2, i4.T


[Main] Collecting best scores from each thread's memory:
  Thread 0: best score 7.8737645135777985
  Thread 1: best score 7.8737645135777985
  Thread 2: best score 7.8737645135777985
  Thread 3: best score 7.8737645135777985

[Main] Sorted memory_infos (score, thread_idx):
  7.8737645135777985, thread 0
  7.8737645135777985, thread 1
  7.8737645135777985, thread 2
  7.8737645135777985, thread 3

[Main] Worst half (to be reinitialized):
  Thread 2 with score 7.8737645135777985
  Thread 3 with score 7.8737645135777985

[Main] Donor candidates (top half):
  Thread 0 with score 7.8737645135777985
  Thread 1 with score 7.8737645135777985
[Main] Reinitializing memory for thread 2 with best element from thread 0.
[Main] Reinitializing memory for thread 3 with best element from thread 1.

==== Outer Iteration 4 ====
[Process 2] started on GPU 2, running 10 iterations...
[Process 3] started on GPU 3, running 10 iterations...
[Process 0] started on GPU 0, running 10 iterations...
[Process 1] started on GPU 1, running 10 iterations...
[Process 3] step=0, generation took 286.82s
[Process 3] best score so far: 7.8737645135777985, content:
def fun(i1, i2, i3, i4, i5, i6):
    return (i5, (i6 @ i4).T, (i3 + i1) @ i5, (i2 - i4) @ i3)

[Process 2] step=0, generation took 290.01s
[Process 2] best score so far: 7.8737645135777985, content:
def fun(i1, i2, i3, i4, i5, i6):

    return i5.T, i6, i2, i4.T

[Process 1] step=0, generation took 293.25s
[Process 1] best score so far: 7.8737645135777985, content:
def fun(i1, i2, i3, i4, i5, i6):
    a = i5
    b = i6 @ i4.T
    c = i3 - i1
    d = i2 + (i4 @ i3).T
    return (a, b, c, d)

[Process 0] step=0, generation took 295.80s
[Process 0] best score so far: 7.8737645135777985, content:
def fun(i1, i2, i3, i4, i5, i6):

    return i5.T, i6, i2, i4.T

[Process 3] step=1, generation took 292.02s
[Process 3] best score so far: 7.8737645135777985, content:
def fun(i1, i2, i3, i4, i5, i6):
    a = i5
    b = (i6 @ i4 - i2).T
    c = (i3 + i1) @ i5
    d = (i4 - i2) @ i3
    return (a, b, c, d)

[Process 2] step=1, generation took 294.90s
[Process 2] best score so far: 7.8737645135777985, content:
def fun(i1, i2, i3, i4, i5, i6):

    return i5.T, i6, i2, i4.T

[Process 1] step=1, generation took 294.79s
[Process 1] best score so far: 7.8737645135777985, content:
def fun(i1, i2, i3, i4, i5, i6):
    a = i5
    b = i6 @ i4.T
    c = i3 - i1
    d = i2 + (i4 @ i3).T
    return (a, b, c, d)

[Process 0] step=1, generation took 294.63s
[Process 0] best score so far: 7.8737645135777985, content:
def fun(i1, i2, i3, i4, i5, i6):

    return i5.T, i6, i2, i4.T

[Process 3] step=2, generation took 290.83s
[Process 3] best score so far: 7.8737645135777985, content:
def fun(i1, i2, i3, i4, i5, i6):
    a = i5
    b = (i6 @ i4 - i2).T
    c = (i3 + i1) @ i5
    d = (i4 - i2) @ i3
    return (a, b, c, d)

[Process 2] step=2, generation took 295.08s
[Process 2] best score so far: 7.8737645135777985, content:
def fun(i1, i2, i3, i4, i5, i6):

    return i5.T, i6, i2, i4.T

[Process 1] step=2, generation took 294.77s
[Process 1] best score so far: 7.8737645135777985, content:
def fun(i1, i2, i3, i4, i5, i6):
    a = i5
    b = i6 @ i4
    c = i3 + i1
    d = i2 - (i4 @ i3)
    return (a, b, c, d)

[Process 0] step=2, generation took 294.33s
[Process 0] best score so far: 7.8737645135777985, content:
def fun(i1, i2, i3, i4, i5, i6):

    return i5.T, i6, i2, i4.T

[Process 3] step=3, generation took 289.57s
[Process 3] best score so far: 7.8737645135777985, content:
def fun(i1, i2, i3, i4, i5, i6):
    a = i5
    b = (i6 @ i4 - i2).T
    c = (i3 + i1) @ i5
    d = (i4 - i2) @ i3
    return (a, b, c, d)

[Process 2] step=3, generation took 294.15s
[Process 2] best score so far: 7.8737645135777985, content:
def fun(i1, i2, i3, i4, i5, i6):

    return i5.T, i6, i2, i4.T

[Process 1] step=3, generation took 294.42s
[Process 1] best score so far: 7.8737645135777985, content:
def fun(i1, i2, i3, i4, i5, i6):
    return (i5, (i6 @ (i4.T)), (i3 + i1).T, (i4 @ i3) - i2)

[Process 0] step=3, generation took 294.21s
[Process 0] best score so far: 7.8737645135777985, content:
def fun(i1, i2, i3, i4, i5, i6):

    return i5.T, i6, i2, i4.T

[Process 3] step=4, generation took 289.71s
[Process 3] best score so far: 7.8737645135777985, content:
def fun(i1, i2, i3, i4, i5, i6):
    a = i5
    b = (i6 @ i4 - i2).T
    c = (i3 + i1) @ i5
    d = (i4 - i2) @ i3
    return (a, b, c, d)

[Process 2] step=4, generation took 294.87s
[Process 2] best score so far: 7.8737645135777985, content:
def fun(i1, i2, i3, i4, i5, i6):

    return i5.T, i6, i2, i4.T

[Process 1] step=4, generation took 294.12s
[Process 1] best score so far: 7.8737645135777985, content:
def fun(i1, i2, i3, i4, i5, i6):
    a = i5
    b = i6 @ i4
    c = i3 + i1
    d = i2 - (i4 @ i3)
    return (a, b, c, d)

[Process 0] step=4, generation took 294.29s
[Process 0] best score so far: 7.8737645135777985, content:
def fun(i1, i2, i3, i4, i5, i6):

    return i5.T, i6, i2, i4.T

[Process 3] step=5, generation took 290.40s
[Process 3] best score so far: 7.8737645135777985, content:
def fun(i1, i2, i3, i4, i5, i6):
    a = i5
    b = (i6 @ i4 - i2).T
    c = (i3 + i1) @ i5
    d = (i4 - i2) @ i3
    return (a, b, c, d)

[Process 2] step=5, generation took 295.31s
[Process 2] best score so far: 7.8737645135777985, content:
def fun(i1, i2, i3, i4, i5, i6):

    return i5.T, i6, i2, i4.T

[Process 1] step=5, generation took 295.53s
[Process 1] best score so far: 7.8737645135777985, content:
def fun(i1, i2, i3, i4, i5, i6):
    a = i5
    b = i6.T @ i4
    c = i3 + i1
    d = i2 - (i4 @ i3)
    return (a, b, c, d)

[Process 0] step=5, generation took 295.45s
[Process 0] best score so far: 7.8737645135777985, content:
def fun(i1, i2, i3, i4, i5, i6):

    return i5.T, i6, i2, i4.T

[Process 3] step=6, generation took 291.10s
[Process 3] best score so far: 7.8737645135777985, content:
def fun(i1, i2, i3, i4, i5, i6):
    a = i5
    b = (i6 @ i4 - i2).T
    c = (i3 + i1) @ i5
    d = (i4 - i2) @ i3
    return (a, b, c, d)

[Process 2] step=6, generation took 294.93s
[Process 2] best score so far: 7.8737645135777985, content:
def fun(i1, i2, i3, i4, i5, i6):

    return i5.T, i6, i2, i4.T

[Process 1] step=6, generation took 295.02s
[Process 1] best score so far: 7.8737645135777985, content:
def fun(i1, i2, i3, i4, i5, i6):
    a = i5
    b = i6 @ i4
    c = i3 + i1
    d = i2 - (i4 @ i3)
    return (a, b, c, d)

[Process 0] step=6, generation took 295.46s
[Process 0] best score so far: 7.8737645135777985, content:
def fun(i1, i2, i3, i4, i5, i6):

    return i5.T, i6, i2, i4.T

[Process 3] step=7, generation took 290.00s
[Process 3] best score so far: 7.8737645135777985, content:
def fun(i1, i2, i3, i4, i5, i6):
    a = i5
    b = (i6 @ i4 - i2).T
    c = (i3 + i1) @ i5
    d = (i4 - i2) @ i3
    return (a, b, c, d)

[Process 2] step=7, generation took 295.06s
[Process 2] best score so far: 7.8737645135777985, content:
def fun(i1, i2, i3, i4, i5, i6):

    return i5.T, i6, i2, i4.T

[Process 1] step=7, generation took 295.31s
[Process 1] best score so far: 7.8737645135777985, content:
def fun(i1, i2, i3, i4, i5, i6):
    a = i5
    b = (i6.T @ i4).T
    c = i3 @ i1
    d = i2 - (i4 @ i3).T
    return (a, b, c, d)

[Process 0] step=7, generation took 295.46s
[Process 0] best score so far: 7.8737645135777985, content:
def fun(i1, i2, i3, i4, i5, i6):

    return i5.T, i6, i2, i4.T

[Process 3] step=8, generation took 290.81s
[Process 3] best score so far: 7.8737645135777985, content:
def fun(i1, i2, i3, i4, i5, i6):
    a = i5
    b = (i6 @ i4 - i2).T
    c = (i3 + i1) @ i5
    d = (i4 - i2) @ i3
    return (a, b, c, d)

[Process 2] step=8, generation took 294.45s
[Process 2] best score so far: 7.8737645135777985, content:
def fun(i1, i2, i3, i4, i5, i6):

    return i5.T, i6, i2, i4.T

[Process 1] step=8, generation took 291.85s
[Process 1] best score so far: 7.8737645135777985, content:
def fun(i1, i2, i3, i4, i5, i6):
    a = i5
    b = (i6.T @ i4).T
    c = i3 @ i1
    d = i2 - (i4 @ i3).T
    return (a, b, c, d)

[Process 0] step=8, generation took 295.53s
[Process 0] best score so far: 7.8737645135777985, content:
def fun(i1, i2, i3, i4, i5, i6):

    return i5.T, i6, i2, i4.T

[Process 3] step=9, generation took 291.11s
[Process 3] best score so far: 7.8737645135777985, content:
def fun(i1, i2, i3, i4, i5, i6):
    a = i5
    b = (i6 @ i4 - i2).T
    c = (i3 + i1) @ i5
    d = (i4 - i2) @ i3
    return (a, b, c, d)

[Process 2] step=9, generation took 292.59s
[Process 2] best score so far: 7.8737645135777985, content:
def fun(i1, i2, i3, i4, i5, i6):

    return i5.T, i6, i2, i4.T

[Process 1] step=9, generation took 292.52s
[Process 1] best score so far: 7.8737645135777985, content:
def fun(i1, i2, i3, i4, i5, i6):
    a = i5
    b = (i6.T @ i4).T
    c = i3 @ i1
    d = i2 - (i4 @ i3).T
    return (a, b, c, d)

[Process 0] step=9, generation took 294.22s
[Process 0] best score so far: 7.8737645135777985, content:
def fun(i1, i2, i3, i4, i5, i6):

    return i5.T, i6, i2, i4.T


[Main] Collecting best scores from each thread's memory:
  Thread 0: best score 7.8737645135777985
  Thread 1: best score 7.8737645135777985
  Thread 2: best score 7.8737645135777985
  Thread 3: best score 7.8737645135777985

[Main] Sorted memory_infos (score, thread_idx):
  7.8737645135777985, thread 0
  7.8737645135777985, thread 1
  7.8737645135777985, thread 2
  7.8737645135777985, thread 3

[Main] Worst half (to be reinitialized):
  Thread 2 with score 7.8737645135777985
  Thread 3 with score 7.8737645135777985

[Main] Donor candidates (top half):
  Thread 0 with score 7.8737645135777985
  Thread 1 with score 7.8737645135777985
[Main] Reinitializing memory for thread 2 with best element from thread 0.
[Main] Reinitializing memory for thread 3 with best element from thread 1.

==== Outer Iteration 5 ====
[Process 2] started on GPU 2, running 10 iterations...
[Process 3] started on GPU 3, running 10 iterations...
[Process 0] started on GPU 0, running 10 iterations...
[Process 1] started on GPU 1, running 10 iterations...
[Process 3] step=0, generation took 286.35s
[Process 3] best score so far: 7.8737645135777985, content:
def fun(i1, i2, i3, i4, i5, i6):
    a = i5
    b = (i4 @ i6).T
    c = i1 @ i3
    d = i2 - (i3 @ i4).T
    return (a, b, c, d)

[Process 2] step=0, generation took 291.80s
[Process 2] best score so far: 7.8737645135777985, content:
def fun(i1, i2, i3, i4, i5, i6):

    return i5.T, (i6 + i2).T, i2, i4.T

[Process 0] step=0, generation took 294.45s
[Process 0] best score so far: 7.8737645135777985, content:
def fun(i1, i2, i3, i4, i5, i6):

    return i5.T, i6, i2, i4.T

[Process 1] step=0, generation took 297.17s
[Process 1] best score so far: 7.8737645135777985, content:
def fun(i1, i2, i3, i4, i5, i6):
    a = i5
    b = (i6.T @ i4).T
    c = i3 @ i1
    d = i2 - (i4 @ i3).T
    return (a, b, c, d)

[Process 3] step=1, generation took 291.04s
[Process 3] best score so far: 7.8737645135777985, content:
def fun(i1, i2, i3, i4, i5, i6):
    a = i5
    b = (i4 @ i6)
    c = i3 @ i1
    d = (i2 - i4) @ i3.T
    return (a, b, c, d)

[Process 2] step=1, generation took 296.68s
[Process 2] best score so far: 7.8737645135777985, content:
def fun(i1, i2, i3, i4, i5, i6):

    return i5.T, (i6 + i2).T, i2, i4.T

[Process 0] step=1, generation took 296.23s
[Process 0] best score so far: 7.8737645135777985, content:
def fun(i1, i2, i3, i4, i5, i6):

    return i5.T, i6, i2, i4.T

[Process 1] step=1, generation took 293.82s
[Process 1] best score so far: 7.8737645135777985, content:
def fun(i1, i2, i3, i4, i5, i6):
    a = i5
    b = (i6.T @ i4).T
    c = i3 @ i1
    d = i2 - (i4 @ i3).T
    return (a, b, c, d)

[Process 3] step=2, generation took 291.80s
[Process 3] best score so far: 7.8737645135777985, content:
def fun(i1, i2, i3, i4, i5, i6):
    a = i5
    b = (i4 @ i6)
    c = i3 @ i1
    d = (i2 - i4) @ i3.T
    return (a, b, c, d)

[Process 2] step=2, generation took 295.73s
[Process 2] best score so far: 7.8737645135777985, content:
def fun(i1, i2, i3, i4, i5, i6):

    return i5, i6 @ i6, i2 @ i2, i4.T

[Process 0] step=2, generation took 296.32s
[Process 0] best score so far: 7.8737645135777985, content:
def fun(i1, i2, i3, i4, i5, i6):

    return i5.T, i6, i2, i4.T

[Process 1] step=2, generation took 296.30s
[Process 1] best score so far: 7.8737645135777985, content:
def fun(i1, i2, i3, i4, i5, i6):
    a = i5
    b = (i6.T @ i4).T
    c = i3 @ i1
    d = i2 - (i4 @ i3).T
    return (a, b, c, d)

[Process 3] step=3, generation took 291.85s
[Process 3] best score so far: 7.8737645135777985, content:
def fun(i1, i2, i3, i4, i5, i6):
    a = i5
    b = (i4 @ i6)
    c = i3 @ i1
    d = (i2 - i4) @ i3.T
    return (a, b, c, d)

[Process 2] step=3, generation took 294.99s
[Process 2] best score so far: 7.8737645135777985, content:
def fun(i1, i2, i3, i4, i5, i6):

    return i5, i6, i2, i4.T

[Process 0] step=3, generation took 294.95s
[Process 0] best score so far: 7.8737645135777985, content:
def fun(i1, i2, i3, i4, i5, i6):

    return i5.T, i6, i2, i4.T

[Process 1] step=3, generation took 293.68s
[Process 1] best score so far: 7.8737645135777985, content:
def fun(i1, i2, i3, i4, i5, i6):
    a = i5
    b = (i6.T @ i4).T
    c = i3 @ i1
    d = i2 - (i4 @ i3).T
    return (a, b, c, d)

[Process 3] step=4, generation took 290.96s
[Process 3] best score so far: 7.8737645135777985, content:
def fun(i1, i2, i3, i4, i5, i6):
    a = i5
    b = (i4 @ i6)
    c = i3 @ i1
    d = (i2 - i4) @ i3.T
    return (a, b, c, d)

[Process 2] step=4, generation took 294.80s
[Process 2] best score so far: 7.8737645135777985, content:
def fun(i1, i2, i3, i4, i5, i6):

    return i5, i6, i2, i4.T

[Process 0] step=4, generation took 295.95s
[Process 0] best score so far: 7.8737645135777985, content:
def fun(i1, i2, i3, i4, i5, i6):

    return i5.T, i6, i2, i4.T

[Process 1] step=4, generation took 293.77s
[Process 1] best score so far: 7.8737645135777985, content:
def fun(i1, i2, i3, i4, i5, i6):
    a = i5
    b = (i6.T @ i4).T
    c = i3 @ i1
    d = i2 - (i4 @ i3).T
    return (a, b, c, d)

[Process 3] step=5, generation took 291.56s
[Process 3] best score so far: 7.8737645135777985, content:
def fun(i1, i2, i3, i4, i5, i6):
    a = i5
    b = (i4 @ i6)
    c = i3 @ i1
    d = (i2 - i4) @ i3.T
    return (a, b, c, d)

[Process 2] step=5, generation took 294.34s
[Process 2] best score so far: 7.8737645135777985, content:
def fun(i1, i2, i3, i4, i5, i6):

    return i5, i6, i2, i4.T

[Process 0] step=5, generation took 295.98s
[Process 0] best score so far: 7.8737645135777985, content:
def fun(i1, i2, i3, i4, i5, i6):

    return i5.T, i6, i2, i4.T

[Process 1] step=5, generation took 293.77s
[Process 1] best score so far: 7.8737645135777985, content:
def fun(i1, i2, i3, i4, i5, i6):
    a = i5
    b = (i6.T @ i4).T
    c = i3 @ i1
    d = i2 - (i4 @ i3).T
    return (a, b, c, d)

[Process 3] step=6, generation took 290.65s
[Process 3] best score so far: 7.8737645135777985, content:
def fun(i1, i2, i3, i4, i5, i6):
    a = i5
    b = (i4 @ i6)
    c = i3 @ i1
    d = (i2 - i4) @ i3.T
    return (a, b, c, d)

[Process 2] step=6, generation took 294.99s
[Process 2] best score so far: 7.8737645135777985, content:
def fun(i1, i2, i3, i4, i5, i6):

    return i5, i6, i2, i4.T

[Process 0] step=6, generation took 294.82s
[Process 0] best score so far: 7.8737645135777985, content:
def fun(i1, i2, i3, i4, i5, i6):

    return i5.T, i6, i2, i4.T

[Process 1] step=6, generation took 293.68s
[Process 1] best score so far: 7.8737645135777985, content:
def fun(i1, i2, i3, i4, i5, i6):
    a = i5
    b = (i6.T @ i4).T
    c = i3 @ i1
    d = i2 - (i4 @ i3).T
    return (a, b, c, d)

[Process 3] step=7, generation took 291.68s
[Process 3] best score so far: 7.8737645135777985, content:
def fun(i1, i2, i3, i4, i5, i6):
    a = i5
    b = (i4 @ i6).T
    c = i1 @ i3
    d = (i2 - (i3 @ i4).T).T
    return (a, b, c, d)

[Process 2] step=7, generation took 294.48s
[Process 2] best score so far: 7.8737645135777985, content:
def fun(i1, i2, i3, i4, i5, i6):

    return i5, i6, i2, i4.T

[Process 1] step=7, generation took 293.66s
[Process 1] best score so far: 7.8737645135777985, content:
def fun(i1, i2, i3, i4, i5, i6):
    a = i5
    b = (i6.T @ i4).T
    c = i3 @ i1
    d = i2 - (i4 @ i3).T
    return (a, b, c, d)

[Process 0] step=7, generation took 294.92s
[Process 0] best score so far: 7.8737645135777985, content:
def fun(i1, i2, i3, i4, i5, i6):

    return i5.T, i6, i2, i4.T

[Process 3] step=8, generation took 291.71s
[Process 3] best score so far: 7.8737645135777985, content:
def fun(i1, i2, i3, i4, i5, i6):
    a = i5
    b = (i4 @ i6).T
    c = i1 @ i3
    d = (i2 - (i3 @ i4).T).T
    return (a, b, c, d)

[Process 2] step=8, generation took 294.87s
[Process 2] best score so far: 7.8737645135777985, content:
def fun(i1, i2, i3, i4, i5, i6):

    return i5, i6, i2, i4.T

[Process 1] step=8, generation took 296.12s
[Process 1] best score so far: 7.8737645135777985, content:
def fun(i1, i2, i3, i4, i5, i6):
    a = i5
    b = (i6.T @ i4).T
    c = i3 @ i1
    d = i2 - (i4 @ i3).T
    return (a, b, c, d)

[Process 0] step=8, generation took 296.37s
[Process 0] best score so far: 7.8737645135777985, content:
def fun(i1, i2, i3, i4, i5, i6):

    return i5.T, i6, i2, i4.T

[Process 3] step=9, generation took 291.51s
[Process 3] best score so far: 7.8737645135777985, content:
def fun(i1, i2, i3, i4, i5, i6):
    a = i5
    b = (i4 @ i6)
    c = (i3 @ i1).T
    d = (i2 - i4) @ i3.T
    return (a, b, c, d)

[Process 2] step=9, generation took 294.36s
[Process 2] best score so far: 7.8737645135777985, content:
def fun(i1, i2, i3, i4, i5, i6):

    return i5, i6, i2, i4.T

[Process 1] step=9, generation took 295.99s
[Process 1] best score so far: 7.8737645135777985, content:
def fun(i1, i2, i3, i4, i5, i6):
    a = i5
    b = (i6.T @ i4).T
    c = i3 @ i1
    d = i2 - (i4 @ i3).T
    return (a, b, c, d)

[Process 0] step=9, generation took 296.35s
[Process 0] best score so far: 7.8737645135777985, content:
def fun(i1, i2, i3, i4, i5, i6):

    return i5.T, i6, i2, i4.T


[Main] Collecting best scores from each thread's memory:
  Thread 0: best score 7.8737645135777985
  Thread 1: best score 7.8737645135777985
  Thread 2: best score 7.8737645135777985
  Thread 3: best score 7.8737645135777985

[Main] Sorted memory_infos (score, thread_idx):
  7.8737645135777985, thread 0
  7.8737645135777985, thread 1
  7.8737645135777985, thread 2
  7.8737645135777985, thread 3

[Main] Worst half (to be reinitialized):
  Thread 2 with score 7.8737645135777985
  Thread 3 with score 7.8737645135777985

[Main] Donor candidates (top half):
  Thread 0 with score 7.8737645135777985
  Thread 1 with score 7.8737645135777985
[Main] Reinitializing memory for thread 2 with best element from thread 0.
[Main] Reinitializing memory for thread 3 with best element from thread 1.

==== Outer Iteration 6 ====
[Process 3] started on GPU 3, running 10 iterations...
[Process 2] started on GPU 2, running 10 iterations...
[Process 0] started on GPU 0, running 10 iterations...
[Process 1] started on GPU 1, running 10 iterations...
[Process 3] step=0, generation took 285.46s
[Process 3] best score so far: 7.8737645135777985, content:
def fun(i1, i2, i3, i4, i5, i6):
    a = i5
    b = (i6.T @ i4).T
    c = i3 @ i1
    d = i2 - (i4 @ i3).T
    return (a, b, c, d)

[Process 2] step=0, generation took 291.46s
[Process 2] best score so far: 7.8737645135777985, content:
def fun(i1, i2, i3, i4, i5, i6):

    return i5.T, i6, i2, i4.T

[Process 0] step=0, generation took 294.30s
[Process 0] best score so far: 7.8737645135777985, content:
def fun(i1, i2, i3, i4, i5, i6):

    return i5.T, i6, i2, i4.T

[Process 1] step=0, generation took 294.71s
[Process 1] best score so far: 7.8737645135777985, content:
def fun(i1, i2, i3, i4, i5, i6):
    a = i5
    b = (i6.T @ i4).T
    c = i3 @ i1
    d = i2 - (i4 @ i3).T
    return (a, b, c, d)

[Process 3] step=1, generation took 290.55s
[Process 3] best score so far: 7.8737645135777985, content:
def fun(i1, i2, i3, i4, i5, i6):
    a = i5
    b = (i6 @ i4).T
    c = i3.T @ i1
    d = i2 - (i4 @ i3)
    return (a, b, c, d)

[Process 2] step=1, generation took 295.97s
[Process 2] best score so far: 7.8737645135777985, content:
def fun(i1, i2, i3, i4, i5, i6):
    return (i5.T), (i6), (i2 @ i3), (i4 - i6).T

[Process 0] step=1, generation took 292.76s
[Process 0] best score so far: 7.8737645135777985, content:
def fun(i1, i2, i3, i4, i5, i6):

    return i5.T, i6, i2, i4.T

[Process 1] step=1, generation took 292.16s
[Process 1] best score so far: 7.8737645135777985, content:
def fun(i1, i2, i3, i4, i5, i6):
    a = i5
    b = (i6.T @ i4).T
    c = i3 @ i1
    d = i2 - (i4 @ i3).T
    return (a, b, c, d)

[Process 3] step=2, generation took 289.34s
[Process 3] best score so far: 7.8737645135777985, content:
def fun(i1, i2, i3, i4, i5, i6):
    a = i5
    b = (i6 @ i4).T
    c = i3 @ i1
    d = i2 - (i4 @ i3)
    return (a, b, c, d)

[Process 2] step=2, generation took 295.99s
[Process 2] best score so far: 7.8737645135777985, content:
def fun(i1, i2, i3, i4, i5, i6):
    return (i5.T), (i6), (i2 @ i3), (i4 - i6).T

[Process 0] step=2, generation took 294.06s
[Process 0] best score so far: 7.8737645135777985, content:
def fun(i1, i2, i3, i4, i5, i6):

    return i5.T, i6, i2, i4.T

[Process 1] step=2, generation took 292.27s
[Process 1] best score so far: 7.8737645135777985, content:
def fun(i1, i2, i3, i4, i5, i6):
    a = i5
    b = (i6.T @ i4).T
    c = i3 @ i1
    d = i2 - (i4 @ i3).T
    return (a, b, c, d)

[Process 3] step=3, generation took 289.89s
[Process 3] best score so far: 7.8737645135777985, content:
def fun(i1, i2, i3, i4, i5, i6):
    a = i5
    b = (i6 @ i4).T
    c = i3 @ i1
    d = i2 - (i4 @ i3)
    return (a, b, c, d)

[Process 2] step=3, generation took 295.63s
[Process 2] best score so far: 7.8737645135777985, content:
def fun(i1, i2, i3, i4, i5, i6):
    return (i5, (i6.T), (i2 @ i3), (i4 - i6))

[Process 0] step=3, generation took 293.89s
[Process 0] best score so far: 7.8737645135777985, content:
def fun(i1, i2, i3, i4, i5, i6):

    return i5.T, i6, i2, i4.T

[Process 1] step=3, generation took 292.48s
[Process 1] best score so far: 7.8737645135777985, content:
def fun(i1, i2, i3, i4, i5, i6):
    a = i5
    b = (i6.T @ i4).T
    c = i3 @ i1
    d = i2 - (i4 @ i3).T
    return (a, b, c, d)

[Process 3] step=4, generation took 289.78s
[Process 3] best score so far: 7.8737645135777985, content:
def fun(i1, i2, i3, i4, i5, i6):
    a = i5
    b = (i4 + i6.T) @ i4
    c = i3 @ i1 + i1
    d = i2 - (i4 @ (i3 + i1))
    return (a, b, c, d)

[Process 2] step=4, generation took 295.35s
[Process 2] best score so far: 7.8737645135777985, content:
def fun(i1, i2, i3, i4, i5, i6):
    return (i5, i6.T, (i2 + i3) @ i4, (i4 - i6).T)

[Process 0] step=4, generation took 294.18s
[Process 0] best score so far: 7.8737645135777985, content:
def fun(i1, i2, i3, i4, i5, i6):

    return i5.T, i6, i2, i4.T

[Process 1] step=4, generation took 294.63s
[Process 1] best score so far: 7.8737645135777985, content:
def fun(i1, i2, i3, i4, i5, i6):
    a = i5
    b = (i6.T @ i4).T
    c = i3 @ i1
    d = i2 - (i4 @ i3).T
    return (a, b, c, d)

[Process 3] step=5, generation took 289.62s
[Process 3] best score so far: 7.8737645135777985, content:
def fun(i1, i2, i3, i4, i5, i6):
    a = i5
    b = (i6 @ i4).T
    c = i3 @ i1
    d = i2 - (i4 @ i3).T 
    return (a, b, c, d)

[Process 2] step=5, generation took 295.66s
[Process 2] best score so far: 7.8737645135777985, content:
def fun(i1, i2, i3, i4, i5, i6):
    return (i5, i6.T, (i2 + i3) @ i4, (i4 - i6).T)

[Process 0] step=5, generation took 292.75s
[Process 0] best score so far: 7.8737645135777985, content:
def fun(i1, i2, i3, i4, i5, i6):

    return i5.T, i6, i2, i4.T

[Process 1] step=5, generation took 292.27s
[Process 1] best score so far: 7.8737645135777985, content:
def fun(i1, i2, i3, i4, i5, i6):
    a = i5
    b = (i6.T @ i4).T
    c = i3 @ i1
    d = i2 - (i4 @ i3).T
    return (a, b, c, d)

[Process 3] step=6, generation took 289.62s
[Process 3] best score so far: 7.8737645135777985, content:
def fun(i1, i2, i3, i4, i5, i6):
    a = i5
    b = (i6 @ i4).T
    c = i3 @ i1
    d = i2 - (i4 @ i3)
    return (a, b, c, d)

[Process 2] step=6, generation took 295.58s
[Process 2] best score so far: 7.8737645135777985, content:
def fun(i1, i2, i3, i4, i5, i6):
    return (i5), (i6), (i2 @ i3).T, (i4 - i6)

[Process 0] step=6, generation took 294.09s
[Process 0] best score so far: 7.8737645135777985, content:
def fun(i1, i2, i3, i4, i5, i6):

    return i5.T, i6, i2, i4.T

[Process 1] step=6, generation took 292.36s
[Process 1] best score so far: 7.8737645135777985, content:
def fun(i1, i2, i3, i4, i5, i6):
    a = i5
    b = (i6.T @ i4).T
    c = i3 @ i1
    d = i2 - (i4 @ i3).T
    return (a, b, c, d)

[Process 3] step=7, generation took 289.45s
[Process 3] best score so far: 7.8737645135777985, content:
def fun(i1, i2, i3, i4, i5, i6):
    a = i5
    b = (i6 @ i4).T
    c = i3 @ i1
    d = i2 - (i4 @ i3).T
    return (a, b, c, d)

[Process 2] step=7, generation took 295.51s
[Process 2] best score so far: 7.8737645135777985, content:
def fun(i1, i2, i3, i4, i5, i6):
    return (i5), (i6), (i2 @ i3).T, (i4 - i6)

[Process 0] step=7, generation took 292.80s
[Process 0] best score so far: 7.8737645135777985, content:
def fun(i1, i2, i3, i4, i5, i6):

    return i5.T, i6, i2, i4.T

[Process 1] step=7, generation took 292.36s
[Process 1] best score so far: 7.8737645135777985, content:
def fun(i1, i2, i3, i4, i5, i6):
    a = i5
    b = (i6.T @ i4).T
    c = i3 @ i1
    d = i2 - (i4 @ i3).T
    return (a, b, c, d)

[Process 3] step=8, generation took 289.23s
[Process 3] best score so far: 7.8737645135777985, content:
def fun(i1, i2, i3, i4, i5, i6):
    a = i5
    b = (i4 + i6.T) @ i4
    c = i3 @ i1 + i1
    d = i2 - (i4 @ (i3 + i1))
    return (a, b, c, d)

[Process 2] step=8, generation took 295.67s
[Process 2] best score so far: 7.8737645135777985, content:
def fun(i1, i2, i3, i4, i5, i6):
    return (i5), (i6), (i2 @ i3).T, (i4 - i6)

[Process 1] step=8, generation took 292.63s
[Process 1] best score so far: 7.8737645135777985, content:
def fun(i1, i2, i3, i4, i5, i6):
    a = i5
    b = (i6.T @ i4).T
    c = i3 @ i1
    d = i2 - (i4 @ i3).T
    return (a, b, c, d)

[Process 3] step=9, generation took 329.58s
[Process 3] best score so far: 7.8737645135777985, content:
def fun(i1, i2, i3, i4, i5, i6):

    a = i5

    b = i6.T @ i4

    c = i3 @ i1

    d = i2 - (i4 @ (i3 @ i1))

    return (a, b, c, d)

[Process 2] step=9, generation took 335.24s
[Process 2] best score so far: 7.8737645135777985, content:
def fun(i1, i2, i3, i4, i5, i6):
    return (i5), (i6), (i2 @ i3).T, (i4 - i6)

[Process 1] step=9, generation took 332.02s
[Process 1] best score so far: 7.8737645135777985, content:
def fun(i1, i2, i3, i4, i5, i6):
    a = i5
    b = (i6.T @ i4).T
    c = i3 @ i1
    d = i2 - (i4 @ i3).T
    return (a, b, c, d)

