/n/home10/vsaketos/.conda/envs/env2/lib/python3.9/site-packages/transformers/models/auto/auto_factory.py:471: FutureWarning: The `use_auth_token` argument is deprecated and will be removed in v5 of Transformers. Please use `token` instead.
  warnings.warn(
`low_cpu_mem_usage` was None, now default to True since model is quantized.
Sliding Window Attention is enabled but not implemented for `sdpa`; unexpected results may be encountered.
Loading checkpoint shards:   0%|          | 0/2 [00:00<?, ?it/s]Loading checkpoint shards:  50%|█████     | 1/2 [00:04<00:04,  4.27s/it]Loading checkpoint shards: 100%|██████████| 2/2 [00:07<00:00,  3.69s/it]Loading checkpoint shards: 100%|██████████| 2/2 [00:07<00:00,  3.77s/it]
Setting `pad_token_id` to `eos_token_id`:151643 for open-end generation.
/n/home10/vsaketos/wavegp/kalmangp/PureFunsearch_predict_plus_two/evaluate.py:124: RuntimeWarning: overflow encountered in matmul
  if diff @ diff.T < 0:
/n/home10/vsaketos/wavegp/kalmangp/PureFunsearch_predict_plus_two/evaluate.py:126: RuntimeWarning: overflow encountered in matmul
  mse_true_trajectory += (diff @ diff.T) / 1000.0
/n/home10/vsaketos/wavegp/kalmangp/PureFunsearch_predict_plus_two/evaluate.py:111: RuntimeWarning: overflow encountered in matmul
  xx = xp + (K @ y)
<string>:5: RuntimeWarning: invalid value encountered in matmul
<string>:5: RuntimeWarning: invalid value encountered in subtract
<string>:6: RuntimeWarning: overflow encountered in matmul
<string>:8: RuntimeWarning: invalid value encountered in matmul
<string>:4: RuntimeWarning: overflow encountered in matmul
<string>:11: RuntimeWarning: invalid value encountered in subtract
<string>:12: RuntimeWarning: invalid value encountered in subtract
Setting `pad_token_id` to `eos_token_id`:151643 for open-end generation.
<string>:7: RuntimeWarning: invalid value encountered in matmul
Setting `pad_token_id` to `eos_token_id`:151643 for open-end generation.
Setting `pad_token_id` to `eos_token_id`:151643 for open-end generation.
srun: got SIGCONT
slurmstepd: error: *** JOB 13930363 ON holygpu8a16102 CANCELLED AT 2025-05-05T13:57:03 ***
srun: forcing job termination
slurmstepd: error: *** STEP 13930363.0 ON holygpu8a16102 CANCELLED AT 2025-05-05T13:57:03 ***
