Sanity check loss: 1.1180493160255696
Generation 00000 - Island 0 Best found in this generation: 2.0734192078087035
Error during prediction: not enough values to unpack (expected 4, got 3)
Warning: no valid data for plotting.
Island 0 BEST SO FAR: 2.0729552781897684 DISTANCE FROM KALMAN FILTER : inf 
Island 0 BEST Graph : digraph {
  0 [label = i0]
  1 [label = i1]
  2 [label = i2]
  3 [label = i3]
  4 [label = i4]
  8 [label = "transpose"]
  2 -> 8
  12 [label = o0]
  4 -> 12
  13 [label = o1]
  8 -> 13
  14 [label = o2]
  2 -> 14
}

Generation 00000 - Island 1 Best found in this generation: 2.0742094832589846
Error during prediction: not enough values to unpack (expected 4, got 3)
Warning: no valid data for plotting.
Island 1 BEST SO FAR: 2.0729552781897684 DISTANCE FROM KALMAN FILTER : inf 
Island 1 BEST Graph : digraph {
  0 [label = i0]
  1 [label = i1]
  2 [label = i2]
  3 [label = i3]
  4 [label = i4]
  12 [label = o0]
  4 -> 12
  13 [label = o1]
  2 -> 13
  14 [label = o2]
  2 -> 14
}

Generation 00000 - Island 2 Best found in this generation: 2.0718029788320784
Error during prediction: not enough values to unpack (expected 4, got 3)
Warning: no valid data for plotting.
Island 2 BEST SO FAR: 2.0704058169334267 DISTANCE FROM KALMAN FILTER : inf 
Island 2 BEST Graph : digraph {
  0 [label = i0]
  1 [label = i1]
  2 [label = i2]
  3 [label = i3]
  4 [label = i4]
  6 [label = "minus"]
  2 -> 6 [color = red]
  1 -> 6 [color = blue]
  10 [label = "transpose"]
  4 -> 10
  12 [label = o0]
  10 -> 12
  13 [label = o1]
  2 -> 13
  14 [label = o2]
  6 -> 14
}

Generation 00000 - Island 3 Best found in this generation: 1.3793657166344913
Error during prediction: not enough values to unpack (expected 4, got 3)
Warning: no valid data for plotting.
Island 3 BEST SO FAR: 2.0734192078087035 DISTANCE FROM KALMAN FILTER : inf 
Island 3 BEST Graph : digraph {
  0 [label = i0]
  1 [label = i1]
  2 [label = i2]
  3 [label = i3]
  4 [label = i4]
  8 [label = "matmul"]
  1 -> 8 [color = red]
  2 -> 8 [color = blue]
  10 [label = "transpose"]
  8 -> 10
  12 [label = o0]
  4 -> 12
  13 [label = o1]
  10 -> 13
  14 [label = o2]
  2 -> 14
}


--- Resetting half of the worst islands ---
Best half island indices: [2, 0]
Resetting Island 1 using best from Island 2
Resetting Island 3 using best from Island 0
Generation 00050 - Island 0 Best found in this generation: 1.833883685603504
Error during prediction: not enough values to unpack (expected 4, got 3)
Warning: no valid data for plotting.
Island 0 BEST SO FAR: 1.833883685603504 DISTANCE FROM KALMAN FILTER : inf 
Island 0 BEST Graph : digraph {
  0 [label = i0]
  1 [label = i1]
  2 [label = i2]
  3 [label = i3]
  4 [label = i4]
  5 [label = "minus"]
  3 -> 5 [color = red]
  1 -> 5 [color = blue]
  6 [label = "minus"]
  1 -> 6 [color = red]
  0 -> 6 [color = blue]
  7 [label = "add"]
  6 -> 7 [color = red]
  4 -> 7 [color = blue]
  9 [label = "matmul"]
  5 -> 9 [color = red]
  7 -> 9 [color = blue]
  12 [label = o0]
  4 -> 12
  13 [label = o1]
  1 -> 13
  14 [label = o2]
  9 -> 14
}

Generation 00050 - Island 1 Best found in this generation: 1.9763480849908248
Error during prediction: not enough values to unpack (expected 4, got 3)
Warning: no valid data for plotting.
Island 1 BEST SO FAR: 1.3793657166344906 DISTANCE FROM KALMAN FILTER : inf 
Island 1 BEST Graph : digraph {
  0 [label = i0]
  1 [label = i1]
  2 [label = i2]
  3 [label = i3]
  4 [label = i4]
  6 [label = "matmul"]
  2 -> 6 [color = red]
  0 -> 6 [color = blue]
  9 [label = "transpose"]
  4 -> 9
  12 [label = o0]
  6 -> 12
  13 [label = o1]
  1 -> 13
  14 [label = o2]
  9 -> 14
}

Generation 00050 - Island 2 Best found in this generation: 1.3793657166344913
Error during prediction: not enough values to unpack (expected 4, got 3)
Warning: no valid data for plotting.
Island 2 BEST SO FAR: 1.3793657166344913 DISTANCE FROM KALMAN FILTER : inf 
Island 2 BEST Graph : digraph {
  0 [label = i0]
  1 [label = i1]
  2 [label = i2]
  3 [label = i3]
  4 [label = i4]
  6 [label = "matmul"]
  1 -> 6 [color = red]
  0 -> 6 [color = blue]
  9 [label = "minus"]
  4 -> 9 [color = red]
  6 -> 9 [color = blue]
  12 [label = o0]
  6 -> 12
  13 [label = o1]
  1 -> 13
  14 [label = o2]
  9 -> 14
}

Generation 00050 - Island 3 Best found in this generation: 1.8668102518819
Error during prediction: not enough values to unpack (expected 4, got 3)
Warning: no valid data for plotting.
Island 3 BEST SO FAR: 1.833883685603504 DISTANCE FROM KALMAN FILTER : inf 
Island 3 BEST Graph : digraph {
  0 [label = i0]
  1 [label = i1]
  2 [label = i2]
  3 [label = i3]
  4 [label = i4]
  5 [label = "minus"]
  3 -> 5 [color = red]
  1 -> 5 [color = blue]
  6 [label = "minus"]
  1 -> 6 [color = red]
  0 -> 6 [color = blue]
  7 [label = "add"]
  6 -> 7 [color = red]
  4 -> 7 [color = blue]
  9 [label = "matmul"]
  5 -> 9 [color = red]
  7 -> 9 [color = blue]
  12 [label = o0]
  4 -> 12
  13 [label = o1]
  1 -> 13
  14 [label = o2]
  9 -> 14
}


--- Resetting half of the worst islands ---
Best half island indices: [1, 2]
Resetting Island 0 using best from Island 1
Resetting Island 3 using best from Island 2
Generation 00100 - Island 0 Best found in this generation: 1.3793657166344906
Error during prediction: not enough values to unpack (expected 4, got 3)
Warning: no valid data for plotting.
Island 0 BEST SO FAR: 1.1242881690249438 DISTANCE FROM KALMAN FILTER : inf 
Island 0 BEST Graph : digraph {
  0 [label = i0]
  1 [label = i1]
  2 [label = i2]
  3 [label = i3]
  4 [label = i4]
  5 [label = "matmul"]
  1 -> 5 [color = red]
  3 -> 5 [color = blue]
  6 [label = "matmul"]
  1 -> 6 [color = red]
  0 -> 6 [color = blue]
  8 [label = "transpose"]
  1 -> 8
  9 [label = "minus"]
  4 -> 9 [color = red]
  6 -> 9 [color = blue]
  10 [label = "add"]
  8 -> 10 [color = red]
  5 -> 10 [color = blue]
  12 [label = o0]
  6 -> 12
  13 [label = o1]
  10 -> 13
  14 [label = o2]
  9 -> 14
}

Generation 00100 - Island 1 Best found in this generation: 1.1242881690249438
Error during prediction: not enough values to unpack (expected 4, got 3)
Warning: no valid data for plotting.
Island 1 BEST SO FAR: 1.1242881690249438 DISTANCE FROM KALMAN FILTER : inf 
Island 1 BEST Graph : digraph {
  0 [label = i0]
  1 [label = i1]
  2 [label = i2]
  3 [label = i3]
  4 [label = i4]
  5 [label = "matmul"]
  1 -> 5 [color = red]
  3 -> 5 [color = blue]
  6 [label = "matmul"]
  1 -> 6 [color = red]
  0 -> 6 [color = blue]
  8 [label = "transpose"]
  1 -> 8
  9 [label = "minus"]
  4 -> 9 [color = red]
  6 -> 9 [color = blue]
  10 [label = "add"]
  8 -> 10 [color = red]
  5 -> 10 [color = blue]
  12 [label = o0]
  6 -> 12
  13 [label = o1]
  10 -> 13
  14 [label = o2]
  9 -> 14
}

Generation 00100 - Island 2 Best found in this generation: 1.1242881690249438
Error during prediction: not enough values to unpack (expected 4, got 3)
Warning: no valid data for plotting.
Island 2 BEST SO FAR: 1.3793657166344913 DISTANCE FROM KALMAN FILTER : inf 
Island 2 BEST Graph : digraph {
  0 [label = i0]
  1 [label = i1]
  2 [label = i2]
  3 [label = i3]
  4 [label = i4]
  6 [label = "matmul"]
  1 -> 6 [color = red]
  0 -> 6 [color = blue]
  9 [label = "minus"]
  4 -> 9 [color = red]
  6 -> 9 [color = blue]
  12 [label = o0]
  6 -> 12
  13 [label = o1]
  1 -> 13
  14 [label = o2]
  9 -> 14
}

Generation 00100 - Island 3 Best found in this generation: 1.8512496011886679
Error during prediction: not enough values to unpack (expected 4, got 3)
Warning: no valid data for plotting.
Island 3 BEST SO FAR: 1.3793657166344906 DISTANCE FROM KALMAN FILTER : inf 
Island 3 BEST Graph : digraph {
  0 [label = i0]
  1 [label = i1]
  2 [label = i2]
  3 [label = i3]
  4 [label = i4]
  6 [label = "matmul"]
  2 -> 6 [color = red]
  0 -> 6 [color = blue]
  9 [label = "transpose"]
  4 -> 9
  12 [label = o0]
  6 -> 12
  13 [label = o1]
  1 -> 13
  14 [label = o2]
  9 -> 14
}


--- Resetting half of the worst islands ---
Best half island indices: [1, 0]
Resetting Island 3 using best from Island 1
Resetting Island 2 using best from Island 0
Generation 00150 - Island 0 Best found in this generation: 1.1242881690249438
Error during prediction: not enough values to unpack (expected 4, got 3)
Warning: no valid data for plotting.
Island 0 BEST SO FAR: 1.1242881690249438 DISTANCE FROM KALMAN FILTER : inf 
Island 0 BEST Graph : digraph {
  0 [label = i0]
  1 [label = i1]
  2 [label = i2]
  3 [label = i3]
  4 [label = i4]
  5 [label = "matmul"]
  1 -> 5 [color = red]
  3 -> 5 [color = blue]
  6 [label = "matmul"]
  1 -> 6 [color = red]
  0 -> 6 [color = blue]
  8 [label = "transpose"]
  1 -> 8
  9 [label = "minus"]
  4 -> 9 [color = red]
  6 -> 9 [color = blue]
  10 [label = "add"]
  8 -> 10 [color = red]
  5 -> 10 [color = blue]
  12 [label = o0]
  6 -> 12
  13 [label = o1]
  10 -> 13
  14 [label = o2]
  9 -> 14
}

Generation 00150 - Island 1 Best found in this generation: 1.1242881690249438
Error during prediction: not enough values to unpack (expected 4, got 3)
Warning: no valid data for plotting.
Island 1 BEST SO FAR: 1.1180493160255696 DISTANCE FROM KALMAN FILTER : inf 
Island 1 BEST Graph : digraph {
  0 [label = i0]
  1 [label = i1]
  2 [label = i2]
  3 [label = i3]
  4 [label = i4]
  5 [label = "matmul"]
  1 -> 5 [color = red]
  2 -> 5 [color = blue]
  6 [label = "matmul"]
  1 -> 6 [color = red]
  0 -> 6 [color = blue]
  7 [label = "transpose"]
  5 -> 7
  8 [label = "matmul"]
  1 -> 8 [color = red]
  7 -> 8 [color = blue]
  9 [label = "minus"]
  4 -> 9 [color = red]
  6 -> 9 [color = blue]
  10 [label = "add"]
  8 -> 10 [color = red]
  3 -> 10 [color = blue]
  12 [label = o0]
  6 -> 12
  13 [label = o1]
  10 -> 13
  14 [label = o2]
  9 -> 14
}

Generation 00150 - Island 2 Best found in this generation: 1.1242881690249438
Error during prediction: not enough values to unpack (expected 4, got 3)
Warning: no valid data for plotting.
Island 2 BEST SO FAR: 1.1242881690249438 DISTANCE FROM KALMAN FILTER : inf 
Island 2 BEST Graph : digraph {
  0 [label = i0]
  1 [label = i1]
  2 [label = i2]
  3 [label = i3]
  4 [label = i4]
  5 [label = "matmul"]
  1 -> 5 [color = red]
  3 -> 5 [color = blue]
  6 [label = "matmul"]
  1 -> 6 [color = red]
  0 -> 6 [color = blue]
  8 [label = "transpose"]
  1 -> 8
  9 [label = "minus"]
  4 -> 9 [color = red]
  6 -> 9 [color = blue]
  10 [label = "add"]
  8 -> 10 [color = red]
  5 -> 10 [color = blue]
  12 [label = o0]
  6 -> 12
  13 [label = o1]
  10 -> 13
  14 [label = o2]
  9 -> 14
}

Generation 00150 - Island 3 Best found in this generation: 1.1242881690249438
Error during prediction: not enough values to unpack (expected 4, got 3)
Warning: no valid data for plotting.
Island 3 BEST SO FAR: 1.1180493160255696 DISTANCE FROM KALMAN FILTER : inf 
Island 3 BEST Graph : digraph {
  0 [label = i0]
  1 [label = i1]
  2 [label = i2]
  3 [label = i3]
  4 [label = i4]
  5 [label = "matmul"]
  1 -> 5 [color = red]
  2 -> 5 [color = blue]
  6 [label = "matmul"]
  1 -> 6 [color = red]
  0 -> 6 [color = blue]
  7 [label = "transpose"]
  5 -> 7
  8 [label = "matmul"]
  1 -> 8 [color = red]
  7 -> 8 [color = blue]
  9 [label = "minus"]
  4 -> 9 [color = red]
  6 -> 9 [color = blue]
  10 [label = "add"]
  8 -> 10 [color = red]
  3 -> 10 [color = blue]
  12 [label = o0]
  6 -> 12
  13 [label = o1]
  10 -> 13
  14 [label = o2]
  9 -> 14
}


--- Resetting half of the worst islands ---
Best half island indices: [1, 3]
Resetting Island 0 using best from Island 1
Resetting Island 2 using best from Island 3
Generation 00200 - Island 0 Best found in this generation: 1.1180493160255696
Error during prediction: not enough values to unpack (expected 4, got 3)
Warning: no valid data for plotting.
Island 0 BEST SO FAR: 1.1180493160255696 DISTANCE FROM KALMAN FILTER : inf 
Island 0 BEST Graph : digraph {
  0 [label = i0]
  1 [label = i1]
  2 [label = i2]
  3 [label = i3]
  4 [label = i4]
  5 [label = "matmul"]
  1 -> 5 [color = red]
  2 -> 5 [color = blue]
  6 [label = "matmul"]
  1 -> 6 [color = red]
  0 -> 6 [color = blue]
  7 [label = "transpose"]
  5 -> 7
  8 [label = "matmul"]
  1 -> 8 [color = red]
  7 -> 8 [color = blue]
  9 [label = "minus"]
  4 -> 9 [color = red]
  6 -> 9 [color = blue]
  10 [label = "add"]
  8 -> 10 [color = red]
  3 -> 10 [color = blue]
  12 [label = o0]
  6 -> 12
  13 [label = o1]
  10 -> 13
  14 [label = o2]
  9 -> 14
}

Generation 00200 - Island 1 Best found in this generation: 1.1180493160255696
Error during prediction: not enough values to unpack (expected 4, got 3)
Warning: no valid data for plotting.
Island 1 BEST SO FAR: 1.1180493160255696 DISTANCE FROM KALMAN FILTER : inf 
Island 1 BEST Graph : digraph {
  0 [label = i0]
  1 [label = i1]
  2 [label = i2]
  3 [label = i3]
  4 [label = i4]
  5 [label = "matmul"]
  1 -> 5 [color = red]
  2 -> 5 [color = blue]
  6 [label = "matmul"]
  1 -> 6 [color = red]
  0 -> 6 [color = blue]
  7 [label = "transpose"]
  5 -> 7
  8 [label = "matmul"]
  1 -> 8 [color = red]
  7 -> 8 [color = blue]
  9 [label = "minus"]
  4 -> 9 [color = red]
  6 -> 9 [color = blue]
  10 [label = "add"]
  8 -> 10 [color = red]
  3 -> 10 [color = blue]
  12 [label = o0]
  6 -> 12
  13 [label = o1]
  10 -> 13
  14 [label = o2]
  9 -> 14
}

Generation 00200 - Island 2 Best found in this generation: 1.1180493160255696
Error during prediction: not enough values to unpack (expected 4, got 3)
Warning: no valid data for plotting.
Island 2 BEST SO FAR: 1.1180493160255696 DISTANCE FROM KALMAN FILTER : inf 
Island 2 BEST Graph : digraph {
  0 [label = i0]
  1 [label = i1]
  2 [label = i2]
  3 [label = i3]
  4 [label = i4]
  5 [label = "matmul"]
  1 -> 5 [color = red]
  2 -> 5 [color = blue]
  6 [label = "matmul"]
  1 -> 6 [color = red]
  0 -> 6 [color = blue]
  7 [label = "transpose"]
  5 -> 7
  8 [label = "matmul"]
  1 -> 8 [color = red]
  7 -> 8 [color = blue]
  9 [label = "minus"]
  4 -> 9 [color = red]
  6 -> 9 [color = blue]
  10 [label = "add"]
  8 -> 10 [color = red]
  3 -> 10 [color = blue]
  12 [label = o0]
  6 -> 12
  13 [label = o1]
  10 -> 13
  14 [label = o2]
  9 -> 14
}

Generation 00200 - Island 3 Best found in this generation: 1.1554546807786972
Error during prediction: not enough values to unpack (expected 4, got 3)
Warning: no valid data for plotting.
Island 3 BEST SO FAR: 1.1180493160255696 DISTANCE FROM KALMAN FILTER : inf 
Island 3 BEST Graph : digraph {
  0 [label = i0]
  1 [label = i1]
  2 [label = i2]
  3 [label = i3]
  4 [label = i4]
  5 [label = "matmul"]
  1 -> 5 [color = red]
  2 -> 5 [color = blue]
  6 [label = "matmul"]
  1 -> 6 [color = red]
  0 -> 6 [color = blue]
  7 [label = "transpose"]
  5 -> 7
  8 [label = "matmul"]
  1 -> 8 [color = red]
  7 -> 8 [color = blue]
  9 [label = "minus"]
  4 -> 9 [color = red]
  6 -> 9 [color = blue]
  10 [label = "add"]
  8 -> 10 [color = red]
  3 -> 10 [color = blue]
  12 [label = o0]
  6 -> 12
  13 [label = o1]
  10 -> 13
  14 [label = o2]
  9 -> 14
}


--- Resetting half of the worst islands ---
Best half island indices: [0, 1]
Resetting Island 2 using best from Island 0
Resetting Island 3 using best from Island 1
Generation 00250 - Island 0 Best found in this generation: 1.1180493160255696
Error during prediction: not enough values to unpack (expected 4, got 3)
Warning: no valid data for plotting.
Island 0 BEST SO FAR: 1.1180493160255696 DISTANCE FROM KALMAN FILTER : inf 
Island 0 BEST Graph : digraph {
  0 [label = i0]
  1 [label = i1]
  2 [label = i2]
  3 [label = i3]
  4 [label = i4]
  5 [label = "matmul"]
  1 -> 5 [color = red]
  2 -> 5 [color = blue]
  6 [label = "matmul"]
  1 -> 6 [color = red]
  0 -> 6 [color = blue]
  7 [label = "transpose"]
  5 -> 7
  8 [label = "matmul"]
  1 -> 8 [color = red]
  7 -> 8 [color = blue]
  9 [label = "minus"]
  4 -> 9 [color = red]
  6 -> 9 [color = blue]
  10 [label = "add"]
  8 -> 10 [color = red]
  3 -> 10 [color = blue]
  12 [label = o0]
  6 -> 12
  13 [label = o1]
  10 -> 13
  14 [label = o2]
  9 -> 14
}

Generation 00250 - Island 1 Best found in this generation: 1.1180493160255696
Error during prediction: not enough values to unpack (expected 4, got 3)
Warning: no valid data for plotting.
Island 1 BEST SO FAR: 1.1180493160255696 DISTANCE FROM KALMAN FILTER : inf 
Island 1 BEST Graph : digraph {
  0 [label = i0]
  1 [label = i1]
  2 [label = i2]
  3 [label = i3]
  4 [label = i4]
  5 [label = "matmul"]
  1 -> 5 [color = red]
  2 -> 5 [color = blue]
  6 [label = "matmul"]
  1 -> 6 [color = red]
  0 -> 6 [color = blue]
  7 [label = "transpose"]
  5 -> 7
  8 [label = "matmul"]
  1 -> 8 [color = red]
  7 -> 8 [color = blue]
  9 [label = "minus"]
  4 -> 9 [color = red]
  6 -> 9 [color = blue]
  10 [label = "add"]
  8 -> 10 [color = red]
  3 -> 10 [color = blue]
  12 [label = o0]
  6 -> 12
  13 [label = o1]
  10 -> 13
  14 [label = o2]
  9 -> 14
}

Generation 00250 - Island 2 Best found in this generation: 1.1180493160255696
Error during prediction: not enough values to unpack (expected 4, got 3)
Warning: no valid data for plotting.
Island 2 BEST SO FAR: 1.1180493160255696 DISTANCE FROM KALMAN FILTER : inf 
Island 2 BEST Graph : digraph {
  0 [label = i0]
  1 [label = i1]
  2 [label = i2]
  3 [label = i3]
  4 [label = i4]
  5 [label = "matmul"]
  1 -> 5 [color = red]
  2 -> 5 [color = blue]
  6 [label = "matmul"]
  1 -> 6 [color = red]
  0 -> 6 [color = blue]
  7 [label = "transpose"]
  5 -> 7
  8 [label = "matmul"]
  1 -> 8 [color = red]
  7 -> 8 [color = blue]
  9 [label = "minus"]
  4 -> 9 [color = red]
  6 -> 9 [color = blue]
  10 [label = "add"]
  8 -> 10 [color = red]
  3 -> 10 [color = blue]
  12 [label = o0]
  6 -> 12
  13 [label = o1]
  10 -> 13
  14 [label = o2]
  9 -> 14
}

Generation 00250 - Island 3 Best found in this generation: 1.1180493160255696
Error during prediction: not enough values to unpack (expected 4, got 3)
Warning: no valid data for plotting.
Island 3 BEST SO FAR: 1.1180493160255696 DISTANCE FROM KALMAN FILTER : inf 
Island 3 BEST Graph : digraph {
  0 [label = i0]
  1 [label = i1]
  2 [label = i2]
  3 [label = i3]
  4 [label = i4]
  5 [label = "matmul"]
  1 -> 5 [color = red]
  2 -> 5 [color = blue]
  6 [label = "matmul"]
  1 -> 6 [color = red]
  0 -> 6 [color = blue]
  7 [label = "transpose"]
  5 -> 7
  8 [label = "matmul"]
  1 -> 8 [color = red]
  7 -> 8 [color = blue]
  9 [label = "minus"]
  4 -> 9 [color = red]
  6 -> 9 [color = blue]
  10 [label = "add"]
  8 -> 10 [color = red]
  3 -> 10 [color = blue]
  12 [label = o0]
  6 -> 12
  13 [label = o1]
  10 -> 13
  14 [label = o2]
  9 -> 14
}


--- Resetting half of the worst islands ---
Best half island indices: [0, 1]
Resetting Island 2 using best from Island 0
Resetting Island 3 using best from Island 1
Generation 00300 - Island 0 Best found in this generation: 1.1180493160255696
Error during prediction: not enough values to unpack (expected 4, got 3)
Warning: no valid data for plotting.
Island 0 BEST SO FAR: 1.1180493160255696 DISTANCE FROM KALMAN FILTER : inf 
Island 0 BEST Graph : digraph {
  0 [label = i0]
  1 [label = i1]
  2 [label = i2]
  3 [label = i3]
  4 [label = i4]
  5 [label = "matmul"]
  1 -> 5 [color = red]
  2 -> 5 [color = blue]
  6 [label = "matmul"]
  1 -> 6 [color = red]
  0 -> 6 [color = blue]
  7 [label = "transpose"]
  5 -> 7
  8 [label = "matmul"]
  1 -> 8 [color = red]
  7 -> 8 [color = blue]
  9 [label = "minus"]
  4 -> 9 [color = red]
  6 -> 9 [color = blue]
  10 [label = "add"]
  8 -> 10 [color = red]
  3 -> 10 [color = blue]
  12 [label = o0]
  6 -> 12
  13 [label = o1]
  10 -> 13
  14 [label = o2]
  9 -> 14
}

Generation 00300 - Island 1 Best found in this generation: 1.1180493160255696
Error during prediction: not enough values to unpack (expected 4, got 3)
Warning: no valid data for plotting.
Island 1 BEST SO FAR: 1.1180493160255696 DISTANCE FROM KALMAN FILTER : inf 
Island 1 BEST Graph : digraph {
  0 [label = i0]
  1 [label = i1]
  2 [label = i2]
  3 [label = i3]
  4 [label = i4]
  5 [label = "matmul"]
  1 -> 5 [color = red]
  2 -> 5 [color = blue]
  6 [label = "matmul"]
  1 -> 6 [color = red]
  0 -> 6 [color = blue]
  7 [label = "transpose"]
  5 -> 7
  8 [label = "matmul"]
  1 -> 8 [color = red]
  7 -> 8 [color = blue]
  9 [label = "minus"]
  4 -> 9 [color = red]
  6 -> 9 [color = blue]
  10 [label = "add"]
  8 -> 10 [color = red]
  3 -> 10 [color = blue]
  12 [label = o0]
  6 -> 12
  13 [label = o1]
  10 -> 13
  14 [label = o2]
  9 -> 14
}

Generation 00300 - Island 2 Best found in this generation: 1.1180493160255696
Error during prediction: not enough values to unpack (expected 4, got 3)
Warning: no valid data for plotting.
Island 2 BEST SO FAR: 1.1180493160255696 DISTANCE FROM KALMAN FILTER : inf 
Island 2 BEST Graph : digraph {
  0 [label = i0]
  1 [label = i1]
  2 [label = i2]
  3 [label = i3]
  4 [label = i4]
  5 [label = "matmul"]
  1 -> 5 [color = red]
  2 -> 5 [color = blue]
  6 [label = "matmul"]
  1 -> 6 [color = red]
  0 -> 6 [color = blue]
  7 [label = "transpose"]
  5 -> 7
  8 [label = "matmul"]
  1 -> 8 [color = red]
  7 -> 8 [color = blue]
  9 [label = "minus"]
  4 -> 9 [color = red]
  6 -> 9 [color = blue]
  10 [label = "add"]
  8 -> 10 [color = red]
  3 -> 10 [color = blue]
  12 [label = o0]
  6 -> 12
  13 [label = o1]
  10 -> 13
  14 [label = o2]
  9 -> 14
}

Generation 00300 - Island 3 Best found in this generation: 1.2030889278943198
Error during prediction: not enough values to unpack (expected 4, got 3)
Warning: no valid data for plotting.
Island 3 BEST SO FAR: 1.1180493160255696 DISTANCE FROM KALMAN FILTER : inf 
Island 3 BEST Graph : digraph {
  0 [label = i0]
  1 [label = i1]
  2 [label = i2]
  3 [label = i3]
  4 [label = i4]
  5 [label = "matmul"]
  1 -> 5 [color = red]
  2 -> 5 [color = blue]
  6 [label = "matmul"]
  1 -> 6 [color = red]
  0 -> 6 [color = blue]
  7 [label = "transpose"]
  5 -> 7
  8 [label = "matmul"]
  1 -> 8 [color = red]
  7 -> 8 [color = blue]
  9 [label = "minus"]
  4 -> 9 [color = red]
  6 -> 9 [color = blue]
  10 [label = "add"]
  8 -> 10 [color = red]
  3 -> 10 [color = blue]
  12 [label = o0]
  6 -> 12
  13 [label = o1]
  10 -> 13
  14 [label = o2]
  9 -> 14
}


--- Resetting half of the worst islands ---
Best half island indices: [0, 1]
Resetting Island 2 using best from Island 0
Resetting Island 3 using best from Island 1
Generation 00350 - Island 0 Best found in this generation: 1.1180493160255696
Error during prediction: not enough values to unpack (expected 4, got 3)
Warning: no valid data for plotting.
Island 0 BEST SO FAR: 1.1180493160255696 DISTANCE FROM KALMAN FILTER : inf 
Island 0 BEST Graph : digraph {
  0 [label = i0]
  1 [label = i1]
  2 [label = i2]
  3 [label = i3]
  4 [label = i4]
  5 [label = "matmul"]
  1 -> 5 [color = red]
  2 -> 5 [color = blue]
  6 [label = "matmul"]
  1 -> 6 [color = red]
  0 -> 6 [color = blue]
  7 [label = "transpose"]
  5 -> 7
  8 [label = "matmul"]
  1 -> 8 [color = red]
  7 -> 8 [color = blue]
  9 [label = "minus"]
  4 -> 9 [color = red]
  6 -> 9 [color = blue]
  10 [label = "add"]
  8 -> 10 [color = red]
  3 -> 10 [color = blue]
  12 [label = o0]
  6 -> 12
  13 [label = o1]
  10 -> 13
  14 [label = o2]
  9 -> 14
}

Generation 00350 - Island 1 Best found in this generation: 1.1180493160255696
Error during prediction: not enough values to unpack (expected 4, got 3)
Warning: no valid data for plotting.
Island 1 BEST SO FAR: 1.1180493160255696 DISTANCE FROM KALMAN FILTER : inf 
Island 1 BEST Graph : digraph {
  0 [label = i0]
  1 [label = i1]
  2 [label = i2]
  3 [label = i3]
  4 [label = i4]
  5 [label = "matmul"]
  1 -> 5 [color = red]
  2 -> 5 [color = blue]
  6 [label = "matmul"]
  1 -> 6 [color = red]
  0 -> 6 [color = blue]
  7 [label = "transpose"]
  5 -> 7
  8 [label = "matmul"]
  1 -> 8 [color = red]
  7 -> 8 [color = blue]
  9 [label = "minus"]
  4 -> 9 [color = red]
  6 -> 9 [color = blue]
  10 [label = "add"]
  8 -> 10 [color = red]
  3 -> 10 [color = blue]
  12 [label = o0]
  6 -> 12
  13 [label = o1]
  10 -> 13
  14 [label = o2]
  9 -> 14
}

Generation 00350 - Island 2 Best found in this generation: 1.1180493160255696
Error during prediction: not enough values to unpack (expected 4, got 3)
Warning: no valid data for plotting.
Island 2 BEST SO FAR: 1.1180493160255696 DISTANCE FROM KALMAN FILTER : inf 
Island 2 BEST Graph : digraph {
  0 [label = i0]
  1 [label = i1]
  2 [label = i2]
  3 [label = i3]
  4 [label = i4]
  5 [label = "matmul"]
  1 -> 5 [color = red]
  2 -> 5 [color = blue]
  6 [label = "matmul"]
  1 -> 6 [color = red]
  0 -> 6 [color = blue]
  7 [label = "transpose"]
  5 -> 7
  8 [label = "matmul"]
  1 -> 8 [color = red]
  7 -> 8 [color = blue]
  9 [label = "minus"]
  4 -> 9 [color = red]
  6 -> 9 [color = blue]
  10 [label = "add"]
  8 -> 10 [color = red]
  3 -> 10 [color = blue]
  12 [label = o0]
  6 -> 12
  13 [label = o1]
  10 -> 13
  14 [label = o2]
  9 -> 14
}

Generation 00350 - Island 3 Best found in this generation: 1.1756561203120581
Error during prediction: not enough values to unpack (expected 4, got 3)
Warning: no valid data for plotting.
Island 3 BEST SO FAR: 1.1180493160255696 DISTANCE FROM KALMAN FILTER : inf 
Island 3 BEST Graph : digraph {
  0 [label = i0]
  1 [label = i1]
  2 [label = i2]
  3 [label = i3]
  4 [label = i4]
  5 [label = "matmul"]
  1 -> 5 [color = red]
  2 -> 5 [color = blue]
  6 [label = "matmul"]
  1 -> 6 [color = red]
  0 -> 6 [color = blue]
  7 [label = "transpose"]
  5 -> 7
  8 [label = "matmul"]
  1 -> 8 [color = red]
  7 -> 8 [color = blue]
  9 [label = "minus"]
  4 -> 9 [color = red]
  6 -> 9 [color = blue]
  10 [label = "add"]
  8 -> 10 [color = red]
  3 -> 10 [color = blue]
  12 [label = o0]
  6 -> 12
  13 [label = o1]
  10 -> 13
  14 [label = o2]
  9 -> 14
}


--- Resetting half of the worst islands ---
Best half island indices: [0, 1]
Resetting Island 2 using best from Island 0
Resetting Island 3 using best from Island 1
Generation 00400 - Island 0 Best found in this generation: 1.1180493160255696
Error during prediction: not enough values to unpack (expected 4, got 3)
Warning: no valid data for plotting.
Island 0 BEST SO FAR: 1.1180493160255696 DISTANCE FROM KALMAN FILTER : inf 
Island 0 BEST Graph : digraph {
  0 [label = i0]
  1 [label = i1]
  2 [label = i2]
  3 [label = i3]
  4 [label = i4]
  5 [label = "matmul"]
  1 -> 5 [color = red]
  2 -> 5 [color = blue]
  6 [label = "matmul"]
  1 -> 6 [color = red]
  0 -> 6 [color = blue]
  7 [label = "transpose"]
  5 -> 7
  8 [label = "matmul"]
  1 -> 8 [color = red]
  7 -> 8 [color = blue]
  9 [label = "minus"]
  4 -> 9 [color = red]
  6 -> 9 [color = blue]
  10 [label = "add"]
  8 -> 10 [color = red]
  3 -> 10 [color = blue]
  12 [label = o0]
  6 -> 12
  13 [label = o1]
  10 -> 13
  14 [label = o2]
  9 -> 14
}

Generation 00400 - Island 1 Best found in this generation: 1.1180493160255696
Error during prediction: not enough values to unpack (expected 4, got 3)
Warning: no valid data for plotting.
Island 1 BEST SO FAR: 1.1180493160255696 DISTANCE FROM KALMAN FILTER : inf 
Island 1 BEST Graph : digraph {
  0 [label = i0]
  1 [label = i1]
  2 [label = i2]
  3 [label = i3]
  4 [label = i4]
  5 [label = "matmul"]
  1 -> 5 [color = red]
  2 -> 5 [color = blue]
  6 [label = "matmul"]
  1 -> 6 [color = red]
  0 -> 6 [color = blue]
  7 [label = "transpose"]
  5 -> 7
  8 [label = "matmul"]
  1 -> 8 [color = red]
  7 -> 8 [color = blue]
  9 [label = "minus"]
  4 -> 9 [color = red]
  6 -> 9 [color = blue]
  10 [label = "add"]
  8 -> 10 [color = red]
  3 -> 10 [color = blue]
  12 [label = o0]
  6 -> 12
  13 [label = o1]
  10 -> 13
  14 [label = o2]
  9 -> 14
}

Generation 00400 - Island 2 Best found in this generation: 1.1180493160255696
Error during prediction: not enough values to unpack (expected 4, got 3)
Warning: no valid data for plotting.
Island 2 BEST SO FAR: 1.1180493160255696 DISTANCE FROM KALMAN FILTER : inf 
Island 2 BEST Graph : digraph {
  0 [label = i0]
  1 [label = i1]
  2 [label = i2]
  3 [label = i3]
  4 [label = i4]
  5 [label = "matmul"]
  1 -> 5 [color = red]
  2 -> 5 [color = blue]
  6 [label = "matmul"]
  1 -> 6 [color = red]
  0 -> 6 [color = blue]
  7 [label = "transpose"]
  5 -> 7
  8 [label = "matmul"]
  1 -> 8 [color = red]
  7 -> 8 [color = blue]
  9 [label = "minus"]
  4 -> 9 [color = red]
  6 -> 9 [color = blue]
  10 [label = "add"]
  8 -> 10 [color = red]
  3 -> 10 [color = blue]
  12 [label = o0]
  6 -> 12
  13 [label = o1]
  10 -> 13
  14 [label = o2]
  9 -> 14
}

Generation 00400 - Island 3 Best found in this generation: 1.2030889278943198
Error during prediction: not enough values to unpack (expected 4, got 3)
Warning: no valid data for plotting.
Island 3 BEST SO FAR: 1.1180493160255696 DISTANCE FROM KALMAN FILTER : inf 
Island 3 BEST Graph : digraph {
  0 [label = i0]
  1 [label = i1]
  2 [label = i2]
  3 [label = i3]
  4 [label = i4]
  5 [label = "matmul"]
  1 -> 5 [color = red]
  2 -> 5 [color = blue]
  6 [label = "matmul"]
  1 -> 6 [color = red]
  0 -> 6 [color = blue]
  7 [label = "transpose"]
  5 -> 7
  8 [label = "matmul"]
  1 -> 8 [color = red]
  7 -> 8 [color = blue]
  9 [label = "minus"]
  4 -> 9 [color = red]
  6 -> 9 [color = blue]
  10 [label = "add"]
  8 -> 10 [color = red]
  3 -> 10 [color = blue]
  12 [label = o0]
  6 -> 12
  13 [label = o1]
  10 -> 13
  14 [label = o2]
  9 -> 14
}

