Sanity check loss: 1.1180493160255696
Generation 00000 - Island 0 Best found in this generation: 2.0729552781897684
Error during prediction: not enough values to unpack (expected 4, got 3)
Warning: no valid data for plotting.
Island 0 BEST SO FAR: 2.0742094832589846 DISTANCE FROM KALMAN FILTER : inf 
Island 0 BEST Graph : digraph {
  0 [label = i0]
  1 [label = i1]
  2 [label = i2]
  3 [label = i3]
  4 [label = i4]
  5 [label = "minus"]
  2 -> 5 [color = red]
  2 -> 5 [color = blue]
  10 [label = "minus"]
  5 -> 10 [color = red]
  0 -> 10 [color = blue]
  12 [label = o0]
  4 -> 12
  13 [label = o1]
  10 -> 13
  14 [label = o2]
  5 -> 14
}

Generation 00000 - Island 1 Best found in this generation: 2.0069398864641044
Error during prediction: not enough values to unpack (expected 4, got 3)
Warning: no valid data for plotting.
Island 1 BEST SO FAR: 2.0725428777043784 DISTANCE FROM KALMAN FILTER : inf 
Island 1 BEST Graph : digraph {
  0 [label = i0]
  1 [label = i1]
  2 [label = i2]
  3 [label = i3]
  4 [label = i4]
  5 [label = "minus"]
  1 -> 5 [color = red]
  3 -> 5 [color = blue]
  8 [label = "matmul"]
  5 -> 8 [color = red]
  2 -> 8 [color = blue]
  12 [label = o0]
  4 -> 12
  13 [label = o1]
  8 -> 13
  14 [label = o2]
  1 -> 14
}

Generation 00000 - Island 2 Best found in this generation: 2.0693430330577183
Error during prediction: not enough values to unpack (expected 4, got 3)
Warning: no valid data for plotting.
Island 2 BEST SO FAR: 2.070025089565109 DISTANCE FROM KALMAN FILTER : inf 
Island 2 BEST Graph : digraph {
  0 [label = i0]
  1 [label = i1]
  2 [label = i2]
  3 [label = i3]
  4 [label = i4]
  5 [label = "transpose"]
  1 -> 5
  6 [label = "matmul"]
  2 -> 6 [color = red]
  2 -> 6 [color = blue]
  12 [label = o0]
  4 -> 12
  13 [label = o1]
  6 -> 13
  14 [label = o2]
  5 -> 14
}

Generation 00000 - Island 3 Best found in this generation: 2.0729552781897684
Error during prediction: not enough values to unpack (expected 4, got 3)
Warning: no valid data for plotting.
Island 3 BEST SO FAR: 2.0729552781897684 DISTANCE FROM KALMAN FILTER : inf 
Island 3 BEST Graph : digraph {
  0 [label = i0]
  1 [label = i1]
  2 [label = i2]
  3 [label = i3]
  4 [label = i4]
  8 [label = "transpose"]
  2 -> 8
  12 [label = o0]
  4 -> 12
  13 [label = o1]
  2 -> 13
  14 [label = o2]
  8 -> 14
}


--- Resetting half of the worst islands ---
Best half island indices: [3, 2]
Resetting Island 0 using best from Island 3
Resetting Island 1 using best from Island 2
Generation 00050 - Island 0 Best found in this generation: 1.8456941166064675
Error during prediction: not enough values to unpack (expected 4, got 3)
Warning: no valid data for plotting.
Island 0 BEST SO FAR: 1.3745510994770327 DISTANCE FROM KALMAN FILTER : inf 
Island 0 BEST Graph : digraph {
  0 [label = i0]
  1 [label = i1]
  2 [label = i2]
  3 [label = i3]
  4 [label = i4]
  6 [label = "matmul"]
  2 -> 6 [color = red]
  4 -> 6 [color = blue]
  11 [label = "transpose"]
  0 -> 11
  12 [label = o0]
  6 -> 12
  13 [label = o1]
  1 -> 13
  14 [label = o2]
  11 -> 14
}

Generation 00050 - Island 1 Best found in this generation: 1.3745510994770327
Error during prediction: not enough values to unpack (expected 4, got 3)
Warning: no valid data for plotting.
Island 1 BEST SO FAR: 1.8456941166064675 DISTANCE FROM KALMAN FILTER : inf 
Island 1 BEST Graph : digraph {
  0 [label = i0]
  1 [label = i1]
  2 [label = i2]
  3 [label = i3]
  4 [label = i4]
  5 [label = "minus"]
  0 -> 5 [color = red]
  4 -> 5 [color = blue]
  6 [label = "transpose"]
  1 -> 6
  7 [label = "add"]
  2 -> 7 [color = red]
  6 -> 7 [color = blue]
  9 [label = "transpose"]
  2 -> 9
  10 [label = "matmul"]
  7 -> 10 [color = red]
  9 -> 10 [color = blue]
  12 [label = o0]
  4 -> 12
  13 [label = o1]
  10 -> 13
  14 [label = o2]
  5 -> 14
}

Generation 00050 - Island 2 Best found in this generation: 1.8456941166064675
Error during prediction: not enough values to unpack (expected 4, got 3)
Warning: no valid data for plotting.
Island 2 BEST SO FAR: 1.8456941166064675 DISTANCE FROM KALMAN FILTER : inf 
Island 2 BEST Graph : digraph {
  0 [label = i0]
  1 [label = i1]
  2 [label = i2]
  3 [label = i3]
  4 [label = i4]
  5 [label = "minus"]
  0 -> 5 [color = red]
  4 -> 5 [color = blue]
  6 [label = "transpose"]
  1 -> 6
  7 [label = "add"]
  2 -> 7 [color = red]
  6 -> 7 [color = blue]
  9 [label = "transpose"]
  2 -> 9
  10 [label = "matmul"]
  7 -> 10 [color = red]
  9 -> 10 [color = blue]
  12 [label = o0]
  4 -> 12
  13 [label = o1]
  10 -> 13
  14 [label = o2]
  5 -> 14
}

Generation 00050 - Island 3 Best found in this generation: 1.9790704677905229
Error during prediction: not enough values to unpack (expected 4, got 3)
Warning: no valid data for plotting.
Island 3 BEST SO FAR: 1.3745510994770327 DISTANCE FROM KALMAN FILTER : inf 
Island 3 BEST Graph : digraph {
  0 [label = i0]
  1 [label = i1]
  2 [label = i2]
  3 [label = i3]
  4 [label = i4]
  6 [label = "matmul"]
  2 -> 6 [color = red]
  4 -> 6 [color = blue]
  11 [label = "transpose"]
  0 -> 11
  12 [label = o0]
  6 -> 12
  13 [label = o1]
  1 -> 13
  14 [label = o2]
  11 -> 14
}


--- Resetting half of the worst islands ---
Best half island indices: [0, 3]
Resetting Island 2 using best from Island 0
Resetting Island 1 using best from Island 3
Generation 00100 - Island 0 Best found in this generation: 1.3745510994770327
Error during prediction: not enough values to unpack (expected 4, got 3)
Warning: no valid data for plotting.
Island 0 BEST SO FAR: 1.3745510994770327 DISTANCE FROM KALMAN FILTER : inf 
Island 0 BEST Graph : digraph {
  0 [label = i0]
  1 [label = i1]
  2 [label = i2]
  3 [label = i3]
  4 [label = i4]
  6 [label = "matmul"]
  2 -> 6 [color = red]
  4 -> 6 [color = blue]
  11 [label = "transpose"]
  0 -> 11
  12 [label = o0]
  6 -> 12
  13 [label = o1]
  1 -> 13
  14 [label = o2]
  11 -> 14
}

Generation 00100 - Island 1 Best found in this generation: 1.3745510994770327
Error during prediction: not enough values to unpack (expected 4, got 3)
Warning: no valid data for plotting.
Island 1 BEST SO FAR: 1.3745510994770327 DISTANCE FROM KALMAN FILTER : inf 
Island 1 BEST Graph : digraph {
  0 [label = i0]
  1 [label = i1]
  2 [label = i2]
  3 [label = i3]
  4 [label = i4]
  6 [label = "matmul"]
  2 -> 6 [color = red]
  4 -> 6 [color = blue]
  11 [label = "transpose"]
  0 -> 11
  12 [label = o0]
  6 -> 12
  13 [label = o1]
  1 -> 13
  14 [label = o2]
  11 -> 14
}

Generation 00100 - Island 2 Best found in this generation: 1.3745510994770327
Error during prediction: not enough values to unpack (expected 4, got 3)
Warning: no valid data for plotting.
Island 2 BEST SO FAR: 1.3745510994770327 DISTANCE FROM KALMAN FILTER : inf 
Island 2 BEST Graph : digraph {
  0 [label = i0]
  1 [label = i1]
  2 [label = i2]
  3 [label = i3]
  4 [label = i4]
  6 [label = "matmul"]
  2 -> 6 [color = red]
  4 -> 6 [color = blue]
  11 [label = "transpose"]
  0 -> 11
  12 [label = o0]
  6 -> 12
  13 [label = o1]
  1 -> 13
  14 [label = o2]
  11 -> 14
}

Generation 00100 - Island 3 Best found in this generation: 1.3745510994770327
Error during prediction: not enough values to unpack (expected 4, got 3)
Warning: no valid data for plotting.
Island 3 BEST SO FAR: 1.3745510994770327 DISTANCE FROM KALMAN FILTER : inf 
Island 3 BEST Graph : digraph {
  0 [label = i0]
  1 [label = i1]
  2 [label = i2]
  3 [label = i3]
  4 [label = i4]
  6 [label = "matmul"]
  2 -> 6 [color = red]
  4 -> 6 [color = blue]
  11 [label = "transpose"]
  0 -> 11
  12 [label = o0]
  6 -> 12
  13 [label = o1]
  1 -> 13
  14 [label = o2]
  11 -> 14
}


--- Resetting half of the worst islands ---
Best half island indices: [1, 2]
Resetting Island 0 using best from Island 1
Resetting Island 3 using best from Island 2
Generation 00150 - Island 0 Best found in this generation: 1.3733303682525622
Error during prediction: not enough values to unpack (expected 4, got 3)
Warning: no valid data for plotting.
Island 0 BEST SO FAR: 1.3733303682525622 DISTANCE FROM KALMAN FILTER : inf 
Island 0 BEST Graph : digraph {
  0 [label = i0]
  1 [label = i1]
  2 [label = i2]
  3 [label = i3]
  4 [label = i4]
  5 [label = "matmul"]
  2 -> 5 [color = red]
  1 -> 5 [color = blue]
  6 [label = "matmul"]
  2 -> 6 [color = red]
  4 -> 6 [color = blue]
  7 [label = "add"]
  5 -> 7 [color = red]
  2 -> 7 [color = blue]
  11 [label = "transpose"]
  0 -> 11
  12 [label = o0]
  6 -> 12
  13 [label = o1]
  7 -> 13
  14 [label = o2]
  11 -> 14
}

Generation 00150 - Island 1 Best found in this generation: 1.3745510994770327
Error during prediction: not enough values to unpack (expected 4, got 3)
Warning: no valid data for plotting.
Island 1 BEST SO FAR: 1.3733303682525622 DISTANCE FROM KALMAN FILTER : inf 
Island 1 BEST Graph : digraph {
  0 [label = i0]
  1 [label = i1]
  2 [label = i2]
  3 [label = i3]
  4 [label = i4]
  5 [label = "matmul"]
  2 -> 5 [color = red]
  1 -> 5 [color = blue]
  6 [label = "matmul"]
  2 -> 6 [color = red]
  4 -> 6 [color = blue]
  7 [label = "add"]
  5 -> 7 [color = red]
  2 -> 7 [color = blue]
  11 [label = "transpose"]
  0 -> 11
  12 [label = o0]
  6 -> 12
  13 [label = o1]
  7 -> 13
  14 [label = o2]
  11 -> 14
}

Generation 00150 - Island 2 Best found in this generation: 1.3745510994770327
Error during prediction: not enough values to unpack (expected 4, got 3)
Warning: no valid data for plotting.
Island 2 BEST SO FAR: 1.3733303682525622 DISTANCE FROM KALMAN FILTER : inf 
Island 2 BEST Graph : digraph {
  0 [label = i0]
  1 [label = i1]
  2 [label = i2]
  3 [label = i3]
  4 [label = i4]
  5 [label = "matmul"]
  2 -> 5 [color = red]
  1 -> 5 [color = blue]
  6 [label = "matmul"]
  2 -> 6 [color = red]
  4 -> 6 [color = blue]
  7 [label = "add"]
  5 -> 7 [color = red]
  2 -> 7 [color = blue]
  11 [label = "transpose"]
  0 -> 11
  12 [label = o0]
  6 -> 12
  13 [label = o1]
  7 -> 13
  14 [label = o2]
  11 -> 14
}

Generation 00150 - Island 3 Best found in this generation: 1.368910896705036
Error during prediction: not enough values to unpack (expected 4, got 3)
Warning: no valid data for plotting.
Island 3 BEST SO FAR: 1.3733303682525622 DISTANCE FROM KALMAN FILTER : inf 
Island 3 BEST Graph : digraph {
  0 [label = i0]
  1 [label = i1]
  2 [label = i2]
  3 [label = i3]
  4 [label = i4]
  5 [label = "matmul"]
  2 -> 5 [color = red]
  1 -> 5 [color = blue]
  6 [label = "matmul"]
  2 -> 6 [color = red]
  4 -> 6 [color = blue]
  7 [label = "add"]
  5 -> 7 [color = red]
  2 -> 7 [color = blue]
  11 [label = "transpose"]
  0 -> 11
  12 [label = o0]
  6 -> 12
  13 [label = o1]
  7 -> 13
  14 [label = o2]
  11 -> 14
}


--- Resetting half of the worst islands ---
Best half island indices: [3, 2]
Resetting Island 0 using best from Island 3
Resetting Island 1 using best from Island 2
Generation 00200 - Island 0 Best found in this generation: 1.2863942629396155
Error during prediction: not enough values to unpack (expected 4, got 3)
Warning: no valid data for plotting.
Island 0 BEST SO FAR: 1.199487542204051 DISTANCE FROM KALMAN FILTER : inf 
Island 0 BEST Graph : digraph {
  0 [label = i0]
  1 [label = i1]
  2 [label = i2]
  3 [label = i3]
  4 [label = i4]
  5 [label = "transpose"]
  1 -> 5
  6 [label = "matmul"]
  1 -> 6 [color = red]
  0 -> 6 [color = blue]
  7 [label = "add"]
  5 -> 7 [color = red]
  1 -> 7 [color = blue]
  11 [label = "minus"]
  4 -> 11 [color = red]
  6 -> 11 [color = blue]
  12 [label = o0]
  6 -> 12
  13 [label = o1]
  7 -> 13
  14 [label = o2]
  11 -> 14
}

Generation 00200 - Island 1 Best found in this generation: 1.1985809428053966
Error during prediction: not enough values to unpack (expected 4, got 3)
Warning: no valid data for plotting.
Island 1 BEST SO FAR: 1.2863942629396155 DISTANCE FROM KALMAN FILTER : inf 
Island 1 BEST Graph : digraph {
  0 [label = i0]
  1 [label = i1]
  2 [label = i2]
  3 [label = i3]
  4 [label = i4]
  5 [label = "matmul"]
  2 -> 5 [color = red]
  0 -> 5 [color = blue]
  6 [label = "matmul"]
  2 -> 6 [color = red]
  5 -> 6 [color = blue]
  7 [label = "add"]
  1 -> 7 [color = red]
  2 -> 7 [color = blue]
  12 [label = o0]
  6 -> 12
  13 [label = o1]
  7 -> 13
  14 [label = o2]
  4 -> 14
}

Generation 00200 - Island 2 Best found in this generation: 1.2863942629396155
Error during prediction: not enough values to unpack (expected 4, got 3)
Warning: no valid data for plotting.
Island 2 BEST SO FAR: 1.2863942629396155 DISTANCE FROM KALMAN FILTER : inf 
Island 2 BEST Graph : digraph {
  0 [label = i0]
  1 [label = i1]
  2 [label = i2]
  3 [label = i3]
  4 [label = i4]
  5 [label = "matmul"]
  2 -> 5 [color = red]
  0 -> 5 [color = blue]
  6 [label = "matmul"]
  2 -> 6 [color = red]
  5 -> 6 [color = blue]
  7 [label = "add"]
  1 -> 7 [color = red]
  2 -> 7 [color = blue]
  12 [label = o0]
  6 -> 12
  13 [label = o1]
  7 -> 13
  14 [label = o2]
  4 -> 14
}

Generation 00200 - Island 3 Best found in this generation: 1.368910896705036
Error during prediction: not enough values to unpack (expected 4, got 3)
Warning: no valid data for plotting.
Island 3 BEST SO FAR: 1.199487542204051 DISTANCE FROM KALMAN FILTER : inf 
Island 3 BEST Graph : digraph {
  0 [label = i0]
  1 [label = i1]
  2 [label = i2]
  3 [label = i3]
  4 [label = i4]
  5 [label = "transpose"]
  1 -> 5
  6 [label = "matmul"]
  1 -> 6 [color = red]
  0 -> 6 [color = blue]
  7 [label = "add"]
  5 -> 7 [color = red]
  1 -> 7 [color = blue]
  11 [label = "minus"]
  4 -> 11 [color = red]
  6 -> 11 [color = blue]
  12 [label = o0]
  6 -> 12
  13 [label = o1]
  7 -> 13
  14 [label = o2]
  11 -> 14
}


--- Resetting half of the worst islands ---
Best half island indices: [3, 0]
Resetting Island 1 using best from Island 3
Resetting Island 2 using best from Island 0
Generation 00250 - Island 0 Best found in this generation: 1.1985809428053966
Error during prediction: not enough values to unpack (expected 4, got 3)
Warning: no valid data for plotting.
Island 0 BEST SO FAR: 1.1985809428053966 DISTANCE FROM KALMAN FILTER : inf 
Island 0 BEST Graph : digraph {
  0 [label = i0]
  1 [label = i1]
  2 [label = i2]
  3 [label = i3]
  4 [label = i4]
  5 [label = "matmul"]
  3 -> 5 [color = red]
  3 -> 5 [color = blue]
  6 [label = "matmul"]
  1 -> 6 [color = red]
  0 -> 6 [color = blue]
  7 [label = "add"]
  5 -> 7 [color = red]
  1 -> 7 [color = blue]
  11 [label = "minus"]
  4 -> 11 [color = red]
  6 -> 11 [color = blue]
  12 [label = o0]
  6 -> 12
  13 [label = o1]
  7 -> 13
  14 [label = o2]
  11 -> 14
}

Generation 00250 - Island 1 Best found in this generation: 1.1985809428053966
Error during prediction: not enough values to unpack (expected 4, got 3)
Warning: no valid data for plotting.
Island 1 BEST SO FAR: 1.1747719242699615 DISTANCE FROM KALMAN FILTER : inf 
Island 1 BEST Graph : digraph {
  0 [label = i0]
  1 [label = i1]
  2 [label = i2]
  3 [label = i3]
  4 [label = i4]
  5 [label = "transpose"]
  1 -> 5
  6 [label = "matmul"]
  1 -> 6 [color = red]
  0 -> 6 [color = blue]
  7 [label = "matmul"]
  1 -> 7 [color = red]
  5 -> 7 [color = blue]
  11 [label = "minus"]
  4 -> 11 [color = red]
  6 -> 11 [color = blue]
  12 [label = o0]
  6 -> 12
  13 [label = o1]
  7 -> 13
  14 [label = o2]
  11 -> 14
}

Generation 00250 - Island 2 Best found in this generation: 1.1747719242699615
Error during prediction: not enough values to unpack (expected 4, got 3)
Warning: no valid data for plotting.
Island 2 BEST SO FAR: 1.1985809428053966 DISTANCE FROM KALMAN FILTER : inf 
Island 2 BEST Graph : digraph {
  0 [label = i0]
  1 [label = i1]
  2 [label = i2]
  3 [label = i3]
  4 [label = i4]
  5 [label = "matmul"]
  3 -> 5 [color = red]
  3 -> 5 [color = blue]
  6 [label = "matmul"]
  1 -> 6 [color = red]
  0 -> 6 [color = blue]
  7 [label = "add"]
  5 -> 7 [color = red]
  1 -> 7 [color = blue]
  11 [label = "minus"]
  4 -> 11 [color = red]
  6 -> 11 [color = blue]
  12 [label = o0]
  6 -> 12
  13 [label = o1]
  7 -> 13
  14 [label = o2]
  11 -> 14
}

Generation 00250 - Island 3 Best found in this generation: 1.1985809428053966
Error during prediction: not enough values to unpack (expected 4, got 3)
Warning: no valid data for plotting.
Island 3 BEST SO FAR: 1.1747719242699615 DISTANCE FROM KALMAN FILTER : inf 
Island 3 BEST Graph : digraph {
  0 [label = i0]
  1 [label = i1]
  2 [label = i2]
  3 [label = i3]
  4 [label = i4]
  5 [label = "transpose"]
  1 -> 5
  6 [label = "matmul"]
  1 -> 6 [color = red]
  0 -> 6 [color = blue]
  7 [label = "matmul"]
  1 -> 7 [color = red]
  5 -> 7 [color = blue]
  11 [label = "minus"]
  4 -> 11 [color = red]
  6 -> 11 [color = blue]
  12 [label = o0]
  6 -> 12
  13 [label = o1]
  7 -> 13
  14 [label = o2]
  11 -> 14
}


--- Resetting half of the worst islands ---
Best half island indices: [1, 3]
Resetting Island 0 using best from Island 1
Resetting Island 2 using best from Island 3
Generation 00300 - Island 0 Best found in this generation: 1.1747719242699615
Error during prediction: not enough values to unpack (expected 4, got 3)
Warning: no valid data for plotting.
Island 0 BEST SO FAR: 1.1747719242699615 DISTANCE FROM KALMAN FILTER : inf 
Island 0 BEST Graph : digraph {
  0 [label = i0]
  1 [label = i1]
  2 [label = i2]
  3 [label = i3]
  4 [label = i4]
  5 [label = "transpose"]
  1 -> 5
  6 [label = "matmul"]
  1 -> 6 [color = red]
  0 -> 6 [color = blue]
  7 [label = "matmul"]
  1 -> 7 [color = red]
  5 -> 7 [color = blue]
  11 [label = "minus"]
  4 -> 11 [color = red]
  6 -> 11 [color = blue]
  12 [label = o0]
  6 -> 12
  13 [label = o1]
  7 -> 13
  14 [label = o2]
  11 -> 14
}

Generation 00300 - Island 1 Best found in this generation: 1.1747719242699615
Error during prediction: not enough values to unpack (expected 4, got 3)
Warning: no valid data for plotting.
Island 1 BEST SO FAR: 1.1747719242699615 DISTANCE FROM KALMAN FILTER : inf 
Island 1 BEST Graph : digraph {
  0 [label = i0]
  1 [label = i1]
  2 [label = i2]
  3 [label = i3]
  4 [label = i4]
  5 [label = "transpose"]
  1 -> 5
  6 [label = "matmul"]
  1 -> 6 [color = red]
  0 -> 6 [color = blue]
  7 [label = "matmul"]
  1 -> 7 [color = red]
  5 -> 7 [color = blue]
  11 [label = "minus"]
  4 -> 11 [color = red]
  6 -> 11 [color = blue]
  12 [label = o0]
  6 -> 12
  13 [label = o1]
  7 -> 13
  14 [label = o2]
  11 -> 14
}

Generation 00300 - Island 2 Best found in this generation: 1.1747719242699615
Error during prediction: not enough values to unpack (expected 4, got 3)
Warning: no valid data for plotting.
Island 2 BEST SO FAR: 1.1747719242699615 DISTANCE FROM KALMAN FILTER : inf 
Island 2 BEST Graph : digraph {
  0 [label = i0]
  1 [label = i1]
  2 [label = i2]
  3 [label = i3]
  4 [label = i4]
  5 [label = "transpose"]
  1 -> 5
  6 [label = "matmul"]
  1 -> 6 [color = red]
  0 -> 6 [color = blue]
  7 [label = "matmul"]
  1 -> 7 [color = red]
  5 -> 7 [color = blue]
  11 [label = "minus"]
  4 -> 11 [color = red]
  6 -> 11 [color = blue]
  12 [label = o0]
  6 -> 12
  13 [label = o1]
  7 -> 13
  14 [label = o2]
  11 -> 14
}

Generation 00300 - Island 3 Best found in this generation: 1.1747719242699615
Error during prediction: not enough values to unpack (expected 4, got 3)
Warning: no valid data for plotting.
Island 3 BEST SO FAR: 1.1747719242699615 DISTANCE FROM KALMAN FILTER : inf 
Island 3 BEST Graph : digraph {
  0 [label = i0]
  1 [label = i1]
  2 [label = i2]
  3 [label = i3]
  4 [label = i4]
  5 [label = "transpose"]
  1 -> 5
  6 [label = "matmul"]
  1 -> 6 [color = red]
  0 -> 6 [color = blue]
  7 [label = "matmul"]
  1 -> 7 [color = red]
  5 -> 7 [color = blue]
  11 [label = "minus"]
  4 -> 11 [color = red]
  6 -> 11 [color = blue]
  12 [label = o0]
  6 -> 12
  13 [label = o1]
  7 -> 13
  14 [label = o2]
  11 -> 14
}


--- Resetting half of the worst islands ---
Best half island indices: [3, 0]
Resetting Island 1 using best from Island 3
Resetting Island 2 using best from Island 0
Generation 00350 - Island 0 Best found in this generation: 1.1747719242699615
Error during prediction: not enough values to unpack (expected 4, got 3)
Warning: no valid data for plotting.
Island 0 BEST SO FAR: 1.1747719242699615 DISTANCE FROM KALMAN FILTER : inf 
Island 0 BEST Graph : digraph {
  0 [label = i0]
  1 [label = i1]
  2 [label = i2]
  3 [label = i3]
  4 [label = i4]
  5 [label = "transpose"]
  1 -> 5
  6 [label = "matmul"]
  1 -> 6 [color = red]
  0 -> 6 [color = blue]
  7 [label = "matmul"]
  1 -> 7 [color = red]
  5 -> 7 [color = blue]
  11 [label = "minus"]
  4 -> 11 [color = red]
  6 -> 11 [color = blue]
  12 [label = o0]
  6 -> 12
  13 [label = o1]
  7 -> 13
  14 [label = o2]
  11 -> 14
}

Generation 00350 - Island 1 Best found in this generation: 1.1747719242699615
Error during prediction: not enough values to unpack (expected 4, got 3)
Warning: no valid data for plotting.
Island 1 BEST SO FAR: 1.1242881690249438 DISTANCE FROM KALMAN FILTER : inf 
Island 1 BEST Graph : digraph {
  0 [label = i0]
  1 [label = i1]
  2 [label = i2]
  3 [label = i3]
  4 [label = i4]
  5 [label = "matmul"]
  1 -> 5 [color = red]
  3 -> 5 [color = blue]
  6 [label = "matmul"]
  1 -> 6 [color = red]
  0 -> 6 [color = blue]
  7 [label = "transpose"]
  1 -> 7
  8 [label = "add"]
  5 -> 8 [color = red]
  7 -> 8 [color = blue]
  11 [label = "minus"]
  4 -> 11 [color = red]
  6 -> 11 [color = blue]
  12 [label = o0]
  6 -> 12
  13 [label = o1]
  8 -> 13
  14 [label = o2]
  11 -> 14
}

Generation 00350 - Island 2 Best found in this generation: 1.1242881690249438
Error during prediction: not enough values to unpack (expected 4, got 3)
Warning: no valid data for plotting.
Island 2 BEST SO FAR: 1.1747719242699615 DISTANCE FROM KALMAN FILTER : inf 
Island 2 BEST Graph : digraph {
  0 [label = i0]
  1 [label = i1]
  2 [label = i2]
  3 [label = i3]
  4 [label = i4]
  5 [label = "transpose"]
  1 -> 5
  6 [label = "matmul"]
  1 -> 6 [color = red]
  0 -> 6 [color = blue]
  7 [label = "matmul"]
  1 -> 7 [color = red]
  5 -> 7 [color = blue]
  11 [label = "minus"]
  4 -> 11 [color = red]
  6 -> 11 [color = blue]
  12 [label = o0]
  6 -> 12
  13 [label = o1]
  7 -> 13
  14 [label = o2]
  11 -> 14
}

Generation 00350 - Island 3 Best found in this generation: 1.1747719242699615
Error during prediction: not enough values to unpack (expected 4, got 3)
Warning: no valid data for plotting.
Island 3 BEST SO FAR: 1.1242881690249438 DISTANCE FROM KALMAN FILTER : inf 
Island 3 BEST Graph : digraph {
  0 [label = i0]
  1 [label = i1]
  2 [label = i2]
  3 [label = i3]
  4 [label = i4]
  5 [label = "matmul"]
  1 -> 5 [color = red]
  3 -> 5 [color = blue]
  6 [label = "matmul"]
  1 -> 6 [color = red]
  0 -> 6 [color = blue]
  7 [label = "transpose"]
  1 -> 7
  8 [label = "add"]
  5 -> 8 [color = red]
  7 -> 8 [color = blue]
  11 [label = "minus"]
  4 -> 11 [color = red]
  6 -> 11 [color = blue]
  12 [label = o0]
  6 -> 12
  13 [label = o1]
  8 -> 13
  14 [label = o2]
  11 -> 14
}


--- Resetting half of the worst islands ---
Best half island indices: [1, 3]
Resetting Island 0 using best from Island 1
Resetting Island 2 using best from Island 3
Generation 00400 - Island 0 Best found in this generation: 1.1242881690249438
Error during prediction: not enough values to unpack (expected 4, got 3)
Warning: no valid data for plotting.
Island 0 BEST SO FAR: 1.1242881690249438 DISTANCE FROM KALMAN FILTER : inf 
Island 0 BEST Graph : digraph {
  0 [label = i0]
  1 [label = i1]
  2 [label = i2]
  3 [label = i3]
  4 [label = i4]
  5 [label = "matmul"]
  1 -> 5 [color = red]
  3 -> 5 [color = blue]
  6 [label = "matmul"]
  1 -> 6 [color = red]
  0 -> 6 [color = blue]
  7 [label = "transpose"]
  1 -> 7
  8 [label = "add"]
  5 -> 8 [color = red]
  7 -> 8 [color = blue]
  11 [label = "minus"]
  4 -> 11 [color = red]
  6 -> 11 [color = blue]
  12 [label = o0]
  6 -> 12
  13 [label = o1]
  8 -> 13
  14 [label = o2]
  11 -> 14
}

Generation 00400 - Island 1 Best found in this generation: 1.1242881690249438
Error during prediction: not enough values to unpack (expected 4, got 3)
Warning: no valid data for plotting.
Island 1 BEST SO FAR: 1.1242881690249438 DISTANCE FROM KALMAN FILTER : inf 
Island 1 BEST Graph : digraph {
  0 [label = i0]
  1 [label = i1]
  2 [label = i2]
  3 [label = i3]
  4 [label = i4]
  5 [label = "matmul"]
  1 -> 5 [color = red]
  3 -> 5 [color = blue]
  6 [label = "matmul"]
  1 -> 6 [color = red]
  0 -> 6 [color = blue]
  7 [label = "transpose"]
  1 -> 7
  8 [label = "add"]
  5 -> 8 [color = red]
  7 -> 8 [color = blue]
  11 [label = "minus"]
  4 -> 11 [color = red]
  6 -> 11 [color = blue]
  12 [label = o0]
  6 -> 12
  13 [label = o1]
  8 -> 13
  14 [label = o2]
  11 -> 14
}

Generation 00400 - Island 2 Best found in this generation: 1.1242881690249438
Error during prediction: not enough values to unpack (expected 4, got 3)
Warning: no valid data for plotting.
Island 2 BEST SO FAR: 1.1242881690249438 DISTANCE FROM KALMAN FILTER : inf 
Island 2 BEST Graph : digraph {
  0 [label = i0]
  1 [label = i1]
  2 [label = i2]
  3 [label = i3]
  4 [label = i4]
  5 [label = "matmul"]
  1 -> 5 [color = red]
  3 -> 5 [color = blue]
  6 [label = "matmul"]
  1 -> 6 [color = red]
  0 -> 6 [color = blue]
  7 [label = "transpose"]
  1 -> 7
  8 [label = "add"]
  5 -> 8 [color = red]
  7 -> 8 [color = blue]
  11 [label = "minus"]
  4 -> 11 [color = red]
  6 -> 11 [color = blue]
  12 [label = o0]
  6 -> 12
  13 [label = o1]
  8 -> 13
  14 [label = o2]
  11 -> 14
}

Generation 00400 - Island 3 Best found in this generation: 1.199487542204051
Error during prediction: not enough values to unpack (expected 4, got 3)
Warning: no valid data for plotting.
Island 3 BEST SO FAR: 1.1242881690249438 DISTANCE FROM KALMAN FILTER : inf 
Island 3 BEST Graph : digraph {
  0 [label = i0]
  1 [label = i1]
  2 [label = i2]
  3 [label = i3]
  4 [label = i4]
  5 [label = "matmul"]
  1 -> 5 [color = red]
  3 -> 5 [color = blue]
  6 [label = "matmul"]
  1 -> 6 [color = red]
  0 -> 6 [color = blue]
  7 [label = "transpose"]
  1 -> 7
  8 [label = "add"]
  5 -> 8 [color = red]
  7 -> 8 [color = blue]
  11 [label = "minus"]
  4 -> 11 [color = red]
  6 -> 11 [color = blue]
  12 [label = o0]
  6 -> 12
  13 [label = o1]
  8 -> 13
  14 [label = o2]
  11 -> 14
}

