Sanity check loss: 1.1180493160255696
Generation 00000 - Island 0 Best found in this generation: 2.0698880586455424
Error during prediction: not enough values to unpack (expected 4, got 3)
Warning: no valid data for plotting.
Island 0 BEST SO FAR: 2.0729552781897684 DISTANCE FROM KALMAN FILTER : inf 
Island 0 BEST Graph : digraph {
  0 [label = i0]
  1 [label = i1]
  2 [label = i2]
  3 [label = i3]
  4 [label = i4]
  11 [label = "transpose"]
  2 -> 11
  12 [label = o0]
  4 -> 12
  13 [label = o1]
  11 -> 13
  14 [label = o2]
  2 -> 14
}

Generation 00000 - Island 1 Best found in this generation: 2.0742094832589846
Error during prediction: not enough values to unpack (expected 4, got 3)
Warning: no valid data for plotting.
Island 1 BEST SO FAR: 2.0702932158828107 DISTANCE FROM KALMAN FILTER : inf 
Island 1 BEST Graph : digraph {
  0 [label = i0]
  1 [label = i1]
  2 [label = i2]
  3 [label = i3]
  4 [label = i4]
  5 [label = "minus"]
  2 -> 5 [color = red]
  3 -> 5 [color = blue]
  12 [label = o0]
  4 -> 12
  13 [label = o1]
  2 -> 13
  14 [label = o2]
  5 -> 14
}

Generation 00000 - Island 2 Best found in this generation: 2.01461365562934
Error during prediction: not enough values to unpack (expected 4, got 3)
Warning: no valid data for plotting.
Island 2 BEST SO FAR: 2.07186192797794 DISTANCE FROM KALMAN FILTER : inf 
Island 2 BEST Graph : digraph {
  0 [label = i0]
  1 [label = i1]
  2 [label = i2]
  3 [label = i3]
  4 [label = i4]
  7 [label = "matmul"]
  2 -> 7 [color = red]
  2 -> 7 [color = blue]
  12 [label = o0]
  4 -> 12
  13 [label = o1]
  7 -> 13
  14 [label = o2]
  7 -> 14
}

Generation 00000 - Island 3 Best found in this generation: 2.0729552781897684
Error during prediction: not enough values to unpack (expected 4, got 3)
Warning: no valid data for plotting.
Island 3 BEST SO FAR: 2.0698880586455424 DISTANCE FROM KALMAN FILTER : inf 
Island 3 BEST Graph : digraph {
  0 [label = i0]
  1 [label = i1]
  2 [label = i2]
  3 [label = i3]
  4 [label = i4]
  6 [label = "matmul"]
  2 -> 6 [color = red]
  1 -> 6 [color = blue]
  7 [label = "minus"]
  6 -> 7 [color = red]
  2 -> 7 [color = blue]
  8 [label = "transpose"]
  4 -> 8
  10 [label = "transpose"]
  7 -> 10
  12 [label = o0]
  8 -> 12
  13 [label = o1]
  10 -> 13
  14 [label = o2]
  6 -> 14
}


--- Resetting half of the worst islands ---
Best half island indices: [3, 2]
Resetting Island 0 using best from Island 3
Resetting Island 1 using best from Island 2
Generation 00050 - Island 0 Best found in this generation: 1.9235957794503635
Error during prediction: not enough values to unpack (expected 4, got 3)
Warning: no valid data for plotting.
Island 0 BEST SO FAR: 1.8055658269608523 DISTANCE FROM KALMAN FILTER : inf 
Island 0 BEST Graph : digraph {
  0 [label = i0]
  1 [label = i1]
  2 [label = i2]
  3 [label = i3]
  4 [label = i4]
  6 [label = "minus"]
  1 -> 6 [color = red]
  3 -> 6 [color = blue]
  7 [label = "minus"]
  0 -> 7 [color = red]
  4 -> 7 [color = blue]
  9 [label = "minus"]
  2 -> 9 [color = red]
  6 -> 9 [color = blue]
  10 [label = "add"]
  3 -> 10 [color = red]
  7 -> 10 [color = blue]
  12 [label = o0]
  4 -> 12
  13 [label = o1]
  9 -> 13
  14 [label = o2]
  10 -> 14
}

Generation 00050 - Island 1 Best found in this generation: 1.8173198811371676
Error during prediction: not enough values to unpack (expected 4, got 3)
Warning: no valid data for plotting.
Island 1 BEST SO FAR: 1.9235957794503635 DISTANCE FROM KALMAN FILTER : inf 
Island 1 BEST Graph : digraph {
  0 [label = i0]
  1 [label = i1]
  2 [label = i2]
  3 [label = i3]
  4 [label = i4]
  5 [label = "transpose"]
  1 -> 5
  7 [label = "matmul"]
  0 -> 7 [color = red]
  5 -> 7 [color = blue]
  8 [label = "minus"]
  7 -> 8 [color = red]
  3 -> 8 [color = blue]
  9 [label = "minus"]
  8 -> 9 [color = red]
  4 -> 9 [color = blue]
  11 [label = "add"]
  9 -> 11 [color = red]
  9 -> 11 [color = blue]
  12 [label = o0]
  4 -> 12
  13 [label = o1]
  2 -> 13
  14 [label = o2]
  11 -> 14
}

Generation 00050 - Island 2 Best found in this generation: 1.9568549257507941
Error during prediction: not enough values to unpack (expected 4, got 3)
Warning: no valid data for plotting.
Island 2 BEST SO FAR: 1.9315230980941174 DISTANCE FROM KALMAN FILTER : inf 
Island 2 BEST Graph : digraph {
  0 [label = i0]
  1 [label = i1]
  2 [label = i2]
  3 [label = i3]
  4 [label = i4]
  5 [label = "transpose"]
  1 -> 5
  7 [label = "matmul"]
  0 -> 7 [color = red]
  5 -> 7 [color = blue]
  8 [label = "minus"]
  7 -> 8 [color = red]
  5 -> 8 [color = blue]
  9 [label = "minus"]
  8 -> 9 [color = red]
  4 -> 9 [color = blue]
  11 [label = "add"]
  9 -> 11 [color = red]
  9 -> 11 [color = blue]
  12 [label = o0]
  4 -> 12
  13 [label = o1]
  2 -> 13
  14 [label = o2]
  11 -> 14
}

Generation 00050 - Island 3 Best found in this generation: 1.9235957794503635
Error during prediction: not enough values to unpack (expected 4, got 3)
Warning: no valid data for plotting.
Island 3 BEST SO FAR: 1.8173198811371676 DISTANCE FROM KALMAN FILTER : inf 
Island 3 BEST Graph : digraph {
  0 [label = i0]
  1 [label = i1]
  2 [label = i2]
  3 [label = i3]
  4 [label = i4]
  6 [label = "minus"]
  1 -> 6 [color = red]
  3 -> 6 [color = blue]
  7 [label = "minus"]
  0 -> 7 [color = red]
  4 -> 7 [color = blue]
  9 [label = "minus"]
  2 -> 9 [color = red]
  6 -> 9 [color = blue]
  10 [label = "add"]
  1 -> 10 [color = red]
  7 -> 10 [color = blue]
  12 [label = o0]
  4 -> 12
  13 [label = o1]
  9 -> 13
  14 [label = o2]
  10 -> 14
}


--- Resetting half of the worst islands ---
Best half island indices: [2, 0]
Resetting Island 3 using best from Island 2
Resetting Island 1 using best from Island 0
Generation 00100 - Island 0 Best found in this generation: 1.7970070569723249
Error during prediction: not enough values to unpack (expected 4, got 3)
Warning: no valid data for plotting.
Island 0 BEST SO FAR: 1.7970070569723249 DISTANCE FROM KALMAN FILTER : inf 
Island 0 BEST Graph : digraph {
  0 [label = i0]
  1 [label = i1]
  2 [label = i2]
  3 [label = i3]
  4 [label = i4]
  5 [label = "transpose"]
  2 -> 5
  6 [label = "minus"]
  1 -> 6 [color = red]
  3 -> 6 [color = blue]
  7 [label = "minus"]
  5 -> 7 [color = red]
  4 -> 7 [color = blue]
  9 [label = "minus"]
  2 -> 9 [color = red]
  6 -> 9 [color = blue]
  10 [label = "add"]
  0 -> 10 [color = red]
  7 -> 10 [color = blue]
  12 [label = o0]
  4 -> 12
  13 [label = o1]
  9 -> 13
  14 [label = o2]
  10 -> 14
}

Generation 00100 - Island 1 Best found in this generation: 1.797007056972328
Error during prediction: not enough values to unpack (expected 4, got 3)
Warning: no valid data for plotting.
Island 1 BEST SO FAR: 1.7970070569723249 DISTANCE FROM KALMAN FILTER : inf 
Island 1 BEST Graph : digraph {
  0 [label = i0]
  1 [label = i1]
  2 [label = i2]
  3 [label = i3]
  4 [label = i4]
  5 [label = "transpose"]
  2 -> 5
  6 [label = "minus"]
  1 -> 6 [color = red]
  3 -> 6 [color = blue]
  7 [label = "minus"]
  5 -> 7 [color = red]
  4 -> 7 [color = blue]
  9 [label = "minus"]
  2 -> 9 [color = red]
  6 -> 9 [color = blue]
  10 [label = "add"]
  0 -> 10 [color = red]
  7 -> 10 [color = blue]
  12 [label = o0]
  4 -> 12
  13 [label = o1]
  9 -> 13
  14 [label = o2]
  10 -> 14
}

Generation 00100 - Island 2 Best found in this generation: 1.8110365488752416
Error during prediction: not enough values to unpack (expected 4, got 3)
Warning: no valid data for plotting.
Island 2 BEST SO FAR: 1.4355398848228815 DISTANCE FROM KALMAN FILTER : inf 
Island 2 BEST Graph : digraph {
  0 [label = i0]
  1 [label = i1]
  2 [label = i2]
  3 [label = i3]
  4 [label = i4]
  5 [label = "transpose"]
  1 -> 5
  6 [label = "minus"]
  3 -> 6 [color = red]
  4 -> 6 [color = blue]
  7 [label = "matmul"]
  0 -> 7 [color = red]
  5 -> 7 [color = blue]
  8 [label = "minus"]
  7 -> 8 [color = red]
  3 -> 8 [color = blue]
  9 [label = "minus"]
  8 -> 9 [color = red]
  4 -> 9 [color = blue]
  10 [label = "minus"]
  5 -> 10 [color = red]
  6 -> 10 [color = blue]
  11 [label = "minus"]
  10 -> 11 [color = red]
  4 -> 11 [color = blue]
  12 [label = o0]
  4 -> 12
  13 [label = o1]
  11 -> 13
  14 [label = o2]
  9 -> 14
}

Generation 00100 - Island 3 Best found in this generation: 1.4789010458726317
Error during prediction: not enough values to unpack (expected 4, got 3)
Warning: no valid data for plotting.
Island 3 BEST SO FAR: 1.4355398848228815 DISTANCE FROM KALMAN FILTER : inf 
Island 3 BEST Graph : digraph {
  0 [label = i0]
  1 [label = i1]
  2 [label = i2]
  3 [label = i3]
  4 [label = i4]
  5 [label = "transpose"]
  1 -> 5
  6 [label = "minus"]
  3 -> 6 [color = red]
  4 -> 6 [color = blue]
  7 [label = "matmul"]
  0 -> 7 [color = red]
  5 -> 7 [color = blue]
  8 [label = "minus"]
  7 -> 8 [color = red]
  3 -> 8 [color = blue]
  9 [label = "minus"]
  8 -> 9 [color = red]
  4 -> 9 [color = blue]
  10 [label = "minus"]
  5 -> 10 [color = red]
  6 -> 10 [color = blue]
  11 [label = "minus"]
  10 -> 11 [color = red]
  4 -> 11 [color = blue]
  12 [label = o0]
  4 -> 12
  13 [label = o1]
  11 -> 13
  14 [label = o2]
  9 -> 14
}


--- Resetting half of the worst islands ---
Best half island indices: [2, 3]
Resetting Island 1 using best from Island 2
Resetting Island 0 using best from Island 3
Generation 00150 - Island 0 Best found in this generation: 1.4166497418129484
Error during prediction: not enough values to unpack (expected 4, got 3)
Warning: no valid data for plotting.
Island 0 BEST SO FAR: 1.4166497418129484 DISTANCE FROM KALMAN FILTER : inf 
Island 0 BEST Graph : digraph {
  0 [label = i0]
  1 [label = i1]
  2 [label = i2]
  3 [label = i3]
  4 [label = i4]
  5 [label = "transpose"]
  1 -> 5
  6 [label = "minus"]
  3 -> 6 [color = red]
  3 -> 6 [color = blue]
  7 [label = "matmul"]
  0 -> 7 [color = red]
  5 -> 7 [color = blue]
  8 [label = "minus"]
  7 -> 8 [color = red]
  6 -> 8 [color = blue]
  9 [label = "minus"]
  8 -> 9 [color = red]
  4 -> 9 [color = blue]
  11 [label = "minus"]
  5 -> 11 [color = red]
  3 -> 11 [color = blue]
  12 [label = o0]
  4 -> 12
  13 [label = o1]
  11 -> 13
  14 [label = o2]
  9 -> 14
}

Generation 00150 - Island 1 Best found in this generation: 1.6481974188100614
Error during prediction: not enough values to unpack (expected 4, got 3)
Warning: no valid data for plotting.
Island 1 BEST SO FAR: 1.409359413036098 DISTANCE FROM KALMAN FILTER : inf 
Island 1 BEST Graph : digraph {
  0 [label = i0]
  1 [label = i1]
  2 [label = i2]
  3 [label = i3]
  4 [label = i4]
  5 [label = "transpose"]
  1 -> 5
  6 [label = "matmul"]
  2 -> 6 [color = red]
  3 -> 6 [color = blue]
  7 [label = "matmul"]
  0 -> 7 [color = red]
  5 -> 7 [color = blue]
  8 [label = "minus"]
  7 -> 8 [color = red]
  6 -> 8 [color = blue]
  9 [label = "minus"]
  8 -> 9 [color = red]
  4 -> 9 [color = blue]
  11 [label = "matmul"]
  5 -> 11 [color = red]
  9 -> 11 [color = blue]
  12 [label = o0]
  4 -> 12
  13 [label = o1]
  6 -> 13
  14 [label = o2]
  11 -> 14
}

Generation 00150 - Island 2 Best found in this generation: 2.0639617007031803
Error during prediction: not enough values to unpack (expected 4, got 3)
Warning: no valid data for plotting.
Island 2 BEST SO FAR: 1.409359413036098 DISTANCE FROM KALMAN FILTER : inf 
Island 2 BEST Graph : digraph {
  0 [label = i0]
  1 [label = i1]
  2 [label = i2]
  3 [label = i3]
  4 [label = i4]
  5 [label = "transpose"]
  1 -> 5
  6 [label = "matmul"]
  2 -> 6 [color = red]
  3 -> 6 [color = blue]
  7 [label = "matmul"]
  0 -> 7 [color = red]
  5 -> 7 [color = blue]
  8 [label = "minus"]
  7 -> 8 [color = red]
  6 -> 8 [color = blue]
  9 [label = "minus"]
  8 -> 9 [color = red]
  4 -> 9 [color = blue]
  11 [label = "matmul"]
  5 -> 11 [color = red]
  9 -> 11 [color = blue]
  12 [label = o0]
  4 -> 12
  13 [label = o1]
  6 -> 13
  14 [label = o2]
  11 -> 14
}

Generation 00150 - Island 3 Best found in this generation: 1.4355398848228815
Error during prediction: not enough values to unpack (expected 4, got 3)
Warning: no valid data for plotting.
Island 3 BEST SO FAR: 1.4166497418129484 DISTANCE FROM KALMAN FILTER : inf 
Island 3 BEST Graph : digraph {
  0 [label = i0]
  1 [label = i1]
  2 [label = i2]
  3 [label = i3]
  4 [label = i4]
  5 [label = "transpose"]
  1 -> 5
  6 [label = "minus"]
  3 -> 6 [color = red]
  3 -> 6 [color = blue]
  7 [label = "matmul"]
  0 -> 7 [color = red]
  5 -> 7 [color = blue]
  8 [label = "minus"]
  7 -> 8 [color = red]
  6 -> 8 [color = blue]
  9 [label = "minus"]
  8 -> 9 [color = red]
  4 -> 9 [color = blue]
  11 [label = "minus"]
  5 -> 11 [color = red]
  3 -> 11 [color = blue]
  12 [label = o0]
  4 -> 12
  13 [label = o1]
  11 -> 13
  14 [label = o2]
  9 -> 14
}


--- Resetting half of the worst islands ---
Best half island indices: [1, 2]
Resetting Island 0 using best from Island 1
Resetting Island 3 using best from Island 2
Generation 00200 - Island 0 Best found in this generation: 1.409359413036098
Error during prediction: not enough values to unpack (expected 4, got 3)
Warning: no valid data for plotting.
Island 0 BEST SO FAR: 1.409359413036098 DISTANCE FROM KALMAN FILTER : inf 
Island 0 BEST Graph : digraph {
  0 [label = i0]
  1 [label = i1]
  2 [label = i2]
  3 [label = i3]
  4 [label = i4]
  5 [label = "transpose"]
  1 -> 5
  6 [label = "matmul"]
  2 -> 6 [color = red]
  3 -> 6 [color = blue]
  7 [label = "matmul"]
  0 -> 7 [color = red]
  5 -> 7 [color = blue]
  8 [label = "minus"]
  7 -> 8 [color = red]
  6 -> 8 [color = blue]
  9 [label = "minus"]
  8 -> 9 [color = red]
  4 -> 9 [color = blue]
  11 [label = "matmul"]
  5 -> 11 [color = red]
  9 -> 11 [color = blue]
  12 [label = o0]
  4 -> 12
  13 [label = o1]
  6 -> 13
  14 [label = o2]
  11 -> 14
}

Generation 00200 - Island 1 Best found in this generation: 1.9944800515580297
Error during prediction: not enough values to unpack (expected 4, got 3)
Warning: no valid data for plotting.
Island 1 BEST SO FAR: 1.409359413036098 DISTANCE FROM KALMAN FILTER : inf 
Island 1 BEST Graph : digraph {
  0 [label = i0]
  1 [label = i1]
  2 [label = i2]
  3 [label = i3]
  4 [label = i4]
  5 [label = "transpose"]
  1 -> 5
  6 [label = "matmul"]
  2 -> 6 [color = red]
  3 -> 6 [color = blue]
  7 [label = "matmul"]
  0 -> 7 [color = red]
  5 -> 7 [color = blue]
  8 [label = "minus"]
  7 -> 8 [color = red]
  6 -> 8 [color = blue]
  9 [label = "minus"]
  8 -> 9 [color = red]
  4 -> 9 [color = blue]
  11 [label = "matmul"]
  5 -> 11 [color = red]
  9 -> 11 [color = blue]
  12 [label = o0]
  4 -> 12
  13 [label = o1]
  6 -> 13
  14 [label = o2]
  11 -> 14
}

Generation 00200 - Island 2 Best found in this generation: 1.412630486999268
Error during prediction: not enough values to unpack (expected 4, got 3)
Warning: no valid data for plotting.
Island 2 BEST SO FAR: 1.409359413036098 DISTANCE FROM KALMAN FILTER : inf 
Island 2 BEST Graph : digraph {
  0 [label = i0]
  1 [label = i1]
  2 [label = i2]
  3 [label = i3]
  4 [label = i4]
  5 [label = "transpose"]
  1 -> 5
  6 [label = "matmul"]
  2 -> 6 [color = red]
  3 -> 6 [color = blue]
  7 [label = "matmul"]
  0 -> 7 [color = red]
  5 -> 7 [color = blue]
  8 [label = "minus"]
  7 -> 8 [color = red]
  6 -> 8 [color = blue]
  9 [label = "minus"]
  8 -> 9 [color = red]
  4 -> 9 [color = blue]
  11 [label = "matmul"]
  5 -> 11 [color = red]
  9 -> 11 [color = blue]
  12 [label = o0]
  4 -> 12
  13 [label = o1]
  6 -> 13
  14 [label = o2]
  11 -> 14
}

Generation 00200 - Island 3 Best found in this generation: 1.409359413036098
Error during prediction: not enough values to unpack (expected 4, got 3)
Warning: no valid data for plotting.
Island 3 BEST SO FAR: 1.409359413036098 DISTANCE FROM KALMAN FILTER : inf 
Island 3 BEST Graph : digraph {
  0 [label = i0]
  1 [label = i1]
  2 [label = i2]
  3 [label = i3]
  4 [label = i4]
  5 [label = "transpose"]
  1 -> 5
  6 [label = "matmul"]
  2 -> 6 [color = red]
  3 -> 6 [color = blue]
  7 [label = "matmul"]
  0 -> 7 [color = red]
  5 -> 7 [color = blue]
  8 [label = "minus"]
  7 -> 8 [color = red]
  6 -> 8 [color = blue]
  9 [label = "minus"]
  8 -> 9 [color = red]
  4 -> 9 [color = blue]
  11 [label = "matmul"]
  5 -> 11 [color = red]
  9 -> 11 [color = blue]
  12 [label = o0]
  4 -> 12
  13 [label = o1]
  6 -> 13
  14 [label = o2]
  11 -> 14
}

