Sanity check loss: 1.1180493160255696
Generation 00000 - Island 0 Best found in this generation: 2.073150413583797
Error during prediction: not enough values to unpack (expected 4, got 3)
Warning: no valid data for plotting.
Island 0 BEST SO FAR: 2.0729552781897684 DISTANCE FROM KALMAN FILTER : inf 
Island 0 BEST Graph : digraph {
  0 [label = i0]
  1 [label = i1]
  2 [label = i2]
  3 [label = i3]
  4 [label = i4]
  12 [label = o0]
  4 -> 12
  13 [label = o1]
  2 -> 13
  14 [label = o2]
  2 -> 14
}

Generation 00000 - Island 1 Best found in this generation: 2.0729552781897684
Error during prediction: not enough values to unpack (expected 4, got 3)
Warning: no valid data for plotting.
Island 1 BEST SO FAR: 2.072200792058324 DISTANCE FROM KALMAN FILTER : inf 
Island 1 BEST Graph : digraph {
  0 [label = i0]
  1 [label = i1]
  2 [label = i2]
  3 [label = i3]
  4 [label = i4]
  5 [label = "matmul"]
  2 -> 5 [color = red]
  2 -> 5 [color = blue]
  12 [label = o0]
  4 -> 12
  13 [label = o1]
  2 -> 13
  14 [label = o2]
  5 -> 14
}

Generation 00000 - Island 2 Best found in this generation: 2.07186192797794
Error during prediction: not enough values to unpack (expected 4, got 3)
Warning: no valid data for plotting.
Island 2 BEST SO FAR: 2.0729552781897684 DISTANCE FROM KALMAN FILTER : inf 
Island 2 BEST Graph : digraph {
  0 [label = i0]
  1 [label = i1]
  2 [label = i2]
  3 [label = i3]
  4 [label = i4]
  9 [label = "transpose"]
  2 -> 9
  12 [label = o0]
  4 -> 12
  13 [label = o1]
  9 -> 13
  14 [label = o2]
  9 -> 14
}

Generation 00000 - Island 3 Best found in this generation: 2.0702932158828107
Error during prediction: not enough values to unpack (expected 4, got 3)
Warning: no valid data for plotting.
Island 3 BEST SO FAR: 2.073150413583797 DISTANCE FROM KALMAN FILTER : inf 
Island 3 BEST Graph : digraph {
  0 [label = i0]
  1 [label = i1]
  2 [label = i2]
  3 [label = i3]
  4 [label = i4]
  6 [label = "add"]
  2 -> 6 [color = red]
  2 -> 6 [color = blue]
  8 [label = "minus"]
  6 -> 8 [color = red]
  2 -> 8 [color = blue]
  12 [label = o0]
  4 -> 12
  13 [label = o1]
  8 -> 13
  14 [label = o2]
  6 -> 14
}


--- Resetting half of the worst islands ---
Best half island indices: [0, 1]
Resetting Island 2 using best from Island 0
Resetting Island 3 using best from Island 1
Generation 00050 - Island 0 Best found in this generation: 1.3793657166344913
Error during prediction: not enough values to unpack (expected 4, got 3)
Warning: no valid data for plotting.
Island 0 BEST SO FAR: 1.3745510994770327 DISTANCE FROM KALMAN FILTER : inf 
Island 0 BEST Graph : digraph {
  0 [label = i0]
  1 [label = i1]
  2 [label = i2]
  3 [label = i3]
  4 [label = i4]
  6 [label = "matmul"]
  2 -> 6 [color = red]
  4 -> 6 [color = blue]
  11 [label = "transpose"]
  0 -> 11
  12 [label = o0]
  6 -> 12
  13 [label = o1]
  1 -> 13
  14 [label = o2]
  11 -> 14
}

Generation 00050 - Island 1 Best found in this generation: 1.3745510994770327
Error during prediction: not enough values to unpack (expected 4, got 3)
Warning: no valid data for plotting.
Island 1 BEST SO FAR: 1.3793657166344913 DISTANCE FROM KALMAN FILTER : inf 
Island 1 BEST Graph : digraph {
  0 [label = i0]
  1 [label = i1]
  2 [label = i2]
  3 [label = i3]
  4 [label = i4]
  6 [label = "matmul"]
  1 -> 6 [color = red]
  4 -> 6 [color = blue]
  7 [label = "minus"]
  0 -> 7 [color = red]
  6 -> 7 [color = blue]
  10 [label = "transpose"]
  6 -> 10
  12 [label = o0]
  10 -> 12
  13 [label = o1]
  1 -> 13
  14 [label = o2]
  7 -> 14
}

Generation 00050 - Island 2 Best found in this generation: 1.9935024239245296
Error during prediction: not enough values to unpack (expected 4, got 3)
Warning: no valid data for plotting.
Island 2 BEST SO FAR: 1.3745510994770327 DISTANCE FROM KALMAN FILTER : inf 
Island 2 BEST Graph : digraph {
  0 [label = i0]
  1 [label = i1]
  2 [label = i2]
  3 [label = i3]
  4 [label = i4]
  6 [label = "matmul"]
  2 -> 6 [color = red]
  4 -> 6 [color = blue]
  11 [label = "transpose"]
  0 -> 11
  12 [label = o0]
  6 -> 12
  13 [label = o1]
  1 -> 13
  14 [label = o2]
  11 -> 14
}

Generation 00050 - Island 3 Best found in this generation: 1.3745510994770327
Error during prediction: not enough values to unpack (expected 4, got 3)
Warning: no valid data for plotting.
Island 3 BEST SO FAR: 1.3793657166344913 DISTANCE FROM KALMAN FILTER : inf 
Island 3 BEST Graph : digraph {
  0 [label = i0]
  1 [label = i1]
  2 [label = i2]
  3 [label = i3]
  4 [label = i4]
  6 [label = "matmul"]
  1 -> 6 [color = red]
  4 -> 6 [color = blue]
  7 [label = "minus"]
  0 -> 7 [color = red]
  6 -> 7 [color = blue]
  10 [label = "transpose"]
  6 -> 10
  12 [label = o0]
  10 -> 12
  13 [label = o1]
  1 -> 13
  14 [label = o2]
  7 -> 14
}


--- Resetting half of the worst islands ---
Best half island indices: [2, 3]
Resetting Island 0 using best from Island 2
Resetting Island 1 using best from Island 3
Generation 00100 - Island 0 Best found in this generation: 1.3745510994770325
Error during prediction: not enough values to unpack (expected 4, got 3)
Warning: no valid data for plotting.
Island 0 BEST SO FAR: 1.3733303682525622 DISTANCE FROM KALMAN FILTER : inf 
Island 0 BEST Graph : digraph {
  0 [label = i0]
  1 [label = i1]
  2 [label = i2]
  3 [label = i3]
  4 [label = i4]
  5 [label = "matmul"]
  1 -> 5 [color = red]
  2 -> 5 [color = blue]
  6 [label = "matmul"]
  2 -> 6 [color = red]
  4 -> 6 [color = blue]
  7 [label = "add"]
  5 -> 7 [color = red]
  2 -> 7 [color = blue]
  11 [label = "transpose"]
  0 -> 11
  12 [label = o0]
  6 -> 12
  13 [label = o1]
  7 -> 13
  14 [label = o2]
  11 -> 14
}

Generation 00100 - Island 1 Best found in this generation: 1.3733303682525622
Error during prediction: not enough values to unpack (expected 4, got 3)
Warning: no valid data for plotting.
Island 1 BEST SO FAR: 1.3745510994770325 DISTANCE FROM KALMAN FILTER : inf 
Island 1 BEST Graph : digraph {
  0 [label = i0]
  1 [label = i1]
  2 [label = i2]
  3 [label = i3]
  4 [label = i4]
  6 [label = "matmul"]
  2 -> 6 [color = red]
  4 -> 6 [color = blue]
  7 [label = "minus"]
  0 -> 7 [color = red]
  6 -> 7 [color = blue]
  8 [label = "transpose"]
  7 -> 8
  9 [label = "minus"]
  0 -> 9 [color = red]
  8 -> 9 [color = blue]
  12 [label = o0]
  9 -> 12
  13 [label = o1]
  1 -> 13
  14 [label = o2]
  0 -> 14
}

Generation 00100 - Island 2 Best found in this generation: 1.3745510994770325
Error during prediction: not enough values to unpack (expected 4, got 3)
Warning: no valid data for plotting.
Island 2 BEST SO FAR: 1.3733303682525622 DISTANCE FROM KALMAN FILTER : inf 
Island 2 BEST Graph : digraph {
  0 [label = i0]
  1 [label = i1]
  2 [label = i2]
  3 [label = i3]
  4 [label = i4]
  5 [label = "matmul"]
  1 -> 5 [color = red]
  2 -> 5 [color = blue]
  6 [label = "matmul"]
  2 -> 6 [color = red]
  4 -> 6 [color = blue]
  7 [label = "add"]
  5 -> 7 [color = red]
  2 -> 7 [color = blue]
  11 [label = "transpose"]
  0 -> 11
  12 [label = o0]
  6 -> 12
  13 [label = o1]
  7 -> 13
  14 [label = o2]
  11 -> 14
}

Generation 00100 - Island 3 Best found in this generation: 1.3745510994770327
Error during prediction: not enough values to unpack (expected 4, got 3)
Warning: no valid data for plotting.
Island 3 BEST SO FAR: 1.3745510994770325 DISTANCE FROM KALMAN FILTER : inf 
Island 3 BEST Graph : digraph {
  0 [label = i0]
  1 [label = i1]
  2 [label = i2]
  3 [label = i3]
  4 [label = i4]
  6 [label = "matmul"]
  2 -> 6 [color = red]
  4 -> 6 [color = blue]
  7 [label = "minus"]
  0 -> 7 [color = red]
  6 -> 7 [color = blue]
  8 [label = "transpose"]
  7 -> 8
  9 [label = "minus"]
  0 -> 9 [color = red]
  8 -> 9 [color = blue]
  12 [label = o0]
  9 -> 12
  13 [label = o1]
  1 -> 13
  14 [label = o2]
  0 -> 14
}


--- Resetting half of the worst islands ---
Best half island indices: [2, 0]
Resetting Island 1 using best from Island 2
Resetting Island 3 using best from Island 0
Generation 00150 - Island 0 Best found in this generation: 1.2877856149488303
Error during prediction: not enough values to unpack (expected 4, got 3)
Warning: no valid data for plotting.
Island 0 BEST SO FAR: 1.2877856149488303 DISTANCE FROM KALMAN FILTER : inf 
Island 0 BEST Graph : digraph {
  0 [label = i0]
  1 [label = i1]
  2 [label = i2]
  3 [label = i3]
  4 [label = i4]
  5 [label = "transpose"]
  2 -> 5
  6 [label = "matmul"]
  2 -> 6 [color = red]
  4 -> 6 [color = blue]
  7 [label = "add"]
  1 -> 7 [color = red]
  2 -> 7 [color = blue]
  11 [label = "matmul"]
  0 -> 11 [color = red]
  5 -> 11 [color = blue]
  12 [label = o0]
  6 -> 12
  13 [label = o1]
  7 -> 13
  14 [label = o2]
  11 -> 14
}

Generation 00150 - Island 1 Best found in this generation: 1.368910896705036
Error during prediction: not enough values to unpack (expected 4, got 3)
Warning: no valid data for plotting.
Island 1 BEST SO FAR: 1.2863942629396177 DISTANCE FROM KALMAN FILTER : inf 
Island 1 BEST Graph : digraph {
  0 [label = i0]
  1 [label = i1]
  2 [label = i2]
  3 [label = i3]
  4 [label = i4]
  5 [label = "matmul"]
  2 -> 5 [color = red]
  2 -> 5 [color = blue]
  6 [label = "matmul"]
  5 -> 6 [color = red]
  0 -> 6 [color = blue]
  7 [label = "add"]
  1 -> 7 [color = red]
  2 -> 7 [color = blue]
  12 [label = o0]
  6 -> 12
  13 [label = o1]
  7 -> 13
  14 [label = o2]
  4 -> 14
}

Generation 00150 - Island 2 Best found in this generation: 1.2863942629396177
Error during prediction: not enough values to unpack (expected 4, got 3)
Warning: no valid data for plotting.
Island 2 BEST SO FAR: 1.2863942629396177 DISTANCE FROM KALMAN FILTER : inf 
Island 2 BEST Graph : digraph {
  0 [label = i0]
  1 [label = i1]
  2 [label = i2]
  3 [label = i3]
  4 [label = i4]
  5 [label = "matmul"]
  2 -> 5 [color = red]
  2 -> 5 [color = blue]
  6 [label = "matmul"]
  5 -> 6 [color = red]
  0 -> 6 [color = blue]
  7 [label = "add"]
  1 -> 7 [color = red]
  2 -> 7 [color = blue]
  12 [label = o0]
  6 -> 12
  13 [label = o1]
  7 -> 13
  14 [label = o2]
  4 -> 14
}

Generation 00150 - Island 3 Best found in this generation: 1.368910896705036
Error during prediction: not enough values to unpack (expected 4, got 3)
Warning: no valid data for plotting.
Island 3 BEST SO FAR: 1.2877856149488303 DISTANCE FROM KALMAN FILTER : inf 
Island 3 BEST Graph : digraph {
  0 [label = i0]
  1 [label = i1]
  2 [label = i2]
  3 [label = i3]
  4 [label = i4]
  5 [label = "transpose"]
  2 -> 5
  6 [label = "matmul"]
  2 -> 6 [color = red]
  4 -> 6 [color = blue]
  7 [label = "add"]
  1 -> 7 [color = red]
  2 -> 7 [color = blue]
  11 [label = "matmul"]
  0 -> 11 [color = red]
  5 -> 11 [color = blue]
  12 [label = o0]
  6 -> 12
  13 [label = o1]
  7 -> 13
  14 [label = o2]
  11 -> 14
}


--- Resetting half of the worst islands ---
Best half island indices: [1, 2]
Resetting Island 0 using best from Island 1
Resetting Island 3 using best from Island 2
Generation 00200 - Island 0 Best found in this generation: 1.2863942629396177
Error during prediction: not enough values to unpack (expected 4, got 3)
Warning: no valid data for plotting.
Island 0 BEST SO FAR: 1.2863942629396177 DISTANCE FROM KALMAN FILTER : inf 
Island 0 BEST Graph : digraph {
  0 [label = i0]
  1 [label = i1]
  2 [label = i2]
  3 [label = i3]
  4 [label = i4]
  5 [label = "matmul"]
  2 -> 5 [color = red]
  2 -> 5 [color = blue]
  6 [label = "matmul"]
  5 -> 6 [color = red]
  0 -> 6 [color = blue]
  7 [label = "add"]
  1 -> 7 [color = red]
  2 -> 7 [color = blue]
  12 [label = o0]
  6 -> 12
  13 [label = o1]
  7 -> 13
  14 [label = o2]
  4 -> 14
}

Generation 00200 - Island 1 Best found in this generation: 1.2863942629396177
Error during prediction: not enough values to unpack (expected 4, got 3)
Warning: no valid data for plotting.
Island 1 BEST SO FAR: 1.2863942629396177 DISTANCE FROM KALMAN FILTER : inf 
Island 1 BEST Graph : digraph {
  0 [label = i0]
  1 [label = i1]
  2 [label = i2]
  3 [label = i3]
  4 [label = i4]
  5 [label = "matmul"]
  2 -> 5 [color = red]
  2 -> 5 [color = blue]
  6 [label = "matmul"]
  5 -> 6 [color = red]
  0 -> 6 [color = blue]
  7 [label = "add"]
  1 -> 7 [color = red]
  2 -> 7 [color = blue]
  12 [label = o0]
  6 -> 12
  13 [label = o1]
  7 -> 13
  14 [label = o2]
  4 -> 14
}

Generation 00200 - Island 2 Best found in this generation: 1.2863942629396177
Error during prediction: not enough values to unpack (expected 4, got 3)
Warning: no valid data for plotting.
Island 2 BEST SO FAR: 1.2863942629396177 DISTANCE FROM KALMAN FILTER : inf 
Island 2 BEST Graph : digraph {
  0 [label = i0]
  1 [label = i1]
  2 [label = i2]
  3 [label = i3]
  4 [label = i4]
  5 [label = "matmul"]
  2 -> 5 [color = red]
  2 -> 5 [color = blue]
  6 [label = "matmul"]
  5 -> 6 [color = red]
  0 -> 6 [color = blue]
  7 [label = "add"]
  1 -> 7 [color = red]
  2 -> 7 [color = blue]
  12 [label = o0]
  6 -> 12
  13 [label = o1]
  7 -> 13
  14 [label = o2]
  4 -> 14
}

Generation 00200 - Island 3 Best found in this generation: 1.2863942629396177
Error during prediction: not enough values to unpack (expected 4, got 3)
Warning: no valid data for plotting.
Island 3 BEST SO FAR: 1.2863942629396177 DISTANCE FROM KALMAN FILTER : inf 
Island 3 BEST Graph : digraph {
  0 [label = i0]
  1 [label = i1]
  2 [label = i2]
  3 [label = i3]
  4 [label = i4]
  5 [label = "matmul"]
  2 -> 5 [color = red]
  2 -> 5 [color = blue]
  6 [label = "matmul"]
  5 -> 6 [color = red]
  0 -> 6 [color = blue]
  7 [label = "add"]
  1 -> 7 [color = red]
  2 -> 7 [color = blue]
  12 [label = o0]
  6 -> 12
  13 [label = o1]
  7 -> 13
  14 [label = o2]
  4 -> 14
}


--- Resetting half of the worst islands ---
Best half island indices: [0, 1]
Resetting Island 3 using best from Island 0
Resetting Island 2 using best from Island 1
Generation 00250 - Island 0 Best found in this generation: 1.2863942629396155
Error during prediction: not enough values to unpack (expected 4, got 3)
Warning: no valid data for plotting.
Island 0 BEST SO FAR: 1.2863942629396155 DISTANCE FROM KALMAN FILTER : inf 
Island 0 BEST Graph : digraph {
  0 [label = i0]
  1 [label = i1]
  2 [label = i2]
  3 [label = i3]
  4 [label = i4]
  5 [label = "matmul"]
  2 -> 5 [color = red]
  0 -> 5 [color = blue]
  7 [label = "add"]
  1 -> 7 [color = red]
  2 -> 7 [color = blue]
  10 [label = "matmul"]
  2 -> 10 [color = red]
  5 -> 10 [color = blue]
  12 [label = o0]
  10 -> 12
  13 [label = o1]
  7 -> 13
  14 [label = o2]
  4 -> 14
}

Generation 00250 - Island 1 Best found in this generation: 1.2863942629396155
Error during prediction: not enough values to unpack (expected 4, got 3)
Warning: no valid data for plotting.
Island 1 BEST SO FAR: 1.2863942629396155 DISTANCE FROM KALMAN FILTER : inf 
Island 1 BEST Graph : digraph {
  0 [label = i0]
  1 [label = i1]
  2 [label = i2]
  3 [label = i3]
  4 [label = i4]
  5 [label = "matmul"]
  2 -> 5 [color = red]
  0 -> 5 [color = blue]
  6 [label = "matmul"]
  2 -> 6 [color = red]
  5 -> 6 [color = blue]
  7 [label = "add"]
  1 -> 7 [color = red]
  2 -> 7 [color = blue]
  12 [label = o0]
  6 -> 12
  13 [label = o1]
  7 -> 13
  14 [label = o2]
  4 -> 14
}

Generation 00250 - Island 2 Best found in this generation: 1.2863942629396177
Error during prediction: not enough values to unpack (expected 4, got 3)
Warning: no valid data for plotting.
Island 2 BEST SO FAR: 1.2863942629396155 DISTANCE FROM KALMAN FILTER : inf 
Island 2 BEST Graph : digraph {
  0 [label = i0]
  1 [label = i1]
  2 [label = i2]
  3 [label = i3]
  4 [label = i4]
  5 [label = "matmul"]
  2 -> 5 [color = red]
  0 -> 5 [color = blue]
  6 [label = "matmul"]
  2 -> 6 [color = red]
  5 -> 6 [color = blue]
  7 [label = "add"]
  1 -> 7 [color = red]
  2 -> 7 [color = blue]
  12 [label = o0]
  6 -> 12
  13 [label = o1]
  7 -> 13
  14 [label = o2]
  4 -> 14
}

Generation 00250 - Island 3 Best found in this generation: 1.2863942629396155
Error during prediction: not enough values to unpack (expected 4, got 3)
Warning: no valid data for plotting.
Island 3 BEST SO FAR: 1.2863942629396155 DISTANCE FROM KALMAN FILTER : inf 
Island 3 BEST Graph : digraph {
  0 [label = i0]
  1 [label = i1]
  2 [label = i2]
  3 [label = i3]
  4 [label = i4]
  5 [label = "matmul"]
  2 -> 5 [color = red]
  0 -> 5 [color = blue]
  7 [label = "add"]
  1 -> 7 [color = red]
  2 -> 7 [color = blue]
  10 [label = "matmul"]
  2 -> 10 [color = red]
  5 -> 10 [color = blue]
  12 [label = o0]
  10 -> 12
  13 [label = o1]
  7 -> 13
  14 [label = o2]
  4 -> 14
}


--- Resetting half of the worst islands ---
Best half island indices: [0, 1]
Resetting Island 2 using best from Island 0
Resetting Island 3 using best from Island 1
Generation 00300 - Island 0 Best found in this generation: 1.2863942629396155
Error during prediction: not enough values to unpack (expected 4, got 3)
Warning: no valid data for plotting.
Island 0 BEST SO FAR: 1.2863942629394358 DISTANCE FROM KALMAN FILTER : inf 
Island 0 BEST Graph : digraph {
  0 [label = i0]
  1 [label = i1]
  2 [label = i2]
  3 [label = i3]
  4 [label = i4]
  5 [label = "matmul"]
  2 -> 5 [color = red]
  0 -> 5 [color = blue]
  6 [label = "add"]
  5 -> 6 [color = red]
  2 -> 6 [color = blue]
  7 [label = "add"]
  1 -> 7 [color = red]
  2 -> 7 [color = blue]
  8 [label = "minus"]
  6 -> 8 [color = red]
  5 -> 8 [color = blue]
  10 [label = "matmul"]
  8 -> 10 [color = red]
  5 -> 10 [color = blue]
  12 [label = o0]
  10 -> 12
  13 [label = o1]
  7 -> 13
  14 [label = o2]
  4 -> 14
}

Generation 00300 - Island 1 Best found in this generation: 1.2863942629396155
Error during prediction: not enough values to unpack (expected 4, got 3)
Warning: no valid data for plotting.
Island 1 BEST SO FAR: 1.2863942629396155 DISTANCE FROM KALMAN FILTER : inf 
Island 1 BEST Graph : digraph {
  0 [label = i0]
  1 [label = i1]
  2 [label = i2]
  3 [label = i3]
  4 [label = i4]
  5 [label = "matmul"]
  2 -> 5 [color = red]
  0 -> 5 [color = blue]
  6 [label = "matmul"]
  2 -> 6 [color = red]
  5 -> 6 [color = blue]
  7 [label = "add"]
  1 -> 7 [color = red]
  2 -> 7 [color = blue]
  12 [label = o0]
  6 -> 12
  13 [label = o1]
  7 -> 13
  14 [label = o2]
  4 -> 14
}

Generation 00300 - Island 2 Best found in this generation: 1.2863942629396155
Error during prediction: not enough values to unpack (expected 4, got 3)
Warning: no valid data for plotting.
Island 2 BEST SO FAR: 1.2863942629394358 DISTANCE FROM KALMAN FILTER : inf 
Island 2 BEST Graph : digraph {
  0 [label = i0]
  1 [label = i1]
  2 [label = i2]
  3 [label = i3]
  4 [label = i4]
  5 [label = "matmul"]
  2 -> 5 [color = red]
  0 -> 5 [color = blue]
  6 [label = "add"]
  5 -> 6 [color = red]
  2 -> 6 [color = blue]
  7 [label = "add"]
  1 -> 7 [color = red]
  2 -> 7 [color = blue]
  8 [label = "minus"]
  6 -> 8 [color = red]
  5 -> 8 [color = blue]
  10 [label = "matmul"]
  8 -> 10 [color = red]
  5 -> 10 [color = blue]
  12 [label = o0]
  10 -> 12
  13 [label = o1]
  7 -> 13
  14 [label = o2]
  4 -> 14
}

Generation 00300 - Island 3 Best found in this generation: 1.2863942629394358
Error during prediction: not enough values to unpack (expected 4, got 3)
Warning: no valid data for plotting.
Island 3 BEST SO FAR: 1.2863942629396155 DISTANCE FROM KALMAN FILTER : inf 
Island 3 BEST Graph : digraph {
  0 [label = i0]
  1 [label = i1]
  2 [label = i2]
  3 [label = i3]
  4 [label = i4]
  5 [label = "matmul"]
  2 -> 5 [color = red]
  0 -> 5 [color = blue]
  6 [label = "matmul"]
  2 -> 6 [color = red]
  5 -> 6 [color = blue]
  7 [label = "add"]
  1 -> 7 [color = red]
  2 -> 7 [color = blue]
  12 [label = o0]
  6 -> 12
  13 [label = o1]
  7 -> 13
  14 [label = o2]
  4 -> 14
}


--- Resetting half of the worst islands ---
Best half island indices: [2, 0]
Resetting Island 1 using best from Island 2
Resetting Island 3 using best from Island 0
Generation 00350 - Island 0 Best found in this generation: 1.2863942629394358
Error during prediction: not enough values to unpack (expected 4, got 3)
Warning: no valid data for plotting.
Island 0 BEST SO FAR: 1.2863942629394358 DISTANCE FROM KALMAN FILTER : inf 
Island 0 BEST Graph : digraph {
  0 [label = i0]
  1 [label = i1]
  2 [label = i2]
  3 [label = i3]
  4 [label = i4]
  5 [label = "matmul"]
  2 -> 5 [color = red]
  0 -> 5 [color = blue]
  6 [label = "add"]
  5 -> 6 [color = red]
  2 -> 6 [color = blue]
  7 [label = "add"]
  1 -> 7 [color = red]
  2 -> 7 [color = blue]
  8 [label = "minus"]
  6 -> 8 [color = red]
  5 -> 8 [color = blue]
  10 [label = "matmul"]
  8 -> 10 [color = red]
  5 -> 10 [color = blue]
  12 [label = o0]
  10 -> 12
  13 [label = o1]
  7 -> 13
  14 [label = o2]
  4 -> 14
}

Generation 00350 - Island 1 Best found in this generation: 1.2863942629396155
Error during prediction: not enough values to unpack (expected 4, got 3)
Warning: no valid data for plotting.
Island 1 BEST SO FAR: 1.2863942629393648 DISTANCE FROM KALMAN FILTER : inf 
Island 1 BEST Graph : digraph {
  0 [label = i0]
  1 [label = i1]
  2 [label = i2]
  3 [label = i3]
  4 [label = i4]
  5 [label = "matmul"]
  2 -> 5 [color = red]
  0 -> 5 [color = blue]
  6 [label = "add"]
  5 -> 6 [color = red]
  2 -> 6 [color = blue]
  8 [label = "minus"]
  6 -> 8 [color = red]
  5 -> 8 [color = blue]
  9 [label = "add"]
  1 -> 9 [color = red]
  8 -> 9 [color = blue]
  10 [label = "matmul"]
  8 -> 10 [color = red]
  5 -> 10 [color = blue]
  12 [label = o0]
  10 -> 12
  13 [label = o1]
  9 -> 13
  14 [label = o2]
  4 -> 14
}

Generation 00350 - Island 2 Best found in this generation: 2.0683531103787725
Error during prediction: not enough values to unpack (expected 4, got 3)
Warning: no valid data for plotting.
Island 2 BEST SO FAR: 1.2863942629393648 DISTANCE FROM KALMAN FILTER : inf 
Island 2 BEST Graph : digraph {
  0 [label = i0]
  1 [label = i1]
  2 [label = i2]
  3 [label = i3]
  4 [label = i4]
  5 [label = "matmul"]
  2 -> 5 [color = red]
  0 -> 5 [color = blue]
  6 [label = "add"]
  5 -> 6 [color = red]
  2 -> 6 [color = blue]
  8 [label = "minus"]
  6 -> 8 [color = red]
  5 -> 8 [color = blue]
  9 [label = "add"]
  1 -> 9 [color = red]
  8 -> 9 [color = blue]
  10 [label = "matmul"]
  8 -> 10 [color = red]
  5 -> 10 [color = blue]
  12 [label = o0]
  10 -> 12
  13 [label = o1]
  9 -> 13
  14 [label = o2]
  4 -> 14
}

Generation 00350 - Island 3 Best found in this generation: 1.2863942629394358
Error during prediction: not enough values to unpack (expected 4, got 3)
Warning: no valid data for plotting.
Island 3 BEST SO FAR: 1.2863942629394358 DISTANCE FROM KALMAN FILTER : inf 
Island 3 BEST Graph : digraph {
  0 [label = i0]
  1 [label = i1]
  2 [label = i2]
  3 [label = i3]
  4 [label = i4]
  5 [label = "matmul"]
  2 -> 5 [color = red]
  0 -> 5 [color = blue]
  6 [label = "add"]
  5 -> 6 [color = red]
  2 -> 6 [color = blue]
  7 [label = "add"]
  1 -> 7 [color = red]
  2 -> 7 [color = blue]
  8 [label = "minus"]
  6 -> 8 [color = red]
  5 -> 8 [color = blue]
  10 [label = "matmul"]
  8 -> 10 [color = red]
  5 -> 10 [color = blue]
  12 [label = o0]
  10 -> 12
  13 [label = o1]
  7 -> 13
  14 [label = o2]
  4 -> 14
}


--- Resetting half of the worst islands ---
Best half island indices: [2, 1]
Resetting Island 0 using best from Island 2
Resetting Island 3 using best from Island 1
Generation 00400 - Island 0 Best found in this generation: 1.2863942629393639
Error during prediction: not enough values to unpack (expected 4, got 3)
Warning: no valid data for plotting.
Island 0 BEST SO FAR: 1.2863942629392466 DISTANCE FROM KALMAN FILTER : inf 
Island 0 BEST Graph : digraph {
  0 [label = i0]
  1 [label = i1]
  2 [label = i2]
  3 [label = i3]
  4 [label = i4]
  5 [label = "matmul"]
  2 -> 5 [color = red]
  4 -> 5 [color = blue]
  6 [label = "minus"]
  5 -> 6 [color = red]
  2 -> 6 [color = blue]
  7 [label = "add"]
  1 -> 7 [color = red]
  2 -> 7 [color = blue]
  8 [label = "minus"]
  6 -> 8 [color = red]
  5 -> 8 [color = blue]
  9 [label = "matmul"]
  8 -> 9 [color = red]
  0 -> 9 [color = blue]
  10 [label = "matmul"]
  8 -> 10 [color = red]
  9 -> 10 [color = blue]
  12 [label = o0]
  10 -> 12
  13 [label = o1]
  7 -> 13
  14 [label = o2]
  4 -> 14
}

Generation 00400 - Island 1 Best found in this generation: 1.2863942629396155
Error during prediction: not enough values to unpack (expected 4, got 3)
Warning: no valid data for plotting.
Island 1 BEST SO FAR: 1.2863942629393639 DISTANCE FROM KALMAN FILTER : inf 
Island 1 BEST Graph : digraph {
  0 [label = i0]
  1 [label = i1]
  2 [label = i2]
  3 [label = i3]
  4 [label = i4]
  5 [label = "matmul"]
  2 -> 5 [color = red]
  4 -> 5 [color = blue]
  6 [label = "add"]
  5 -> 6 [color = red]
  2 -> 6 [color = blue]
  7 [label = "matmul"]
  2 -> 7 [color = red]
  0 -> 7 [color = blue]
  8 [label = "minus"]
  6 -> 8 [color = red]
  5 -> 8 [color = blue]
  9 [label = "add"]
  1 -> 9 [color = red]
  8 -> 9 [color = blue]
  10 [label = "matmul"]
  8 -> 10 [color = red]
  7 -> 10 [color = blue]
  12 [label = o0]
  10 -> 12
  13 [label = o1]
  9 -> 13
  14 [label = o2]
  4 -> 14
}

Generation 00400 - Island 2 Best found in this generation: 1.2863942629393648
Error during prediction: not enough values to unpack (expected 4, got 3)
Warning: no valid data for plotting.
Island 2 BEST SO FAR: 1.2863942629392466 DISTANCE FROM KALMAN FILTER : inf 
Island 2 BEST Graph : digraph {
  0 [label = i0]
  1 [label = i1]
  2 [label = i2]
  3 [label = i3]
  4 [label = i4]
  5 [label = "matmul"]
  2 -> 5 [color = red]
  4 -> 5 [color = blue]
  6 [label = "minus"]
  5 -> 6 [color = red]
  2 -> 6 [color = blue]
  7 [label = "add"]
  1 -> 7 [color = red]
  2 -> 7 [color = blue]
  8 [label = "minus"]
  6 -> 8 [color = red]
  5 -> 8 [color = blue]
  9 [label = "matmul"]
  8 -> 9 [color = red]
  0 -> 9 [color = blue]
  10 [label = "matmul"]
  8 -> 10 [color = red]
  9 -> 10 [color = blue]
  12 [label = o0]
  10 -> 12
  13 [label = o1]
  7 -> 13
  14 [label = o2]
  4 -> 14
}

Generation 00400 - Island 3 Best found in this generation: 1.2863942629392482
Error during prediction: not enough values to unpack (expected 4, got 3)
Warning: no valid data for plotting.
Island 3 BEST SO FAR: 1.2863942629393639 DISTANCE FROM KALMAN FILTER : inf 
Island 3 BEST Graph : digraph {
  0 [label = i0]
  1 [label = i1]
  2 [label = i2]
  3 [label = i3]
  4 [label = i4]
  5 [label = "matmul"]
  2 -> 5 [color = red]
  4 -> 5 [color = blue]
  6 [label = "add"]
  5 -> 6 [color = red]
  2 -> 6 [color = blue]
  7 [label = "matmul"]
  2 -> 7 [color = red]
  0 -> 7 [color = blue]
  8 [label = "minus"]
  6 -> 8 [color = red]
  5 -> 8 [color = blue]
  9 [label = "add"]
  1 -> 9 [color = red]
  8 -> 9 [color = blue]
  10 [label = "matmul"]
  8 -> 10 [color = red]
  7 -> 10 [color = blue]
  12 [label = o0]
  10 -> 12
  13 [label = o1]
  9 -> 13
  14 [label = o2]
  4 -> 14
}


--- Resetting half of the worst islands ---
Best half island indices: [0, 2]
Resetting Island 1 using best from Island 0
Resetting Island 3 using best from Island 2
Generation 00450 - Island 0 Best found in this generation: 1.2863942629379637
Error during prediction: not enough values to unpack (expected 4, got 3)
Warning: no valid data for plotting.
Island 0 BEST SO FAR: 1.286394262938039 DISTANCE FROM KALMAN FILTER : inf 
Island 0 BEST Graph : digraph {
  0 [label = i0]
  1 [label = i1]
  2 [label = i2]
  3 [label = i3]
  4 [label = i4]
  5 [label = "add"]
  4 -> 5 [color = red]
  0 -> 5 [color = blue]
  6 [label = "add"]
  5 -> 6 [color = red]
  2 -> 6 [color = blue]
  7 [label = "add"]
  1 -> 7 [color = red]
  2 -> 7 [color = blue]
  8 [label = "minus"]
  6 -> 8 [color = red]
  5 -> 8 [color = blue]
  9 [label = "matmul"]
  8 -> 9 [color = red]
  0 -> 9 [color = blue]
  10 [label = "matmul"]
  8 -> 10 [color = red]
  9 -> 10 [color = blue]
  12 [label = o0]
  10 -> 12
  13 [label = o1]
  7 -> 13
  14 [label = o2]
  4 -> 14
}

Generation 00450 - Island 1 Best found in this generation: 1.2863942629392466
Error during prediction: not enough values to unpack (expected 4, got 3)
Warning: no valid data for plotting.
Island 1 BEST SO FAR: 1.286394262938039 DISTANCE FROM KALMAN FILTER : inf 
Island 1 BEST Graph : digraph {
  0 [label = i0]
  1 [label = i1]
  2 [label = i2]
  3 [label = i3]
  4 [label = i4]
  5 [label = "add"]
  4 -> 5 [color = red]
  0 -> 5 [color = blue]
  6 [label = "add"]
  5 -> 6 [color = red]
  2 -> 6 [color = blue]
  7 [label = "add"]
  1 -> 7 [color = red]
  2 -> 7 [color = blue]
  8 [label = "minus"]
  6 -> 8 [color = red]
  5 -> 8 [color = blue]
  9 [label = "matmul"]
  8 -> 9 [color = red]
  0 -> 9 [color = blue]
  10 [label = "matmul"]
  8 -> 10 [color = red]
  9 -> 10 [color = blue]
  12 [label = o0]
  10 -> 12
  13 [label = o1]
  7 -> 13
  14 [label = o2]
  4 -> 14
}

Generation 00450 - Island 2 Best found in this generation: 1.286394262938039
Error during prediction: not enough values to unpack (expected 4, got 3)
Warning: no valid data for plotting.
Island 2 BEST SO FAR: 1.286394262938039 DISTANCE FROM KALMAN FILTER : inf 
Island 2 BEST Graph : digraph {
  0 [label = i0]
  1 [label = i1]
  2 [label = i2]
  3 [label = i3]
  4 [label = i4]
  5 [label = "add"]
  0 -> 5 [color = red]
  4 -> 5 [color = blue]
  6 [label = "add"]
  5 -> 6 [color = red]
  2 -> 6 [color = blue]
  7 [label = "add"]
  1 -> 7 [color = red]
  2 -> 7 [color = blue]
  8 [label = "minus"]
  6 -> 8 [color = red]
  5 -> 8 [color = blue]
  9 [label = "matmul"]
  8 -> 9 [color = red]
  0 -> 9 [color = blue]
  10 [label = "matmul"]
  8 -> 10 [color = red]
  9 -> 10 [color = blue]
  12 [label = o0]
  10 -> 12
  13 [label = o1]
  7 -> 13
  14 [label = o2]
  4 -> 14
}

Generation 00450 - Island 3 Best found in this generation: 1.2863942629392466
Error during prediction: not enough values to unpack (expected 4, got 3)
Warning: no valid data for plotting.
Island 3 BEST SO FAR: 1.2863942629379637 DISTANCE FROM KALMAN FILTER : inf 
Island 3 BEST Graph : digraph {
  0 [label = i0]
  1 [label = i1]
  2 [label = i2]
  3 [label = i3]
  4 [label = i4]
  5 [label = "add"]
  0 -> 5 [color = red]
  0 -> 5 [color = blue]
  6 [label = "add"]
  5 -> 6 [color = red]
  2 -> 6 [color = blue]
  7 [label = "add"]
  1 -> 7 [color = red]
  2 -> 7 [color = blue]
  8 [label = "minus"]
  6 -> 8 [color = red]
  5 -> 8 [color = blue]
  9 [label = "matmul"]
  8 -> 9 [color = red]
  0 -> 9 [color = blue]
  10 [label = "matmul"]
  8 -> 10 [color = red]
  9 -> 10 [color = blue]
  12 [label = o0]
  10 -> 12
  13 [label = o1]
  7 -> 13
  14 [label = o2]
  4 -> 14
}

