/n/home10/vsaketos/wavegp/table1/CGP/predict_plus_one.py:376: RuntimeWarning: overflow encountered in matmul
  diff.append(diff_current @ diff_current.T)
/n/home10/vsaketos/wavegp/table1/CGP/predict_plus_one.py:376: RuntimeWarning: overflow encountered in matmul
  diff.append(diff_current @ diff_current.T)
/n/home10/vsaketos/wavegp/table1/CGP/predict_plus_one.py:175: RuntimeWarning: overflow encountered in matmul
  return inp[0] @ inp[1]
/n/home10/vsaketos/wavegp/table1/CGP/predict_plus_one.py:175: RuntimeWarning: invalid value encountered in matmul
  return inp[0] @ inp[1]
/n/home10/vsaketos/wavegp/table1/CGP/predict_plus_one.py:376: RuntimeWarning: overflow encountered in matmul
  diff.append(diff_current @ diff_current.T)
/n/home10/vsaketos/wavegp/table1/CGP/predict_plus_one.py:175: RuntimeWarning: overflow encountered in matmul
  return inp[0] @ inp[1]
/n/home10/vsaketos/wavegp/table1/CGP/predict_plus_one.py:362: RuntimeWarning: invalid value encountered in matmul
  xx = xp + (K @ y)
/n/home10/vsaketos/wavegp/table1/CGP/predict_plus_one.py:376: RuntimeWarning: overflow encountered in matmul
  diff.append(diff_current @ diff_current.T)
/n/home10/vsaketos/wavegp/table1/CGP/predict_plus_one.py:362: RuntimeWarning: overflow encountered in matmul
  xx = xp + (K @ y)
/n/home10/vsaketos/wavegp/table1/CGP/predict_plus_one.py:376: RuntimeWarning: overflow encountered in matmul
  diff.append(diff_current @ diff_current.T)
/n/home10/vsaketos/wavegp/table1/CGP/predict_plus_one.py:175: RuntimeWarning: overflow encountered in matmul
  return inp[0] @ inp[1]
/n/home10/vsaketos/wavegp/table1/CGP/predict_plus_one.py:376: RuntimeWarning: overflow encountered in matmul
  diff.append(diff_current @ diff_current.T)
/n/home10/vsaketos/wavegp/table1/CGP/predict_plus_one.py:175: RuntimeWarning: overflow encountered in matmul
  return inp[0] @ inp[1]
/n/home10/vsaketos/wavegp/table1/CGP/predict_plus_one.py:376: RuntimeWarning: overflow encountered in matmul
  diff.append(diff_current @ diff_current.T)
/n/home10/vsaketos/wavegp/table1/CGP/predict_plus_one.py:175: RuntimeWarning: overflow encountered in matmul
  return inp[0] @ inp[1]
/n/home10/vsaketos/wavegp/table1/CGP/predict_plus_one.py:376: RuntimeWarning: overflow encountered in matmul
  diff.append(diff_current @ diff_current.T)
/n/home10/vsaketos/wavegp/table1/CGP/predict_plus_one.py:376: RuntimeWarning: overflow encountered in matmul
  diff.append(diff_current @ diff_current.T)
/n/home10/vsaketos/wavegp/table1/CGP/predict_plus_one.py:376: RuntimeWarning: overflow encountered in matmul
  diff.append(diff_current @ diff_current.T)
/n/home10/vsaketos/wavegp/table1/CGP/predict_plus_one.py:175: RuntimeWarning: overflow encountered in matmul
  return inp[0] @ inp[1]
/n/home10/vsaketos/wavegp/table1/CGP/predict_plus_one.py:362: RuntimeWarning: invalid value encountered in matmul
  xx = xp + (K @ y)
/n/home10/vsaketos/wavegp/table1/CGP/predict_plus_one.py:362: RuntimeWarning: invalid value encountered in matmul
  xx = xp + (K @ y)
/n/home10/vsaketos/wavegp/table1/CGP/predict_plus_one.py:376: RuntimeWarning: overflow encountered in matmul
  diff.append(diff_current @ diff_current.T)
/n/home10/vsaketos/wavegp/table1/CGP/predict_plus_one.py:175: RuntimeWarning: overflow encountered in matmul
  return inp[0] @ inp[1]
/n/home10/vsaketos/wavegp/table1/CGP/predict_plus_one.py:362: RuntimeWarning: invalid value encountered in matmul
  xx = xp + (K @ y)
/n/home10/vsaketos/wavegp/table1/CGP/predict_plus_one.py:376: RuntimeWarning: overflow encountered in matmul
  diff.append(diff_current @ diff_current.T)
/n/home10/vsaketos/wavegp/table1/CGP/predict_plus_one.py:175: RuntimeWarning: overflow encountered in matmul
  return inp[0] @ inp[1]
/n/home10/vsaketos/wavegp/table1/CGP/predict_plus_one.py:362: RuntimeWarning: invalid value encountered in matmul
  xx = xp + (K @ y)
/n/home10/vsaketos/wavegp/table1/CGP/predict_plus_one.py:376: RuntimeWarning: overflow encountered in matmul
  diff.append(diff_current @ diff_current.T)
/n/home10/vsaketos/wavegp/table1/CGP/predict_plus_one.py:175: RuntimeWarning: overflow encountered in matmul
  return inp[0] @ inp[1]
/n/home10/vsaketos/wavegp/table1/CGP/predict_plus_one.py:362: RuntimeWarning: invalid value encountered in matmul
  xx = xp + (K @ y)
/n/home10/vsaketos/wavegp/table1/CGP/predict_plus_one.py:376: RuntimeWarning: overflow encountered in matmul
  diff.append(diff_current @ diff_current.T)
/n/home10/vsaketos/wavegp/table1/CGP/predict_plus_one.py:175: RuntimeWarning: overflow encountered in matmul
  return inp[0] @ inp[1]
/n/home10/vsaketos/wavegp/table1/CGP/predict_plus_one.py:362: RuntimeWarning: invalid value encountered in matmul
  xx = xp + (K @ y)
/n/home10/vsaketos/wavegp/table1/CGP/predict_plus_one.py:376: RuntimeWarning: overflow encountered in matmul
  diff.append(diff_current @ diff_current.T)
/n/home10/vsaketos/wavegp/table1/CGP/predict_plus_one.py:175: RuntimeWarning: overflow encountered in matmul
  return inp[0] @ inp[1]
/n/home10/vsaketos/wavegp/table1/CGP/predict_plus_one.py:362: RuntimeWarning: invalid value encountered in matmul
  xx = xp + (K @ y)
/n/home10/vsaketos/wavegp/table1/CGP/predict_plus_one.py:376: RuntimeWarning: overflow encountered in matmul
  diff.append(diff_current @ diff_current.T)
/n/home10/vsaketos/wavegp/table1/CGP/predict_plus_one.py:175: RuntimeWarning: overflow encountered in matmul
  return inp[0] @ inp[1]
/n/home10/vsaketos/wavegp/table1/CGP/predict_plus_one.py:362: RuntimeWarning: invalid value encountered in matmul
  xx = xp + (K @ y)
/n/home10/vsaketos/wavegp/table1/CGP/predict_plus_one.py:376: RuntimeWarning: overflow encountered in matmul
  diff.append(diff_current @ diff_current.T)
/n/home10/vsaketos/wavegp/table1/CGP/predict_plus_one.py:175: RuntimeWarning: overflow encountered in matmul
  return inp[0] @ inp[1]
/n/home10/vsaketos/wavegp/table1/CGP/predict_plus_one.py:362: RuntimeWarning: invalid value encountered in matmul
  xx = xp + (K @ y)
/n/home10/vsaketos/wavegp/table1/CGP/predict_plus_one.py:376: RuntimeWarning: overflow encountered in matmul
  diff.append(diff_current @ diff_current.T)
/n/home10/vsaketos/wavegp/table1/CGP/predict_plus_one.py:175: RuntimeWarning: overflow encountered in matmul
  return inp[0] @ inp[1]
/n/home10/vsaketos/wavegp/table1/CGP/predict_plus_one.py:362: RuntimeWarning: invalid value encountered in matmul
  xx = xp + (K @ y)
/n/home10/vsaketos/wavegp/table1/CGP/predict_plus_one.py:376: RuntimeWarning: overflow encountered in matmul
  diff.append(diff_current @ diff_current.T)
/n/home10/vsaketos/wavegp/table1/CGP/predict_plus_one.py:175: RuntimeWarning: overflow encountered in matmul
  return inp[0] @ inp[1]
/n/home10/vsaketos/wavegp/table1/CGP/predict_plus_one.py:362: RuntimeWarning: invalid value encountered in matmul
  xx = xp + (K @ y)
/n/home10/vsaketos/wavegp/table1/CGP/predict_plus_one.py:362: RuntimeWarning: invalid value encountered in matmul
  xx = xp + (K @ y)
/n/home10/vsaketos/wavegp/table1/CGP/predict_plus_one.py:376: RuntimeWarning: overflow encountered in matmul
  diff.append(diff_current @ diff_current.T)
/n/home10/vsaketos/wavegp/table1/CGP/predict_plus_one.py:175: RuntimeWarning: overflow encountered in matmul
  return inp[0] @ inp[1]
/n/home10/vsaketos/wavegp/table1/CGP/predict_plus_one.py:362: RuntimeWarning: invalid value encountered in matmul
  xx = xp + (K @ y)
/n/home10/vsaketos/wavegp/table1/CGP/predict_plus_one.py:376: RuntimeWarning: overflow encountered in matmul
  diff.append(diff_current @ diff_current.T)
/n/home10/vsaketos/wavegp/table1/CGP/predict_plus_one.py:175: RuntimeWarning: overflow encountered in matmul
  return inp[0] @ inp[1]
/n/home10/vsaketos/wavegp/table1/CGP/predict_plus_one.py:376: RuntimeWarning: overflow encountered in matmul
  diff.append(diff_current @ diff_current.T)
/n/home10/vsaketos/wavegp/table1/CGP/predict_plus_one.py:175: RuntimeWarning: overflow encountered in matmul
  return inp[0] @ inp[1]
/n/home10/vsaketos/wavegp/table1/CGP/predict_plus_one.py:376: RuntimeWarning: overflow encountered in matmul
  diff.append(diff_current @ diff_current.T)
/n/home10/vsaketos/wavegp/table1/CGP/predict_plus_one.py:175: RuntimeWarning: overflow encountered in matmul
  return inp[0] @ inp[1]
/n/home10/vsaketos/wavegp/table1/CGP/predict_plus_one.py:362: RuntimeWarning: invalid value encountered in matmul
  xx = xp + (K @ y)
/n/home10/vsaketos/wavegp/table1/CGP/predict_plus_one.py:376: RuntimeWarning: overflow encountered in matmul
  diff.append(diff_current @ diff_current.T)
/n/home10/vsaketos/wavegp/table1/CGP/predict_plus_one.py:175: RuntimeWarning: overflow encountered in matmul
  return inp[0] @ inp[1]
/n/home10/vsaketos/wavegp/table1/CGP/predict_plus_one.py:362: RuntimeWarning: invalid value encountered in matmul
  xx = xp + (K @ y)
/n/home10/vsaketos/wavegp/table1/CGP/predict_plus_one.py:376: RuntimeWarning: overflow encountered in matmul
  diff.append(diff_current @ diff_current.T)
/n/home10/vsaketos/wavegp/table1/CGP/predict_plus_one.py:175: RuntimeWarning: overflow encountered in matmul
  return inp[0] @ inp[1]
/n/home10/vsaketos/wavegp/table1/CGP/predict_plus_one.py:362: RuntimeWarning: invalid value encountered in matmul
  xx = xp + (K @ y)
/n/home10/vsaketos/wavegp/table1/CGP/predict_plus_one.py:362: RuntimeWarning: invalid value encountered in matmul
  xx = xp + (K @ y)
/n/home10/vsaketos/wavegp/table1/CGP/predict_plus_one.py:362: RuntimeWarning: invalid value encountered in matmul
  xx = xp + (K @ y)
/n/home10/vsaketos/wavegp/table1/CGP/predict_plus_one.py:376: RuntimeWarning: overflow encountered in matmul
  diff.append(diff_current @ diff_current.T)
/n/home10/vsaketos/wavegp/table1/CGP/predict_plus_one.py:175: RuntimeWarning: overflow encountered in matmul
  return inp[0] @ inp[1]
/n/home10/vsaketos/wavegp/table1/CGP/predict_plus_one.py:362: RuntimeWarning: invalid value encountered in matmul
  xx = xp + (K @ y)
/n/home10/vsaketos/wavegp/table1/CGP/predict_plus_one.py:376: RuntimeWarning: overflow encountered in matmul
  diff.append(diff_current @ diff_current.T)
/n/home10/vsaketos/wavegp/table1/CGP/predict_plus_one.py:376: RuntimeWarning: overflow encountered in matmul
  diff.append(diff_current @ diff_current.T)
/n/home10/vsaketos/wavegp/table1/CGP/predict_plus_one.py:175: RuntimeWarning: overflow encountered in matmul
  return inp[0] @ inp[1]
/n/home10/vsaketos/wavegp/table1/CGP/predict_plus_one.py:362: RuntimeWarning: invalid value encountered in matmul
  xx = xp + (K @ y)
/n/home10/vsaketos/wavegp/table1/CGP/predict_plus_one.py:376: RuntimeWarning: overflow encountered in matmul
  diff.append(diff_current @ diff_current.T)
/n/home10/vsaketos/wavegp/table1/CGP/predict_plus_one.py:175: RuntimeWarning: overflow encountered in matmul
  return inp[0] @ inp[1]
/n/home10/vsaketos/wavegp/table1/CGP/predict_plus_one.py:362: RuntimeWarning: invalid value encountered in matmul
  xx = xp + (K @ y)
/n/home10/vsaketos/wavegp/table1/CGP/predict_plus_one.py:376: RuntimeWarning: overflow encountered in matmul
  diff.append(diff_current @ diff_current.T)
/n/home10/vsaketos/wavegp/table1/CGP/predict_plus_one.py:175: RuntimeWarning: overflow encountered in matmul
  return inp[0] @ inp[1]
/n/home10/vsaketos/wavegp/table1/CGP/predict_plus_one.py:362: RuntimeWarning: invalid value encountered in matmul
  xx = xp + (K @ y)
/n/home10/vsaketos/wavegp/table1/CGP/predict_plus_one.py:175: RuntimeWarning: overflow encountered in matmul
  return inp[0] @ inp[1]
/n/home10/vsaketos/wavegp/table1/CGP/predict_plus_one.py:362: RuntimeWarning: invalid value encountered in matmul
  xx = xp + (K @ y)
/n/home10/vsaketos/wavegp/table1/CGP/predict_plus_one.py:376: RuntimeWarning: overflow encountered in matmul
  diff.append(diff_current @ diff_current.T)
/n/home10/vsaketos/wavegp/table1/CGP/predict_plus_one.py:175: RuntimeWarning: overflow encountered in matmul
  return inp[0] @ inp[1]
/n/home10/vsaketos/wavegp/table1/CGP/predict_plus_one.py:362: RuntimeWarning: invalid value encountered in matmul
  xx = xp + (K @ y)
/n/home10/vsaketos/wavegp/table1/CGP/predict_plus_one.py:376: RuntimeWarning: overflow encountered in matmul
  diff.append(diff_current @ diff_current.T)
/n/home10/vsaketos/wavegp/table1/CGP/predict_plus_one.py:175: RuntimeWarning: overflow encountered in matmul
  return inp[0] @ inp[1]
/n/home10/vsaketos/wavegp/table1/CGP/predict_plus_one.py:362: RuntimeWarning: invalid value encountered in matmul
  xx = xp + (K @ y)
/n/home10/vsaketos/wavegp/table1/CGP/predict_plus_one.py:376: RuntimeWarning: overflow encountered in matmul
  diff.append(diff_current @ diff_current.T)
/n/home10/vsaketos/wavegp/table1/CGP/predict_plus_one.py:175: RuntimeWarning: overflow encountered in matmul
  return inp[0] @ inp[1]
/n/home10/vsaketos/wavegp/table1/CGP/predict_plus_one.py:362: RuntimeWarning: invalid value encountered in matmul
  xx = xp + (K @ y)
/n/home10/vsaketos/wavegp/table1/CGP/predict_plus_one.py:376: RuntimeWarning: overflow encountered in matmul
  diff.append(diff_current @ diff_current.T)
/n/home10/vsaketos/wavegp/table1/CGP/predict_plus_one.py:175: RuntimeWarning: overflow encountered in matmul
  return inp[0] @ inp[1]
/n/home10/vsaketos/wavegp/table1/CGP/predict_plus_one.py:362: RuntimeWarning: invalid value encountered in matmul
  xx = xp + (K @ y)
/n/home10/vsaketos/wavegp/table1/CGP/predict_plus_one.py:175: RuntimeWarning: overflow encountered in matmul
  return inp[0] @ inp[1]
/n/home10/vsaketos/wavegp/table1/CGP/predict_plus_one.py:362: RuntimeWarning: invalid value encountered in matmul
  xx = xp + (K @ y)
/n/home10/vsaketos/wavegp/table1/CGP/predict_plus_one.py:362: RuntimeWarning: invalid value encountered in matmul
  xx = xp + (K @ y)
/n/home10/vsaketos/wavegp/table1/CGP/predict_plus_one.py:376: RuntimeWarning: overflow encountered in matmul
  diff.append(diff_current @ diff_current.T)
/n/home10/vsaketos/wavegp/table1/CGP/predict_plus_one.py:175: RuntimeWarning: overflow encountered in matmul
  return inp[0] @ inp[1]
/n/home10/vsaketos/wavegp/table1/CGP/predict_plus_one.py:362: RuntimeWarning: invalid value encountered in matmul
  xx = xp + (K @ y)
/n/home10/vsaketos/wavegp/table1/CGP/predict_plus_one.py:175: RuntimeWarning: overflow encountered in matmul
  return inp[0] @ inp[1]
/n/home10/vsaketos/wavegp/table1/CGP/predict_plus_one.py:376: RuntimeWarning: overflow encountered in matmul
  diff.append(diff_current @ diff_current.T)
/n/home10/vsaketos/wavegp/table1/CGP/predict_plus_one.py:175: RuntimeWarning: overflow encountered in matmul
  return inp[0] @ inp[1]
/n/home10/vsaketos/wavegp/table1/CGP/predict_plus_one.py:362: RuntimeWarning: invalid value encountered in matmul
  xx = xp + (K @ y)
/n/home10/vsaketos/wavegp/table1/CGP/predict_plus_one.py:376: RuntimeWarning: overflow encountered in matmul
  diff.append(diff_current @ diff_current.T)
/n/home10/vsaketos/wavegp/table1/CGP/predict_plus_one.py:175: RuntimeWarning: overflow encountered in matmul
  return inp[0] @ inp[1]
/n/home10/vsaketos/wavegp/table1/CGP/predict_plus_one.py:362: RuntimeWarning: invalid value encountered in matmul
  xx = xp + (K @ y)
/n/home10/vsaketos/wavegp/table1/CGP/predict_plus_one.py:376: RuntimeWarning: overflow encountered in matmul
  diff.append(diff_current @ diff_current.T)
/n/home10/vsaketos/wavegp/table1/CGP/predict_plus_one.py:175: RuntimeWarning: overflow encountered in matmul
  return inp[0] @ inp[1]
/n/home10/vsaketos/wavegp/table1/CGP/predict_plus_one.py:362: RuntimeWarning: invalid value encountered in matmul
  xx = xp + (K @ y)
/n/home10/vsaketos/.conda/envs/env2/lib/python3.9/site-packages/numpy/_core/_methods.py:127: RuntimeWarning: overflow encountered in reduce
  ret = umr_sum(arr, axis, dtype, out, keepdims, where=where)
/n/home10/vsaketos/wavegp/table1/CGP/predict_plus_one.py:376: RuntimeWarning: overflow encountered in matmul
  diff.append(diff_current @ diff_current.T)
/n/home10/vsaketos/wavegp/table1/CGP/predict_plus_one.py:175: RuntimeWarning: overflow encountered in matmul
  return inp[0] @ inp[1]
/n/home10/vsaketos/wavegp/table1/CGP/predict_plus_one.py:362: RuntimeWarning: invalid value encountered in matmul
  xx = xp + (K @ y)
/n/home10/vsaketos/wavegp/table1/CGP/predict_plus_one.py:376: RuntimeWarning: overflow encountered in matmul
  diff.append(diff_current @ diff_current.T)
/n/home10/vsaketos/wavegp/table1/CGP/predict_plus_one.py:175: RuntimeWarning: overflow encountered in matmul
  return inp[0] @ inp[1]
/n/home10/vsaketos/wavegp/table1/CGP/predict_plus_one.py:362: RuntimeWarning: invalid value encountered in matmul
  xx = xp + (K @ y)
/n/home10/vsaketos/.conda/envs/env2/lib/python3.9/site-packages/numpy/_core/_methods.py:127: RuntimeWarning: invalid value encountered in reduce
  ret = umr_sum(arr, axis, dtype, out, keepdims, where=where)
/n/home10/vsaketos/wavegp/table1/CGP/predict_plus_one.py:376: RuntimeWarning: overflow encountered in matmul
  diff.append(diff_current @ diff_current.T)
/n/home10/vsaketos/wavegp/table1/CGP/predict_plus_one.py:175: RuntimeWarning: overflow encountered in matmul
  return inp[0] @ inp[1]
/n/home10/vsaketos/.conda/envs/env2/lib/python3.9/site-packages/numpy/_core/_methods.py:127: RuntimeWarning: overflow encountered in reduce
  ret = umr_sum(arr, axis, dtype, out, keepdims, where=where)
/n/home10/vsaketos/wavegp/table1/CGP/predict_plus_one.py:175: RuntimeWarning: overflow encountered in matmul
  return inp[0] @ inp[1]
/n/home10/vsaketos/wavegp/table1/CGP/predict_plus_one.py:362: RuntimeWarning: invalid value encountered in matmul
  xx = xp + (K @ y)
/n/home10/vsaketos/wavegp/table1/CGP/predict_plus_one.py:175: RuntimeWarning: invalid value encountered in matmul
  return inp[0] @ inp[1]
/n/home10/vsaketos/wavegp/table1/CGP/predict_plus_one.py:362: RuntimeWarning: invalid value encountered in matmul
  xx = xp + (K @ y)
/n/home10/vsaketos/wavegp/table1/CGP/predict_plus_one.py:376: RuntimeWarning: overflow encountered in matmul
  diff.append(diff_current @ diff_current.T)
/n/home10/vsaketos/wavegp/table1/CGP/predict_plus_one.py:175: RuntimeWarning: overflow encountered in matmul
  return inp[0] @ inp[1]
/n/home10/vsaketos/wavegp/table1/CGP/predict_plus_one.py:362: RuntimeWarning: invalid value encountered in matmul
  xx = xp + (K @ y)
/n/home10/vsaketos/wavegp/table1/CGP/predict_plus_one.py:362: RuntimeWarning: overflow encountered in matmul
  xx = xp + (K @ y)
/n/home10/vsaketos/wavegp/table1/CGP/predict_plus_one.py:376: RuntimeWarning: overflow encountered in matmul
  diff.append(diff_current @ diff_current.T)
/n/home10/vsaketos/wavegp/table1/CGP/predict_plus_one.py:175: RuntimeWarning: overflow encountered in matmul
  return inp[0] @ inp[1]
/n/home10/vsaketos/wavegp/table1/CGP/predict_plus_one.py:362: RuntimeWarning: invalid value encountered in matmul
  xx = xp + (K @ y)
/n/home10/vsaketos/wavegp/table1/CGP/predict_plus_one.py:376: RuntimeWarning: overflow encountered in matmul
  diff.append(diff_current @ diff_current.T)
/n/home10/vsaketos/wavegp/table1/CGP/predict_plus_one.py:175: RuntimeWarning: overflow encountered in matmul
  return inp[0] @ inp[1]
/n/home10/vsaketos/wavegp/table1/CGP/predict_plus_one.py:362: RuntimeWarning: invalid value encountered in matmul
  xx = xp + (K @ y)
/n/home10/vsaketos/wavegp/table1/CGP/predict_plus_one.py:376: RuntimeWarning: overflow encountered in matmul
  diff.append(diff_current @ diff_current.T)
/n/home10/vsaketos/wavegp/table1/CGP/predict_plus_one.py:175: RuntimeWarning: overflow encountered in matmul
  return inp[0] @ inp[1]
/n/home10/vsaketos/wavegp/table1/CGP/predict_plus_one.py:362: RuntimeWarning: invalid value encountered in matmul
  xx = xp + (K @ y)
/n/home10/vsaketos/wavegp/table1/CGP/predict_plus_one.py:376: RuntimeWarning: overflow encountered in matmul
  diff.append(diff_current @ diff_current.T)
/n/home10/vsaketos/wavegp/table1/CGP/predict_plus_one.py:175: RuntimeWarning: overflow encountered in matmul
  return inp[0] @ inp[1]
/n/home10/vsaketos/wavegp/table1/CGP/predict_plus_one.py:362: RuntimeWarning: invalid value encountered in matmul
  xx = xp + (K @ y)
/n/home10/vsaketos/wavegp/table1/CGP/predict_plus_one.py:362: RuntimeWarning: invalid value encountered in matmul
  xx = xp + (K @ y)
/n/home10/vsaketos/.conda/envs/env2/lib/python3.9/site-packages/numpy/_core/_methods.py:127: RuntimeWarning: invalid value encountered in reduce
  ret = umr_sum(arr, axis, dtype, out, keepdims, where=where)
/n/home10/vsaketos/wavegp/table1/CGP/predict_plus_one.py:376: RuntimeWarning: overflow encountered in matmul
  diff.append(diff_current @ diff_current.T)
/n/home10/vsaketos/wavegp/table1/CGP/predict_plus_one.py:175: RuntimeWarning: overflow encountered in matmul
  return inp[0] @ inp[1]
/n/home10/vsaketos/wavegp/table1/CGP/predict_plus_one.py:362: RuntimeWarning: invalid value encountered in matmul
  xx = xp + (K @ y)
/n/home10/vsaketos/.conda/envs/env2/lib/python3.9/site-packages/numpy/_core/_methods.py:127: RuntimeWarning: invalid value encountered in reduce
  ret = umr_sum(arr, axis, dtype, out, keepdims, where=where)
/n/home10/vsaketos/wavegp/table1/CGP/predict_plus_one.py:362: RuntimeWarning: overflow encountered in matmul
  xx = xp + (K @ y)
/n/home10/vsaketos/.conda/envs/env2/lib/python3.9/site-packages/numpy/_core/_methods.py:127: RuntimeWarning: invalid value encountered in reduce
  ret = umr_sum(arr, axis, dtype, out, keepdims, where=where)
/n/home10/vsaketos/wavegp/table1/CGP/predict_plus_one.py:362: RuntimeWarning: invalid value encountered in matmul
  xx = xp + (K @ y)
/n/home10/vsaketos/wavegp/table1/CGP/predict_plus_one.py:175: RuntimeWarning: invalid value encountered in matmul
  return inp[0] @ inp[1]
/n/home10/vsaketos/wavegp/table1/CGP/predict_plus_one.py:376: RuntimeWarning: overflow encountered in matmul
  diff.append(diff_current @ diff_current.T)
/n/home10/vsaketos/wavegp/table1/CGP/predict_plus_one.py:175: RuntimeWarning: overflow encountered in matmul
  return inp[0] @ inp[1]
/n/home10/vsaketos/.conda/envs/env2/lib/python3.9/site-packages/numpy/_core/_methods.py:127: RuntimeWarning: invalid value encountered in reduce
  ret = umr_sum(arr, axis, dtype, out, keepdims, where=where)
/n/home10/vsaketos/.conda/envs/env2/lib/python3.9/site-packages/numpy/_core/_methods.py:127: RuntimeWarning: invalid value encountered in reduce
  ret = umr_sum(arr, axis, dtype, out, keepdims, where=where)
/n/home10/vsaketos/.conda/envs/env2/lib/python3.9/site-packages/numpy/_core/_methods.py:127: RuntimeWarning: invalid value encountered in reduce
  ret = umr_sum(arr, axis, dtype, out, keepdims, where=where)
/n/home10/vsaketos/wavegp/table1/CGP/predict_plus_one.py:175: RuntimeWarning: overflow encountered in matmul
  return inp[0] @ inp[1]
/n/home10/vsaketos/wavegp/table1/CGP/predict_plus_one.py:362: RuntimeWarning: invalid value encountered in matmul
  xx = xp + (K @ y)
/n/home10/vsaketos/wavegp/table1/CGP/predict_plus_one.py:362: RuntimeWarning: overflow encountered in matmul
  xx = xp + (K @ y)
/n/home10/vsaketos/wavegp/table1/CGP/predict_plus_one.py:175: RuntimeWarning: invalid value encountered in matmul
  return inp[0] @ inp[1]
/n/home10/vsaketos/wavegp/table1/CGP/predict_plus_one.py:362: RuntimeWarning: invalid value encountered in matmul
  xx = xp + (K @ y)
/n/home10/vsaketos/.conda/envs/env2/lib/python3.9/site-packages/numpy/_core/_methods.py:127: RuntimeWarning: invalid value encountered in reduce
  ret = umr_sum(arr, axis, dtype, out, keepdims, where=where)
/n/home10/vsaketos/wavegp/table1/CGP/predict_plus_one.py:175: RuntimeWarning: invalid value encountered in matmul
  return inp[0] @ inp[1]
/n/home10/vsaketos/.conda/envs/env2/lib/python3.9/site-packages/numpy/_core/_methods.py:127: RuntimeWarning: overflow encountered in reduce
  ret = umr_sum(arr, axis, dtype, out, keepdims, where=where)
/n/home10/vsaketos/.conda/envs/env2/lib/python3.9/site-packages/numpy/_core/_methods.py:127: RuntimeWarning: invalid value encountered in reduce
  ret = umr_sum(arr, axis, dtype, out, keepdims, where=where)
/n/home10/vsaketos/wavegp/table1/CGP/predict_plus_one.py:175: RuntimeWarning: invalid value encountered in matmul
  return inp[0] @ inp[1]
/n/home10/vsaketos/wavegp/table1/CGP/predict_plus_one.py:362: RuntimeWarning: overflow encountered in matmul
  xx = xp + (K @ y)
/n/home10/vsaketos/wavegp/table1/CGP/predict_plus_one.py:175: RuntimeWarning: invalid value encountered in matmul
  return inp[0] @ inp[1]
/n/home10/vsaketos/.conda/envs/env2/lib/python3.9/site-packages/numpy/_core/_methods.py:127: RuntimeWarning: invalid value encountered in reduce
  ret = umr_sum(arr, axis, dtype, out, keepdims, where=where)
/n/home10/vsaketos/wavegp/table1/CGP/predict_plus_one.py:175: RuntimeWarning: invalid value encountered in matmul
  return inp[0] @ inp[1]
/n/home10/vsaketos/wavegp/table1/CGP/predict_plus_one.py:175: RuntimeWarning: invalid value encountered in matmul
  return inp[0] @ inp[1]
/n/home10/vsaketos/.conda/envs/env2/lib/python3.9/site-packages/numpy/_core/_methods.py:127: RuntimeWarning: invalid value encountered in reduce
  ret = umr_sum(arr, axis, dtype, out, keepdims, where=where)
/n/home10/vsaketos/wavegp/table1/CGP/predict_plus_one.py:175: RuntimeWarning: invalid value encountered in matmul
  return inp[0] @ inp[1]
/n/home10/vsaketos/.conda/envs/env2/lib/python3.9/site-packages/numpy/_core/_methods.py:127: RuntimeWarning: overflow encountered in reduce
  ret = umr_sum(arr, axis, dtype, out, keepdims, where=where)
/n/home10/vsaketos/.conda/envs/env2/lib/python3.9/site-packages/numpy/_core/_methods.py:127: RuntimeWarning: invalid value encountered in reduce
  ret = umr_sum(arr, axis, dtype, out, keepdims, where=where)
/n/home10/vsaketos/.conda/envs/env2/lib/python3.9/site-packages/numpy/_core/_methods.py:127: RuntimeWarning: invalid value encountered in reduce
  ret = umr_sum(arr, axis, dtype, out, keepdims, where=where)
/n/home10/vsaketos/wavegp/table1/CGP/predict_plus_one.py:175: RuntimeWarning: invalid value encountered in matmul
  return inp[0] @ inp[1]
/n/home10/vsaketos/wavegp/table1/CGP/predict_plus_one.py:362: RuntimeWarning: overflow encountered in matmul
  xx = xp + (K @ y)
/n/home10/vsaketos/wavegp/table1/CGP/predict_plus_one.py:362: RuntimeWarning: overflow encountered in matmul
  xx = xp + (K @ y)
/n/home10/vsaketos/wavegp/table1/CGP/predict_plus_one.py:362: RuntimeWarning: overflow encountered in matmul
  xx = xp + (K @ y)
/n/home10/vsaketos/wavegp/table1/CGP/predict_plus_one.py:362: RuntimeWarning: overflow encountered in matmul
  xx = xp + (K @ y)
/n/home10/vsaketos/wavegp/table1/CGP/predict_plus_one.py:362: RuntimeWarning: overflow encountered in matmul
  xx = xp + (K @ y)
/n/home10/vsaketos/wavegp/table1/CGP/predict_plus_one.py:362: RuntimeWarning: overflow encountered in matmul
  xx = xp + (K @ y)
/n/home10/vsaketos/wavegp/table1/CGP/predict_plus_one.py:362: RuntimeWarning: overflow encountered in matmul
  xx = xp + (K @ y)
/n/home10/vsaketos/wavegp/table1/CGP/predict_plus_one.py:362: RuntimeWarning: overflow encountered in matmul
  xx = xp + (K @ y)
/n/home10/vsaketos/wavegp/table1/CGP/predict_plus_one.py:362: RuntimeWarning: overflow encountered in matmul
  xx = xp + (K @ y)
/n/home10/vsaketos/wavegp/table1/CGP/predict_plus_one.py:362: RuntimeWarning: overflow encountered in matmul
  xx = xp + (K @ y)
/n/home10/vsaketos/wavegp/table1/CGP/predict_plus_one.py:362: RuntimeWarning: overflow encountered in matmul
  xx = xp + (K @ y)
/n/home10/vsaketos/wavegp/table1/CGP/predict_plus_one.py:362: RuntimeWarning: overflow encountered in matmul
  xx = xp + (K @ y)
/n/home10/vsaketos/wavegp/table1/CGP/predict_plus_one.py:362: RuntimeWarning: overflow encountered in matmul
  xx = xp + (K @ y)
/n/home10/vsaketos/wavegp/table1/CGP/predict_plus_one.py:175: RuntimeWarning: invalid value encountered in matmul
  return inp[0] @ inp[1]
/n/home10/vsaketos/.conda/envs/env2/lib/python3.9/site-packages/numpy/_core/_methods.py:127: RuntimeWarning: invalid value encountered in reduce
  ret = umr_sum(arr, axis, dtype, out, keepdims, where=where)
/n/home10/vsaketos/.conda/envs/env2/lib/python3.9/site-packages/numpy/_core/_methods.py:127: RuntimeWarning: invalid value encountered in reduce
  ret = umr_sum(arr, axis, dtype, out, keepdims, where=where)
/n/home10/vsaketos/.conda/envs/env2/lib/python3.9/site-packages/numpy/_core/_methods.py:127: RuntimeWarning: overflow encountered in reduce
  ret = umr_sum(arr, axis, dtype, out, keepdims, where=where)
/n/home10/vsaketos/wavegp/table1/CGP/predict_plus_one.py:362: RuntimeWarning: overflow encountered in matmul
  xx = xp + (K @ y)
/n/home10/vsaketos/.conda/envs/env2/lib/python3.9/site-packages/numpy/_core/_methods.py:127: RuntimeWarning: invalid value encountered in reduce
  ret = umr_sum(arr, axis, dtype, out, keepdims, where=where)
/n/home10/vsaketos/.conda/envs/env2/lib/python3.9/site-packages/numpy/_core/_methods.py:127: RuntimeWarning: overflow encountered in reduce
  ret = umr_sum(arr, axis, dtype, out, keepdims, where=where)
/n/home10/vsaketos/wavegp/table1/CGP/predict_plus_one.py:362: RuntimeWarning: overflow encountered in matmul
  xx = xp + (K @ y)
/n/home10/vsaketos/wavegp/table1/CGP/predict_plus_one.py:362: RuntimeWarning: overflow encountered in matmul
  xx = xp + (K @ y)
/n/home10/vsaketos/wavegp/table1/CGP/predict_plus_one.py:362: RuntimeWarning: overflow encountered in matmul
  xx = xp + (K @ y)
/n/home10/vsaketos/wavegp/table1/CGP/predict_plus_one.py:362: RuntimeWarning: overflow encountered in matmul
  xx = xp + (K @ y)
/n/home10/vsaketos/.conda/envs/env2/lib/python3.9/site-packages/numpy/_core/_methods.py:127: RuntimeWarning: invalid value encountered in reduce
  ret = umr_sum(arr, axis, dtype, out, keepdims, where=where)
/n/home10/vsaketos/wavegp/table1/CGP/predict_plus_one.py:362: RuntimeWarning: overflow encountered in matmul
  xx = xp + (K @ y)
/n/home10/vsaketos/.conda/envs/env2/lib/python3.9/site-packages/numpy/_core/_methods.py:127: RuntimeWarning: invalid value encountered in reduce
  ret = umr_sum(arr, axis, dtype, out, keepdims, where=where)
/n/home10/vsaketos/.conda/envs/env2/lib/python3.9/site-packages/numpy/_core/_methods.py:127: RuntimeWarning: overflow encountered in reduce
  ret = umr_sum(arr, axis, dtype, out, keepdims, where=where)
/n/home10/vsaketos/wavegp/table1/CGP/predict_plus_one.py:362: RuntimeWarning: overflow encountered in matmul
  xx = xp + (K @ y)
/n/home10/vsaketos/wavegp/table1/CGP/predict_plus_one.py:362: RuntimeWarning: overflow encountered in matmul
  xx = xp + (K @ y)
/n/home10/vsaketos/wavegp/table1/CGP/predict_plus_one.py:362: RuntimeWarning: overflow encountered in matmul
  xx = xp + (K @ y)
/n/home10/vsaketos/wavegp/table1/CGP/predict_plus_one.py:362: RuntimeWarning: overflow encountered in matmul
  xx = xp + (K @ y)
/n/home10/vsaketos/wavegp/table1/CGP/predict_plus_one.py:362: RuntimeWarning: overflow encountered in matmul
  xx = xp + (K @ y)
/n/home10/vsaketos/wavegp/table1/CGP/predict_plus_one.py:362: RuntimeWarning: overflow encountered in matmul
  xx = xp + (K @ y)
/n/home10/vsaketos/wavegp/table1/CGP/predict_plus_one.py:362: RuntimeWarning: overflow encountered in matmul
  xx = xp + (K @ y)
/n/home10/vsaketos/wavegp/table1/CGP/predict_plus_one.py:362: RuntimeWarning: overflow encountered in matmul
  xx = xp + (K @ y)
/n/home10/vsaketos/wavegp/table1/CGP/predict_plus_one.py:362: RuntimeWarning: overflow encountered in matmul
  xx = xp + (K @ y)
/n/home10/vsaketos/.conda/envs/env2/lib/python3.9/site-packages/numpy/_core/_methods.py:127: RuntimeWarning: overflow encountered in reduce
  ret = umr_sum(arr, axis, dtype, out, keepdims, where=where)
/n/home10/vsaketos/wavegp/table1/CGP/predict_plus_one.py:362: RuntimeWarning: overflow encountered in matmul
  xx = xp + (K @ y)
/n/home10/vsaketos/wavegp/table1/CGP/predict_plus_one.py:362: RuntimeWarning: overflow encountered in matmul
  xx = xp + (K @ y)
/n/home10/vsaketos/.conda/envs/env2/lib/python3.9/site-packages/numpy/_core/_methods.py:127: RuntimeWarning: invalid value encountered in reduce
  ret = umr_sum(arr, axis, dtype, out, keepdims, where=where)
/n/home10/vsaketos/wavegp/table1/CGP/predict_plus_one.py:362: RuntimeWarning: overflow encountered in matmul
  xx = xp + (K @ y)
/n/home10/vsaketos/wavegp/table1/CGP/predict_plus_one.py:362: RuntimeWarning: overflow encountered in matmul
  xx = xp + (K @ y)
/n/home10/vsaketos/wavegp/table1/CGP/predict_plus_one.py:362: RuntimeWarning: overflow encountered in matmul
  xx = xp + (K @ y)
/n/home10/vsaketos/wavegp/table1/CGP/predict_plus_one.py:362: RuntimeWarning: overflow encountered in matmul
  xx = xp + (K @ y)
/n/home10/vsaketos/wavegp/table1/CGP/predict_plus_one.py:362: RuntimeWarning: overflow encountered in matmul
  xx = xp + (K @ y)
/n/home10/vsaketos/.conda/envs/env2/lib/python3.9/site-packages/numpy/_core/_methods.py:127: RuntimeWarning: overflow encountered in reduce
  ret = umr_sum(arr, axis, dtype, out, keepdims, where=where)
/n/home10/vsaketos/.conda/envs/env2/lib/python3.9/site-packages/numpy/_core/_methods.py:127: RuntimeWarning: overflow encountered in reduce
  ret = umr_sum(arr, axis, dtype, out, keepdims, where=where)
/n/home10/vsaketos/wavegp/table1/CGP/predict_plus_one.py:362: RuntimeWarning: overflow encountered in matmul
  xx = xp + (K @ y)
/n/home10/vsaketos/wavegp/table1/CGP/predict_plus_one.py:362: RuntimeWarning: overflow encountered in matmul
  xx = xp + (K @ y)
/n/home10/vsaketos/wavegp/table1/CGP/predict_plus_one.py:362: RuntimeWarning: overflow encountered in matmul
  xx = xp + (K @ y)
/n/home10/vsaketos/wavegp/table1/CGP/predict_plus_one.py:362: RuntimeWarning: overflow encountered in matmul
  xx = xp + (K @ y)
/n/home10/vsaketos/wavegp/table1/CGP/predict_plus_one.py:362: RuntimeWarning: overflow encountered in matmul
  xx = xp + (K @ y)
/n/home10/vsaketos/wavegp/table1/CGP/predict_plus_one.py:362: RuntimeWarning: overflow encountered in matmul
  xx = xp + (K @ y)
/n/home10/vsaketos/.conda/envs/env2/lib/python3.9/site-packages/numpy/_core/_methods.py:127: RuntimeWarning: overflow encountered in reduce
  ret = umr_sum(arr, axis, dtype, out, keepdims, where=where)
/n/home10/vsaketos/.conda/envs/env2/lib/python3.9/site-packages/numpy/_core/_methods.py:127: RuntimeWarning: invalid value encountered in reduce
  ret = umr_sum(arr, axis, dtype, out, keepdims, where=where)
/n/home10/vsaketos/wavegp/table1/CGP/predict_plus_one.py:175: RuntimeWarning: invalid value encountered in matmul
  return inp[0] @ inp[1]
/n/home10/vsaketos/wavegp/table1/CGP/predict_plus_one.py:175: RuntimeWarning: invalid value encountered in matmul
  return inp[0] @ inp[1]
slurmstepd: error: *** JOB 25016894 ON holy7c02610 CANCELLED AT 2025-07-17T13:15:35 ***
