Sanity check loss: 1.1180493160255696
Generation 00000 - Island 0 Best found in this generation: 2.0729552781897684
Error during prediction: not enough values to unpack (expected 4, got 3)
Warning: no valid data for plotting.
Island 0 BEST SO FAR: 2.072200792058324 DISTANCE FROM KALMAN FILTER : inf 
Island 0 BEST Graph : digraph {
  0 [label = i0]
  1 [label = i1]
  2 [label = i2]
  3 [label = i3]
  4 [label = i4]
  9 [label = "matmul"]
  2 -> 9 [color = red]
  2 -> 9 [color = blue]
  11 [label = "transpose"]
  9 -> 11
  12 [label = o0]
  4 -> 12
  13 [label = o1]
  2 -> 13
  14 [label = o2]
  11 -> 14
}

Generation 00000 - Island 1 Best found in this generation: 2.0605913048566005
Error during prediction: not enough values to unpack (expected 4, got 3)
Warning: no valid data for plotting.
Island 1 BEST SO FAR: 2.0693430330577183 DISTANCE FROM KALMAN FILTER : inf 
Island 1 BEST Graph : digraph {
  0 [label = i0]
  1 [label = i1]
  2 [label = i2]
  3 [label = i3]
  4 [label = i4]
  5 [label = "transpose"]
  2 -> 5
  11 [label = "matmul"]
  0 -> 11 [color = red]
  5 -> 11 [color = blue]
  12 [label = o0]
  4 -> 12
  13 [label = o1]
  2 -> 13
  14 [label = o2]
  11 -> 14
}

Generation 00000 - Island 2 Best found in this generation: 2.07186192797794
Error during prediction: not enough values to unpack (expected 4, got 3)
Warning: no valid data for plotting.
Island 2 BEST SO FAR: 2.0704058169334267 DISTANCE FROM KALMAN FILTER : inf 
Island 2 BEST Graph : digraph {
  0 [label = i0]
  1 [label = i1]
  2 [label = i2]
  3 [label = i3]
  4 [label = i4]
  6 [label = "minus"]
  2 -> 6 [color = red]
  1 -> 6 [color = blue]
  7 [label = "transpose"]
  4 -> 7
  12 [label = o0]
  7 -> 12
  13 [label = o1]
  2 -> 13
  14 [label = o2]
  6 -> 14
}

Generation 00000 - Island 3 Best found in this generation: 2.0693430330577183
Error during prediction: not enough values to unpack (expected 4, got 3)
Warning: no valid data for plotting.
Island 3 BEST SO FAR: 2.0729552781897684 DISTANCE FROM KALMAN FILTER : inf 
Island 3 BEST Graph : digraph {
  0 [label = i0]
  1 [label = i1]
  2 [label = i2]
  3 [label = i3]
  4 [label = i4]
  10 [label = "transpose"]
  2 -> 10
  12 [label = o0]
  4 -> 12
  13 [label = o1]
  2 -> 13
  14 [label = o2]
  10 -> 14
}


--- Resetting half of the worst islands ---
Best half island indices: [2, 0]
Resetting Island 3 using best from Island 2
Resetting Island 1 using best from Island 0
Generation 00050 - Island 0 Best found in this generation: 1.7106057877631273
Error during prediction: not enough values to unpack (expected 4, got 3)
Warning: no valid data for plotting.
Island 0 BEST SO FAR: 1.7385422722143777 DISTANCE FROM KALMAN FILTER : inf 
Island 0 BEST Graph : digraph {
  0 [label = i0]
  1 [label = i1]
  2 [label = i2]
  3 [label = i3]
  4 [label = i4]
  7 [label = "minus"]
  3 -> 7 [color = red]
  1 -> 7 [color = blue]
  8 [label = "matmul"]
  7 -> 8 [color = red]
  1 -> 8 [color = blue]
  9 [label = "matmul"]
  1 -> 9 [color = red]
  8 -> 9 [color = blue]
  10 [label = "minus"]
  0 -> 10 [color = red]
  4 -> 10 [color = blue]
  11 [label = "add"]
  8 -> 11 [color = red]
  10 -> 11 [color = blue]
  12 [label = o0]
  4 -> 12
  13 [label = o1]
  9 -> 13
  14 [label = o2]
  11 -> 14
}

Generation 00050 - Island 1 Best found in this generation: 1.797007056972328
Error during prediction: not enough values to unpack (expected 4, got 3)
Warning: no valid data for plotting.
Island 1 BEST SO FAR: 1.7106057877631273 DISTANCE FROM KALMAN FILTER : inf 
Island 1 BEST Graph : digraph {
  0 [label = i0]
  1 [label = i1]
  2 [label = i2]
  3 [label = i3]
  4 [label = i4]
  7 [label = "minus"]
  3 -> 7 [color = red]
  1 -> 7 [color = blue]
  8 [label = "matmul"]
  7 -> 8 [color = red]
  7 -> 8 [color = blue]
  9 [label = "add"]
  8 -> 9 [color = red]
  8 -> 9 [color = blue]
  10 [label = "minus"]
  0 -> 10 [color = red]
  4 -> 10 [color = blue]
  11 [label = "add"]
  8 -> 11 [color = red]
  10 -> 11 [color = blue]
  12 [label = o0]
  4 -> 12
  13 [label = o1]
  9 -> 13
  14 [label = o2]
  11 -> 14
}

Generation 00050 - Island 2 Best found in this generation: 1.9776713599201055
Error during prediction: not enough values to unpack (expected 4, got 3)
Warning: no valid data for plotting.
Island 2 BEST SO FAR: 1.5427327526322734 DISTANCE FROM KALMAN FILTER : inf 
Island 2 BEST Graph : digraph {
  0 [label = i0]
  1 [label = i1]
  2 [label = i2]
  3 [label = i3]
  4 [label = i4]
  5 [label = "minus"]
  0 -> 5 [color = red]
  3 -> 5 [color = blue]
  6 [label = "transpose"]
  1 -> 6
  7 [label = "matmul"]
  2 -> 7 [color = red]
  6 -> 7 [color = blue]
  8 [label = "matmul"]
  5 -> 8 [color = red]
  6 -> 8 [color = blue]
  11 [label = "minus"]
  8 -> 11 [color = red]
  4 -> 11 [color = blue]
  12 [label = o0]
  4 -> 12
  13 [label = o1]
  7 -> 13
  14 [label = o2]
  11 -> 14
}

Generation 00050 - Island 3 Best found in this generation: 1.7575029576425871
Error during prediction: not enough values to unpack (expected 4, got 3)
Warning: no valid data for plotting.
Island 3 BEST SO FAR: 1.5427327526322734 DISTANCE FROM KALMAN FILTER : inf 
Island 3 BEST Graph : digraph {
  0 [label = i0]
  1 [label = i1]
  2 [label = i2]
  3 [label = i3]
  4 [label = i4]
  5 [label = "minus"]
  0 -> 5 [color = red]
  3 -> 5 [color = blue]
  6 [label = "transpose"]
  1 -> 6
  7 [label = "matmul"]
  2 -> 7 [color = red]
  6 -> 7 [color = blue]
  8 [label = "matmul"]
  5 -> 8 [color = red]
  6 -> 8 [color = blue]
  11 [label = "minus"]
  8 -> 11 [color = red]
  4 -> 11 [color = blue]
  12 [label = o0]
  4 -> 12
  13 [label = o1]
  7 -> 13
  14 [label = o2]
  11 -> 14
}


--- Resetting half of the worst islands ---
Best half island indices: [3, 2]
Resetting Island 0 using best from Island 3
Resetting Island 1 using best from Island 2
Generation 00100 - Island 0 Best found in this generation: 1.4308732860526197
Error during prediction: not enough values to unpack (expected 4, got 3)
Warning: no valid data for plotting.
Island 0 BEST SO FAR: 1.4219779413372071 DISTANCE FROM KALMAN FILTER : inf 
Island 0 BEST Graph : digraph {
  0 [label = i0]
  1 [label = i1]
  2 [label = i2]
  3 [label = i3]
  4 [label = i4]
  5 [label = "add"]
  0 -> 5 [color = red]
  3 -> 5 [color = blue]
  6 [label = "transpose"]
  1 -> 6
  7 [label = "minus"]
  6 -> 7 [color = red]
  3 -> 7 [color = blue]
  8 [label = "matmul"]
  5 -> 8 [color = red]
  6 -> 8 [color = blue]
  11 [label = "minus"]
  8 -> 11 [color = red]
  4 -> 11 [color = blue]
  12 [label = o0]
  4 -> 12
  13 [label = o1]
  7 -> 13
  14 [label = o2]
  11 -> 14
}

Generation 00100 - Island 1 Best found in this generation: 1.4219779413372071
Error during prediction: not enough values to unpack (expected 4, got 3)
Warning: no valid data for plotting.
Island 1 BEST SO FAR: 1.4308732860526197 DISTANCE FROM KALMAN FILTER : inf 
Island 1 BEST Graph : digraph {
  0 [label = i0]
  1 [label = i1]
  2 [label = i2]
  3 [label = i3]
  4 [label = i4]
  5 [label = "add"]
  2 -> 5 [color = red]
  2 -> 5 [color = blue]
  6 [label = "transpose"]
  2 -> 6
  7 [label = "matmul"]
  2 -> 7 [color = red]
  6 -> 7 [color = blue]
  8 [label = "minus"]
  5 -> 8 [color = red]
  7 -> 8 [color = blue]
  10 [label = "matmul"]
  1 -> 10 [color = red]
  0 -> 10 [color = blue]
  11 [label = "minus"]
  10 -> 11 [color = red]
  4 -> 11 [color = blue]
  12 [label = o0]
  4 -> 12
  13 [label = o1]
  8 -> 13
  14 [label = o2]
  11 -> 14
}

Generation 00100 - Island 2 Best found in this generation: 1.4718010107352169
Error during prediction: not enough values to unpack (expected 4, got 3)
Warning: no valid data for plotting.
Island 2 BEST SO FAR: 1.4308732860526197 DISTANCE FROM KALMAN FILTER : inf 
Island 2 BEST Graph : digraph {
  0 [label = i0]
  1 [label = i1]
  2 [label = i2]
  3 [label = i3]
  4 [label = i4]
  5 [label = "add"]
  2 -> 5 [color = red]
  2 -> 5 [color = blue]
  6 [label = "transpose"]
  2 -> 6
  7 [label = "matmul"]
  2 -> 7 [color = red]
  6 -> 7 [color = blue]
  8 [label = "minus"]
  5 -> 8 [color = red]
  7 -> 8 [color = blue]
  10 [label = "matmul"]
  1 -> 10 [color = red]
  0 -> 10 [color = blue]
  11 [label = "minus"]
  10 -> 11 [color = red]
  4 -> 11 [color = blue]
  12 [label = o0]
  4 -> 12
  13 [label = o1]
  8 -> 13
  14 [label = o2]
  11 -> 14
}

Generation 00100 - Island 3 Best found in this generation: 1.482561436661196
Error during prediction: not enough values to unpack (expected 4, got 3)
Warning: no valid data for plotting.
Island 3 BEST SO FAR: 1.424279148924048 DISTANCE FROM KALMAN FILTER : inf 
Island 3 BEST Graph : digraph {
  0 [label = i0]
  1 [label = i1]
  2 [label = i2]
  3 [label = i3]
  4 [label = i4]
  5 [label = "minus"]
  0 -> 5 [color = red]
  3 -> 5 [color = blue]
  6 [label = "transpose"]
  1 -> 6
  7 [label = "minus"]
  6 -> 7 [color = red]
  3 -> 7 [color = blue]
  8 [label = "matmul"]
  5 -> 8 [color = red]
  6 -> 8 [color = blue]
  11 [label = "minus"]
  8 -> 11 [color = red]
  4 -> 11 [color = blue]
  12 [label = o0]
  4 -> 12
  13 [label = o1]
  7 -> 13
  14 [label = o2]
  11 -> 14
}


--- Resetting half of the worst islands ---
Best half island indices: [3, 1]
Resetting Island 2 using best from Island 3
Resetting Island 0 using best from Island 1
Generation 00150 - Island 0 Best found in this generation: 1.2842127746253322
Error during prediction: not enough values to unpack (expected 4, got 3)
Warning: no valid data for plotting.
Island 0 BEST SO FAR: 1.2842127746253322 DISTANCE FROM KALMAN FILTER : inf 
Island 0 BEST Graph : digraph {
  0 [label = i0]
  1 [label = i1]
  2 [label = i2]
  3 [label = i3]
  4 [label = i4]
  5 [label = "add"]
  2 -> 5 [color = red]
  2 -> 5 [color = blue]
  6 [label = "matmul"]
  2 -> 6 [color = red]
  1 -> 6 [color = blue]
  7 [label = "matmul"]
  6 -> 7 [color = red]
  6 -> 7 [color = blue]
  8 [label = "minus"]
  5 -> 8 [color = red]
  7 -> 8 [color = blue]
  10 [label = "matmul"]
  1 -> 10 [color = red]
  0 -> 10 [color = blue]
  11 [label = "minus"]
  10 -> 11 [color = red]
  4 -> 11 [color = blue]
  12 [label = o0]
  4 -> 12
  13 [label = o1]
  8 -> 13
  14 [label = o2]
  11 -> 14
}

Generation 00150 - Island 1 Best found in this generation: 1.9560486880537633
Error during prediction: not enough values to unpack (expected 4, got 3)
Warning: no valid data for plotting.
Island 1 BEST SO FAR: 1.2842127746253322 DISTANCE FROM KALMAN FILTER : inf 
Island 1 BEST Graph : digraph {
  0 [label = i0]
  1 [label = i1]
  2 [label = i2]
  3 [label = i3]
  4 [label = i4]
  5 [label = "add"]
  2 -> 5 [color = red]
  2 -> 5 [color = blue]
  6 [label = "matmul"]
  2 -> 6 [color = red]
  1 -> 6 [color = blue]
  7 [label = "matmul"]
  6 -> 7 [color = red]
  6 -> 7 [color = blue]
  8 [label = "minus"]
  5 -> 8 [color = red]
  7 -> 8 [color = blue]
  10 [label = "matmul"]
  1 -> 10 [color = red]
  0 -> 10 [color = blue]
  11 [label = "minus"]
  10 -> 11 [color = red]
  4 -> 11 [color = blue]
  12 [label = o0]
  4 -> 12
  13 [label = o1]
  8 -> 13
  14 [label = o2]
  11 -> 14
}

Generation 00150 - Island 2 Best found in this generation: 1.2842127746253322
Error during prediction: not enough values to unpack (expected 4, got 3)
Warning: no valid data for plotting.
Island 2 BEST SO FAR: -5.038209258419659e+261 DISTANCE FROM KALMAN FILTER : inf 
Island 2 BEST Graph : digraph {
  0 [label = i0]
  1 [label = i1]
  2 [label = i2]
  3 [label = i3]
  4 [label = i4]
  5 [label = "matmul"]
  0 -> 5 [color = red]
  3 -> 5 [color = blue]
  6 [label = "add"]
  1 -> 6 [color = red]
  1 -> 6 [color = blue]
  7 [label = "minus"]
  3 -> 7 [color = red]
  6 -> 7 [color = blue]
  8 [label = "matmul"]
  6 -> 8 [color = red]
  5 -> 8 [color = blue]
  10 [label = "minus"]
  7 -> 10 [color = red]
  7 -> 10 [color = blue]
  11 [label = "minus"]
  8 -> 11 [color = red]
  10 -> 11 [color = blue]
  12 [label = o0]
  4 -> 12
  13 [label = o1]
  7 -> 13
  14 [label = o2]
  11 -> 14
}

Generation 00150 - Island 3 Best found in this generation: -5.038209258419659e+261
Error during prediction: not enough values to unpack (expected 4, got 3)
Warning: no valid data for plotting.
Island 3 BEST SO FAR: -1.5744403932561435e+260 DISTANCE FROM KALMAN FILTER : inf 
Island 3 BEST Graph : digraph {
  0 [label = i0]
  1 [label = i1]
  2 [label = i2]
  3 [label = i3]
  4 [label = i4]
  5 [label = "matmul"]
  0 -> 5 [color = red]
  3 -> 5 [color = blue]
  6 [label = "add"]
  1 -> 6 [color = red]
  1 -> 6 [color = blue]
  7 [label = "minus"]
  3 -> 7 [color = red]
  6 -> 7 [color = blue]
  8 [label = "matmul"]
  6 -> 8 [color = red]
  5 -> 8 [color = blue]
  10 [label = "add"]
  1 -> 10 [color = red]
  7 -> 10 [color = blue]
  11 [label = "minus"]
  8 -> 11 [color = red]
  10 -> 11 [color = blue]
  12 [label = o0]
  4 -> 12
  13 [label = o1]
  7 -> 13
  14 [label = o2]
  11 -> 14
}


--- Resetting half of the worst islands ---
Best half island indices: [3, 2]
Resetting Island 0 using best from Island 3
Resetting Island 1 using best from Island 2
Generation 00200 - Island 0 Best found in this generation: -4.0305674067357274e+262
Error during prediction: not enough values to unpack (expected 4, got 3)
Warning: no valid data for plotting.
Island 0 BEST SO FAR: -8.061134813471455e+262 DISTANCE FROM KALMAN FILTER : inf 
Island 0 BEST Graph : digraph {
  0 [label = i0]
  1 [label = i1]
  2 [label = i2]
  3 [label = i3]
  4 [label = i4]
  5 [label = "matmul"]
  0 -> 5 [color = red]
  3 -> 5 [color = blue]
  6 [label = "add"]
  1 -> 6 [color = red]
  1 -> 6 [color = blue]
  7 [label = "minus"]
  3 -> 7 [color = red]
  6 -> 7 [color = blue]
  8 [label = "matmul"]
  6 -> 8 [color = red]
  5 -> 8 [color = blue]
  9 [label = "minus"]
  8 -> 9 [color = red]
  6 -> 9 [color = blue]
  10 [label = "matmul"]
  3 -> 10 [color = red]
  6 -> 10 [color = blue]
  11 [label = "minus"]
  9 -> 11 [color = red]
  10 -> 11 [color = blue]
  12 [label = o0]
  4 -> 12
  13 [label = o1]
  7 -> 13
  14 [label = o2]
  11 -> 14
}

Generation 00200 - Island 1 Best found in this generation: -8.061134813471455e+262
Error during prediction: not enough values to unpack (expected 4, got 3)
Warning: no valid data for plotting.
Island 1 BEST SO FAR: -4.0305674067357274e+262 DISTANCE FROM KALMAN FILTER : inf 
Island 1 BEST Graph : digraph {
  0 [label = i0]
  1 [label = i1]
  2 [label = i2]
  3 [label = i3]
  4 [label = i4]
  5 [label = "matmul"]
  0 -> 5 [color = red]
  3 -> 5 [color = blue]
  6 [label = "add"]
  1 -> 6 [color = red]
  1 -> 6 [color = blue]
  7 [label = "minus"]
  3 -> 7 [color = red]
  6 -> 7 [color = blue]
  8 [label = "matmul"]
  6 -> 8 [color = red]
  5 -> 8 [color = blue]
  9 [label = "add"]
  3 -> 9 [color = red]
  6 -> 9 [color = blue]
  11 [label = "minus"]
  8 -> 11 [color = red]
  9 -> 11 [color = blue]
  12 [label = o0]
  4 -> 12
  13 [label = o1]
  7 -> 13
  14 [label = o2]
  11 -> 14
}

Generation 00200 - Island 2 Best found in this generation: -4.0305674067357274e+262
Error during prediction: not enough values to unpack (expected 4, got 3)
Warning: no valid data for plotting.
Island 2 BEST SO FAR: -4.0305674067357274e+262 DISTANCE FROM KALMAN FILTER : inf 
Island 2 BEST Graph : digraph {
  0 [label = i0]
  1 [label = i1]
  2 [label = i2]
  3 [label = i3]
  4 [label = i4]
  5 [label = "matmul"]
  0 -> 5 [color = red]
  3 -> 5 [color = blue]
  6 [label = "add"]
  1 -> 6 [color = red]
  1 -> 6 [color = blue]
  7 [label = "minus"]
  3 -> 7 [color = red]
  6 -> 7 [color = blue]
  8 [label = "matmul"]
  6 -> 8 [color = red]
  5 -> 8 [color = blue]
  9 [label = "add"]
  3 -> 9 [color = red]
  6 -> 9 [color = blue]
  11 [label = "minus"]
  8 -> 11 [color = red]
  9 -> 11 [color = blue]
  12 [label = o0]
  4 -> 12
  13 [label = o1]
  7 -> 13
  14 [label = o2]
  11 -> 14
}

Generation 00200 - Island 3 Best found in this generation: -4.0305674067357274e+262
Error during prediction: not enough values to unpack (expected 4, got 3)
Warning: no valid data for plotting.
Island 3 BEST SO FAR: -8.061134813471455e+262 DISTANCE FROM KALMAN FILTER : inf 
Island 3 BEST Graph : digraph {
  0 [label = i0]
  1 [label = i1]
  2 [label = i2]
  3 [label = i3]
  4 [label = i4]
  5 [label = "matmul"]
  0 -> 5 [color = red]
  3 -> 5 [color = blue]
  6 [label = "add"]
  1 -> 6 [color = red]
  1 -> 6 [color = blue]
  7 [label = "minus"]
  3 -> 7 [color = red]
  6 -> 7 [color = blue]
  8 [label = "matmul"]
  6 -> 8 [color = red]
  5 -> 8 [color = blue]
  9 [label = "minus"]
  8 -> 9 [color = red]
  6 -> 9 [color = blue]
  10 [label = "matmul"]
  3 -> 10 [color = red]
  6 -> 10 [color = blue]
  11 [label = "minus"]
  9 -> 11 [color = red]
  10 -> 11 [color = blue]
  12 [label = o0]
  4 -> 12
  13 [label = o1]
  7 -> 13
  14 [label = o2]
  11 -> 14
}


--- Resetting half of the worst islands ---
Best half island indices: [0, 3]
Resetting Island 1 using best from Island 0
Resetting Island 2 using best from Island 3
Generation 00250 - Island 0 Best found in this generation: -8.061134813471455e+262
Error during prediction: not enough values to unpack (expected 4, got 3)
Warning: no valid data for plotting.
Island 0 BEST SO FAR: -8.061134813471455e+262 DISTANCE FROM KALMAN FILTER : inf 
Island 0 BEST Graph : digraph {
  0 [label = i0]
  1 [label = i1]
  2 [label = i2]
  3 [label = i3]
  4 [label = i4]
  5 [label = "matmul"]
  0 -> 5 [color = red]
  3 -> 5 [color = blue]
  6 [label = "add"]
  1 -> 6 [color = red]
  1 -> 6 [color = blue]
  7 [label = "minus"]
  3 -> 7 [color = red]
  6 -> 7 [color = blue]
  8 [label = "matmul"]
  6 -> 8 [color = red]
  5 -> 8 [color = blue]
  9 [label = "minus"]
  8 -> 9 [color = red]
  6 -> 9 [color = blue]
  10 [label = "matmul"]
  3 -> 10 [color = red]
  6 -> 10 [color = blue]
  11 [label = "minus"]
  9 -> 11 [color = red]
  10 -> 11 [color = blue]
  12 [label = o0]
  4 -> 12
  13 [label = o1]
  7 -> 13
  14 [label = o2]
  11 -> 14
}

Generation 00250 - Island 1 Best found in this generation: -8.061134813471455e+262
Error during prediction: not enough values to unpack (expected 4, got 3)
Warning: no valid data for plotting.
Island 1 BEST SO FAR: -1.612226962694291e+263 DISTANCE FROM KALMAN FILTER : inf 
Island 1 BEST Graph : digraph {
  0 [label = i0]
  1 [label = i1]
  2 [label = i2]
  3 [label = i3]
  4 [label = i4]
  5 [label = "matmul"]
  0 -> 5 [color = red]
  3 -> 5 [color = blue]
  6 [label = "add"]
  1 -> 6 [color = red]
  1 -> 6 [color = blue]
  7 [label = "minus"]
  3 -> 7 [color = red]
  6 -> 7 [color = blue]
  8 [label = "matmul"]
  6 -> 8 [color = red]
  5 -> 8 [color = blue]
  9 [label = "minus"]
  8 -> 9 [color = red]
  1 -> 9 [color = blue]
  10 [label = "matmul"]
  6 -> 10 [color = red]
  6 -> 10 [color = blue]
  11 [label = "minus"]
  9 -> 11 [color = red]
  10 -> 11 [color = blue]
  12 [label = o0]
  4 -> 12
  13 [label = o1]
  7 -> 13
  14 [label = o2]
  11 -> 14
}

Generation 00250 - Island 2 Best found in this generation: -1.612226962694291e+263
Error during prediction: not enough values to unpack (expected 4, got 3)
Warning: no valid data for plotting.
Island 2 BEST SO FAR: -8.061134813471455e+262 DISTANCE FROM KALMAN FILTER : inf 
Island 2 BEST Graph : digraph {
  0 [label = i0]
  1 [label = i1]
  2 [label = i2]
  3 [label = i3]
  4 [label = i4]
  5 [label = "matmul"]
  0 -> 5 [color = red]
  3 -> 5 [color = blue]
  6 [label = "add"]
  1 -> 6 [color = red]
  1 -> 6 [color = blue]
  7 [label = "minus"]
  3 -> 7 [color = red]
  6 -> 7 [color = blue]
  8 [label = "matmul"]
  6 -> 8 [color = red]
  5 -> 8 [color = blue]
  9 [label = "minus"]
  8 -> 9 [color = red]
  6 -> 9 [color = blue]
  10 [label = "matmul"]
  3 -> 10 [color = red]
  6 -> 10 [color = blue]
  11 [label = "minus"]
  9 -> 11 [color = red]
  10 -> 11 [color = blue]
  12 [label = o0]
  4 -> 12
  13 [label = o1]
  7 -> 13
  14 [label = o2]
  11 -> 14
}

Generation 00250 - Island 3 Best found in this generation: -8.061134813471455e+262
Error during prediction: not enough values to unpack (expected 4, got 3)
Warning: no valid data for plotting.
Island 3 BEST SO FAR: -8.061134813471455e+262 DISTANCE FROM KALMAN FILTER : inf 
Island 3 BEST Graph : digraph {
  0 [label = i0]
  1 [label = i1]
  2 [label = i2]
  3 [label = i3]
  4 [label = i4]
  5 [label = "matmul"]
  0 -> 5 [color = red]
  3 -> 5 [color = blue]
  6 [label = "add"]
  1 -> 6 [color = red]
  1 -> 6 [color = blue]
  7 [label = "minus"]
  3 -> 7 [color = red]
  6 -> 7 [color = blue]
  8 [label = "matmul"]
  6 -> 8 [color = red]
  5 -> 8 [color = blue]
  9 [label = "minus"]
  8 -> 9 [color = red]
  6 -> 9 [color = blue]
  10 [label = "matmul"]
  3 -> 10 [color = red]
  6 -> 10 [color = blue]
  11 [label = "minus"]
  9 -> 11 [color = red]
  10 -> 11 [color = blue]
  12 [label = o0]
  4 -> 12
  13 [label = o1]
  7 -> 13
  14 [label = o2]
  11 -> 14
}

