Sanity check loss: 1.1180493160255696
Generation 00000 - Island 0 Best found in this generation: 2.0729552781897684
Error during prediction: not enough values to unpack (expected 4, got 3)
Warning: no valid data for plotting.
Island 0 BEST SO FAR: 2.0729552781897684 DISTANCE FROM KALMAN FILTER : inf 
Island 0 BEST Graph : digraph {
  0 [label = i0]
  1 [label = i1]
  2 [label = i2]
  3 [label = i3]
  4 [label = i4]
  12 [label = o0]
  4 -> 12
  13 [label = o1]
  2 -> 13
  14 [label = o2]
  2 -> 14
}

Generation 00000 - Island 1 Best found in this generation: 2.0729552781897684
Error during prediction: not enough values to unpack (expected 4, got 3)
Warning: no valid data for plotting.
Island 1 BEST SO FAR: 2.0729552781897684 DISTANCE FROM KALMAN FILTER : inf 
Island 1 BEST Graph : digraph {
  0 [label = i0]
  1 [label = i1]
  2 [label = i2]
  3 [label = i3]
  4 [label = i4]
  6 [label = "transpose"]
  2 -> 6
  12 [label = o0]
  4 -> 12
  13 [label = o1]
  6 -> 13
  14 [label = o2]
  6 -> 14
}

Generation 00000 - Island 2 Best found in this generation: 2.0676986270309645
Error during prediction: not enough values to unpack (expected 4, got 3)
Warning: no valid data for plotting.
Island 2 BEST SO FAR: 2.0742094832589846 DISTANCE FROM KALMAN FILTER : inf 
Island 2 BEST Graph : digraph {
  0 [label = i0]
  1 [label = i1]
  2 [label = i2]
  3 [label = i3]
  4 [label = i4]
  5 [label = "minus"]
  3 -> 5 [color = red]
  3 -> 5 [color = blue]
  12 [label = o0]
  4 -> 12
  13 [label = o1]
  2 -> 13
  14 [label = o2]
  5 -> 14
}

Generation 00000 - Island 3 Best found in this generation: 2.064921244375741
Error during prediction: not enough values to unpack (expected 4, got 3)
Warning: no valid data for plotting.
Island 3 BEST SO FAR: 2.0729552781897684 DISTANCE FROM KALMAN FILTER : inf 
Island 3 BEST Graph : digraph {
  0 [label = i0]
  1 [label = i1]
  2 [label = i2]
  3 [label = i3]
  4 [label = i4]
  12 [label = o0]
  4 -> 12
  13 [label = o1]
  2 -> 13
  14 [label = o2]
  2 -> 14
}


--- Resetting half of the worst islands ---
Best half island indices: [3, 1]
Resetting Island 0 using best from Island 3
Resetting Island 2 using best from Island 1
Generation 00050 - Island 0 Best found in this generation: 1.9580467438055495
Error during prediction: not enough values to unpack (expected 4, got 3)
Warning: no valid data for plotting.
Island 0 BEST SO FAR: 1.3745510994770314 DISTANCE FROM KALMAN FILTER : inf 
Island 0 BEST Graph : digraph {
  0 [label = i0]
  1 [label = i1]
  2 [label = i2]
  3 [label = i3]
  4 [label = i4]
  5 [label = "matmul"]
  0 -> 5 [color = red]
  1 -> 5 [color = blue]
  7 [label = "minus"]
  0 -> 7 [color = red]
  5 -> 7 [color = blue]
  8 [label = "add"]
  5 -> 8 [color = red]
  7 -> 8 [color = blue]
  9 [label = "matmul"]
  2 -> 9 [color = red]
  4 -> 9 [color = blue]
  12 [label = o0]
  9 -> 12
  13 [label = o1]
  1 -> 13
  14 [label = o2]
  8 -> 14
}

Generation 00050 - Island 1 Best found in this generation: 1.3745510994770327
Error during prediction: not enough values to unpack (expected 4, got 3)
Warning: no valid data for plotting.
Island 1 BEST SO FAR: 1.9580467438055495 DISTANCE FROM KALMAN FILTER : inf 
Island 1 BEST Graph : digraph {
  0 [label = i0]
  1 [label = i1]
  2 [label = i2]
  3 [label = i3]
  4 [label = i4]
  5 [label = "minus"]
  3 -> 5 [color = red]
  0 -> 5 [color = blue]
  6 [label = "matmul"]
  4 -> 6 [color = red]
  2 -> 6 [color = blue]
  8 [label = "add"]
  5 -> 8 [color = red]
  4 -> 8 [color = blue]
  9 [label = "minus"]
  6 -> 9 [color = red]
  8 -> 9 [color = blue]
  10 [label = "minus"]
  9 -> 10 [color = red]
  8 -> 10 [color = blue]
  11 [label = "transpose"]
  4 -> 11
  12 [label = o0]
  11 -> 12
  13 [label = o1]
  2 -> 13
  14 [label = o2]
  10 -> 14
}

Generation 00050 - Island 2 Best found in this generation: 1.9776040560511876
Error during prediction: not enough values to unpack (expected 4, got 3)
Warning: no valid data for plotting.
Island 2 BEST SO FAR: 1.9580467438055495 DISTANCE FROM KALMAN FILTER : inf 
Island 2 BEST Graph : digraph {
  0 [label = i0]
  1 [label = i1]
  2 [label = i2]
  3 [label = i3]
  4 [label = i4]
  5 [label = "minus"]
  3 -> 5 [color = red]
  0 -> 5 [color = blue]
  6 [label = "matmul"]
  4 -> 6 [color = red]
  2 -> 6 [color = blue]
  8 [label = "add"]
  5 -> 8 [color = red]
  4 -> 8 [color = blue]
  9 [label = "minus"]
  6 -> 9 [color = red]
  8 -> 9 [color = blue]
  10 [label = "minus"]
  9 -> 10 [color = red]
  8 -> 10 [color = blue]
  11 [label = "transpose"]
  4 -> 11
  12 [label = o0]
  11 -> 12
  13 [label = o1]
  2 -> 13
  14 [label = o2]
  10 -> 14
}

Generation 00050 - Island 3 Best found in this generation: 1.9580467438055495
Error during prediction: not enough values to unpack (expected 4, got 3)
Warning: no valid data for plotting.
Island 3 BEST SO FAR: 1.3745510994770327 DISTANCE FROM KALMAN FILTER : inf 
Island 3 BEST Graph : digraph {
  0 [label = i0]
  1 [label = i1]
  2 [label = i2]
  3 [label = i3]
  4 [label = i4]
  5 [label = "minus"]
  0 -> 5 [color = red]
  4 -> 5 [color = blue]
  7 [label = "minus"]
  0 -> 7 [color = red]
  5 -> 7 [color = blue]
  8 [label = "add"]
  5 -> 8 [color = red]
  7 -> 8 [color = blue]
  9 [label = "matmul"]
  2 -> 9 [color = red]
  4 -> 9 [color = blue]
  12 [label = o0]
  9 -> 12
  13 [label = o1]
  1 -> 13
  14 [label = o2]
  8 -> 14
}


--- Resetting half of the worst islands ---
Best half island indices: [3, 0]
Resetting Island 2 using best from Island 3
Resetting Island 1 using best from Island 0
Generation 00100 - Island 0 Best found in this generation: 1.371730633834992
Error during prediction: not enough values to unpack (expected 4, got 3)
Warning: no valid data for plotting.
Island 0 BEST SO FAR: 1.3740188641196693 DISTANCE FROM KALMAN FILTER : inf 
Island 0 BEST Graph : digraph {
  0 [label = i0]
  1 [label = i1]
  2 [label = i2]
  3 [label = i3]
  4 [label = i4]
  5 [label = "matmul"]
  4 -> 5 [color = red]
  1 -> 5 [color = blue]
  7 [label = "minus"]
  0 -> 7 [color = red]
  5 -> 7 [color = blue]
  8 [label = "add"]
  4 -> 8 [color = red]
  7 -> 8 [color = blue]
  9 [label = "matmul"]
  2 -> 9 [color = red]
  5 -> 9 [color = blue]
  12 [label = o0]
  9 -> 12
  13 [label = o1]
  1 -> 13
  14 [label = o2]
  8 -> 14
}

Generation 00100 - Island 1 Best found in this generation: 1.3745510994770314
Error during prediction: not enough values to unpack (expected 4, got 3)
Warning: no valid data for plotting.
Island 1 BEST SO FAR: 1.371730633834992 DISTANCE FROM KALMAN FILTER : inf 
Island 1 BEST Graph : digraph {
  0 [label = i0]
  1 [label = i1]
  2 [label = i2]
  3 [label = i3]
  4 [label = i4]
  5 [label = "matmul"]
  4 -> 5 [color = red]
  3 -> 5 [color = blue]
  7 [label = "minus"]
  0 -> 7 [color = red]
  5 -> 7 [color = blue]
  8 [label = "add"]
  4 -> 8 [color = red]
  7 -> 8 [color = blue]
  9 [label = "matmul"]
  2 -> 9 [color = red]
  5 -> 9 [color = blue]
  12 [label = o0]
  9 -> 12
  13 [label = o1]
  1 -> 13
  14 [label = o2]
  8 -> 14
}

Generation 00100 - Island 2 Best found in this generation: 1.371730633834992
Error during prediction: not enough values to unpack (expected 4, got 3)
Warning: no valid data for plotting.
Island 2 BEST SO FAR: 1.3717306338349926 DISTANCE FROM KALMAN FILTER : inf 
Island 2 BEST Graph : digraph {
  0 [label = i0]
  1 [label = i1]
  2 [label = i2]
  3 [label = i3]
  4 [label = i4]
  5 [label = "add"]
  0 -> 5 [color = red]
  4 -> 5 [color = blue]
  6 [label = "matmul"]
  4 -> 6 [color = red]
  3 -> 6 [color = blue]
  8 [label = "minus"]
  5 -> 8 [color = red]
  6 -> 8 [color = blue]
  9 [label = "matmul"]
  2 -> 9 [color = red]
  6 -> 9 [color = blue]
  12 [label = o0]
  9 -> 12
  13 [label = o1]
  1 -> 13
  14 [label = o2]
  8 -> 14
}

Generation 00100 - Island 3 Best found in this generation: 1.3717306338349926
Error during prediction: not enough values to unpack (expected 4, got 3)
Warning: no valid data for plotting.
Island 3 BEST SO FAR: 1.3717306338349926 DISTANCE FROM KALMAN FILTER : inf 
Island 3 BEST Graph : digraph {
  0 [label = i0]
  1 [label = i1]
  2 [label = i2]
  3 [label = i3]
  4 [label = i4]
  5 [label = "add"]
  0 -> 5 [color = red]
  4 -> 5 [color = blue]
  6 [label = "matmul"]
  4 -> 6 [color = red]
  3 -> 6 [color = blue]
  8 [label = "minus"]
  5 -> 8 [color = red]
  6 -> 8 [color = blue]
  9 [label = "matmul"]
  2 -> 9 [color = red]
  6 -> 9 [color = blue]
  12 [label = o0]
  9 -> 12
  13 [label = o1]
  1 -> 13
  14 [label = o2]
  8 -> 14
}


--- Resetting half of the worst islands ---
Best half island indices: [0, 1]
Resetting Island 2 using best from Island 0
Resetting Island 3 using best from Island 1
Generation 00150 - Island 0 Best found in this generation: 1.371730633834992
Error during prediction: not enough values to unpack (expected 4, got 3)
Warning: no valid data for plotting.
Island 0 BEST SO FAR: 1.371730633834992 DISTANCE FROM KALMAN FILTER : inf 
Island 0 BEST Graph : digraph {
  0 [label = i0]
  1 [label = i1]
  2 [label = i2]
  3 [label = i3]
  4 [label = i4]
  5 [label = "matmul"]
  4 -> 5 [color = red]
  3 -> 5 [color = blue]
  7 [label = "minus"]
  0 -> 7 [color = red]
  5 -> 7 [color = blue]
  8 [label = "add"]
  4 -> 8 [color = red]
  7 -> 8 [color = blue]
  9 [label = "matmul"]
  2 -> 9 [color = red]
  5 -> 9 [color = blue]
  12 [label = o0]
  9 -> 12
  13 [label = o1]
  1 -> 13
  14 [label = o2]
  8 -> 14
}

Generation 00150 - Island 1 Best found in this generation: 1.371730633834992
Error during prediction: not enough values to unpack (expected 4, got 3)
Warning: no valid data for plotting.
Island 1 BEST SO FAR: 1.371730633834992 DISTANCE FROM KALMAN FILTER : inf 
Island 1 BEST Graph : digraph {
  0 [label = i0]
  1 [label = i1]
  2 [label = i2]
  3 [label = i3]
  4 [label = i4]
  5 [label = "matmul"]
  4 -> 5 [color = red]
  3 -> 5 [color = blue]
  7 [label = "minus"]
  0 -> 7 [color = red]
  5 -> 7 [color = blue]
  8 [label = "add"]
  4 -> 8 [color = red]
  7 -> 8 [color = blue]
  9 [label = "matmul"]
  2 -> 9 [color = red]
  5 -> 9 [color = blue]
  12 [label = o0]
  9 -> 12
  13 [label = o1]
  1 -> 13
  14 [label = o2]
  8 -> 14
}

Generation 00150 - Island 2 Best found in this generation: 1.371730633834992
Error during prediction: not enough values to unpack (expected 4, got 3)
Warning: no valid data for plotting.
Island 2 BEST SO FAR: 1.371730633834992 DISTANCE FROM KALMAN FILTER : inf 
Island 2 BEST Graph : digraph {
  0 [label = i0]
  1 [label = i1]
  2 [label = i2]
  3 [label = i3]
  4 [label = i4]
  5 [label = "matmul"]
  4 -> 5 [color = red]
  3 -> 5 [color = blue]
  7 [label = "minus"]
  0 -> 7 [color = red]
  5 -> 7 [color = blue]
  8 [label = "add"]
  4 -> 8 [color = red]
  7 -> 8 [color = blue]
  9 [label = "matmul"]
  2 -> 9 [color = red]
  5 -> 9 [color = blue]
  12 [label = o0]
  9 -> 12
  13 [label = o1]
  1 -> 13
  14 [label = o2]
  8 -> 14
}

Generation 00150 - Island 3 Best found in this generation: 1.371730633834992
Error during prediction: not enough values to unpack (expected 4, got 3)
Warning: no valid data for plotting.
Island 3 BEST SO FAR: 1.371730633834992 DISTANCE FROM KALMAN FILTER : inf 
Island 3 BEST Graph : digraph {
  0 [label = i0]
  1 [label = i1]
  2 [label = i2]
  3 [label = i3]
  4 [label = i4]
  5 [label = "matmul"]
  4 -> 5 [color = red]
  3 -> 5 [color = blue]
  7 [label = "minus"]
  0 -> 7 [color = red]
  5 -> 7 [color = blue]
  8 [label = "add"]
  4 -> 8 [color = red]
  7 -> 8 [color = blue]
  9 [label = "matmul"]
  2 -> 9 [color = red]
  5 -> 9 [color = blue]
  12 [label = o0]
  9 -> 12
  13 [label = o1]
  1 -> 13
  14 [label = o2]
  8 -> 14
}


--- Resetting half of the worst islands ---
Best half island indices: [0, 1]
Resetting Island 2 using best from Island 0
Resetting Island 3 using best from Island 1
Generation 00200 - Island 0 Best found in this generation: 1.371730633834992
Error during prediction: not enough values to unpack (expected 4, got 3)
Warning: no valid data for plotting.
Island 0 BEST SO FAR: 1.371730633834992 DISTANCE FROM KALMAN FILTER : inf 
Island 0 BEST Graph : digraph {
  0 [label = i0]
  1 [label = i1]
  2 [label = i2]
  3 [label = i3]
  4 [label = i4]
  5 [label = "matmul"]
  4 -> 5 [color = red]
  3 -> 5 [color = blue]
  7 [label = "minus"]
  0 -> 7 [color = red]
  5 -> 7 [color = blue]
  8 [label = "add"]
  4 -> 8 [color = red]
  7 -> 8 [color = blue]
  9 [label = "matmul"]
  2 -> 9 [color = red]
  5 -> 9 [color = blue]
  12 [label = o0]
  9 -> 12
  13 [label = o1]
  1 -> 13
  14 [label = o2]
  8 -> 14
}

Generation 00200 - Island 1 Best found in this generation: 1.371730633834992
Error during prediction: not enough values to unpack (expected 4, got 3)
Warning: no valid data for plotting.
Island 1 BEST SO FAR: 1.371730633834992 DISTANCE FROM KALMAN FILTER : inf 
Island 1 BEST Graph : digraph {
  0 [label = i0]
  1 [label = i1]
  2 [label = i2]
  3 [label = i3]
  4 [label = i4]
  5 [label = "matmul"]
  4 -> 5 [color = red]
  3 -> 5 [color = blue]
  7 [label = "minus"]
  0 -> 7 [color = red]
  5 -> 7 [color = blue]
  8 [label = "add"]
  4 -> 8 [color = red]
  7 -> 8 [color = blue]
  9 [label = "matmul"]
  2 -> 9 [color = red]
  5 -> 9 [color = blue]
  12 [label = o0]
  9 -> 12
  13 [label = o1]
  1 -> 13
  14 [label = o2]
  8 -> 14
}

Generation 00200 - Island 2 Best found in this generation: 1.371730633834992
Error during prediction: not enough values to unpack (expected 4, got 3)
Warning: no valid data for plotting.
Island 2 BEST SO FAR: 1.371730633834992 DISTANCE FROM KALMAN FILTER : inf 
Island 2 BEST Graph : digraph {
  0 [label = i0]
  1 [label = i1]
  2 [label = i2]
  3 [label = i3]
  4 [label = i4]
  5 [label = "matmul"]
  4 -> 5 [color = red]
  3 -> 5 [color = blue]
  7 [label = "minus"]
  0 -> 7 [color = red]
  5 -> 7 [color = blue]
  8 [label = "add"]
  4 -> 8 [color = red]
  7 -> 8 [color = blue]
  9 [label = "matmul"]
  2 -> 9 [color = red]
  5 -> 9 [color = blue]
  12 [label = o0]
  9 -> 12
  13 [label = o1]
  1 -> 13
  14 [label = o2]
  8 -> 14
}

Generation 00200 - Island 3 Best found in this generation: 1.3793657166344877
Error during prediction: not enough values to unpack (expected 4, got 3)
Warning: no valid data for plotting.
Island 3 BEST SO FAR: 1.371730633834992 DISTANCE FROM KALMAN FILTER : inf 
Island 3 BEST Graph : digraph {
  0 [label = i0]
  1 [label = i1]
  2 [label = i2]
  3 [label = i3]
  4 [label = i4]
  5 [label = "matmul"]
  4 -> 5 [color = red]
  3 -> 5 [color = blue]
  7 [label = "minus"]
  0 -> 7 [color = red]
  5 -> 7 [color = blue]
  8 [label = "add"]
  4 -> 8 [color = red]
  7 -> 8 [color = blue]
  9 [label = "matmul"]
  2 -> 9 [color = red]
  5 -> 9 [color = blue]
  12 [label = o0]
  9 -> 12
  13 [label = o1]
  1 -> 13
  14 [label = o2]
  8 -> 14
}


--- Resetting half of the worst islands ---
Best half island indices: [0, 1]
Resetting Island 2 using best from Island 0
Resetting Island 3 using best from Island 1
Generation 00250 - Island 0 Best found in this generation: 1.371730633834992
Error during prediction: not enough values to unpack (expected 4, got 3)
Warning: no valid data for plotting.
Island 0 BEST SO FAR: 1.371730633834992 DISTANCE FROM KALMAN FILTER : inf 
Island 0 BEST Graph : digraph {
  0 [label = i0]
  1 [label = i1]
  2 [label = i2]
  3 [label = i3]
  4 [label = i4]
  5 [label = "matmul"]
  4 -> 5 [color = red]
  3 -> 5 [color = blue]
  7 [label = "minus"]
  0 -> 7 [color = red]
  5 -> 7 [color = blue]
  8 [label = "add"]
  4 -> 8 [color = red]
  7 -> 8 [color = blue]
  9 [label = "matmul"]
  2 -> 9 [color = red]
  5 -> 9 [color = blue]
  12 [label = o0]
  9 -> 12
  13 [label = o1]
  1 -> 13
  14 [label = o2]
  8 -> 14
}

Generation 00250 - Island 1 Best found in this generation: 1.371730633834992
Error during prediction: not enough values to unpack (expected 4, got 3)
Warning: no valid data for plotting.
Island 1 BEST SO FAR: 1.371730633834992 DISTANCE FROM KALMAN FILTER : inf 
Island 1 BEST Graph : digraph {
  0 [label = i0]
  1 [label = i1]
  2 [label = i2]
  3 [label = i3]
  4 [label = i4]
  5 [label = "matmul"]
  4 -> 5 [color = red]
  3 -> 5 [color = blue]
  7 [label = "minus"]
  0 -> 7 [color = red]
  5 -> 7 [color = blue]
  8 [label = "add"]
  4 -> 8 [color = red]
  7 -> 8 [color = blue]
  9 [label = "matmul"]
  2 -> 9 [color = red]
  5 -> 9 [color = blue]
  12 [label = o0]
  9 -> 12
  13 [label = o1]
  1 -> 13
  14 [label = o2]
  8 -> 14
}

Generation 00250 - Island 2 Best found in this generation: 1.371730633834992
Error during prediction: not enough values to unpack (expected 4, got 3)
Warning: no valid data for plotting.
Island 2 BEST SO FAR: 1.371730633834992 DISTANCE FROM KALMAN FILTER : inf 
Island 2 BEST Graph : digraph {
  0 [label = i0]
  1 [label = i1]
  2 [label = i2]
  3 [label = i3]
  4 [label = i4]
  5 [label = "matmul"]
  4 -> 5 [color = red]
  3 -> 5 [color = blue]
  7 [label = "minus"]
  0 -> 7 [color = red]
  5 -> 7 [color = blue]
  8 [label = "add"]
  4 -> 8 [color = red]
  7 -> 8 [color = blue]
  9 [label = "matmul"]
  2 -> 9 [color = red]
  5 -> 9 [color = blue]
  12 [label = o0]
  9 -> 12
  13 [label = o1]
  1 -> 13
  14 [label = o2]
  8 -> 14
}

Generation 00250 - Island 3 Best found in this generation: 1.371730633834992
Error during prediction: not enough values to unpack (expected 4, got 3)
Warning: no valid data for plotting.
Island 3 BEST SO FAR: 1.371730633834992 DISTANCE FROM KALMAN FILTER : inf 
Island 3 BEST Graph : digraph {
  0 [label = i0]
  1 [label = i1]
  2 [label = i2]
  3 [label = i3]
  4 [label = i4]
  5 [label = "matmul"]
  4 -> 5 [color = red]
  3 -> 5 [color = blue]
  7 [label = "minus"]
  0 -> 7 [color = red]
  5 -> 7 [color = blue]
  8 [label = "add"]
  4 -> 8 [color = red]
  7 -> 8 [color = blue]
  9 [label = "matmul"]
  2 -> 9 [color = red]
  5 -> 9 [color = blue]
  12 [label = o0]
  9 -> 12
  13 [label = o1]
  1 -> 13
  14 [label = o2]
  8 -> 14
}


--- Resetting half of the worst islands ---
Best half island indices: [0, 1]
Resetting Island 2 using best from Island 0
Resetting Island 3 using best from Island 1
Generation 00300 - Island 0 Best found in this generation: 1.371730633834992
Error during prediction: not enough values to unpack (expected 4, got 3)
Warning: no valid data for plotting.
Island 0 BEST SO FAR: 1.371730633834992 DISTANCE FROM KALMAN FILTER : inf 
Island 0 BEST Graph : digraph {
  0 [label = i0]
  1 [label = i1]
  2 [label = i2]
  3 [label = i3]
  4 [label = i4]
  5 [label = "matmul"]
  4 -> 5 [color = red]
  3 -> 5 [color = blue]
  7 [label = "minus"]
  0 -> 7 [color = red]
  5 -> 7 [color = blue]
  8 [label = "add"]
  4 -> 8 [color = red]
  7 -> 8 [color = blue]
  9 [label = "matmul"]
  2 -> 9 [color = red]
  5 -> 9 [color = blue]
  12 [label = o0]
  9 -> 12
  13 [label = o1]
  1 -> 13
  14 [label = o2]
  8 -> 14
}

Generation 00300 - Island 1 Best found in this generation: 1.371730633834992
Error during prediction: not enough values to unpack (expected 4, got 3)
Warning: no valid data for plotting.
Island 1 BEST SO FAR: 1.371730633834992 DISTANCE FROM KALMAN FILTER : inf 
Island 1 BEST Graph : digraph {
  0 [label = i0]
  1 [label = i1]
  2 [label = i2]
  3 [label = i3]
  4 [label = i4]
  5 [label = "matmul"]
  4 -> 5 [color = red]
  3 -> 5 [color = blue]
  7 [label = "minus"]
  0 -> 7 [color = red]
  5 -> 7 [color = blue]
  8 [label = "add"]
  4 -> 8 [color = red]
  7 -> 8 [color = blue]
  9 [label = "matmul"]
  2 -> 9 [color = red]
  5 -> 9 [color = blue]
  12 [label = o0]
  9 -> 12
  13 [label = o1]
  1 -> 13
  14 [label = o2]
  8 -> 14
}

Generation 00300 - Island 2 Best found in this generation: 1.371730633834992
Error during prediction: not enough values to unpack (expected 4, got 3)
Warning: no valid data for plotting.
Island 2 BEST SO FAR: 1.371730633834992 DISTANCE FROM KALMAN FILTER : inf 
Island 2 BEST Graph : digraph {
  0 [label = i0]
  1 [label = i1]
  2 [label = i2]
  3 [label = i3]
  4 [label = i4]
  5 [label = "matmul"]
  4 -> 5 [color = red]
  3 -> 5 [color = blue]
  7 [label = "minus"]
  0 -> 7 [color = red]
  5 -> 7 [color = blue]
  8 [label = "add"]
  4 -> 8 [color = red]
  7 -> 8 [color = blue]
  9 [label = "matmul"]
  2 -> 9 [color = red]
  5 -> 9 [color = blue]
  12 [label = o0]
  9 -> 12
  13 [label = o1]
  1 -> 13
  14 [label = o2]
  8 -> 14
}

Generation 00300 - Island 3 Best found in this generation: 1.371730633834992
Error during prediction: not enough values to unpack (expected 4, got 3)
Warning: no valid data for plotting.
Island 3 BEST SO FAR: 1.371730633834992 DISTANCE FROM KALMAN FILTER : inf 
Island 3 BEST Graph : digraph {
  0 [label = i0]
  1 [label = i1]
  2 [label = i2]
  3 [label = i3]
  4 [label = i4]
  5 [label = "matmul"]
  4 -> 5 [color = red]
  3 -> 5 [color = blue]
  7 [label = "minus"]
  0 -> 7 [color = red]
  5 -> 7 [color = blue]
  8 [label = "add"]
  4 -> 8 [color = red]
  7 -> 8 [color = blue]
  9 [label = "matmul"]
  2 -> 9 [color = red]
  5 -> 9 [color = blue]
  12 [label = o0]
  9 -> 12
  13 [label = o1]
  1 -> 13
  14 [label = o2]
  8 -> 14
}


--- Resetting half of the worst islands ---
Best half island indices: [0, 1]
Resetting Island 2 using best from Island 0
Resetting Island 3 using best from Island 1
Generation 00350 - Island 0 Best found in this generation: 1.371730633834992
Error during prediction: not enough values to unpack (expected 4, got 3)
Warning: no valid data for plotting.
Island 0 BEST SO FAR: 1.371730633834992 DISTANCE FROM KALMAN FILTER : inf 
Island 0 BEST Graph : digraph {
  0 [label = i0]
  1 [label = i1]
  2 [label = i2]
  3 [label = i3]
  4 [label = i4]
  5 [label = "matmul"]
  4 -> 5 [color = red]
  3 -> 5 [color = blue]
  7 [label = "minus"]
  0 -> 7 [color = red]
  5 -> 7 [color = blue]
  8 [label = "add"]
  4 -> 8 [color = red]
  7 -> 8 [color = blue]
  9 [label = "matmul"]
  2 -> 9 [color = red]
  5 -> 9 [color = blue]
  12 [label = o0]
  9 -> 12
  13 [label = o1]
  1 -> 13
  14 [label = o2]
  8 -> 14
}

Generation 00350 - Island 1 Best found in this generation: 1.371730633834992
Error during prediction: not enough values to unpack (expected 4, got 3)
Warning: no valid data for plotting.
Island 1 BEST SO FAR: 1.371730633834992 DISTANCE FROM KALMAN FILTER : inf 
Island 1 BEST Graph : digraph {
  0 [label = i0]
  1 [label = i1]
  2 [label = i2]
  3 [label = i3]
  4 [label = i4]
  5 [label = "matmul"]
  4 -> 5 [color = red]
  3 -> 5 [color = blue]
  7 [label = "minus"]
  0 -> 7 [color = red]
  5 -> 7 [color = blue]
  8 [label = "add"]
  4 -> 8 [color = red]
  7 -> 8 [color = blue]
  9 [label = "matmul"]
  2 -> 9 [color = red]
  5 -> 9 [color = blue]
  12 [label = o0]
  9 -> 12
  13 [label = o1]
  1 -> 13
  14 [label = o2]
  8 -> 14
}

Generation 00350 - Island 2 Best found in this generation: 1.371730633834992
Error during prediction: not enough values to unpack (expected 4, got 3)
Warning: no valid data for plotting.
Island 2 BEST SO FAR: 1.371730633834992 DISTANCE FROM KALMAN FILTER : inf 
Island 2 BEST Graph : digraph {
  0 [label = i0]
  1 [label = i1]
  2 [label = i2]
  3 [label = i3]
  4 [label = i4]
  5 [label = "matmul"]
  4 -> 5 [color = red]
  3 -> 5 [color = blue]
  7 [label = "minus"]
  0 -> 7 [color = red]
  5 -> 7 [color = blue]
  8 [label = "add"]
  4 -> 8 [color = red]
  7 -> 8 [color = blue]
  9 [label = "matmul"]
  2 -> 9 [color = red]
  5 -> 9 [color = blue]
  12 [label = o0]
  9 -> 12
  13 [label = o1]
  1 -> 13
  14 [label = o2]
  8 -> 14
}

Generation 00350 - Island 3 Best found in this generation: 1.371730633834992
Error during prediction: not enough values to unpack (expected 4, got 3)
Warning: no valid data for plotting.
Island 3 BEST SO FAR: 1.371730633834992 DISTANCE FROM KALMAN FILTER : inf 
Island 3 BEST Graph : digraph {
  0 [label = i0]
  1 [label = i1]
  2 [label = i2]
  3 [label = i3]
  4 [label = i4]
  5 [label = "matmul"]
  4 -> 5 [color = red]
  3 -> 5 [color = blue]
  7 [label = "minus"]
  0 -> 7 [color = red]
  5 -> 7 [color = blue]
  8 [label = "add"]
  4 -> 8 [color = red]
  7 -> 8 [color = blue]
  9 [label = "matmul"]
  2 -> 9 [color = red]
  5 -> 9 [color = blue]
  12 [label = o0]
  9 -> 12
  13 [label = o1]
  1 -> 13
  14 [label = o2]
  8 -> 14
}

