Sanity check loss: 1.1180493160255696
Generation 00000 - Island 0 Best found in this generation: 2.0693430330577183
Error during prediction: not enough values to unpack (expected 4, got 3)
Warning: no valid data for plotting.
Island 0 BEST SO FAR: 2.0729552781897684 DISTANCE FROM KALMAN FILTER : inf 
Island 0 BEST Graph : digraph {
  0 [label = i0]
  1 [label = i1]
  2 [label = i2]
  3 [label = i3]
  4 [label = i4]
  8 [label = "transpose"]
  2 -> 8
  12 [label = o0]
  4 -> 12
  13 [label = o1]
  8 -> 13
  14 [label = o2]
  2 -> 14
}

Generation 00000 - Island 1 Best found in this generation: 2.0734878770384704
Error during prediction: not enough values to unpack (expected 4, got 3)
Warning: no valid data for plotting.
Island 1 BEST SO FAR: 2.0729552781897684 DISTANCE FROM KALMAN FILTER : inf 
Island 1 BEST Graph : digraph {
  0 [label = i0]
  1 [label = i1]
  2 [label = i2]
  3 [label = i3]
  4 [label = i4]
  12 [label = o0]
  4 -> 12
  13 [label = o1]
  2 -> 13
  14 [label = o2]
  2 -> 14
}

Generation 00000 - Island 2 Best found in this generation: 2.072305948897083
Error during prediction: not enough values to unpack (expected 4, got 3)
Warning: no valid data for plotting.
Island 2 BEST SO FAR: 2.0729552781897684 DISTANCE FROM KALMAN FILTER : inf 
Island 2 BEST Graph : digraph {
  0 [label = i0]
  1 [label = i1]
  2 [label = i2]
  3 [label = i3]
  4 [label = i4]
  12 [label = o0]
  4 -> 12
  13 [label = o1]
  2 -> 13
  14 [label = o2]
  2 -> 14
}

Generation 00000 - Island 3 Best found in this generation: 2.0693339070963503
Error during prediction: not enough values to unpack (expected 4, got 3)
Warning: no valid data for plotting.
Island 3 BEST SO FAR: 2.0693430330577183 DISTANCE FROM KALMAN FILTER : inf 
Island 3 BEST Graph : digraph {
  0 [label = i0]
  1 [label = i1]
  2 [label = i2]
  3 [label = i3]
  4 [label = i4]
  7 [label = "matmul"]
  2 -> 7 [color = red]
  0 -> 7 [color = blue]
  11 [label = "transpose"]
  7 -> 11
  12 [label = o0]
  4 -> 12
  13 [label = o1]
  2 -> 13
  14 [label = o2]
  11 -> 14
}


--- Resetting half of the worst islands ---
Best half island indices: [1, 3]
Resetting Island 0 using best from Island 1
Resetting Island 2 using best from Island 3
Generation 00050 - Island 0 Best found in this generation: 1.7977876922965743
Error during prediction: not enough values to unpack (expected 4, got 3)
Warning: no valid data for plotting.
Island 0 BEST SO FAR: 1.7575029576425871 DISTANCE FROM KALMAN FILTER : inf 
Island 0 BEST Graph : digraph {
  0 [label = i0]
  1 [label = i1]
  2 [label = i2]
  3 [label = i3]
  4 [label = i4]
  5 [label = "add"]
  2 -> 5 [color = red]
  2 -> 5 [color = blue]
  8 [label = "matmul"]
  1 -> 8 [color = red]
  0 -> 8 [color = blue]
  10 [label = "minus"]
  8 -> 10 [color = red]
  4 -> 10 [color = blue]
  12 [label = o0]
  4 -> 12
  13 [label = o1]
  5 -> 13
  14 [label = o2]
  10 -> 14
}

Generation 00050 - Island 1 Best found in this generation: 1.9935024239245296
Error during prediction: not enough values to unpack (expected 4, got 3)
Warning: no valid data for plotting.
Island 1 BEST SO FAR: 1.7575029576425871 DISTANCE FROM KALMAN FILTER : inf 
Island 1 BEST Graph : digraph {
  0 [label = i0]
  1 [label = i1]
  2 [label = i2]
  3 [label = i3]
  4 [label = i4]
  5 [label = "add"]
  2 -> 5 [color = red]
  2 -> 5 [color = blue]
  7 [label = "transpose"]
  5 -> 7
  8 [label = "matmul"]
  1 -> 8 [color = red]
  0 -> 8 [color = blue]
  10 [label = "minus"]
  8 -> 10 [color = red]
  4 -> 10 [color = blue]
  12 [label = o0]
  4 -> 12
  13 [label = o1]
  7 -> 13
  14 [label = o2]
  10 -> 14
}

Generation 00050 - Island 2 Best found in this generation: 1.7575029576425871
Error during prediction: not enough values to unpack (expected 4, got 3)
Warning: no valid data for plotting.
Island 2 BEST SO FAR: 1.7977876922965743 DISTANCE FROM KALMAN FILTER : inf 
Island 2 BEST Graph : digraph {
  0 [label = i0]
  1 [label = i1]
  2 [label = i2]
  3 [label = i3]
  4 [label = i4]
  5 [label = "minus"]
  3 -> 5 [color = red]
  1 -> 5 [color = blue]
  6 [label = "matmul"]
  3 -> 6 [color = red]
  2 -> 6 [color = blue]
  7 [label = "add"]
  4 -> 7 [color = red]
  6 -> 7 [color = blue]
  8 [label = "minus"]
  0 -> 8 [color = red]
  7 -> 8 [color = blue]
  9 [label = "add"]
  2 -> 9 [color = red]
  5 -> 9 [color = blue]
  12 [label = o0]
  4 -> 12
  13 [label = o1]
  9 -> 13
  14 [label = o2]
  8 -> 14
}

Generation 00050 - Island 3 Best found in this generation: 1.7977876922965743
Error during prediction: not enough values to unpack (expected 4, got 3)
Warning: no valid data for plotting.
Island 3 BEST SO FAR: 1.7977876922965743 DISTANCE FROM KALMAN FILTER : inf 
Island 3 BEST Graph : digraph {
  0 [label = i0]
  1 [label = i1]
  2 [label = i2]
  3 [label = i3]
  4 [label = i4]
  5 [label = "minus"]
  3 -> 5 [color = red]
  1 -> 5 [color = blue]
  6 [label = "matmul"]
  3 -> 6 [color = red]
  2 -> 6 [color = blue]
  7 [label = "add"]
  4 -> 7 [color = red]
  6 -> 7 [color = blue]
  8 [label = "minus"]
  0 -> 8 [color = red]
  7 -> 8 [color = blue]
  9 [label = "add"]
  2 -> 9 [color = red]
  5 -> 9 [color = blue]
  12 [label = o0]
  4 -> 12
  13 [label = o1]
  9 -> 13
  14 [label = o2]
  8 -> 14
}


--- Resetting half of the worst islands ---
Best half island indices: [1, 0]
Resetting Island 3 using best from Island 1
Resetting Island 2 using best from Island 0
Generation 00100 - Island 0 Best found in this generation: 1.4965465234751383
Error during prediction: not enough values to unpack (expected 4, got 3)
Warning: no valid data for plotting.
Island 0 BEST SO FAR: 1.7563956560451046 DISTANCE FROM KALMAN FILTER : inf 
Island 0 BEST Graph : digraph {
  0 [label = i0]
  1 [label = i1]
  2 [label = i2]
  3 [label = i3]
  4 [label = i4]
  5 [label = "add"]
  2 -> 5 [color = red]
  2 -> 5 [color = blue]
  6 [label = "matmul"]
  2 -> 6 [color = red]
  4 -> 6 [color = blue]
  7 [label = "transpose"]
  5 -> 7
  8 [label = "matmul"]
  1 -> 8 [color = red]
  0 -> 8 [color = blue]
  12 [label = o0]
  6 -> 12
  13 [label = o1]
  7 -> 13
  14 [label = o2]
  8 -> 14
}

Generation 00100 - Island 1 Best found in this generation: 1.7575029576425871
Error during prediction: not enough values to unpack (expected 4, got 3)
Warning: no valid data for plotting.
Island 1 BEST SO FAR: 1.5009613341478036 DISTANCE FROM KALMAN FILTER : inf 
Island 1 BEST Graph : digraph {
  0 [label = i0]
  1 [label = i1]
  2 [label = i2]
  3 [label = i3]
  4 [label = i4]
  5 [label = "transpose"]
  2 -> 5
  7 [label = "add"]
  5 -> 7 [color = red]
  5 -> 7 [color = blue]
  8 [label = "matmul"]
  1 -> 8 [color = red]
  4 -> 8 [color = blue]
  10 [label = "minus"]
  8 -> 10 [color = red]
  0 -> 10 [color = blue]
  12 [label = o0]
  0 -> 12
  13 [label = o1]
  7 -> 13
  14 [label = o2]
  10 -> 14
}

Generation 00100 - Island 2 Best found in this generation: 1.7575029576425871
Error during prediction: not enough values to unpack (expected 4, got 3)
Warning: no valid data for plotting.
Island 2 BEST SO FAR: 1.4965465234751383 DISTANCE FROM KALMAN FILTER : inf 
Island 2 BEST Graph : digraph {
  0 [label = i0]
  1 [label = i1]
  2 [label = i2]
  3 [label = i3]
  4 [label = i4]
  5 [label = "add"]
  2 -> 5 [color = red]
  2 -> 5 [color = blue]
  6 [label = "matmul"]
  2 -> 6 [color = red]
  0 -> 6 [color = blue]
  7 [label = "transpose"]
  5 -> 7
  8 [label = "matmul"]
  1 -> 8 [color = red]
  4 -> 8 [color = blue]
  12 [label = o0]
  6 -> 12
  13 [label = o1]
  7 -> 13
  14 [label = o2]
  8 -> 14
}

Generation 00100 - Island 3 Best found in this generation: 1.7563956560451046
Error during prediction: not enough values to unpack (expected 4, got 3)
Warning: no valid data for plotting.
Island 3 BEST SO FAR: 1.5009613341478036 DISTANCE FROM KALMAN FILTER : inf 
Island 3 BEST Graph : digraph {
  0 [label = i0]
  1 [label = i1]
  2 [label = i2]
  3 [label = i3]
  4 [label = i4]
  5 [label = "transpose"]
  2 -> 5
  7 [label = "add"]
  5 -> 7 [color = red]
  5 -> 7 [color = blue]
  8 [label = "matmul"]
  1 -> 8 [color = red]
  4 -> 8 [color = blue]
  10 [label = "minus"]
  8 -> 10 [color = red]
  0 -> 10 [color = blue]
  12 [label = o0]
  0 -> 12
  13 [label = o1]
  7 -> 13
  14 [label = o2]
  10 -> 14
}


--- Resetting half of the worst islands ---
Best half island indices: [2, 3]
Resetting Island 1 using best from Island 2
Resetting Island 0 using best from Island 3
Generation 00150 - Island 0 Best found in this generation: 1.4965465234751383
Error during prediction: not enough values to unpack (expected 4, got 3)
Warning: no valid data for plotting.
Island 0 BEST SO FAR: 1.4965465234751383 DISTANCE FROM KALMAN FILTER : inf 
Island 0 BEST Graph : digraph {
  0 [label = i0]
  1 [label = i1]
  2 [label = i2]
  3 [label = i3]
  4 [label = i4]
  5 [label = "transpose"]
  2 -> 5
  7 [label = "add"]
  5 -> 7 [color = red]
  2 -> 7 [color = blue]
  8 [label = "matmul"]
  1 -> 8 [color = red]
  4 -> 8 [color = blue]
  11 [label = "matmul"]
  0 -> 11 [color = red]
  5 -> 11 [color = blue]
  12 [label = o0]
  11 -> 12
  13 [label = o1]
  7 -> 13
  14 [label = o2]
  8 -> 14
}

Generation 00150 - Island 1 Best found in this generation: 1.4965465234751383
Error during prediction: not enough values to unpack (expected 4, got 3)
Warning: no valid data for plotting.
Island 1 BEST SO FAR: 1.3745510994770327 DISTANCE FROM KALMAN FILTER : inf 
Island 1 BEST Graph : digraph {
  0 [label = i0]
  1 [label = i1]
  2 [label = i2]
  3 [label = i3]
  4 [label = i4]
  6 [label = "matmul"]
  2 -> 6 [color = red]
  4 -> 6 [color = blue]
  12 [label = o0]
  6 -> 12
  13 [label = o1]
  1 -> 13
  14 [label = o2]
  0 -> 14
}

Generation 00150 - Island 2 Best found in this generation: 1.3745510994770327
Error during prediction: not enough values to unpack (expected 4, got 3)
Warning: no valid data for plotting.
Island 2 BEST SO FAR: 1.3745510994770327 DISTANCE FROM KALMAN FILTER : inf 
Island 2 BEST Graph : digraph {
  0 [label = i0]
  1 [label = i1]
  2 [label = i2]
  3 [label = i3]
  4 [label = i4]
  6 [label = "matmul"]
  2 -> 6 [color = red]
  4 -> 6 [color = blue]
  12 [label = o0]
  6 -> 12
  13 [label = o1]
  1 -> 13
  14 [label = o2]
  0 -> 14
}

Generation 00150 - Island 3 Best found in this generation: 1.3745510994770327
Error during prediction: not enough values to unpack (expected 4, got 3)
Warning: no valid data for plotting.
Island 3 BEST SO FAR: 1.4965465234751383 DISTANCE FROM KALMAN FILTER : inf 
Island 3 BEST Graph : digraph {
  0 [label = i0]
  1 [label = i1]
  2 [label = i2]
  3 [label = i3]
  4 [label = i4]
  5 [label = "transpose"]
  2 -> 5
  7 [label = "add"]
  5 -> 7 [color = red]
  2 -> 7 [color = blue]
  8 [label = "matmul"]
  1 -> 8 [color = red]
  4 -> 8 [color = blue]
  11 [label = "matmul"]
  0 -> 11 [color = red]
  5 -> 11 [color = blue]
  12 [label = o0]
  11 -> 12
  13 [label = o1]
  7 -> 13
  14 [label = o2]
  8 -> 14
}


--- Resetting half of the worst islands ---
Best half island indices: [2, 0]
Resetting Island 1 using best from Island 2
Resetting Island 3 using best from Island 0
Generation 00200 - Island 0 Best found in this generation: 1.3745510994770302
Error during prediction: not enough values to unpack (expected 4, got 3)
Warning: no valid data for plotting.
Island 0 BEST SO FAR: 1.3745510994770302 DISTANCE FROM KALMAN FILTER : inf 
Island 0 BEST Graph : digraph {
  0 [label = i0]
  1 [label = i1]
  2 [label = i2]
  3 [label = i3]
  4 [label = i4]
  5 [label = "transpose"]
  2 -> 5
  8 [label = "add"]
  0 -> 8 [color = red]
  4 -> 8 [color = blue]
  9 [label = "minus"]
  4 -> 9 [color = red]
  4 -> 9 [color = blue]
  11 [label = "matmul"]
  8 -> 11 [color = red]
  5 -> 11 [color = blue]
  12 [label = o0]
  11 -> 12
  13 [label = o1]
  1 -> 13
  14 [label = o2]
  9 -> 14
}

Generation 00200 - Island 1 Best found in this generation: 1.3745510994770302
Error during prediction: not enough values to unpack (expected 4, got 3)
Warning: no valid data for plotting.
Island 1 BEST SO FAR: 1.3733303682525622 DISTANCE FROM KALMAN FILTER : inf 
Island 1 BEST Graph : digraph {
  0 [label = i0]
  1 [label = i1]
  2 [label = i2]
  3 [label = i3]
  4 [label = i4]
  5 [label = "matmul"]
  1 -> 5 [color = red]
  2 -> 5 [color = blue]
  6 [label = "matmul"]
  2 -> 6 [color = red]
  4 -> 6 [color = blue]
  7 [label = "add"]
  5 -> 7 [color = red]
  2 -> 7 [color = blue]
  12 [label = o0]
  6 -> 12
  13 [label = o1]
  7 -> 13
  14 [label = o2]
  0 -> 14
}

Generation 00200 - Island 2 Best found in this generation: 1.3733303682525622
Error during prediction: not enough values to unpack (expected 4, got 3)
Warning: no valid data for plotting.
Island 2 BEST SO FAR: 1.3733303682525622 DISTANCE FROM KALMAN FILTER : inf 
Island 2 BEST Graph : digraph {
  0 [label = i0]
  1 [label = i1]
  2 [label = i2]
  3 [label = i3]
  4 [label = i4]
  5 [label = "matmul"]
  1 -> 5 [color = red]
  2 -> 5 [color = blue]
  6 [label = "matmul"]
  2 -> 6 [color = red]
  4 -> 6 [color = blue]
  7 [label = "add"]
  5 -> 7 [color = red]
  2 -> 7 [color = blue]
  12 [label = o0]
  6 -> 12
  13 [label = o1]
  7 -> 13
  14 [label = o2]
  0 -> 14
}

Generation 00200 - Island 3 Best found in this generation: 1.3733303682525622
Error during prediction: not enough values to unpack (expected 4, got 3)
Warning: no valid data for plotting.
Island 3 BEST SO FAR: 1.3745510994770302 DISTANCE FROM KALMAN FILTER : inf 
Island 3 BEST Graph : digraph {
  0 [label = i0]
  1 [label = i1]
  2 [label = i2]
  3 [label = i3]
  4 [label = i4]
  5 [label = "transpose"]
  2 -> 5
  8 [label = "add"]
  0 -> 8 [color = red]
  4 -> 8 [color = blue]
  9 [label = "minus"]
  4 -> 9 [color = red]
  4 -> 9 [color = blue]
  11 [label = "matmul"]
  8 -> 11 [color = red]
  5 -> 11 [color = blue]
  12 [label = o0]
  11 -> 12
  13 [label = o1]
  1 -> 13
  14 [label = o2]
  9 -> 14
}


--- Resetting half of the worst islands ---
Best half island indices: [2, 1]
Resetting Island 0 using best from Island 2
Resetting Island 3 using best from Island 1
Generation 00250 - Island 0 Best found in this generation: 1.3733303682525622
Error during prediction: not enough values to unpack (expected 4, got 3)
Warning: no valid data for plotting.
Island 0 BEST SO FAR: 1.2863942629396155 DISTANCE FROM KALMAN FILTER : inf 
Island 0 BEST Graph : digraph {
  0 [label = i0]
  1 [label = i1]
  2 [label = i2]
  3 [label = i3]
  4 [label = i4]
  6 [label = "matmul"]
  2 -> 6 [color = red]
  0 -> 6 [color = blue]
  7 [label = "add"]
  1 -> 7 [color = red]
  2 -> 7 [color = blue]
  9 [label = "matmul"]
  2 -> 9 [color = red]
  6 -> 9 [color = blue]
  10 [label = "transpose"]
  4 -> 10
  12 [label = o0]
  9 -> 12
  13 [label = o1]
  7 -> 13
  14 [label = o2]
  10 -> 14
}

Generation 00250 - Island 1 Best found in this generation: 1.368910896705036
Error during prediction: not enough values to unpack (expected 4, got 3)
Warning: no valid data for plotting.
Island 1 BEST SO FAR: 1.3733303682525622 DISTANCE FROM KALMAN FILTER : inf 
Island 1 BEST Graph : digraph {
  0 [label = i0]
  1 [label = i1]
  2 [label = i2]
  3 [label = i3]
  4 [label = i4]
  5 [label = "matmul"]
  1 -> 5 [color = red]
  2 -> 5 [color = blue]
  6 [label = "matmul"]
  2 -> 6 [color = red]
  4 -> 6 [color = blue]
  7 [label = "add"]
  5 -> 7 [color = red]
  2 -> 7 [color = blue]
  12 [label = o0]
  6 -> 12
  13 [label = o1]
  7 -> 13
  14 [label = o2]
  0 -> 14
}

Generation 00250 - Island 2 Best found in this generation: 1.3733303682525622
Error during prediction: not enough values to unpack (expected 4, got 3)
Warning: no valid data for plotting.
Island 2 BEST SO FAR: 1.368910896705036 DISTANCE FROM KALMAN FILTER : inf 
Island 2 BEST Graph : digraph {
  0 [label = i0]
  1 [label = i1]
  2 [label = i2]
  3 [label = i3]
  4 [label = i4]
  5 [label = "matmul"]
  1 -> 5 [color = red]
  2 -> 5 [color = blue]
  6 [label = "matmul"]
  2 -> 6 [color = red]
  0 -> 6 [color = blue]
  7 [label = "add"]
  5 -> 7 [color = red]
  2 -> 7 [color = blue]
  10 [label = "transpose"]
  4 -> 10
  12 [label = o0]
  6 -> 12
  13 [label = o1]
  7 -> 13
  14 [label = o2]
  10 -> 14
}

Generation 00250 - Island 3 Best found in this generation: 1.368910896705036
Error during prediction: not enough values to unpack (expected 4, got 3)
Warning: no valid data for plotting.
Island 3 BEST SO FAR: 1.3733303682525622 DISTANCE FROM KALMAN FILTER : inf 
Island 3 BEST Graph : digraph {
  0 [label = i0]
  1 [label = i1]
  2 [label = i2]
  3 [label = i3]
  4 [label = i4]
  5 [label = "matmul"]
  1 -> 5 [color = red]
  2 -> 5 [color = blue]
  6 [label = "matmul"]
  2 -> 6 [color = red]
  4 -> 6 [color = blue]
  7 [label = "add"]
  5 -> 7 [color = red]
  2 -> 7 [color = blue]
  12 [label = o0]
  6 -> 12
  13 [label = o1]
  7 -> 13
  14 [label = o2]
  0 -> 14
}


--- Resetting half of the worst islands ---
Best half island indices: [0, 2]
Resetting Island 1 using best from Island 0
Resetting Island 3 using best from Island 2
Generation 00300 - Island 0 Best found in this generation: 1.2863942629396177
Error during prediction: not enough values to unpack (expected 4, got 3)
Warning: no valid data for plotting.
Island 0 BEST SO FAR: 1.2863942629396155 DISTANCE FROM KALMAN FILTER : inf 
Island 0 BEST Graph : digraph {
  0 [label = i0]
  1 [label = i1]
  2 [label = i2]
  3 [label = i3]
  4 [label = i4]
  6 [label = "matmul"]
  2 -> 6 [color = red]
  0 -> 6 [color = blue]
  7 [label = "add"]
  1 -> 7 [color = red]
  2 -> 7 [color = blue]
  9 [label = "matmul"]
  2 -> 9 [color = red]
  6 -> 9 [color = blue]
  10 [label = "transpose"]
  4 -> 10
  12 [label = o0]
  9 -> 12
  13 [label = o1]
  7 -> 13
  14 [label = o2]
  10 -> 14
}

Generation 00300 - Island 1 Best found in this generation: 1.2863942629396155
Error during prediction: not enough values to unpack (expected 4, got 3)
Warning: no valid data for plotting.
Island 1 BEST SO FAR: 1.2863942629396155 DISTANCE FROM KALMAN FILTER : inf 
Island 1 BEST Graph : digraph {
  0 [label = i0]
  1 [label = i1]
  2 [label = i2]
  3 [label = i3]
  4 [label = i4]
  6 [label = "matmul"]
  2 -> 6 [color = red]
  0 -> 6 [color = blue]
  7 [label = "add"]
  1 -> 7 [color = red]
  2 -> 7 [color = blue]
  9 [label = "matmul"]
  2 -> 9 [color = red]
  6 -> 9 [color = blue]
  10 [label = "transpose"]
  4 -> 10
  12 [label = o0]
  9 -> 12
  13 [label = o1]
  7 -> 13
  14 [label = o2]
  10 -> 14
}

Generation 00300 - Island 2 Best found in this generation: 1.2863942629396155
Error during prediction: not enough values to unpack (expected 4, got 3)
Warning: no valid data for plotting.
Island 2 BEST SO FAR: 1.2863942629396177 DISTANCE FROM KALMAN FILTER : inf 
Island 2 BEST Graph : digraph {
  0 [label = i0]
  1 [label = i1]
  2 [label = i2]
  3 [label = i3]
  4 [label = i4]
  5 [label = "matmul"]
  2 -> 5 [color = red]
  2 -> 5 [color = blue]
  6 [label = "matmul"]
  5 -> 6 [color = red]
  0 -> 6 [color = blue]
  7 [label = "add"]
  2 -> 7 [color = red]
  1 -> 7 [color = blue]
  12 [label = o0]
  6 -> 12
  13 [label = o1]
  7 -> 13
  14 [label = o2]
  4 -> 14
}

Generation 00300 - Island 3 Best found in this generation: 1.2863942629396177
Error during prediction: not enough values to unpack (expected 4, got 3)
Warning: no valid data for plotting.
Island 3 BEST SO FAR: 1.2863942629396177 DISTANCE FROM KALMAN FILTER : inf 
Island 3 BEST Graph : digraph {
  0 [label = i0]
  1 [label = i1]
  2 [label = i2]
  3 [label = i3]
  4 [label = i4]
  5 [label = "matmul"]
  2 -> 5 [color = red]
  2 -> 5 [color = blue]
  6 [label = "matmul"]
  5 -> 6 [color = red]
  0 -> 6 [color = blue]
  7 [label = "add"]
  2 -> 7 [color = red]
  1 -> 7 [color = blue]
  12 [label = o0]
  6 -> 12
  13 [label = o1]
  7 -> 13
  14 [label = o2]
  4 -> 14
}

