Sanity check loss: 1.1180493160255696
Generation 00000 - Island 0 Best found in this generation: 2.0729552781897684
Error during prediction: not enough values to unpack (expected 4, got 3)
Warning: no valid data for plotting.
Island 0 BEST SO FAR: 2.0729552781897684 DISTANCE FROM KALMAN FILTER : inf 
Island 0 BEST Graph : digraph {
  0 [label = i0]
  1 [label = i1]
  2 [label = i2]
  3 [label = i3]
  4 [label = i4]
  12 [label = o0]
  4 -> 12
  13 [label = o1]
  2 -> 13
  14 [label = o2]
  2 -> 14
}

Generation 00000 - Island 1 Best found in this generation: 2.0729552781897684
Error during prediction: not enough values to unpack (expected 4, got 3)
Warning: no valid data for plotting.
Island 1 BEST SO FAR: 2.0693430330577183 DISTANCE FROM KALMAN FILTER : inf 
Island 1 BEST Graph : digraph {
  0 [label = i0]
  1 [label = i1]
  2 [label = i2]
  3 [label = i3]
  4 [label = i4]
  5 [label = "transpose"]
  0 -> 5
  6 [label = "transpose"]
  2 -> 6
  11 [label = "matmul"]
  5 -> 11 [color = red]
  6 -> 11 [color = blue]
  12 [label = o0]
  4 -> 12
  13 [label = o1]
  6 -> 13
  14 [label = o2]
  11 -> 14
}

Generation 00000 - Island 2 Best found in this generation: 2.0718754188429465
Error during prediction: not enough values to unpack (expected 4, got 3)
Warning: no valid data for plotting.
Island 2 BEST SO FAR: 2.072200792058324 DISTANCE FROM KALMAN FILTER : inf 
Island 2 BEST Graph : digraph {
  0 [label = i0]
  1 [label = i1]
  2 [label = i2]
  3 [label = i3]
  4 [label = i4]
  7 [label = "matmul"]
  2 -> 7 [color = red]
  2 -> 7 [color = blue]
  12 [label = o0]
  4 -> 12
  13 [label = o1]
  2 -> 13
  14 [label = o2]
  7 -> 14
}

Generation 00000 - Island 3 Best found in this generation: 2.068453548340845
Error during prediction: not enough values to unpack (expected 4, got 3)
Warning: no valid data for plotting.
Island 3 BEST SO FAR: 2.0729552781897684 DISTANCE FROM KALMAN FILTER : inf 
Island 3 BEST Graph : digraph {
  0 [label = i0]
  1 [label = i1]
  2 [label = i2]
  3 [label = i3]
  4 [label = i4]
  9 [label = "transpose"]
  2 -> 9
  12 [label = o0]
  4 -> 12
  13 [label = o1]
  9 -> 13
  14 [label = o2]
  2 -> 14
}


--- Resetting half of the worst islands ---
Best half island indices: [2, 3]
Resetting Island 0 using best from Island 2
Resetting Island 1 using best from Island 3
Generation 00050 - Island 0 Best found in this generation: 1.7575029576425871
Error during prediction: not enough values to unpack (expected 4, got 3)
Warning: no valid data for plotting.
Island 0 BEST SO FAR: 1.4293511389922637 DISTANCE FROM KALMAN FILTER : inf 
Island 0 BEST Graph : digraph {
  0 [label = i0]
  1 [label = i1]
  2 [label = i2]
  3 [label = i3]
  4 [label = i4]
  6 [label = "transpose"]
  1 -> 6
  7 [label = "matmul"]
  0 -> 7 [color = red]
  6 -> 7 [color = blue]
  8 [label = "minus"]
  4 -> 8 [color = red]
  3 -> 8 [color = blue]
  10 [label = "minus"]
  7 -> 10 [color = red]
  8 -> 10 [color = blue]
  11 [label = "minus"]
  6 -> 11 [color = red]
  3 -> 11 [color = blue]
  12 [label = o0]
  4 -> 12
  13 [label = o1]
  11 -> 13
  14 [label = o2]
  10 -> 14
}

Generation 00050 - Island 1 Best found in this generation: 1.9944800515580297
Error during prediction: not enough values to unpack (expected 4, got 3)
Warning: no valid data for plotting.
Island 1 BEST SO FAR: 1.7575029576425871 DISTANCE FROM KALMAN FILTER : inf 
Island 1 BEST Graph : digraph {
  0 [label = i0]
  1 [label = i1]
  2 [label = i2]
  3 [label = i3]
  4 [label = i4]
  7 [label = "matmul"]
  1 -> 7 [color = red]
  0 -> 7 [color = blue]
  8 [label = "minus"]
  7 -> 8 [color = red]
  4 -> 8 [color = blue]
  11 [label = "add"]
  2 -> 11 [color = red]
  2 -> 11 [color = blue]
  12 [label = o0]
  4 -> 12
  13 [label = o1]
  11 -> 13
  14 [label = o2]
  8 -> 14
}

Generation 00050 - Island 2 Best found in this generation: 1.7575029576425871
Error during prediction: not enough values to unpack (expected 4, got 3)
Warning: no valid data for plotting.
Island 2 BEST SO FAR: 1.435539884822882 DISTANCE FROM KALMAN FILTER : inf 
Island 2 BEST Graph : digraph {
  0 [label = i0]
  1 [label = i1]
  2 [label = i2]
  3 [label = i3]
  4 [label = i4]
  6 [label = "transpose"]
  1 -> 6
  7 [label = "matmul"]
  0 -> 7 [color = red]
  6 -> 7 [color = blue]
  8 [label = "add"]
  4 -> 8 [color = red]
  3 -> 8 [color = blue]
  10 [label = "minus"]
  7 -> 10 [color = red]
  8 -> 10 [color = blue]
  11 [label = "minus"]
  6 -> 11 [color = red]
  3 -> 11 [color = blue]
  12 [label = o0]
  4 -> 12
  13 [label = o1]
  11 -> 13
  14 [label = o2]
  10 -> 14
}

Generation 00050 - Island 3 Best found in this generation: 1.7575029576425871
Error during prediction: not enough values to unpack (expected 4, got 3)
Warning: no valid data for plotting.
Island 3 BEST SO FAR: 1.7575029576425871 DISTANCE FROM KALMAN FILTER : inf 
Island 3 BEST Graph : digraph {
  0 [label = i0]
  1 [label = i1]
  2 [label = i2]
  3 [label = i3]
  4 [label = i4]
  7 [label = "matmul"]
  1 -> 7 [color = red]
  0 -> 7 [color = blue]
  8 [label = "minus"]
  7 -> 8 [color = red]
  4 -> 8 [color = blue]
  11 [label = "add"]
  2 -> 11 [color = red]
  2 -> 11 [color = blue]
  12 [label = o0]
  4 -> 12
  13 [label = o1]
  11 -> 13
  14 [label = o2]
  8 -> 14
}


--- Resetting half of the worst islands ---
Best half island indices: [1, 2]
Resetting Island 0 using best from Island 1
Resetting Island 3 using best from Island 2
Generation 00100 - Island 0 Best found in this generation: 1.4166497418129484
Error during prediction: not enough values to unpack (expected 4, got 3)
Warning: no valid data for plotting.
Island 0 BEST SO FAR: 1.2863942629396177 DISTANCE FROM KALMAN FILTER : inf 
Island 0 BEST Graph : digraph {
  0 [label = i0]
  1 [label = i1]
  2 [label = i2]
  3 [label = i3]
  4 [label = i4]
  6 [label = "matmul"]
  2 -> 6 [color = red]
  2 -> 6 [color = blue]
  7 [label = "matmul"]
  6 -> 7 [color = red]
  0 -> 7 [color = blue]
  11 [label = "add"]
  1 -> 11 [color = red]
  2 -> 11 [color = blue]
  12 [label = o0]
  7 -> 12
  13 [label = o1]
  11 -> 13
  14 [label = o2]
  4 -> 14
}

Generation 00100 - Island 1 Best found in this generation: 1.2863942629396177
Error during prediction: not enough values to unpack (expected 4, got 3)
Warning: no valid data for plotting.
Island 1 BEST SO FAR: 1.2863942629396177 DISTANCE FROM KALMAN FILTER : inf 
Island 1 BEST Graph : digraph {
  0 [label = i0]
  1 [label = i1]
  2 [label = i2]
  3 [label = i3]
  4 [label = i4]
  6 [label = "matmul"]
  2 -> 6 [color = red]
  2 -> 6 [color = blue]
  7 [label = "matmul"]
  6 -> 7 [color = red]
  0 -> 7 [color = blue]
  11 [label = "add"]
  1 -> 11 [color = red]
  2 -> 11 [color = blue]
  12 [label = o0]
  7 -> 12
  13 [label = o1]
  11 -> 13
  14 [label = o2]
  4 -> 14
}

Generation 00100 - Island 2 Best found in this generation: 1.3745510994770327
Error during prediction: not enough values to unpack (expected 4, got 3)
Warning: no valid data for plotting.
Island 2 BEST SO FAR: 1.4166497418129484 DISTANCE FROM KALMAN FILTER : inf 
Island 2 BEST Graph : digraph {
  0 [label = i0]
  1 [label = i1]
  2 [label = i2]
  3 [label = i3]
  4 [label = i4]
  6 [label = "transpose"]
  1 -> 6
  7 [label = "matmul"]
  0 -> 7 [color = red]
  6 -> 7 [color = blue]
  8 [label = "add"]
  4 -> 8 [color = red]
  3 -> 8 [color = blue]
  9 [label = "add"]
  3 -> 9 [color = red]
  7 -> 9 [color = blue]
  10 [label = "minus"]
  9 -> 10 [color = red]
  8 -> 10 [color = blue]
  11 [label = "minus"]
  6 -> 11 [color = red]
  3 -> 11 [color = blue]
  12 [label = o0]
  4 -> 12
  13 [label = o1]
  11 -> 13
  14 [label = o2]
  10 -> 14
}

Generation 00100 - Island 3 Best found in this generation: 1.4293511389922637
Error during prediction: not enough values to unpack (expected 4, got 3)
Warning: no valid data for plotting.
Island 3 BEST SO FAR: 1.4166497418129484 DISTANCE FROM KALMAN FILTER : inf 
Island 3 BEST Graph : digraph {
  0 [label = i0]
  1 [label = i1]
  2 [label = i2]
  3 [label = i3]
  4 [label = i4]
  6 [label = "transpose"]
  1 -> 6
  7 [label = "matmul"]
  0 -> 7 [color = red]
  6 -> 7 [color = blue]
  8 [label = "add"]
  4 -> 8 [color = red]
  3 -> 8 [color = blue]
  9 [label = "add"]
  3 -> 9 [color = red]
  7 -> 9 [color = blue]
  10 [label = "minus"]
  9 -> 10 [color = red]
  8 -> 10 [color = blue]
  11 [label = "minus"]
  6 -> 11 [color = red]
  3 -> 11 [color = blue]
  12 [label = o0]
  4 -> 12
  13 [label = o1]
  11 -> 13
  14 [label = o2]
  10 -> 14
}


--- Resetting half of the worst islands ---
Best half island indices: [0, 1]
Resetting Island 2 using best from Island 0
Resetting Island 3 using best from Island 1
Generation 00150 - Island 0 Best found in this generation: 1.2863942629396177
Error during prediction: not enough values to unpack (expected 4, got 3)
Warning: no valid data for plotting.
Island 0 BEST SO FAR: 1.2863942629396177 DISTANCE FROM KALMAN FILTER : inf 
Island 0 BEST Graph : digraph {
  0 [label = i0]
  1 [label = i1]
  2 [label = i2]
  3 [label = i3]
  4 [label = i4]
  6 [label = "matmul"]
  2 -> 6 [color = red]
  2 -> 6 [color = blue]
  7 [label = "matmul"]
  6 -> 7 [color = red]
  0 -> 7 [color = blue]
  11 [label = "add"]
  1 -> 11 [color = red]
  2 -> 11 [color = blue]
  12 [label = o0]
  7 -> 12
  13 [label = o1]
  11 -> 13
  14 [label = o2]
  4 -> 14
}

Generation 00150 - Island 1 Best found in this generation: 1.2863942629396177
Error during prediction: not enough values to unpack (expected 4, got 3)
Warning: no valid data for plotting.
Island 1 BEST SO FAR: 1.2863942629396177 DISTANCE FROM KALMAN FILTER : inf 
Island 1 BEST Graph : digraph {
  0 [label = i0]
  1 [label = i1]
  2 [label = i2]
  3 [label = i3]
  4 [label = i4]
  6 [label = "matmul"]
  2 -> 6 [color = red]
  2 -> 6 [color = blue]
  7 [label = "matmul"]
  6 -> 7 [color = red]
  0 -> 7 [color = blue]
  11 [label = "add"]
  1 -> 11 [color = red]
  2 -> 11 [color = blue]
  12 [label = o0]
  7 -> 12
  13 [label = o1]
  11 -> 13
  14 [label = o2]
  4 -> 14
}

Generation 00150 - Island 2 Best found in this generation: 1.368910896705036
Error during prediction: not enough values to unpack (expected 4, got 3)
Warning: no valid data for plotting.
Island 2 BEST SO FAR: 1.2863942629396177 DISTANCE FROM KALMAN FILTER : inf 
Island 2 BEST Graph : digraph {
  0 [label = i0]
  1 [label = i1]
  2 [label = i2]
  3 [label = i3]
  4 [label = i4]
  6 [label = "matmul"]
  2 -> 6 [color = red]
  2 -> 6 [color = blue]
  7 [label = "matmul"]
  6 -> 7 [color = red]
  0 -> 7 [color = blue]
  11 [label = "add"]
  1 -> 11 [color = red]
  2 -> 11 [color = blue]
  12 [label = o0]
  7 -> 12
  13 [label = o1]
  11 -> 13
  14 [label = o2]
  4 -> 14
}

Generation 00150 - Island 3 Best found in this generation: 1.2863942629396177
Error during prediction: not enough values to unpack (expected 4, got 3)
Warning: no valid data for plotting.
Island 3 BEST SO FAR: 1.2863942629396177 DISTANCE FROM KALMAN FILTER : inf 
Island 3 BEST Graph : digraph {
  0 [label = i0]
  1 [label = i1]
  2 [label = i2]
  3 [label = i3]
  4 [label = i4]
  6 [label = "matmul"]
  2 -> 6 [color = red]
  2 -> 6 [color = blue]
  7 [label = "matmul"]
  6 -> 7 [color = red]
  0 -> 7 [color = blue]
  11 [label = "add"]
  1 -> 11 [color = red]
  2 -> 11 [color = blue]
  12 [label = o0]
  7 -> 12
  13 [label = o1]
  11 -> 13
  14 [label = o2]
  4 -> 14
}


--- Resetting half of the worst islands ---
Best half island indices: [1, 3]
Resetting Island 0 using best from Island 1
Resetting Island 2 using best from Island 3
Generation 00200 - Island 0 Best found in this generation: 1.2863942629396155
Error during prediction: not enough values to unpack (expected 4, got 3)
Warning: no valid data for plotting.
Island 0 BEST SO FAR: 1.2863942629396155 DISTANCE FROM KALMAN FILTER : inf 
Island 0 BEST Graph : digraph {
  0 [label = i0]
  1 [label = i1]
  2 [label = i2]
  3 [label = i3]
  4 [label = i4]
  6 [label = "matmul"]
  2 -> 6 [color = red]
  0 -> 6 [color = blue]
  7 [label = "matmul"]
  2 -> 7 [color = red]
  6 -> 7 [color = blue]
  11 [label = "add"]
  1 -> 11 [color = red]
  2 -> 11 [color = blue]
  12 [label = o0]
  7 -> 12
  13 [label = o1]
  11 -> 13
  14 [label = o2]
  4 -> 14
}

Generation 00200 - Island 1 Best found in this generation: 1.2863942629396155
Error during prediction: not enough values to unpack (expected 4, got 3)
Warning: no valid data for plotting.
Island 1 BEST SO FAR: 1.2863942629396155 DISTANCE FROM KALMAN FILTER : inf 
Island 1 BEST Graph : digraph {
  0 [label = i0]
  1 [label = i1]
  2 [label = i2]
  3 [label = i3]
  4 [label = i4]
  6 [label = "matmul"]
  2 -> 6 [color = red]
  0 -> 6 [color = blue]
  7 [label = "matmul"]
  2 -> 7 [color = red]
  6 -> 7 [color = blue]
  11 [label = "add"]
  1 -> 11 [color = red]
  2 -> 11 [color = blue]
  12 [label = o0]
  7 -> 12
  13 [label = o1]
  11 -> 13
  14 [label = o2]
  4 -> 14
}

Generation 00200 - Island 2 Best found in this generation: 1.2863942629396177
Error during prediction: not enough values to unpack (expected 4, got 3)
Warning: no valid data for plotting.
Island 2 BEST SO FAR: 1.2863942629396155 DISTANCE FROM KALMAN FILTER : inf 
Island 2 BEST Graph : digraph {
  0 [label = i0]
  1 [label = i1]
  2 [label = i2]
  3 [label = i3]
  4 [label = i4]
  5 [label = "matmul"]
  2 -> 5 [color = red]
  0 -> 5 [color = blue]
  7 [label = "matmul"]
  2 -> 7 [color = red]
  5 -> 7 [color = blue]
  11 [label = "add"]
  1 -> 11 [color = red]
  2 -> 11 [color = blue]
  12 [label = o0]
  7 -> 12
  13 [label = o1]
  11 -> 13
  14 [label = o2]
  4 -> 14
}

Generation 00200 - Island 3 Best found in this generation: 1.2863942629396155
Error during prediction: not enough values to unpack (expected 4, got 3)
Warning: no valid data for plotting.
Island 3 BEST SO FAR: 1.2863942629396155 DISTANCE FROM KALMAN FILTER : inf 
Island 3 BEST Graph : digraph {
  0 [label = i0]
  1 [label = i1]
  2 [label = i2]
  3 [label = i3]
  4 [label = i4]
  5 [label = "matmul"]
  2 -> 5 [color = red]
  0 -> 5 [color = blue]
  7 [label = "matmul"]
  2 -> 7 [color = red]
  5 -> 7 [color = blue]
  11 [label = "add"]
  1 -> 11 [color = red]
  2 -> 11 [color = blue]
  12 [label = o0]
  7 -> 12
  13 [label = o1]
  11 -> 13
  14 [label = o2]
  4 -> 14
}


--- Resetting half of the worst islands ---
Best half island indices: [1, 0]
Resetting Island 2 using best from Island 1
Resetting Island 3 using best from Island 0
Generation 00250 - Island 0 Best found in this generation: 1.2863942629396155
Error during prediction: not enough values to unpack (expected 4, got 3)
Warning: no valid data for plotting.
Island 0 BEST SO FAR: 1.2863942629396155 DISTANCE FROM KALMAN FILTER : inf 
Island 0 BEST Graph : digraph {
  0 [label = i0]
  1 [label = i1]
  2 [label = i2]
  3 [label = i3]
  4 [label = i4]
  6 [label = "matmul"]
  2 -> 6 [color = red]
  0 -> 6 [color = blue]
  7 [label = "matmul"]
  2 -> 7 [color = red]
  6 -> 7 [color = blue]
  11 [label = "add"]
  1 -> 11 [color = red]
  2 -> 11 [color = blue]
  12 [label = o0]
  7 -> 12
  13 [label = o1]
  11 -> 13
  14 [label = o2]
  4 -> 14
}

Generation 00250 - Island 1 Best found in this generation: 1.2863942629396155
Error during prediction: not enough values to unpack (expected 4, got 3)
Warning: no valid data for plotting.
Island 1 BEST SO FAR: 1.2863942629396143 DISTANCE FROM KALMAN FILTER : inf 
Island 1 BEST Graph : digraph {
  0 [label = i0]
  1 [label = i1]
  2 [label = i2]
  3 [label = i3]
  4 [label = i4]
  6 [label = "matmul"]
  2 -> 6 [color = red]
  2 -> 6 [color = blue]
  7 [label = "matmul"]
  6 -> 7 [color = red]
  0 -> 7 [color = blue]
  8 [label = "add"]
  7 -> 8 [color = red]
  4 -> 8 [color = blue]
  9 [label = "minus"]
  8 -> 9 [color = red]
  4 -> 9 [color = blue]
  11 [label = "add"]
  1 -> 11 [color = red]
  2 -> 11 [color = blue]
  12 [label = o0]
  9 -> 12
  13 [label = o1]
  11 -> 13
  14 [label = o2]
  4 -> 14
}

Generation 00250 - Island 2 Best found in this generation: 1.2863942629396155
Error during prediction: not enough values to unpack (expected 4, got 3)
Warning: no valid data for plotting.
Island 2 BEST SO FAR: 1.2863942629396143 DISTANCE FROM KALMAN FILTER : inf 
Island 2 BEST Graph : digraph {
  0 [label = i0]
  1 [label = i1]
  2 [label = i2]
  3 [label = i3]
  4 [label = i4]
  6 [label = "matmul"]
  2 -> 6 [color = red]
  2 -> 6 [color = blue]
  7 [label = "matmul"]
  6 -> 7 [color = red]
  0 -> 7 [color = blue]
  8 [label = "add"]
  7 -> 8 [color = red]
  4 -> 8 [color = blue]
  9 [label = "minus"]
  8 -> 9 [color = red]
  4 -> 9 [color = blue]
  11 [label = "add"]
  1 -> 11 [color = red]
  2 -> 11 [color = blue]
  12 [label = o0]
  9 -> 12
  13 [label = o1]
  11 -> 13
  14 [label = o2]
  4 -> 14
}

Generation 00250 - Island 3 Best found in this generation: 1.2863942629396177
Error during prediction: not enough values to unpack (expected 4, got 3)
Warning: no valid data for plotting.
Island 3 BEST SO FAR: 1.2863942629396155 DISTANCE FROM KALMAN FILTER : inf 
Island 3 BEST Graph : digraph {
  0 [label = i0]
  1 [label = i1]
  2 [label = i2]
  3 [label = i3]
  4 [label = i4]
  6 [label = "matmul"]
  2 -> 6 [color = red]
  0 -> 6 [color = blue]
  7 [label = "matmul"]
  2 -> 7 [color = red]
  6 -> 7 [color = blue]
  11 [label = "add"]
  1 -> 11 [color = red]
  2 -> 11 [color = blue]
  12 [label = o0]
  7 -> 12
  13 [label = o1]
  11 -> 13
  14 [label = o2]
  4 -> 14
}


--- Resetting half of the worst islands ---
Best half island indices: [1, 2]
Resetting Island 0 using best from Island 1
Resetting Island 3 using best from Island 2
Generation 00300 - Island 0 Best found in this generation: 1.2863942629396143
Error during prediction: not enough values to unpack (expected 4, got 3)
Warning: no valid data for plotting.
Island 0 BEST SO FAR: 1.2863942629396143 DISTANCE FROM KALMAN FILTER : inf 
Island 0 BEST Graph : digraph {
  0 [label = i0]
  1 [label = i1]
  2 [label = i2]
  3 [label = i3]
  4 [label = i4]
  6 [label = "matmul"]
  2 -> 6 [color = red]
  2 -> 6 [color = blue]
  7 [label = "matmul"]
  6 -> 7 [color = red]
  0 -> 7 [color = blue]
  8 [label = "add"]
  7 -> 8 [color = red]
  4 -> 8 [color = blue]
  9 [label = "minus"]
  8 -> 9 [color = red]
  4 -> 9 [color = blue]
  11 [label = "add"]
  1 -> 11 [color = red]
  2 -> 11 [color = blue]
  12 [label = o0]
  9 -> 12
  13 [label = o1]
  11 -> 13
  14 [label = o2]
  4 -> 14
}

Generation 00300 - Island 1 Best found in this generation: 1.2863942629396143
Error during prediction: not enough values to unpack (expected 4, got 3)
Warning: no valid data for plotting.
Island 1 BEST SO FAR: 1.2863942629396143 DISTANCE FROM KALMAN FILTER : inf 
Island 1 BEST Graph : digraph {
  0 [label = i0]
  1 [label = i1]
  2 [label = i2]
  3 [label = i3]
  4 [label = i4]
  6 [label = "matmul"]
  2 -> 6 [color = red]
  2 -> 6 [color = blue]
  7 [label = "matmul"]
  6 -> 7 [color = red]
  0 -> 7 [color = blue]
  8 [label = "add"]
  7 -> 8 [color = red]
  4 -> 8 [color = blue]
  9 [label = "minus"]
  8 -> 9 [color = red]
  4 -> 9 [color = blue]
  11 [label = "add"]
  1 -> 11 [color = red]
  2 -> 11 [color = blue]
  12 [label = o0]
  9 -> 12
  13 [label = o1]
  11 -> 13
  14 [label = o2]
  4 -> 14
}

Generation 00300 - Island 2 Best found in this generation: 1.2863942629396143
Error during prediction: not enough values to unpack (expected 4, got 3)
Warning: no valid data for plotting.
Island 2 BEST SO FAR: 1.2863942629396143 DISTANCE FROM KALMAN FILTER : inf 
Island 2 BEST Graph : digraph {
  0 [label = i0]
  1 [label = i1]
  2 [label = i2]
  3 [label = i3]
  4 [label = i4]
  6 [label = "matmul"]
  2 -> 6 [color = red]
  2 -> 6 [color = blue]
  7 [label = "matmul"]
  6 -> 7 [color = red]
  0 -> 7 [color = blue]
  8 [label = "add"]
  7 -> 8 [color = red]
  4 -> 8 [color = blue]
  9 [label = "minus"]
  8 -> 9 [color = red]
  4 -> 9 [color = blue]
  11 [label = "add"]
  1 -> 11 [color = red]
  2 -> 11 [color = blue]
  12 [label = o0]
  9 -> 12
  13 [label = o1]
  11 -> 13
  14 [label = o2]
  4 -> 14
}

Generation 00300 - Island 3 Best found in this generation: 1.2863942629396143
Error during prediction: not enough values to unpack (expected 4, got 3)
Warning: no valid data for plotting.
Island 3 BEST SO FAR: 1.2863942629396143 DISTANCE FROM KALMAN FILTER : inf 
Island 3 BEST Graph : digraph {
  0 [label = i0]
  1 [label = i1]
  2 [label = i2]
  3 [label = i3]
  4 [label = i4]
  6 [label = "matmul"]
  2 -> 6 [color = red]
  2 -> 6 [color = blue]
  7 [label = "matmul"]
  6 -> 7 [color = red]
  0 -> 7 [color = blue]
  8 [label = "add"]
  7 -> 8 [color = red]
  4 -> 8 [color = blue]
  9 [label = "minus"]
  8 -> 9 [color = red]
  4 -> 9 [color = blue]
  11 [label = "add"]
  1 -> 11 [color = red]
  2 -> 11 [color = blue]
  12 [label = o0]
  9 -> 12
  13 [label = o1]
  11 -> 13
  14 [label = o2]
  4 -> 14
}


--- Resetting half of the worst islands ---
Best half island indices: [2, 0]
Resetting Island 1 using best from Island 2
Resetting Island 3 using best from Island 0
Generation 00350 - Island 0 Best found in this generation: 1.2863942629396143
Error during prediction: not enough values to unpack (expected 4, got 3)
Warning: no valid data for plotting.
Island 0 BEST SO FAR: 1.2863942629396143 DISTANCE FROM KALMAN FILTER : inf 
Island 0 BEST Graph : digraph {
  0 [label = i0]
  1 [label = i1]
  2 [label = i2]
  3 [label = i3]
  4 [label = i4]
  6 [label = "matmul"]
  2 -> 6 [color = red]
  2 -> 6 [color = blue]
  7 [label = "matmul"]
  6 -> 7 [color = red]
  0 -> 7 [color = blue]
  8 [label = "add"]
  7 -> 8 [color = red]
  4 -> 8 [color = blue]
  9 [label = "minus"]
  8 -> 9 [color = red]
  4 -> 9 [color = blue]
  11 [label = "add"]
  1 -> 11 [color = red]
  2 -> 11 [color = blue]
  12 [label = o0]
  9 -> 12
  13 [label = o1]
  11 -> 13
  14 [label = o2]
  4 -> 14
}

Generation 00350 - Island 1 Best found in this generation: 1.2863942629396143
Error during prediction: not enough values to unpack (expected 4, got 3)
Warning: no valid data for plotting.
Island 1 BEST SO FAR: 1.2863942629388527 DISTANCE FROM KALMAN FILTER : inf 
Island 1 BEST Graph : digraph {
  0 [label = i0]
  1 [label = i1]
  2 [label = i2]
  3 [label = i3]
  4 [label = i4]
  6 [label = "matmul"]
  2 -> 6 [color = red]
  2 -> 6 [color = blue]
  7 [label = "minus"]
  6 -> 7 [color = red]
  0 -> 7 [color = blue]
  8 [label = "add"]
  7 -> 8 [color = red]
  0 -> 8 [color = blue]
  9 [label = "matmul"]
  8 -> 9 [color = red]
  0 -> 9 [color = blue]
  11 [label = "add"]
  1 -> 11 [color = red]
  2 -> 11 [color = blue]
  12 [label = o0]
  9 -> 12
  13 [label = o1]
  11 -> 13
  14 [label = o2]
  4 -> 14
}

Generation 00350 - Island 2 Best found in this generation: 1.2863942629388985
Error during prediction: not enough values to unpack (expected 4, got 3)
Warning: no valid data for plotting.
Island 2 BEST SO FAR: 1.2863942629388985 DISTANCE FROM KALMAN FILTER : inf 
Island 2 BEST Graph : digraph {
  0 [label = i0]
  1 [label = i1]
  2 [label = i2]
  3 [label = i3]
  4 [label = i4]
  6 [label = "matmul"]
  2 -> 6 [color = red]
  2 -> 6 [color = blue]
  7 [label = "minus"]
  6 -> 7 [color = red]
  4 -> 7 [color = blue]
  8 [label = "add"]
  7 -> 8 [color = red]
  4 -> 8 [color = blue]
  9 [label = "matmul"]
  8 -> 9 [color = red]
  0 -> 9 [color = blue]
  11 [label = "add"]
  1 -> 11 [color = red]
  2 -> 11 [color = blue]
  12 [label = o0]
  9 -> 12
  13 [label = o1]
  11 -> 13
  14 [label = o2]
  4 -> 14
}

Generation 00350 - Island 3 Best found in this generation: 1.2863942629396143
Error during prediction: not enough values to unpack (expected 4, got 3)
Warning: no valid data for plotting.
Island 3 BEST SO FAR: 1.2863942629396143 DISTANCE FROM KALMAN FILTER : inf 
Island 3 BEST Graph : digraph {
  0 [label = i0]
  1 [label = i1]
  2 [label = i2]
  3 [label = i3]
  4 [label = i4]
  6 [label = "matmul"]
  2 -> 6 [color = red]
  2 -> 6 [color = blue]
  7 [label = "matmul"]
  6 -> 7 [color = red]
  0 -> 7 [color = blue]
  8 [label = "add"]
  7 -> 8 [color = red]
  4 -> 8 [color = blue]
  9 [label = "minus"]
  8 -> 9 [color = red]
  4 -> 9 [color = blue]
  11 [label = "add"]
  1 -> 11 [color = red]
  2 -> 11 [color = blue]
  12 [label = o0]
  9 -> 12
  13 [label = o1]
  11 -> 13
  14 [label = o2]
  4 -> 14
}

