/n/home10/vsaketos/wavegp/kalmangp/Kalmangp.py:116: RuntimeWarning: overflow encountered in matmul
  if (x_true - xp)@((x_true - xp).T) < 0 :
/n/home10/vsaketos/wavegp/kalmangp/Kalmangp.py:118: RuntimeWarning: overflow encountered in matmul
  mse_true_trajectory =  np.add(mse_true_trajectory, ((x_true - xp)@((x_true - xp).T) )/100).real
/n/home10/vsaketos/wavegp/kalmangp/Kalmangp.py:168: RuntimeWarning: overflow encountered in matmul
  return inp[0] @ inp[1]
/n/home10/vsaketos/wavegp/kalmangp/Kalmangp.py:105: RuntimeWarning: invalid value encountered in matmul
  y = z - (H @ xp)  # Measurement residual
/n/home10/vsaketos/wavegp/kalmangp/Kalmangp.py:168: RuntimeWarning: invalid value encountered in matmul
  return inp[0] @ inp[1]
/n/home10/vsaketos/wavegp/kalmangp/Kalmangp.py:106: RuntimeWarning: invalid value encountered in matmul
  S = (H @ (P @ H.T)) + R  # Residual covariance
/n/home10/vsaketos/wavegp/kalmangp/Kalmangp.py:107: RuntimeWarning: invalid value encountered in matmul
  K = ((P @ H.T) @ np.linalg.inv(S))  # Kalman gain
/n/home10/vsaketos/wavegp/kalmangp/Kalmangp.py:116: RuntimeWarning: overflow encountered in matmul
  if (x_true - xp)@((x_true - xp).T) < 0 :
/n/home10/vsaketos/wavegp/kalmangp/Kalmangp.py:118: RuntimeWarning: overflow encountered in matmul
  mse_true_trajectory =  np.add(mse_true_trajectory, ((x_true - xp)@((x_true - xp).T) )/100).real
/n/home10/vsaketos/wavegp/kalmangp/Kalmangp.py:168: RuntimeWarning: overflow encountered in matmul
  return inp[0] @ inp[1]
/n/home10/vsaketos/wavegp/kalmangp/Kalmangp.py:105: RuntimeWarning: invalid value encountered in matmul
  y = z - (H @ xp)  # Measurement residual
/n/home10/vsaketos/wavegp/kalmangp/Kalmangp.py:106: RuntimeWarning: invalid value encountered in matmul
  S = (H @ (P @ H.T)) + R  # Residual covariance
/n/home10/vsaketos/wavegp/kalmangp/Kalmangp.py:107: RuntimeWarning: invalid value encountered in matmul
  K = ((P @ H.T) @ np.linalg.inv(S))  # Kalman gain
