predict0 :  0.0
inf0.0000000000000000e+00
forward
  0: input
  1: input
  2: input
  3: input
  9: output 0
 10: output 0

best :  198.50440100572305
forward
  0: input
  1: input
  2: input
  3: input
  9: output 0
 10: output 2

best :  59.56125367507468
forward
  0: input
  1: input
  2: input
  3: input
  4: add [] 1 0 *
  9: output 0
 10: output 4

best :  1.8572056881411607
forward
  0: input
  1: input
  2: input
  3: input
  7: matmul [] 1 0 *
  9: output 7
 10: output 1

best :  1.8310307836240505
forward
  0: input
  1: input
  2: input
  3: input
  4: transpose [] 0 *
  9: output 4
 10: output 1

best :  1.685062055607928
forward
  0: input
  1: input
  2: input
  3: input
  5: matmul [] 1 1 *
  7: matmul [] 1 0 *
  9: output 7
 10: output 5

best :  1.5943734947748416
forward
  0: input
  1: input
  2: input
  3: input
  4: matmul [] 2 1 *
  8: transpose [] 4 *
  9: output 0
 10: output 8

best :  0.5627079565668762
forward
  0: input
  1: input
  2: input
  3: input
  6: transpose [] 2 *
  7: add [] 6 2 *
  8: transpose [] 0 *
  9: output 8
 10: output 7

best :  0.5410489623736994
forward
  0: input
  1: input
  2: input
  3: input
  5: add [] 2 2 *
  9: output 0
 10: output 5

best :  0.44325274203152737
forward
  0: input
  1: input
  2: input
  3: input
  5: matmul [] 2 1 *
  6: matmul [] 1 0 *
  8: add [] 3 5 *
  9: output 6
 10: output 8

best :  0.14516473590489398
