predict0 :  0.0
inf0.0000000000000000e+00
forward
  0: input
  1: input
  2: input
  3: input
  4: transpose [] 1 *
  5: transpose [] 4 *
  7: add [] 5 1 *
  8: matmul [] 0 7 *
  9: output 8
 10: output 8

best :  11.01600975586768
forward
  0: input
  1: input
  2: input
  3: input
  5: matmul [] 0 1 *
  9: output 5
 10: output 1

best :  3.30224389582608
forward
  0: input
  1: input
  2: input
  3: input
  5: transpose [] 1 *
  7: matmul [] 5 5 *
  9: output 0
 10: output 7

best :  2.0045347180358557
forward
  0: input
  1: input
  2: input
  3: input
  4: add [] 1 3 *
  5: transpose [] 0 *
  9: output 5
 10: output 4

best :  1.9011479216544513
forward
  0: input
  1: input
  2: input
  3: input
  6: matmul [] 0 2 *
  7: add [] 0 6 *
  9: output 7
 10: output 7

best :  1.4161699049196546
forward
  0: input
  1: input
  2: input
  3: input
  4: add [] 3 3 *
  5: transpose [] 4 *
  9: output 0
 10: output 5

best :  1.1662589252604219
forward
  0: input
  1: input
  2: input
  3: input
  5: add [] 2 2 *
  9: output 0
 10: output 5

best :  0.5203671082166711
forward
  0: input
  1: input
  2: input
  3: input
  5: add [] 2 2 *
  7: transpose [] 5 *
  9: output 0
 10: output 7

best :  0.5088414729778529
forward
  0: input
  1: input
  2: input
  3: input
  4: add [] 1 2 *
  5: transpose [] 0 *
  7: matmul [] 4 5 *
  9: output 7
 10: output 2

best :  0.4599816356622159
forward
  0: input
  1: input
  2: input
  3: input
  5: add [] 3 3 *
  9: output 0
 10: output 5

best :  0.35637493846221596
1.2441839911184505e+010.0000000000000000e+00
forward
  0: input
  1: input
  2: input
  3: input
  4: matmul [] 1 0 *
  5: add [] 3 2 *
  9: output 4
 10: output 5

best :  0.07916949119002903
1.0471567569967338e-010.0000000000000000e+00
8.8571757802466608e-020.0000000000000000e+00
6.6499479863160196e-020.0000000000000000e+00
2.2052525291718991e-010.0000000000000000e+00
1.5309190295809227e-010.0000000000000000e+00
1.2506689807822624e-010.0000000000000000e+00
1.8849246641342851e-010.0000000000000000e+00
1.5267393276190042e-010.0000000000000000e+00
3.4792090429727979e-010.0000000000000000e+00
1.0604405308110851e-010.0000000000000000e+00
1.4820296151876419e-010.0000000000000000e+00
5.6802794179351947e-020.0000000000000000e+00
3.7966224231206303e-010.0000000000000000e+00
2.0506279148290837e-010.0000000000000000e+00
1.7990865952964949e-010.0000000000000000e+00
1.6414401048075850e-010.0000000000000000e+00
1.0935870403605434e-010.0000000000000000e+00
forward
  0: input
  1: input
  2: input
  3: input
  4: matmul [] 1 0 *
  6: add [] 2 3 *
  9: output 4
 10: output 6

best :  0.0664984867910997
9.6258357616057763e-020.0000000000000000e+00
1.0496747562666636e-010.0000000000000000e+00
7.1034381558112508e-020.0000000000000000e+00
1.1045005149897555e-010.0000000000000000e+00
3.0874905613862175e-010.0000000000000000e+00
4.0187158909937565e-010.0000000000000000e+00
forward
  0: input
  1: input
  2: input
  3: input
  4: matmul [] 1 0 *
  5: add [] 3 2 *
  7: transpose [] 4 *
  9: output 7
 10: output 5

best :  0.04947291529798034
2.9084247875047986e-010.0000000000000000e+00
2.0352492179591089e-010.0000000000000000e+00
6.4344409590014320e-020.0000000000000000e+00
9.8512272623098210e-020.0000000000000000e+00
2.6263563906279130e-010.0000000000000000e+00
2.8734722814815872e-010.0000000000000000e+00
4.5798004882499632e-020.0000000000000000e+00
1.3667724709252235e-010.0000000000000000e+00
5.8195385285088552e-010.0000000000000000e+00
7.6389288926442991e-020.0000000000000000e+00
