Sanity check loss: 1.0204186151133352 distance from kalman filter :  0.0
Generation 00000 - Island 0 Best found in this generation: 2.0881241496017084
Trajectory plot saved to: plots/predict514047322.5400297_vs_kalman.png
Filtered loss plot saved to: losses/loss_over_time_kalman_loss_514047322.5400.png
Average MSE to Oracle       : 514047322.540030
Average MSE to Kalman Filter: 5.242949
Average MSE (xp vs x_true)  : 2.088124
Island 0 BEST SO FAR: 514047322.5400297 DISTANCE FROM KALMAN FILTER : 5.242948562385254 
Island 0 BEST Graph : digraph {
  0 [label = i0]
  1 [label = i1]
  2 [label = i2]
  3 [label = i3]
  4 [label = i4]
  5 [label = i5]
  6 [label = "transpose"]
  4 -> 6
  10 [label = "add"]
  5 -> 10 [color = red]
  6 -> 10 [color = blue]
  13 [label = o0]
  6 -> 13
  14 [label = o1]
  10 -> 14
  15 [label = o2]
  6 -> 15
  16 [label = o3]
  10 -> 16
}

Generation 00000 - Island 1 Best found in this generation: 2.0881241496017084
Trajectory plot saved to: plots/predict10.581437659875778_vs_kalman.png
Filtered loss plot saved to: losses/loss_over_time_kalman_loss_10.5814.png
Average MSE to Oracle       : 10.581438
Average MSE to Kalman Filter: 5.242949
Average MSE (xp vs x_true)  : 2.088124
Island 1 BEST SO FAR: 10.581437659875778 DISTANCE FROM KALMAN FILTER : 5.242948562385254 
Island 1 BEST Graph : digraph {
  0 [label = i0]
  1 [label = i1]
  2 [label = i2]
  3 [label = i3]
  4 [label = i4]
  5 [label = i5]
  10 [label = "minus"]
  5 -> 10 [color = red]
  4 -> 10 [color = blue]
  12 [label = "transpose"]
  10 -> 12
  13 [label = o0]
  4 -> 13
  14 [label = o1]
  3 -> 14
  15 [label = o2]
  0 -> 15
  16 [label = o3]
  12 -> 16
}

Generation 00000 - Island 2 Best found in this generation: 2.0881241496017084
Trajectory plot saved to: plots/predict128357008.51304625_vs_kalman.png
Filtered loss plot saved to: losses/loss_over_time_kalman_loss_128357008.5130.png
Average MSE to Oracle       : 128357008.513046
Average MSE to Kalman Filter: 5.242949
Average MSE (xp vs x_true)  : 2.088124
Island 2 BEST SO FAR: 128357008.51304625 DISTANCE FROM KALMAN FILTER : 5.242948562385254 
Island 2 BEST Graph : digraph {
  0 [label = i0]
  1 [label = i1]
  2 [label = i2]
  3 [label = i3]
  4 [label = i4]
  5 [label = i5]
  7 [label = "add"]
  5 -> 7 [color = red]
  1 -> 7 [color = blue]
  11 [label = "matmul"]
  4 -> 11 [color = red]
  5 -> 11 [color = blue]
  13 [label = o0]
  4 -> 13
  14 [label = o1]
  5 -> 14
  15 [label = o2]
  11 -> 15
  16 [label = o3]
  7 -> 16
}

Generation 00000 - Island 3 Best found in this generation: 2.0881241496017084
Trajectory plot saved to: plots/predict2.0881241496017084_vs_kalman.png
Filtered loss plot saved to: losses/loss_over_time_kalman_loss_2.0881.png
Average MSE to Oracle       : 2.088124
Average MSE to Kalman Filter: 5.242949
Average MSE (xp vs x_true)  : 2.088124
Island 3 BEST SO FAR: 2.0881241496017084 DISTANCE FROM KALMAN FILTER : 5.242948562385254 
Island 3 BEST Graph : digraph {
  0 [label = i0]
  1 [label = i1]
  2 [label = i2]
  3 [label = i3]
  4 [label = i4]
  5 [label = i5]
  6 [label = "matmul"]
  5 -> 6 [color = red]
  0 -> 6 [color = blue]
  13 [label = o0]
  4 -> 13
  14 [label = o1]
  2 -> 14
  15 [label = o2]
  6 -> 15
  16 [label = o3]
  5 -> 16
}


--- Resetting half of the worst islands ---
Best half island indices: [2, 3]
Resetting Island 1 using best from Island 2
Resetting Island 0 using best from Island 3
Generation 00050 - Island 0 Best found in this generation: 1.5480457116741555
Trajectory plot saved to: plots/predict1.5480457116741555_vs_kalman.png
Filtered loss plot saved to: losses/loss_over_time_kalman_loss_1.5480.png
Average MSE to Oracle       : 1.548046
Average MSE to Kalman Filter: 5.242949
Average MSE (xp vs x_true)  : 2.088124
Island 0 BEST SO FAR: 1.5480457116741555 DISTANCE FROM KALMAN FILTER : 5.242948562385254 
Island 0 BEST Graph : digraph {
  0 [label = i0]
  1 [label = i1]
  2 [label = i2]
  3 [label = i3]
  4 [label = i4]
  5 [label = i5]
  7 [label = "transpose"]
  1 -> 7
  8 [label = "matmul"]
  0 -> 8 [color = red]
  7 -> 8 [color = blue]
  9 [label = "add"]
  5 -> 9 [color = red]
  7 -> 9 [color = blue]
  10 [label = "minus"]
  8 -> 10 [color = red]
  4 -> 10 [color = blue]
  11 [label = "add"]
  9 -> 11 [color = red]
  9 -> 11 [color = blue]
  13 [label = o0]
  4 -> 13
  14 [label = o1]
  7 -> 14
  15 [label = o2]
  10 -> 15
  16 [label = o3]
  11 -> 16
}

Generation 00050 - Island 1 Best found in this generation: 2.0747369368273048
Trajectory plot saved to: plots/predict1.2550894251253444_vs_kalman.png
Filtered loss plot saved to: losses/loss_over_time_kalman_loss_1.2551.png
Average MSE to Oracle       : 1.255089
Average MSE to Kalman Filter: 5.242949
Average MSE (xp vs x_true)  : 2.088124
Island 1 BEST SO FAR: 1.2550894251253444 DISTANCE FROM KALMAN FILTER : 5.242948562385254 
Island 1 BEST Graph : digraph {
  0 [label = i0]
  1 [label = i1]
  2 [label = i2]
  3 [label = i3]
  4 [label = i4]
  5 [label = i5]
  6 [label = "matmul"]
  1 -> 6 [color = red]
  0 -> 6 [color = blue]
  7 [label = "add"]
  5 -> 7 [color = red]
  1 -> 7 [color = blue]
  9 [label = "transpose"]
  6 -> 9
  10 [label = "minus"]
  9 -> 10 [color = red]
  4 -> 10 [color = blue]
  11 [label = "transpose"]
  10 -> 11
  13 [label = o0]
  4 -> 13
  14 [label = o1]
  5 -> 14
  15 [label = o2]
  11 -> 15
  16 [label = o3]
  7 -> 16
}

Generation 00050 - Island 2 Best found in this generation: 1.2550894251253444
Trajectory plot saved to: plots/predict1.2550894251253444_vs_kalman.png
Filtered loss plot saved to: losses/loss_over_time_kalman_loss_1.2551.png
Average MSE to Oracle       : 1.255089
Average MSE to Kalman Filter: 5.242949
Average MSE (xp vs x_true)  : 2.088124
Island 2 BEST SO FAR: 1.2550894251253444 DISTANCE FROM KALMAN FILTER : 5.242948562385254 
Island 2 BEST Graph : digraph {
  0 [label = i0]
  1 [label = i1]
  2 [label = i2]
  3 [label = i3]
  4 [label = i4]
  5 [label = i5]
  6 [label = "matmul"]
  1 -> 6 [color = red]
  0 -> 6 [color = blue]
  7 [label = "add"]
  5 -> 7 [color = red]
  1 -> 7 [color = blue]
  9 [label = "transpose"]
  6 -> 9
  10 [label = "minus"]
  9 -> 10 [color = red]
  4 -> 10 [color = blue]
  11 [label = "matmul"]
  10 -> 11 [color = red]
  5 -> 11 [color = blue]
  13 [label = o0]
  4 -> 13
  14 [label = o1]
  5 -> 14
  15 [label = o2]
  11 -> 15
  16 [label = o3]
  7 -> 16
}

Generation 00050 - Island 3 Best found in this generation: 1.2550894251253444
Trajectory plot saved to: plots/predict2.076054877734807_vs_kalman.png
Filtered loss plot saved to: losses/loss_over_time_kalman_loss_2.0761.png
Average MSE to Oracle       : 2.076055
Average MSE to Kalman Filter: 5.242949
Average MSE (xp vs x_true)  : 2.088124
Island 3 BEST SO FAR: 2.076054877734807 DISTANCE FROM KALMAN FILTER : 5.242948562385254 
Island 3 BEST Graph : digraph {
  0 [label = i0]
  1 [label = i1]
  2 [label = i2]
  3 [label = i3]
  4 [label = i4]
  5 [label = i5]
  7 [label = "transpose"]
  1 -> 7
  8 [label = "matmul"]
  0 -> 8 [color = red]
  7 -> 8 [color = blue]
  9 [label = "transpose"]
  7 -> 9
  10 [label = "minus"]
  8 -> 10 [color = red]
  4 -> 10 [color = blue]
  11 [label = "add"]
  9 -> 11 [color = red]
  9 -> 11 [color = blue]
  13 [label = o0]
  4 -> 13
  14 [label = o1]
  2 -> 14
  15 [label = o2]
  10 -> 15
  16 [label = o3]
  11 -> 16
}


--- Resetting half of the worst islands ---
Best half island indices: [0, 3]
Resetting Island 2 using best from Island 0
Resetting Island 1 using best from Island 3
Generation 00100 - Island 0 Best found in this generation: 1.080571990879701
Trajectory plot saved to: plots/predict1.0747969519808018_vs_kalman.png
Filtered loss plot saved to: losses/loss_over_time_kalman_loss_1.0748.png
Average MSE to Oracle       : 1.074797
Average MSE to Kalman Filter: 5.242949
Average MSE (xp vs x_true)  : 2.088124
Island 0 BEST SO FAR: 1.0747969519808018 DISTANCE FROM KALMAN FILTER : 5.242948562385254 
Island 0 BEST Graph : digraph {
  0 [label = i0]
  1 [label = i1]
  2 [label = i2]
  3 [label = i3]
  4 [label = i4]
  5 [label = i5]
  6 [label = "minus"]
  1 -> 6 [color = red]
  2 -> 6 [color = blue]
  7 [label = "transpose"]
  1 -> 7
  8 [label = "matmul"]
  0 -> 8 [color = red]
  7 -> 8 [color = blue]
  9 [label = "add"]
  6 -> 9 [color = red]
  1 -> 9 [color = blue]
  10 [label = "minus"]
  8 -> 10 [color = red]
  4 -> 10 [color = blue]
  11 [label = "add"]
  7 -> 11 [color = red]
  9 -> 11 [color = blue]
  13 [label = o0]
  4 -> 13
  14 [label = o1]
  5 -> 14
  15 [label = o2]
  10 -> 15
  16 [label = o3]
  11 -> 16
}

Generation 00100 - Island 1 Best found in this generation: 1.080571990879701
Trajectory plot saved to: plots/predict1.080571990879701_vs_kalman.png
Filtered loss plot saved to: losses/loss_over_time_kalman_loss_1.0806.png
Average MSE to Oracle       : 1.080572
Average MSE to Kalman Filter: 5.242949
Average MSE (xp vs x_true)  : 2.088124
Island 1 BEST SO FAR: 1.080571990879701 DISTANCE FROM KALMAN FILTER : 5.242948562385254 
Island 1 BEST Graph : digraph {
  0 [label = i0]
  1 [label = i1]
  2 [label = i2]
  3 [label = i3]
  4 [label = i4]
  5 [label = i5]
  7 [label = "transpose"]
  1 -> 7
  8 [label = "matmul"]
  0 -> 8 [color = red]
  7 -> 8 [color = blue]
  9 [label = "add"]
  7 -> 9 [color = red]
  1 -> 9 [color = blue]
  10 [label = "minus"]
  8 -> 10 [color = red]
  4 -> 10 [color = blue]
  11 [label = "add"]
  1 -> 11 [color = red]
  9 -> 11 [color = blue]
  13 [label = o0]
  4 -> 13
  14 [label = o1]
  5 -> 14
  15 [label = o2]
  10 -> 15
  16 [label = o3]
  11 -> 16
}

Generation 00100 - Island 2 Best found in this generation: 1.2049711222064334
Trajectory plot saved to: plots/predict1.0747969519808018_vs_kalman.png
Filtered loss plot saved to: losses/loss_over_time_kalman_loss_1.0748.png
Average MSE to Oracle       : 1.074797
Average MSE to Kalman Filter: 5.242949
Average MSE (xp vs x_true)  : 2.088124
Island 2 BEST SO FAR: 1.0747969519808018 DISTANCE FROM KALMAN FILTER : 5.242948562385254 
Island 2 BEST Graph : digraph {
  0 [label = i0]
  1 [label = i1]
  2 [label = i2]
  3 [label = i3]
  4 [label = i4]
  5 [label = i5]
  6 [label = "minus"]
  1 -> 6 [color = red]
  2 -> 6 [color = blue]
  7 [label = "transpose"]
  1 -> 7
  8 [label = "matmul"]
  0 -> 8 [color = red]
  7 -> 8 [color = blue]
  9 [label = "add"]
  6 -> 9 [color = red]
  1 -> 9 [color = blue]
  10 [label = "minus"]
  8 -> 10 [color = red]
  4 -> 10 [color = blue]
  11 [label = "add"]
  7 -> 11 [color = red]
  9 -> 11 [color = blue]
  13 [label = o0]
  4 -> 13
  14 [label = o1]
  5 -> 14
  15 [label = o2]
  10 -> 15
  16 [label = o3]
  11 -> 16
}

Generation 00100 - Island 3 Best found in this generation: 1.096867664703429
Trajectory plot saved to: plots/predict1.080571990879701_vs_kalman.png
Filtered loss plot saved to: losses/loss_over_time_kalman_loss_1.0806.png
Average MSE to Oracle       : 1.080572
Average MSE to Kalman Filter: 5.242949
Average MSE (xp vs x_true)  : 2.088124
Island 3 BEST SO FAR: 1.080571990879701 DISTANCE FROM KALMAN FILTER : 5.242948562385254 
Island 3 BEST Graph : digraph {
  0 [label = i0]
  1 [label = i1]
  2 [label = i2]
  3 [label = i3]
  4 [label = i4]
  5 [label = i5]
  7 [label = "transpose"]
  1 -> 7
  8 [label = "matmul"]
  0 -> 8 [color = red]
  7 -> 8 [color = blue]
  9 [label = "add"]
  7 -> 9 [color = red]
  1 -> 9 [color = blue]
  10 [label = "minus"]
  8 -> 10 [color = red]
  4 -> 10 [color = blue]
  11 [label = "add"]
  1 -> 11 [color = red]
  9 -> 11 [color = blue]
  13 [label = o0]
  4 -> 13
  14 [label = o1]
  5 -> 14
  15 [label = o2]
  10 -> 15
  16 [label = o3]
  11 -> 16
}


--- Resetting half of the worst islands ---
Best half island indices: [0, 2]
Resetting Island 1 using best from Island 0
Resetting Island 3 using best from Island 2
Generation 00150 - Island 0 Best found in this generation: 1.0585111255838644
Trajectory plot saved to: plots/predict1.0585111255838644_vs_kalman.png
Filtered loss plot saved to: losses/loss_over_time_kalman_loss_1.0585.png
Average MSE to Oracle       : 1.058511
Average MSE to Kalman Filter: 5.242949
Average MSE (xp vs x_true)  : 2.088124
Island 0 BEST SO FAR: 1.0585111255838644 DISTANCE FROM KALMAN FILTER : 5.242948562385254 
Island 0 BEST Graph : digraph {
  0 [label = i0]
  1 [label = i1]
  2 [label = i2]
  3 [label = i3]
  4 [label = i4]
  5 [label = i5]
  6 [label = "minus"]
  1 -> 6 [color = red]
  2 -> 6 [color = blue]
  7 [label = "transpose"]
  1 -> 7
  8 [label = "matmul"]
  0 -> 8 [color = red]
  7 -> 8 [color = blue]
  9 [label = "add"]
  6 -> 9 [color = red]
  5 -> 9 [color = blue]
  10 [label = "minus"]
  8 -> 10 [color = red]
  4 -> 10 [color = blue]
  11 [label = "add"]
  7 -> 11 [color = red]
  9 -> 11 [color = blue]
  13 [label = o0]
  4 -> 13
  14 [label = o1]
  5 -> 14
  15 [label = o2]
  10 -> 15
  16 [label = o3]
  11 -> 16
}

Generation 00150 - Island 1 Best found in this generation: 1.0747969519808018
Trajectory plot saved to: plots/predict1.0585111255838644_vs_kalman.png
Filtered loss plot saved to: losses/loss_over_time_kalman_loss_1.0585.png
Average MSE to Oracle       : 1.058511
Average MSE to Kalman Filter: 5.242949
Average MSE (xp vs x_true)  : 2.088124
Island 1 BEST SO FAR: 1.0585111255838644 DISTANCE FROM KALMAN FILTER : 5.242948562385254 
Island 1 BEST Graph : digraph {
  0 [label = i0]
  1 [label = i1]
  2 [label = i2]
  3 [label = i3]
  4 [label = i4]
  5 [label = i5]
  6 [label = "minus"]
  1 -> 6 [color = red]
  2 -> 6 [color = blue]
  7 [label = "transpose"]
  1 -> 7
  8 [label = "matmul"]
  0 -> 8 [color = red]
  7 -> 8 [color = blue]
  9 [label = "add"]
  6 -> 9 [color = red]
  5 -> 9 [color = blue]
  10 [label = "minus"]
  8 -> 10 [color = red]
  4 -> 10 [color = blue]
  11 [label = "add"]
  7 -> 11 [color = red]
  9 -> 11 [color = blue]
  13 [label = o0]
  4 -> 13
  14 [label = o1]
  5 -> 14
  15 [label = o2]
  10 -> 15
  16 [label = o3]
  11 -> 16
}

Generation 00150 - Island 2 Best found in this generation: 1.115647148279829
Trajectory plot saved to: plots/predict1.0585111255838644_vs_kalman.png
Filtered loss plot saved to: losses/loss_over_time_kalman_loss_1.0585.png
Average MSE to Oracle       : 1.058511
Average MSE to Kalman Filter: 5.242949
Average MSE (xp vs x_true)  : 2.088124
Island 2 BEST SO FAR: 1.0585111255838644 DISTANCE FROM KALMAN FILTER : 5.242948562385254 
Island 2 BEST Graph : digraph {
  0 [label = i0]
  1 [label = i1]
  2 [label = i2]
  3 [label = i3]
  4 [label = i4]
  5 [label = i5]
  6 [label = "minus"]
  1 -> 6 [color = red]
  2 -> 6 [color = blue]
  7 [label = "transpose"]
  1 -> 7
  8 [label = "matmul"]
  0 -> 8 [color = red]
  7 -> 8 [color = blue]
  9 [label = "add"]
  5 -> 9 [color = red]
  6 -> 9 [color = blue]
  10 [label = "minus"]
  8 -> 10 [color = red]
  4 -> 10 [color = blue]
  11 [label = "add"]
  9 -> 11 [color = red]
  7 -> 11 [color = blue]
  13 [label = o0]
  4 -> 13
  14 [label = o1]
  5 -> 14
  15 [label = o2]
  10 -> 15
  16 [label = o3]
  11 -> 16
}

Generation 00150 - Island 3 Best found in this generation: 1.080571990879701
Trajectory plot saved to: plots/predict1.0585111255838644_vs_kalman.png
Filtered loss plot saved to: losses/loss_over_time_kalman_loss_1.0585.png
Average MSE to Oracle       : 1.058511
Average MSE to Kalman Filter: 5.242949
Average MSE (xp vs x_true)  : 2.088124
Island 3 BEST SO FAR: 1.0585111255838644 DISTANCE FROM KALMAN FILTER : 5.242948562385254 
Island 3 BEST Graph : digraph {
  0 [label = i0]
  1 [label = i1]
  2 [label = i2]
  3 [label = i3]
  4 [label = i4]
  5 [label = i5]
  6 [label = "minus"]
  1 -> 6 [color = red]
  2 -> 6 [color = blue]
  7 [label = "transpose"]
  1 -> 7
  8 [label = "matmul"]
  0 -> 8 [color = red]
  7 -> 8 [color = blue]
  9 [label = "add"]
  5 -> 9 [color = red]
  6 -> 9 [color = blue]
  10 [label = "minus"]
  8 -> 10 [color = red]
  4 -> 10 [color = blue]
  11 [label = "add"]
  9 -> 11 [color = red]
  7 -> 11 [color = blue]
  13 [label = o0]
  4 -> 13
  14 [label = o1]
  5 -> 14
  15 [label = o2]
  10 -> 15
  16 [label = o3]
  11 -> 16
}


--- Resetting half of the worst islands ---
Best half island indices: [1, 2]
Resetting Island 0 using best from Island 1
Resetting Island 3 using best from Island 2
Generation 00200 - Island 0 Best found in this generation: 1.0446386213703007
Trajectory plot saved to: plots/predict1.0446386213703007_vs_kalman.png
Filtered loss plot saved to: losses/loss_over_time_kalman_loss_1.0446.png
Average MSE to Oracle       : 1.044639
Average MSE to Kalman Filter: 5.242949
Average MSE (xp vs x_true)  : 2.088124
Island 0 BEST SO FAR: 1.0446386213703007 DISTANCE FROM KALMAN FILTER : 5.242948562385254 
Island 0 BEST Graph : digraph {
  0 [label = i0]
  1 [label = i1]
  2 [label = i2]
  3 [label = i3]
  4 [label = i4]
  5 [label = i5]
  6 [label = "matmul"]
  1 -> 6 [color = red]
  3 -> 6 [color = blue]
  7 [label = "transpose"]
  1 -> 7
  8 [label = "matmul"]
  0 -> 8 [color = red]
  7 -> 8 [color = blue]
  9 [label = "add"]
  6 -> 9 [color = red]
  5 -> 9 [color = blue]
  10 [label = "minus"]
  8 -> 10 [color = red]
  4 -> 10 [color = blue]
  11 [label = "add"]
  7 -> 11 [color = red]
  9 -> 11 [color = blue]
  13 [label = o0]
  4 -> 13
  14 [label = o1]
  5 -> 14
  15 [label = o2]
  10 -> 15
  16 [label = o3]
  11 -> 16
}

Generation 00200 - Island 1 Best found in this generation: 1.2152961863639693
Trajectory plot saved to: plots/predict1.0446386213703007_vs_kalman.png
Filtered loss plot saved to: losses/loss_over_time_kalman_loss_1.0446.png
Average MSE to Oracle       : 1.044639
Average MSE to Kalman Filter: 5.242949
Average MSE (xp vs x_true)  : 2.088124
Island 1 BEST SO FAR: 1.0446386213703007 DISTANCE FROM KALMAN FILTER : 5.242948562385254 
Island 1 BEST Graph : digraph {
  0 [label = i0]
  1 [label = i1]
  2 [label = i2]
  3 [label = i3]
  4 [label = i4]
  5 [label = i5]
  6 [label = "matmul"]
  1 -> 6 [color = red]
  3 -> 6 [color = blue]
  7 [label = "transpose"]
  1 -> 7
  8 [label = "matmul"]
  0 -> 8 [color = red]
  7 -> 8 [color = blue]
  9 [label = "add"]
  6 -> 9 [color = red]
  5 -> 9 [color = blue]
  10 [label = "minus"]
  8 -> 10 [color = red]
  4 -> 10 [color = blue]
  11 [label = "add"]
  7 -> 11 [color = red]
  9 -> 11 [color = blue]
  13 [label = o0]
  4 -> 13
  14 [label = o1]
  5 -> 14
  15 [label = o2]
  10 -> 15
  16 [label = o3]
  11 -> 16
}

Generation 00200 - Island 2 Best found in this generation: 1.0585111255838644
Trajectory plot saved to: plots/predict1.0446386213703007_vs_kalman.png
Filtered loss plot saved to: losses/loss_over_time_kalman_loss_1.0446.png
Average MSE to Oracle       : 1.044639
Average MSE to Kalman Filter: 5.242949
Average MSE (xp vs x_true)  : 2.088124
Island 2 BEST SO FAR: 1.0446386213703007 DISTANCE FROM KALMAN FILTER : 5.242948562385254 
Island 2 BEST Graph : digraph {
  0 [label = i0]
  1 [label = i1]
  2 [label = i2]
  3 [label = i3]
  4 [label = i4]
  5 [label = i5]
  6 [label = "matmul"]
  1 -> 6 [color = red]
  3 -> 6 [color = blue]
  7 [label = "transpose"]
  1 -> 7
  8 [label = "matmul"]
  1 -> 8 [color = red]
  0 -> 8 [color = blue]
  9 [label = "add"]
  5 -> 9 [color = red]
  6 -> 9 [color = blue]
  10 [label = "minus"]
  8 -> 10 [color = red]
  4 -> 10 [color = blue]
  11 [label = "add"]
  9 -> 11 [color = red]
  7 -> 11 [color = blue]
  13 [label = o0]
  4 -> 13
  14 [label = o1]
  5 -> 14
  15 [label = o2]
  10 -> 15
  16 [label = o3]
  11 -> 16
}

Generation 00200 - Island 3 Best found in this generation: 1.0671130346931252
Trajectory plot saved to: plots/predict1.0446386213703007_vs_kalman.png
Filtered loss plot saved to: losses/loss_over_time_kalman_loss_1.0446.png
Average MSE to Oracle       : 1.044639
Average MSE to Kalman Filter: 5.242949
Average MSE (xp vs x_true)  : 2.088124
Island 3 BEST SO FAR: 1.0446386213703007 DISTANCE FROM KALMAN FILTER : 5.242948562385254 
Island 3 BEST Graph : digraph {
  0 [label = i0]
  1 [label = i1]
  2 [label = i2]
  3 [label = i3]
  4 [label = i4]
  5 [label = i5]
  6 [label = "matmul"]
  1 -> 6 [color = red]
  3 -> 6 [color = blue]
  7 [label = "transpose"]
  1 -> 7
  8 [label = "matmul"]
  1 -> 8 [color = red]
  0 -> 8 [color = blue]
  9 [label = "add"]
  5 -> 9 [color = red]
  6 -> 9 [color = blue]
  10 [label = "minus"]
  8 -> 10 [color = red]
  4 -> 10 [color = blue]
  11 [label = "add"]
  9 -> 11 [color = red]
  7 -> 11 [color = blue]
  13 [label = o0]
  4 -> 13
  14 [label = o1]
  5 -> 14
  15 [label = o2]
  10 -> 15
  16 [label = o3]
  11 -> 16
}


--- Resetting half of the worst islands ---
Best half island indices: [0, 1]
Resetting Island 2 using best from Island 0
Resetting Island 3 using best from Island 1
Generation 00250 - Island 0 Best found in this generation: 1.0446386213703007
Trajectory plot saved to: plots/predict1.0446386213703007_vs_kalman.png
Filtered loss plot saved to: losses/loss_over_time_kalman_loss_1.0446.png
Average MSE to Oracle       : 1.044639
Average MSE to Kalman Filter: 5.242949
Average MSE (xp vs x_true)  : 2.088124
Island 0 BEST SO FAR: 1.0446386213703007 DISTANCE FROM KALMAN FILTER : 5.242948562385254 
Island 0 BEST Graph : digraph {
  0 [label = i0]
  1 [label = i1]
  2 [label = i2]
  3 [label = i3]
  4 [label = i4]
  5 [label = i5]
  6 [label = "matmul"]
  1 -> 6 [color = red]
  3 -> 6 [color = blue]
  7 [label = "transpose"]
  1 -> 7
  8 [label = "matmul"]
  0 -> 8 [color = red]
  7 -> 8 [color = blue]
  9 [label = "add"]
  6 -> 9 [color = red]
  5 -> 9 [color = blue]
  10 [label = "minus"]
  8 -> 10 [color = red]
  4 -> 10 [color = blue]
  11 [label = "add"]
  7 -> 11 [color = red]
  9 -> 11 [color = blue]
  13 [label = o0]
  4 -> 13
  14 [label = o1]
  5 -> 14
  15 [label = o2]
  10 -> 15
  16 [label = o3]
  11 -> 16
}

Generation 00250 - Island 1 Best found in this generation: 1.080571990879701
Trajectory plot saved to: plots/predict1.0446386213703007_vs_kalman.png
Filtered loss plot saved to: losses/loss_over_time_kalman_loss_1.0446.png
Average MSE to Oracle       : 1.044639
Average MSE to Kalman Filter: 5.242949
Average MSE (xp vs x_true)  : 2.088124
Island 1 BEST SO FAR: 1.0446386213703007 DISTANCE FROM KALMAN FILTER : 5.242948562385254 
Island 1 BEST Graph : digraph {
  0 [label = i0]
  1 [label = i1]
  2 [label = i2]
  3 [label = i3]
  4 [label = i4]
  5 [label = i5]
  6 [label = "matmul"]
  1 -> 6 [color = red]
  3 -> 6 [color = blue]
  7 [label = "transpose"]
  1 -> 7
  8 [label = "matmul"]
  0 -> 8 [color = red]
  7 -> 8 [color = blue]
  9 [label = "add"]
  6 -> 9 [color = red]
  5 -> 9 [color = blue]
  10 [label = "minus"]
  8 -> 10 [color = red]
  4 -> 10 [color = blue]
  11 [label = "add"]
  7 -> 11 [color = red]
  9 -> 11 [color = blue]
  13 [label = o0]
  4 -> 13
  14 [label = o1]
  5 -> 14
  15 [label = o2]
  10 -> 15
  16 [label = o3]
  11 -> 16
}

Generation 00250 - Island 2 Best found in this generation: 1.0446386213703007
Trajectory plot saved to: plots/predict1.0446386213703007_vs_kalman.png
Filtered loss plot saved to: losses/loss_over_time_kalman_loss_1.0446.png
Average MSE to Oracle       : 1.044639
Average MSE to Kalman Filter: 5.242949
Average MSE (xp vs x_true)  : 2.088124
Island 2 BEST SO FAR: 1.0446386213703007 DISTANCE FROM KALMAN FILTER : 5.242948562385254 
Island 2 BEST Graph : digraph {
  0 [label = i0]
  1 [label = i1]
  2 [label = i2]
  3 [label = i3]
  4 [label = i4]
  5 [label = i5]
  6 [label = "matmul"]
  1 -> 6 [color = red]
  3 -> 6 [color = blue]
  7 [label = "transpose"]
  1 -> 7
  8 [label = "matmul"]
  0 -> 8 [color = red]
  7 -> 8 [color = blue]
  9 [label = "add"]
  6 -> 9 [color = red]
  5 -> 9 [color = blue]
  10 [label = "minus"]
  8 -> 10 [color = red]
  4 -> 10 [color = blue]
  11 [label = "add"]
  7 -> 11 [color = red]
  9 -> 11 [color = blue]
  13 [label = o0]
  4 -> 13
  14 [label = o1]
  5 -> 14
  15 [label = o2]
  10 -> 15
  16 [label = o3]
  11 -> 16
}

Generation 00250 - Island 3 Best found in this generation: 1.0446386213703007
Trajectory plot saved to: plots/predict1.0446386213703007_vs_kalman.png
Filtered loss plot saved to: losses/loss_over_time_kalman_loss_1.0446.png
Average MSE to Oracle       : 1.044639
Average MSE to Kalman Filter: 5.242949
Average MSE (xp vs x_true)  : 2.088124
Island 3 BEST SO FAR: 1.0446386213703007 DISTANCE FROM KALMAN FILTER : 5.242948562385254 
Island 3 BEST Graph : digraph {
  0 [label = i0]
  1 [label = i1]
  2 [label = i2]
  3 [label = i3]
  4 [label = i4]
  5 [label = i5]
  6 [label = "matmul"]
  1 -> 6 [color = red]
  3 -> 6 [color = blue]
  7 [label = "transpose"]
  1 -> 7
  8 [label = "matmul"]
  0 -> 8 [color = red]
  7 -> 8 [color = blue]
  9 [label = "add"]
  6 -> 9 [color = red]
  5 -> 9 [color = blue]
  10 [label = "minus"]
  8 -> 10 [color = red]
  4 -> 10 [color = blue]
  11 [label = "add"]
  7 -> 11 [color = red]
  9 -> 11 [color = blue]
  13 [label = o0]
  4 -> 13
  14 [label = o1]
  5 -> 14
  15 [label = o2]
  10 -> 15
  16 [label = o3]
  11 -> 16
}


--- Resetting half of the worst islands ---
Best half island indices: [0, 1]
Resetting Island 2 using best from Island 0
Resetting Island 3 using best from Island 1
Generation 00300 - Island 0 Best found in this generation: 1.0446386213703007
Trajectory plot saved to: plots/predict1.0446386213703007_vs_kalman.png
Filtered loss plot saved to: losses/loss_over_time_kalman_loss_1.0446.png
Average MSE to Oracle       : 1.044639
Average MSE to Kalman Filter: 5.242949
Average MSE (xp vs x_true)  : 2.088124
Island 0 BEST SO FAR: 1.0446386213703007 DISTANCE FROM KALMAN FILTER : 5.242948562385254 
Island 0 BEST Graph : digraph {
  0 [label = i0]
  1 [label = i1]
  2 [label = i2]
  3 [label = i3]
  4 [label = i4]
  5 [label = i5]
  6 [label = "matmul"]
  1 -> 6 [color = red]
  3 -> 6 [color = blue]
  7 [label = "transpose"]
  1 -> 7
  8 [label = "matmul"]
  0 -> 8 [color = red]
  7 -> 8 [color = blue]
  9 [label = "add"]
  6 -> 9 [color = red]
  5 -> 9 [color = blue]
  10 [label = "minus"]
  8 -> 10 [color = red]
  4 -> 10 [color = blue]
  11 [label = "add"]
  7 -> 11 [color = red]
  9 -> 11 [color = blue]
  13 [label = o0]
  4 -> 13
  14 [label = o1]
  5 -> 14
  15 [label = o2]
  10 -> 15
  16 [label = o3]
  11 -> 16
}

Generation 00300 - Island 1 Best found in this generation: 1.0446386213703007
Trajectory plot saved to: plots/predict1.0446386213703007_vs_kalman.png
Filtered loss plot saved to: losses/loss_over_time_kalman_loss_1.0446.png
Average MSE to Oracle       : 1.044639
Average MSE to Kalman Filter: 5.242949
Average MSE (xp vs x_true)  : 2.088124
Island 1 BEST SO FAR: 1.0446386213703007 DISTANCE FROM KALMAN FILTER : 5.242948562385254 
Island 1 BEST Graph : digraph {
  0 [label = i0]
  1 [label = i1]
  2 [label = i2]
  3 [label = i3]
  4 [label = i4]
  5 [label = i5]
  6 [label = "matmul"]
  1 -> 6 [color = red]
  3 -> 6 [color = blue]
  7 [label = "transpose"]
  1 -> 7
  8 [label = "matmul"]
  0 -> 8 [color = red]
  7 -> 8 [color = blue]
  9 [label = "add"]
  6 -> 9 [color = red]
  5 -> 9 [color = blue]
  10 [label = "minus"]
  8 -> 10 [color = red]
  4 -> 10 [color = blue]
  11 [label = "add"]
  7 -> 11 [color = red]
  9 -> 11 [color = blue]
  13 [label = o0]
  4 -> 13
  14 [label = o1]
  5 -> 14
  15 [label = o2]
  10 -> 15
  16 [label = o3]
  11 -> 16
}

Generation 00300 - Island 2 Best found in this generation: 1.0446386213703007
Trajectory plot saved to: plots/predict1.0446386213703007_vs_kalman.png
Filtered loss plot saved to: losses/loss_over_time_kalman_loss_1.0446.png
Average MSE to Oracle       : 1.044639
Average MSE to Kalman Filter: 5.242949
Average MSE (xp vs x_true)  : 2.088124
Island 2 BEST SO FAR: 1.0446386213703007 DISTANCE FROM KALMAN FILTER : 5.242948562385254 
Island 2 BEST Graph : digraph {
  0 [label = i0]
  1 [label = i1]
  2 [label = i2]
  3 [label = i3]
  4 [label = i4]
  5 [label = i5]
  6 [label = "matmul"]
  1 -> 6 [color = red]
  3 -> 6 [color = blue]
  7 [label = "transpose"]
  1 -> 7
  8 [label = "matmul"]
  0 -> 8 [color = red]
  7 -> 8 [color = blue]
  9 [label = "add"]
  6 -> 9 [color = red]
  5 -> 9 [color = blue]
  10 [label = "minus"]
  8 -> 10 [color = red]
  4 -> 10 [color = blue]
  11 [label = "add"]
  7 -> 11 [color = red]
  9 -> 11 [color = blue]
  13 [label = o0]
  4 -> 13
  14 [label = o1]
  5 -> 14
  15 [label = o2]
  10 -> 15
  16 [label = o3]
  11 -> 16
}

Generation 00300 - Island 3 Best found in this generation: 2.0881241496017084
Trajectory plot saved to: plots/predict1.0446386213703007_vs_kalman.png
Filtered loss plot saved to: losses/loss_over_time_kalman_loss_1.0446.png
Average MSE to Oracle       : 1.044639
Average MSE to Kalman Filter: 5.242949
Average MSE (xp vs x_true)  : 2.088124
Island 3 BEST SO FAR: 1.0446386213703007 DISTANCE FROM KALMAN FILTER : 5.242948562385254 
Island 3 BEST Graph : digraph {
  0 [label = i0]
  1 [label = i1]
  2 [label = i2]
  3 [label = i3]
  4 [label = i4]
  5 [label = i5]
  6 [label = "matmul"]
  1 -> 6 [color = red]
  3 -> 6 [color = blue]
  7 [label = "transpose"]
  1 -> 7
  8 [label = "matmul"]
  0 -> 8 [color = red]
  7 -> 8 [color = blue]
  9 [label = "add"]
  6 -> 9 [color = red]
  5 -> 9 [color = blue]
  10 [label = "minus"]
  8 -> 10 [color = red]
  4 -> 10 [color = blue]
  11 [label = "add"]
  7 -> 11 [color = red]
  9 -> 11 [color = blue]
  13 [label = o0]
  4 -> 13
  14 [label = o1]
  5 -> 14
  15 [label = o2]
  10 -> 15
  16 [label = o3]
  11 -> 16
}


--- Resetting half of the worst islands ---
Best half island indices: [0, 1]
Resetting Island 2 using best from Island 0
Resetting Island 3 using best from Island 1
Generation 00350 - Island 0 Best found in this generation: 1.0446386213703007
Trajectory plot saved to: plots/predict1.0446386213703007_vs_kalman.png
Filtered loss plot saved to: losses/loss_over_time_kalman_loss_1.0446.png
Average MSE to Oracle       : 1.044639
Average MSE to Kalman Filter: 5.242949
Average MSE (xp vs x_true)  : 2.088124
Island 0 BEST SO FAR: 1.0446386213703007 DISTANCE FROM KALMAN FILTER : 5.242948562385254 
Island 0 BEST Graph : digraph {
  0 [label = i0]
  1 [label = i1]
  2 [label = i2]
  3 [label = i3]
  4 [label = i4]
  5 [label = i5]
  6 [label = "matmul"]
  1 -> 6 [color = red]
  3 -> 6 [color = blue]
  7 [label = "transpose"]
  1 -> 7
  8 [label = "matmul"]
  0 -> 8 [color = red]
  7 -> 8 [color = blue]
  9 [label = "add"]
  6 -> 9 [color = red]
  5 -> 9 [color = blue]
  10 [label = "minus"]
  8 -> 10 [color = red]
  4 -> 10 [color = blue]
  11 [label = "add"]
  7 -> 11 [color = red]
  9 -> 11 [color = blue]
  13 [label = o0]
  4 -> 13
  14 [label = o1]
  5 -> 14
  15 [label = o2]
  10 -> 15
  16 [label = o3]
  11 -> 16
}

Generation 00350 - Island 1 Best found in this generation: 1.0446386213703007
Trajectory plot saved to: plots/predict1.0446386213703007_vs_kalman.png
Filtered loss plot saved to: losses/loss_over_time_kalman_loss_1.0446.png
Average MSE to Oracle       : 1.044639
Average MSE to Kalman Filter: 5.242949
Average MSE (xp vs x_true)  : 2.088124
Island 1 BEST SO FAR: 1.0446386213703007 DISTANCE FROM KALMAN FILTER : 5.242948562385254 
Island 1 BEST Graph : digraph {
  0 [label = i0]
  1 [label = i1]
  2 [label = i2]
  3 [label = i3]
  4 [label = i4]
  5 [label = i5]
  6 [label = "matmul"]
  1 -> 6 [color = red]
  3 -> 6 [color = blue]
  7 [label = "transpose"]
  1 -> 7
  8 [label = "matmul"]
  0 -> 8 [color = red]
  7 -> 8 [color = blue]
  9 [label = "add"]
  6 -> 9 [color = red]
  5 -> 9 [color = blue]
  10 [label = "minus"]
  8 -> 10 [color = red]
  4 -> 10 [color = blue]
  11 [label = "add"]
  7 -> 11 [color = red]
  9 -> 11 [color = blue]
  13 [label = o0]
  4 -> 13
  14 [label = o1]
  5 -> 14
  15 [label = o2]
  10 -> 15
  16 [label = o3]
  11 -> 16
}

Generation 00350 - Island 2 Best found in this generation: 1.0446386213703007
Trajectory plot saved to: plots/predict1.0446386213703007_vs_kalman.png
Filtered loss plot saved to: losses/loss_over_time_kalman_loss_1.0446.png
Average MSE to Oracle       : 1.044639
Average MSE to Kalman Filter: 5.242949
Average MSE (xp vs x_true)  : 2.088124
Island 2 BEST SO FAR: 1.0446386213703007 DISTANCE FROM KALMAN FILTER : 5.242948562385254 
Island 2 BEST Graph : digraph {
  0 [label = i0]
  1 [label = i1]
  2 [label = i2]
  3 [label = i3]
  4 [label = i4]
  5 [label = i5]
  6 [label = "matmul"]
  1 -> 6 [color = red]
  3 -> 6 [color = blue]
  7 [label = "transpose"]
  1 -> 7
  8 [label = "matmul"]
  0 -> 8 [color = red]
  7 -> 8 [color = blue]
  9 [label = "add"]
  6 -> 9 [color = red]
  5 -> 9 [color = blue]
  10 [label = "minus"]
  8 -> 10 [color = red]
  4 -> 10 [color = blue]
  11 [label = "add"]
  7 -> 11 [color = red]
  9 -> 11 [color = blue]
  13 [label = o0]
  4 -> 13
  14 [label = o1]
  5 -> 14
  15 [label = o2]
  10 -> 15
  16 [label = o3]
  11 -> 16
}

Generation 00350 - Island 3 Best found in this generation: 1.1665965470948427
Trajectory plot saved to: plots/predict1.0446386213703007_vs_kalman.png
Filtered loss plot saved to: losses/loss_over_time_kalman_loss_1.0446.png
Average MSE to Oracle       : 1.044639
Average MSE to Kalman Filter: 5.242949
Average MSE (xp vs x_true)  : 2.088124
Island 3 BEST SO FAR: 1.0446386213703007 DISTANCE FROM KALMAN FILTER : 5.242948562385254 
Island 3 BEST Graph : digraph {
  0 [label = i0]
  1 [label = i1]
  2 [label = i2]
  3 [label = i3]
  4 [label = i4]
  5 [label = i5]
  6 [label = "matmul"]
  1 -> 6 [color = red]
  3 -> 6 [color = blue]
  7 [label = "transpose"]
  1 -> 7
  8 [label = "matmul"]
  0 -> 8 [color = red]
  7 -> 8 [color = blue]
  9 [label = "add"]
  6 -> 9 [color = red]
  5 -> 9 [color = blue]
  10 [label = "minus"]
  8 -> 10 [color = red]
  4 -> 10 [color = blue]
  11 [label = "add"]
  7 -> 11 [color = red]
  9 -> 11 [color = blue]
  13 [label = o0]
  4 -> 13
  14 [label = o1]
  5 -> 14
  15 [label = o2]
  10 -> 15
  16 [label = o3]
  11 -> 16
}


--- Resetting half of the worst islands ---
Best half island indices: [0, 1]
Resetting Island 2 using best from Island 0
Resetting Island 3 using best from Island 1
Generation 00400 - Island 0 Best found in this generation: 1.0446386213703007
Trajectory plot saved to: plots/predict1.0446386213703007_vs_kalman.png
Filtered loss plot saved to: losses/loss_over_time_kalman_loss_1.0446.png
Average MSE to Oracle       : 1.044639
Average MSE to Kalman Filter: 5.242949
Average MSE (xp vs x_true)  : 2.088124
Island 0 BEST SO FAR: 1.0446386213703007 DISTANCE FROM KALMAN FILTER : 5.242948562385254 
Island 0 BEST Graph : digraph {
  0 [label = i0]
  1 [label = i1]
  2 [label = i2]
  3 [label = i3]
  4 [label = i4]
  5 [label = i5]
  6 [label = "matmul"]
  1 -> 6 [color = red]
  3 -> 6 [color = blue]
  7 [label = "transpose"]
  1 -> 7
  8 [label = "matmul"]
  0 -> 8 [color = red]
  7 -> 8 [color = blue]
  9 [label = "add"]
  6 -> 9 [color = red]
  5 -> 9 [color = blue]
  10 [label = "minus"]
  8 -> 10 [color = red]
  4 -> 10 [color = blue]
  11 [label = "add"]
  7 -> 11 [color = red]
  9 -> 11 [color = blue]
  13 [label = o0]
  4 -> 13
  14 [label = o1]
  5 -> 14
  15 [label = o2]
  10 -> 15
  16 [label = o3]
  11 -> 16
}

Generation 00400 - Island 1 Best found in this generation: 1.0446386213703007
Trajectory plot saved to: plots/predict1.0446386213703007_vs_kalman.png
Filtered loss plot saved to: losses/loss_over_time_kalman_loss_1.0446.png
Average MSE to Oracle       : 1.044639
Average MSE to Kalman Filter: 5.242949
Average MSE (xp vs x_true)  : 2.088124
Island 1 BEST SO FAR: 1.0446386213703007 DISTANCE FROM KALMAN FILTER : 5.242948562385254 
Island 1 BEST Graph : digraph {
  0 [label = i0]
  1 [label = i1]
  2 [label = i2]
  3 [label = i3]
  4 [label = i4]
  5 [label = i5]
  6 [label = "matmul"]
  1 -> 6 [color = red]
  3 -> 6 [color = blue]
  7 [label = "transpose"]
  1 -> 7
  8 [label = "matmul"]
  0 -> 8 [color = red]
  7 -> 8 [color = blue]
  9 [label = "add"]
  6 -> 9 [color = red]
  5 -> 9 [color = blue]
  10 [label = "minus"]
  8 -> 10 [color = red]
  4 -> 10 [color = blue]
  11 [label = "add"]
  7 -> 11 [color = red]
  9 -> 11 [color = blue]
  13 [label = o0]
  4 -> 13
  14 [label = o1]
  5 -> 14
  15 [label = o2]
  10 -> 15
  16 [label = o3]
  11 -> 16
}

Generation 00400 - Island 2 Best found in this generation: 1.0446386213703007
Trajectory plot saved to: plots/predict1.0446386213703007_vs_kalman.png
Filtered loss plot saved to: losses/loss_over_time_kalman_loss_1.0446.png
Average MSE to Oracle       : 1.044639
Average MSE to Kalman Filter: 5.242949
Average MSE (xp vs x_true)  : 2.088124
Island 2 BEST SO FAR: 1.0446386213703007 DISTANCE FROM KALMAN FILTER : 5.242948562385254 
Island 2 BEST Graph : digraph {
  0 [label = i0]
  1 [label = i1]
  2 [label = i2]
  3 [label = i3]
  4 [label = i4]
  5 [label = i5]
  6 [label = "matmul"]
  1 -> 6 [color = red]
  3 -> 6 [color = blue]
  7 [label = "transpose"]
  1 -> 7
  8 [label = "matmul"]
  0 -> 8 [color = red]
  7 -> 8 [color = blue]
  9 [label = "add"]
  6 -> 9 [color = red]
  5 -> 9 [color = blue]
  10 [label = "minus"]
  8 -> 10 [color = red]
  4 -> 10 [color = blue]
  11 [label = "add"]
  7 -> 11 [color = red]
  9 -> 11 [color = blue]
  13 [label = o0]
  4 -> 13
  14 [label = o1]
  5 -> 14
  15 [label = o2]
  10 -> 15
  16 [label = o3]
  11 -> 16
}

Generation 00400 - Island 3 Best found in this generation: 2.0881241496017084
Trajectory plot saved to: plots/predict1.0446386213703007_vs_kalman.png
Filtered loss plot saved to: losses/loss_over_time_kalman_loss_1.0446.png
Average MSE to Oracle       : 1.044639
Average MSE to Kalman Filter: 5.242949
Average MSE (xp vs x_true)  : 2.088124
Island 3 BEST SO FAR: 1.0446386213703007 DISTANCE FROM KALMAN FILTER : 5.242948562385254 
Island 3 BEST Graph : digraph {
  0 [label = i0]
  1 [label = i1]
  2 [label = i2]
  3 [label = i3]
  4 [label = i4]
  5 [label = i5]
  6 [label = "matmul"]
  1 -> 6 [color = red]
  3 -> 6 [color = blue]
  7 [label = "transpose"]
  1 -> 7
  8 [label = "matmul"]
  0 -> 8 [color = red]
  7 -> 8 [color = blue]
  9 [label = "add"]
  6 -> 9 [color = red]
  5 -> 9 [color = blue]
  10 [label = "minus"]
  8 -> 10 [color = red]
  4 -> 10 [color = blue]
  11 [label = "add"]
  7 -> 11 [color = red]
  9 -> 11 [color = blue]
  13 [label = o0]
  4 -> 13
  14 [label = o1]
  5 -> 14
  15 [label = o2]
  10 -> 15
  16 [label = o3]
  11 -> 16
}


--- Resetting half of the worst islands ---
Best half island indices: [0, 1]
Resetting Island 2 using best from Island 0
Resetting Island 3 using best from Island 1
Generation 00450 - Island 0 Best found in this generation: 1.0446386213703007
Trajectory plot saved to: plots/predict1.0446386213703007_vs_kalman.png
Filtered loss plot saved to: losses/loss_over_time_kalman_loss_1.0446.png
Average MSE to Oracle       : 1.044639
Average MSE to Kalman Filter: 5.242949
Average MSE (xp vs x_true)  : 2.088124
Island 0 BEST SO FAR: 1.0446386213703007 DISTANCE FROM KALMAN FILTER : 5.242948562385254 
Island 0 BEST Graph : digraph {
  0 [label = i0]
  1 [label = i1]
  2 [label = i2]
  3 [label = i3]
  4 [label = i4]
  5 [label = i5]
  6 [label = "matmul"]
  1 -> 6 [color = red]
  3 -> 6 [color = blue]
  7 [label = "transpose"]
  1 -> 7
  8 [label = "matmul"]
  0 -> 8 [color = red]
  7 -> 8 [color = blue]
  9 [label = "add"]
  6 -> 9 [color = red]
  5 -> 9 [color = blue]
  10 [label = "minus"]
  8 -> 10 [color = red]
  4 -> 10 [color = blue]
  11 [label = "add"]
  7 -> 11 [color = red]
  9 -> 11 [color = blue]
  13 [label = o0]
  4 -> 13
  14 [label = o1]
  5 -> 14
  15 [label = o2]
  10 -> 15
  16 [label = o3]
  11 -> 16
}

Generation 00450 - Island 1 Best found in this generation: 1.0446386213703007
Trajectory plot saved to: plots/predict1.0446386213703007_vs_kalman.png
Filtered loss plot saved to: losses/loss_over_time_kalman_loss_1.0446.png
Average MSE to Oracle       : 1.044639
Average MSE to Kalman Filter: 5.242949
Average MSE (xp vs x_true)  : 2.088124
Island 1 BEST SO FAR: 1.0446386213703007 DISTANCE FROM KALMAN FILTER : 5.242948562385254 
Island 1 BEST Graph : digraph {
  0 [label = i0]
  1 [label = i1]
  2 [label = i2]
  3 [label = i3]
  4 [label = i4]
  5 [label = i5]
  6 [label = "matmul"]
  1 -> 6 [color = red]
  3 -> 6 [color = blue]
  7 [label = "transpose"]
  1 -> 7
  8 [label = "matmul"]
  0 -> 8 [color = red]
  7 -> 8 [color = blue]
  9 [label = "add"]
  6 -> 9 [color = red]
  5 -> 9 [color = blue]
  10 [label = "minus"]
  8 -> 10 [color = red]
  4 -> 10 [color = blue]
  11 [label = "add"]
  7 -> 11 [color = red]
  9 -> 11 [color = blue]
  13 [label = o0]
  4 -> 13
  14 [label = o1]
  5 -> 14
  15 [label = o2]
  10 -> 15
  16 [label = o3]
  11 -> 16
}

Generation 00450 - Island 2 Best found in this generation: 1.0446386213703007
Trajectory plot saved to: plots/predict1.0446386213703007_vs_kalman.png
Filtered loss plot saved to: losses/loss_over_time_kalman_loss_1.0446.png
Average MSE to Oracle       : 1.044639
Average MSE to Kalman Filter: 5.242949
Average MSE (xp vs x_true)  : 2.088124
Island 2 BEST SO FAR: 1.0446386213703007 DISTANCE FROM KALMAN FILTER : 5.242948562385254 
Island 2 BEST Graph : digraph {
  0 [label = i0]
  1 [label = i1]
  2 [label = i2]
  3 [label = i3]
  4 [label = i4]
  5 [label = i5]
  6 [label = "matmul"]
  1 -> 6 [color = red]
  3 -> 6 [color = blue]
  7 [label = "transpose"]
  1 -> 7
  8 [label = "matmul"]
  0 -> 8 [color = red]
  7 -> 8 [color = blue]
  9 [label = "add"]
  6 -> 9 [color = red]
  5 -> 9 [color = blue]
  10 [label = "minus"]
  8 -> 10 [color = red]
  4 -> 10 [color = blue]
  11 [label = "add"]
  7 -> 11 [color = red]
  9 -> 11 [color = blue]
  13 [label = o0]
  4 -> 13
  14 [label = o1]
  5 -> 14
  15 [label = o2]
  10 -> 15
  16 [label = o3]
  11 -> 16
}

Generation 00450 - Island 3 Best found in this generation: 1.115647148279829
Trajectory plot saved to: plots/predict1.0446386213703007_vs_kalman.png
Filtered loss plot saved to: losses/loss_over_time_kalman_loss_1.0446.png
Average MSE to Oracle       : 1.044639
Average MSE to Kalman Filter: 5.242949
Average MSE (xp vs x_true)  : 2.088124
Island 3 BEST SO FAR: 1.0446386213703007 DISTANCE FROM KALMAN FILTER : 5.242948562385254 
Island 3 BEST Graph : digraph {
  0 [label = i0]
  1 [label = i1]
  2 [label = i2]
  3 [label = i3]
  4 [label = i4]
  5 [label = i5]
  6 [label = "matmul"]
  1 -> 6 [color = red]
  3 -> 6 [color = blue]
  7 [label = "transpose"]
  1 -> 7
  8 [label = "matmul"]
  0 -> 8 [color = red]
  7 -> 8 [color = blue]
  9 [label = "add"]
  6 -> 9 [color = red]
  5 -> 9 [color = blue]
  10 [label = "minus"]
  8 -> 10 [color = red]
  4 -> 10 [color = blue]
  11 [label = "add"]
  7 -> 11 [color = red]
  9 -> 11 [color = blue]
  13 [label = o0]
  4 -> 13
  14 [label = o1]
  5 -> 14
  15 [label = o2]
  10 -> 15
  16 [label = o3]
  11 -> 16
}


--- Resetting half of the worst islands ---
Best half island indices: [0, 1]
Resetting Island 2 using best from Island 0
Resetting Island 3 using best from Island 1
Generation 00500 - Island 0 Best found in this generation: 1.0446386213703007
Trajectory plot saved to: plots/predict1.0446386213703007_vs_kalman.png
Filtered loss plot saved to: losses/loss_over_time_kalman_loss_1.0446.png
Average MSE to Oracle       : 1.044639
Average MSE to Kalman Filter: 5.242949
Average MSE (xp vs x_true)  : 2.088124
Island 0 BEST SO FAR: 1.0446386213703007 DISTANCE FROM KALMAN FILTER : 5.242948562385254 
Island 0 BEST Graph : digraph {
  0 [label = i0]
  1 [label = i1]
  2 [label = i2]
  3 [label = i3]
  4 [label = i4]
  5 [label = i5]
  6 [label = "matmul"]
  1 -> 6 [color = red]
  3 -> 6 [color = blue]
  7 [label = "transpose"]
  1 -> 7
  8 [label = "matmul"]
  0 -> 8 [color = red]
  7 -> 8 [color = blue]
  9 [label = "add"]
  6 -> 9 [color = red]
  5 -> 9 [color = blue]
  10 [label = "minus"]
  8 -> 10 [color = red]
  4 -> 10 [color = blue]
  11 [label = "add"]
  7 -> 11 [color = red]
  9 -> 11 [color = blue]
  13 [label = o0]
  4 -> 13
  14 [label = o1]
  5 -> 14
  15 [label = o2]
  10 -> 15
  16 [label = o3]
  11 -> 16
}

Generation 00500 - Island 1 Best found in this generation: 1.0446386213703007
Trajectory plot saved to: plots/predict1.0446386213703007_vs_kalman.png
Filtered loss plot saved to: losses/loss_over_time_kalman_loss_1.0446.png
Average MSE to Oracle       : 1.044639
Average MSE to Kalman Filter: 5.242949
Average MSE (xp vs x_true)  : 2.088124
Island 1 BEST SO FAR: 1.0446386213703007 DISTANCE FROM KALMAN FILTER : 5.242948562385254 
Island 1 BEST Graph : digraph {
  0 [label = i0]
  1 [label = i1]
  2 [label = i2]
  3 [label = i3]
  4 [label = i4]
  5 [label = i5]
  6 [label = "matmul"]
  1 -> 6 [color = red]
  3 -> 6 [color = blue]
  7 [label = "transpose"]
  1 -> 7
  8 [label = "matmul"]
  0 -> 8 [color = red]
  7 -> 8 [color = blue]
  9 [label = "add"]
  6 -> 9 [color = red]
  5 -> 9 [color = blue]
  10 [label = "minus"]
  8 -> 10 [color = red]
  4 -> 10 [color = blue]
  11 [label = "add"]
  7 -> 11 [color = red]
  9 -> 11 [color = blue]
  13 [label = o0]
  4 -> 13
  14 [label = o1]
  5 -> 14
  15 [label = o2]
  10 -> 15
  16 [label = o3]
  11 -> 16
}

Generation 00500 - Island 2 Best found in this generation: 1.0446386213703007
Trajectory plot saved to: plots/predict1.0446386213703007_vs_kalman.png
Filtered loss plot saved to: losses/loss_over_time_kalman_loss_1.0446.png
Average MSE to Oracle       : 1.044639
Average MSE to Kalman Filter: 5.242949
Average MSE (xp vs x_true)  : 2.088124
Island 2 BEST SO FAR: 1.0446386213703007 DISTANCE FROM KALMAN FILTER : 5.242948562385254 
Island 2 BEST Graph : digraph {
  0 [label = i0]
  1 [label = i1]
  2 [label = i2]
  3 [label = i3]
  4 [label = i4]
  5 [label = i5]
  6 [label = "matmul"]
  1 -> 6 [color = red]
  3 -> 6 [color = blue]
  7 [label = "transpose"]
  1 -> 7
  8 [label = "matmul"]
  0 -> 8 [color = red]
  7 -> 8 [color = blue]
  9 [label = "add"]
  6 -> 9 [color = red]
  5 -> 9 [color = blue]
  10 [label = "minus"]
  8 -> 10 [color = red]
  4 -> 10 [color = blue]
  11 [label = "add"]
  7 -> 11 [color = red]
  9 -> 11 [color = blue]
  13 [label = o0]
  4 -> 13
  14 [label = o1]
  5 -> 14
  15 [label = o2]
  10 -> 15
  16 [label = o3]
  11 -> 16
}

Generation 00500 - Island 3 Best found in this generation: 1.0446386213703007
Trajectory plot saved to: plots/predict1.0446386213703007_vs_kalman.png
Filtered loss plot saved to: losses/loss_over_time_kalman_loss_1.0446.png
Average MSE to Oracle       : 1.044639
Average MSE to Kalman Filter: 5.242949
Average MSE (xp vs x_true)  : 2.088124
Island 3 BEST SO FAR: 1.0446386213703007 DISTANCE FROM KALMAN FILTER : 5.242948562385254 
Island 3 BEST Graph : digraph {
  0 [label = i0]
  1 [label = i1]
  2 [label = i2]
  3 [label = i3]
  4 [label = i4]
  5 [label = i5]
  6 [label = "matmul"]
  1 -> 6 [color = red]
  3 -> 6 [color = blue]
  7 [label = "transpose"]
  1 -> 7
  8 [label = "matmul"]
  0 -> 8 [color = red]
  7 -> 8 [color = blue]
  9 [label = "add"]
  6 -> 9 [color = red]
  5 -> 9 [color = blue]
  10 [label = "minus"]
  8 -> 10 [color = red]
  4 -> 10 [color = blue]
  11 [label = "add"]
  7 -> 11 [color = red]
  9 -> 11 [color = blue]
  13 [label = o0]
  4 -> 13
  14 [label = o1]
  5 -> 14
  15 [label = o2]
  10 -> 15
  16 [label = o3]
  11 -> 16
}


--- Resetting half of the worst islands ---
Best half island indices: [0, 1]
Resetting Island 2 using best from Island 0
Resetting Island 3 using best from Island 1
Generation 00550 - Island 0 Best found in this generation: 1.0446386213703007
Trajectory plot saved to: plots/predict1.0446386213703007_vs_kalman.png
Filtered loss plot saved to: losses/loss_over_time_kalman_loss_1.0446.png
Average MSE to Oracle       : 1.044639
Average MSE to Kalman Filter: 5.242949
Average MSE (xp vs x_true)  : 2.088124
Island 0 BEST SO FAR: 1.0446386213703007 DISTANCE FROM KALMAN FILTER : 5.242948562385254 
Island 0 BEST Graph : digraph {
  0 [label = i0]
  1 [label = i1]
  2 [label = i2]
  3 [label = i3]
  4 [label = i4]
  5 [label = i5]
  6 [label = "matmul"]
  1 -> 6 [color = red]
  3 -> 6 [color = blue]
  7 [label = "transpose"]
  1 -> 7
  8 [label = "matmul"]
  0 -> 8 [color = red]
  7 -> 8 [color = blue]
  9 [label = "add"]
  6 -> 9 [color = red]
  5 -> 9 [color = blue]
  10 [label = "minus"]
  8 -> 10 [color = red]
  4 -> 10 [color = blue]
  11 [label = "add"]
  7 -> 11 [color = red]
  9 -> 11 [color = blue]
  13 [label = o0]
  4 -> 13
  14 [label = o1]
  5 -> 14
  15 [label = o2]
  10 -> 15
  16 [label = o3]
  11 -> 16
}

Generation 00550 - Island 1 Best found in this generation: 1.0446386213703007
Trajectory plot saved to: plots/predict1.0446386213703007_vs_kalman.png
Filtered loss plot saved to: losses/loss_over_time_kalman_loss_1.0446.png
Average MSE to Oracle       : 1.044639
Average MSE to Kalman Filter: 5.242949
Average MSE (xp vs x_true)  : 2.088124
Island 1 BEST SO FAR: 1.0446386213703007 DISTANCE FROM KALMAN FILTER : 5.242948562385254 
Island 1 BEST Graph : digraph {
  0 [label = i0]
  1 [label = i1]
  2 [label = i2]
  3 [label = i3]
  4 [label = i4]
  5 [label = i5]
  6 [label = "matmul"]
  1 -> 6 [color = red]
  3 -> 6 [color = blue]
  7 [label = "transpose"]
  1 -> 7
  8 [label = "matmul"]
  0 -> 8 [color = red]
  7 -> 8 [color = blue]
  9 [label = "add"]
  6 -> 9 [color = red]
  5 -> 9 [color = blue]
  10 [label = "minus"]
  8 -> 10 [color = red]
  4 -> 10 [color = blue]
  11 [label = "add"]
  7 -> 11 [color = red]
  9 -> 11 [color = blue]
  13 [label = o0]
  4 -> 13
  14 [label = o1]
  5 -> 14
  15 [label = o2]
  10 -> 15
  16 [label = o3]
  11 -> 16
}

Generation 00550 - Island 2 Best found in this generation: 1.0446386213703007
Trajectory plot saved to: plots/predict1.0446386213703007_vs_kalman.png
Filtered loss plot saved to: losses/loss_over_time_kalman_loss_1.0446.png
Average MSE to Oracle       : 1.044639
Average MSE to Kalman Filter: 5.242949
Average MSE (xp vs x_true)  : 2.088124
Island 2 BEST SO FAR: 1.0446386213703007 DISTANCE FROM KALMAN FILTER : 5.242948562385254 
Island 2 BEST Graph : digraph {
  0 [label = i0]
  1 [label = i1]
  2 [label = i2]
  3 [label = i3]
  4 [label = i4]
  5 [label = i5]
  6 [label = "matmul"]
  1 -> 6 [color = red]
  3 -> 6 [color = blue]
  7 [label = "transpose"]
  1 -> 7
  8 [label = "matmul"]
  0 -> 8 [color = red]
  7 -> 8 [color = blue]
  9 [label = "add"]
  6 -> 9 [color = red]
  5 -> 9 [color = blue]
  10 [label = "minus"]
  8 -> 10 [color = red]
  4 -> 10 [color = blue]
  11 [label = "add"]
  7 -> 11 [color = red]
  9 -> 11 [color = blue]
  13 [label = o0]
  4 -> 13
  14 [label = o1]
  5 -> 14
  15 [label = o2]
  10 -> 15
  16 [label = o3]
  11 -> 16
}

Generation 00550 - Island 3 Best found in this generation: 2.0881241496017084
Trajectory plot saved to: plots/predict1.0446386213703007_vs_kalman.png
Filtered loss plot saved to: losses/loss_over_time_kalman_loss_1.0446.png
Average MSE to Oracle       : 1.044639
Average MSE to Kalman Filter: 5.242949
Average MSE (xp vs x_true)  : 2.088124
Island 3 BEST SO FAR: 1.0446386213703007 DISTANCE FROM KALMAN FILTER : 5.242948562385254 
Island 3 BEST Graph : digraph {
  0 [label = i0]
  1 [label = i1]
  2 [label = i2]
  3 [label = i3]
  4 [label = i4]
  5 [label = i5]
  6 [label = "matmul"]
  1 -> 6 [color = red]
  3 -> 6 [color = blue]
  7 [label = "transpose"]
  1 -> 7
  8 [label = "matmul"]
  0 -> 8 [color = red]
  7 -> 8 [color = blue]
  9 [label = "add"]
  6 -> 9 [color = red]
  5 -> 9 [color = blue]
  10 [label = "minus"]
  8 -> 10 [color = red]
  4 -> 10 [color = blue]
  11 [label = "add"]
  7 -> 11 [color = red]
  9 -> 11 [color = blue]
  13 [label = o0]
  4 -> 13
  14 [label = o1]
  5 -> 14
  15 [label = o2]
  10 -> 15
  16 [label = o3]
  11 -> 16
}


--- Resetting half of the worst islands ---
Best half island indices: [0, 1]
Resetting Island 2 using best from Island 0
Resetting Island 3 using best from Island 1
Generation 00600 - Island 0 Best found in this generation: 1.0446386213703007
Trajectory plot saved to: plots/predict1.0446386213703007_vs_kalman.png
Filtered loss plot saved to: losses/loss_over_time_kalman_loss_1.0446.png
Average MSE to Oracle       : 1.044639
Average MSE to Kalman Filter: 5.242949
Average MSE (xp vs x_true)  : 2.088124
Island 0 BEST SO FAR: 1.0446386213703007 DISTANCE FROM KALMAN FILTER : 5.242948562385254 
Island 0 BEST Graph : digraph {
  0 [label = i0]
  1 [label = i1]
  2 [label = i2]
  3 [label = i3]
  4 [label = i4]
  5 [label = i5]
  6 [label = "matmul"]
  1 -> 6 [color = red]
  3 -> 6 [color = blue]
  7 [label = "transpose"]
  1 -> 7
  8 [label = "matmul"]
  0 -> 8 [color = red]
  7 -> 8 [color = blue]
  9 [label = "add"]
  6 -> 9 [color = red]
  5 -> 9 [color = blue]
  10 [label = "minus"]
  8 -> 10 [color = red]
  4 -> 10 [color = blue]
  11 [label = "add"]
  7 -> 11 [color = red]
  9 -> 11 [color = blue]
  13 [label = o0]
  4 -> 13
  14 [label = o1]
  5 -> 14
  15 [label = o2]
  10 -> 15
  16 [label = o3]
  11 -> 16
}

Generation 00600 - Island 1 Best found in this generation: 1.0446386213703007
Trajectory plot saved to: plots/predict1.0446386213703007_vs_kalman.png
Filtered loss plot saved to: losses/loss_over_time_kalman_loss_1.0446.png
Average MSE to Oracle       : 1.044639
Average MSE to Kalman Filter: 5.242949
Average MSE (xp vs x_true)  : 2.088124
Island 1 BEST SO FAR: 1.0446386213703007 DISTANCE FROM KALMAN FILTER : 5.242948562385254 
Island 1 BEST Graph : digraph {
  0 [label = i0]
  1 [label = i1]
  2 [label = i2]
  3 [label = i3]
  4 [label = i4]
  5 [label = i5]
  6 [label = "matmul"]
  1 -> 6 [color = red]
  3 -> 6 [color = blue]
  7 [label = "transpose"]
  1 -> 7
  8 [label = "matmul"]
  0 -> 8 [color = red]
  7 -> 8 [color = blue]
  9 [label = "add"]
  6 -> 9 [color = red]
  5 -> 9 [color = blue]
  10 [label = "minus"]
  8 -> 10 [color = red]
  4 -> 10 [color = blue]
  11 [label = "add"]
  7 -> 11 [color = red]
  9 -> 11 [color = blue]
  13 [label = o0]
  4 -> 13
  14 [label = o1]
  5 -> 14
  15 [label = o2]
  10 -> 15
  16 [label = o3]
  11 -> 16
}

Generation 00600 - Island 2 Best found in this generation: 1.0446386213703007
Trajectory plot saved to: plots/predict1.0446386213703007_vs_kalman.png
Filtered loss plot saved to: losses/loss_over_time_kalman_loss_1.0446.png
Average MSE to Oracle       : 1.044639
Average MSE to Kalman Filter: 5.242949
Average MSE (xp vs x_true)  : 2.088124
Island 2 BEST SO FAR: 1.0446386213703007 DISTANCE FROM KALMAN FILTER : 5.242948562385254 
Island 2 BEST Graph : digraph {
  0 [label = i0]
  1 [label = i1]
  2 [label = i2]
  3 [label = i3]
  4 [label = i4]
  5 [label = i5]
  6 [label = "matmul"]
  1 -> 6 [color = red]
  3 -> 6 [color = blue]
  7 [label = "transpose"]
  1 -> 7
  8 [label = "matmul"]
  0 -> 8 [color = red]
  7 -> 8 [color = blue]
  9 [label = "add"]
  6 -> 9 [color = red]
  5 -> 9 [color = blue]
  10 [label = "minus"]
  8 -> 10 [color = red]
  4 -> 10 [color = blue]
  11 [label = "add"]
  7 -> 11 [color = red]
  9 -> 11 [color = blue]
  13 [label = o0]
  4 -> 13
  14 [label = o1]
  5 -> 14
  15 [label = o2]
  10 -> 15
  16 [label = o3]
  11 -> 16
}

Generation 00600 - Island 3 Best found in this generation: 1.1665965470948427
Trajectory plot saved to: plots/predict1.0446386213703007_vs_kalman.png
Filtered loss plot saved to: losses/loss_over_time_kalman_loss_1.0446.png
Average MSE to Oracle       : 1.044639
Average MSE to Kalman Filter: 5.242949
Average MSE (xp vs x_true)  : 2.088124
Island 3 BEST SO FAR: 1.0446386213703007 DISTANCE FROM KALMAN FILTER : 5.242948562385254 
Island 3 BEST Graph : digraph {
  0 [label = i0]
  1 [label = i1]
  2 [label = i2]
  3 [label = i3]
  4 [label = i4]
  5 [label = i5]
  6 [label = "matmul"]
  1 -> 6 [color = red]
  3 -> 6 [color = blue]
  7 [label = "transpose"]
  1 -> 7
  8 [label = "matmul"]
  0 -> 8 [color = red]
  7 -> 8 [color = blue]
  9 [label = "add"]
  6 -> 9 [color = red]
  5 -> 9 [color = blue]
  10 [label = "minus"]
  8 -> 10 [color = red]
  4 -> 10 [color = blue]
  11 [label = "add"]
  7 -> 11 [color = red]
  9 -> 11 [color = blue]
  13 [label = o0]
  4 -> 13
  14 [label = o1]
  5 -> 14
  15 [label = o2]
  10 -> 15
  16 [label = o3]
  11 -> 16
}


--- Resetting half of the worst islands ---
Best half island indices: [0, 1]
Resetting Island 2 using best from Island 0
Resetting Island 3 using best from Island 1
Generation 00650 - Island 0 Best found in this generation: 1.0446386213703007
Trajectory plot saved to: plots/predict1.0446386213703007_vs_kalman.png
Filtered loss plot saved to: losses/loss_over_time_kalman_loss_1.0446.png
Average MSE to Oracle       : 1.044639
Average MSE to Kalman Filter: 5.242949
Average MSE (xp vs x_true)  : 2.088124
Island 0 BEST SO FAR: 1.0446386213703007 DISTANCE FROM KALMAN FILTER : 5.242948562385254 
Island 0 BEST Graph : digraph {
  0 [label = i0]
  1 [label = i1]
  2 [label = i2]
  3 [label = i3]
  4 [label = i4]
  5 [label = i5]
  6 [label = "matmul"]
  1 -> 6 [color = red]
  3 -> 6 [color = blue]
  7 [label = "transpose"]
  1 -> 7
  8 [label = "matmul"]
  0 -> 8 [color = red]
  7 -> 8 [color = blue]
  9 [label = "add"]
  6 -> 9 [color = red]
  5 -> 9 [color = blue]
  10 [label = "minus"]
  8 -> 10 [color = red]
  4 -> 10 [color = blue]
  11 [label = "add"]
  7 -> 11 [color = red]
  9 -> 11 [color = blue]
  13 [label = o0]
  4 -> 13
  14 [label = o1]
  5 -> 14
  15 [label = o2]
  10 -> 15
  16 [label = o3]
  11 -> 16
}

Generation 00650 - Island 1 Best found in this generation: 1.0446386213703007
Trajectory plot saved to: plots/predict1.0446386213703007_vs_kalman.png
Filtered loss plot saved to: losses/loss_over_time_kalman_loss_1.0446.png
Average MSE to Oracle       : 1.044639
Average MSE to Kalman Filter: 5.242949
Average MSE (xp vs x_true)  : 2.088124
Island 1 BEST SO FAR: 1.0446386213703007 DISTANCE FROM KALMAN FILTER : 5.242948562385254 
Island 1 BEST Graph : digraph {
  0 [label = i0]
  1 [label = i1]
  2 [label = i2]
  3 [label = i3]
  4 [label = i4]
  5 [label = i5]
  6 [label = "matmul"]
  1 -> 6 [color = red]
  3 -> 6 [color = blue]
  7 [label = "transpose"]
  1 -> 7
  8 [label = "matmul"]
  0 -> 8 [color = red]
  7 -> 8 [color = blue]
  9 [label = "add"]
  6 -> 9 [color = red]
  5 -> 9 [color = blue]
  10 [label = "minus"]
  8 -> 10 [color = red]
  4 -> 10 [color = blue]
  11 [label = "add"]
  7 -> 11 [color = red]
  9 -> 11 [color = blue]
  13 [label = o0]
  4 -> 13
  14 [label = o1]
  5 -> 14
  15 [label = o2]
  10 -> 15
  16 [label = o3]
  11 -> 16
}

Generation 00650 - Island 2 Best found in this generation: 1.0446386213703007
Trajectory plot saved to: plots/predict1.0446386213703007_vs_kalman.png
Filtered loss plot saved to: losses/loss_over_time_kalman_loss_1.0446.png
Average MSE to Oracle       : 1.044639
Average MSE to Kalman Filter: 5.242949
Average MSE (xp vs x_true)  : 2.088124
Island 2 BEST SO FAR: 1.0446386213703007 DISTANCE FROM KALMAN FILTER : 5.242948562385254 
Island 2 BEST Graph : digraph {
  0 [label = i0]
  1 [label = i1]
  2 [label = i2]
  3 [label = i3]
  4 [label = i4]
  5 [label = i5]
  6 [label = "matmul"]
  1 -> 6 [color = red]
  3 -> 6 [color = blue]
  7 [label = "transpose"]
  1 -> 7
  8 [label = "matmul"]
  0 -> 8 [color = red]
  7 -> 8 [color = blue]
  9 [label = "add"]
  6 -> 9 [color = red]
  5 -> 9 [color = blue]
  10 [label = "minus"]
  8 -> 10 [color = red]
  4 -> 10 [color = blue]
  11 [label = "add"]
  7 -> 11 [color = red]
  9 -> 11 [color = blue]
  13 [label = o0]
  4 -> 13
  14 [label = o1]
  5 -> 14
  15 [label = o2]
  10 -> 15
  16 [label = o3]
  11 -> 16
}

Generation 00650 - Island 3 Best found in this generation: 2.0881241496017084
Trajectory plot saved to: plots/predict1.0446386213703007_vs_kalman.png
Filtered loss plot saved to: losses/loss_over_time_kalman_loss_1.0446.png
Average MSE to Oracle       : 1.044639
Average MSE to Kalman Filter: 5.242949
Average MSE (xp vs x_true)  : 2.088124
Island 3 BEST SO FAR: 1.0446386213703007 DISTANCE FROM KALMAN FILTER : 5.242948562385254 
Island 3 BEST Graph : digraph {
  0 [label = i0]
  1 [label = i1]
  2 [label = i2]
  3 [label = i3]
  4 [label = i4]
  5 [label = i5]
  6 [label = "matmul"]
  1 -> 6 [color = red]
  3 -> 6 [color = blue]
  7 [label = "transpose"]
  1 -> 7
  8 [label = "matmul"]
  0 -> 8 [color = red]
  7 -> 8 [color = blue]
  9 [label = "add"]
  6 -> 9 [color = red]
  5 -> 9 [color = blue]
  10 [label = "minus"]
  8 -> 10 [color = red]
  4 -> 10 [color = blue]
  11 [label = "add"]
  7 -> 11 [color = red]
  9 -> 11 [color = blue]
  13 [label = o0]
  4 -> 13
  14 [label = o1]
  5 -> 14
  15 [label = o2]
  10 -> 15
  16 [label = o3]
  11 -> 16
}


--- Resetting half of the worst islands ---
Best half island indices: [0, 1]
Resetting Island 2 using best from Island 0
Resetting Island 3 using best from Island 1
Generation 00700 - Island 0 Best found in this generation: 1.0446386213703007
Trajectory plot saved to: plots/predict1.0446386213703007_vs_kalman.png
Filtered loss plot saved to: losses/loss_over_time_kalman_loss_1.0446.png
Average MSE to Oracle       : 1.044639
Average MSE to Kalman Filter: 5.242949
Average MSE (xp vs x_true)  : 2.088124
Island 0 BEST SO FAR: 1.0446386213703007 DISTANCE FROM KALMAN FILTER : 5.242948562385254 
Island 0 BEST Graph : digraph {
  0 [label = i0]
  1 [label = i1]
  2 [label = i2]
  3 [label = i3]
  4 [label = i4]
  5 [label = i5]
  6 [label = "matmul"]
  1 -> 6 [color = red]
  3 -> 6 [color = blue]
  7 [label = "transpose"]
  1 -> 7
  8 [label = "matmul"]
  0 -> 8 [color = red]
  7 -> 8 [color = blue]
  9 [label = "add"]
  6 -> 9 [color = red]
  5 -> 9 [color = blue]
  10 [label = "minus"]
  8 -> 10 [color = red]
  4 -> 10 [color = blue]
  11 [label = "add"]
  7 -> 11 [color = red]
  9 -> 11 [color = blue]
  13 [label = o0]
  4 -> 13
  14 [label = o1]
  5 -> 14
  15 [label = o2]
  10 -> 15
  16 [label = o3]
  11 -> 16
}

Generation 00700 - Island 1 Best found in this generation: 1.0446386213703007
Trajectory plot saved to: plots/predict1.0446386213703007_vs_kalman.png
Filtered loss plot saved to: losses/loss_over_time_kalman_loss_1.0446.png
Average MSE to Oracle       : 1.044639
Average MSE to Kalman Filter: 5.242949
Average MSE (xp vs x_true)  : 2.088124
Island 1 BEST SO FAR: 1.0446386213703007 DISTANCE FROM KALMAN FILTER : 5.242948562385254 
Island 1 BEST Graph : digraph {
  0 [label = i0]
  1 [label = i1]
  2 [label = i2]
  3 [label = i3]
  4 [label = i4]
  5 [label = i5]
  6 [label = "matmul"]
  1 -> 6 [color = red]
  3 -> 6 [color = blue]
  7 [label = "transpose"]
  1 -> 7
  8 [label = "matmul"]
  0 -> 8 [color = red]
  7 -> 8 [color = blue]
  9 [label = "add"]
  6 -> 9 [color = red]
  5 -> 9 [color = blue]
  10 [label = "minus"]
  8 -> 10 [color = red]
  4 -> 10 [color = blue]
  11 [label = "add"]
  7 -> 11 [color = red]
  9 -> 11 [color = blue]
  13 [label = o0]
  4 -> 13
  14 [label = o1]
  5 -> 14
  15 [label = o2]
  10 -> 15
  16 [label = o3]
  11 -> 16
}

Generation 00700 - Island 2 Best found in this generation: 1.0446386213703007
Trajectory plot saved to: plots/predict1.0446386213703007_vs_kalman.png
Filtered loss plot saved to: losses/loss_over_time_kalman_loss_1.0446.png
Average MSE to Oracle       : 1.044639
Average MSE to Kalman Filter: 5.242949
Average MSE (xp vs x_true)  : 2.088124
Island 2 BEST SO FAR: 1.0446386213703007 DISTANCE FROM KALMAN FILTER : 5.242948562385254 
Island 2 BEST Graph : digraph {
  0 [label = i0]
  1 [label = i1]
  2 [label = i2]
  3 [label = i3]
  4 [label = i4]
  5 [label = i5]
  6 [label = "matmul"]
  1 -> 6 [color = red]
  3 -> 6 [color = blue]
  7 [label = "transpose"]
  1 -> 7
  8 [label = "matmul"]
  0 -> 8 [color = red]
  7 -> 8 [color = blue]
  9 [label = "add"]
  6 -> 9 [color = red]
  5 -> 9 [color = blue]
  10 [label = "minus"]
  8 -> 10 [color = red]
  4 -> 10 [color = blue]
  11 [label = "add"]
  7 -> 11 [color = red]
  9 -> 11 [color = blue]
  13 [label = o0]
  4 -> 13
  14 [label = o1]
  5 -> 14
  15 [label = o2]
  10 -> 15
  16 [label = o3]
  11 -> 16
}

Generation 00700 - Island 3 Best found in this generation: 1.1283647918723603
Trajectory plot saved to: plots/predict1.0446386213703007_vs_kalman.png
Filtered loss plot saved to: losses/loss_over_time_kalman_loss_1.0446.png
Average MSE to Oracle       : 1.044639
Average MSE to Kalman Filter: 5.242949
Average MSE (xp vs x_true)  : 2.088124
Island 3 BEST SO FAR: 1.0446386213703007 DISTANCE FROM KALMAN FILTER : 5.242948562385254 
Island 3 BEST Graph : digraph {
  0 [label = i0]
  1 [label = i1]
  2 [label = i2]
  3 [label = i3]
  4 [label = i4]
  5 [label = i5]
  6 [label = "matmul"]
  1 -> 6 [color = red]
  3 -> 6 [color = blue]
  7 [label = "transpose"]
  1 -> 7
  8 [label = "matmul"]
  0 -> 8 [color = red]
  7 -> 8 [color = blue]
  9 [label = "add"]
  6 -> 9 [color = red]
  5 -> 9 [color = blue]
  10 [label = "minus"]
  8 -> 10 [color = red]
  4 -> 10 [color = blue]
  11 [label = "add"]
  7 -> 11 [color = red]
  9 -> 11 [color = blue]
  13 [label = o0]
  4 -> 13
  14 [label = o1]
  5 -> 14
  15 [label = o2]
  10 -> 15
  16 [label = o3]
  11 -> 16
}


--- Resetting half of the worst islands ---
Best half island indices: [0, 1]
Resetting Island 2 using best from Island 0
Resetting Island 3 using best from Island 1
Generation 00750 - Island 0 Best found in this generation: 1.0446386213703007
Trajectory plot saved to: plots/predict1.0446386213703007_vs_kalman.png
Filtered loss plot saved to: losses/loss_over_time_kalman_loss_1.0446.png
Average MSE to Oracle       : 1.044639
Average MSE to Kalman Filter: 5.242949
Average MSE (xp vs x_true)  : 2.088124
Island 0 BEST SO FAR: 1.0446386213703007 DISTANCE FROM KALMAN FILTER : 5.242948562385254 
Island 0 BEST Graph : digraph {
  0 [label = i0]
  1 [label = i1]
  2 [label = i2]
  3 [label = i3]
  4 [label = i4]
  5 [label = i5]
  6 [label = "matmul"]
  1 -> 6 [color = red]
  3 -> 6 [color = blue]
  7 [label = "transpose"]
  1 -> 7
  8 [label = "matmul"]
  0 -> 8 [color = red]
  7 -> 8 [color = blue]
  9 [label = "add"]
  6 -> 9 [color = red]
  5 -> 9 [color = blue]
  10 [label = "minus"]
  8 -> 10 [color = red]
  4 -> 10 [color = blue]
  11 [label = "add"]
  7 -> 11 [color = red]
  9 -> 11 [color = blue]
  13 [label = o0]
  4 -> 13
  14 [label = o1]
  5 -> 14
  15 [label = o2]
  10 -> 15
  16 [label = o3]
  11 -> 16
}

Generation 00750 - Island 1 Best found in this generation: 1.0446386213703007
Trajectory plot saved to: plots/predict1.0446386213703007_vs_kalman.png
Filtered loss plot saved to: losses/loss_over_time_kalman_loss_1.0446.png
Average MSE to Oracle       : 1.044639
Average MSE to Kalman Filter: 5.242949
Average MSE (xp vs x_true)  : 2.088124
Island 1 BEST SO FAR: 1.0446386213703007 DISTANCE FROM KALMAN FILTER : 5.242948562385254 
Island 1 BEST Graph : digraph {
  0 [label = i0]
  1 [label = i1]
  2 [label = i2]
  3 [label = i3]
  4 [label = i4]
  5 [label = i5]
  6 [label = "matmul"]
  1 -> 6 [color = red]
  3 -> 6 [color = blue]
  7 [label = "transpose"]
  1 -> 7
  8 [label = "matmul"]
  0 -> 8 [color = red]
  7 -> 8 [color = blue]
  9 [label = "add"]
  6 -> 9 [color = red]
  5 -> 9 [color = blue]
  10 [label = "minus"]
  8 -> 10 [color = red]
  4 -> 10 [color = blue]
  11 [label = "add"]
  7 -> 11 [color = red]
  9 -> 11 [color = blue]
  13 [label = o0]
  4 -> 13
  14 [label = o1]
  5 -> 14
  15 [label = o2]
  10 -> 15
  16 [label = o3]
  11 -> 16
}

Generation 00750 - Island 2 Best found in this generation: 1.0446386213703007
Trajectory plot saved to: plots/predict1.0446386213703007_vs_kalman.png
Filtered loss plot saved to: losses/loss_over_time_kalman_loss_1.0446.png
Average MSE to Oracle       : 1.044639
Average MSE to Kalman Filter: 5.242949
Average MSE (xp vs x_true)  : 2.088124
Island 2 BEST SO FAR: 1.0446386213703007 DISTANCE FROM KALMAN FILTER : 5.242948562385254 
Island 2 BEST Graph : digraph {
  0 [label = i0]
  1 [label = i1]
  2 [label = i2]
  3 [label = i3]
  4 [label = i4]
  5 [label = i5]
  6 [label = "matmul"]
  1 -> 6 [color = red]
  3 -> 6 [color = blue]
  7 [label = "transpose"]
  1 -> 7
  8 [label = "matmul"]
  0 -> 8 [color = red]
  7 -> 8 [color = blue]
  9 [label = "add"]
  6 -> 9 [color = red]
  5 -> 9 [color = blue]
  10 [label = "minus"]
  8 -> 10 [color = red]
  4 -> 10 [color = blue]
  11 [label = "add"]
  7 -> 11 [color = red]
  9 -> 11 [color = blue]
  13 [label = o0]
  4 -> 13
  14 [label = o1]
  5 -> 14
  15 [label = o2]
  10 -> 15
  16 [label = o3]
  11 -> 16
}

Generation 00750 - Island 3 Best found in this generation: 2.0881241496016916
Trajectory plot saved to: plots/predict1.0446386213703007_vs_kalman.png
Filtered loss plot saved to: losses/loss_over_time_kalman_loss_1.0446.png
Average MSE to Oracle       : 1.044639
Average MSE to Kalman Filter: 5.242949
Average MSE (xp vs x_true)  : 2.088124
Island 3 BEST SO FAR: 1.0446386213703007 DISTANCE FROM KALMAN FILTER : 5.242948562385254 
Island 3 BEST Graph : digraph {
  0 [label = i0]
  1 [label = i1]
  2 [label = i2]
  3 [label = i3]
  4 [label = i4]
  5 [label = i5]
  6 [label = "matmul"]
  1 -> 6 [color = red]
  3 -> 6 [color = blue]
  7 [label = "transpose"]
  1 -> 7
  8 [label = "matmul"]
  0 -> 8 [color = red]
  7 -> 8 [color = blue]
  9 [label = "add"]
  6 -> 9 [color = red]
  5 -> 9 [color = blue]
  10 [label = "minus"]
  8 -> 10 [color = red]
  4 -> 10 [color = blue]
  11 [label = "add"]
  7 -> 11 [color = red]
  9 -> 11 [color = blue]
  13 [label = o0]
  4 -> 13
  14 [label = o1]
  5 -> 14
  15 [label = o2]
  10 -> 15
  16 [label = o3]
  11 -> 16
}


--- Resetting half of the worst islands ---
Best half island indices: [0, 1]
Resetting Island 2 using best from Island 0
Resetting Island 3 using best from Island 1
Generation 00800 - Island 0 Best found in this generation: 1.0446386213703007
Trajectory plot saved to: plots/predict1.0446386213703007_vs_kalman.png
Filtered loss plot saved to: losses/loss_over_time_kalman_loss_1.0446.png
Average MSE to Oracle       : 1.044639
Average MSE to Kalman Filter: 5.242949
Average MSE (xp vs x_true)  : 2.088124
Island 0 BEST SO FAR: 1.0446386213703007 DISTANCE FROM KALMAN FILTER : 5.242948562385254 
Island 0 BEST Graph : digraph {
  0 [label = i0]
  1 [label = i1]
  2 [label = i2]
  3 [label = i3]
  4 [label = i4]
  5 [label = i5]
  6 [label = "matmul"]
  1 -> 6 [color = red]
  3 -> 6 [color = blue]
  7 [label = "transpose"]
  1 -> 7
  8 [label = "matmul"]
  0 -> 8 [color = red]
  7 -> 8 [color = blue]
  9 [label = "add"]
  6 -> 9 [color = red]
  5 -> 9 [color = blue]
  10 [label = "minus"]
  8 -> 10 [color = red]
  4 -> 10 [color = blue]
  11 [label = "add"]
  7 -> 11 [color = red]
  9 -> 11 [color = blue]
  13 [label = o0]
  4 -> 13
  14 [label = o1]
  5 -> 14
  15 [label = o2]
  10 -> 15
  16 [label = o3]
  11 -> 16
}

Generation 00800 - Island 1 Best found in this generation: 1.0446386213703007
Trajectory plot saved to: plots/predict1.0446386213703007_vs_kalman.png
Filtered loss plot saved to: losses/loss_over_time_kalman_loss_1.0446.png
Average MSE to Oracle       : 1.044639
Average MSE to Kalman Filter: 5.242949
Average MSE (xp vs x_true)  : 2.088124
Island 1 BEST SO FAR: 1.0446386213703007 DISTANCE FROM KALMAN FILTER : 5.242948562385254 
Island 1 BEST Graph : digraph {
  0 [label = i0]
  1 [label = i1]
  2 [label = i2]
  3 [label = i3]
  4 [label = i4]
  5 [label = i5]
  6 [label = "matmul"]
  1 -> 6 [color = red]
  3 -> 6 [color = blue]
  7 [label = "transpose"]
  1 -> 7
  8 [label = "matmul"]
  0 -> 8 [color = red]
  7 -> 8 [color = blue]
  9 [label = "add"]
  6 -> 9 [color = red]
  5 -> 9 [color = blue]
  10 [label = "minus"]
  8 -> 10 [color = red]
  4 -> 10 [color = blue]
  11 [label = "add"]
  7 -> 11 [color = red]
  9 -> 11 [color = blue]
  13 [label = o0]
  4 -> 13
  14 [label = o1]
  5 -> 14
  15 [label = o2]
  10 -> 15
  16 [label = o3]
  11 -> 16
}

Generation 00800 - Island 2 Best found in this generation: 1.0446386213703007
Trajectory plot saved to: plots/predict1.0446386213703007_vs_kalman.png
Filtered loss plot saved to: losses/loss_over_time_kalman_loss_1.0446.png
Average MSE to Oracle       : 1.044639
Average MSE to Kalman Filter: 5.242949
Average MSE (xp vs x_true)  : 2.088124
Island 2 BEST SO FAR: 1.0446386213703007 DISTANCE FROM KALMAN FILTER : 5.242948562385254 
Island 2 BEST Graph : digraph {
  0 [label = i0]
  1 [label = i1]
  2 [label = i2]
  3 [label = i3]
  4 [label = i4]
  5 [label = i5]
  6 [label = "matmul"]
  1 -> 6 [color = red]
  3 -> 6 [color = blue]
  7 [label = "transpose"]
  1 -> 7
  8 [label = "matmul"]
  0 -> 8 [color = red]
  7 -> 8 [color = blue]
  9 [label = "add"]
  6 -> 9 [color = red]
  5 -> 9 [color = blue]
  10 [label = "minus"]
  8 -> 10 [color = red]
  4 -> 10 [color = blue]
  11 [label = "add"]
  7 -> 11 [color = red]
  9 -> 11 [color = blue]
  13 [label = o0]
  4 -> 13
  14 [label = o1]
  5 -> 14
  15 [label = o2]
  10 -> 15
  16 [label = o3]
  11 -> 16
}

Generation 00800 - Island 3 Best found in this generation: 1.2134755427525596
Trajectory plot saved to: plots/predict1.0446386213703007_vs_kalman.png
Filtered loss plot saved to: losses/loss_over_time_kalman_loss_1.0446.png
Average MSE to Oracle       : 1.044639
Average MSE to Kalman Filter: 5.242949
Average MSE (xp vs x_true)  : 2.088124
Island 3 BEST SO FAR: 1.0446386213703007 DISTANCE FROM KALMAN FILTER : 5.242948562385254 
Island 3 BEST Graph : digraph {
  0 [label = i0]
  1 [label = i1]
  2 [label = i2]
  3 [label = i3]
  4 [label = i4]
  5 [label = i5]
  6 [label = "matmul"]
  1 -> 6 [color = red]
  3 -> 6 [color = blue]
  7 [label = "transpose"]
  1 -> 7
  8 [label = "matmul"]
  0 -> 8 [color = red]
  7 -> 8 [color = blue]
  9 [label = "add"]
  6 -> 9 [color = red]
  5 -> 9 [color = blue]
  10 [label = "minus"]
  8 -> 10 [color = red]
  4 -> 10 [color = blue]
  11 [label = "add"]
  7 -> 11 [color = red]
  9 -> 11 [color = blue]
  13 [label = o0]
  4 -> 13
  14 [label = o1]
  5 -> 14
  15 [label = o2]
  10 -> 15
  16 [label = o3]
  11 -> 16
}


--- Resetting half of the worst islands ---
Best half island indices: [0, 1]
Resetting Island 2 using best from Island 0
Resetting Island 3 using best from Island 1
Generation 00850 - Island 0 Best found in this generation: 1.0446386213703007
Trajectory plot saved to: plots/predict1.0446386213703007_vs_kalman.png
Filtered loss plot saved to: losses/loss_over_time_kalman_loss_1.0446.png
Average MSE to Oracle       : 1.044639
Average MSE to Kalman Filter: 5.242949
Average MSE (xp vs x_true)  : 2.088124
Island 0 BEST SO FAR: 1.0446386213703007 DISTANCE FROM KALMAN FILTER : 5.242948562385254 
Island 0 BEST Graph : digraph {
  0 [label = i0]
  1 [label = i1]
  2 [label = i2]
  3 [label = i3]
  4 [label = i4]
  5 [label = i5]
  6 [label = "matmul"]
  1 -> 6 [color = red]
  3 -> 6 [color = blue]
  7 [label = "transpose"]
  1 -> 7
  8 [label = "matmul"]
  0 -> 8 [color = red]
  7 -> 8 [color = blue]
  9 [label = "add"]
  6 -> 9 [color = red]
  5 -> 9 [color = blue]
  10 [label = "minus"]
  8 -> 10 [color = red]
  4 -> 10 [color = blue]
  11 [label = "add"]
  7 -> 11 [color = red]
  9 -> 11 [color = blue]
  13 [label = o0]
  4 -> 13
  14 [label = o1]
  5 -> 14
  15 [label = o2]
  10 -> 15
  16 [label = o3]
  11 -> 16
}

Generation 00850 - Island 1 Best found in this generation: 1.0446386213703007
Trajectory plot saved to: plots/predict1.0446386213703007_vs_kalman.png
Filtered loss plot saved to: losses/loss_over_time_kalman_loss_1.0446.png
Average MSE to Oracle       : 1.044639
Average MSE to Kalman Filter: 5.242949
Average MSE (xp vs x_true)  : 2.088124
Island 1 BEST SO FAR: 1.0446386213703007 DISTANCE FROM KALMAN FILTER : 5.242948562385254 
Island 1 BEST Graph : digraph {
  0 [label = i0]
  1 [label = i1]
  2 [label = i2]
  3 [label = i3]
  4 [label = i4]
  5 [label = i5]
  6 [label = "matmul"]
  1 -> 6 [color = red]
  3 -> 6 [color = blue]
  7 [label = "transpose"]
  1 -> 7
  8 [label = "matmul"]
  0 -> 8 [color = red]
  7 -> 8 [color = blue]
  9 [label = "add"]
  6 -> 9 [color = red]
  5 -> 9 [color = blue]
  10 [label = "minus"]
  8 -> 10 [color = red]
  4 -> 10 [color = blue]
  11 [label = "add"]
  7 -> 11 [color = red]
  9 -> 11 [color = blue]
  13 [label = o0]
  4 -> 13
  14 [label = o1]
  5 -> 14
  15 [label = o2]
  10 -> 15
  16 [label = o3]
  11 -> 16
}

Generation 00850 - Island 2 Best found in this generation: 1.0446386213703007
Trajectory plot saved to: plots/predict1.0446386213703007_vs_kalman.png
Filtered loss plot saved to: losses/loss_over_time_kalman_loss_1.0446.png
Average MSE to Oracle       : 1.044639
Average MSE to Kalman Filter: 5.242949
Average MSE (xp vs x_true)  : 2.088124
Island 2 BEST SO FAR: 1.0446386213703007 DISTANCE FROM KALMAN FILTER : 5.242948562385254 
Island 2 BEST Graph : digraph {
  0 [label = i0]
  1 [label = i1]
  2 [label = i2]
  3 [label = i3]
  4 [label = i4]
  5 [label = i5]
  6 [label = "matmul"]
  1 -> 6 [color = red]
  3 -> 6 [color = blue]
  7 [label = "transpose"]
  1 -> 7
  8 [label = "matmul"]
  0 -> 8 [color = red]
  7 -> 8 [color = blue]
  9 [label = "add"]
  6 -> 9 [color = red]
  5 -> 9 [color = blue]
  10 [label = "minus"]
  8 -> 10 [color = red]
  4 -> 10 [color = blue]
  11 [label = "add"]
  7 -> 11 [color = red]
  9 -> 11 [color = blue]
  13 [label = o0]
  4 -> 13
  14 [label = o1]
  5 -> 14
  15 [label = o2]
  10 -> 15
  16 [label = o3]
  11 -> 16
}

Generation 00850 - Island 3 Best found in this generation: 1.1353234213603067
Trajectory plot saved to: plots/predict1.0446386213703007_vs_kalman.png
Filtered loss plot saved to: losses/loss_over_time_kalman_loss_1.0446.png
Average MSE to Oracle       : 1.044639
Average MSE to Kalman Filter: 5.242949
Average MSE (xp vs x_true)  : 2.088124
Island 3 BEST SO FAR: 1.0446386213703007 DISTANCE FROM KALMAN FILTER : 5.242948562385254 
Island 3 BEST Graph : digraph {
  0 [label = i0]
  1 [label = i1]
  2 [label = i2]
  3 [label = i3]
  4 [label = i4]
  5 [label = i5]
  6 [label = "matmul"]
  1 -> 6 [color = red]
  3 -> 6 [color = blue]
  7 [label = "transpose"]
  1 -> 7
  8 [label = "matmul"]
  0 -> 8 [color = red]
  7 -> 8 [color = blue]
  9 [label = "add"]
  6 -> 9 [color = red]
  5 -> 9 [color = blue]
  10 [label = "minus"]
  8 -> 10 [color = red]
  4 -> 10 [color = blue]
  11 [label = "add"]
  7 -> 11 [color = red]
  9 -> 11 [color = blue]
  13 [label = o0]
  4 -> 13
  14 [label = o1]
  5 -> 14
  15 [label = o2]
  10 -> 15
  16 [label = o3]
  11 -> 16
}


--- Resetting half of the worst islands ---
Best half island indices: [0, 1]
Resetting Island 2 using best from Island 0
Resetting Island 3 using best from Island 1
Generation 00900 - Island 0 Best found in this generation: 1.0446386213703007
Trajectory plot saved to: plots/predict1.0446386213703007_vs_kalman.png
Filtered loss plot saved to: losses/loss_over_time_kalman_loss_1.0446.png
Average MSE to Oracle       : 1.044639
Average MSE to Kalman Filter: 5.242949
Average MSE (xp vs x_true)  : 2.088124
Island 0 BEST SO FAR: 1.0446386213703007 DISTANCE FROM KALMAN FILTER : 5.242948562385254 
Island 0 BEST Graph : digraph {
  0 [label = i0]
  1 [label = i1]
  2 [label = i2]
  3 [label = i3]
  4 [label = i4]
  5 [label = i5]
  6 [label = "matmul"]
  1 -> 6 [color = red]
  3 -> 6 [color = blue]
  7 [label = "transpose"]
  1 -> 7
  8 [label = "matmul"]
  0 -> 8 [color = red]
  7 -> 8 [color = blue]
  9 [label = "add"]
  6 -> 9 [color = red]
  5 -> 9 [color = blue]
  10 [label = "minus"]
  8 -> 10 [color = red]
  4 -> 10 [color = blue]
  11 [label = "add"]
  7 -> 11 [color = red]
  9 -> 11 [color = blue]
  13 [label = o0]
  4 -> 13
  14 [label = o1]
  5 -> 14
  15 [label = o2]
  10 -> 15
  16 [label = o3]
  11 -> 16
}

Generation 00900 - Island 1 Best found in this generation: 1.0446386213703007
Trajectory plot saved to: plots/predict1.0446386213703007_vs_kalman.png
Filtered loss plot saved to: losses/loss_over_time_kalman_loss_1.0446.png
Average MSE to Oracle       : 1.044639
Average MSE to Kalman Filter: 5.242949
Average MSE (xp vs x_true)  : 2.088124
Island 1 BEST SO FAR: 1.0446386213703007 DISTANCE FROM KALMAN FILTER : 5.242948562385254 
Island 1 BEST Graph : digraph {
  0 [label = i0]
  1 [label = i1]
  2 [label = i2]
  3 [label = i3]
  4 [label = i4]
  5 [label = i5]
  6 [label = "matmul"]
  1 -> 6 [color = red]
  3 -> 6 [color = blue]
  7 [label = "transpose"]
  1 -> 7
  8 [label = "matmul"]
  0 -> 8 [color = red]
  7 -> 8 [color = blue]
  9 [label = "add"]
  6 -> 9 [color = red]
  5 -> 9 [color = blue]
  10 [label = "minus"]
  8 -> 10 [color = red]
  4 -> 10 [color = blue]
  11 [label = "add"]
  7 -> 11 [color = red]
  9 -> 11 [color = blue]
  13 [label = o0]
  4 -> 13
  14 [label = o1]
  5 -> 14
  15 [label = o2]
  10 -> 15
  16 [label = o3]
  11 -> 16
}

Generation 00900 - Island 2 Best found in this generation: 1.0446386213703007
Trajectory plot saved to: plots/predict1.0446386213703007_vs_kalman.png
Filtered loss plot saved to: losses/loss_over_time_kalman_loss_1.0446.png
Average MSE to Oracle       : 1.044639
Average MSE to Kalman Filter: 5.242949
Average MSE (xp vs x_true)  : 2.088124
Island 2 BEST SO FAR: 1.0446386213703007 DISTANCE FROM KALMAN FILTER : 5.242948562385254 
Island 2 BEST Graph : digraph {
  0 [label = i0]
  1 [label = i1]
  2 [label = i2]
  3 [label = i3]
  4 [label = i4]
  5 [label = i5]
  6 [label = "matmul"]
  1 -> 6 [color = red]
  3 -> 6 [color = blue]
  7 [label = "transpose"]
  1 -> 7
  8 [label = "matmul"]
  0 -> 8 [color = red]
  7 -> 8 [color = blue]
  9 [label = "add"]
  6 -> 9 [color = red]
  5 -> 9 [color = blue]
  10 [label = "minus"]
  8 -> 10 [color = red]
  4 -> 10 [color = blue]
  11 [label = "add"]
  7 -> 11 [color = red]
  9 -> 11 [color = blue]
  13 [label = o0]
  4 -> 13
  14 [label = o1]
  5 -> 14
  15 [label = o2]
  10 -> 15
  16 [label = o3]
  11 -> 16
}

Generation 00900 - Island 3 Best found in this generation: 1.0446386213703007
Trajectory plot saved to: plots/predict1.0446386213703007_vs_kalman.png
Filtered loss plot saved to: losses/loss_over_time_kalman_loss_1.0446.png
Average MSE to Oracle       : 1.044639
Average MSE to Kalman Filter: 5.242949
Average MSE (xp vs x_true)  : 2.088124
Island 3 BEST SO FAR: 1.0446386213703007 DISTANCE FROM KALMAN FILTER : 5.242948562385254 
Island 3 BEST Graph : digraph {
  0 [label = i0]
  1 [label = i1]
  2 [label = i2]
  3 [label = i3]
  4 [label = i4]
  5 [label = i5]
  6 [label = "matmul"]
  1 -> 6 [color = red]
  3 -> 6 [color = blue]
  7 [label = "transpose"]
  1 -> 7
  8 [label = "matmul"]
  0 -> 8 [color = red]
  7 -> 8 [color = blue]
  9 [label = "add"]
  6 -> 9 [color = red]
  5 -> 9 [color = blue]
  10 [label = "minus"]
  8 -> 10 [color = red]
  4 -> 10 [color = blue]
  11 [label = "add"]
  7 -> 11 [color = red]
  9 -> 11 [color = blue]
  13 [label = o0]
  4 -> 13
  14 [label = o1]
  5 -> 14
  15 [label = o2]
  10 -> 15
  16 [label = o3]
  11 -> 16
}


--- Resetting half of the worst islands ---
Best half island indices: [0, 1]
Resetting Island 2 using best from Island 0
Resetting Island 3 using best from Island 1
Generation 00950 - Island 0 Best found in this generation: 1.0446386213703007
Trajectory plot saved to: plots/predict1.0446386213703007_vs_kalman.png
Filtered loss plot saved to: losses/loss_over_time_kalman_loss_1.0446.png
Average MSE to Oracle       : 1.044639
Average MSE to Kalman Filter: 5.242949
Average MSE (xp vs x_true)  : 2.088124
Island 0 BEST SO FAR: 1.0446386213703007 DISTANCE FROM KALMAN FILTER : 5.242948562385254 
Island 0 BEST Graph : digraph {
  0 [label = i0]
  1 [label = i1]
  2 [label = i2]
  3 [label = i3]
  4 [label = i4]
  5 [label = i5]
  6 [label = "matmul"]
  1 -> 6 [color = red]
  3 -> 6 [color = blue]
  7 [label = "transpose"]
  1 -> 7
  8 [label = "matmul"]
  0 -> 8 [color = red]
  7 -> 8 [color = blue]
  9 [label = "add"]
  6 -> 9 [color = red]
  5 -> 9 [color = blue]
  10 [label = "minus"]
  8 -> 10 [color = red]
  4 -> 10 [color = blue]
  11 [label = "add"]
  7 -> 11 [color = red]
  9 -> 11 [color = blue]
  13 [label = o0]
  4 -> 13
  14 [label = o1]
  5 -> 14
  15 [label = o2]
  10 -> 15
  16 [label = o3]
  11 -> 16
}

Generation 00950 - Island 1 Best found in this generation: 1.0446386213703007
Trajectory plot saved to: plots/predict1.0446386213703007_vs_kalman.png
Filtered loss plot saved to: losses/loss_over_time_kalman_loss_1.0446.png
Average MSE to Oracle       : 1.044639
Average MSE to Kalman Filter: 5.242949
Average MSE (xp vs x_true)  : 2.088124
Island 1 BEST SO FAR: 1.0446386213703007 DISTANCE FROM KALMAN FILTER : 5.242948562385254 
Island 1 BEST Graph : digraph {
  0 [label = i0]
  1 [label = i1]
  2 [label = i2]
  3 [label = i3]
  4 [label = i4]
  5 [label = i5]
  6 [label = "matmul"]
  1 -> 6 [color = red]
  3 -> 6 [color = blue]
  7 [label = "transpose"]
  1 -> 7
  8 [label = "matmul"]
  0 -> 8 [color = red]
  7 -> 8 [color = blue]
  9 [label = "add"]
  6 -> 9 [color = red]
  5 -> 9 [color = blue]
  10 [label = "minus"]
  8 -> 10 [color = red]
  4 -> 10 [color = blue]
  11 [label = "add"]
  7 -> 11 [color = red]
  9 -> 11 [color = blue]
  13 [label = o0]
  4 -> 13
  14 [label = o1]
  5 -> 14
  15 [label = o2]
  10 -> 15
  16 [label = o3]
  11 -> 16
}

Generation 00950 - Island 2 Best found in this generation: 1.0446386213703007
Trajectory plot saved to: plots/predict1.0446386213703007_vs_kalman.png
Filtered loss plot saved to: losses/loss_over_time_kalman_loss_1.0446.png
Average MSE to Oracle       : 1.044639
Average MSE to Kalman Filter: 5.242949
Average MSE (xp vs x_true)  : 2.088124
Island 2 BEST SO FAR: 1.0446386213703007 DISTANCE FROM KALMAN FILTER : 5.242948562385254 
Island 2 BEST Graph : digraph {
  0 [label = i0]
  1 [label = i1]
  2 [label = i2]
  3 [label = i3]
  4 [label = i4]
  5 [label = i5]
  6 [label = "matmul"]
  1 -> 6 [color = red]
  3 -> 6 [color = blue]
  7 [label = "transpose"]
  1 -> 7
  8 [label = "matmul"]
  0 -> 8 [color = red]
  7 -> 8 [color = blue]
  9 [label = "add"]
  6 -> 9 [color = red]
  5 -> 9 [color = blue]
  10 [label = "minus"]
  8 -> 10 [color = red]
  4 -> 10 [color = blue]
  11 [label = "add"]
  7 -> 11 [color = red]
  9 -> 11 [color = blue]
  13 [label = o0]
  4 -> 13
  14 [label = o1]
  5 -> 14
  15 [label = o2]
  10 -> 15
  16 [label = o3]
  11 -> 16
}

Generation 00950 - Island 3 Best found in this generation: 2.0881241496017084
Trajectory plot saved to: plots/predict1.0446386213703007_vs_kalman.png
Filtered loss plot saved to: losses/loss_over_time_kalman_loss_1.0446.png
Average MSE to Oracle       : 1.044639
Average MSE to Kalman Filter: 5.242949
Average MSE (xp vs x_true)  : 2.088124
Island 3 BEST SO FAR: 1.0446386213703007 DISTANCE FROM KALMAN FILTER : 5.242948562385254 
Island 3 BEST Graph : digraph {
  0 [label = i0]
  1 [label = i1]
  2 [label = i2]
  3 [label = i3]
  4 [label = i4]
  5 [label = i5]
  6 [label = "matmul"]
  1 -> 6 [color = red]
  3 -> 6 [color = blue]
  7 [label = "transpose"]
  1 -> 7
  8 [label = "matmul"]
  0 -> 8 [color = red]
  7 -> 8 [color = blue]
  9 [label = "add"]
  6 -> 9 [color = red]
  5 -> 9 [color = blue]
  10 [label = "minus"]
  8 -> 10 [color = red]
  4 -> 10 [color = blue]
  11 [label = "add"]
  7 -> 11 [color = red]
  9 -> 11 [color = blue]
  13 [label = o0]
  4 -> 13
  14 [label = o1]
  5 -> 14
  15 [label = o2]
  10 -> 15
  16 [label = o3]
  11 -> 16
}


--- Resetting half of the worst islands ---
Best half island indices: [0, 1]
Resetting Island 2 using best from Island 0
Resetting Island 3 using best from Island 1
Generation 01000 - Island 0 Best found in this generation: 1.0446386213703007
Trajectory plot saved to: plots/predict1.0446386213703007_vs_kalman.png
Filtered loss plot saved to: losses/loss_over_time_kalman_loss_1.0446.png
Average MSE to Oracle       : 1.044639
Average MSE to Kalman Filter: 5.242949
Average MSE (xp vs x_true)  : 2.088124
Island 0 BEST SO FAR: 1.0446386213703007 DISTANCE FROM KALMAN FILTER : 5.242948562385254 
Island 0 BEST Graph : digraph {
  0 [label = i0]
  1 [label = i1]
  2 [label = i2]
  3 [label = i3]
  4 [label = i4]
  5 [label = i5]
  6 [label = "matmul"]
  1 -> 6 [color = red]
  3 -> 6 [color = blue]
  7 [label = "transpose"]
  1 -> 7
  8 [label = "matmul"]
  0 -> 8 [color = red]
  7 -> 8 [color = blue]
  9 [label = "add"]
  6 -> 9 [color = red]
  5 -> 9 [color = blue]
  10 [label = "minus"]
  8 -> 10 [color = red]
  4 -> 10 [color = blue]
  11 [label = "add"]
  7 -> 11 [color = red]
  9 -> 11 [color = blue]
  13 [label = o0]
  4 -> 13
  14 [label = o1]
  5 -> 14
  15 [label = o2]
  10 -> 15
  16 [label = o3]
  11 -> 16
}

Generation 01000 - Island 1 Best found in this generation: 1.0446386213703007
Trajectory plot saved to: plots/predict1.0446386213703007_vs_kalman.png
Filtered loss plot saved to: losses/loss_over_time_kalman_loss_1.0446.png
Average MSE to Oracle       : 1.044639
Average MSE to Kalman Filter: 5.242949
Average MSE (xp vs x_true)  : 2.088124
Island 1 BEST SO FAR: 1.0446386213703007 DISTANCE FROM KALMAN FILTER : 5.242948562385254 
Island 1 BEST Graph : digraph {
  0 [label = i0]
  1 [label = i1]
  2 [label = i2]
  3 [label = i3]
  4 [label = i4]
  5 [label = i5]
  6 [label = "matmul"]
  1 -> 6 [color = red]
  3 -> 6 [color = blue]
  7 [label = "transpose"]
  1 -> 7
  8 [label = "matmul"]
  0 -> 8 [color = red]
  7 -> 8 [color = blue]
  9 [label = "add"]
  6 -> 9 [color = red]
  5 -> 9 [color = blue]
  10 [label = "minus"]
  8 -> 10 [color = red]
  4 -> 10 [color = blue]
  11 [label = "add"]
  7 -> 11 [color = red]
  9 -> 11 [color = blue]
  13 [label = o0]
  4 -> 13
  14 [label = o1]
  5 -> 14
  15 [label = o2]
  10 -> 15
  16 [label = o3]
  11 -> 16
}

Generation 01000 - Island 2 Best found in this generation: 1.0446386213703007
Trajectory plot saved to: plots/predict1.0446386213703007_vs_kalman.png
Filtered loss plot saved to: losses/loss_over_time_kalman_loss_1.0446.png
Average MSE to Oracle       : 1.044639
Average MSE to Kalman Filter: 5.242949
Average MSE (xp vs x_true)  : 2.088124
Island 2 BEST SO FAR: 1.0446386213703007 DISTANCE FROM KALMAN FILTER : 5.242948562385254 
Island 2 BEST Graph : digraph {
  0 [label = i0]
  1 [label = i1]
  2 [label = i2]
  3 [label = i3]
  4 [label = i4]
  5 [label = i5]
  6 [label = "matmul"]
  1 -> 6 [color = red]
  3 -> 6 [color = blue]
  7 [label = "transpose"]
  1 -> 7
  8 [label = "matmul"]
  0 -> 8 [color = red]
  7 -> 8 [color = blue]
  9 [label = "add"]
  6 -> 9 [color = red]
  5 -> 9 [color = blue]
  10 [label = "minus"]
  8 -> 10 [color = red]
  4 -> 10 [color = blue]
  11 [label = "add"]
  7 -> 11 [color = red]
  9 -> 11 [color = blue]
  13 [label = o0]
  4 -> 13
  14 [label = o1]
  5 -> 14
  15 [label = o2]
  10 -> 15
  16 [label = o3]
  11 -> 16
}

Generation 01000 - Island 3 Best found in this generation: 1.0943456601453792
Trajectory plot saved to: plots/predict1.0446386213703007_vs_kalman.png
Filtered loss plot saved to: losses/loss_over_time_kalman_loss_1.0446.png
Average MSE to Oracle       : 1.044639
Average MSE to Kalman Filter: 5.242949
Average MSE (xp vs x_true)  : 2.088124
Island 3 BEST SO FAR: 1.0446386213703007 DISTANCE FROM KALMAN FILTER : 5.242948562385254 
Island 3 BEST Graph : digraph {
  0 [label = i0]
  1 [label = i1]
  2 [label = i2]
  3 [label = i3]
  4 [label = i4]
  5 [label = i5]
  6 [label = "matmul"]
  1 -> 6 [color = red]
  3 -> 6 [color = blue]
  7 [label = "transpose"]
  1 -> 7
  8 [label = "matmul"]
  0 -> 8 [color = red]
  7 -> 8 [color = blue]
  9 [label = "add"]
  6 -> 9 [color = red]
  5 -> 9 [color = blue]
  10 [label = "minus"]
  8 -> 10 [color = red]
  4 -> 10 [color = blue]
  11 [label = "add"]
  7 -> 11 [color = red]
  9 -> 11 [color = blue]
  13 [label = o0]
  4 -> 13
  14 [label = o1]
  5 -> 14
  15 [label = o2]
  10 -> 15
  16 [label = o3]
  11 -> 16
}


--- Resetting half of the worst islands ---
Best half island indices: [0, 1]
Resetting Island 2 using best from Island 0
Resetting Island 3 using best from Island 1
Generation 01050 - Island 0 Best found in this generation: 1.0446386213703007
Trajectory plot saved to: plots/predict1.0446386213703007_vs_kalman.png
Filtered loss plot saved to: losses/loss_over_time_kalman_loss_1.0446.png
Average MSE to Oracle       : 1.044639
Average MSE to Kalman Filter: 5.242949
Average MSE (xp vs x_true)  : 2.088124
Island 0 BEST SO FAR: 1.0446386213703007 DISTANCE FROM KALMAN FILTER : 5.242948562385254 
Island 0 BEST Graph : digraph {
  0 [label = i0]
  1 [label = i1]
  2 [label = i2]
  3 [label = i3]
  4 [label = i4]
  5 [label = i5]
  6 [label = "matmul"]
  1 -> 6 [color = red]
  3 -> 6 [color = blue]
  7 [label = "transpose"]
  1 -> 7
  8 [label = "matmul"]
  0 -> 8 [color = red]
  7 -> 8 [color = blue]
  9 [label = "add"]
  6 -> 9 [color = red]
  5 -> 9 [color = blue]
  10 [label = "minus"]
  8 -> 10 [color = red]
  4 -> 10 [color = blue]
  11 [label = "add"]
  7 -> 11 [color = red]
  9 -> 11 [color = blue]
  13 [label = o0]
  4 -> 13
  14 [label = o1]
  5 -> 14
  15 [label = o2]
  10 -> 15
  16 [label = o3]
  11 -> 16
}

Generation 01050 - Island 1 Best found in this generation: 1.0446386213703007
Trajectory plot saved to: plots/predict1.0446386213703007_vs_kalman.png
Filtered loss plot saved to: losses/loss_over_time_kalman_loss_1.0446.png
Average MSE to Oracle       : 1.044639
Average MSE to Kalman Filter: 5.242949
Average MSE (xp vs x_true)  : 2.088124
Island 1 BEST SO FAR: 1.0446386213703007 DISTANCE FROM KALMAN FILTER : 5.242948562385254 
Island 1 BEST Graph : digraph {
  0 [label = i0]
  1 [label = i1]
  2 [label = i2]
  3 [label = i3]
  4 [label = i4]
  5 [label = i5]
  6 [label = "matmul"]
  1 -> 6 [color = red]
  3 -> 6 [color = blue]
  7 [label = "transpose"]
  1 -> 7
  8 [label = "matmul"]
  0 -> 8 [color = red]
  7 -> 8 [color = blue]
  9 [label = "add"]
  6 -> 9 [color = red]
  5 -> 9 [color = blue]
  10 [label = "minus"]
  8 -> 10 [color = red]
  4 -> 10 [color = blue]
  11 [label = "add"]
  7 -> 11 [color = red]
  9 -> 11 [color = blue]
  13 [label = o0]
  4 -> 13
  14 [label = o1]
  5 -> 14
  15 [label = o2]
  10 -> 15
  16 [label = o3]
  11 -> 16
}

Generation 01050 - Island 2 Best found in this generation: 1.0446386213703007
Trajectory plot saved to: plots/predict1.0446386213703007_vs_kalman.png
Filtered loss plot saved to: losses/loss_over_time_kalman_loss_1.0446.png
Average MSE to Oracle       : 1.044639
Average MSE to Kalman Filter: 5.242949
Average MSE (xp vs x_true)  : 2.088124
Island 2 BEST SO FAR: 1.0446386213703007 DISTANCE FROM KALMAN FILTER : 5.242948562385254 
Island 2 BEST Graph : digraph {
  0 [label = i0]
  1 [label = i1]
  2 [label = i2]
  3 [label = i3]
  4 [label = i4]
  5 [label = i5]
  6 [label = "matmul"]
  1 -> 6 [color = red]
  3 -> 6 [color = blue]
  7 [label = "transpose"]
  1 -> 7
  8 [label = "matmul"]
  0 -> 8 [color = red]
  7 -> 8 [color = blue]
  9 [label = "add"]
  6 -> 9 [color = red]
  5 -> 9 [color = blue]
  10 [label = "minus"]
  8 -> 10 [color = red]
  4 -> 10 [color = blue]
  11 [label = "add"]
  7 -> 11 [color = red]
  9 -> 11 [color = blue]
  13 [label = o0]
  4 -> 13
  14 [label = o1]
  5 -> 14
  15 [label = o2]
  10 -> 15
  16 [label = o3]
  11 -> 16
}

Generation 01050 - Island 3 Best found in this generation: 2.0881241496017084
Trajectory plot saved to: plots/predict1.0446386213703007_vs_kalman.png
Filtered loss plot saved to: losses/loss_over_time_kalman_loss_1.0446.png
Average MSE to Oracle       : 1.044639
Average MSE to Kalman Filter: 5.242949
Average MSE (xp vs x_true)  : 2.088124
Island 3 BEST SO FAR: 1.0446386213703007 DISTANCE FROM KALMAN FILTER : 5.242948562385254 
Island 3 BEST Graph : digraph {
  0 [label = i0]
  1 [label = i1]
  2 [label = i2]
  3 [label = i3]
  4 [label = i4]
  5 [label = i5]
  6 [label = "matmul"]
  1 -> 6 [color = red]
  3 -> 6 [color = blue]
  7 [label = "transpose"]
  1 -> 7
  8 [label = "matmul"]
  0 -> 8 [color = red]
  7 -> 8 [color = blue]
  9 [label = "add"]
  6 -> 9 [color = red]
  5 -> 9 [color = blue]
  10 [label = "minus"]
  8 -> 10 [color = red]
  4 -> 10 [color = blue]
  11 [label = "add"]
  7 -> 11 [color = red]
  9 -> 11 [color = blue]
  13 [label = o0]
  4 -> 13
  14 [label = o1]
  5 -> 14
  15 [label = o2]
  10 -> 15
  16 [label = o3]
  11 -> 16
}

