Sanity check loss: 1.1180493160255693
[00015] New best score: 2.6929e+04
Graph: digraph {
  0 [label = i0]
  1 [label = i1]
  2 [label = i2]
  3 [label = i3]
  4 [label = i4]
  5 [label = i5]
  6 [label = "matmul"]
  5 -> 6 [color = red]
  4 -> 6 [color = blue]
  7 [label = "transpose"]
  1 -> 7
  8 [label = "transpose"]
  5 -> 8
  11 [label = "transpose"]
  0 -> 11
  22 [label = "transpose"]
  11 -> 22
  23 [label = o0]
  22 -> 23
  24 [label = o1]
  7 -> 24
  25 [label = o2]
  22 -> 25
  26 [label = o3]
  8 -> 26
  27 [label = o4]
  6 -> 27
  28 [label = o5]
  0 -> 28
}

[00120] New best score: 2.0742e+00
Graph: digraph {
  0 [label = i0]
  1 [label = i1]
  2 [label = i2]
  3 [label = i3]
  4 [label = i4]
  5 [label = i5]
  6 [label = "transpose"]
  3 -> 6
  9 [label = "minus"]
  1 -> 9 [color = red]
  6 -> 9 [color = blue]
  10 [label = "add"]
  1 -> 10 [color = red]
  2 -> 10 [color = blue]
  11 [label = "inv"]
  5 -> 11
  13 [label = "inv"]
  9 -> 13
  15 [label = "transpose"]
  10 -> 15
  17 [label = "minus"]
  11 -> 17 [color = red]
  13 -> 17 [color = blue]
  20 [label = "transpose"]
  11 -> 20
  23 [label = o0]
  4 -> 23
  24 [label = o1]
  17 -> 24
  25 [label = o2]
  20 -> 25
  26 [label = o3]
  15 -> 26
  27 [label = o4]
  6 -> 27
  28 [label = o5]
  4 -> 28
}

[190703] New best score: 2.0742e+00
Graph: digraph {
  0 [label = i0]
  1 [label = i1]
  2 [label = i2]
  3 [label = i3]
  4 [label = i4]
  5 [label = i5]
  9 [label = "add"]
  4 -> 9 [color = red]
  5 -> 9 [color = blue]
  11 [label = "minus"]
  9 -> 11 [color = red]
  4 -> 11 [color = blue]
  14 [label = "matmul"]
  11 -> 14 [color = red]
  4 -> 14 [color = blue]
  15 [label = "inv"]
  9 -> 15
  23 [label = o0]
  0 -> 23
  24 [label = o1]
  15 -> 24
  25 [label = o2]
  2 -> 25
  26 [label = o3]
  14 -> 26
  27 [label = o4]
  0 -> 27
  28 [label = o5]
  14 -> 28
}

[364807] New best score: 2.0742e+00
Graph: digraph {
  0 [label = i0]
  1 [label = i1]
  2 [label = i2]
  3 [label = i3]
  4 [label = i4]
  5 [label = i5]
  6 [label = "add"]
  0 -> 6 [color = red]
  4 -> 6 [color = blue]
  10 [label = "matmul"]
  3 -> 10 [color = red]
  6 -> 10 [color = blue]
  14 [label = "minus"]
  6 -> 14 [color = red]
  0 -> 14 [color = blue]
  20 [label = "transpose"]
  14 -> 20
  23 [label = o0]
  10 -> 23
  24 [label = o1]
  5 -> 24
  25 [label = o2]
  3 -> 25
  26 [label = o3]
  10 -> 26
  27 [label = o4]
  20 -> 27
  28 [label = o5]
  20 -> 28
}

[710224] New best score: 2.0742e+00
Graph: digraph {
  0 [label = i0]
  1 [label = i1]
  2 [label = i2]
  3 [label = i3]
  4 [label = i4]
  5 [label = i5]
  6 [label = "add"]
  4 -> 6 [color = red]
  1 -> 6 [color = blue]
  7 [label = "transpose"]
  2 -> 7
  8 [label = "matmul"]
  0 -> 8 [color = red]
  2 -> 8 [color = blue]
  9 [label = "minus"]
  8 -> 9 [color = red]
  4 -> 9 [color = blue]
  11 [label = "minus"]
  0 -> 11 [color = red]
  2 -> 11 [color = blue]
  19 [label = "minus"]
  8 -> 19 [color = red]
  9 -> 19 [color = blue]
  20 [label = "transpose"]
  6 -> 20
  21 [label = "add"]
  2 -> 21 [color = red]
  11 -> 21 [color = blue]
  22 [label = "add"]
  7 -> 22 [color = red]
  20 -> 22 [color = blue]
  23 [label = o0]
  4 -> 23
  24 [label = o1]
  22 -> 24
  25 [label = o2]
  5 -> 25
  26 [label = o3]
  0 -> 26
  27 [label = o4]
  21 -> 27
  28 [label = o5]
  19 -> 28
}

[1594430] New best score: 2.0742e+00
Graph: digraph {
  0 [label = i0]
  1 [label = i1]
  2 [label = i2]
  3 [label = i3]
  4 [label = i4]
  5 [label = i5]
  6 [label = "inv"]
  5 -> 6
  7 [label = "add"]
  4 -> 7 [color = red]
  6 -> 7 [color = blue]
  8 [label = "matmul"]
  7 -> 8 [color = red]
  0 -> 8 [color = blue]
  9 [label = "matmul"]
  0 -> 9 [color = red]
  8 -> 9 [color = blue]
  10 [label = "matmul"]
  1 -> 10 [color = red]
  6 -> 10 [color = blue]
  12 [label = "minus"]
  9 -> 12 [color = red]
  4 -> 12 [color = blue]
  14 [label = "minus"]
  9 -> 14 [color = red]
  12 -> 14 [color = blue]
  16 [label = "matmul"]
  10 -> 16 [color = red]
  3 -> 16 [color = blue]
  20 [label = "transpose"]
  12 -> 20
  23 [label = o0]
  4 -> 23
  24 [label = o1]
  16 -> 24
  25 [label = o2]
  20 -> 25
  26 [label = o3]
  6 -> 26
  27 [label = o4]
  2 -> 27
  28 [label = o5]
  14 -> 28
}

[2623222] New best score: 2.0737e+00
Graph: digraph {
  0 [label = i0]
  1 [label = i1]
  2 [label = i2]
  3 [label = i3]
  4 [label = i4]
  5 [label = i5]
  8 [label = "matmul"]
  2 -> 8 [color = red]
  4 -> 8 [color = blue]
  10 [label = "inv"]
  1 -> 10
  13 [label = "matmul"]
  10 -> 13 [color = red]
  8 -> 13 [color = blue]
  14 [label = "transpose"]
  1 -> 14
  15 [label = "transpose"]
  4 -> 15
  19 [label = "transpose"]
  14 -> 19
  22 [label = "transpose"]
  13 -> 22
  23 [label = o0]
  15 -> 23
  24 [label = o1]
  19 -> 24
  25 [label = o2]
  3 -> 25
  26 [label = o3]
  5 -> 26
  27 [label = o4]
  19 -> 27
  28 [label = o5]
  22 -> 28
}

[2906435] New best score: 2.0718e+00
Graph: digraph {
  0 [label = i0]
  1 [label = i1]
  2 [label = i2]
  3 [label = i3]
  4 [label = i4]
  5 [label = i5]
  6 [label = "add"]
  4 -> 6 [color = red]
  1 -> 6 [color = blue]
  7 [label = "minus"]
  1 -> 7 [color = red]
  1 -> 7 [color = blue]
  8 [label = "add"]
  7 -> 8 [color = red]
  0 -> 8 [color = blue]
  9 [label = "minus"]
  8 -> 9 [color = red]
  0 -> 9 [color = blue]
  13 [label = "add"]
  2 -> 13 [color = red]
  5 -> 13 [color = blue]
  18 [label = "inv"]
  13 -> 18
  20 [label = "matmul"]
  4 -> 20 [color = red]
  18 -> 20 [color = blue]
  23 [label = o0]
  20 -> 23
  24 [label = o1]
  9 -> 24
  25 [label = o2]
  18 -> 25
  26 [label = o3]
  3 -> 26
  27 [label = o4]
  6 -> 27
  28 [label = o5]
  20 -> 28
}

[50928092] New best score: 1.4956e+00
Graph: digraph {
  0 [label = i0]
  1 [label = i1]
  2 [label = i2]
  3 [label = i3]
  4 [label = i4]
  5 [label = i5]
  6 [label = "inv"]
  5 -> 6
  7 [label = "add"]
  5 -> 7 [color = red]
  1 -> 7 [color = blue]
  8 [label = "matmul"]
  1 -> 8 [color = red]
  4 -> 8 [color = blue]
  10 [label = "transpose"]
  5 -> 10
  12 [label = "minus"]
  7 -> 12 [color = red]
  3 -> 12 [color = blue]
  13 [label = "inv"]
  10 -> 13
  16 [label = "transpose"]
  1 -> 16
  19 [label = "add"]
  10 -> 19 [color = red]
  6 -> 19 [color = blue]
  20 [label = "add"]
  0 -> 20 [color = red]
  8 -> 20 [color = blue]
  21 [label = "inv"]
  19 -> 21
  22 [label = "matmul"]
  20 -> 22 [color = red]
  21 -> 22 [color = blue]
  23 [label = o0]
  8 -> 23
  24 [label = o1]
  16 -> 24
  25 [label = o2]
  12 -> 25
  26 [label = o3]
  13 -> 26
  27 [label = o4]
  13 -> 27
  28 [label = o5]
  22 -> 28
}

[160656428] New best score: 1.3794e+00
Graph: digraph {
  0 [label = i0]
  1 [label = i1]
  2 [label = i2]
  3 [label = i3]
  4 [label = i4]
  5 [label = i5]
  6 [label = "add"]
  1 -> 6 [color = red]
  5 -> 6 [color = blue]
  7 [label = "matmul"]
  2 -> 7 [color = red]
  6 -> 7 [color = blue]
  8 [label = "inv"]
  7 -> 8
  9 [label = "transpose"]
  8 -> 9
  10 [label = "matmul"]
  4 -> 10 [color = red]
  5 -> 10 [color = blue]
  12 [label = "add"]
  0 -> 12 [color = red]
  10 -> 12 [color = blue]
  13 [label = "matmul"]
  12 -> 13 [color = red]
  9 -> 13 [color = blue]
  21 [label = "minus"]
  12 -> 21 [color = red]
  13 -> 21 [color = blue]
  23 [label = o0]
  12 -> 23
  24 [label = o1]
  2 -> 24
  25 [label = o2]
  21 -> 25
  26 [label = o3]
  3 -> 26
  27 [label = o4]
  5 -> 27
  28 [label = o5]
  21 -> 28
}

