Sanity check loss: 1.1180493160255693
[00124] New best score: 2.1569e+04
Graph: digraph {
  0 [label = i0]
  1 [label = i1]
  2 [label = i2]
  3 [label = i3]
  4 [label = i4]
  5 [label = i5]
  14 [label = "minus"]
  4 -> 14 [color = red]
  3 -> 14 [color = blue]
  15 [label = "matmul"]
  4 -> 15 [color = red]
  3 -> 15 [color = blue]
  19 [label = "transpose"]
  15 -> 19
  21 [label = "matmul"]
  3 -> 21 [color = red]
  19 -> 21 [color = blue]
  23 [label = o0]
  21 -> 23
  24 [label = o1]
  14 -> 24
  25 [label = o2]
  5 -> 25
  26 [label = o3]
  19 -> 26
  27 [label = o4]
  15 -> 27
  28 [label = o5]
  19 -> 28
}

[00165] New best score: 2.0742e+00
Graph: digraph {
  0 [label = i0]
  1 [label = i1]
  2 [label = i2]
  3 [label = i3]
  4 [label = i4]
  5 [label = i5]
  6 [label = "transpose"]
  0 -> 6
  8 [label = "transpose"]
  4 -> 8
  9 [label = "transpose"]
  6 -> 9
  10 [label = "transpose"]
  4 -> 10
  11 [label = "add"]
  4 -> 11 [color = red]
  2 -> 11 [color = blue]
  23 [label = o0]
  10 -> 23
  24 [label = o1]
  11 -> 24
  25 [label = o2]
  9 -> 25
  26 [label = o3]
  11 -> 26
  27 [label = o4]
  6 -> 27
  28 [label = o5]
  8 -> 28
}

[362310] New best score: 2.0742e+00
Graph: digraph {
  0 [label = i0]
  1 [label = i1]
  2 [label = i2]
  3 [label = i3]
  4 [label = i4]
  5 [label = i5]
  6 [label = "matmul"]
  4 -> 6 [color = red]
  4 -> 6 [color = blue]
  7 [label = "add"]
  0 -> 7 [color = red]
  5 -> 7 [color = blue]
  9 [label = "add"]
  4 -> 9 [color = red]
  6 -> 9 [color = blue]
  12 [label = "transpose"]
  6 -> 12
  13 [label = "minus"]
  9 -> 13 [color = red]
  6 -> 13 [color = blue]
  15 [label = "add"]
  7 -> 15 [color = red]
  9 -> 15 [color = blue]
  19 [label = "transpose"]
  9 -> 19
  23 [label = o0]
  19 -> 23
  24 [label = o1]
  7 -> 24
  25 [label = o2]
  12 -> 25
  26 [label = o3]
  9 -> 26
  27 [label = o4]
  15 -> 27
  28 [label = o5]
  13 -> 28
}

[1344768] New best score: 2.0737e+00
Graph: digraph {
  0 [label = i0]
  1 [label = i1]
  2 [label = i2]
  3 [label = i3]
  4 [label = i4]
  5 [label = i5]
  6 [label = "transpose"]
  4 -> 6
  8 [label = "minus"]
  2 -> 8 [color = red]
  1 -> 8 [color = blue]
  12 [label = "matmul"]
  3 -> 12 [color = red]
  6 -> 12 [color = blue]
  14 [label = "add"]
  8 -> 14 [color = red]
  5 -> 14 [color = blue]
  17 [label = "matmul"]
  14 -> 17 [color = red]
  6 -> 17 [color = blue]
  19 [label = "transpose"]
  1 -> 19
  21 [label = "transpose"]
  17 -> 21
  23 [label = o0]
  21 -> 23
  24 [label = o1]
  1 -> 24
  25 [label = o2]
  19 -> 25
  26 [label = o3]
  12 -> 26
  27 [label = o4]
  6 -> 27
  28 [label = o5]
  17 -> 28
}

[4160328] New best score: 2.0727e+00
Graph: digraph {
  0 [label = i0]
  1 [label = i1]
  2 [label = i2]
  3 [label = i3]
  4 [label = i4]
  5 [label = i5]
  7 [label = "transpose"]
  3 -> 7
  9 [label = "minus"]
  1 -> 9 [color = red]
  2 -> 9 [color = blue]
  11 [label = "minus"]
  1 -> 11 [color = red]
  5 -> 11 [color = blue]
  19 [label = "transpose"]
  9 -> 19
  20 [label = "matmul"]
  19 -> 20 [color = red]
  4 -> 20 [color = blue]
  23 [label = o0]
  4 -> 23
  24 [label = o1]
  11 -> 24
  25 [label = o2]
  7 -> 25
  26 [label = o3]
  5 -> 26
  27 [label = o4]
  0 -> 27
  28 [label = o5]
  20 -> 28
}

[31214578] New best score: 2.0385e+00
Graph: digraph {
  0 [label = i0]
  1 [label = i1]
  2 [label = i2]
  3 [label = i3]
  4 [label = i4]
  5 [label = i5]
  6 [label = "matmul"]
  1 -> 6 [color = red]
  0 -> 6 [color = blue]
  7 [label = "matmul"]
  3 -> 7 [color = red]
  6 -> 7 [color = blue]
  9 [label = "minus"]
  5 -> 9 [color = red]
  1 -> 9 [color = blue]
  11 [label = "matmul"]
  9 -> 11 [color = red]
  2 -> 11 [color = blue]
  12 [label = "matmul"]
  6 -> 12 [color = red]
  2 -> 12 [color = blue]
  14 [label = "add"]
  12 -> 14 [color = red]
  4 -> 14 [color = blue]
  19 [label = "transpose"]
  11 -> 19
  20 [label = "matmul"]
  11 -> 20 [color = red]
  12 -> 20 [color = blue]
  23 [label = o0]
  12 -> 23
  24 [label = o1]
  19 -> 24
  25 [label = o2]
  2 -> 25
  26 [label = o3]
  7 -> 26
  27 [label = o4]
  20 -> 27
  28 [label = o5]
  14 -> 28
}

