Sanity check loss: 1.1180493160255693
[00005] New best score: 2.6929e+04
Graph: digraph {
  0 [label = i0]
  1 [label = i1]
  2 [label = i2]
  3 [label = i3]
  4 [label = i4]
  5 [label = i5]
  6 [label = "transpose"]
  2 -> 6
  8 [label = "minus"]
  6 -> 8 [color = red]
  6 -> 8 [color = blue]
  10 [label = "add"]
  0 -> 10 [color = red]
  8 -> 10 [color = blue]
  17 [label = "transpose"]
  1 -> 17
  23 [label = o0]
  4 -> 23
  24 [label = o1]
  6 -> 24
  25 [label = o2]
  10 -> 25
  26 [label = o3]
  6 -> 26
  27 [label = o4]
  17 -> 27
  28 [label = o5]
  0 -> 28
}

[00168] New best score: 2.0742e+00
Graph: digraph {
  0 [label = i0]
  1 [label = i1]
  2 [label = i2]
  3 [label = i3]
  4 [label = i4]
  5 [label = i5]
  7 [label = "inv"]
  5 -> 7
  9 [label = "inv"]
  1 -> 9
  10 [label = "inv"]
  1 -> 10
  12 [label = "inv"]
  9 -> 12
  13 [label = "matmul"]
  7 -> 13 [color = red]
  12 -> 13 [color = blue]
  14 [label = "inv"]
  10 -> 14
  23 [label = o0]
  4 -> 23
  24 [label = o1]
  1 -> 24
  25 [label = o2]
  14 -> 25
  26 [label = o3]
  13 -> 26
  27 [label = o4]
  12 -> 27
  28 [label = o5]
  4 -> 28
}

[51300] New best score: 2.0742e+00
Graph: digraph {
  0 [label = i0]
  1 [label = i1]
  2 [label = i2]
  3 [label = i3]
  4 [label = i4]
  5 [label = i5]
  6 [label = "add"]
  0 -> 6 [color = red]
  4 -> 6 [color = blue]
  8 [label = "minus"]
  6 -> 8 [color = red]
  0 -> 8 [color = blue]
  9 [label = "matmul"]
  2 -> 9 [color = red]
  6 -> 9 [color = blue]
  11 [label = "matmul"]
  2 -> 11 [color = red]
  6 -> 11 [color = blue]
  17 [label = "inv"]
  5 -> 17
  18 [label = "matmul"]
  17 -> 18 [color = red]
  11 -> 18 [color = blue]
  22 [label = "add"]
  9 -> 22 [color = red]
  4 -> 22 [color = blue]
  23 [label = o0]
  22 -> 23
  24 [label = o1]
  3 -> 24
  25 [label = o2]
  18 -> 25
  26 [label = o3]
  1 -> 26
  27 [label = o4]
  17 -> 27
  28 [label = o5]
  8 -> 28
}

[431123] New best score: 2.0742e+00
Graph: digraph {
  0 [label = i0]
  1 [label = i1]
  2 [label = i2]
  3 [label = i3]
  4 [label = i4]
  5 [label = i5]
  6 [label = "transpose"]
  0 -> 6
  7 [label = "minus"]
  5 -> 7 [color = red]
  6 -> 7 [color = blue]
  8 [label = "matmul"]
  5 -> 8 [color = red]
  2 -> 8 [color = blue]
  11 [label = "transpose"]
  2 -> 11
  12 [label = "matmul"]
  11 -> 12 [color = red]
  4 -> 12 [color = blue]
  14 [label = "transpose"]
  8 -> 14
  15 [label = "transpose"]
  14 -> 15
  16 [label = "minus"]
  6 -> 16 [color = red]
  15 -> 16 [color = blue]
  17 [label = "add"]
  6 -> 17 [color = red]
  7 -> 17 [color = blue]
  18 [label = "transpose"]
  16 -> 18
  20 [label = "minus"]
  18 -> 20 [color = red]
  3 -> 20 [color = blue]
  23 [label = o0]
  12 -> 23
  24 [label = o1]
  17 -> 24
  25 [label = o2]
  20 -> 25
  26 [label = o3]
  0 -> 26
  27 [label = o4]
  1 -> 27
  28 [label = o5]
  12 -> 28
}

[909684] New best score: 2.0742e+00
Graph: digraph {
  0 [label = i0]
  1 [label = i1]
  2 [label = i2]
  3 [label = i3]
  4 [label = i4]
  5 [label = i5]
  6 [label = "matmul"]
  0 -> 6 [color = red]
  4 -> 6 [color = blue]
  9 [label = "minus"]
  6 -> 9 [color = red]
  4 -> 9 [color = blue]
  10 [label = "transpose"]
  6 -> 10
  19 [label = "minus"]
  10 -> 19 [color = red]
  9 -> 19 [color = blue]
  21 [label = "transpose"]
  19 -> 21
  22 [label = "transpose"]
  0 -> 22
  23 [label = o0]
  21 -> 23
  24 [label = o1]
  1 -> 24
  25 [label = o2]
  5 -> 25
  26 [label = o3]
  21 -> 26
  27 [label = o4]
  22 -> 27
  28 [label = o5]
  19 -> 28
}

[8519508] New best score: 2.0737e+00
Graph: digraph {
  0 [label = i0]
  1 [label = i1]
  2 [label = i2]
  3 [label = i3]
  4 [label = i4]
  5 [label = i5]
  6 [label = "inv"]
  1 -> 6
  9 [label = "matmul"]
  2 -> 9 [color = red]
  6 -> 9 [color = blue]
  10 [label = "matmul"]
  9 -> 10 [color = red]
  4 -> 10 [color = blue]
  12 [label = "add"]
  6 -> 12 [color = red]
  4 -> 12 [color = blue]
  18 [label = "transpose"]
  10 -> 18
  23 [label = o0]
  0 -> 23
  24 [label = o1]
  1 -> 24
  25 [label = o2]
  4 -> 25
  26 [label = o3]
  12 -> 26
  27 [label = o4]
  2 -> 27
  28 [label = o5]
  18 -> 28
}

[14490890] New best score: 2.0727e+00
Graph: digraph {
  0 [label = i0]
  1 [label = i1]
  2 [label = i2]
  3 [label = i3]
  4 [label = i4]
  5 [label = i5]
  6 [label = "transpose"]
  2 -> 6
  7 [label = "minus"]
  1 -> 7 [color = red]
  2 -> 7 [color = blue]
  8 [label = "transpose"]
  4 -> 8
  10 [label = "matmul"]
  8 -> 10 [color = red]
  6 -> 10 [color = blue]
  13 [label = "matmul"]
  8 -> 13 [color = red]
  7 -> 13 [color = blue]
  18 [label = "transpose"]
  6 -> 18
  19 [label = "matmul"]
  18 -> 19 [color = red]
  7 -> 19 [color = blue]
  21 [label = "minus"]
  5 -> 21 [color = red]
  6 -> 21 [color = blue]
  22 [label = "matmul"]
  21 -> 22 [color = red]
  0 -> 22 [color = blue]
  23 [label = o0]
  22 -> 23
  24 [label = o1]
  19 -> 24
  25 [label = o2]
  10 -> 25
  26 [label = o3]
  2 -> 26
  27 [label = o4]
  4 -> 27
  28 [label = o5]
  13 -> 28
}

[48796399] New best score: 1.4956e+00
Graph: digraph {
  0 [label = i0]
  1 [label = i1]
  2 [label = i2]
  3 [label = i3]
  4 [label = i4]
  5 [label = i5]
  6 [label = "add"]
  5 -> 6 [color = red]
  5 -> 6 [color = blue]
  7 [label = "matmul"]
  1 -> 7 [color = red]
  4 -> 7 [color = blue]
  10 [label = "minus"]
  4 -> 10 [color = red]
  0 -> 10 [color = blue]
  11 [label = "inv"]
  6 -> 11
  12 [label = "add"]
  0 -> 12 [color = red]
  7 -> 12 [color = blue]
  19 [label = "inv"]
  6 -> 19
  21 [label = "matmul"]
  19 -> 21 [color = red]
  12 -> 21 [color = blue]
  23 [label = o0]
  21 -> 23
  24 [label = o1]
  11 -> 24
  25 [label = o2]
  12 -> 25
  26 [label = o3]
  10 -> 26
  27 [label = o4]
  7 -> 27
  28 [label = o5]
  21 -> 28
}

[441572349] New best score: 1.3794e+00
Graph: digraph {
  0 [label = i0]
  1 [label = i1]
  2 [label = i2]
  3 [label = i3]
  4 [label = i4]
  5 [label = i5]
  6 [label = "inv"]
  1 -> 6
  7 [label = "minus"]
  3 -> 7 [color = red]
  0 -> 7 [color = blue]
  10 [label = "matmul"]
  7 -> 10 [color = red]
  7 -> 10 [color = blue]
  14 [label = "add"]
  5 -> 14 [color = red]
  6 -> 14 [color = blue]
  15 [label = "add"]
  4 -> 15 [color = red]
  0 -> 15 [color = blue]
  18 [label = "matmul"]
  5 -> 18 [color = red]
  14 -> 18 [color = blue]
  20 [label = "inv"]
  18 -> 20
  22 [label = "matmul"]
  20 -> 22 [color = red]
  15 -> 22 [color = blue]
  23 [label = o0]
  4 -> 23
  24 [label = o1]
  18 -> 24
  25 [label = o2]
  15 -> 25
  26 [label = o3]
  4 -> 26
  27 [label = o4]
  10 -> 27
  28 [label = o5]
  22 -> 28
}

