Sanity check loss: 1.1180493160255693
[00021] New best score: 2.6929e+04
Graph: digraph {
  0 [label = i0]
  1 [label = i1]
  2 [label = i2]
  3 [label = i3]
  4 [label = i4]
  5 [label = i5]
  8 [label = "minus"]
  1 -> 8 [color = red]
  1 -> 8 [color = blue]
  14 [label = "add"]
  5 -> 14 [color = red]
  2 -> 14 [color = blue]
  17 [label = "minus"]
  14 -> 17 [color = red]
  1 -> 17 [color = blue]
  18 [label = "add"]
  17 -> 18 [color = red]
  3 -> 18 [color = blue]
  23 [label = o0]
  4 -> 23
  24 [label = o1]
  18 -> 24
  25 [label = o2]
  2 -> 25
  26 [label = o3]
  1 -> 26
  27 [label = o4]
  8 -> 27
  28 [label = o5]
  0 -> 28
}

[00126] New best score: 2.0742e+00
Graph: digraph {
  0 [label = i0]
  1 [label = i1]
  2 [label = i2]
  3 [label = i3]
  4 [label = i4]
  5 [label = i5]
  6 [label = "inv"]
  2 -> 6
  7 [label = "add"]
  0 -> 7 [color = red]
  5 -> 7 [color = blue]
  9 [label = "inv"]
  5 -> 9
  11 [label = "inv"]
  9 -> 11
  20 [label = "transpose"]
  4 -> 20
  21 [label = "add"]
  20 -> 21 [color = red]
  7 -> 21 [color = blue]
  22 [label = "add"]
  11 -> 22 [color = red]
  6 -> 22 [color = blue]
  23 [label = o0]
  20 -> 23
  24 [label = o1]
  22 -> 24
  25 [label = o2]
  0 -> 25
  26 [label = o3]
  21 -> 26
  27 [label = o4]
  9 -> 27
  28 [label = o5]
  4 -> 28
}

[07633] New best score: 2.0742e+00
Graph: digraph {
  0 [label = i0]
  1 [label = i1]
  2 [label = i2]
  3 [label = i3]
  4 [label = i4]
  5 [label = i5]
  7 [label = "add"]
  0 -> 7 [color = red]
  4 -> 7 [color = blue]
  8 [label = "add"]
  4 -> 8 [color = red]
  0 -> 8 [color = blue]
  9 [label = "add"]
  7 -> 9 [color = red]
  2 -> 9 [color = blue]
  10 [label = "transpose"]
  9 -> 10
  11 [label = "matmul"]
  8 -> 11 [color = red]
  0 -> 11 [color = blue]
  20 [label = "minus"]
  8 -> 20 [color = red]
  0 -> 20 [color = blue]
  22 [label = "transpose"]
  11 -> 22
  23 [label = o0]
  20 -> 23
  24 [label = o1]
  9 -> 24
  25 [label = o2]
  2 -> 25
  26 [label = o3]
  10 -> 26
  27 [label = o4]
  22 -> 27
  28 [label = o5]
  20 -> 28
}

[147070] New best score: 2.0742e+00
Graph: digraph {
  0 [label = i0]
  1 [label = i1]
  2 [label = i2]
  3 [label = i3]
  4 [label = i4]
  5 [label = i5]
  6 [label = "matmul"]
  4 -> 6 [color = red]
  2 -> 6 [color = blue]
  7 [label = "minus"]
  5 -> 7 [color = red]
  2 -> 7 [color = blue]
  8 [label = "matmul"]
  5 -> 8 [color = red]
  6 -> 8 [color = blue]
  9 [label = "inv"]
  2 -> 9
  10 [label = "matmul"]
  8 -> 10 [color = red]
  9 -> 10 [color = blue]
  12 [label = "minus"]
  5 -> 12 [color = red]
  7 -> 12 [color = blue]
  13 [label = "transpose"]
  6 -> 13
  14 [label = "transpose"]
  10 -> 14
  15 [label = "matmul"]
  1 -> 15 [color = red]
  5 -> 15 [color = blue]
  17 [label = "matmul"]
  15 -> 17 [color = red]
  13 -> 17 [color = blue]
  18 [label = "add"]
  12 -> 18 [color = red]
  3 -> 18 [color = blue]
  20 [label = "minus"]
  13 -> 20 [color = red]
  10 -> 20 [color = blue]
  23 [label = o0]
  17 -> 23
  24 [label = o1]
  18 -> 24
  25 [label = o2]
  5 -> 25
  26 [label = o3]
  15 -> 26
  27 [label = o4]
  20 -> 27
  28 [label = o5]
  14 -> 28
}

[354117] New best score: 2.0742e+00
Graph: digraph {
  0 [label = i0]
  1 [label = i1]
  2 [label = i2]
  3 [label = i3]
  4 [label = i4]
  5 [label = i5]
  6 [label = "transpose"]
  0 -> 6
  7 [label = "add"]
  6 -> 7 [color = red]
  0 -> 7 [color = blue]
  8 [label = "inv"]
  2 -> 8
  11 [label = "matmul"]
  8 -> 11 [color = red]
  4 -> 11 [color = blue]
  12 [label = "add"]
  3 -> 12 [color = red]
  5 -> 12 [color = blue]
  13 [label = "inv"]
  1 -> 13
  14 [label = "matmul"]
  2 -> 14 [color = red]
  11 -> 14 [color = blue]
  15 [label = "matmul"]
  12 -> 15 [color = red]
  3 -> 15 [color = blue]
  17 [label = "minus"]
  11 -> 17 [color = red]
  13 -> 17 [color = blue]
  18 [label = "add"]
  6 -> 18 [color = red]
  15 -> 18 [color = blue]
  20 [label = "matmul"]
  13 -> 20 [color = red]
  4 -> 20 [color = blue]
  21 [label = "minus"]
  18 -> 21 [color = red]
  20 -> 21 [color = blue]
  23 [label = o0]
  4 -> 23
  24 [label = o1]
  21 -> 24
  25 [label = o2]
  14 -> 25
  26 [label = o3]
  7 -> 26
  27 [label = o4]
  17 -> 27
  28 [label = o5]
  14 -> 28
}

[629223] New best score: 2.0742e+00
Graph: digraph {
  0 [label = i0]
  1 [label = i1]
  2 [label = i2]
  3 [label = i3]
  4 [label = i4]
  5 [label = i5]
  6 [label = "add"]
  3 -> 6 [color = red]
  3 -> 6 [color = blue]
  7 [label = "inv"]
  1 -> 7
  8 [label = "minus"]
  6 -> 8 [color = red]
  0 -> 8 [color = blue]
  10 [label = "inv"]
  5 -> 10
  11 [label = "minus"]
  8 -> 11 [color = red]
  5 -> 11 [color = blue]
  15 [label = "matmul"]
  4 -> 15 [color = red]
  11 -> 15 [color = blue]
  20 [label = "add"]
  4 -> 20 [color = red]
  15 -> 20 [color = blue]
  21 [label = "minus"]
  20 -> 21 [color = red]
  15 -> 21 [color = blue]
  23 [label = o0]
  15 -> 23
  24 [label = o1]
  5 -> 24
  25 [label = o2]
  7 -> 25
  26 [label = o3]
  10 -> 26
  27 [label = o4]
  3 -> 27
  28 [label = o5]
  21 -> 28
}

[1285150] New best score: 2.0737e+00
Graph: digraph {
  0 [label = i0]
  1 [label = i1]
  2 [label = i2]
  3 [label = i3]
  4 [label = i4]
  5 [label = i5]
  6 [label = "inv"]
  1 -> 6
  7 [label = "transpose"]
  6 -> 7
  8 [label = "matmul"]
  6 -> 8 [color = red]
  4 -> 8 [color = blue]
  9 [label = "inv"]
  6 -> 9
  12 [label = "matmul"]
  2 -> 12 [color = red]
  8 -> 12 [color = blue]
  23 [label = o0]
  0 -> 23
  24 [label = o1]
  9 -> 24
  25 [label = o2]
  5 -> 25
  26 [label = o3]
  7 -> 26
  27 [label = o4]
  4 -> 27
  28 [label = o5]
  12 -> 28
}

[7773077] New best score: 2.0737e+00
Graph: digraph {
  0 [label = i0]
  1 [label = i1]
  2 [label = i2]
  3 [label = i3]
  4 [label = i4]
  5 [label = i5]
  6 [label = "transpose"]
  1 -> 6
  8 [label = "inv"]
  6 -> 8
  9 [label = "inv"]
  2 -> 9
  12 [label = "add"]
  9 -> 12 [color = red]
  5 -> 12 [color = blue]
  14 [label = "transpose"]
  4 -> 14
  21 [label = "matmul"]
  14 -> 21 [color = red]
  2 -> 21 [color = blue]
  22 [label = "matmul"]
  21 -> 22 [color = red]
  8 -> 22 [color = blue]
  23 [label = o0]
  0 -> 23
  24 [label = o1]
  6 -> 24
  25 [label = o2]
  12 -> 25
  26 [label = o3]
  12 -> 26
  27 [label = o4]
  0 -> 27
  28 [label = o5]
  22 -> 28
}

[50049204] New best score: 2.0730e+00
Graph: digraph {
  0 [label = i0]
  1 [label = i1]
  2 [label = i2]
  3 [label = i3]
  4 [label = i4]
  5 [label = i5]
  6 [label = "matmul"]
  2 -> 6 [color = red]
  4 -> 6 [color = blue]
  8 [label = "add"]
  3 -> 8 [color = red]
  1 -> 8 [color = blue]
  9 [label = "inv"]
  8 -> 9
  10 [label = "matmul"]
  9 -> 10 [color = red]
  5 -> 10 [color = blue]
  14 [label = "matmul"]
  9 -> 14 [color = red]
  6 -> 14 [color = blue]
  17 [label = "transpose"]
  10 -> 17
  23 [label = o0]
  14 -> 23
  24 [label = o1]
  8 -> 24
  25 [label = o2]
  17 -> 25
  26 [label = o3]
  10 -> 26
  27 [label = o4]
  5 -> 27
  28 [label = o5]
  14 -> 28
}

[70535405] New best score: 2.0718e+00
Graph: digraph {
  0 [label = i0]
  1 [label = i1]
  2 [label = i2]
  3 [label = i3]
  4 [label = i4]
  5 [label = i5]
  6 [label = "inv"]
  5 -> 6
  7 [label = "minus"]
  6 -> 7 [color = red]
  6 -> 7 [color = blue]
  8 [label = "matmul"]
  6 -> 8 [color = red]
  7 -> 8 [color = blue]
  10 [label = "add"]
  2 -> 10 [color = red]
  5 -> 10 [color = blue]
  11 [label = "inv"]
  10 -> 11
  14 [label = "add"]
  3 -> 14 [color = red]
  4 -> 14 [color = blue]
  15 [label = "matmul"]
  4 -> 15 [color = red]
  11 -> 15 [color = blue]
  20 [label = "transpose"]
  15 -> 20
  23 [label = o0]
  20 -> 23
  24 [label = o1]
  8 -> 24
  25 [label = o2]
  8 -> 25
  26 [label = o3]
  1 -> 26
  27 [label = o4]
  14 -> 27
  28 [label = o5]
  20 -> 28
}

[109412132] New best score: 1.4108e+00
Graph: digraph {
  0 [label = i0]
  1 [label = i1]
  2 [label = i2]
  3 [label = i3]
  4 [label = i4]
  5 [label = i5]
  6 [label = "inv"]
  2 -> 6
  7 [label = "add"]
  0 -> 7 [color = red]
  4 -> 7 [color = blue]
  9 [label = "matmul"]
  1 -> 9 [color = red]
  6 -> 9 [color = blue]
  10 [label = "transpose"]
  6 -> 10
  11 [label = "minus"]
  10 -> 11 [color = red]
  1 -> 11 [color = blue]
  13 [label = "matmul"]
  9 -> 13 [color = red]
  7 -> 13 [color = blue]
  19 [label = "add"]
  1 -> 19 [color = red]
  5 -> 19 [color = blue]
  22 [label = "add"]
  11 -> 22 [color = red]
  9 -> 22 [color = blue]
  23 [label = o0]
  7 -> 23
  24 [label = o1]
  19 -> 24
  25 [label = o2]
  10 -> 25
  26 [label = o3]
  7 -> 26
  27 [label = o4]
  22 -> 27
  28 [label = o5]
  13 -> 28
}

[258856168] New best score: 1.3746e+00
Graph: digraph {
  0 [label = i0]
  1 [label = i1]
  2 [label = i2]
  3 [label = i3]
  4 [label = i4]
  5 [label = i5]
  8 [label = "inv"]
  1 -> 8
  9 [label = "add"]
  5 -> 9 [color = red]
  8 -> 9 [color = blue]
  13 [label = "add"]
  0 -> 13 [color = red]
  4 -> 13 [color = blue]
  14 [label = "inv"]
  2 -> 14
  15 [label = "matmul"]
  1 -> 15 [color = red]
  0 -> 15 [color = blue]
  19 [label = "matmul"]
  14 -> 19 [color = red]
  13 -> 19 [color = blue]
  23 [label = o0]
  19 -> 23
  24 [label = o1]
  9 -> 24
  25 [label = o2]
  19 -> 25
  26 [label = o3]
  2 -> 26
  27 [label = o4]
  15 -> 27
  28 [label = o5]
  19 -> 28
}

