Sanity check loss: 1.1180493160255693
[00194] New best score: 2.6929e+04
Graph: digraph {
  0 [label = i0]
  1 [label = i1]
  2 [label = i2]
  3 [label = i3]
  4 [label = i4]
  5 [label = i5]
  6 [label = "minus"]
  5 -> 6 [color = red]
  2 -> 6 [color = blue]
  7 [label = "add"]
  1 -> 7 [color = red]
  6 -> 7 [color = blue]
  8 [label = "transpose"]
  1 -> 8
  9 [label = "transpose"]
  5 -> 9
  10 [label = "transpose"]
  7 -> 10
  11 [label = "matmul"]
  5 -> 11 [color = red]
  8 -> 11 [color = blue]
  12 [label = "matmul"]
  11 -> 12 [color = red]
  8 -> 12 [color = blue]
  15 [label = "transpose"]
  2 -> 15
  19 [label = "add"]
  15 -> 19 [color = red]
  8 -> 19 [color = blue]
  22 [label = "transpose"]
  12 -> 22
  23 [label = o0]
  0 -> 23
  24 [label = o1]
  19 -> 24
  25 [label = o2]
  10 -> 25
  26 [label = o3]
  22 -> 26
  27 [label = o4]
  9 -> 27
  28 [label = o5]
  0 -> 28
}

[00217] New best score: 2.0742e+00
Graph: digraph {
  0 [label = i0]
  1 [label = i1]
  2 [label = i2]
  3 [label = i3]
  4 [label = i4]
  5 [label = i5]
  7 [label = "add"]
  2 -> 7 [color = red]
  4 -> 7 [color = blue]
  13 [label = "add"]
  0 -> 13 [color = red]
  7 -> 13 [color = blue]
  23 [label = o0]
  0 -> 23
  24 [label = o1]
  13 -> 24
  25 [label = o2]
  2 -> 25
  26 [label = o3]
  7 -> 26
  27 [label = o4]
  0 -> 27
  28 [label = o5]
  4 -> 28
}

[33378] New best score: 2.0742e+00
Graph: digraph {
  0 [label = i0]
  1 [label = i1]
  2 [label = i2]
  3 [label = i3]
  4 [label = i4]
  5 [label = i5]
  6 [label = "add"]
  0 -> 6 [color = red]
  4 -> 6 [color = blue]
  7 [label = "inv"]
  1 -> 7
  10 [label = "transpose"]
  7 -> 10
  11 [label = "minus"]
  6 -> 11 [color = red]
  0 -> 11 [color = blue]
  12 [label = "minus"]
  10 -> 12 [color = red]
  10 -> 12 [color = blue]
  17 [label = "inv"]
  7 -> 17
  18 [label = "add"]
  7 -> 18 [color = red]
  17 -> 18 [color = blue]
  19 [label = "matmul"]
  3 -> 19 [color = red]
  17 -> 19 [color = blue]
  20 [label = "matmul"]
  12 -> 20 [color = red]
  4 -> 20 [color = blue]
  23 [label = o0]
  6 -> 23
  24 [label = o1]
  19 -> 24
  25 [label = o2]
  20 -> 25
  26 [label = o3]
  0 -> 26
  27 [label = o4]
  18 -> 27
  28 [label = o5]
  11 -> 28
}

[221751] New best score: 2.0742e+00
Graph: digraph {
  0 [label = i0]
  1 [label = i1]
  2 [label = i2]
  3 [label = i3]
  4 [label = i4]
  5 [label = i5]
  7 [label = "minus"]
  0 -> 7 [color = red]
  4 -> 7 [color = blue]
  8 [label = "inv"]
  2 -> 8
  12 [label = "matmul"]
  8 -> 12 [color = red]
  2 -> 12 [color = blue]
  13 [label = "add"]
  1 -> 13 [color = red]
  0 -> 13 [color = blue]
  14 [label = "minus"]
  5 -> 14 [color = red]
  7 -> 14 [color = blue]
  16 [label = "matmul"]
  12 -> 16 [color = red]
  4 -> 16 [color = blue]
  17 [label = "transpose"]
  16 -> 17
  18 [label = "transpose"]
  13 -> 18
  19 [label = "minus"]
  5 -> 19 [color = red]
  2 -> 19 [color = blue]
  22 [label = "inv"]
  14 -> 22
  23 [label = o0]
  17 -> 23
  24 [label = o1]
  22 -> 24
  25 [label = o2]
  16 -> 25
  26 [label = o3]
  18 -> 26
  27 [label = o4]
  19 -> 27
  28 [label = o5]
  16 -> 28
}

[1299086] New best score: 2.0742e+00
Graph: digraph {
  0 [label = i0]
  1 [label = i1]
  2 [label = i2]
  3 [label = i3]
  4 [label = i4]
  5 [label = i5]
  6 [label = "matmul"]
  4 -> 6 [color = red]
  0 -> 6 [color = blue]
  10 [label = "transpose"]
  1 -> 10
  11 [label = "matmul"]
  5 -> 11 [color = red]
  5 -> 11 [color = blue]
  12 [label = "transpose"]
  6 -> 12
  17 [label = "minus"]
  4 -> 17 [color = red]
  12 -> 17 [color = blue]
  18 [label = "add"]
  6 -> 18 [color = red]
  17 -> 18 [color = blue]
  23 [label = o0]
  0 -> 23
  24 [label = o1]
  11 -> 24
  25 [label = o2]
  1 -> 25
  26 [label = o3]
  10 -> 26
  27 [label = o4]
  4 -> 27
  28 [label = o5]
  18 -> 28
}

[2162693] New best score: 2.0742e+00
Graph: digraph {
  0 [label = i0]
  1 [label = i1]
  2 [label = i2]
  3 [label = i3]
  4 [label = i4]
  5 [label = i5]
  7 [label = "matmul"]
  2 -> 7 [color = red]
  0 -> 7 [color = blue]
  8 [label = "inv"]
  5 -> 8
  9 [label = "matmul"]
  7 -> 9 [color = red]
  0 -> 9 [color = blue]
  10 [label = "minus"]
  9 -> 10 [color = red]
  4 -> 10 [color = blue]
  11 [label = "minus"]
  9 -> 11 [color = red]
  10 -> 11 [color = blue]
  14 [label = "add"]
  3 -> 14 [color = red]
  1 -> 14 [color = blue]
  15 [label = "inv"]
  8 -> 15
  19 [label = "minus"]
  14 -> 19 [color = red]
  11 -> 19 [color = blue]
  23 [label = o0]
  0 -> 23
  24 [label = o1]
  19 -> 24
  25 [label = o2]
  15 -> 25
  26 [label = o3]
  5 -> 26
  27 [label = o4]
  9 -> 27
  28 [label = o5]
  11 -> 28
}

[2315866] New best score: 2.0718e+00
Graph: digraph {
  0 [label = i0]
  1 [label = i1]
  2 [label = i2]
  3 [label = i3]
  4 [label = i4]
  5 [label = i5]
  6 [label = "minus"]
  5 -> 6 [color = red]
  5 -> 6 [color = blue]
  11 [label = "add"]
  5 -> 11 [color = red]
  2 -> 11 [color = blue]
  12 [label = "inv"]
  11 -> 12
  17 [label = "minus"]
  3 -> 17 [color = red]
  4 -> 17 [color = blue]
  21 [label = "matmul"]
  12 -> 21 [color = red]
  4 -> 21 [color = blue]
  23 [label = o0]
  21 -> 23
  24 [label = o1]
  6 -> 24
  25 [label = o2]
  4 -> 25
  26 [label = o3]
  17 -> 26
  27 [label = o4]
  6 -> 27
  28 [label = o5]
  21 -> 28
}

[176709589] New best score: 2.0203e+00
Graph: digraph {
  0 [label = i0]
  1 [label = i1]
  2 [label = i2]
  3 [label = i3]
  4 [label = i4]
  5 [label = i5]
  6 [label = "matmul"]
  2 -> 6 [color = red]
  5 -> 6 [color = blue]
  7 [label = "transpose"]
  5 -> 7
  8 [label = "transpose"]
  7 -> 8
  10 [label = "inv"]
  2 -> 10
  11 [label = "add"]
  0 -> 11 [color = red]
  10 -> 11 [color = blue]
  12 [label = "transpose"]
  5 -> 12
  13 [label = "add"]
  12 -> 13 [color = red]
  6 -> 13 [color = blue]
  14 [label = "matmul"]
  0 -> 14 [color = red]
  8 -> 14 [color = blue]
  18 [label = "minus"]
  14 -> 18 [color = red]
  4 -> 18 [color = blue]
  20 [label = "matmul"]
  18 -> 20 [color = red]
  10 -> 20 [color = blue]
  21 [label = "add"]
  20 -> 21 [color = red]
  4 -> 21 [color = blue]
  23 [label = o0]
  21 -> 23
  24 [label = o1]
  13 -> 24
  25 [label = o2]
  11 -> 25
  26 [label = o3]
  14 -> 26
  27 [label = o4]
  21 -> 27
  28 [label = o5]
  21 -> 28
}

[236323475] New best score: 1.7412e+00
Graph: digraph {
  0 [label = i0]
  1 [label = i1]
  2 [label = i2]
  3 [label = i3]
  4 [label = i4]
  5 [label = i5]
  6 [label = "inv"]
  5 -> 6
  7 [label = "transpose"]
  0 -> 7
  9 [label = "matmul"]
  2 -> 9 [color = red]
  0 -> 9 [color = blue]
  10 [label = "inv"]
  1 -> 10
  12 [label = "add"]
  4 -> 12 [color = red]
  9 -> 12 [color = blue]
  14 [label = "add"]
  10 -> 14 [color = red]
  2 -> 14 [color = blue]
  15 [label = "inv"]
  14 -> 15
  22 [label = "matmul"]
  12 -> 22 [color = red]
  15 -> 22 [color = blue]
  23 [label = o0]
  22 -> 23
  24 [label = o1]
  1 -> 24
  25 [label = o2]
  7 -> 25
  26 [label = o3]
  7 -> 26
  27 [label = o4]
  6 -> 27
  28 [label = o5]
  22 -> 28
}

[320630923] New best score: 1.4108e+00
Graph: digraph {
  0 [label = i0]
  1 [label = i1]
  2 [label = i2]
  3 [label = i3]
  4 [label = i4]
  5 [label = i5]
  6 [label = "matmul"]
  5 -> 6 [color = red]
  2 -> 6 [color = blue]
  7 [label = "inv"]
  6 -> 7
  8 [label = "minus"]
  7 -> 8 [color = red]
  0 -> 8 [color = blue]
  10 [label = "add"]
  5 -> 10 [color = red]
  1 -> 10 [color = blue]
  11 [label = "minus"]
  7 -> 11 [color = red]
  8 -> 11 [color = blue]
  12 [label = "matmul"]
  7 -> 12 [color = red]
  1 -> 12 [color = blue]
  15 [label = "transpose"]
  11 -> 15
  16 [label = "add"]
  4 -> 16 [color = red]
  0 -> 16 [color = blue]
  18 [label = "matmul"]
  12 -> 18 [color = red]
  16 -> 18 [color = blue]
  20 [label = "minus"]
  6 -> 20 [color = red]
  10 -> 20 [color = blue]
  22 [label = "matmul"]
  0 -> 22 [color = red]
  15 -> 22 [color = blue]
  23 [label = o0]
  22 -> 23
  24 [label = o1]
  10 -> 24
  25 [label = o2]
  20 -> 25
  26 [label = o3]
  15 -> 26
  27 [label = o4]
  16 -> 27
  28 [label = o5]
  18 -> 28
}

