Sanity check loss: 1.1180493160255693
[00097] New best score: 2.1569e+04
Graph: digraph {
  0 [label = i0]
  1 [label = i1]
  2 [label = i2]
  3 [label = i3]
  4 [label = i4]
  5 [label = i5]
  7 [label = "matmul"]
  5 -> 7 [color = red]
  4 -> 7 [color = blue]
  9 [label = "matmul"]
  3 -> 9 [color = red]
  4 -> 9 [color = blue]
  17 [label = "transpose"]
  9 -> 17
  23 [label = o0]
  17 -> 23
  24 [label = o1]
  3 -> 24
  25 [label = o2]
  7 -> 25
  26 [label = o3]
  7 -> 26
  27 [label = o4]
  7 -> 27
  28 [label = o5]
  9 -> 28
}

[00426] New best score: 2.0742e+00
Graph: digraph {
  0 [label = i0]
  1 [label = i1]
  2 [label = i2]
  3 [label = i3]
  4 [label = i4]
  5 [label = i5]
  8 [label = "transpose"]
  4 -> 8
  9 [label = "matmul"]
  1 -> 9 [color = red]
  0 -> 9 [color = blue]
  10 [label = "minus"]
  0 -> 10 [color = red]
  2 -> 10 [color = blue]
  14 [label = "transpose"]
  3 -> 14
  16 [label = "matmul"]
  10 -> 16 [color = red]
  9 -> 16 [color = blue]
  18 [label = "add"]
  14 -> 18 [color = red]
  0 -> 18 [color = blue]
  22 [label = "inv"]
  2 -> 22
  23 [label = o0]
  8 -> 23
  24 [label = o1]
  22 -> 24
  25 [label = o2]
  16 -> 25
  26 [label = o3]
  18 -> 26
  27 [label = o4]
  22 -> 27
  28 [label = o5]
  8 -> 28
}

[192844] New best score: 2.0742e+00
Graph: digraph {
  0 [label = i0]
  1 [label = i1]
  2 [label = i2]
  3 [label = i3]
  4 [label = i4]
  5 [label = i5]
  6 [label = "matmul"]
  4 -> 6 [color = red]
  2 -> 6 [color = blue]
  7 [label = "matmul"]
  0 -> 7 [color = red]
  5 -> 7 [color = blue]
  8 [label = "transpose"]
  7 -> 8
  9 [label = "transpose"]
  8 -> 9
  15 [label = "add"]
  4 -> 15 [color = red]
  9 -> 15 [color = blue]
  18 [label = "minus"]
  15 -> 18 [color = red]
  7 -> 18 [color = blue]
  23 [label = o0]
  6 -> 23
  24 [label = o1]
  5 -> 24
  25 [label = o2]
  8 -> 25
  26 [label = o3]
  1 -> 26
  27 [label = o4]
  7 -> 27
  28 [label = o5]
  18 -> 28
}

[260536] New best score: 2.0742e+00
Graph: digraph {
  0 [label = i0]
  1 [label = i1]
  2 [label = i2]
  3 [label = i3]
  4 [label = i4]
  5 [label = i5]
  6 [label = "inv"]
  5 -> 6
  7 [label = "transpose"]
  6 -> 7
  8 [label = "minus"]
  2 -> 8 [color = red]
  4 -> 8 [color = blue]
  9 [label = "transpose"]
  4 -> 9
  11 [label = "add"]
  0 -> 11 [color = red]
  9 -> 11 [color = blue]
  12 [label = "matmul"]
  8 -> 12 [color = red]
  9 -> 12 [color = blue]
  13 [label = "minus"]
  4 -> 13 [color = red]
  12 -> 13 [color = blue]
  15 [label = "matmul"]
  0 -> 15 [color = red]
  7 -> 15 [color = blue]
  18 [label = "add"]
  13 -> 18 [color = red]
  11 -> 18 [color = blue]
  21 [label = "add"]
  12 -> 21 [color = red]
  13 -> 21 [color = blue]
  23 [label = o0]
  15 -> 23
  24 [label = o1]
  3 -> 24
  25 [label = o2]
  18 -> 25
  26 [label = o3]
  1 -> 26
  27 [label = o4]
  0 -> 27
  28 [label = o5]
  21 -> 28
}

[2166646] New best score: 2.0742e+00
Graph: digraph {
  0 [label = i0]
  1 [label = i1]
  2 [label = i2]
  3 [label = i3]
  4 [label = i4]
  5 [label = i5]
  6 [label = "matmul"]
  0 -> 6 [color = red]
  4 -> 6 [color = blue]
  7 [label = "minus"]
  1 -> 7 [color = red]
  0 -> 7 [color = blue]
  8 [label = "add"]
  6 -> 8 [color = red]
  4 -> 8 [color = blue]
  13 [label = "transpose"]
  6 -> 13
  15 [label = "minus"]
  8 -> 15 [color = red]
  6 -> 15 [color = blue]
  16 [label = "minus"]
  15 -> 16 [color = red]
  8 -> 16 [color = blue]
  17 [label = "transpose"]
  15 -> 17
  21 [label = "minus"]
  3 -> 21 [color = red]
  3 -> 21 [color = blue]
  23 [label = o0]
  16 -> 23
  24 [label = o1]
  21 -> 24
  25 [label = o2]
  7 -> 25
  26 [label = o3]
  21 -> 26
  27 [label = o4]
  13 -> 27
  28 [label = o5]
  17 -> 28
}

[3568565] New best score: 2.0737e+00
Graph: digraph {
  0 [label = i0]
  1 [label = i1]
  2 [label = i2]
  3 [label = i3]
  4 [label = i4]
  5 [label = i5]
  6 [label = "inv"]
  1 -> 6
  7 [label = "minus"]
  4 -> 7 [color = red]
  1 -> 7 [color = blue]
  8 [label = "matmul"]
  1 -> 8 [color = red]
  2 -> 8 [color = blue]
  11 [label = "transpose"]
  4 -> 11
  13 [label = "inv"]
  8 -> 13
  16 [label = "add"]
  7 -> 16 [color = red]
  11 -> 16 [color = blue]
  19 [label = "transpose"]
  6 -> 19
  20 [label = "add"]
  19 -> 20 [color = red]
  16 -> 20 [color = blue]
  21 [label = "matmul"]
  13 -> 21 [color = red]
  11 -> 21 [color = blue]
  23 [label = o0]
  21 -> 23
  24 [label = o1]
  6 -> 24
  25 [label = o2]
  1 -> 25
  26 [label = o3]
  20 -> 26
  27 [label = o4]
  13 -> 27
  28 [label = o5]
  21 -> 28
}

[12630901] New best score: 2.0727e+00
Graph: digraph {
  0 [label = i0]
  1 [label = i1]
  2 [label = i2]
  3 [label = i3]
  4 [label = i4]
  5 [label = i5]
  6 [label = "minus"]
  5 -> 6 [color = red]
  4 -> 6 [color = blue]
  7 [label = "inv"]
  5 -> 7
  10 [label = "minus"]
  1 -> 10 [color = red]
  2 -> 10 [color = blue]
  17 [label = "matmul"]
  4 -> 17 [color = red]
  10 -> 17 [color = blue]
  19 [label = "minus"]
  1 -> 19 [color = red]
  7 -> 19 [color = blue]
  23 [label = o0]
  17 -> 23
  24 [label = o1]
  19 -> 24
  25 [label = o2]
  6 -> 25
  26 [label = o3]
  3 -> 26
  27 [label = o4]
  1 -> 27
  28 [label = o5]
  17 -> 28
}

[51213795] New best score: 2.0718e+00
Graph: digraph {
  0 [label = i0]
  1 [label = i1]
  2 [label = i2]
  3 [label = i3]
  4 [label = i4]
  5 [label = i5]
  6 [label = "add"]
  5 -> 6 [color = red]
  5 -> 6 [color = blue]
  7 [label = "inv"]
  6 -> 7
  8 [label = "inv"]
  7 -> 8
  9 [label = "inv"]
  1 -> 9
  10 [label = "matmul"]
  4 -> 10 [color = red]
  2 -> 10 [color = blue]
  16 [label = "matmul"]
  10 -> 16 [color = red]
  7 -> 16 [color = blue]
  23 [label = o0]
  4 -> 23
  24 [label = o1]
  8 -> 24
  25 [label = o2]
  2 -> 25
  26 [label = o3]
  9 -> 26
  27 [label = o4]
  2 -> 27
  28 [label = o5]
  16 -> 28
}

[259672789] New best score: 2.0712e+00
Graph: digraph {
  0 [label = i0]
  1 [label = i1]
  2 [label = i2]
  3 [label = i3]
  4 [label = i4]
  5 [label = i5]
  6 [label = "minus"]
  5 -> 6 [color = red]
  2 -> 6 [color = blue]
  7 [label = "add"]
  6 -> 7 [color = red]
  3 -> 7 [color = blue]
  8 [label = "transpose"]
  7 -> 8
  9 [label = "minus"]
  3 -> 9 [color = red]
  0 -> 9 [color = blue]
  10 [label = "minus"]
  9 -> 10 [color = red]
  3 -> 10 [color = blue]
  11 [label = "minus"]
  2 -> 11 [color = red]
  3 -> 11 [color = blue]
  12 [label = "transpose"]
  8 -> 12
  14 [label = "matmul"]
  8 -> 14 [color = red]
  11 -> 14 [color = blue]
  15 [label = "matmul"]
  7 -> 15 [color = red]
  2 -> 15 [color = blue]
  16 [label = "add"]
  7 -> 16 [color = red]
  14 -> 16 [color = blue]
  17 [label = "matmul"]
  16 -> 17 [color = red]
  4 -> 17 [color = blue]
  18 [label = "minus"]
  9 -> 18 [color = red]
  17 -> 18 [color = blue]
  21 [label = "add"]
  10 -> 21 [color = red]
  1 -> 21 [color = blue]
  22 [label = "minus"]
  6 -> 22 [color = red]
  21 -> 22 [color = blue]
  23 [label = o0]
  17 -> 23
  24 [label = o1]
  15 -> 24
  25 [label = o2]
  18 -> 25
  26 [label = o3]
  12 -> 26
  27 [label = o4]
  22 -> 27
  28 [label = o5]
  17 -> 28
}

[333046164] New best score: 2.0674e+00
Graph: digraph {
  0 [label = i0]
  1 [label = i1]
  2 [label = i2]
  3 [label = i3]
  4 [label = i4]
  5 [label = i5]
  6 [label = "matmul"]
  0 -> 6 [color = red]
  3 -> 6 [color = blue]
  7 [label = "inv"]
  2 -> 7
  8 [label = "add"]
  7 -> 8 [color = red]
  7 -> 8 [color = blue]
  10 [label = "inv"]
  8 -> 10
  12 [label = "inv"]
  8 -> 12
  14 [label = "transpose"]
  12 -> 14
  18 [label = "matmul"]
  6 -> 18 [color = red]
  12 -> 18 [color = blue]
  20 [label = "matmul"]
  12 -> 20 [color = red]
  6 -> 20 [color = blue]
  21 [label = "minus"]
  2 -> 21 [color = red]
  14 -> 21 [color = blue]
  22 [label = "add"]
  18 -> 22 [color = red]
  4 -> 22 [color = blue]
  23 [label = o0]
  20 -> 23
  24 [label = o1]
  10 -> 24
  25 [label = o2]
  0 -> 25
  26 [label = o3]
  18 -> 26
  27 [label = o4]
  21 -> 27
  28 [label = o5]
  22 -> 28
}

[395488524] New best score: 2.0634e+00
Graph: digraph {
  0 [label = i0]
  1 [label = i1]
  2 [label = i2]
  3 [label = i3]
  4 [label = i4]
  5 [label = i5]
  6 [label = "minus"]
  1 -> 6 [color = red]
  3 -> 6 [color = blue]
  7 [label = "transpose"]
  2 -> 7
  8 [label = "matmul"]
  6 -> 8 [color = red]
  2 -> 8 [color = blue]
  9 [label = "transpose"]
  7 -> 9
  10 [label = "matmul"]
  0 -> 10 [color = red]
  9 -> 10 [color = blue]
  11 [label = "matmul"]
  10 -> 11 [color = red]
  6 -> 11 [color = blue]
  14 [label = "matmul"]
  11 -> 14 [color = red]
  1 -> 14 [color = blue]
  16 [label = "transpose"]
  10 -> 16
  18 [label = "add"]
  4 -> 18 [color = red]
  16 -> 18 [color = blue]
  22 [label = "transpose"]
  7 -> 22
  23 [label = o0]
  0 -> 23
  24 [label = o1]
  8 -> 24
  25 [label = o2]
  14 -> 25
  26 [label = o3]
  22 -> 26
  27 [label = o4]
  3 -> 27
  28 [label = o5]
  18 -> 28
}

[600149551] New best score: 2.0618e+00
Graph: digraph {
  0 [label = i0]
  1 [label = i1]
  2 [label = i2]
  3 [label = i3]
  4 [label = i4]
  5 [label = i5]
  8 [label = "inv"]
  2 -> 8
  9 [label = "matmul"]
  0 -> 9 [color = red]
  2 -> 9 [color = blue]
  12 [label = "add"]
  4 -> 12 [color = red]
  9 -> 12 [color = blue]
  16 [label = "add"]
  8 -> 16 [color = red]
  8 -> 16 [color = blue]
  18 [label = "inv"]
  16 -> 18
  23 [label = o0]
  12 -> 23
  24 [label = o1]
  18 -> 24
  25 [label = o2]
  18 -> 25
  26 [label = o3]
  1 -> 26
  27 [label = o4]
  16 -> 27
  28 [label = o5]
  12 -> 28
}

