Sanity check loss: 1.1180493160255693
[00093] New best score: 2.0742e+00
Graph: digraph {
  0 [label = i0]
  1 [label = i1]
  2 [label = i2]
  3 [label = i3]
  4 [label = i4]
  5 [label = i5]
  6 [label = "matmul"]
  1 -> 6 [color = red]
  0 -> 6 [color = blue]
  9 [label = "add"]
  6 -> 9 [color = red]
  2 -> 9 [color = blue]
  10 [label = "matmul"]
  4 -> 10 [color = red]
  5 -> 10 [color = blue]
  23 [label = o0]
  4 -> 23
  24 [label = o1]
  1 -> 24
  25 [label = o2]
  9 -> 25
  26 [label = o3]
  9 -> 26
  27 [label = o4]
  3 -> 27
  28 [label = o5]
  10 -> 28
}

[160169] New best score: 2.0742e+00
Graph: digraph {
  0 [label = i0]
  1 [label = i1]
  2 [label = i2]
  3 [label = i3]
  4 [label = i4]
  5 [label = i5]
  6 [label = "matmul"]
  4 -> 6 [color = red]
  0 -> 6 [color = blue]
  7 [label = "transpose"]
  1 -> 7
  8 [label = "minus"]
  4 -> 8 [color = red]
  6 -> 8 [color = blue]
  9 [label = "add"]
  6 -> 9 [color = red]
  8 -> 9 [color = blue]
  10 [label = "minus"]
  7 -> 10 [color = red]
  9 -> 10 [color = blue]
  11 [label = "add"]
  8 -> 11 [color = red]
  7 -> 11 [color = blue]
  14 [label = "minus"]
  9 -> 14 [color = red]
  6 -> 14 [color = blue]
  15 [label = "inv"]
  11 -> 15
  23 [label = o0]
  9 -> 23
  24 [label = o1]
  10 -> 24
  25 [label = o2]
  14 -> 25
  26 [label = o3]
  15 -> 26
  27 [label = o4]
  7 -> 27
  28 [label = o5]
  9 -> 28
}

[3834363] New best score: 2.0737e+00
Graph: digraph {
  0 [label = i0]
  1 [label = i1]
  2 [label = i2]
  3 [label = i3]
  4 [label = i4]
  5 [label = i5]
  6 [label = "minus"]
  2 -> 6 [color = red]
  1 -> 6 [color = blue]
  9 [label = "matmul"]
  6 -> 9 [color = red]
  4 -> 9 [color = blue]
  13 [label = "inv"]
  1 -> 13
  14 [label = "add"]
  9 -> 14 [color = red]
  4 -> 14 [color = blue]
  18 [label = "transpose"]
  9 -> 18
  19 [label = "transpose"]
  18 -> 19
  20 [label = "matmul"]
  13 -> 20 [color = red]
  18 -> 20 [color = blue]
  23 [label = o0]
  19 -> 23
  24 [label = o1]
  1 -> 24
  25 [label = o2]
  20 -> 25
  26 [label = o3]
  6 -> 26
  27 [label = o4]
  13 -> 27
  28 [label = o5]
  14 -> 28
}

[16948315] New best score: 2.0685e+00
Graph: digraph {
  0 [label = i0]
  1 [label = i1]
  2 [label = i2]
  3 [label = i3]
  4 [label = i4]
  5 [label = i5]
  7 [label = "inv"]
  2 -> 7
  9 [label = "add"]
  4 -> 9 [color = red]
  1 -> 9 [color = blue]
  11 [label = "add"]
  7 -> 11 [color = red]
  7 -> 11 [color = blue]
  12 [label = "inv"]
  11 -> 12
  15 [label = "matmul"]
  12 -> 15 [color = red]
  4 -> 15 [color = blue]
  17 [label = "add"]
  12 -> 17 [color = red]
  5 -> 17 [color = blue]
  21 [label = "matmul"]
  17 -> 21 [color = red]
  15 -> 21 [color = blue]
  23 [label = o0]
  21 -> 23
  24 [label = o1]
  17 -> 24
  25 [label = o2]
  7 -> 25
  26 [label = o3]
  5 -> 26
  27 [label = o4]
  9 -> 27
  28 [label = o5]
  15 -> 28
}

[189683350] New best score: 1.3794e+00
Graph: digraph {
  0 [label = i0]
  1 [label = i1]
  2 [label = i2]
  3 [label = i3]
  4 [label = i4]
  5 [label = i5]
  7 [label = "matmul"]
  5 -> 7 [color = red]
  0 -> 7 [color = blue]
  8 [label = "inv"]
  1 -> 8
  9 [label = "add"]
  7 -> 9 [color = red]
  4 -> 9 [color = blue]
  10 [label = "add"]
  5 -> 10 [color = red]
  8 -> 10 [color = blue]
  14 [label = "inv"]
  10 -> 14
  15 [label = "inv"]
  8 -> 15
  17 [label = "matmul"]
  14 -> 17 [color = red]
  9 -> 17 [color = blue]
  23 [label = o0]
  7 -> 23
  24 [label = o1]
  15 -> 24
  25 [label = o2]
  0 -> 25
  26 [label = o3]
  5 -> 26
  27 [label = o4]
  3 -> 27
  28 [label = o5]
  17 -> 28
}

