Sanity check loss: 1.1180493160255693
[00065] New best score: 2.0742e+00
Graph: digraph {
  0 [label = i0]
  1 [label = i1]
  2 [label = i2]
  3 [label = i3]
  4 [label = i4]
  5 [label = i5]
  6 [label = "transpose"]
  1 -> 6
  7 [label = "inv"]
  1 -> 7
  9 [label = "inv"]
  6 -> 9
  10 [label = "minus"]
  7 -> 10 [color = red]
  9 -> 10 [color = blue]
  11 [label = "inv"]
  9 -> 11
  13 [label = "minus"]
  11 -> 13 [color = red]
  10 -> 13 [color = blue]
  15 [label = "matmul"]
  4 -> 15 [color = red]
  11 -> 15 [color = blue]
  23 [label = o0]
  0 -> 23
  24 [label = o1]
  13 -> 24
  25 [label = o2]
  0 -> 25
  26 [label = o3]
  15 -> 26
  27 [label = o4]
  7 -> 27
  28 [label = o5]
  4 -> 28
}

[92008] New best score: 2.0742e+00
Graph: digraph {
  0 [label = i0]
  1 [label = i1]
  2 [label = i2]
  3 [label = i3]
  4 [label = i4]
  5 [label = i5]
  6 [label = "transpose"]
  4 -> 6
  7 [label = "add"]
  6 -> 7 [color = red]
  0 -> 7 [color = blue]
  8 [label = "matmul"]
  1 -> 8 [color = red]
  5 -> 8 [color = blue]
  11 [label = "minus"]
  7 -> 11 [color = red]
  0 -> 11 [color = blue]
  14 [label = "transpose"]
  7 -> 14
  23 [label = o0]
  7 -> 23
  24 [label = o1]
  8 -> 24
  25 [label = o2]
  14 -> 25
  26 [label = o3]
  2 -> 26
  27 [label = o4]
  0 -> 27
  28 [label = o5]
  11 -> 28
}

[853947] New best score: 2.0742e+00
Graph: digraph {
  0 [label = i0]
  1 [label = i1]
  2 [label = i2]
  3 [label = i3]
  4 [label = i4]
  5 [label = i5]
  6 [label = "add"]
  2 -> 6 [color = red]
  5 -> 6 [color = blue]
  7 [label = "matmul"]
  5 -> 7 [color = red]
  3 -> 7 [color = blue]
  8 [label = "add"]
  7 -> 8 [color = red]
  0 -> 8 [color = blue]
  9 [label = "minus"]
  6 -> 9 [color = red]
  8 -> 9 [color = blue]
  10 [label = "minus"]
  9 -> 10 [color = red]
  2 -> 10 [color = blue]
  11 [label = "transpose"]
  7 -> 11
  13 [label = "transpose"]
  8 -> 13
  14 [label = "add"]
  10 -> 14 [color = red]
  8 -> 14 [color = blue]
  15 [label = "add"]
  7 -> 15 [color = red]
  6 -> 15 [color = blue]
  16 [label = "matmul"]
  13 -> 16 [color = red]
  2 -> 16 [color = blue]
  17 [label = "matmul"]
  11 -> 17 [color = red]
  8 -> 17 [color = blue]
  20 [label = "matmul"]
  14 -> 20 [color = red]
  4 -> 20 [color = blue]
  23 [label = o0]
  20 -> 23
  24 [label = o1]
  9 -> 24
  25 [label = o2]
  16 -> 25
  26 [label = o3]
  17 -> 26
  27 [label = o4]
  15 -> 27
  28 [label = o5]
  20 -> 28
}

[1905412] New best score: 2.0737e+00
Graph: digraph {
  0 [label = i0]
  1 [label = i1]
  2 [label = i2]
  3 [label = i3]
  4 [label = i4]
  5 [label = i5]
  6 [label = "inv"]
  1 -> 6
  7 [label = "add"]
  2 -> 7 [color = red]
  6 -> 7 [color = blue]
  8 [label = "transpose"]
  1 -> 8
  9 [label = "matmul"]
  6 -> 9 [color = red]
  4 -> 9 [color = blue]
  10 [label = "add"]
  7 -> 10 [color = red]
  6 -> 10 [color = blue]
  13 [label = "minus"]
  7 -> 13 [color = red]
  3 -> 13 [color = blue]
  15 [label = "matmul"]
  2 -> 15 [color = red]
  9 -> 15 [color = blue]
  21 [label = "transpose"]
  8 -> 21
  23 [label = o0]
  15 -> 23
  24 [label = o1]
  21 -> 24
  25 [label = o2]
  13 -> 25
  26 [label = o3]
  10 -> 26
  27 [label = o4]
  7 -> 27
  28 [label = o5]
  15 -> 28
}

[2089848] New best score: 2.0737e+00
Graph: digraph {
  0 [label = i0]
  1 [label = i1]
  2 [label = i2]
  3 [label = i3]
  4 [label = i4]
  5 [label = i5]
  6 [label = "transpose"]
  4 -> 6
  7 [label = "inv"]
  1 -> 7
  8 [label = "transpose"]
  4 -> 8
  10 [label = "matmul"]
  2 -> 10 [color = red]
  8 -> 10 [color = blue]
  13 [label = "matmul"]
  7 -> 13 [color = red]
  10 -> 13 [color = blue]
  21 [label = "transpose"]
  8 -> 21
  23 [label = o0]
  8 -> 23
  24 [label = o1]
  1 -> 24
  25 [label = o2]
  4 -> 25
  26 [label = o3]
  21 -> 26
  27 [label = o4]
  6 -> 27
  28 [label = o5]
  13 -> 28
}

[32695031] New best score: 2.0727e+00
Graph: digraph {
  0 [label = i0]
  1 [label = i1]
  2 [label = i2]
  3 [label = i3]
  4 [label = i4]
  5 [label = i5]
  6 [label = "minus"]
  1 -> 6 [color = red]
  2 -> 6 [color = blue]
  9 [label = "matmul"]
  2 -> 9 [color = red]
  6 -> 9 [color = blue]
  12 [label = "matmul"]
  4 -> 12 [color = red]
  6 -> 12 [color = blue]
  13 [label = "add"]
  12 -> 13 [color = red]
  1 -> 13 [color = blue]
  14 [label = "transpose"]
  0 -> 14
  19 [label = "transpose"]
  0 -> 19
  21 [label = "matmul"]
  9 -> 21 [color = red]
  4 -> 21 [color = blue]
  23 [label = o0]
  21 -> 23
  24 [label = o1]
  9 -> 24
  25 [label = o2]
  13 -> 25
  26 [label = o3]
  14 -> 26
  27 [label = o4]
  19 -> 27
  28 [label = o5]
  12 -> 28
}

[102796481] New best score: 2.0718e+00
Graph: digraph {
  0 [label = i0]
  1 [label = i1]
  2 [label = i2]
  3 [label = i3]
  4 [label = i4]
  5 [label = i5]
  6 [label = "add"]
  2 -> 6 [color = red]
  5 -> 6 [color = blue]
  7 [label = "minus"]
  3 -> 7 [color = red]
  3 -> 7 [color = blue]
  10 [label = "matmul"]
  7 -> 10 [color = red]
  3 -> 10 [color = blue]
  11 [label = "inv"]
  6 -> 11
  12 [label = "add"]
  5 -> 12 [color = red]
  11 -> 12 [color = blue]
  18 [label = "matmul"]
  11 -> 18 [color = red]
  4 -> 18 [color = blue]
  19 [label = "matmul"]
  12 -> 19 [color = red]
  10 -> 19 [color = blue]
  21 [label = "transpose"]
  18 -> 21
  23 [label = o0]
  0 -> 23
  24 [label = o1]
  19 -> 24
  25 [label = o2]
  21 -> 25
  26 [label = o3]
  5 -> 26
  27 [label = o4]
  10 -> 27
  28 [label = o5]
  21 -> 28
}

[193601831] New best score: 1.3794e+00
Graph: digraph {
  0 [label = i0]
  1 [label = i1]
  2 [label = i2]
  3 [label = i3]
  4 [label = i4]
  5 [label = i5]
  6 [label = "matmul"]
  0 -> 6 [color = red]
  3 -> 6 [color = blue]
  7 [label = "add"]
  1 -> 7 [color = red]
  2 -> 7 [color = blue]
  8 [label = "inv"]
  7 -> 8
  10 [label = "minus"]
  4 -> 10 [color = red]
  4 -> 10 [color = blue]
  14 [label = "matmul"]
  1 -> 14 [color = red]
  8 -> 14 [color = blue]
  17 [label = "add"]
  4 -> 17 [color = red]
  0 -> 17 [color = blue]
  18 [label = "matmul"]
  14 -> 18 [color = red]
  17 -> 18 [color = blue]
  23 [label = o0]
  10 -> 23
  24 [label = o1]
  2 -> 24
  25 [label = o2]
  6 -> 25
  26 [label = o3]
  7 -> 26
  27 [label = o4]
  6 -> 27
  28 [label = o5]
  18 -> 28
}

