Sanity check loss: 1.1180493160255693
[00196] New best score: 2.6929e+04
Graph: digraph {
  0 [label = i0]
  1 [label = i1]
  2 [label = i2]
  3 [label = i3]
  4 [label = i4]
  5 [label = i5]
  6 [label = "minus"]
  3 -> 6 [color = red]
  1 -> 6 [color = blue]
  8 [label = "transpose"]
  0 -> 8
  9 [label = "add"]
  6 -> 9 [color = red]
  5 -> 9 [color = blue]
  10 [label = "transpose"]
  0 -> 10
  12 [label = "transpose"]
  8 -> 12
  13 [label = "add"]
  9 -> 13 [color = red]
  3 -> 13 [color = blue]
  15 [label = "add"]
  13 -> 15 [color = red]
  8 -> 15 [color = blue]
  19 [label = "transpose"]
  0 -> 19
  20 [label = "matmul"]
  12 -> 20 [color = red]
  15 -> 20 [color = blue]
  21 [label = "transpose"]
  4 -> 21
  23 [label = o0]
  21 -> 23
  24 [label = o1]
  13 -> 24
  25 [label = o2]
  10 -> 25
  26 [label = o3]
  13 -> 26
  27 [label = o4]
  19 -> 27
  28 [label = o5]
  20 -> 28
}

[00411] New best score: 2.0742e+00
Graph: digraph {
  0 [label = i0]
  1 [label = i1]
  2 [label = i2]
  3 [label = i3]
  4 [label = i4]
  5 [label = i5]
  8 [label = "transpose"]
  5 -> 8
  9 [label = "inv"]
  8 -> 9
  10 [label = "minus"]
  1 -> 10 [color = red]
  4 -> 10 [color = blue]
  11 [label = "transpose"]
  3 -> 11
  12 [label = "matmul"]
  9 -> 12 [color = red]
  4 -> 12 [color = blue]
  14 [label = "matmul"]
  8 -> 14 [color = red]
  12 -> 14 [color = blue]
  16 [label = "add"]
  14 -> 16 [color = red]
  11 -> 16 [color = blue]
  21 [label = "minus"]
  11 -> 21 [color = red]
  5 -> 21 [color = blue]
  23 [label = o0]
  0 -> 23
  24 [label = o1]
  21 -> 24
  25 [label = o2]
  0 -> 25
  26 [label = o3]
  10 -> 26
  27 [label = o4]
  16 -> 27
  28 [label = o5]
  14 -> 28
}

[31342] New best score: 2.0742e+00
Graph: digraph {
  0 [label = i0]
  1 [label = i1]
  2 [label = i2]
  3 [label = i3]
  4 [label = i4]
  5 [label = i5]
  6 [label = "add"]
  0 -> 6 [color = red]
  4 -> 6 [color = blue]
  9 [label = "transpose"]
  1 -> 9
  10 [label = "matmul"]
  0 -> 10 [color = red]
  9 -> 10 [color = blue]
  11 [label = "minus"]
  5 -> 11 [color = red]
  6 -> 11 [color = blue]
  12 [label = "inv"]
  11 -> 12
  18 [label = "transpose"]
  1 -> 18
  20 [label = "minus"]
  6 -> 20 [color = red]
  0 -> 20 [color = blue]
  23 [label = o0]
  0 -> 23
  24 [label = o1]
  18 -> 24
  25 [label = o2]
  3 -> 25
  26 [label = o3]
  10 -> 26
  27 [label = o4]
  12 -> 27
  28 [label = o5]
  20 -> 28
}

[489020] New best score: 2.0742e+00
Graph: digraph {
  0 [label = i0]
  1 [label = i1]
  2 [label = i2]
  3 [label = i3]
  4 [label = i4]
  5 [label = i5]
  6 [label = "transpose"]
  2 -> 6
  7 [label = "inv"]
  2 -> 7
  8 [label = "add"]
  4 -> 8 [color = red]
  7 -> 8 [color = blue]
  12 [label = "transpose"]
  4 -> 12
  14 [label = "transpose"]
  6 -> 14
  17 [label = "matmul"]
  14 -> 17 [color = red]
  7 -> 17 [color = blue]
  20 [label = "matmul"]
  4 -> 20 [color = red]
  17 -> 20 [color = blue]
  23 [label = o0]
  12 -> 23
  24 [label = o1]
  8 -> 24
  25 [label = o2]
  8 -> 25
  26 [label = o3]
  1 -> 26
  27 [label = o4]
  2 -> 27
  28 [label = o5]
  20 -> 28
}

[1836063] New best score: 2.0742e+00
Graph: digraph {
  0 [label = i0]
  1 [label = i1]
  2 [label = i2]
  3 [label = i3]
  4 [label = i4]
  5 [label = i5]
  6 [label = "matmul"]
  4 -> 6 [color = red]
  2 -> 6 [color = blue]
  7 [label = "minus"]
  2 -> 7 [color = red]
  0 -> 7 [color = blue]
  9 [label = "minus"]
  6 -> 9 [color = red]
  7 -> 9 [color = blue]
  11 [label = "add"]
  0 -> 11 [color = red]
  7 -> 11 [color = blue]
  12 [label = "matmul"]
  9 -> 12 [color = red]
  11 -> 12 [color = blue]
  23 [label = o0]
  0 -> 23
  24 [label = o1]
  11 -> 24
  25 [label = o2]
  7 -> 25
  26 [label = o3]
  12 -> 26
  27 [label = o4]
  4 -> 27
  28 [label = o5]
  6 -> 28
}

[1861682] New best score: 2.0742e+00
Graph: digraph {
  0 [label = i0]
  1 [label = i1]
  2 [label = i2]
  3 [label = i3]
  4 [label = i4]
  5 [label = i5]
  6 [label = "matmul"]
  0 -> 6 [color = red]
  4 -> 6 [color = blue]
  7 [label = "add"]
  4 -> 7 [color = red]
  6 -> 7 [color = blue]
  9 [label = "add"]
  0 -> 9 [color = red]
  2 -> 9 [color = blue]
  13 [label = "transpose"]
  7 -> 13
  14 [label = "minus"]
  9 -> 14 [color = red]
  4 -> 14 [color = blue]
  15 [label = "minus"]
  13 -> 15 [color = red]
  6 -> 15 [color = blue]
  16 [label = "minus"]
  7 -> 16 [color = red]
  1 -> 16 [color = blue]
  17 [label = "minus"]
  6 -> 17 [color = red]
  4 -> 17 [color = blue]
  19 [label = "minus"]
  13 -> 19 [color = red]
  16 -> 19 [color = blue]
  23 [label = o0]
  17 -> 23
  24 [label = o1]
  19 -> 24
  25 [label = o2]
  14 -> 25
  26 [label = o3]
  5 -> 26
  27 [label = o4]
  7 -> 27
  28 [label = o5]
  15 -> 28
}

[11446975] New best score: 2.0742e+00
Graph: digraph {
  0 [label = i0]
  1 [label = i1]
  2 [label = i2]
  3 [label = i3]
  4 [label = i4]
  5 [label = i5]
  6 [label = "add"]
  3 -> 6 [color = red]
  1 -> 6 [color = blue]
  7 [label = "matmul"]
  2 -> 7 [color = red]
  4 -> 7 [color = blue]
  9 [label = "minus"]
  0 -> 9 [color = red]
  4 -> 9 [color = blue]
  10 [label = "transpose"]
  3 -> 10
  14 [label = "minus"]
  4 -> 14 [color = red]
  7 -> 14 [color = blue]
  17 [label = "minus"]
  10 -> 17 [color = red]
  3 -> 17 [color = blue]
  19 [label = "add"]
  14 -> 19 [color = red]
  7 -> 19 [color = blue]
  20 [label = "minus"]
  17 -> 20 [color = red]
  19 -> 20 [color = blue]
  23 [label = o0]
  9 -> 23
  24 [label = o1]
  20 -> 24
  25 [label = o2]
  5 -> 25
  26 [label = o3]
  6 -> 26
  27 [label = o4]
  2 -> 27
  28 [label = o5]
  19 -> 28
}

[13864304] New best score: 2.0737e+00
Graph: digraph {
  0 [label = i0]
  1 [label = i1]
  2 [label = i2]
  3 [label = i3]
  4 [label = i4]
  5 [label = i5]
  7 [label = "minus"]
  2 -> 7 [color = red]
  1 -> 7 [color = blue]
  8 [label = "transpose"]
  4 -> 8
  9 [label = "matmul"]
  7 -> 9 [color = red]
  4 -> 9 [color = blue]
  10 [label = "add"]
  9 -> 10 [color = red]
  8 -> 10 [color = blue]
  11 [label = "add"]
  5 -> 11 [color = red]
  7 -> 11 [color = blue]
  14 [label = "add"]
  7 -> 14 [color = red]
  11 -> 14 [color = blue]
  15 [label = "minus"]
  0 -> 15 [color = red]
  4 -> 15 [color = blue]
  17 [label = "minus"]
  2 -> 17 [color = red]
  14 -> 17 [color = blue]
  23 [label = o0]
  15 -> 23
  24 [label = o1]
  1 -> 24
  25 [label = o2]
  17 -> 25
  26 [label = o3]
  11 -> 26
  27 [label = o4]
  7 -> 27
  28 [label = o5]
  10 -> 28
}

[21412048] New best score: 2.0560e+00
Graph: digraph {
  0 [label = i0]
  1 [label = i1]
  2 [label = i2]
  3 [label = i3]
  4 [label = i4]
  5 [label = i5]
  6 [label = "minus"]
  3 -> 6 [color = red]
  1 -> 6 [color = blue]
  7 [label = "matmul"]
  0 -> 7 [color = red]
  2 -> 7 [color = blue]
  8 [label = "matmul"]
  0 -> 8 [color = red]
  0 -> 8 [color = blue]
  9 [label = "matmul"]
  6 -> 9 [color = red]
  2 -> 9 [color = blue]
  11 [label = "add"]
  0 -> 11 [color = red]
  8 -> 11 [color = blue]
  12 [label = "inv"]
  6 -> 12
  15 [label = "add"]
  4 -> 15 [color = red]
  7 -> 15 [color = blue]
  23 [label = o0]
  11 -> 23
  24 [label = o1]
  9 -> 24
  25 [label = o2]
  5 -> 25
  26 [label = o3]
  8 -> 26
  27 [label = o4]
  12 -> 27
  28 [label = o5]
  15 -> 28
}

[172871121] New best score: 2.0018e+00
Graph: digraph {
  0 [label = i0]
  1 [label = i1]
  2 [label = i2]
  3 [label = i3]
  4 [label = i4]
  5 [label = i5]
  6 [label = "add"]
  5 -> 6 [color = red]
  2 -> 6 [color = blue]
  7 [label = "minus"]
  4 -> 7 [color = red]
  0 -> 7 [color = blue]
  8 [label = "inv"]
  6 -> 8
  10 [label = "transpose"]
  0 -> 10
  15 [label = "transpose"]
  6 -> 15
  16 [label = "matmul"]
  1 -> 16 [color = red]
  8 -> 16 [color = blue]
  18 [label = "matmul"]
  7 -> 18 [color = red]
  8 -> 18 [color = blue]
  21 [label = "minus"]
  4 -> 21 [color = red]
  18 -> 21 [color = blue]
  23 [label = o0]
  7 -> 23
  24 [label = o1]
  6 -> 24
  25 [label = o2]
  10 -> 25
  26 [label = o3]
  15 -> 26
  27 [label = o4]
  16 -> 27
  28 [label = o5]
  21 -> 28
}

[240196575] New best score: 1.3794e+00
Graph: digraph {
  0 [label = i0]
  1 [label = i1]
  2 [label = i2]
  3 [label = i3]
  4 [label = i4]
  5 [label = i5]
  6 [label = "add"]
  1 -> 6 [color = red]
  2 -> 6 [color = blue]
  7 [label = "add"]
  0 -> 7 [color = red]
  4 -> 7 [color = blue]
  8 [label = "inv"]
  6 -> 8
  9 [label = "minus"]
  6 -> 9 [color = red]
  5 -> 9 [color = blue]
  10 [label = "matmul"]
  1 -> 10 [color = red]
  7 -> 10 [color = blue]
  11 [label = "matmul"]
  8 -> 11 [color = red]
  10 -> 11 [color = blue]
  12 [label = "matmul"]
  6 -> 12 [color = red]
  8 -> 12 [color = blue]
  16 [label = "inv"]
  2 -> 16
  22 [label = "matmul"]
  16 -> 22 [color = red]
  2 -> 22 [color = blue]
  23 [label = o0]
  11 -> 23
  24 [label = o1]
  22 -> 24
  25 [label = o2]
  12 -> 25
  26 [label = o3]
  9 -> 26
  27 [label = o4]
  10 -> 27
  28 [label = o5]
  11 -> 28
}

