Sanity check loss: 1.1180493160255693
[00080] New best score: 2.6929e+04
Graph: digraph {
  0 [label = i0]
  1 [label = i1]
  2 [label = i2]
  3 [label = i3]
  4 [label = i4]
  5 [label = i5]
  6 [label = "minus"]
  1 -> 6 [color = red]
  5 -> 6 [color = blue]
  7 [label = "transpose"]
  2 -> 7
  8 [label = "add"]
  0 -> 8 [color = red]
  6 -> 8 [color = blue]
  9 [label = "inv"]
  2 -> 9
  10 [label = "transpose"]
  5 -> 10
  11 [label = "matmul"]
  8 -> 11 [color = red]
  10 -> 11 [color = blue]
  12 [label = "transpose"]
  11 -> 12
  13 [label = "matmul"]
  12 -> 13 [color = red]
  0 -> 13 [color = blue]
  22 [label = "transpose"]
  13 -> 22
  23 [label = o0]
  13 -> 23
  24 [label = o1]
  7 -> 24
  25 [label = o2]
  3 -> 25
  26 [label = o3]
  1 -> 26
  27 [label = o4]
  9 -> 27
  28 [label = o5]
  22 -> 28
}

[00317] New best score: 2.0742e+00
Graph: digraph {
  0 [label = i0]
  1 [label = i1]
  2 [label = i2]
  3 [label = i3]
  4 [label = i4]
  5 [label = i5]
  7 [label = "inv"]
  1 -> 7
  18 [label = "inv"]
  7 -> 18
  19 [label = "minus"]
  2 -> 19 [color = red]
  18 -> 19 [color = blue]
  23 [label = o0]
  0 -> 23
  24 [label = o1]
  2 -> 24
  25 [label = o2]
  5 -> 25
  26 [label = o3]
  19 -> 26
  27 [label = o4]
  1 -> 27
  28 [label = o5]
  4 -> 28
}

[169519] New best score: 2.0742e+00
Graph: digraph {
  0 [label = i0]
  1 [label = i1]
  2 [label = i2]
  3 [label = i3]
  4 [label = i4]
  5 [label = i5]
  8 [label = "matmul"]
  5 -> 8 [color = red]
  4 -> 8 [color = blue]
  9 [label = "transpose"]
  0 -> 9
  11 [label = "add"]
  8 -> 11 [color = red]
  0 -> 11 [color = blue]
  13 [label = "minus"]
  11 -> 13 [color = red]
  9 -> 13 [color = blue]
  17 [label = "transpose"]
  1 -> 17
  22 [label = "matmul"]
  3 -> 22 [color = red]
  11 -> 22 [color = blue]
  23 [label = o0]
  9 -> 23
  24 [label = o1]
  2 -> 24
  25 [label = o2]
  17 -> 25
  26 [label = o3]
  22 -> 26
  27 [label = o4]
  1 -> 27
  28 [label = o5]
  13 -> 28
}

[708820] New best score: 2.0742e+00
Graph: digraph {
  0 [label = i0]
  1 [label = i1]
  2 [label = i2]
  3 [label = i3]
  4 [label = i4]
  5 [label = i5]
  6 [label = "add"]
  5 -> 6 [color = red]
  0 -> 6 [color = blue]
  7 [label = "inv"]
  1 -> 7
  8 [label = "matmul"]
  0 -> 8 [color = red]
  1 -> 8 [color = blue]
  9 [label = "matmul"]
  8 -> 9 [color = red]
  5 -> 9 [color = blue]
  10 [label = "matmul"]
  4 -> 10 [color = red]
  1 -> 10 [color = blue]
  12 [label = "add"]
  3 -> 12 [color = red]
  9 -> 12 [color = blue]
  14 [label = "add"]
  4 -> 14 [color = red]
  8 -> 14 [color = blue]
  15 [label = "minus"]
  12 -> 15 [color = red]
  10 -> 15 [color = blue]
  17 [label = "matmul"]
  2 -> 17 [color = red]
  8 -> 17 [color = blue]
  21 [label = "minus"]
  14 -> 21 [color = red]
  17 -> 21 [color = blue]
  23 [label = o0]
  10 -> 23
  24 [label = o1]
  5 -> 24
  25 [label = o2]
  7 -> 25
  26 [label = o3]
  15 -> 26
  27 [label = o4]
  6 -> 27
  28 [label = o5]
  21 -> 28
}

[2090378] New best score: 2.0742e+00
Graph: digraph {
  0 [label = i0]
  1 [label = i1]
  2 [label = i2]
  3 [label = i3]
  4 [label = i4]
  5 [label = i5]
  6 [label = "transpose"]
  1 -> 6
  7 [label = "matmul"]
  4 -> 7 [color = red]
  4 -> 7 [color = blue]
  11 [label = "add"]
  0 -> 11 [color = red]
  1 -> 11 [color = blue]
  19 [label = "minus"]
  4 -> 19 [color = red]
  7 -> 19 [color = blue]
  20 [label = "add"]
  19 -> 20 [color = red]
  7 -> 20 [color = blue]
  23 [label = o0]
  0 -> 23
  24 [label = o1]
  11 -> 24
  25 [label = o2]
  2 -> 25
  26 [label = o3]
  0 -> 26
  27 [label = o4]
  6 -> 27
  28 [label = o5]
  20 -> 28
}

[2428615] New best score: 2.0742e+00
Graph: digraph {
  0 [label = i0]
  1 [label = i1]
  2 [label = i2]
  3 [label = i3]
  4 [label = i4]
  5 [label = i5]
  6 [label = "matmul"]
  0 -> 6 [color = red]
  4 -> 6 [color = blue]
  7 [label = "minus"]
  4 -> 7 [color = red]
  6 -> 7 [color = blue]
  11 [label = "transpose"]
  6 -> 11
  12 [label = "add"]
  11 -> 12 [color = red]
  7 -> 12 [color = blue]
  15 [label = "matmul"]
  3 -> 15 [color = red]
  7 -> 15 [color = blue]
  17 [label = "transpose"]
  6 -> 17
  21 [label = "transpose"]
  12 -> 21
  23 [label = o0]
  15 -> 23
  24 [label = o1]
  1 -> 24
  25 [label = o2]
  3 -> 25
  26 [label = o3]
  17 -> 26
  27 [label = o4]
  2 -> 27
  28 [label = o5]
  21 -> 28
}

[3123186] New best score: 2.0737e+00
Graph: digraph {
  0 [label = i0]
  1 [label = i1]
  2 [label = i2]
  3 [label = i3]
  4 [label = i4]
  5 [label = i5]
  6 [label = "transpose"]
  4 -> 6
  7 [label = "inv"]
  1 -> 7
  8 [label = "minus"]
  6 -> 8 [color = red]
  0 -> 8 [color = blue]
  12 [label = "matmul"]
  2 -> 12 [color = red]
  4 -> 12 [color = blue]
  14 [label = "matmul"]
  7 -> 14 [color = red]
  12 -> 14 [color = blue]
  16 [label = "matmul"]
  7 -> 16 [color = red]
  8 -> 16 [color = blue]
  23 [label = o0]
  0 -> 23
  24 [label = o1]
  1 -> 24
  25 [label = o2]
  14 -> 25
  26 [label = o3]
  16 -> 26
  27 [label = o4]
  7 -> 27
  28 [label = o5]
  14 -> 28
}

[25645413] New best score: 2.0727e+00
Graph: digraph {
  0 [label = i0]
  1 [label = i1]
  2 [label = i2]
  3 [label = i3]
  4 [label = i4]
  5 [label = i5]
  8 [label = "transpose"]
  3 -> 8
  9 [label = "matmul"]
  3 -> 9 [color = red]
  2 -> 9 [color = blue]
  11 [label = "minus"]
  5 -> 11 [color = red]
  8 -> 11 [color = blue]
  13 [label = "matmul"]
  2 -> 13 [color = red]
  0 -> 13 [color = blue]
  14 [label = "transpose"]
  13 -> 14
  16 [label = "transpose"]
  4 -> 16
  19 [label = "matmul"]
  9 -> 19 [color = red]
  11 -> 19 [color = blue]
  20 [label = "add"]
  4 -> 20 [color = red]
  14 -> 20 [color = blue]
  23 [label = o0]
  16 -> 23
  24 [label = o1]
  19 -> 24
  25 [label = o2]
  11 -> 25
  26 [label = o3]
  3 -> 26
  27 [label = o4]
  19 -> 27
  28 [label = o5]
  20 -> 28
}

[63556261] New best score: 2.0654e+00
Graph: digraph {
  0 [label = i0]
  1 [label = i1]
  2 [label = i2]
  3 [label = i3]
  4 [label = i4]
  5 [label = i5]
  6 [label = "matmul"]
  2 -> 6 [color = red]
  0 -> 6 [color = blue]
  7 [label = "transpose"]
  5 -> 7
  9 [label = "add"]
  6 -> 9 [color = red]
  4 -> 9 [color = blue]
  10 [label = "minus"]
  7 -> 10 [color = red]
  1 -> 10 [color = blue]
  11 [label = "matmul"]
  1 -> 11 [color = red]
  10 -> 11 [color = blue]
  12 [label = "transpose"]
  11 -> 12
  16 [label = "matmul"]
  2 -> 16 [color = red]
  11 -> 16 [color = blue]
  23 [label = o0]
  9 -> 23
  24 [label = o1]
  16 -> 24
  25 [label = o2]
  3 -> 25
  26 [label = o3]
  12 -> 26
  27 [label = o4]
  6 -> 27
  28 [label = o5]
  9 -> 28
}

[253950829] New best score: 1.3791e+00
Graph: digraph {
  0 [label = i0]
  1 [label = i1]
  2 [label = i2]
  3 [label = i3]
  4 [label = i4]
  5 [label = i5]
  6 [label = "add"]
  4 -> 6 [color = red]
  0 -> 6 [color = blue]
  7 [label = "inv"]
  2 -> 7
  8 [label = "add"]
  0 -> 8 [color = red]
  4 -> 8 [color = blue]
  9 [label = "add"]
  5 -> 9 [color = red]
  7 -> 9 [color = blue]
  10 [label = "add"]
  2 -> 10 [color = red]
  4 -> 10 [color = blue]
  11 [label = "minus"]
  4 -> 11 [color = red]
  3 -> 11 [color = blue]
  14 [label = "inv"]
  9 -> 14
  15 [label = "matmul"]
  14 -> 15 [color = red]
  8 -> 15 [color = blue]
  16 [label = "matmul"]
  6 -> 16 [color = red]
  10 -> 16 [color = blue]
  23 [label = o0]
  16 -> 23
  24 [label = o1]
  1 -> 24
  25 [label = o2]
  0 -> 25
  26 [label = o3]
  11 -> 26
  27 [label = o4]
  6 -> 27
  28 [label = o5]
  15 -> 28
}

