Sanity check loss: 1.1180493160255693
[00046] New best score: 2.6929e+04
Graph: digraph {
  0 [label = i0]
  1 [label = i1]
  2 [label = i2]
  3 [label = i3]
  4 [label = i4]
  5 [label = i5]
  6 [label = "matmul"]
  3 -> 6 [color = red]
  0 -> 6 [color = blue]
  7 [label = "add"]
  6 -> 7 [color = red]
  6 -> 7 [color = blue]
  8 [label = "minus"]
  0 -> 8 [color = red]
  1 -> 8 [color = blue]
  10 [label = "matmul"]
  5 -> 10 [color = red]
  4 -> 10 [color = blue]
  15 [label = "minus"]
  1 -> 15 [color = red]
  3 -> 15 [color = blue]
  20 [label = "add"]
  15 -> 20 [color = red]
  7 -> 20 [color = blue]
  22 [label = "matmul"]
  6 -> 22 [color = red]
  8 -> 22 [color = blue]
  23 [label = o0]
  10 -> 23
  24 [label = o1]
  20 -> 24
  25 [label = o2]
  5 -> 25
  26 [label = o3]
  4 -> 26
  27 [label = o4]
  22 -> 27
  28 [label = o5]
  6 -> 28
}

[00275] New best score: 2.0742e+00
Graph: digraph {
  0 [label = i0]
  1 [label = i1]
  2 [label = i2]
  3 [label = i3]
  4 [label = i4]
  5 [label = i5]
  6 [label = "inv"]
  1 -> 6
  7 [label = "transpose"]
  4 -> 7
  10 [label = "add"]
  4 -> 10 [color = red]
  1 -> 10 [color = blue]
  22 [label = "transpose"]
  7 -> 22
  23 [label = o0]
  22 -> 23
  24 [label = o1]
  6 -> 24
  25 [label = o2]
  22 -> 25
  26 [label = o3]
  10 -> 26
  27 [label = o4]
  10 -> 27
  28 [label = o5]
  4 -> 28
}

[223345] New best score: 2.0742e+00
Graph: digraph {
  0 [label = i0]
  1 [label = i1]
  2 [label = i2]
  3 [label = i3]
  4 [label = i4]
  5 [label = i5]
  6 [label = "minus"]
  3 -> 6 [color = red]
  3 -> 6 [color = blue]
  7 [label = "transpose"]
  0 -> 7
  9 [label = "minus"]
  0 -> 9 [color = red]
  0 -> 9 [color = blue]
  10 [label = "minus"]
  6 -> 10 [color = red]
  9 -> 10 [color = blue]
  15 [label = "add"]
  7 -> 15 [color = red]
  4 -> 15 [color = blue]
  16 [label = "minus"]
  15 -> 16 [color = red]
  0 -> 16 [color = blue]
  17 [label = "minus"]
  3 -> 17 [color = red]
  16 -> 17 [color = blue]
  21 [label = "add"]
  10 -> 21 [color = red]
  17 -> 21 [color = blue]
  23 [label = o0]
  16 -> 23
  24 [label = o1]
  3 -> 24
  25 [label = o2]
  15 -> 25
  26 [label = o3]
  21 -> 26
  27 [label = o4]
  16 -> 27
  28 [label = o5]
  16 -> 28
}

[2493422] New best score: 2.0742e+00
Graph: digraph {
  0 [label = i0]
  1 [label = i1]
  2 [label = i2]
  3 [label = i3]
  4 [label = i4]
  5 [label = i5]
  9 [label = "matmul"]
  2 -> 9 [color = red]
  4 -> 9 [color = blue]
  10 [label = "matmul"]
  2 -> 10 [color = red]
  9 -> 10 [color = blue]
  14 [label = "add"]
  9 -> 14 [color = red]
  2 -> 14 [color = blue]
  15 [label = "transpose"]
  9 -> 15
  17 [label = "minus"]
  15 -> 17 [color = red]
  14 -> 17 [color = blue]
  21 [label = "transpose"]
  10 -> 21
  23 [label = o0]
  0 -> 23
  24 [label = o1]
  17 -> 24
  25 [label = o2]
  21 -> 25
  26 [label = o3]
  3 -> 26
  27 [label = o4]
  1 -> 27
  28 [label = o5]
  21 -> 28
}

[3809902] New best score: 2.0742e+00
Graph: digraph {
  0 [label = i0]
  1 [label = i1]
  2 [label = i2]
  3 [label = i3]
  4 [label = i4]
  5 [label = i5]
  6 [label = "matmul"]
  0 -> 6 [color = red]
  0 -> 6 [color = blue]
  7 [label = "add"]
  6 -> 7 [color = red]
  4 -> 7 [color = blue]
  9 [label = "matmul"]
  7 -> 9 [color = red]
  2 -> 9 [color = blue]
  10 [label = "minus"]
  9 -> 10 [color = red]
  6 -> 10 [color = blue]
  11 [label = "minus"]
  7 -> 11 [color = red]
  1 -> 11 [color = blue]
  13 [label = "matmul"]
  4 -> 13 [color = red]
  11 -> 13 [color = blue]
  14 [label = "minus"]
  0 -> 14 [color = red]
  13 -> 14 [color = blue]
  21 [label = "minus"]
  0 -> 21 [color = red]
  11 -> 21 [color = blue]
  23 [label = o0]
  0 -> 23
  24 [label = o1]
  5 -> 24
  25 [label = o2]
  14 -> 25
  26 [label = o3]
  9 -> 26
  27 [label = o4]
  21 -> 27
  28 [label = o5]
  10 -> 28
}

[4268476] New best score: 2.0742e+00
Graph: digraph {
  0 [label = i0]
  1 [label = i1]
  2 [label = i2]
  3 [label = i3]
  4 [label = i4]
  5 [label = i5]
  6 [label = "minus"]
  4 -> 6 [color = red]
  3 -> 6 [color = blue]
  7 [label = "inv"]
  6 -> 7
  8 [label = "matmul"]
  0 -> 8 [color = red]
  3 -> 8 [color = blue]
  9 [label = "matmul"]
  8 -> 9 [color = red]
  8 -> 9 [color = blue]
  10 [label = "transpose"]
  9 -> 10
  14 [label = "matmul"]
  7 -> 14 [color = red]
  6 -> 14 [color = blue]
  15 [label = "matmul"]
  14 -> 15 [color = red]
  4 -> 15 [color = blue]
  16 [label = "minus"]
  9 -> 16 [color = red]
  1 -> 16 [color = blue]
  19 [label = "minus"]
  9 -> 19 [color = red]
  16 -> 19 [color = blue]
  21 [label = "add"]
  10 -> 21 [color = red]
  3 -> 21 [color = blue]
  23 [label = o0]
  15 -> 23
  24 [label = o1]
  2 -> 24
  25 [label = o2]
  19 -> 25
  26 [label = o3]
  16 -> 26
  27 [label = o4]
  21 -> 27
  28 [label = o5]
  15 -> 28
}

[7331127] New best score: 2.0737e+00
Graph: digraph {
  0 [label = i0]
  1 [label = i1]
  2 [label = i2]
  3 [label = i3]
  4 [label = i4]
  5 [label = i5]
  6 [label = "transpose"]
  0 -> 6
  7 [label = "minus"]
  0 -> 7 [color = red]
  6 -> 7 [color = blue]
  8 [label = "inv"]
  1 -> 8
  9 [label = "matmul"]
  5 -> 9 [color = red]
  2 -> 9 [color = blue]
  11 [label = "matmul"]
  9 -> 11 [color = red]
  8 -> 11 [color = blue]
  12 [label = "add"]
  7 -> 12 [color = red]
  4 -> 12 [color = blue]
  14 [label = "add"]
  7 -> 14 [color = red]
  1 -> 14 [color = blue]
  15 [label = "add"]
  7 -> 15 [color = red]
  6 -> 15 [color = blue]
  16 [label = "transpose"]
  11 -> 16
  19 [label = "matmul"]
  12 -> 19 [color = red]
  16 -> 19 [color = blue]
  22 [label = "matmul"]
  6 -> 22 [color = red]
  5 -> 22 [color = blue]
  23 [label = o0]
  15 -> 23
  24 [label = o1]
  14 -> 24
  25 [label = o2]
  22 -> 25
  26 [label = o3]
  11 -> 26
  27 [label = o4]
  14 -> 27
  28 [label = o5]
  19 -> 28
}

[32916862] New best score: 2.0727e+00
Graph: digraph {
  0 [label = i0]
  1 [label = i1]
  2 [label = i2]
  3 [label = i3]
  4 [label = i4]
  5 [label = i5]
  6 [label = "minus"]
  1 -> 6 [color = red]
  2 -> 6 [color = blue]
  7 [label = "matmul"]
  6 -> 7 [color = red]
  2 -> 7 [color = blue]
  8 [label = "matmul"]
  4 -> 8 [color = red]
  6 -> 8 [color = blue]
  13 [label = "inv"]
  1 -> 13
  15 [label = "minus"]
  5 -> 15 [color = red]
  8 -> 15 [color = blue]
  17 [label = "matmul"]
  13 -> 17 [color = red]
  7 -> 17 [color = blue]
  22 [label = "matmul"]
  4 -> 22 [color = red]
  6 -> 22 [color = blue]
  23 [label = o0]
  0 -> 23
  24 [label = o1]
  17 -> 24
  25 [label = o2]
  4 -> 25
  26 [label = o3]
  15 -> 26
  27 [label = o4]
  2 -> 27
  28 [label = o5]
  22 -> 28
}

[50949196] New best score: 2.0718e+00
Graph: digraph {
  0 [label = i0]
  1 [label = i1]
  2 [label = i2]
  3 [label = i3]
  4 [label = i4]
  5 [label = i5]
  7 [label = "add"]
  5 -> 7 [color = red]
  2 -> 7 [color = blue]
  8 [label = "minus"]
  2 -> 8 [color = red]
  2 -> 8 [color = blue]
  9 [label = "inv"]
  7 -> 9
  13 [label = "matmul"]
  9 -> 13 [color = red]
  4 -> 13 [color = blue]
  14 [label = "add"]
  1 -> 14 [color = red]
  5 -> 14 [color = blue]
  23 [label = o0]
  0 -> 23
  24 [label = o1]
  8 -> 24
  25 [label = o2]
  4 -> 25
  26 [label = o3]
  14 -> 26
  27 [label = o4]
  13 -> 27
  28 [label = o5]
  13 -> 28
}

[196115408] New best score: 2.0643e+00
Graph: digraph {
  0 [label = i0]
  1 [label = i1]
  2 [label = i2]
  3 [label = i3]
  4 [label = i4]
  5 [label = i5]
  6 [label = "matmul"]
  2 -> 6 [color = red]
  1 -> 6 [color = blue]
  7 [label = "inv"]
  5 -> 7
  8 [label = "transpose"]
  7 -> 8
  9 [label = "minus"]
  6 -> 9 [color = red]
  2 -> 9 [color = blue]
  10 [label = "add"]
  8 -> 10 [color = red]
  6 -> 10 [color = blue]
  13 [label = "matmul"]
  0 -> 13 [color = red]
  7 -> 13 [color = blue]
  16 [label = "inv"]
  10 -> 16
  17 [label = "minus"]
  16 -> 17 [color = red]
  9 -> 17 [color = blue]
  19 [label = "minus"]
  0 -> 19 [color = red]
  13 -> 19 [color = blue]
  20 [label = "matmul"]
  16 -> 20 [color = red]
  4 -> 20 [color = blue]
  22 [label = "add"]
  0 -> 22 [color = red]
  8 -> 22 [color = blue]
  23 [label = o0]
  19 -> 23
  24 [label = o1]
  9 -> 24
  25 [label = o2]
  22 -> 25
  26 [label = o3]
  17 -> 26
  27 [label = o4]
  10 -> 27
  28 [label = o5]
  20 -> 28
}

[371611451] New best score: 1.3746e+00
Graph: digraph {
  0 [label = i0]
  1 [label = i1]
  2 [label = i2]
  3 [label = i3]
  4 [label = i4]
  5 [label = i5]
  6 [label = "add"]
  0 -> 6 [color = red]
  4 -> 6 [color = blue]
  8 [label = "inv"]
  1 -> 8
  11 [label = "add"]
  5 -> 11 [color = red]
  8 -> 11 [color = blue]
  12 [label = "inv"]
  2 -> 12
  15 [label = "transpose"]
  11 -> 15
  20 [label = "matmul"]
  6 -> 20 [color = red]
  12 -> 20 [color = blue]
  23 [label = o0]
  6 -> 23
  24 [label = o1]
  15 -> 24
  25 [label = o2]
  8 -> 25
  26 [label = o3]
  8 -> 26
  27 [label = o4]
  11 -> 27
  28 [label = o5]
  20 -> 28
}

