Sanity check loss: 1.1180493160255693
[00038] New best score: 6.1628e+07
Graph: digraph {
  0 [label = i0]
  1 [label = i1]
  2 [label = i2]
  3 [label = i3]
  4 [label = i4]
  5 [label = i5]
  6 [label = "transpose"]
  0 -> 6
  7 [label = "add"]
  6 -> 7 [color = red]
  4 -> 7 [color = blue]
  8 [label = "minus"]
  6 -> 8 [color = red]
  6 -> 8 [color = blue]
  9 [label = "matmul"]
  2 -> 9 [color = red]
  4 -> 9 [color = blue]
  12 [label = "add"]
  1 -> 12 [color = red]
  1 -> 12 [color = blue]
  13 [label = "transpose"]
  8 -> 13
  14 [label = "add"]
  5 -> 14 [color = red]
  13 -> 14 [color = blue]
  15 [label = "minus"]
  12 -> 15 [color = red]
  13 -> 15 [color = blue]
  23 [label = o0]
  9 -> 23
  24 [label = o1]
  2 -> 24
  25 [label = o2]
  9 -> 25
  26 [label = o3]
  14 -> 26
  27 [label = o4]
  15 -> 27
  28 [label = o5]
  7 -> 28
}

[00057] New best score: 2.6929e+04
Graph: digraph {
  0 [label = i0]
  1 [label = i1]
  2 [label = i2]
  3 [label = i3]
  4 [label = i4]
  5 [label = i5]
  6 [label = "add"]
  4 -> 6 [color = red]
  0 -> 6 [color = blue]
  8 [label = "matmul"]
  2 -> 8 [color = red]
  3 -> 8 [color = blue]
  10 [label = "matmul"]
  8 -> 10 [color = red]
  0 -> 10 [color = blue]
  12 [label = "matmul"]
  2 -> 12 [color = red]
  6 -> 12 [color = blue]
  13 [label = "matmul"]
  0 -> 13 [color = red]
  0 -> 13 [color = blue]
  15 [label = "matmul"]
  10 -> 15 [color = red]
  1 -> 15 [color = blue]
  20 [label = "matmul"]
  6 -> 20 [color = red]
  1 -> 20 [color = blue]
  22 [label = "add"]
  1 -> 22 [color = red]
  13 -> 22 [color = blue]
  23 [label = o0]
  12 -> 23
  24 [label = o1]
  22 -> 24
  25 [label = o2]
  20 -> 25
  26 [label = o3]
  0 -> 26
  27 [label = o4]
  15 -> 27
  28 [label = o5]
  15 -> 28
}

[00305] New best score: 2.0742e+00
Graph: digraph {
  0 [label = i0]
  1 [label = i1]
  2 [label = i2]
  3 [label = i3]
  4 [label = i4]
  5 [label = i5]
  6 [label = "transpose"]
  1 -> 6
  7 [label = "matmul"]
  6 -> 7 [color = red]
  4 -> 7 [color = blue]
  9 [label = "transpose"]
  5 -> 9
  17 [label = "minus"]
  1 -> 17 [color = red]
  0 -> 17 [color = blue]
  19 [label = "transpose"]
  9 -> 19
  23 [label = o0]
  4 -> 23
  24 [label = o1]
  2 -> 24
  25 [label = o2]
  7 -> 25
  26 [label = o3]
  17 -> 26
  27 [label = o4]
  19 -> 27
  28 [label = o5]
  4 -> 28
}

[135438] New best score: 2.0742e+00
Graph: digraph {
  0 [label = i0]
  1 [label = i1]
  2 [label = i2]
  3 [label = i3]
  4 [label = i4]
  5 [label = i5]
  6 [label = "inv"]
  1 -> 6
  7 [label = "matmul"]
  1 -> 7 [color = red]
  4 -> 7 [color = blue]
  8 [label = "inv"]
  1 -> 8
  12 [label = "matmul"]
  8 -> 12 [color = red]
  7 -> 12 [color = blue]
  13 [label = "matmul"]
  6 -> 13 [color = red]
  4 -> 13 [color = blue]
  20 [label = "inv"]
  6 -> 20
  23 [label = o0]
  13 -> 23
  24 [label = o1]
  20 -> 24
  25 [label = o2]
  0 -> 25
  26 [label = o3]
  8 -> 26
  27 [label = o4]
  7 -> 27
  28 [label = o5]
  12 -> 28
}

[275251] New best score: 2.0742e+00
Graph: digraph {
  0 [label = i0]
  1 [label = i1]
  2 [label = i2]
  3 [label = i3]
  4 [label = i4]
  5 [label = i5]
  6 [label = "inv"]
  2 -> 6
  8 [label = "matmul"]
  6 -> 8 [color = red]
  3 -> 8 [color = blue]
  9 [label = "add"]
  0 -> 9 [color = red]
  4 -> 9 [color = blue]
  10 [label = "transpose"]
  5 -> 10
  11 [label = "transpose"]
  10 -> 11
  13 [label = "transpose"]
  0 -> 13
  20 [label = "minus"]
  9 -> 20 [color = red]
  13 -> 20 [color = blue]
  22 [label = "matmul"]
  0 -> 22 [color = red]
  1 -> 22 [color = blue]
  23 [label = o0]
  22 -> 23
  24 [label = o1]
  11 -> 24
  25 [label = o2]
  6 -> 25
  26 [label = o3]
  8 -> 26
  27 [label = o4]
  5 -> 27
  28 [label = o5]
  20 -> 28
}

[2217024] New best score: 2.0742e+00
Graph: digraph {
  0 [label = i0]
  1 [label = i1]
  2 [label = i2]
  3 [label = i3]
  4 [label = i4]
  5 [label = i5]
  6 [label = "minus"]
  5 -> 6 [color = red]
  0 -> 6 [color = blue]
  8 [label = "add"]
  6 -> 8 [color = red]
  0 -> 8 [color = blue]
  10 [label = "matmul"]
  2 -> 10 [color = red]
  4 -> 10 [color = blue]
  11 [label = "minus"]
  8 -> 11 [color = red]
  8 -> 11 [color = blue]
  23 [label = o0]
  10 -> 23
  24 [label = o1]
  8 -> 24
  25 [label = o2]
  8 -> 25
  26 [label = o3]
  10 -> 26
  27 [label = o4]
  11 -> 27
  28 [label = o5]
  10 -> 28
}

[2758485] New best score: 2.0737e+00
Graph: digraph {
  0 [label = i0]
  1 [label = i1]
  2 [label = i2]
  3 [label = i3]
  4 [label = i4]
  5 [label = i5]
  8 [label = "matmul"]
  3 -> 8 [color = red]
  4 -> 8 [color = blue]
  11 [label = "inv"]
  1 -> 11
  12 [label = "matmul"]
  2 -> 12 [color = red]
  4 -> 12 [color = blue]
  17 [label = "transpose"]
  1 -> 17
  21 [label = "matmul"]
  11 -> 21 [color = red]
  12 -> 21 [color = blue]
  22 [label = "add"]
  21 -> 22 [color = red]
  3 -> 22 [color = blue]
  23 [label = o0]
  21 -> 23
  24 [label = o1]
  1 -> 24
  25 [label = o2]
  17 -> 25
  26 [label = o3]
  8 -> 26
  27 [label = o4]
  22 -> 27
  28 [label = o5]
  21 -> 28
}

[3740425] New best score: 2.0727e+00
Graph: digraph {
  0 [label = i0]
  1 [label = i1]
  2 [label = i2]
  3 [label = i3]
  4 [label = i4]
  5 [label = i5]
  7 [label = "minus"]
  1 -> 7 [color = red]
  5 -> 7 [color = blue]
  8 [label = "matmul"]
  5 -> 8 [color = red]
  3 -> 8 [color = blue]
  9 [label = "minus"]
  1 -> 9 [color = red]
  2 -> 9 [color = blue]
  15 [label = "matmul"]
  4 -> 15 [color = red]
  9 -> 15 [color = blue]
  16 [label = "transpose"]
  15 -> 16
  23 [label = o0]
  4 -> 23
  24 [label = o1]
  7 -> 24
  25 [label = o2]
  16 -> 25
  26 [label = o3]
  0 -> 26
  27 [label = o4]
  8 -> 27
  28 [label = o5]
  15 -> 28
}

[15867959] New best score: 2.0718e+00
Graph: digraph {
  0 [label = i0]
  1 [label = i1]
  2 [label = i2]
  3 [label = i3]
  4 [label = i4]
  5 [label = i5]
  6 [label = "add"]
  2 -> 6 [color = red]
  5 -> 6 [color = blue]
  7 [label = "minus"]
  6 -> 7 [color = red]
  2 -> 7 [color = blue]
  9 [label = "minus"]
  5 -> 9 [color = red]
  5 -> 9 [color = blue]
  10 [label = "inv"]
  6 -> 10
  14 [label = "matmul"]
  10 -> 14 [color = red]
  4 -> 14 [color = blue]
  16 [label = "transpose"]
  9 -> 16
  20 [label = "matmul"]
  16 -> 20 [color = red]
  16 -> 20 [color = blue]
  21 [label = "matmul"]
  1 -> 21 [color = red]
  14 -> 21 [color = blue]
  23 [label = o0]
  0 -> 23
  24 [label = o1]
  16 -> 24
  25 [label = o2]
  7 -> 25
  26 [label = o3]
  20 -> 26
  27 [label = o4]
  21 -> 27
  28 [label = o5]
  14 -> 28
}

[133341333] New best score: 1.7477e+00
Graph: digraph {
  0 [label = i0]
  1 [label = i1]
  2 [label = i2]
  3 [label = i3]
  4 [label = i4]
  5 [label = i5]
  6 [label = "matmul"]
  2 -> 6 [color = red]
  0 -> 6 [color = blue]
  7 [label = "transpose"]
  6 -> 7
  8 [label = "add"]
  5 -> 8 [color = red]
  5 -> 8 [color = blue]
  9 [label = "transpose"]
  8 -> 9
  11 [label = "transpose"]
  7 -> 11
  15 [label = "add"]
  6 -> 15 [color = red]
  4 -> 15 [color = blue]
  17 [label = "inv"]
  9 -> 17
  19 [label = "matmul"]
  15 -> 19 [color = red]
  17 -> 19 [color = blue]
  23 [label = o0]
  19 -> 23
  24 [label = o1]
  1 -> 24
  25 [label = o2]
  9 -> 25
  26 [label = o3]
  5 -> 26
  27 [label = o4]
  11 -> 27
  28 [label = o5]
  19 -> 28
}

