Sanity check loss: 1.1180493160255696
[00016] New best score: 2.6929e+04
Graph: digraph {
  0 [label = i0]
  1 [label = i1]
  2 [label = i2]
  3 [label = i3]
  4 [label = i4]
  12 [label = o0]
  0 -> 12
  13 [label = o1]
  3 -> 13
  14 [label = o2]
  0 -> 14
}

[00019] New best score: 2.0742e+00
Graph: digraph {
  0 [label = i0]
  1 [label = i1]
  2 [label = i2]
  3 [label = i3]
  4 [label = i4]
  6 [label = "transpose"]
  2 -> 6
  9 [label = "transpose"]
  2 -> 9
  10 [label = "transpose"]
  9 -> 10
  11 [label = "minus"]
  9 -> 11 [color = red]
  10 -> 11 [color = blue]
  12 [label = o0]
  4 -> 12
  13 [label = o1]
  6 -> 13
  14 [label = o2]
  11 -> 14
}

[00148] New best score: 1.3746e+00
Graph: digraph {
  0 [label = i0]
  1 [label = i1]
  2 [label = i2]
  3 [label = i3]
  4 [label = i4]
  6 [label = "transpose"]
  1 -> 6
  7 [label = "transpose"]
  2 -> 7
  8 [label = "matmul"]
  4 -> 8 [color = red]
  7 -> 8 [color = blue]
  9 [label = "transpose"]
  6 -> 9
  12 [label = o0]
  8 -> 12
  13 [label = o1]
  9 -> 13
  14 [label = o2]
  0 -> 14
}

[1528700] New best score: 1.3746e+00
Graph: digraph {
  0 [label = i0]
  1 [label = i1]
  2 [label = i2]
  3 [label = i3]
  4 [label = i4]
  5 [label = "minus"]
  4 -> 5 [color = red]
  1 -> 5 [color = blue]
  7 [label = "minus"]
  4 -> 7 [color = red]
  5 -> 7 [color = blue]
  11 [label = "matmul"]
  2 -> 11 [color = red]
  4 -> 11 [color = blue]
  12 [label = o0]
  11 -> 12
  13 [label = o1]
  7 -> 13
  14 [label = o2]
  0 -> 14
}

[4926165] New best score: 1.2877e+00
Graph: digraph {
  0 [label = i0]
  1 [label = i1]
  2 [label = i2]
  3 [label = i3]
  4 [label = i4]
  5 [label = "transpose"]
  4 -> 5
  6 [label = "matmul"]
  1 -> 6 [color = red]
  0 -> 6 [color = blue]
  10 [label = "minus"]
  5 -> 10 [color = red]
  6 -> 10 [color = blue]
  11 [label = "add"]
  2 -> 11 [color = red]
  1 -> 11 [color = blue]
  12 [label = o0]
  6 -> 12
  13 [label = o1]
  11 -> 13
  14 [label = o2]
  10 -> 14
}

[13353650] New best score: -8.5635e+43
Graph: digraph {
  0 [label = i0]
  1 [label = i1]
  2 [label = i2]
  3 [label = i3]
  4 [label = i4]
  6 [label = "minus"]
  3 -> 6 [color = red]
  1 -> 6 [color = blue]
  9 [label = "matmul"]
  1 -> 9 [color = red]
  0 -> 9 [color = blue]
  10 [label = "add"]
  6 -> 10 [color = red]
  9 -> 10 [color = blue]
  11 [label = "add"]
  6 -> 11 [color = red]
  6 -> 11 [color = blue]
  12 [label = o0]
  4 -> 12
  13 [label = o1]
  11 -> 13
  14 [label = o2]
  10 -> 14
}

[30458819] New best score: -1.1467e+103
Graph: digraph {
  0 [label = i0]
  1 [label = i1]
  2 [label = i2]
  3 [label = i3]
  4 [label = i4]
  5 [label = "minus"]
  3 -> 5 [color = red]
  1 -> 5 [color = blue]
  6 [label = "matmul"]
  1 -> 6 [color = red]
  0 -> 6 [color = blue]
  10 [label = "minus"]
  5 -> 10 [color = red]
  1 -> 10 [color = blue]
  11 [label = "minus"]
  10 -> 11 [color = red]
  6 -> 11 [color = blue]
  12 [label = o0]
  4 -> 12
  13 [label = o1]
  10 -> 13
  14 [label = o2]
  11 -> 14
}

