Sanity check loss: 1.1180493160255696
[00023] New best score: 6.7386e+03
Graph: digraph {
  0 [label = i0]
  1 [label = i1]
  2 [label = i2]
  3 [label = i3]
  4 [label = i4]
  5 [label = "matmul"]
  1 -> 5 [color = red]
  2 -> 5 [color = blue]
  6 [label = "transpose"]
  4 -> 6
  11 [label = "minus"]
  6 -> 11 [color = red]
  5 -> 11 [color = blue]
  12 [label = o0]
  6 -> 12
  13 [label = o1]
  3 -> 13
  14 [label = o2]
  11 -> 14
}

[00038] New best score: 1.1522e+02
Graph: digraph {
  0 [label = i0]
  1 [label = i1]
  2 [label = i2]
  3 [label = i3]
  4 [label = i4]
  6 [label = "minus"]
  2 -> 6 [color = red]
  3 -> 6 [color = blue]
  12 [label = o0]
  4 -> 12
  13 [label = o1]
  6 -> 13
  14 [label = o2]
  1 -> 14
}

[00082] New best score: 3.4452e+00
Graph: digraph {
  0 [label = i0]
  1 [label = i1]
  2 [label = i2]
  3 [label = i3]
  4 [label = i4]
  5 [label = "add"]
  3 -> 5 [color = red]
  3 -> 5 [color = blue]
  10 [label = "transpose"]
  2 -> 10
  11 [label = "add"]
  5 -> 11 [color = red]
  10 -> 11 [color = blue]
  12 [label = o0]
  4 -> 12
  13 [label = o1]
  3 -> 13
  14 [label = o2]
  11 -> 14
}

[00092] New best score: 2.5695e+00
Graph: digraph {
  0 [label = i0]
  1 [label = i1]
  2 [label = i2]
  3 [label = i3]
  4 [label = i4]
  12 [label = o0]
  4 -> 12
  13 [label = o1]
  1 -> 13
  14 [label = o2]
  1 -> 14
}

[00100] New best score: 2.0868e+00
Graph: digraph {
  0 [label = i0]
  1 [label = i1]
  2 [label = i2]
  3 [label = i3]
  4 [label = i4]
  5 [label = "matmul"]
  2 -> 5 [color = red]
  2 -> 5 [color = blue]
  7 [label = "matmul"]
  3 -> 7 [color = red]
  5 -> 7 [color = blue]
  8 [label = "minus"]
  2 -> 8 [color = red]
  7 -> 8 [color = blue]
  10 [label = "matmul"]
  8 -> 10 [color = red]
  3 -> 10 [color = blue]
  12 [label = o0]
  4 -> 12
  13 [label = o1]
  3 -> 13
  14 [label = o2]
  10 -> 14
}

[00157] New best score: 2.0742e+00
Graph: digraph {
  0 [label = i0]
  1 [label = i1]
  2 [label = i2]
  3 [label = i3]
  4 [label = i4]
  5 [label = "minus"]
  2 -> 5 [color = red]
  2 -> 5 [color = blue]
  6 [label = "transpose"]
  5 -> 6
  12 [label = o0]
  4 -> 12
  13 [label = o1]
  3 -> 13
  14 [label = o2]
  6 -> 14
}

[00936] New best score: 2.0730e+00
Graph: digraph {
  0 [label = i0]
  1 [label = i1]
  2 [label = i2]
  3 [label = i3]
  4 [label = i4]
  12 [label = o0]
  4 -> 12
  13 [label = o1]
  2 -> 13
  14 [label = o2]
  2 -> 14
}

[02185] New best score: 2.0729e+00
Graph: digraph {
  0 [label = i0]
  1 [label = i1]
  2 [label = i2]
  3 [label = i3]
  4 [label = i4]
  6 [label = "transpose"]
  2 -> 6
  7 [label = "minus"]
  6 -> 7 [color = red]
  3 -> 7 [color = blue]
  8 [label = "matmul"]
  6 -> 8 [color = red]
  7 -> 8 [color = blue]
  12 [label = o0]
  4 -> 12
  13 [label = o1]
  2 -> 13
  14 [label = o2]
  8 -> 14
}

[02331] New best score: 2.0713e+00
Graph: digraph {
  0 [label = i0]
  1 [label = i1]
  2 [label = i2]
  3 [label = i3]
  4 [label = i4]
  5 [label = "matmul"]
  3 -> 5 [color = red]
  2 -> 5 [color = blue]
  6 [label = "matmul"]
  2 -> 6 [color = red]
  5 -> 6 [color = blue]
  10 [label = "transpose"]
  1 -> 10
  12 [label = o0]
  4 -> 12
  13 [label = o1]
  6 -> 13
  14 [label = o2]
  10 -> 14
}

[02349] New best score: 2.0704e+00
Graph: digraph {
  0 [label = i0]
  1 [label = i1]
  2 [label = i2]
  3 [label = i3]
  4 [label = i4]
  5 [label = "transpose"]
  2 -> 5
  6 [label = "transpose"]
  4 -> 6
  7 [label = "minus"]
  5 -> 7 [color = red]
  1 -> 7 [color = blue]
  9 [label = "transpose"]
  2 -> 9
  12 [label = o0]
  6 -> 12
  13 [label = o1]
  9 -> 13
  14 [label = o2]
  7 -> 14
}

[07786] New best score: 2.0693e+00
Graph: digraph {
  0 [label = i0]
  1 [label = i1]
  2 [label = i2]
  3 [label = i3]
  4 [label = i4]
  5 [label = "transpose"]
  2 -> 5
  7 [label = "matmul"]
  0 -> 7 [color = red]
  5 -> 7 [color = blue]
  12 [label = o0]
  4 -> 12
  13 [label = o1]
  5 -> 13
  14 [label = o2]
  7 -> 14
}

[16659] New best score: 1.3794e+00
Graph: digraph {
  0 [label = i0]
  1 [label = i1]
  2 [label = i2]
  3 [label = i3]
  4 [label = i4]
  8 [label = "matmul"]
  2 -> 8 [color = red]
  0 -> 8 [color = blue]
  12 [label = o0]
  8 -> 12
  13 [label = o1]
  1 -> 13
  14 [label = o2]
  4 -> 14
}

[73026] New best score: 1.3746e+00
Graph: digraph {
  0 [label = i0]
  1 [label = i1]
  2 [label = i2]
  3 [label = i3]
  4 [label = i4]
  9 [label = "transpose"]
  4 -> 9
  11 [label = "matmul"]
  2 -> 11 [color = red]
  9 -> 11 [color = blue]
  12 [label = o0]
  11 -> 12
  13 [label = o1]
  1 -> 13
  14 [label = o2]
  0 -> 14
}

[481767] New best score: 1.3746e+00
Graph: digraph {
  0 [label = i0]
  1 [label = i1]
  2 [label = i2]
  3 [label = i3]
  4 [label = i4]
  5 [label = "minus"]
  4 -> 5 [color = red]
  4 -> 5 [color = blue]
  6 [label = "add"]
  4 -> 6 [color = red]
  0 -> 6 [color = blue]
  7 [label = "matmul"]
  3 -> 7 [color = red]
  5 -> 7 [color = blue]
  8 [label = "add"]
  7 -> 8 [color = red]
  6 -> 8 [color = blue]
  9 [label = "matmul"]
  2 -> 9 [color = red]
  8 -> 9 [color = blue]
  10 [label = "transpose"]
  5 -> 10
  11 [label = "add"]
  10 -> 11 [color = red]
  9 -> 11 [color = blue]
  12 [label = o0]
  11 -> 12
  13 [label = o1]
  1 -> 13
  14 [label = o2]
  7 -> 14
}

[5530709] New best score: 1.3689e+00
Graph: digraph {
  0 [label = i0]
  1 [label = i1]
  2 [label = i2]
  3 [label = i3]
  4 [label = i4]
  5 [label = "matmul"]
  2 -> 5 [color = red]
  0 -> 5 [color = blue]
  7 [label = "transpose"]
  2 -> 7
  8 [label = "transpose"]
  7 -> 8
  9 [label = "matmul"]
  8 -> 9 [color = red]
  1 -> 9 [color = blue]
  11 [label = "add"]
  9 -> 11 [color = red]
  8 -> 11 [color = blue]
  12 [label = o0]
  5 -> 12
  13 [label = o1]
  11 -> 13
  14 [label = o2]
  4 -> 14
}

[6897801] New best score: 1.2031e+00
Graph: digraph {
  0 [label = i0]
  1 [label = i1]
  2 [label = i2]
  3 [label = i3]
  4 [label = i4]
  7 [label = "matmul"]
  1 -> 7 [color = red]
  0 -> 7 [color = blue]
  9 [label = "minus"]
  4 -> 9 [color = red]
  7 -> 9 [color = blue]
  11 [label = "add"]
  1 -> 11 [color = red]
  3 -> 11 [color = blue]
  12 [label = o0]
  7 -> 12
  13 [label = o1]
  11 -> 13
  14 [label = o2]
  9 -> 14
}

[60927213] New best score: -5.5522e+223
Graph: digraph {
  0 [label = i0]
  1 [label = i1]
  2 [label = i2]
  3 [label = i3]
  4 [label = i4]
  5 [label = "add"]
  1 -> 5 [color = red]
  1 -> 5 [color = blue]
  6 [label = "matmul"]
  4 -> 6 [color = red]
  1 -> 6 [color = blue]
  7 [label = "matmul"]
  5 -> 7 [color = red]
  0 -> 7 [color = blue]
  8 [label = "add"]
  2 -> 8 [color = red]
  7 -> 8 [color = blue]
  11 [label = "minus"]
  3 -> 11 [color = red]
  5 -> 11 [color = blue]
  12 [label = o0]
  6 -> 12
  13 [label = o1]
  11 -> 13
  14 [label = o2]
  8 -> 14
}

