Sanity check loss: 1.1180493160255696
[00017] New best score: 3.4119e+04
Graph: digraph {
  0 [label = i0]
  1 [label = i1]
  2 [label = i2]
  3 [label = i3]
  4 [label = i4]
  5 [label = "transpose"]
  1 -> 5
  6 [label = "minus"]
  5 -> 6 [color = red]
  4 -> 6 [color = blue]
  7 [label = "add"]
  5 -> 7 [color = red]
  4 -> 7 [color = blue]
  10 [label = "matmul"]
  2 -> 10 [color = red]
  4 -> 10 [color = blue]
  12 [label = o0]
  10 -> 12
  13 [label = o1]
  6 -> 13
  14 [label = o2]
  7 -> 14
}

[00023] New best score: 2.6929e+04
Graph: digraph {
  0 [label = i0]
  1 [label = i1]
  2 [label = i2]
  3 [label = i3]
  4 [label = i4]
  9 [label = "transpose"]
  1 -> 9
  10 [label = "matmul"]
  1 -> 10 [color = red]
  0 -> 10 [color = blue]
  12 [label = o0]
  0 -> 12
  13 [label = o1]
  9 -> 13
  14 [label = o2]
  10 -> 14
}

[00027] New best score: 1.7801e+03
Graph: digraph {
  0 [label = i0]
  1 [label = i1]
  2 [label = i2]
  3 [label = i3]
  4 [label = i4]
  12 [label = o0]
  4 -> 12
  13 [label = o1]
  3 -> 13
  14 [label = o2]
  4 -> 14
}

[00060] New best score: 2.1299e+00
Graph: digraph {
  0 [label = i0]
  1 [label = i1]
  2 [label = i2]
  3 [label = i3]
  4 [label = i4]
  12 [label = o0]
  4 -> 12
  13 [label = o1]
  3 -> 13
  14 [label = o2]
  2 -> 14
}

[00134] New best score: 2.0730e+00
Graph: digraph {
  0 [label = i0]
  1 [label = i1]
  2 [label = i2]
  3 [label = i3]
  4 [label = i4]
  8 [label = "transpose"]
  4 -> 8
  9 [label = "transpose"]
  2 -> 9
  12 [label = o0]
  8 -> 12
  13 [label = o1]
  9 -> 13
  14 [label = o2]
  9 -> 14
}

[00657] New best score: 2.0703e+00
Graph: digraph {
  0 [label = i0]
  1 [label = i1]
  2 [label = i2]
  3 [label = i3]
  4 [label = i4]
  7 [label = "transpose"]
  2 -> 7
  10 [label = "transpose"]
  7 -> 10
  11 [label = "minus"]
  2 -> 11 [color = red]
  3 -> 11 [color = blue]
  12 [label = o0]
  4 -> 12
  13 [label = o1]
  10 -> 13
  14 [label = o2]
  11 -> 14
}

[05868] New best score: 1.3794e+00
Graph: digraph {
  0 [label = i0]
  1 [label = i1]
  2 [label = i2]
  3 [label = i3]
  4 [label = i4]
  5 [label = "add"]
  0 -> 5 [color = red]
  4 -> 5 [color = blue]
  7 [label = "add"]
  5 -> 7 [color = red]
  0 -> 7 [color = blue]
  10 [label = "minus"]
  7 -> 10 [color = red]
  7 -> 10 [color = blue]
  12 [label = o0]
  10 -> 12
  13 [label = o1]
  1 -> 13
  14 [label = o2]
  5 -> 14
}

[32707] New best score: 1.3746e+00
Graph: digraph {
  0 [label = i0]
  1 [label = i1]
  2 [label = i2]
  3 [label = i3]
  4 [label = i4]
  11 [label = "matmul"]
  2 -> 11 [color = red]
  4 -> 11 [color = blue]
  12 [label = o0]
  11 -> 12
  13 [label = o1]
  1 -> 13
  14 [label = o2]
  0 -> 14
}

[647242] New best score: 1.2877e+00
Graph: digraph {
  0 [label = i0]
  1 [label = i1]
  2 [label = i2]
  3 [label = i3]
  4 [label = i4]
  5 [label = "matmul"]
  1 -> 5 [color = red]
  0 -> 5 [color = blue]
  8 [label = "minus"]
  4 -> 8 [color = red]
  5 -> 8 [color = blue]
  9 [label = "add"]
  2 -> 9 [color = red]
  1 -> 9 [color = blue]
  12 [label = o0]
  5 -> 12
  13 [label = o1]
  9 -> 13
  14 [label = o2]
  8 -> 14
}

[16025207] New best score: 1.2864e+00
Graph: digraph {
  0 [label = i0]
  1 [label = i1]
  2 [label = i2]
  3 [label = i3]
  4 [label = i4]
  6 [label = "matmul"]
  2 -> 6 [color = red]
  0 -> 6 [color = blue]
  8 [label = "matmul"]
  2 -> 8 [color = red]
  6 -> 8 [color = blue]
  11 [label = "add"]
  2 -> 11 [color = red]
  1 -> 11 [color = blue]
  12 [label = o0]
  8 -> 12
  13 [label = o1]
  11 -> 13
  14 [label = o2]
  4 -> 14
}

[19619402] New best score: -3.5184e+11
Graph: digraph {
  0 [label = i0]
  1 [label = i1]
  2 [label = i2]
  3 [label = i3]
  4 [label = i4]
  5 [label = "minus"]
  1 -> 5 [color = red]
  0 -> 5 [color = blue]
  6 [label = "minus"]
  3 -> 6 [color = red]
  1 -> 6 [color = blue]
  7 [label = "add"]
  6 -> 7 [color = red]
  6 -> 7 [color = blue]
  10 [label = "matmul"]
  1 -> 10 [color = red]
  5 -> 10 [color = blue]
  12 [label = o0]
  4 -> 12
  13 [label = o1]
  7 -> 13
  14 [label = o2]
  10 -> 14
}

[48917922] New best score: -6.8437e+191
Graph: digraph {
  0 [label = i0]
  1 [label = i1]
  2 [label = i2]
  3 [label = i3]
  4 [label = i4]
  5 [label = "add"]
  1 -> 5 [color = red]
  1 -> 5 [color = blue]
  6 [label = "minus"]
  5 -> 6 [color = red]
  2 -> 6 [color = blue]
  7 [label = "minus"]
  6 -> 7 [color = red]
  0 -> 7 [color = blue]
  8 [label = "matmul"]
  5 -> 8 [color = red]
  7 -> 8 [color = blue]
  9 [label = "minus"]
  3 -> 9 [color = red]
  5 -> 9 [color = blue]
  12 [label = o0]
  4 -> 12
  13 [label = o1]
  9 -> 13
  14 [label = o2]
  8 -> 14
}

