Sanity check loss: 1.1180493160255696
[00015] New best score: 2.5666e+04
Graph: digraph {
  0 [label = i0]
  1 [label = i1]
  2 [label = i2]
  3 [label = i3]
  4 [label = i4]
  5 [label = "matmul"]
  3 -> 5 [color = red]
  1 -> 5 [color = blue]
  7 [label = "matmul"]
  3 -> 7 [color = red]
  3 -> 7 [color = blue]
  8 [label = "matmul"]
  5 -> 8 [color = red]
  4 -> 8 [color = blue]
  12 [label = o0]
  8 -> 12
  13 [label = o1]
  7 -> 13
  14 [label = o2]
  4 -> 14
}

[00023] New best score: 2.0742e+00
Graph: digraph {
  0 [label = i0]
  1 [label = i1]
  2 [label = i2]
  3 [label = i3]
  4 [label = i4]
  5 [label = "minus"]
  3 -> 5 [color = red]
  3 -> 5 [color = blue]
  12 [label = o0]
  4 -> 12
  13 [label = o1]
  5 -> 13
  14 [label = o2]
  4 -> 14
}

[00124] New best score: 1.3794e+00
Graph: digraph {
  0 [label = i0]
  1 [label = i1]
  2 [label = i2]
  3 [label = i3]
  4 [label = i4]
  5 [label = "transpose"]
  4 -> 5
  9 [label = "matmul"]
  2 -> 9 [color = red]
  0 -> 9 [color = blue]
  12 [label = o0]
  9 -> 12
  13 [label = o1]
  1 -> 13
  14 [label = o2]
  5 -> 14
}

[10353] New best score: 1.3794e+00
Graph: digraph {
  0 [label = i0]
  1 [label = i1]
  2 [label = i2]
  3 [label = i3]
  4 [label = i4]
  5 [label = "add"]
  0 -> 5 [color = red]
  4 -> 5 [color = blue]
  6 [label = "minus"]
  0 -> 6 [color = red]
  5 -> 6 [color = blue]
  7 [label = "minus"]
  1 -> 7 [color = red]
  1 -> 7 [color = blue]
  11 [label = "matmul"]
  7 -> 11 [color = red]
  6 -> 11 [color = blue]
  12 [label = o0]
  11 -> 12
  13 [label = o1]
  1 -> 13
  14 [label = o2]
  5 -> 14
}

[17758] New best score: 1.3746e+00
Graph: digraph {
  0 [label = i0]
  1 [label = i1]
  2 [label = i2]
  3 [label = i3]
  4 [label = i4]
  8 [label = "matmul"]
  2 -> 8 [color = red]
  4 -> 8 [color = blue]
  9 [label = "transpose"]
  8 -> 9
  12 [label = o0]
  9 -> 12
  13 [label = o1]
  1 -> 13
  14 [label = o2]
  0 -> 14
}

[883956] New best score: 1.3746e+00
Graph: digraph {
  0 [label = i0]
  1 [label = i1]
  2 [label = i2]
  3 [label = i3]
  4 [label = i4]
  5 [label = "add"]
  4 -> 5 [color = red]
  0 -> 5 [color = blue]
  6 [label = "matmul"]
  2 -> 6 [color = red]
  5 -> 6 [color = blue]
  8 [label = "minus"]
  6 -> 8 [color = red]
  6 -> 8 [color = blue]
  12 [label = o0]
  6 -> 12
  13 [label = o1]
  1 -> 13
  14 [label = o2]
  8 -> 14
}

[4900068] New best score: 1.2651e+00
Graph: digraph {
  0 [label = i0]
  1 [label = i1]
  2 [label = i2]
  3 [label = i3]
  4 [label = i4]
  5 [label = "transpose"]
  1 -> 5
  6 [label = "matmul"]
  0 -> 6 [color = red]
  5 -> 6 [color = blue]
  8 [label = "transpose"]
  2 -> 8
  9 [label = "transpose"]
  5 -> 9
  10 [label = "minus"]
  4 -> 10 [color = red]
  6 -> 10 [color = blue]
  11 [label = "add"]
  9 -> 11 [color = red]
  8 -> 11 [color = blue]
  12 [label = o0]
  6 -> 12
  13 [label = o1]
  11 -> 13
  14 [label = o2]
  10 -> 14
}

[35663066] New best score: 1.2031e+00
Graph: digraph {
  0 [label = i0]
  1 [label = i1]
  2 [label = i2]
  3 [label = i3]
  4 [label = i4]
  5 [label = "add"]
  1 -> 5 [color = red]
  3 -> 5 [color = blue]
  7 [label = "transpose"]
  1 -> 7
  8 [label = "matmul"]
  0 -> 8 [color = red]
  7 -> 8 [color = blue]
  10 [label = "minus"]
  4 -> 10 [color = red]
  8 -> 10 [color = blue]
  12 [label = o0]
  8 -> 12
  13 [label = o1]
  5 -> 13
  14 [label = o2]
  10 -> 14
}

