Sanity check loss: 1.1180493160255696
[00004] New best score: 1.4124e+08
Graph: digraph {
  0 [label = i0]
  1 [label = i1]
  2 [label = i2]
  3 [label = i3]
  4 [label = i4]
  7 [label = "add"]
  0 -> 7 [color = red]
  4 -> 7 [color = blue]
  12 [label = o0]
  7 -> 12
  13 [label = o1]
  1 -> 13
  14 [label = o2]
  4 -> 14
}

[00007] New best score: 2.0821e+00
Graph: digraph {
  0 [label = i0]
  1 [label = i1]
  2 [label = i2]
  3 [label = i3]
  4 [label = i4]
  12 [label = o0]
  4 -> 12
  13 [label = o1]
  2 -> 13
  14 [label = o2]
  1 -> 14
}

[00083] New best score: 2.0730e+00
Graph: digraph {
  0 [label = i0]
  1 [label = i1]
  2 [label = i2]
  3 [label = i3]
  4 [label = i4]
  12 [label = o0]
  4 -> 12
  13 [label = o1]
  2 -> 13
  14 [label = o2]
  2 -> 14
}

[02242] New best score: 2.0669e+00
Graph: digraph {
  0 [label = i0]
  1 [label = i1]
  2 [label = i2]
  3 [label = i3]
  4 [label = i4]
  5 [label = "transpose"]
  2 -> 5
  6 [label = "add"]
  4 -> 6 [color = red]
  5 -> 6 [color = blue]
  8 [label = "matmul"]
  2 -> 8 [color = red]
  5 -> 8 [color = blue]
  11 [label = "minus"]
  2 -> 11 [color = red]
  6 -> 11 [color = blue]
  12 [label = o0]
  4 -> 12
  13 [label = o1]
  8 -> 13
  14 [label = o2]
  11 -> 14
}

[04028] New best score: 2.0146e+00
Graph: digraph {
  0 [label = i0]
  1 [label = i1]
  2 [label = i2]
  3 [label = i3]
  4 [label = i4]
  5 [label = "add"]
  0 -> 5 [color = red]
  1 -> 5 [color = blue]
  7 [label = "minus"]
  5 -> 7 [color = red]
  4 -> 7 [color = blue]
  11 [label = "minus"]
  7 -> 11 [color = red]
  2 -> 11 [color = blue]
  12 [label = o0]
  4 -> 12
  13 [label = o1]
  2 -> 13
  14 [label = o2]
  11 -> 14
}

[10561] New best score: 1.3794e+00
Graph: digraph {
  0 [label = i0]
  1 [label = i1]
  2 [label = i2]
  3 [label = i3]
  4 [label = i4]
  5 [label = "matmul"]
  2 -> 5 [color = red]
  0 -> 5 [color = blue]
  12 [label = o0]
  5 -> 12
  13 [label = o1]
  1 -> 13
  14 [label = o2]
  4 -> 14
}

[130638] New best score: 1.3746e+00
Graph: digraph {
  0 [label = i0]
  1 [label = i1]
  2 [label = i2]
  3 [label = i3]
  4 [label = i4]
  11 [label = "matmul"]
  2 -> 11 [color = red]
  4 -> 11 [color = blue]
  12 [label = o0]
  11 -> 12
  13 [label = o1]
  1 -> 13
  14 [label = o2]
  0 -> 14
}

[2707075] New best score: 1.3746e+00
Graph: digraph {
  0 [label = i0]
  1 [label = i1]
  2 [label = i2]
  3 [label = i3]
  4 [label = i4]
  6 [label = "matmul"]
  2 -> 6 [color = red]
  4 -> 6 [color = blue]
  7 [label = "minus"]
  0 -> 7 [color = red]
  6 -> 7 [color = blue]
  8 [label = "minus"]
  0 -> 8 [color = red]
  7 -> 8 [color = blue]
  12 [label = o0]
  8 -> 12
  13 [label = o1]
  1 -> 13
  14 [label = o2]
  0 -> 14
}

[4667985] New best score: 1.3746e+00
Graph: digraph {
  0 [label = i0]
  1 [label = i1]
  2 [label = i2]
  3 [label = i3]
  4 [label = i4]
  5 [label = "minus"]
  1 -> 5 [color = red]
  4 -> 5 [color = blue]
  6 [label = "matmul"]
  2 -> 6 [color = red]
  4 -> 6 [color = blue]
  8 [label = "add"]
  5 -> 8 [color = red]
  4 -> 8 [color = blue]
  12 [label = o0]
  6 -> 12
  13 [label = o1]
  8 -> 13
  14 [label = o2]
  0 -> 14
}

[5521650] New best score: 1.2878e+00
Graph: digraph {
  0 [label = i0]
  1 [label = i1]
  2 [label = i2]
  3 [label = i3]
  4 [label = i4]
  5 [label = "matmul"]
  2 -> 5 [color = red]
  0 -> 5 [color = blue]
  6 [label = "transpose"]
  5 -> 6
  7 [label = "matmul"]
  2 -> 7 [color = red]
  4 -> 7 [color = blue]
  8 [label = "add"]
  1 -> 8 [color = red]
  2 -> 8 [color = blue]
  11 [label = "transpose"]
  6 -> 11
  12 [label = o0]
  7 -> 12
  13 [label = o1]
  8 -> 13
  14 [label = o2]
  11 -> 14
}

[37291485] New best score: 1.2864e+00
Graph: digraph {
  0 [label = i0]
  1 [label = i1]
  2 [label = i2]
  3 [label = i3]
  4 [label = i4]
  6 [label = "add"]
  2 -> 6 [color = red]
  1 -> 6 [color = blue]
  7 [label = "matmul"]
  2 -> 7 [color = red]
  0 -> 7 [color = blue]
  11 [label = "matmul"]
  2 -> 11 [color = red]
  7 -> 11 [color = blue]
  12 [label = o0]
  11 -> 12
  13 [label = o1]
  6 -> 13
  14 [label = o2]
  4 -> 14
}

[45933064] New best score: 1.2031e+00
Graph: digraph {
  0 [label = i0]
  1 [label = i1]
  2 [label = i2]
  3 [label = i3]
  4 [label = i4]
  5 [label = "matmul"]
  1 -> 5 [color = red]
  0 -> 5 [color = blue]
  7 [label = "minus"]
  4 -> 7 [color = red]
  5 -> 7 [color = blue]
  9 [label = "add"]
  3 -> 9 [color = red]
  1 -> 9 [color = blue]
  12 [label = o0]
  5 -> 12
  13 [label = o1]
  9 -> 13
  14 [label = o2]
  7 -> 14
}

