Sanity check loss: 1.1180493160255696
[00020] New best score: 1.6659e+07
Graph: digraph {
  0 [label = i0]
  1 [label = i1]
  2 [label = i2]
  3 [label = i3]
  4 [label = i4]
  6 [label = "transpose"]
  4 -> 6
  7 [label = "transpose"]
  2 -> 7
  8 [label = "matmul"]
  6 -> 8 [color = red]
  7 -> 8 [color = blue]
  9 [label = "add"]
  3 -> 9 [color = red]
  8 -> 9 [color = blue]
  11 [label = "minus"]
  1 -> 11 [color = red]
  9 -> 11 [color = blue]
  12 [label = o0]
  8 -> 12
  13 [label = o1]
  11 -> 13
  14 [label = o2]
  0 -> 14
}

[00021] New best score: 2.6929e+04
Graph: digraph {
  0 [label = i0]
  1 [label = i1]
  2 [label = i2]
  3 [label = i3]
  4 [label = i4]
  5 [label = "minus"]
  3 -> 5 [color = red]
  2 -> 5 [color = blue]
  6 [label = "matmul"]
  5 -> 6 [color = red]
  4 -> 6 [color = blue]
  7 [label = "minus"]
  0 -> 7 [color = red]
  6 -> 7 [color = blue]
  8 [label = "add"]
  6 -> 8 [color = red]
  7 -> 8 [color = blue]
  12 [label = o0]
  8 -> 12
  13 [label = o1]
  1 -> 13
  14 [label = o2]
  8 -> 14
}

[00032] New best score: 6.6256e+03
Graph: digraph {
  0 [label = i0]
  1 [label = i1]
  2 [label = i2]
  3 [label = i3]
  4 [label = i4]
  5 [label = "minus"]
  0 -> 5 [color = red]
  0 -> 5 [color = blue]
  6 [label = "matmul"]
  5 -> 6 [color = red]
  3 -> 6 [color = blue]
  8 [label = "minus"]
  5 -> 8 [color = red]
  5 -> 8 [color = blue]
  9 [label = "add"]
  8 -> 9 [color = red]
  1 -> 9 [color = blue]
  12 [label = o0]
  6 -> 12
  13 [label = o1]
  9 -> 13
  14 [label = o2]
  4 -> 14
}

[00059] New best score: 2.2549e+00
Graph: digraph {
  0 [label = i0]
  1 [label = i1]
  2 [label = i2]
  3 [label = i3]
  4 [label = i4]
  5 [label = "minus"]
  1 -> 5 [color = red]
  3 -> 5 [color = blue]
  6 [label = "minus"]
  2 -> 6 [color = red]
  5 -> 6 [color = blue]
  9 [label = "matmul"]
  6 -> 9 [color = red]
  1 -> 9 [color = blue]
  11 [label = "matmul"]
  9 -> 11 [color = red]
  1 -> 11 [color = blue]
  12 [label = o0]
  4 -> 12
  13 [label = o1]
  1 -> 13
  14 [label = o2]
  11 -> 14
}

[00145] New best score: 2.1299e+00
Graph: digraph {
  0 [label = i0]
  1 [label = i1]
  2 [label = i2]
  3 [label = i3]
  4 [label = i4]
  5 [label = "transpose"]
  2 -> 5
  8 [label = "transpose"]
  3 -> 8
  11 [label = "transpose"]
  8 -> 11
  12 [label = o0]
  4 -> 12
  13 [label = o1]
  11 -> 13
  14 [label = o2]
  5 -> 14
}

[00736] New best score: 2.0794e+00
Graph: digraph {
  0 [label = i0]
  1 [label = i1]
  2 [label = i2]
  3 [label = i3]
  4 [label = i4]
  12 [label = o0]
  4 -> 12
  13 [label = o1]
  2 -> 13
  14 [label = o2]
  3 -> 14
}

[00919] New best score: 2.0730e+00
Graph: digraph {
  0 [label = i0]
  1 [label = i1]
  2 [label = i2]
  3 [label = i3]
  4 [label = i4]
  12 [label = o0]
  4 -> 12
  13 [label = o1]
  2 -> 13
  14 [label = o2]
  2 -> 14
}

[01410] New best score: 2.0018e+00
Graph: digraph {
  0 [label = i0]
  1 [label = i1]
  2 [label = i2]
  3 [label = i3]
  4 [label = i4]
  6 [label = "minus"]
  0 -> 6 [color = red]
  4 -> 6 [color = blue]
  12 [label = o0]
  4 -> 12
  13 [label = o1]
  2 -> 13
  14 [label = o2]
  6 -> 14
}

[20393] New best score: 1.3794e+00
Graph: digraph {
  0 [label = i0]
  1 [label = i1]
  2 [label = i2]
  3 [label = i3]
  4 [label = i4]
  5 [label = "matmul"]
  2 -> 5 [color = red]
  0 -> 5 [color = blue]
  12 [label = o0]
  5 -> 12
  13 [label = o1]
  1 -> 13
  14 [label = o2]
  4 -> 14
}

[32621] New best score: 1.3746e+00
Graph: digraph {
  0 [label = i0]
  1 [label = i1]
  2 [label = i2]
  3 [label = i3]
  4 [label = i4]
  9 [label = "matmul"]
  2 -> 9 [color = red]
  4 -> 9 [color = blue]
  11 [label = "transpose"]
  0 -> 11
  12 [label = o0]
  9 -> 12
  13 [label = o1]
  1 -> 13
  14 [label = o2]
  11 -> 14
}

[3208722] New best score: 1.3525e+00
Graph: digraph {
  0 [label = i0]
  1 [label = i1]
  2 [label = i2]
  3 [label = i3]
  4 [label = i4]
  6 [label = "matmul"]
  1 -> 6 [color = red]
  0 -> 6 [color = blue]
  7 [label = "minus"]
  4 -> 7 [color = red]
  6 -> 7 [color = blue]
  10 [label = "transpose"]
  1 -> 10
  12 [label = o0]
  6 -> 12
  13 [label = o1]
  10 -> 13
  14 [label = o2]
  7 -> 14
}

[6096800] New best score: -9.9035e+25
Graph: digraph {
  0 [label = i0]
  1 [label = i1]
  2 [label = i2]
  3 [label = i3]
  4 [label = i4]
  5 [label = "transpose"]
  1 -> 5
  6 [label = "add"]
  0 -> 6 [color = red]
  2 -> 6 [color = blue]
  7 [label = "add"]
  6 -> 7 [color = red]
  0 -> 7 [color = blue]
  8 [label = "transpose"]
  7 -> 8
  9 [label = "minus"]
  3 -> 9 [color = red]
  1 -> 9 [color = blue]
  10 [label = "add"]
  9 -> 10 [color = red]
  3 -> 10 [color = blue]
  11 [label = "matmul"]
  5 -> 11 [color = red]
  8 -> 11 [color = blue]
  12 [label = o0]
  4 -> 12
  13 [label = o1]
  10 -> 13
  14 [label = o2]
  11 -> 14
}

