Sanity check loss: 1.1180493160255696
[00011] New best score: 1.6448e+07
Graph: digraph {
  0 [label = i0]
  1 [label = i1]
  2 [label = i2]
  3 [label = i3]
  4 [label = i4]
  5 [label = "transpose"]
  4 -> 5
  6 [label = "add"]
  5 -> 6 [color = red]
  4 -> 6 [color = blue]
  8 [label = "transpose"]
  3 -> 8
  12 [label = o0]
  0 -> 12
  13 [label = o1]
  8 -> 13
  14 [label = o2]
  6 -> 14
}

[00019] New best score: 2.6929e+04
Graph: digraph {
  0 [label = i0]
  1 [label = i1]
  2 [label = i2]
  3 [label = i3]
  4 [label = i4]
  5 [label = "minus"]
  4 -> 5 [color = red]
  4 -> 5 [color = blue]
  6 [label = "add"]
  5 -> 6 [color = red]
  2 -> 6 [color = blue]
  8 [label = "transpose"]
  5 -> 8
  12 [label = o0]
  5 -> 12
  13 [label = o1]
  6 -> 13
  14 [label = o2]
  8 -> 14
}

[00035] New best score: 2.0997e+00
Graph: digraph {
  0 [label = i0]
  1 [label = i1]
  2 [label = i2]
  3 [label = i3]
  4 [label = i4]
  5 [label = "transpose"]
  0 -> 5
  6 [label = "matmul"]
  2 -> 6 [color = red]
  5 -> 6 [color = blue]
  9 [label = "minus"]
  1 -> 9 [color = red]
  6 -> 9 [color = blue]
  10 [label = "matmul"]
  9 -> 10 [color = red]
  1 -> 10 [color = blue]
  12 [label = o0]
  4 -> 12
  13 [label = o1]
  2 -> 13
  14 [label = o2]
  10 -> 14
}

[00041] New best score: 2.0730e+00
Graph: digraph {
  0 [label = i0]
  1 [label = i1]
  2 [label = i2]
  3 [label = i3]
  4 [label = i4]
  12 [label = o0]
  4 -> 12
  13 [label = o1]
  2 -> 13
  14 [label = o2]
  2 -> 14
}

[01149] New best score: 2.0718e+00
Graph: digraph {
  0 [label = i0]
  1 [label = i1]
  2 [label = i2]
  3 [label = i3]
  4 [label = i4]
  9 [label = "transpose"]
  4 -> 9
  10 [label = "transpose"]
  2 -> 10
  11 [label = "matmul"]
  10 -> 11 [color = red]
  10 -> 11 [color = blue]
  12 [label = o0]
  9 -> 12
  13 [label = o1]
  11 -> 13
  14 [label = o2]
  2 -> 14
}

[02948] New best score: 2.0018e+00
Graph: digraph {
  0 [label = i0]
  1 [label = i1]
  2 [label = i2]
  3 [label = i3]
  4 [label = i4]
  6 [label = "transpose"]
  4 -> 6
  8 [label = "transpose"]
  4 -> 8
  9 [label = "minus"]
  0 -> 9 [color = red]
  8 -> 9 [color = blue]
  12 [label = o0]
  6 -> 12
  13 [label = o1]
  2 -> 13
  14 [label = o2]
  9 -> 14
}

[11424] New best score: 1.3746e+00
Graph: digraph {
  0 [label = i0]
  1 [label = i1]
  2 [label = i2]
  3 [label = i3]
  4 [label = i4]
  5 [label = "matmul"]
  2 -> 5 [color = red]
  4 -> 5 [color = blue]
  12 [label = o0]
  5 -> 12
  13 [label = o1]
  1 -> 13
  14 [label = o2]
  0 -> 14
}

[1070130] New best score: 1.3733e+00
Graph: digraph {
  0 [label = i0]
  1 [label = i1]
  2 [label = i2]
  3 [label = i3]
  4 [label = i4]
  5 [label = "matmul"]
  2 -> 5 [color = red]
  1 -> 5 [color = blue]
  6 [label = "add"]
  5 -> 6 [color = red]
  2 -> 6 [color = blue]
  8 [label = "matmul"]
  2 -> 8 [color = red]
  4 -> 8 [color = blue]
  12 [label = o0]
  8 -> 12
  13 [label = o1]
  6 -> 13
  14 [label = o2]
  0 -> 14
}

[8708242] New best score: 1.3525e+00
Graph: digraph {
  0 [label = i0]
  1 [label = i1]
  2 [label = i2]
  3 [label = i3]
  4 [label = i4]
  6 [label = "matmul"]
  1 -> 6 [color = red]
  0 -> 6 [color = blue]
  8 [label = "transpose"]
  1 -> 8
  11 [label = "minus"]
  4 -> 11 [color = red]
  6 -> 11 [color = blue]
  12 [label = o0]
  6 -> 12
  13 [label = o1]
  8 -> 13
  14 [label = o2]
  11 -> 14
}

[9509957] New best score: 1.2031e+00
Graph: digraph {
  0 [label = i0]
  1 [label = i1]
  2 [label = i2]
  3 [label = i3]
  4 [label = i4]
  5 [label = "matmul"]
  1 -> 5 [color = red]
  0 -> 5 [color = blue]
  7 [label = "add"]
  3 -> 7 [color = red]
  1 -> 7 [color = blue]
  10 [label = "minus"]
  4 -> 10 [color = red]
  5 -> 10 [color = blue]
  12 [label = o0]
  5 -> 12
  13 [label = o1]
  7 -> 13
  14 [label = o2]
  10 -> 14
}

[69930565] New best score: -5.7469e+51
Graph: digraph {
  0 [label = i0]
  1 [label = i1]
  2 [label = i2]
  3 [label = i3]
  4 [label = i4]
  5 [label = "matmul"]
  4 -> 5 [color = red]
  4 -> 5 [color = blue]
  9 [label = "minus"]
  5 -> 9 [color = red]
  2 -> 9 [color = blue]
  10 [label = "minus"]
  9 -> 10 [color = red]
  2 -> 10 [color = blue]
  11 [label = "add"]
  3 -> 11 [color = red]
  0 -> 11 [color = blue]
  12 [label = o0]
  4 -> 12
  13 [label = o1]
  10 -> 13
  14 [label = o2]
  11 -> 14
}

