Sanity check loss: 1.1180493160255696
[00001] New best score: 2.7018e+04
Graph: digraph {
  0 [label = i0]
  1 [label = i1]
  2 [label = i2]
  3 [label = i3]
  4 [label = i4]
  8 [label = "transpose"]
  1 -> 8
  9 [label = "add"]
  8 -> 9 [color = red]
  4 -> 9 [color = blue]
  11 [label = "add"]
  0 -> 11 [color = red]
  1 -> 11 [color = blue]
  12 [label = o0]
  4 -> 12
  13 [label = o1]
  11 -> 13
  14 [label = o2]
  9 -> 14
}

[00008] New best score: 2.6533e+00
Graph: digraph {
  0 [label = i0]
  1 [label = i1]
  2 [label = i2]
  3 [label = i3]
  4 [label = i4]
  7 [label = "transpose"]
  1 -> 7
  9 [label = "transpose"]
  7 -> 9
  10 [label = "transpose"]
  4 -> 10
  12 [label = o0]
  10 -> 12
  13 [label = o1]
  7 -> 13
  14 [label = o2]
  9 -> 14
}

[00027] New best score: 2.0742e+00
Graph: digraph {
  0 [label = i0]
  1 [label = i1]
  2 [label = i2]
  3 [label = i3]
  4 [label = i4]
  6 [label = "transpose"]
  1 -> 6
  7 [label = "minus"]
  3 -> 7 [color = red]
  3 -> 7 [color = blue]
  8 [label = "matmul"]
  7 -> 8 [color = red]
  7 -> 8 [color = blue]
  10 [label = "transpose"]
  6 -> 10
  12 [label = o0]
  4 -> 12
  13 [label = o1]
  8 -> 13
  14 [label = o2]
  10 -> 14
}

[00067] New best score: 2.0730e+00
Graph: digraph {
  0 [label = i0]
  1 [label = i1]
  2 [label = i2]
  3 [label = i3]
  4 [label = i4]
  5 [label = "minus"]
  2 -> 5 [color = red]
  3 -> 5 [color = blue]
  9 [label = "add"]
  3 -> 9 [color = red]
  5 -> 9 [color = blue]
  12 [label = o0]
  4 -> 12
  13 [label = o1]
  9 -> 13
  14 [label = o2]
  2 -> 14
}

[01641] New best score: 2.0721e+00
Graph: digraph {
  0 [label = i0]
  1 [label = i1]
  2 [label = i2]
  3 [label = i3]
  4 [label = i4]
  5 [label = "matmul"]
  1 -> 5 [color = red]
  2 -> 5 [color = blue]
  6 [label = "add"]
  5 -> 6 [color = red]
  2 -> 6 [color = blue]
  8 [label = "minus"]
  6 -> 8 [color = red]
  1 -> 8 [color = blue]
  12 [label = o0]
  4 -> 12
  13 [label = o1]
  6 -> 13
  14 [label = o2]
  8 -> 14
}

[02675] New best score: 2.0018e+00
Graph: digraph {
  0 [label = i0]
  1 [label = i1]
  2 [label = i2]
  3 [label = i3]
  4 [label = i4]
  5 [label = "transpose"]
  4 -> 5
  6 [label = "minus"]
  0 -> 6 [color = red]
  4 -> 6 [color = blue]
  12 [label = o0]
  5 -> 12
  13 [label = o1]
  2 -> 13
  14 [label = o2]
  6 -> 14
}

[07623] New best score: 1.3794e+00
Graph: digraph {
  0 [label = i0]
  1 [label = i1]
  2 [label = i2]
  3 [label = i3]
  4 [label = i4]
  10 [label = "matmul"]
  2 -> 10 [color = red]
  0 -> 10 [color = blue]
  12 [label = o0]
  10 -> 12
  13 [label = o1]
  1 -> 13
  14 [label = o2]
  4 -> 14
}

[51428] New best score: 1.3746e+00
Graph: digraph {
  0 [label = i0]
  1 [label = i1]
  2 [label = i2]
  3 [label = i3]
  4 [label = i4]
  5 [label = "matmul"]
  2 -> 5 [color = red]
  4 -> 5 [color = blue]
  12 [label = o0]
  5 -> 12
  13 [label = o1]
  1 -> 13
  14 [label = o2]
  0 -> 14
}

[93666] New best score: -2.2935e+103
Graph: digraph {
  0 [label = i0]
  1 [label = i1]
  2 [label = i2]
  3 [label = i3]
  4 [label = i4]
  5 [label = "add"]
  1 -> 5 [color = red]
  1 -> 5 [color = blue]
  6 [label = "matmul"]
  3 -> 6 [color = red]
  3 -> 6 [color = blue]
  8 [label = "add"]
  2 -> 8 [color = red]
  0 -> 8 [color = blue]
  10 [label = "matmul"]
  1 -> 10 [color = red]
  8 -> 10 [color = blue]
  11 [label = "minus"]
  6 -> 11 [color = red]
  5 -> 11 [color = blue]
  12 [label = o0]
  4 -> 12
  13 [label = o1]
  11 -> 13
  14 [label = o2]
  10 -> 14
}

[62358473] New best score: -2.2209e+224
Graph: digraph {
  0 [label = i0]
  1 [label = i1]
  2 [label = i2]
  3 [label = i3]
  4 [label = i4]
  5 [label = "matmul"]
  4 -> 5 [color = red]
  1 -> 5 [color = blue]
  6 [label = "add"]
  1 -> 6 [color = red]
  1 -> 6 [color = blue]
  7 [label = "matmul"]
  6 -> 7 [color = red]
  0 -> 7 [color = blue]
  8 [label = "minus"]
  3 -> 8 [color = red]
  6 -> 8 [color = blue]
  9 [label = "minus"]
  7 -> 9 [color = red]
  6 -> 9 [color = blue]
  12 [label = o0]
  5 -> 12
  13 [label = o1]
  8 -> 13
  14 [label = o2]
  9 -> 14
}

