Sanity check loss: 1.1180493160255696
[00002] New best score: 6.7130e+03
Graph: digraph {
  0 [label = i0]
  1 [label = i1]
  2 [label = i2]
  3 [label = i3]
  4 [label = i4]
  8 [label = "matmul"]
  1 -> 8 [color = red]
  2 -> 8 [color = blue]
  11 [label = "minus"]
  8 -> 11 [color = red]
  4 -> 11 [color = blue]
  12 [label = o0]
  4 -> 12
  13 [label = o1]
  3 -> 13
  14 [label = o2]
  11 -> 14
}

[00005] New best score: 3.7102e+00
Graph: digraph {
  0 [label = i0]
  1 [label = i1]
  2 [label = i2]
  3 [label = i3]
  4 [label = i4]
  6 [label = "minus"]
  1 -> 6 [color = red]
  4 -> 6 [color = blue]
  8 [label = "transpose"]
  4 -> 8
  9 [label = "add"]
  4 -> 9 [color = red]
  8 -> 9 [color = blue]
  12 [label = o0]
  9 -> 12
  13 [label = o1]
  6 -> 13
  14 [label = o2]
  6 -> 14
}

[00036] New best score: 2.2242e+00
Graph: digraph {
  0 [label = i0]
  1 [label = i1]
  2 [label = i2]
  3 [label = i3]
  4 [label = i4]
  6 [label = "add"]
  2 -> 6 [color = red]
  2 -> 6 [color = blue]
  12 [label = o0]
  4 -> 12
  13 [label = o1]
  6 -> 13
  14 [label = o2]
  6 -> 14
}

[00147] New best score: 2.0730e+00
Graph: digraph {
  0 [label = i0]
  1 [label = i1]
  2 [label = i2]
  3 [label = i3]
  4 [label = i4]
  7 [label = "transpose"]
  2 -> 7
  12 [label = o0]
  4 -> 12
  13 [label = o1]
  7 -> 13
  14 [label = o2]
  7 -> 14
}

[01458] New best score: 2.0722e+00
Graph: digraph {
  0 [label = i0]
  1 [label = i1]
  2 [label = i2]
  3 [label = i3]
  4 [label = i4]
  7 [label = "matmul"]
  2 -> 7 [color = red]
  2 -> 7 [color = blue]
  12 [label = o0]
  4 -> 12
  13 [label = o1]
  2 -> 13
  14 [label = o2]
  7 -> 14
}

[04589] New best score: 2.0718e+00
Graph: digraph {
  0 [label = i0]
  1 [label = i1]
  2 [label = i2]
  3 [label = i3]
  4 [label = i4]
  8 [label = "transpose"]
  4 -> 8
  10 [label = "matmul"]
  2 -> 10 [color = red]
  2 -> 10 [color = blue]
  12 [label = o0]
  8 -> 12
  13 [label = o1]
  10 -> 13
  14 [label = o2]
  2 -> 14
}

[05743] New best score: 2.0679e+00
Graph: digraph {
  0 [label = i0]
  1 [label = i1]
  2 [label = i2]
  3 [label = i3]
  4 [label = i4]
  8 [label = "minus"]
  2 -> 8 [color = red]
  1 -> 8 [color = blue]
  9 [label = "add"]
  8 -> 9 [color = red]
  2 -> 9 [color = blue]
  12 [label = o0]
  4 -> 12
  13 [label = o1]
  2 -> 13
  14 [label = o2]
  9 -> 14
}

[06132] New best score: 1.3794e+00
Graph: digraph {
  0 [label = i0]
  1 [label = i1]
  2 [label = i2]
  3 [label = i3]
  4 [label = i4]
  5 [label = "transpose"]
  2 -> 5
  6 [label = "matmul"]
  0 -> 6 [color = red]
  5 -> 6 [color = blue]
  7 [label = "transpose"]
  6 -> 7
  8 [label = "transpose"]
  7 -> 8
  10 [label = "transpose"]
  4 -> 10
  12 [label = o0]
  8 -> 12
  13 [label = o1]
  1 -> 13
  14 [label = o2]
  10 -> 14
}

[58453] New best score: 1.3794e+00
Graph: digraph {
  0 [label = i0]
  1 [label = i1]
  2 [label = i2]
  3 [label = i3]
  4 [label = i4]
  5 [label = "add"]
  4 -> 5 [color = red]
  0 -> 5 [color = blue]
  6 [label = "minus"]
  0 -> 6 [color = red]
  0 -> 6 [color = blue]
  7 [label = "add"]
  6 -> 7 [color = red]
  6 -> 7 [color = blue]
  12 [label = o0]
  7 -> 12
  13 [label = o1]
  1 -> 13
  14 [label = o2]
  5 -> 14
}

[68550] New best score: 1.3746e+00
Graph: digraph {
  0 [label = i0]
  1 [label = i1]
  2 [label = i2]
  3 [label = i3]
  4 [label = i4]
  5 [label = "matmul"]
  2 -> 5 [color = red]
  4 -> 5 [color = blue]
  12 [label = o0]
  5 -> 12
  13 [label = o1]
  1 -> 13
  14 [label = o2]
  0 -> 14
}

[895589] New best score: 1.2877e+00
Graph: digraph {
  0 [label = i0]
  1 [label = i1]
  2 [label = i2]
  3 [label = i3]
  4 [label = i4]
  5 [label = "matmul"]
  1 -> 5 [color = red]
  0 -> 5 [color = blue]
  7 [label = "add"]
  1 -> 7 [color = red]
  2 -> 7 [color = blue]
  9 [label = "minus"]
  4 -> 9 [color = red]
  5 -> 9 [color = blue]
  12 [label = o0]
  5 -> 12
  13 [label = o1]
  7 -> 13
  14 [label = o2]
  9 -> 14
}

[1514253] New best score: 1.2031e+00
Graph: digraph {
  0 [label = i0]
  1 [label = i1]
  2 [label = i2]
  3 [label = i3]
  4 [label = i4]
  6 [label = "matmul"]
  1 -> 6 [color = red]
  0 -> 6 [color = blue]
  7 [label = "add"]
  1 -> 7 [color = red]
  3 -> 7 [color = blue]
  8 [label = "transpose"]
  4 -> 8
  9 [label = "minus"]
  8 -> 9 [color = red]
  6 -> 9 [color = blue]
  12 [label = o0]
  6 -> 12
  13 [label = o1]
  7 -> 13
  14 [label = o2]
  9 -> 14
}

[63525304] New best score: -2.1062e+63
Graph: digraph {
  0 [label = i0]
  1 [label = i1]
  2 [label = i2]
  3 [label = i3]
  4 [label = i4]
  6 [label = "minus"]
  3 -> 6 [color = red]
  0 -> 6 [color = blue]
  7 [label = "transpose"]
  1 -> 7
  8 [label = "add"]
  7 -> 8 [color = red]
  2 -> 8 [color = blue]
  9 [label = "add"]
  1 -> 9 [color = red]
  8 -> 9 [color = blue]
  10 [label = "minus"]
  2 -> 10 [color = red]
  9 -> 10 [color = blue]
  11 [label = "matmul"]
  10 -> 11 [color = red]
  9 -> 11 [color = blue]
  12 [label = o0]
  4 -> 12
  13 [label = o1]
  11 -> 13
  14 [label = o2]
  6 -> 14
}

