Sanity check loss: 1.1180493160255696
[00002] New best score: 2.6737e+04
Graph: digraph {
  0 [label = i0]
  1 [label = i1]
  2 [label = i2]
  3 [label = i3]
  4 [label = i4]
  5 [label = "transpose"]
  4 -> 5
  9 [label = "add"]
  5 -> 9 [color = red]
  3 -> 9 [color = blue]
  10 [label = "add"]
  5 -> 10 [color = red]
  1 -> 10 [color = blue]
  12 [label = o0]
  5 -> 12
  13 [label = o1]
  10 -> 13
  14 [label = o2]
  9 -> 14
}

[00004] New best score: 2.3339e+00
Graph: digraph {
  0 [label = i0]
  1 [label = i1]
  2 [label = i2]
  3 [label = i3]
  4 [label = i4]
  5 [label = "add"]
  2 -> 5 [color = red]
  3 -> 5 [color = blue]
  6 [label = "minus"]
  1 -> 6 [color = red]
  2 -> 6 [color = blue]
  8 [label = "transpose"]
  6 -> 8
  12 [label = o0]
  4 -> 12
  13 [label = o1]
  5 -> 13
  14 [label = o2]
  8 -> 14
}

[00142] New best score: 2.0705e+00
Graph: digraph {
  0 [label = i0]
  1 [label = i1]
  2 [label = i2]
  3 [label = i3]
  4 [label = i4]
  6 [label = "matmul"]
  2 -> 6 [color = red]
  1 -> 6 [color = blue]
  10 [label = "transpose"]
  4 -> 10
  11 [label = "minus"]
  6 -> 11 [color = red]
  3 -> 11 [color = blue]
  12 [label = o0]
  10 -> 12
  13 [label = o1]
  2 -> 13
  14 [label = o2]
  11 -> 14
}

[00284] New best score: 1.3746e+00
Graph: digraph {
  0 [label = i0]
  1 [label = i1]
  2 [label = i2]
  3 [label = i3]
  4 [label = i4]
  7 [label = "matmul"]
  2 -> 7 [color = red]
  4 -> 7 [color = blue]
  12 [label = o0]
  7 -> 12
  13 [label = o1]
  1 -> 13
  14 [label = o2]
  0 -> 14
}

[849784] New best score: 1.3689e+00
Graph: digraph {
  0 [label = i0]
  1 [label = i1]
  2 [label = i2]
  3 [label = i3]
  4 [label = i4]
  5 [label = "matmul"]
  2 -> 5 [color = red]
  1 -> 5 [color = blue]
  7 [label = "matmul"]
  2 -> 7 [color = red]
  0 -> 7 [color = blue]
  8 [label = "add"]
  2 -> 8 [color = red]
  5 -> 8 [color = blue]
  12 [label = o0]
  7 -> 12
  13 [label = o1]
  8 -> 13
  14 [label = o2]
  4 -> 14
}

[1481472] New best score: 1.3525e+00
Graph: digraph {
  0 [label = i0]
  1 [label = i1]
  2 [label = i2]
  3 [label = i3]
  4 [label = i4]
  5 [label = "matmul"]
  1 -> 5 [color = red]
  0 -> 5 [color = blue]
  6 [label = "transpose"]
  1 -> 6
  7 [label = "minus"]
  4 -> 7 [color = red]
  5 -> 7 [color = blue]
  12 [label = o0]
  5 -> 12
  13 [label = o1]
  6 -> 13
  14 [label = o2]
  7 -> 14
}

[1722067] New best score: 1.2031e+00
Graph: digraph {
  0 [label = i0]
  1 [label = i1]
  2 [label = i2]
  3 [label = i3]
  4 [label = i4]
  5 [label = "minus"]
  1 -> 5 [color = red]
  4 -> 5 [color = blue]
  6 [label = "matmul"]
  1 -> 6 [color = red]
  0 -> 6 [color = blue]
  8 [label = "transpose"]
  4 -> 8
  9 [label = "minus"]
  8 -> 9 [color = red]
  6 -> 9 [color = blue]
  10 [label = "add"]
  3 -> 10 [color = red]
  5 -> 10 [color = blue]
  11 [label = "add"]
  10 -> 11 [color = red]
  4 -> 11 [color = blue]
  12 [label = o0]
  6 -> 12
  13 [label = o1]
  11 -> 13
  14 [label = o2]
  9 -> 14
}

