Sanity check loss: 1.1180493160255696
[00004] New best score: 2.6929e+04
Graph: digraph {
  0 [label = i0]
  1 [label = i1]
  2 [label = i2]
  3 [label = i3]
  4 [label = i4]
  6 [label = "transpose"]
  1 -> 6
  7 [label = "matmul"]
  6 -> 7 [color = red]
  0 -> 7 [color = blue]
  12 [label = o0]
  7 -> 12
  13 [label = o1]
  3 -> 13
  14 [label = o2]
  0 -> 14
}

[00043] New best score: 3.2720e+00
Graph: digraph {
  0 [label = i0]
  1 [label = i1]
  2 [label = i2]
  3 [label = i3]
  4 [label = i4]
  5 [label = "minus"]
  4 -> 5 [color = red]
  2 -> 5 [color = blue]
  11 [label = "transpose"]
  5 -> 11
  12 [label = o0]
  4 -> 12
  13 [label = o1]
  2 -> 13
  14 [label = o2]
  11 -> 14
}

[00075] New best score: 2.1695e+00
Graph: digraph {
  0 [label = i0]
  1 [label = i1]
  2 [label = i2]
  3 [label = i3]
  4 [label = i4]
  5 [label = "transpose"]
  4 -> 5
  12 [label = o0]
  5 -> 12
  13 [label = o1]
  1 -> 13
  14 [label = o2]
  2 -> 14
}

[00101] New best score: 2.0742e+00
Graph: digraph {
  0 [label = i0]
  1 [label = i1]
  2 [label = i2]
  3 [label = i3]
  4 [label = i4]
  9 [label = "minus"]
  2 -> 9 [color = red]
  2 -> 9 [color = blue]
  12 [label = o0]
  4 -> 12
  13 [label = o1]
  2 -> 13
  14 [label = o2]
  9 -> 14
}

[00586] New best score: 2.0718e+00
Graph: digraph {
  0 [label = i0]
  1 [label = i1]
  2 [label = i2]
  3 [label = i3]
  4 [label = i4]
  5 [label = "transpose"]
  2 -> 5
  8 [label = "transpose"]
  4 -> 8
  10 [label = "transpose"]
  5 -> 10
  11 [label = "matmul"]
  10 -> 11 [color = red]
  5 -> 11 [color = blue]
  12 [label = o0]
  8 -> 12
  13 [label = o1]
  11 -> 13
  14 [label = o2]
  5 -> 14
}

[07575] New best score: 2.0693e+00
Graph: digraph {
  0 [label = i0]
  1 [label = i1]
  2 [label = i2]
  3 [label = i3]
  4 [label = i4]
  9 [label = "matmul"]
  0 -> 9 [color = red]
  2 -> 9 [color = blue]
  10 [label = "transpose"]
  9 -> 10
  12 [label = o0]
  4 -> 12
  13 [label = o1]
  2 -> 13
  14 [label = o2]
  10 -> 14
}

[09344] New best score: 2.0685e+00
Graph: digraph {
  0 [label = i0]
  1 [label = i1]
  2 [label = i2]
  3 [label = i3]
  4 [label = i4]
  5 [label = "minus"]
  3 -> 5 [color = red]
  2 -> 5 [color = blue]
  6 [label = "minus"]
  2 -> 6 [color = red]
  5 -> 6 [color = blue]
  12 [label = o0]
  4 -> 12
  13 [label = o1]
  2 -> 13
  14 [label = o2]
  6 -> 14
}

[10682] New best score: 2.0158e+00
Graph: digraph {
  0 [label = i0]
  1 [label = i1]
  2 [label = i2]
  3 [label = i3]
  4 [label = i4]
  5 [label = "transpose"]
  4 -> 5
  6 [label = "minus"]
  0 -> 6 [color = red]
  5 -> 6 [color = blue]
  10 [label = "add"]
  3 -> 10 [color = red]
  6 -> 10 [color = blue]
  12 [label = o0]
  4 -> 12
  13 [label = o1]
  2 -> 13
  14 [label = o2]
  10 -> 14
}

[25513] New best score: 1.3794e+00
Graph: digraph {
  0 [label = i0]
  1 [label = i1]
  2 [label = i2]
  3 [label = i3]
  4 [label = i4]
  5 [label = "matmul"]
  2 -> 5 [color = red]
  0 -> 5 [color = blue]
  12 [label = o0]
  5 -> 12
  13 [label = o1]
  1 -> 13
  14 [label = o2]
  4 -> 14
}

[56165] New best score: 1.3746e+00
Graph: digraph {
  0 [label = i0]
  1 [label = i1]
  2 [label = i2]
  3 [label = i3]
  4 [label = i4]
  7 [label = "transpose"]
  0 -> 7
  8 [label = "matmul"]
  2 -> 8 [color = red]
  4 -> 8 [color = blue]
  12 [label = o0]
  8 -> 12
  13 [label = o1]
  1 -> 13
  14 [label = o2]
  7 -> 14
}

[2122971] New best score: 1.3525e+00
Graph: digraph {
  0 [label = i0]
  1 [label = i1]
  2 [label = i2]
  3 [label = i3]
  4 [label = i4]
  7 [label = "transpose"]
  1 -> 7
  8 [label = "matmul"]
  1 -> 8 [color = red]
  0 -> 8 [color = blue]
  9 [label = "minus"]
  4 -> 9 [color = red]
  8 -> 9 [color = blue]
  12 [label = o0]
  8 -> 12
  13 [label = o1]
  7 -> 13
  14 [label = o2]
  9 -> 14
}

[16371597] New best score: 1.2878e+00
Graph: digraph {
  0 [label = i0]
  1 [label = i1]
  2 [label = i2]
  3 [label = i3]
  4 [label = i4]
  5 [label = "matmul"]
  2 -> 5 [color = red]
  0 -> 5 [color = blue]
  10 [label = "add"]
  1 -> 10 [color = red]
  2 -> 10 [color = blue]
  11 [label = "matmul"]
  2 -> 11 [color = red]
  4 -> 11 [color = blue]
  12 [label = o0]
  11 -> 12
  13 [label = o1]
  10 -> 13
  14 [label = o2]
  5 -> 14
}

[30510421] New best score: -5.0340e+224
Graph: digraph {
  0 [label = i0]
  1 [label = i1]
  2 [label = i2]
  3 [label = i3]
  4 [label = i4]
  6 [label = "add"]
  1 -> 6 [color = red]
  1 -> 6 [color = blue]
  7 [label = "minus"]
  3 -> 7 [color = red]
  6 -> 7 [color = blue]
  8 [label = "transpose"]
  0 -> 8
  9 [label = "matmul"]
  6 -> 9 [color = red]
  8 -> 9 [color = blue]
  10 [label = "minus"]
  9 -> 10 [color = red]
  4 -> 10 [color = blue]
  11 [label = "minus"]
  3 -> 11 [color = red]
  10 -> 11 [color = blue]
  12 [label = o0]
  4 -> 12
  13 [label = o1]
  7 -> 13
  14 [label = o2]
  11 -> 14
}

