/n/home10/vsaketos/wavegp/kalmangp/half_noise_full_kalman_filter/full_kalman_filter.py:25: RuntimeWarning: overflow encountered in matmul
  return inp[0] @ inp[1]
/n/home10/vsaketos/wavegp/kalmangp/half_noise_full_kalman_filter/full_kalman_filter.py:25: RuntimeWarning: overflow encountered in matmul
  return inp[0] @ inp[1]
/n/home10/vsaketos/wavegp/kalmangp/half_noise_full_kalman_filter/full_kalman_filter.py:25: RuntimeWarning: overflow encountered in matmul
  return inp[0] @ inp[1]
/n/home10/vsaketos/wavegp/kalmangp/half_noise_full_kalman_filter/full_kalman_filter.py:25: RuntimeWarning: overflow encountered in matmul
  return inp[0] @ inp[1]
/n/home10/vsaketos/wavegp/kalmangp/half_noise_full_kalman_filter/full_kalman_filter.py:25: RuntimeWarning: overflow encountered in matmul
  return inp[0] @ inp[1]
/n/home10/vsaketos/wavegp/kalmangp/half_noise_full_kalman_filter/full_kalman_filter.py:25: RuntimeWarning: overflow encountered in matmul
  return inp[0] @ inp[1]
/n/home10/vsaketos/wavegp/kalmangp/half_noise_full_kalman_filter/full_kalman_filter.py:25: RuntimeWarning: overflow encountered in matmul
  return inp[0] @ inp[1]
/n/home10/vsaketos/wavegp/kalmangp/half_noise_full_kalman_filter/full_kalman_filter.py:25: RuntimeWarning: overflow encountered in matmul
  return inp[0] @ inp[1]
/n/home10/vsaketos/wavegp/kalmangp/half_noise_full_kalman_filter/full_kalman_filter.py:25: RuntimeWarning: overflow encountered in matmul
  return inp[0] @ inp[1]
/n/home10/vsaketos/wavegp/kalmangp/half_noise_full_kalman_filter/full_kalman_filter.py:25: RuntimeWarning: overflow encountered in matmul
  return inp[0] @ inp[1]
/n/home10/vsaketos/wavegp/kalmangp/half_noise_full_kalman_filter/full_kalman_filter.py:25: RuntimeWarning: invalid value encountered in matmul
  return inp[0] @ inp[1]
/n/home10/vsaketos/wavegp/kalmangp/half_noise_full_kalman_filter/full_kalman_filter.py:25: RuntimeWarning: overflow encountered in matmul
  return inp[0] @ inp[1]
/n/home10/vsaketos/wavegp/kalmangp/half_noise_full_kalman_filter/full_kalman_filter.py:25: RuntimeWarning: overflow encountered in matmul
  return inp[0] @ inp[1]
/n/home10/vsaketos/wavegp/kalmangp/half_noise_full_kalman_filter/full_kalman_filter.py:25: RuntimeWarning: overflow encountered in matmul
  return inp[0] @ inp[1]
/n/home10/vsaketos/wavegp/kalmangp/half_noise_full_kalman_filter/full_kalman_filter.py:25: RuntimeWarning: overflow encountered in matmul
  return inp[0] @ inp[1]
/n/home10/vsaketos/wavegp/kalmangp/half_noise_full_kalman_filter/full_kalman_filter.py:25: RuntimeWarning: overflow encountered in matmul
  return inp[0] @ inp[1]
/n/home10/vsaketos/wavegp/kalmangp/half_noise_full_kalman_filter/full_kalman_filter.py:25: RuntimeWarning: overflow encountered in matmul
  return inp[0] @ inp[1]
/n/home10/vsaketos/wavegp/kalmangp/half_noise_full_kalman_filter/full_kalman_filter.py:25: RuntimeWarning: overflow encountered in matmul
  return inp[0] @ inp[1]
/n/home10/vsaketos/wavegp/kalmangp/half_noise_full_kalman_filter/full_kalman_filter.py:25: RuntimeWarning: overflow encountered in matmul
  return inp[0] @ inp[1]
/n/home10/vsaketos/wavegp/kalmangp/half_noise_full_kalman_filter/full_kalman_filter.py:25: RuntimeWarning: overflow encountered in matmul
  return inp[0] @ inp[1]
/n/home10/vsaketos/wavegp/kalmangp/half_noise_full_kalman_filter/full_kalman_filter.py:25: RuntimeWarning: overflow encountered in matmul
  return inp[0] @ inp[1]
/n/home10/vsaketos/wavegp/kalmangp/half_noise_full_kalman_filter/full_kalman_filter.py:25: RuntimeWarning: overflow encountered in matmul
  return inp[0] @ inp[1]
/n/home10/vsaketos/wavegp/kalmangp/half_noise_full_kalman_filter/full_kalman_filter.py:25: RuntimeWarning: invalid value encountered in matmul
  return inp[0] @ inp[1]
/n/home10/vsaketos/wavegp/kalmangp/half_noise_full_kalman_filter/full_kalman_filter.py:25: RuntimeWarning: overflow encountered in matmul
  return inp[0] @ inp[1]
/n/home10/vsaketos/wavegp/kalmangp/half_noise_full_kalman_filter/full_kalman_filter.py:25: RuntimeWarning: overflow encountered in matmul
  return inp[0] @ inp[1]
/n/home10/vsaketos/wavegp/kalmangp/half_noise_full_kalman_filter/full_kalman_filter.py:25: RuntimeWarning: overflow encountered in matmul
  return inp[0] @ inp[1]
/n/home10/vsaketos/wavegp/kalmangp/half_noise_full_kalman_filter/full_kalman_filter.py:25: RuntimeWarning: overflow encountered in matmul
  return inp[0] @ inp[1]
/n/home10/vsaketos/wavegp/kalmangp/half_noise_full_kalman_filter/full_kalman_filter.py:25: RuntimeWarning: invalid value encountered in matmul
  return inp[0] @ inp[1]
/n/home10/vsaketos/wavegp/kalmangp/half_noise_full_kalman_filter/full_kalman_filter.py:25: RuntimeWarning: overflow encountered in matmul
  return inp[0] @ inp[1]
/n/home10/vsaketos/wavegp/kalmangp/half_noise_full_kalman_filter/full_kalman_filter.py:25: RuntimeWarning: overflow encountered in matmul
  return inp[0] @ inp[1]
/n/home10/vsaketos/wavegp/kalmangp/half_noise_full_kalman_filter/full_kalman_filter.py:25: RuntimeWarning: overflow encountered in matmul
  return inp[0] @ inp[1]
/n/home10/vsaketos/wavegp/kalmangp/half_noise_full_kalman_filter/full_kalman_filter.py:25: RuntimeWarning: overflow encountered in matmul
  return inp[0] @ inp[1]
/n/home10/vsaketos/wavegp/kalmangp/half_noise_full_kalman_filter/full_kalman_filter.py:25: RuntimeWarning: overflow encountered in matmul
  return inp[0] @ inp[1]
/n/home10/vsaketos/wavegp/kalmangp/half_noise_full_kalman_filter/full_kalman_filter.py:25: RuntimeWarning: overflow encountered in matmul
  return inp[0] @ inp[1]
/n/home10/vsaketos/wavegp/kalmangp/half_noise_full_kalman_filter/full_kalman_filter.py:25: RuntimeWarning: overflow encountered in matmul
  return inp[0] @ inp[1]
/n/home10/vsaketos/wavegp/kalmangp/half_noise_full_kalman_filter/full_kalman_filter.py:25: RuntimeWarning: overflow encountered in matmul
  return inp[0] @ inp[1]
/n/home10/vsaketos/wavegp/kalmangp/half_noise_full_kalman_filter/full_kalman_filter.py:25: RuntimeWarning: overflow encountered in matmul
  return inp[0] @ inp[1]
/n/home10/vsaketos/wavegp/kalmangp/half_noise_full_kalman_filter/full_kalman_filter.py:25: RuntimeWarning: overflow encountered in matmul
  return inp[0] @ inp[1]
/n/home10/vsaketos/wavegp/kalmangp/half_noise_full_kalman_filter/full_kalman_filter.py:25: RuntimeWarning: overflow encountered in matmul
  return inp[0] @ inp[1]
/n/home10/vsaketos/wavegp/kalmangp/half_noise_full_kalman_filter/full_kalman_filter.py:25: RuntimeWarning: overflow encountered in matmul
  return inp[0] @ inp[1]
/n/home10/vsaketos/wavegp/kalmangp/half_noise_full_kalman_filter/full_kalman_filter.py:25: RuntimeWarning: overflow encountered in matmul
  return inp[0] @ inp[1]
/n/home10/vsaketos/wavegp/kalmangp/half_noise_full_kalman_filter/full_kalman_filter.py:25: RuntimeWarning: overflow encountered in matmul
  return inp[0] @ inp[1]
/n/home10/vsaketos/wavegp/kalmangp/half_noise_full_kalman_filter/full_kalman_filter.py:25: RuntimeWarning: overflow encountered in matmul
  return inp[0] @ inp[1]
/n/home10/vsaketos/wavegp/kalmangp/half_noise_full_kalman_filter/full_kalman_filter.py:25: RuntimeWarning: overflow encountered in matmul
  return inp[0] @ inp[1]
/n/home10/vsaketos/wavegp/kalmangp/half_noise_full_kalman_filter/full_kalman_filter.py:25: RuntimeWarning: overflow encountered in matmul
  return inp[0] @ inp[1]
/n/home10/vsaketos/wavegp/kalmangp/half_noise_full_kalman_filter/full_kalman_filter.py:25: RuntimeWarning: overflow encountered in matmul
  return inp[0] @ inp[1]
/n/home10/vsaketos/wavegp/kalmangp/half_noise_full_kalman_filter/full_kalman_filter.py:25: RuntimeWarning: overflow encountered in matmul
  return inp[0] @ inp[1]
/n/home10/vsaketos/wavegp/kalmangp/half_noise_full_kalman_filter/full_kalman_filter.py:25: RuntimeWarning: overflow encountered in matmul
  return inp[0] @ inp[1]
/n/home10/vsaketos/wavegp/kalmangp/half_noise_full_kalman_filter/full_kalman_filter.py:25: RuntimeWarning: overflow encountered in matmul
  return inp[0] @ inp[1]
/n/home10/vsaketos/wavegp/kalmangp/half_noise_full_kalman_filter/full_kalman_filter.py:25: RuntimeWarning: overflow encountered in matmul
  return inp[0] @ inp[1]
/n/home10/vsaketos/wavegp/kalmangp/half_noise_full_kalman_filter/full_kalman_filter.py:22: RuntimeWarning: invalid value encountered in subtract
  return inp[0] - inp[1]
/n/home10/vsaketos/wavegp/kalmangp/half_noise_full_kalman_filter/full_kalman_filter.py:25: RuntimeWarning: overflow encountered in matmul
  return inp[0] @ inp[1]
/n/home10/vsaketos/wavegp/kalmangp/half_noise_full_kalman_filter/full_kalman_filter.py:25: RuntimeWarning: invalid value encountered in matmul
  return inp[0] @ inp[1]
/n/home10/vsaketos/wavegp/kalmangp/half_noise_full_kalman_filter/full_kalman_filter.py:25: RuntimeWarning: invalid value encountered in matmul
  return inp[0] @ inp[1]
/n/home10/vsaketos/wavegp/kalmangp/half_noise_full_kalman_filter/full_kalman_filter.py:25: RuntimeWarning: invalid value encountered in matmul
  return inp[0] @ inp[1]
/n/home10/vsaketos/wavegp/kalmangp/half_noise_full_kalman_filter/full_kalman_filter.py:25: RuntimeWarning: invalid value encountered in matmul
  return inp[0] @ inp[1]
/n/home10/vsaketos/wavegp/kalmangp/half_noise_full_kalman_filter/full_kalman_filter.py:22: RuntimeWarning: invalid value encountered in subtract
  return inp[0] - inp[1]
/n/home10/vsaketos/wavegp/kalmangp/half_noise_full_kalman_filter/full_kalman_filter.py:22: RuntimeWarning: invalid value encountered in subtract
  return inp[0] - inp[1]
/n/home10/vsaketos/wavegp/kalmangp/half_noise_full_kalman_filter/full_kalman_filter.py:25: RuntimeWarning: invalid value encountered in matmul
  return inp[0] @ inp[1]
/n/home10/vsaketos/wavegp/kalmangp/half_noise_full_kalman_filter/full_kalman_filter.py:25: RuntimeWarning: invalid value encountered in matmul
  return inp[0] @ inp[1]
/n/home10/vsaketos/wavegp/kalmangp/half_noise_full_kalman_filter/full_kalman_filter.py:28: RuntimeWarning: overflow encountered in add
  return inp[0] + inp[1]
/n/home10/vsaketos/wavegp/kalmangp/half_noise_full_kalman_filter/full_kalman_filter.py:28: RuntimeWarning: overflow encountered in add
  return inp[0] + inp[1]
/n/home10/vsaketos/wavegp/kalmangp/half_noise_full_kalman_filter/full_kalman_filter.py:25: RuntimeWarning: invalid value encountered in matmul
  return inp[0] @ inp[1]
/n/home10/vsaketos/wavegp/kalmangp/half_noise_full_kalman_filter/full_kalman_filter.py:25: RuntimeWarning: invalid value encountered in matmul
  return inp[0] @ inp[1]
/n/home10/vsaketos/wavegp/kalmangp/half_noise_full_kalman_filter/full_kalman_filter.py:25: RuntimeWarning: invalid value encountered in matmul
  return inp[0] @ inp[1]
/n/home10/vsaketos/wavegp/kalmangp/half_noise_full_kalman_filter/full_kalman_filter.py:25: RuntimeWarning: invalid value encountered in matmul
  return inp[0] @ inp[1]
/n/home10/vsaketos/wavegp/kalmangp/half_noise_full_kalman_filter/full_kalman_filter.py:25: RuntimeWarning: invalid value encountered in matmul
  return inp[0] @ inp[1]
/n/home10/vsaketos/wavegp/kalmangp/half_noise_full_kalman_filter/full_kalman_filter.py:25: RuntimeWarning: invalid value encountered in matmul
  return inp[0] @ inp[1]
/n/home10/vsaketos/wavegp/kalmangp/half_noise_full_kalman_filter/full_kalman_filter.py:25: RuntimeWarning: invalid value encountered in matmul
  return inp[0] @ inp[1]
/n/home10/vsaketos/wavegp/kalmangp/half_noise_full_kalman_filter/full_kalman_filter.py:25: RuntimeWarning: invalid value encountered in matmul
  return inp[0] @ inp[1]
/n/home10/vsaketos/wavegp/kalmangp/half_noise_full_kalman_filter/full_kalman_filter.py:25: RuntimeWarning: invalid value encountered in matmul
  return inp[0] @ inp[1]
/n/home10/vsaketos/wavegp/kalmangp/half_noise_full_kalman_filter/full_kalman_filter.py:25: RuntimeWarning: invalid value encountered in matmul
  return inp[0] @ inp[1]
/n/home10/vsaketos/wavegp/kalmangp/half_noise_full_kalman_filter/full_kalman_filter.py:25: RuntimeWarning: invalid value encountered in matmul
  return inp[0] @ inp[1]
/n/home10/vsaketos/wavegp/kalmangp/half_noise_full_kalman_filter/full_kalman_filter.py:25: RuntimeWarning: invalid value encountered in matmul
  return inp[0] @ inp[1]
/n/home10/vsaketos/wavegp/kalmangp/half_noise_full_kalman_filter/full_kalman_filter.py:25: RuntimeWarning: invalid value encountered in matmul
  return inp[0] @ inp[1]
/n/home10/vsaketos/wavegp/kalmangp/half_noise_full_kalman_filter/full_kalman_filter.py:25: RuntimeWarning: invalid value encountered in matmul
  return inp[0] @ inp[1]
/n/home10/vsaketos/wavegp/kalmangp/half_noise_full_kalman_filter/full_kalman_filter.py:25: RuntimeWarning: invalid value encountered in matmul
  return inp[0] @ inp[1]
/n/home10/vsaketos/wavegp/kalmangp/half_noise_full_kalman_filter/full_kalman_filter.py:25: RuntimeWarning: invalid value encountered in matmul
  return inp[0] @ inp[1]
/n/home10/vsaketos/wavegp/kalmangp/half_noise_full_kalman_filter/full_kalman_filter.py:28: RuntimeWarning: overflow encountered in add
  return inp[0] + inp[1]
/n/home10/vsaketos/wavegp/kalmangp/half_noise_full_kalman_filter/full_kalman_filter.py:25: RuntimeWarning: invalid value encountered in matmul
  return inp[0] @ inp[1]
/n/home10/vsaketos/wavegp/kalmangp/half_noise_full_kalman_filter/full_kalman_filter.py:25: RuntimeWarning: invalid value encountered in matmul
  return inp[0] @ inp[1]
/n/home10/vsaketos/wavegp/kalmangp/half_noise_full_kalman_filter/full_kalman_filter.py:25: RuntimeWarning: invalid value encountered in matmul
  return inp[0] @ inp[1]
/n/home10/vsaketos/wavegp/kalmangp/half_noise_full_kalman_filter/full_kalman_filter.py:25: RuntimeWarning: invalid value encountered in matmul
  return inp[0] @ inp[1]
/n/home10/vsaketos/wavegp/kalmangp/half_noise_full_kalman_filter/full_kalman_filter.py:25: RuntimeWarning: invalid value encountered in matmul
  return inp[0] @ inp[1]
/n/home10/vsaketos/wavegp/kalmangp/half_noise_full_kalman_filter/full_kalman_filter.py:28: RuntimeWarning: invalid value encountered in add
  return inp[0] + inp[1]
/n/home10/vsaketos/wavegp/kalmangp/half_noise_full_kalman_filter/full_kalman_filter.py:25: RuntimeWarning: invalid value encountered in matmul
  return inp[0] @ inp[1]
/n/home10/vsaketos/wavegp/kalmangp/half_noise_full_kalman_filter/full_kalman_filter.py:22: RuntimeWarning: invalid value encountered in subtract
  return inp[0] - inp[1]
/n/home10/vsaketos/wavegp/kalmangp/half_noise_full_kalman_filter/full_kalman_filter.py:22: RuntimeWarning: invalid value encountered in subtract
  return inp[0] - inp[1]
/n/home10/vsaketos/wavegp/kalmangp/half_noise_full_kalman_filter/full_kalman_filter.py:22: RuntimeWarning: invalid value encountered in subtract
  return inp[0] - inp[1]
/n/home10/vsaketos/wavegp/kalmangp/half_noise_full_kalman_filter/full_kalman_filter.py:22: RuntimeWarning: invalid value encountered in subtract
  return inp[0] - inp[1]
/n/home10/vsaketos/wavegp/kalmangp/half_noise_full_kalman_filter/full_kalman_filter.py:22: RuntimeWarning: invalid value encountered in subtract
  return inp[0] - inp[1]
/n/home10/vsaketos/wavegp/kalmangp/half_noise_full_kalman_filter/full_kalman_filter.py:22: RuntimeWarning: invalid value encountered in subtract
  return inp[0] - inp[1]
/n/home10/vsaketos/wavegp/kalmangp/half_noise_full_kalman_filter/full_kalman_filter.py:25: RuntimeWarning: invalid value encountered in matmul
  return inp[0] @ inp[1]
/n/home10/vsaketos/wavegp/kalmangp/half_noise_full_kalman_filter/full_kalman_filter.py:25: RuntimeWarning: invalid value encountered in matmul
  return inp[0] @ inp[1]
/n/home10/vsaketos/wavegp/kalmangp/half_noise_full_kalman_filter/full_kalman_filter.py:28: RuntimeWarning: invalid value encountered in add
  return inp[0] + inp[1]
/n/home10/vsaketos/wavegp/kalmangp/half_noise_full_kalman_filter/full_kalman_filter.py:25: RuntimeWarning: invalid value encountered in matmul
  return inp[0] @ inp[1]
/n/home10/vsaketos/wavegp/kalmangp/half_noise_full_kalman_filter/full_kalman_filter.py:25: RuntimeWarning: invalid value encountered in matmul
  return inp[0] @ inp[1]
/n/home10/vsaketos/wavegp/kalmangp/half_noise_full_kalman_filter/full_kalman_filter.py:25: RuntimeWarning: invalid value encountered in matmul
  return inp[0] @ inp[1]
/n/home10/vsaketos/wavegp/kalmangp/half_noise_full_kalman_filter/full_kalman_filter.py:25: RuntimeWarning: invalid value encountered in matmul
  return inp[0] @ inp[1]
/n/home10/vsaketos/wavegp/kalmangp/half_noise_full_kalman_filter/full_kalman_filter.py:28: RuntimeWarning: overflow encountered in add
  return inp[0] + inp[1]
/n/home10/vsaketos/wavegp/kalmangp/half_noise_full_kalman_filter/full_kalman_filter.py:25: RuntimeWarning: invalid value encountered in matmul
  return inp[0] @ inp[1]
/n/home10/vsaketos/wavegp/kalmangp/half_noise_full_kalman_filter/full_kalman_filter.py:25: RuntimeWarning: invalid value encountered in matmul
  return inp[0] @ inp[1]
/n/home10/vsaketos/wavegp/kalmangp/half_noise_full_kalman_filter/full_kalman_filter.py:28: RuntimeWarning: overflow encountered in add
  return inp[0] + inp[1]
/n/home10/vsaketos/wavegp/kalmangp/half_noise_full_kalman_filter/full_kalman_filter.py:22: RuntimeWarning: overflow encountered in subtract
  return inp[0] - inp[1]
/n/home10/vsaketos/wavegp/kalmangp/half_noise_full_kalman_filter/full_kalman_filter.py:25: RuntimeWarning: invalid value encountered in matmul
  return inp[0] @ inp[1]
/n/home10/vsaketos/wavegp/kalmangp/half_noise_full_kalman_filter/full_kalman_filter.py:28: RuntimeWarning: invalid value encountered in add
  return inp[0] + inp[1]
/n/home10/vsaketos/wavegp/kalmangp/half_noise_full_kalman_filter/full_kalman_filter.py:28: RuntimeWarning: overflow encountered in add
  return inp[0] + inp[1]
/n/home10/vsaketos/wavegp/kalmangp/half_noise_full_kalman_filter/full_kalman_filter.py:28: RuntimeWarning: invalid value encountered in add
  return inp[0] + inp[1]
/n/home10/vsaketos/wavegp/kalmangp/half_noise_full_kalman_filter/full_kalman_filter.py:22: RuntimeWarning: overflow encountered in subtract
  return inp[0] - inp[1]
/n/home10/vsaketos/wavegp/kalmangp/half_noise_full_kalman_filter/full_kalman_filter.py:22: RuntimeWarning: overflow encountered in subtract
  return inp[0] - inp[1]
/n/home10/vsaketos/wavegp/kalmangp/half_noise_full_kalman_filter/full_kalman_filter.py:25: RuntimeWarning: invalid value encountered in matmul
  return inp[0] @ inp[1]
/n/home10/vsaketos/wavegp/kalmangp/half_noise_full_kalman_filter/full_kalman_filter.py:22: RuntimeWarning: invalid value encountered in scalar subtract
  return inp[0] - inp[1]
/n/home10/vsaketos/wavegp/kalmangp/half_noise_full_kalman_filter/full_kalman_filter.py:28: RuntimeWarning: overflow encountered in add
  return inp[0] + inp[1]
/n/home10/vsaketos/wavegp/kalmangp/half_noise_full_kalman_filter/full_kalman_filter.py:22: RuntimeWarning: invalid value encountered in subtract
  return inp[0] - inp[1]
/n/home10/vsaketos/wavegp/kalmangp/half_noise_full_kalman_filter/full_kalman_filter.py:25: RuntimeWarning: invalid value encountered in matmul
  return inp[0] @ inp[1]
/n/home10/vsaketos/wavegp/kalmangp/half_noise_full_kalman_filter/full_kalman_filter.py:25: RuntimeWarning: invalid value encountered in matmul
  return inp[0] @ inp[1]
/n/home10/vsaketos/wavegp/kalmangp/half_noise_full_kalman_filter/full_kalman_filter.py:25: RuntimeWarning: invalid value encountered in matmul
  return inp[0] @ inp[1]
/n/home10/vsaketos/wavegp/kalmangp/half_noise_full_kalman_filter/full_kalman_filter.py:25: RuntimeWarning: invalid value encountered in matmul
  return inp[0] @ inp[1]
/n/home10/vsaketos/wavegp/kalmangp/half_noise_full_kalman_filter/full_kalman_filter.py:28: RuntimeWarning: overflow encountered in add
  return inp[0] + inp[1]
/n/home10/vsaketos/wavegp/kalmangp/half_noise_full_kalman_filter/full_kalman_filter.py:22: RuntimeWarning: overflow encountered in subtract
  return inp[0] - inp[1]
/n/home10/vsaketos/wavegp/kalmangp/half_noise_full_kalman_filter/full_kalman_filter.py:25: RuntimeWarning: invalid value encountered in matmul
  return inp[0] @ inp[1]
/n/home10/vsaketos/wavegp/kalmangp/half_noise_full_kalman_filter/full_kalman_filter.py:22: RuntimeWarning: invalid value encountered in subtract
  return inp[0] - inp[1]
/n/home10/vsaketos/wavegp/kalmangp/half_noise_full_kalman_filter/full_kalman_filter.py:22: RuntimeWarning: invalid value encountered in subtract
  return inp[0] - inp[1]
/n/home10/vsaketos/wavegp/kalmangp/half_noise_full_kalman_filter/full_kalman_filter.py:28: RuntimeWarning: overflow encountered in add
  return inp[0] + inp[1]
/n/home10/vsaketos/wavegp/kalmangp/half_noise_full_kalman_filter/full_kalman_filter.py:22: RuntimeWarning: invalid value encountered in subtract
  return inp[0] - inp[1]
/n/home10/vsaketos/wavegp/kalmangp/half_noise_full_kalman_filter/full_kalman_filter.py:22: RuntimeWarning: invalid value encountered in subtract
  return inp[0] - inp[1]
/n/home10/vsaketos/wavegp/kalmangp/half_noise_full_kalman_filter/full_kalman_filter.py:25: RuntimeWarning: invalid value encountered in matmul
  return inp[0] @ inp[1]
/n/home10/vsaketos/wavegp/kalmangp/half_noise_full_kalman_filter/full_kalman_filter.py:28: RuntimeWarning: overflow encountered in add
  return inp[0] + inp[1]
/n/home10/vsaketos/wavegp/kalmangp/half_noise_full_kalman_filter/full_kalman_filter.py:22: RuntimeWarning: invalid value encountered in subtract
  return inp[0] - inp[1]
/n/home10/vsaketos/wavegp/kalmangp/half_noise_full_kalman_filter/full_kalman_filter.py:22: RuntimeWarning: invalid value encountered in subtract
  return inp[0] - inp[1]
/n/home10/vsaketos/wavegp/kalmangp/half_noise_full_kalman_filter/full_kalman_filter.py:28: RuntimeWarning: overflow encountered in add
  return inp[0] + inp[1]
/n/home10/vsaketos/wavegp/kalmangp/half_noise_full_kalman_filter/full_kalman_filter.py:28: RuntimeWarning: overflow encountered in add
  return inp[0] + inp[1]
/n/home10/vsaketos/wavegp/kalmangp/half_noise_full_kalman_filter/full_kalman_filter.py:22: RuntimeWarning: invalid value encountered in subtract
  return inp[0] - inp[1]
/n/home10/vsaketos/wavegp/kalmangp/half_noise_full_kalman_filter/full_kalman_filter.py:28: RuntimeWarning: overflow encountered in add
  return inp[0] + inp[1]
/n/home10/vsaketos/wavegp/kalmangp/half_noise_full_kalman_filter/full_kalman_filter.py:28: RuntimeWarning: overflow encountered in add
  return inp[0] + inp[1]
/n/home10/vsaketos/wavegp/kalmangp/half_noise_full_kalman_filter/full_kalman_filter.py:25: RuntimeWarning: invalid value encountered in matmul
  return inp[0] @ inp[1]
/n/home10/vsaketos/wavegp/kalmangp/half_noise_full_kalman_filter/full_kalman_filter.py:28: RuntimeWarning: overflow encountered in add
  return inp[0] + inp[1]
/n/home10/vsaketos/wavegp/kalmangp/half_noise_full_kalman_filter/full_kalman_filter.py:22: RuntimeWarning: invalid value encountered in subtract
  return inp[0] - inp[1]
/n/home10/vsaketos/wavegp/kalmangp/half_noise_full_kalman_filter/full_kalman_filter.py:28: RuntimeWarning: overflow encountered in add
  return inp[0] + inp[1]
/n/home10/vsaketos/wavegp/kalmangp/half_noise_full_kalman_filter/full_kalman_filter.py:28: RuntimeWarning: overflow encountered in add
  return inp[0] + inp[1]
/n/home10/vsaketos/wavegp/kalmangp/half_noise_full_kalman_filter/full_kalman_filter.py:22: RuntimeWarning: invalid value encountered in subtract
  return inp[0] - inp[1]
/n/home10/vsaketos/wavegp/kalmangp/half_noise_full_kalman_filter/full_kalman_filter.py:28: RuntimeWarning: overflow encountered in add
  return inp[0] + inp[1]
/n/home10/vsaketos/wavegp/kalmangp/half_noise_full_kalman_filter/full_kalman_filter.py:22: RuntimeWarning: invalid value encountered in scalar subtract
  return inp[0] - inp[1]
/n/home10/vsaketos/wavegp/kalmangp/half_noise_full_kalman_filter/full_kalman_filter.py:22: RuntimeWarning: invalid value encountered in subtract
  return inp[0] - inp[1]
/n/home10/vsaketos/wavegp/kalmangp/half_noise_full_kalman_filter/full_kalman_filter.py:28: RuntimeWarning: overflow encountered in add
  return inp[0] + inp[1]
/n/home10/vsaketos/wavegp/kalmangp/half_noise_full_kalman_filter/full_kalman_filter.py:22: RuntimeWarning: invalid value encountered in subtract
  return inp[0] - inp[1]
/n/home10/vsaketos/wavegp/kalmangp/half_noise_full_kalman_filter/full_kalman_filter.py:22: RuntimeWarning: invalid value encountered in subtract
  return inp[0] - inp[1]
/n/home10/vsaketos/wavegp/kalmangp/half_noise_full_kalman_filter/full_kalman_filter.py:28: RuntimeWarning: overflow encountered in add
  return inp[0] + inp[1]
/n/home10/vsaketos/wavegp/kalmangp/half_noise_full_kalman_filter/full_kalman_filter.py:22: RuntimeWarning: invalid value encountered in subtract
  return inp[0] - inp[1]
/n/home10/vsaketos/wavegp/kalmangp/half_noise_full_kalman_filter/full_kalman_filter.py:22: RuntimeWarning: invalid value encountered in subtract
  return inp[0] - inp[1]
/n/home10/vsaketos/wavegp/kalmangp/half_noise_full_kalman_filter/full_kalman_filter.py:28: RuntimeWarning: overflow encountered in add
  return inp[0] + inp[1]
/n/home10/vsaketos/wavegp/kalmangp/half_noise_full_kalman_filter/full_kalman_filter.py:22: RuntimeWarning: overflow encountered in subtract
  return inp[0] - inp[1]
/n/home10/vsaketos/wavegp/kalmangp/half_noise_full_kalman_filter/full_kalman_filter.py:22: RuntimeWarning: invalid value encountered in subtract
  return inp[0] - inp[1]
/n/home10/vsaketos/wavegp/kalmangp/half_noise_full_kalman_filter/full_kalman_filter.py:28: RuntimeWarning: overflow encountered in add
  return inp[0] + inp[1]
/n/home10/vsaketos/wavegp/kalmangp/half_noise_full_kalman_filter/full_kalman_filter.py:28: RuntimeWarning: overflow encountered in add
  return inp[0] + inp[1]
/n/home10/vsaketos/wavegp/kalmangp/half_noise_full_kalman_filter/full_kalman_filter.py:22: RuntimeWarning: overflow encountered in subtract
  return inp[0] - inp[1]
/n/home10/vsaketos/wavegp/kalmangp/half_noise_full_kalman_filter/full_kalman_filter.py:28: RuntimeWarning: overflow encountered in add
  return inp[0] + inp[1]
/n/home10/vsaketos/wavegp/kalmangp/half_noise_full_kalman_filter/full_kalman_filter.py:28: RuntimeWarning: overflow encountered in add
  return inp[0] + inp[1]
/n/home10/vsaketos/wavegp/kalmangp/half_noise_full_kalman_filter/full_kalman_filter.py:22: RuntimeWarning: invalid value encountered in subtract
  return inp[0] - inp[1]
/n/home10/vsaketos/wavegp/kalmangp/half_noise_full_kalman_filter/full_kalman_filter.py:28: RuntimeWarning: overflow encountered in add
  return inp[0] + inp[1]
/n/home10/vsaketos/wavegp/kalmangp/half_noise_full_kalman_filter/full_kalman_filter.py:28: RuntimeWarning: overflow encountered in add
  return inp[0] + inp[1]
/n/home10/vsaketos/wavegp/kalmangp/half_noise_full_kalman_filter/full_kalman_filter.py:22: RuntimeWarning: invalid value encountered in subtract
  return inp[0] - inp[1]
/n/home10/vsaketos/wavegp/kalmangp/half_noise_full_kalman_filter/full_kalman_filter.py:22: RuntimeWarning: invalid value encountered in scalar subtract
  return inp[0] - inp[1]
/n/home10/vsaketos/wavegp/kalmangp/half_noise_full_kalman_filter/full_kalman_filter.py:28: RuntimeWarning: invalid value encountered in add
  return inp[0] + inp[1]
/n/home10/vsaketos/wavegp/kalmangp/half_noise_full_kalman_filter/full_kalman_filter.py:28: RuntimeWarning: overflow encountered in add
  return inp[0] + inp[1]
/n/home10/vsaketos/wavegp/kalmangp/half_noise_full_kalman_filter/full_kalman_filter.py:22: RuntimeWarning: invalid value encountered in subtract
  return inp[0] - inp[1]
/n/home10/vsaketos/wavegp/kalmangp/half_noise_full_kalman_filter/full_kalman_filter.py:22: RuntimeWarning: invalid value encountered in subtract
  return inp[0] - inp[1]
/n/home10/vsaketos/wavegp/kalmangp/half_noise_full_kalman_filter/full_kalman_filter.py:28: RuntimeWarning: overflow encountered in add
  return inp[0] + inp[1]
/n/home10/vsaketos/wavegp/kalmangp/half_noise_full_kalman_filter/full_kalman_filter.py:28: RuntimeWarning: overflow encountered in add
  return inp[0] + inp[1]
/n/home10/vsaketos/wavegp/kalmangp/half_noise_full_kalman_filter/full_kalman_filter.py:22: RuntimeWarning: invalid value encountered in subtract
  return inp[0] - inp[1]
/n/home10/vsaketos/wavegp/kalmangp/half_noise_full_kalman_filter/full_kalman_filter.py:28: RuntimeWarning: overflow encountered in add
  return inp[0] + inp[1]
/n/home10/vsaketos/wavegp/kalmangp/half_noise_full_kalman_filter/full_kalman_filter.py:28: RuntimeWarning: overflow encountered in add
  return inp[0] + inp[1]
/n/home10/vsaketos/wavegp/kalmangp/half_noise_full_kalman_filter/full_kalman_filter.py:28: RuntimeWarning: overflow encountered in add
  return inp[0] + inp[1]
/n/home10/vsaketos/wavegp/kalmangp/half_noise_full_kalman_filter/full_kalman_filter.py:28: RuntimeWarning: overflow encountered in add
  return inp[0] + inp[1]
/n/home10/vsaketos/wavegp/kalmangp/half_noise_full_kalman_filter/full_kalman_filter.py:28: RuntimeWarning: invalid value encountered in add
  return inp[0] + inp[1]
/n/home10/vsaketos/wavegp/kalmangp/half_noise_full_kalman_filter/full_kalman_filter.py:22: RuntimeWarning: invalid value encountered in subtract
  return inp[0] - inp[1]
/n/home10/vsaketos/wavegp/kalmangp/half_noise_full_kalman_filter/full_kalman_filter.py:28: RuntimeWarning: overflow encountered in add
  return inp[0] + inp[1]
/n/home10/vsaketos/wavegp/kalmangp/half_noise_full_kalman_filter/full_kalman_filter.py:28: RuntimeWarning: overflow encountered in add
  return inp[0] + inp[1]
/n/home10/vsaketos/wavegp/kalmangp/half_noise_full_kalman_filter/full_kalman_filter.py:28: RuntimeWarning: overflow encountered in add
  return inp[0] + inp[1]
/n/home10/vsaketos/wavegp/kalmangp/half_noise_full_kalman_filter/full_kalman_filter.py:22: RuntimeWarning: invalid value encountered in subtract
  return inp[0] - inp[1]
/n/home10/vsaketos/wavegp/kalmangp/half_noise_full_kalman_filter/full_kalman_filter.py:22: RuntimeWarning: invalid value encountered in subtract
  return inp[0] - inp[1]
/n/home10/vsaketos/wavegp/kalmangp/half_noise_full_kalman_filter/full_kalman_filter.py:22: RuntimeWarning: invalid value encountered in scalar subtract
  return inp[0] - inp[1]
/n/home10/vsaketos/wavegp/kalmangp/half_noise_full_kalman_filter/full_kalman_filter.py:22: RuntimeWarning: invalid value encountered in scalar subtract
  return inp[0] - inp[1]
/n/home10/vsaketos/wavegp/kalmangp/half_noise_full_kalman_filter/full_kalman_filter.py:22: RuntimeWarning: invalid value encountered in scalar subtract
  return inp[0] - inp[1]
/n/home10/vsaketos/wavegp/kalmangp/half_noise_full_kalman_filter/full_kalman_filter.py:22: RuntimeWarning: invalid value encountered in scalar subtract
  return inp[0] - inp[1]
/n/home10/vsaketos/wavegp/kalmangp/half_noise_full_kalman_filter/full_kalman_filter.py:22: RuntimeWarning: invalid value encountered in scalar subtract
  return inp[0] - inp[1]
/n/home10/vsaketos/wavegp/kalmangp/half_noise_full_kalman_filter/full_kalman_filter.py:22: RuntimeWarning: invalid value encountered in scalar subtract
  return inp[0] - inp[1]
/n/home10/vsaketos/wavegp/kalmangp/half_noise_full_kalman_filter/full_kalman_filter.py:22: RuntimeWarning: invalid value encountered in scalar subtract
  return inp[0] - inp[1]
/n/home10/vsaketos/wavegp/kalmangp/half_noise_full_kalman_filter/full_kalman_filter.py:22: RuntimeWarning: invalid value encountered in scalar subtract
  return inp[0] - inp[1]
/n/home10/vsaketos/wavegp/kalmangp/half_noise_full_kalman_filter/full_kalman_filter.py:22: RuntimeWarning: overflow encountered in subtract
  return inp[0] - inp[1]
/n/home10/vsaketos/wavegp/kalmangp/half_noise_full_kalman_filter/full_kalman_filter.py:22: RuntimeWarning: overflow encountered in subtract
  return inp[0] - inp[1]
/n/home10/vsaketos/wavegp/kalmangp/half_noise_full_kalman_filter/full_kalman_filter.py:22: RuntimeWarning: invalid value encountered in scalar subtract
  return inp[0] - inp[1]
/n/home10/vsaketos/wavegp/kalmangp/half_noise_full_kalman_filter/full_kalman_filter.py:22: RuntimeWarning: invalid value encountered in scalar subtract
  return inp[0] - inp[1]
/n/home10/vsaketos/wavegp/kalmangp/half_noise_full_kalman_filter/full_kalman_filter.py:22: RuntimeWarning: invalid value encountered in subtract
  return inp[0] - inp[1]
/n/home10/vsaketos/wavegp/kalmangp/half_noise_full_kalman_filter/full_kalman_filter.py:22: RuntimeWarning: overflow encountered in subtract
  return inp[0] - inp[1]
/n/home10/vsaketos/wavegp/kalmangp/half_noise_full_kalman_filter/full_kalman_filter.py:22: RuntimeWarning: invalid value encountered in scalar subtract
  return inp[0] - inp[1]
/n/home10/vsaketos/wavegp/kalmangp/half_noise_full_kalman_filter/full_kalman_filter.py:28: RuntimeWarning: overflow encountered in add
  return inp[0] + inp[1]
/n/home10/vsaketos/wavegp/kalmangp/half_noise_full_kalman_filter/full_kalman_filter.py:28: RuntimeWarning: overflow encountered in add
  return inp[0] + inp[1]
/n/home10/vsaketos/wavegp/kalmangp/half_noise_full_kalman_filter/full_kalman_filter.py:22: RuntimeWarning: invalid value encountered in subtract
  return inp[0] - inp[1]
/n/home10/vsaketos/wavegp/kalmangp/half_noise_full_kalman_filter/full_kalman_filter.py:22: RuntimeWarning: invalid value encountered in subtract
  return inp[0] - inp[1]
/n/home10/vsaketos/wavegp/kalmangp/half_noise_full_kalman_filter/full_kalman_filter.py:22: RuntimeWarning: invalid value encountered in subtract
  return inp[0] - inp[1]
/n/home10/vsaketos/wavegp/kalmangp/half_noise_full_kalman_filter/full_kalman_filter.py:28: RuntimeWarning: invalid value encountered in add
  return inp[0] + inp[1]
/n/home10/vsaketos/wavegp/kalmangp/half_noise_full_kalman_filter/full_kalman_filter.py:28: RuntimeWarning: overflow encountered in add
  return inp[0] + inp[1]
/n/home10/vsaketos/wavegp/kalmangp/half_noise_full_kalman_filter/full_kalman_filter.py:28: RuntimeWarning: overflow encountered in add
  return inp[0] + inp[1]
/n/home10/vsaketos/wavegp/kalmangp/half_noise_full_kalman_filter/full_kalman_filter.py:22: RuntimeWarning: invalid value encountered in subtract
  return inp[0] - inp[1]
/n/home10/vsaketos/wavegp/kalmangp/half_noise_full_kalman_filter/full_kalman_filter.py:28: RuntimeWarning: overflow encountered in scalar add
  return inp[0] + inp[1]
/n/home10/vsaketos/wavegp/kalmangp/half_noise_full_kalman_filter/full_kalman_filter.py:28: RuntimeWarning: overflow encountered in add
  return inp[0] + inp[1]
/n/home10/vsaketos/wavegp/kalmangp/half_noise_full_kalman_filter/full_kalman_filter.py:28: RuntimeWarning: overflow encountered in add
  return inp[0] + inp[1]
/n/home10/vsaketos/wavegp/kalmangp/half_noise_full_kalman_filter/full_kalman_filter.py:22: RuntimeWarning: invalid value encountered in subtract
  return inp[0] - inp[1]
/n/home10/vsaketos/wavegp/kalmangp/half_noise_full_kalman_filter/full_kalman_filter.py:22: RuntimeWarning: invalid value encountered in subtract
  return inp[0] - inp[1]
/n/home10/vsaketos/wavegp/kalmangp/half_noise_full_kalman_filter/full_kalman_filter.py:22: RuntimeWarning: invalid value encountered in subtract
  return inp[0] - inp[1]
/n/home10/vsaketos/wavegp/kalmangp/half_noise_full_kalman_filter/full_kalman_filter.py:22: RuntimeWarning: invalid value encountered in scalar subtract
  return inp[0] - inp[1]
/n/home10/vsaketos/wavegp/kalmangp/half_noise_full_kalman_filter/full_kalman_filter.py:22: RuntimeWarning: overflow encountered in subtract
  return inp[0] - inp[1]
/n/home10/vsaketos/wavegp/kalmangp/half_noise_full_kalman_filter/full_kalman_filter.py:28: RuntimeWarning: invalid value encountered in add
  return inp[0] + inp[1]
/n/home10/vsaketos/wavegp/kalmangp/half_noise_full_kalman_filter/full_kalman_filter.py:28: RuntimeWarning: invalid value encountered in add
  return inp[0] + inp[1]
/n/home10/vsaketos/wavegp/kalmangp/half_noise_full_kalman_filter/full_kalman_filter.py:22: RuntimeWarning: invalid value encountered in scalar subtract
  return inp[0] - inp[1]
/n/home10/vsaketos/wavegp/kalmangp/half_noise_full_kalman_filter/full_kalman_filter.py:28: RuntimeWarning: overflow encountered in add
  return inp[0] + inp[1]
/n/home10/vsaketos/wavegp/kalmangp/half_noise_full_kalman_filter/full_kalman_filter.py:28: RuntimeWarning: invalid value encountered in add
  return inp[0] + inp[1]
/n/home10/vsaketos/wavegp/kalmangp/half_noise_full_kalman_filter/full_kalman_filter.py:22: RuntimeWarning: invalid value encountered in scalar subtract
  return inp[0] - inp[1]
/n/home10/vsaketos/wavegp/kalmangp/half_noise_full_kalman_filter/full_kalman_filter.py:28: RuntimeWarning: overflow encountered in add
  return inp[0] + inp[1]
/n/home10/vsaketos/wavegp/kalmangp/half_noise_full_kalman_filter/full_kalman_filter.py:28: RuntimeWarning: invalid value encountered in add
  return inp[0] + inp[1]
/n/home10/vsaketos/wavegp/kalmangp/half_noise_full_kalman_filter/full_kalman_filter.py:28: RuntimeWarning: invalid value encountered in add
  return inp[0] + inp[1]
/n/home10/vsaketos/wavegp/kalmangp/half_noise_full_kalman_filter/full_kalman_filter.py:22: RuntimeWarning: invalid value encountered in subtract
  return inp[0] - inp[1]
/n/home10/vsaketos/wavegp/kalmangp/half_noise_full_kalman_filter/full_kalman_filter.py:28: RuntimeWarning: invalid value encountered in add
  return inp[0] + inp[1]
/n/home10/vsaketos/wavegp/kalmangp/half_noise_full_kalman_filter/full_kalman_filter.py:28: RuntimeWarning: invalid value encountered in add
  return inp[0] + inp[1]
/n/home10/vsaketos/wavegp/kalmangp/half_noise_full_kalman_filter/full_kalman_filter.py:28: RuntimeWarning: invalid value encountered in add
  return inp[0] + inp[1]
/n/home10/vsaketos/wavegp/kalmangp/half_noise_full_kalman_filter/full_kalman_filter.py:28: RuntimeWarning: invalid value encountered in add
  return inp[0] + inp[1]
/n/home10/vsaketos/wavegp/kalmangp/half_noise_full_kalman_filter/full_kalman_filter.py:22: RuntimeWarning: invalid value encountered in subtract
  return inp[0] - inp[1]
/n/home10/vsaketos/wavegp/kalmangp/half_noise_full_kalman_filter/full_kalman_filter.py:28: RuntimeWarning: invalid value encountered in add
  return inp[0] + inp[1]
/n/home10/vsaketos/wavegp/kalmangp/half_noise_full_kalman_filter/full_kalman_filter.py:22: RuntimeWarning: invalid value encountered in scalar subtract
  return inp[0] - inp[1]
/n/home10/vsaketos/wavegp/kalmangp/half_noise_full_kalman_filter/full_kalman_filter.py:22: RuntimeWarning: invalid value encountered in scalar subtract
  return inp[0] - inp[1]
/n/home10/vsaketos/wavegp/kalmangp/half_noise_full_kalman_filter/full_kalman_filter.py:28: RuntimeWarning: invalid value encountered in add
  return inp[0] + inp[1]
/n/home10/vsaketos/wavegp/kalmangp/half_noise_full_kalman_filter/full_kalman_filter.py:22: RuntimeWarning: overflow encountered in subtract
  return inp[0] - inp[1]
/n/home10/vsaketos/wavegp/kalmangp/half_noise_full_kalman_filter/full_kalman_filter.py:22: RuntimeWarning: invalid value encountered in subtract
  return inp[0] - inp[1]
/n/home10/vsaketos/wavegp/kalmangp/half_noise_full_kalman_filter/full_kalman_filter.py:28: RuntimeWarning: invalid value encountered in add
  return inp[0] + inp[1]
/n/home10/vsaketos/wavegp/kalmangp/half_noise_full_kalman_filter/full_kalman_filter.py:22: RuntimeWarning: invalid value encountered in subtract
  return inp[0] - inp[1]
/n/home10/vsaketos/wavegp/kalmangp/half_noise_full_kalman_filter/full_kalman_filter.py:28: RuntimeWarning: invalid value encountered in add
  return inp[0] + inp[1]
/n/home10/vsaketos/wavegp/kalmangp/half_noise_full_kalman_filter/full_kalman_filter.py:22: RuntimeWarning: invalid value encountered in subtract
  return inp[0] - inp[1]
/n/home10/vsaketos/wavegp/kalmangp/half_noise_full_kalman_filter/full_kalman_filter.py:22: RuntimeWarning: invalid value encountered in scalar subtract
  return inp[0] - inp[1]
/n/home10/vsaketos/wavegp/kalmangp/half_noise_full_kalman_filter/full_kalman_filter.py:22: RuntimeWarning: invalid value encountered in subtract
  return inp[0] - inp[1]
/n/home10/vsaketos/wavegp/kalmangp/half_noise_full_kalman_filter/full_kalman_filter.py:22: RuntimeWarning: overflow encountered in subtract
  return inp[0] - inp[1]
/n/home10/vsaketos/wavegp/kalmangp/half_noise_full_kalman_filter/full_kalman_filter.py:28: RuntimeWarning: invalid value encountered in add
  return inp[0] + inp[1]
/n/home10/vsaketos/wavegp/kalmangp/half_noise_full_kalman_filter/full_kalman_filter.py:28: RuntimeWarning: invalid value encountered in add
  return inp[0] + inp[1]
/n/home10/vsaketos/wavegp/kalmangp/half_noise_full_kalman_filter/full_kalman_filter.py:28: RuntimeWarning: invalid value encountered in add
  return inp[0] + inp[1]
/n/home10/vsaketos/wavegp/kalmangp/half_noise_full_kalman_filter/full_kalman_filter.py:28: RuntimeWarning: invalid value encountered in add
  return inp[0] + inp[1]
/n/home10/vsaketos/wavegp/kalmangp/half_noise_full_kalman_filter/full_kalman_filter.py:28: RuntimeWarning: invalid value encountered in add
  return inp[0] + inp[1]
/n/home10/vsaketos/wavegp/kalmangp/half_noise_full_kalman_filter/full_kalman_filter.py:22: RuntimeWarning: overflow encountered in subtract
  return inp[0] - inp[1]
/n/home10/vsaketos/wavegp/kalmangp/half_noise_full_kalman_filter/full_kalman_filter.py:28: RuntimeWarning: invalid value encountered in add
  return inp[0] + inp[1]
/n/home10/vsaketos/wavegp/kalmangp/half_noise_full_kalman_filter/full_kalman_filter.py:28: RuntimeWarning: invalid value encountered in add
  return inp[0] + inp[1]
/n/home10/vsaketos/wavegp/kalmangp/half_noise_full_kalman_filter/full_kalman_filter.py:28: RuntimeWarning: invalid value encountered in add
  return inp[0] + inp[1]
/n/home10/vsaketos/wavegp/kalmangp/half_noise_full_kalman_filter/full_kalman_filter.py:22: RuntimeWarning: invalid value encountered in subtract
  return inp[0] - inp[1]
/n/home10/vsaketos/wavegp/kalmangp/half_noise_full_kalman_filter/full_kalman_filter.py:28: RuntimeWarning: invalid value encountered in add
  return inp[0] + inp[1]
/n/home10/vsaketos/wavegp/kalmangp/half_noise_full_kalman_filter/full_kalman_filter.py:22: RuntimeWarning: overflow encountered in scalar subtract
  return inp[0] - inp[1]
/n/home10/vsaketos/wavegp/kalmangp/half_noise_full_kalman_filter/full_kalman_filter.py:28: RuntimeWarning: invalid value encountered in add
  return inp[0] + inp[1]
/n/home10/vsaketos/wavegp/kalmangp/half_noise_full_kalman_filter/full_kalman_filter.py:28: RuntimeWarning: invalid value encountered in add
  return inp[0] + inp[1]
/n/home10/vsaketos/wavegp/kalmangp/half_noise_full_kalman_filter/full_kalman_filter.py:28: RuntimeWarning: overflow encountered in scalar add
  return inp[0] + inp[1]
/n/home10/vsaketos/wavegp/kalmangp/half_noise_full_kalman_filter/full_kalman_filter.py:28: RuntimeWarning: invalid value encountered in add
  return inp[0] + inp[1]
/n/home10/vsaketos/wavegp/kalmangp/half_noise_full_kalman_filter/full_kalman_filter.py:28: RuntimeWarning: overflow encountered in scalar add
  return inp[0] + inp[1]
/n/home10/vsaketos/wavegp/kalmangp/half_noise_full_kalman_filter/full_kalman_filter.py:28: RuntimeWarning: invalid value encountered in add
  return inp[0] + inp[1]
/n/home10/vsaketos/wavegp/kalmangp/half_noise_full_kalman_filter/full_kalman_filter.py:28: RuntimeWarning: invalid value encountered in add
  return inp[0] + inp[1]
/n/home10/vsaketos/wavegp/kalmangp/half_noise_full_kalman_filter/full_kalman_filter.py:28: RuntimeWarning: invalid value encountered in add
  return inp[0] + inp[1]
/n/home10/vsaketos/wavegp/kalmangp/half_noise_full_kalman_filter/full_kalman_filter.py:28: RuntimeWarning: invalid value encountered in add
  return inp[0] + inp[1]
/n/home10/vsaketos/wavegp/kalmangp/half_noise_full_kalman_filter/full_kalman_filter.py:28: RuntimeWarning: overflow encountered in add
  return inp[0] + inp[1]
/n/home10/vsaketos/wavegp/kalmangp/half_noise_full_kalman_filter/full_kalman_filter.py:28: RuntimeWarning: overflow encountered in add
  return inp[0] + inp[1]
/n/home10/vsaketos/wavegp/kalmangp/half_noise_full_kalman_filter/full_kalman_filter.py:28: RuntimeWarning: invalid value encountered in add
  return inp[0] + inp[1]
slurmstepd: error: *** JOB 17317708 ON holy7c24408 CANCELLED AT 2025-05-31T20:47:13 DUE TO TIME LIMIT ***
