Sanity check loss: 3.8598753035070725
[00006] New best score: 4.6444e+00
Graph: digraph {
  0 [label = i0]
  1 [label = i1]
  2 [label = i2]
  3 [label = i3]
  4 [label = i4]
  5 [label = i5]
  6 [label = "matmul"]
  4 -> 6 [color = red]
  2 -> 6 [color = blue]
  8 [label = "inv"]
  2 -> 8
  10 [label = "add"]
  4 -> 10 [color = red]
  8 -> 10 [color = blue]
  12 [label = "add"]
  0 -> 12 [color = red]
  3 -> 12 [color = blue]
  15 [label = "matmul"]
  10 -> 15 [color = red]
  5 -> 15 [color = blue]
  25 [label = o0]
  6 -> 25
  26 [label = o1]
  12 -> 26
  27 [label = o2]
  4 -> 27
  28 [label = o3]
  6 -> 28
  29 [label = o4]
  15 -> 29
  30 [label = o5]
  4 -> 30
}

[10451] New best score: 4.6444e+00
Graph: digraph {
  0 [label = i0]
  1 [label = i1]
  2 [label = i2]
  3 [label = i3]
  4 [label = i4]
  5 [label = i5]
  9 [label = "add"]
  4 -> 9 [color = red]
  0 -> 9 [color = blue]
  12 [label = "add"]
  4 -> 12 [color = red]
  3 -> 12 [color = blue]
  13 [label = "add"]
  9 -> 13 [color = red]
  4 -> 13 [color = blue]
  20 [label = "transpose"]
  9 -> 20
  22 [label = "minus"]
  13 -> 22 [color = red]
  20 -> 22 [color = blue]
  25 [label = o0]
  13 -> 25
  26 [label = o1]
  12 -> 26
  27 [label = o2]
  0 -> 27
  28 [label = o3]
  9 -> 28
  29 [label = o4]
  0 -> 29
  30 [label = o5]
  22 -> 30
}

[23663] New best score: 4.6164e+00
Graph: digraph {
  0 [label = i0]
  1 [label = i1]
  2 [label = i2]
  3 [label = i3]
  4 [label = i4]
  5 [label = i5]
  6 [label = "minus"]
  5 -> 6 [color = red]
  1 -> 6 [color = blue]
  7 [label = "add"]
  1 -> 7 [color = red]
  2 -> 7 [color = blue]
  8 [label = "matmul"]
  6 -> 8 [color = red]
  1 -> 8 [color = blue]
  10 [label = "transpose"]
  4 -> 10
  11 [label = "minus"]
  7 -> 11 [color = red]
  4 -> 11 [color = blue]
  12 [label = "minus"]
  5 -> 12 [color = red]
  4 -> 12 [color = blue]
  13 [label = "matmul"]
  8 -> 13 [color = red]
  7 -> 13 [color = blue]
  15 [label = "matmul"]
  7 -> 15 [color = red]
  10 -> 15 [color = blue]
  17 [label = "transpose"]
  12 -> 17
  25 [label = o0]
  0 -> 25
  26 [label = o1]
  13 -> 26
  27 [label = o2]
  17 -> 27
  28 [label = o3]
  8 -> 28
  29 [label = o4]
  11 -> 29
  30 [label = o5]
  15 -> 30
}

[1188430] New best score: 4.4553e+00
Graph: digraph {
  0 [label = i0]
  1 [label = i1]
  2 [label = i2]
  3 [label = i3]
  4 [label = i4]
  5 [label = i5]
  6 [label = "inv"]
  1 -> 6
  7 [label = "transpose"]
  2 -> 7
  8 [label = "inv"]
  7 -> 8
  9 [label = "add"]
  5 -> 9 [color = red]
  4 -> 9 [color = blue]
  11 [label = "transpose"]
  4 -> 11
  12 [label = "transpose"]
  8 -> 12
  14 [label = "add"]
  0 -> 14 [color = red]
  11 -> 14 [color = blue]
  19 [label = "matmul"]
  9 -> 19 [color = red]
  6 -> 19 [color = blue]
  20 [label = "matmul"]
  14 -> 20 [color = red]
  8 -> 20 [color = blue]
  23 [label = "inv"]
  12 -> 23
  24 [label = "add"]
  5 -> 24 [color = red]
  6 -> 24 [color = blue]
  25 [label = o0]
  20 -> 25
  26 [label = o1]
  24 -> 26
  27 [label = o2]
  19 -> 27
  28 [label = o3]
  23 -> 28
  29 [label = o4]
  9 -> 29
  30 [label = o5]
  20 -> 30
}

[2572181] New best score: 4.0603e+00
Graph: digraph {
  0 [label = i0]
  1 [label = i1]
  2 [label = i2]
  3 [label = i3]
  4 [label = i4]
  5 [label = i5]
  6 [label = "matmul"]
  0 -> 6 [color = red]
  2 -> 6 [color = blue]
  7 [label = "add"]
  4 -> 7 [color = red]
  5 -> 7 [color = blue]
  11 [label = "minus"]
  1 -> 11 [color = red]
  1 -> 11 [color = blue]
  12 [label = "inv"]
  5 -> 12
  13 [label = "matmul"]
  11 -> 13 [color = red]
  12 -> 13 [color = blue]
  17 [label = "add"]
  4 -> 17 [color = red]
  6 -> 17 [color = blue]
  18 [label = "inv"]
  12 -> 18
  19 [label = "inv"]
  7 -> 19
  25 [label = o0]
  17 -> 25
  26 [label = o1]
  19 -> 26
  27 [label = o2]
  0 -> 27
  28 [label = o3]
  13 -> 28
  29 [label = o4]
  18 -> 29
  30 [label = o5]
  17 -> 30
}

[46755241] New best score: 3.5492e+00
Graph: digraph {
  0 [label = i0]
  1 [label = i1]
  2 [label = i2]
  3 [label = i3]
  4 [label = i4]
  5 [label = i5]
  6 [label = "minus"]
  2 -> 6 [color = red]
  4 -> 6 [color = blue]
  7 [label = "matmul"]
  6 -> 7 [color = red]
  4 -> 7 [color = blue]
  9 [label = "matmul"]
  0 -> 9 [color = red]
  2 -> 9 [color = blue]
  14 [label = "transpose"]
  4 -> 14
  15 [label = "minus"]
  14 -> 15 [color = red]
  9 -> 15 [color = blue]
  19 [label = "transpose"]
  4 -> 19
  20 [label = "minus"]
  19 -> 20 [color = red]
  7 -> 20 [color = blue]
  24 [label = "inv"]
  6 -> 24
  25 [label = o0]
  14 -> 25
  26 [label = o1]
  24 -> 26
  27 [label = o2]
  20 -> 27
  28 [label = o3]
  6 -> 28
  29 [label = o4]
  5 -> 29
  30 [label = o5]
  15 -> 30
}

[47740449] New best score: 3.5273e+00
Graph: digraph {
  0 [label = i0]
  1 [label = i1]
  2 [label = i2]
  3 [label = i3]
  4 [label = i4]
  5 [label = i5]
  6 [label = "transpose"]
  1 -> 6
  7 [label = "add"]
  6 -> 7 [color = red]
  0 -> 7 [color = blue]
  8 [label = "inv"]
  7 -> 8
  9 [label = "matmul"]
  0 -> 9 [color = red]
  8 -> 9 [color = blue]
  12 [label = "add"]
  4 -> 12 [color = red]
  9 -> 12 [color = blue]
  19 [label = "transpose"]
  4 -> 19
  21 [label = "transpose"]
  0 -> 21
  22 [label = "add"]
  19 -> 22 [color = red]
  7 -> 22 [color = blue]
  25 [label = o0]
  0 -> 25
  26 [label = o1]
  5 -> 26
  27 [label = o2]
  22 -> 27
  28 [label = o3]
  21 -> 28
  29 [label = o4]
  22 -> 29
  30 [label = o5]
  12 -> 30
}

[145617583] New best score: 2.6441e+00
Graph: digraph {
  0 [label = i0]
  1 [label = i1]
  2 [label = i2]
  3 [label = i3]
  4 [label = i4]
  5 [label = i5]
  6 [label = "minus"]
  1 -> 6 [color = red]
  2 -> 6 [color = blue]
  7 [label = "minus"]
  4 -> 7 [color = red]
  4 -> 7 [color = blue]
  9 [label = "matmul"]
  3 -> 9 [color = red]
  7 -> 9 [color = blue]
  11 [label = "matmul"]
  6 -> 11 [color = red]
  2 -> 11 [color = blue]
  12 [label = "matmul"]
  6 -> 12 [color = red]
  4 -> 12 [color = blue]
  19 [label = "matmul"]
  11 -> 19 [color = red]
  7 -> 19 [color = blue]
  21 [label = "add"]
  11 -> 21 [color = red]
  7 -> 21 [color = blue]
  25 [label = o0]
  19 -> 25
  26 [label = o1]
  21 -> 26
  27 [label = o2]
  2 -> 27
  28 [label = o3]
  6 -> 28
  29 [label = o4]
  9 -> 29
  30 [label = o5]
  12 -> 30
}

