Sanity check loss: 3.8598753035070725
[00001] New best score: 4.9088e+05
Graph: digraph {
  0 [label = i0]
  1 [label = i1]
  2 [label = i2]
  3 [label = i3]
  4 [label = i4]
  5 [label = i5]
  6 [label = "add"]
  1 -> 6 [color = red]
  5 -> 6 [color = blue]
  8 [label = "matmul"]
  4 -> 8 [color = red]
  4 -> 8 [color = blue]
  9 [label = "minus"]
  4 -> 9 [color = red]
  4 -> 9 [color = blue]
  10 [label = "minus"]
  4 -> 10 [color = red]
  4 -> 10 [color = blue]
  12 [label = "add"]
  6 -> 12 [color = red]
  4 -> 12 [color = blue]
  16 [label = "matmul"]
  5 -> 16 [color = red]
  10 -> 16 [color = blue]
  18 [label = "add"]
  9 -> 18 [color = red]
  6 -> 18 [color = blue]
  25 [label = o0]
  10 -> 25
  26 [label = o1]
  5 -> 26
  27 [label = o2]
  8 -> 27
  28 [label = o3]
  12 -> 28
  29 [label = o4]
  18 -> 29
  30 [label = o5]
  16 -> 30
}

[00091] New best score: 4.6444e+00
Graph: digraph {
  0 [label = i0]
  1 [label = i1]
  2 [label = i2]
  3 [label = i3]
  4 [label = i4]
  5 [label = i5]
  6 [label = "matmul"]
  4 -> 6 [color = red]
  2 -> 6 [color = blue]
  8 [label = "transpose"]
  1 -> 8
  9 [label = "matmul"]
  1 -> 9 [color = red]
  2 -> 9 [color = blue]
  13 [label = "transpose"]
  9 -> 13
  19 [label = "transpose"]
  3 -> 19
  25 [label = o0]
  6 -> 25
  26 [label = o1]
  8 -> 26
  27 [label = o2]
  8 -> 27
  28 [label = o3]
  13 -> 28
  29 [label = o4]
  19 -> 29
  30 [label = o5]
  4 -> 30
}

[39730] New best score: 4.6444e+00
Graph: digraph {
  0 [label = i0]
  1 [label = i1]
  2 [label = i2]
  3 [label = i3]
  4 [label = i4]
  5 [label = i5]
  6 [label = "matmul"]
  3 -> 6 [color = red]
  0 -> 6 [color = blue]
  8 [label = "minus"]
  4 -> 8 [color = red]
  6 -> 8 [color = blue]
  9 [label = "transpose"]
  8 -> 9
  10 [label = "minus"]
  0 -> 10 [color = red]
  8 -> 10 [color = blue]
  11 [label = "transpose"]
  10 -> 11
  13 [label = "add"]
  9 -> 13 [color = red]
  6 -> 13 [color = blue]
  24 [label = "transpose"]
  11 -> 24
  25 [label = o0]
  13 -> 25
  26 [label = o1]
  6 -> 26
  27 [label = o2]
  3 -> 27
  28 [label = o3]
  2 -> 28
  29 [label = o4]
  24 -> 29
  30 [label = o5]
  13 -> 30
}

[119523] New best score: 4.6444e+00
Graph: digraph {
  0 [label = i0]
  1 [label = i1]
  2 [label = i2]
  3 [label = i3]
  4 [label = i4]
  5 [label = i5]
  6 [label = "add"]
  4 -> 6 [color = red]
  2 -> 6 [color = blue]
  8 [label = "matmul"]
  4 -> 8 [color = red]
  3 -> 8 [color = blue]
  9 [label = "minus"]
  5 -> 9 [color = red]
  0 -> 9 [color = blue]
  11 [label = "add"]
  1 -> 11 [color = red]
  9 -> 11 [color = blue]
  14 [label = "inv"]
  6 -> 14
  16 [label = "inv"]
  14 -> 16
  18 [label = "matmul"]
  4 -> 18 [color = red]
  14 -> 18 [color = blue]
  21 [label = "minus"]
  4 -> 21 [color = red]
  18 -> 21 [color = blue]
  24 [label = "matmul"]
  18 -> 24 [color = red]
  6 -> 24 [color = blue]
  25 [label = o0]
  8 -> 25
  26 [label = o1]
  5 -> 26
  27 [label = o2]
  16 -> 27
  28 [label = o3]
  11 -> 28
  29 [label = o4]
  21 -> 29
  30 [label = o5]
  24 -> 30
}

[393765] New best score: 4.6444e+00
Graph: digraph {
  0 [label = i0]
  1 [label = i1]
  2 [label = i2]
  3 [label = i3]
  4 [label = i4]
  5 [label = i5]
  7 [label = "matmul"]
  2 -> 7 [color = red]
  4 -> 7 [color = blue]
  8 [label = "add"]
  1 -> 8 [color = red]
  4 -> 8 [color = blue]
  10 [label = "minus"]
  2 -> 10 [color = red]
  5 -> 10 [color = blue]
  12 [label = "add"]
  7 -> 12 [color = red]
  1 -> 12 [color = blue]
  17 [label = "add"]
  10 -> 17 [color = red]
  8 -> 17 [color = blue]
  18 [label = "inv"]
  12 -> 18
  19 [label = "matmul"]
  18 -> 19 [color = red]
  8 -> 19 [color = blue]
  20 [label = "transpose"]
  7 -> 20
  25 [label = o0]
  20 -> 25
  26 [label = o1]
  19 -> 26
  27 [label = o2]
  18 -> 27
  28 [label = o3]
  1 -> 28
  29 [label = o4]
  17 -> 29
  30 [label = o5]
  20 -> 30
}

[1210375] New best score: 4.5830e+00
Graph: digraph {
  0 [label = i0]
  1 [label = i1]
  2 [label = i2]
  3 [label = i3]
  4 [label = i4]
  5 [label = i5]
  6 [label = "inv"]
  2 -> 6
  7 [label = "matmul"]
  6 -> 7 [color = red]
  1 -> 7 [color = blue]
  10 [label = "matmul"]
  1 -> 10 [color = red]
  5 -> 10 [color = blue]
  11 [label = "transpose"]
  7 -> 11
  12 [label = "matmul"]
  4 -> 12 [color = red]
  11 -> 12 [color = blue]
  13 [label = "minus"]
  2 -> 13 [color = red]
  4 -> 13 [color = blue]
  15 [label = "transpose"]
  4 -> 15
  16 [label = "transpose"]
  4 -> 16
  17 [label = "minus"]
  5 -> 17 [color = red]
  16 -> 17 [color = blue]
  18 [label = "matmul"]
  17 -> 18 [color = red]
  13 -> 18 [color = blue]
  20 [label = "add"]
  12 -> 20 [color = red]
  10 -> 20 [color = blue]
  25 [label = o0]
  15 -> 25
  26 [label = o1]
  10 -> 26
  27 [label = o2]
  18 -> 27
  28 [label = o3]
  20 -> 28
  29 [label = o4]
  1 -> 29
  30 [label = o5]
  12 -> 30
}

[4694095] New best score: 3.5556e+00
Graph: digraph {
  0 [label = i0]
  1 [label = i1]
  2 [label = i2]
  3 [label = i3]
  4 [label = i4]
  5 [label = i5]
  6 [label = "transpose"]
  4 -> 6
  7 [label = "transpose"]
  6 -> 7
  8 [label = "add"]
  0 -> 8 [color = red]
  2 -> 8 [color = blue]
  9 [label = "transpose"]
  6 -> 9
  10 [label = "minus"]
  2 -> 10 [color = red]
  7 -> 10 [color = blue]
  11 [label = "transpose"]
  8 -> 11
  13 [label = "add"]
  2 -> 13 [color = red]
  5 -> 13 [color = blue]
  14 [label = "matmul"]
  8 -> 14 [color = red]
  6 -> 14 [color = blue]
  15 [label = "inv"]
  11 -> 15
  16 [label = "matmul"]
  15 -> 16 [color = red]
  0 -> 16 [color = blue]
  22 [label = "minus"]
  6 -> 22 [color = red]
  14 -> 22 [color = blue]
  23 [label = "add"]
  16 -> 23 [color = red]
  7 -> 23 [color = blue]
  25 [label = o0]
  9 -> 25
  26 [label = o1]
  13 -> 26
  27 [label = o2]
  22 -> 27
  28 [label = o3]
  3 -> 28
  29 [label = o4]
  10 -> 29
  30 [label = o5]
  23 -> 30
}

[5343824] New best score: 3.5436e+00
Graph: digraph {
  0 [label = i0]
  1 [label = i1]
  2 [label = i2]
  3 [label = i3]
  4 [label = i4]
  5 [label = i5]
  6 [label = "add"]
  5 -> 6 [color = red]
  0 -> 6 [color = blue]
  7 [label = "transpose"]
  0 -> 7
  8 [label = "transpose"]
  6 -> 8
  10 [label = "inv"]
  8 -> 10
  11 [label = "matmul"]
  10 -> 11 [color = red]
  7 -> 11 [color = blue]
  16 [label = "add"]
  4 -> 16 [color = red]
  11 -> 16 [color = blue]
  20 [label = "transpose"]
  11 -> 20
  23 [label = "matmul"]
  16 -> 23 [color = red]
  1 -> 23 [color = blue]
  25 [label = o0]
  11 -> 25
  26 [label = o1]
  23 -> 26
  27 [label = o2]
  4 -> 27
  28 [label = o3]
  20 -> 28
  29 [label = o4]
  20 -> 29
  30 [label = o5]
  16 -> 30
}

[25223068] New best score: 3.5184e+00
Graph: digraph {
  0 [label = i0]
  1 [label = i1]
  2 [label = i2]
  3 [label = i3]
  4 [label = i4]
  5 [label = i5]
  6 [label = "transpose"]
  1 -> 6
  7 [label = "add"]
  6 -> 7 [color = red]
  0 -> 7 [color = blue]
  8 [label = "add"]
  7 -> 8 [color = red]
  6 -> 8 [color = blue]
  9 [label = "inv"]
  8 -> 9
  12 [label = "matmul"]
  0 -> 12 [color = red]
  9 -> 12 [color = blue]
  13 [label = "inv"]
  9 -> 13
  16 [label = "matmul"]
  12 -> 16 [color = red]
  9 -> 16 [color = blue]
  18 [label = "add"]
  12 -> 18 [color = red]
  4 -> 18 [color = blue]
  25 [label = o0]
  16 -> 25
  26 [label = o1]
  13 -> 26
  27 [label = o2]
  2 -> 27
  28 [label = o3]
  7 -> 28
  29 [label = o4]
  3 -> 29
  30 [label = o5]
  18 -> 30
}

[61981984] New best score: 2.6441e+00
Graph: digraph {
  0 [label = i0]
  1 [label = i1]
  2 [label = i2]
  3 [label = i3]
  4 [label = i4]
  5 [label = i5]
  6 [label = "matmul"]
  5 -> 6 [color = red]
  4 -> 6 [color = blue]
  8 [label = "minus"]
  1 -> 8 [color = red]
  2 -> 8 [color = blue]
  9 [label = "matmul"]
  8 -> 9 [color = red]
  0 -> 9 [color = blue]
  10 [label = "transpose"]
  9 -> 10
  13 [label = "matmul"]
  8 -> 13 [color = red]
  2 -> 13 [color = blue]
  14 [label = "matmul"]
  10 -> 14 [color = red]
  5 -> 14 [color = blue]
  17 [label = "transpose"]
  10 -> 17
  22 [label = "matmul"]
  8 -> 22 [color = red]
  6 -> 22 [color = blue]
  25 [label = o0]
  17 -> 25
  26 [label = o1]
  13 -> 26
  27 [label = o2]
  0 -> 27
  28 [label = o3]
  13 -> 28
  29 [label = o4]
  14 -> 29
  30 [label = o5]
  22 -> 30
}

