Sanity check loss: 3.8598753035070725
[00022] New best score: 4.9088e+05
Graph: digraph {
  0 [label = i0]
  1 [label = i1]
  2 [label = i2]
  3 [label = i3]
  4 [label = i4]
  5 [label = i5]
  9 [label = "matmul"]
  2 -> 9 [color = red]
  0 -> 9 [color = blue]
  14 [label = "matmul"]
  3 -> 14 [color = red]
  0 -> 14 [color = blue]
  22 [label = "transpose"]
  14 -> 22
  24 [label = "transpose"]
  14 -> 24
  25 [label = o0]
  4 -> 25
  26 [label = o1]
  5 -> 26
  27 [label = o2]
  14 -> 27
  28 [label = o3]
  22 -> 28
  29 [label = o4]
  24 -> 29
  30 [label = o5]
  9 -> 30
}

[00155] New best score: 4.6444e+00
Graph: digraph {
  0 [label = i0]
  1 [label = i1]
  2 [label = i2]
  3 [label = i3]
  4 [label = i4]
  5 [label = i5]
  9 [label = "matmul"]
  5 -> 9 [color = red]
  5 -> 9 [color = blue]
  10 [label = "matmul"]
  0 -> 10 [color = red]
  1 -> 10 [color = blue]
  11 [label = "transpose"]
  3 -> 11
  13 [label = "add"]
  3 -> 13 [color = red]
  3 -> 13 [color = blue]
  14 [label = "transpose"]
  4 -> 14
  15 [label = "matmul"]
  4 -> 15 [color = red]
  13 -> 15 [color = blue]
  16 [label = "transpose"]
  10 -> 16
  17 [label = "minus"]
  11 -> 17 [color = red]
  1 -> 17 [color = blue]
  20 [label = "matmul"]
  16 -> 20 [color = red]
  9 -> 20 [color = blue]
  25 [label = o0]
  15 -> 25
  26 [label = o1]
  17 -> 26
  27 [label = o2]
  20 -> 27
  28 [label = o3]
  14 -> 28
  29 [label = o4]
  3 -> 29
  30 [label = o5]
  4 -> 30
}

[110565] New best score: 4.6444e+00
Graph: digraph {
  0 [label = i0]
  1 [label = i1]
  2 [label = i2]
  3 [label = i3]
  4 [label = i4]
  5 [label = i5]
  6 [label = "inv"]
  1 -> 6
  7 [label = "add"]
  5 -> 7 [color = red]
  0 -> 7 [color = blue]
  8 [label = "minus"]
  7 -> 8 [color = red]
  3 -> 8 [color = blue]
  9 [label = "transpose"]
  1 -> 9
  10 [label = "matmul"]
  1 -> 10 [color = red]
  4 -> 10 [color = blue]
  16 [label = "transpose"]
  6 -> 16
  18 [label = "matmul"]
  3 -> 18 [color = red]
  0 -> 18 [color = blue]
  24 [label = "matmul"]
  10 -> 24 [color = red]
  16 -> 24 [color = blue]
  25 [label = o0]
  18 -> 25
  26 [label = o1]
  2 -> 26
  27 [label = o2]
  9 -> 27
  28 [label = o3]
  8 -> 28
  29 [label = o4]
  3 -> 29
  30 [label = o5]
  24 -> 30
}

[702738] New best score: 4.6444e+00
Graph: digraph {
  0 [label = i0]
  1 [label = i1]
  2 [label = i2]
  3 [label = i3]
  4 [label = i4]
  5 [label = i5]
  6 [label = "add"]
  0 -> 6 [color = red]
  3 -> 6 [color = blue]
  8 [label = "matmul"]
  0 -> 8 [color = red]
  4 -> 8 [color = blue]
  9 [label = "add"]
  4 -> 9 [color = red]
  8 -> 9 [color = blue]
  10 [label = "transpose"]
  8 -> 10
  12 [label = "transpose"]
  10 -> 12
  14 [label = "minus"]
  9 -> 14 [color = red]
  12 -> 14 [color = blue]
  15 [label = "add"]
  1 -> 15 [color = red]
  12 -> 15 [color = blue]
  16 [label = "add"]
  14 -> 16 [color = red]
  15 -> 16 [color = blue]
  20 [label = "minus"]
  6 -> 20 [color = red]
  0 -> 20 [color = blue]
  25 [label = o0]
  4 -> 25
  26 [label = o1]
  0 -> 26
  27 [label = o2]
  16 -> 27
  28 [label = o3]
  20 -> 28
  29 [label = o4]
  3 -> 29
  30 [label = o5]
  14 -> 30
}

[1019104] New best score: 4.6444e+00
Graph: digraph {
  0 [label = i0]
  1 [label = i1]
  2 [label = i2]
  3 [label = i3]
  4 [label = i4]
  5 [label = i5]
  6 [label = "transpose"]
  4 -> 6
  8 [label = "matmul"]
  4 -> 8 [color = red]
  4 -> 8 [color = blue]
  9 [label = "minus"]
  4 -> 9 [color = red]
  8 -> 9 [color = blue]
  11 [label = "add"]
  8 -> 11 [color = red]
  9 -> 11 [color = blue]
  13 [label = "transpose"]
  11 -> 13
  20 [label = "transpose"]
  6 -> 20
  25 [label = o0]
  20 -> 25
  26 [label = o1]
  6 -> 26
  27 [label = o2]
  3 -> 27
  28 [label = o3]
  11 -> 28
  29 [label = o4]
  3 -> 29
  30 [label = o5]
  13 -> 30
}

[2599604] New best score: 4.6420e+00
Graph: digraph {
  0 [label = i0]
  1 [label = i1]
  2 [label = i2]
  3 [label = i3]
  4 [label = i4]
  5 [label = i5]
  6 [label = "add"]
  2 -> 6 [color = red]
  2 -> 6 [color = blue]
  7 [label = "transpose"]
  0 -> 7
  10 [label = "minus"]
  3 -> 10 [color = red]
  7 -> 10 [color = blue]
  11 [label = "inv"]
  6 -> 11
  14 [label = "transpose"]
  4 -> 14
  17 [label = "matmul"]
  11 -> 17 [color = red]
  0 -> 17 [color = blue]
  22 [label = "add"]
  14 -> 22 [color = red]
  17 -> 22 [color = blue]
  25 [label = o0]
  17 -> 25
  26 [label = o1]
  6 -> 26
  27 [label = o2]
  14 -> 27
  28 [label = o3]
  10 -> 28
  29 [label = o4]
  2 -> 29
  30 [label = o5]
  22 -> 30
}

[2805396] New best score: 3.6962e+00
Graph: digraph {
  0 [label = i0]
  1 [label = i1]
  2 [label = i2]
  3 [label = i3]
  4 [label = i4]
  5 [label = i5]
  6 [label = "transpose"]
  1 -> 6
  7 [label = "minus"]
  0 -> 7 [color = red]
  6 -> 7 [color = blue]
  9 [label = "inv"]
  7 -> 9
  12 [label = "transpose"]
  0 -> 12
  13 [label = "transpose"]
  4 -> 13
  15 [label = "matmul"]
  12 -> 15 [color = red]
  9 -> 15 [color = blue]
  16 [label = "add"]
  15 -> 16 [color = red]
  13 -> 16 [color = blue]
  18 [label = "transpose"]
  16 -> 18
  25 [label = o0]
  16 -> 25
  26 [label = o1]
  1 -> 26
  27 [label = o2]
  0 -> 27
  28 [label = o3]
  18 -> 28
  29 [label = o4]
  4 -> 29
  30 [label = o5]
  18 -> 30
}

[19710309] New best score: 3.6604e+00
Graph: digraph {
  0 [label = i0]
  1 [label = i1]
  2 [label = i2]
  3 [label = i3]
  4 [label = i4]
  5 [label = i5]
  6 [label = "add"]
  5 -> 6 [color = red]
  4 -> 6 [color = blue]
  7 [label = "inv"]
  6 -> 7
  9 [label = "add"]
  5 -> 9 [color = red]
  7 -> 9 [color = blue]
  10 [label = "transpose"]
  9 -> 10
  13 [label = "matmul"]
  9 -> 13 [color = red]
  5 -> 13 [color = blue]
  14 [label = "inv"]
  13 -> 14
  20 [label = "add"]
  14 -> 20 [color = red]
  6 -> 20 [color = blue]
  23 [label = "matmul"]
  4 -> 23 [color = red]
  9 -> 23 [color = blue]
  25 [label = o0]
  0 -> 25
  26 [label = o1]
  20 -> 26
  27 [label = o2]
  23 -> 27
  28 [label = o3]
  0 -> 28
  29 [label = o4]
  10 -> 29
  30 [label = o5]
  23 -> 30
}

[42660481] New best score: 3.5955e+00
Graph: digraph {
  0 [label = i0]
  1 [label = i1]
  2 [label = i2]
  3 [label = i3]
  4 [label = i4]
  5 [label = i5]
  6 [label = "minus"]
  4 -> 6 [color = red]
  0 -> 6 [color = blue]
  8 [label = "minus"]
  4 -> 8 [color = red]
  2 -> 8 [color = blue]
  9 [label = "inv"]
  8 -> 9
  12 [label = "add"]
  2 -> 12 [color = red]
  9 -> 12 [color = blue]
  16 [label = "transpose"]
  12 -> 16
  22 [label = "matmul"]
  16 -> 22 [color = red]
  4 -> 22 [color = blue]
  25 [label = o0]
  6 -> 25
  26 [label = o1]
  5 -> 26
  27 [label = o2]
  9 -> 27
  28 [label = o3]
  2 -> 28
  29 [label = o4]
  1 -> 29
  30 [label = o5]
  22 -> 30
}

[101622560] New best score: 2.6441e+00
Graph: digraph {
  0 [label = i0]
  1 [label = i1]
  2 [label = i2]
  3 [label = i3]
  4 [label = i4]
  5 [label = i5]
  6 [label = "minus"]
  1 -> 6 [color = red]
  2 -> 6 [color = blue]
  7 [label = "matmul"]
  6 -> 7 [color = red]
  2 -> 7 [color = blue]
  10 [label = "minus"]
  6 -> 10 [color = red]
  2 -> 10 [color = blue]
  11 [label = "transpose"]
  7 -> 11
  12 [label = "inv"]
  10 -> 12
  14 [label = "matmul"]
  6 -> 14 [color = red]
  4 -> 14 [color = blue]
  16 [label = "add"]
  7 -> 16 [color = red]
  12 -> 16 [color = blue]
  23 [label = "matmul"]
  16 -> 23 [color = red]
  4 -> 23 [color = blue]
  24 [label = "minus"]
  11 -> 24 [color = red]
  12 -> 24 [color = blue]
  25 [label = o0]
  23 -> 25
  26 [label = o1]
  7 -> 26
  27 [label = o2]
  6 -> 27
  28 [label = o3]
  4 -> 28
  29 [label = o4]
  24 -> 29
  30 [label = o5]
  14 -> 30
}

