Sanity check loss: 3.8598753035070725
[00082] New best score: 4.8797e+05
Graph: digraph {
  0 [label = i0]
  1 [label = i1]
  2 [label = i2]
  3 [label = i3]
  4 [label = i4]
  5 [label = i5]
  6 [label = "transpose"]
  0 -> 6
  10 [label = "transpose"]
  4 -> 10
  14 [label = "add"]
  10 -> 14 [color = red]
  4 -> 14 [color = blue]
  21 [label = "transpose"]
  14 -> 21
  25 [label = o0]
  6 -> 25
  26 [label = o1]
  10 -> 26
  27 [label = o2]
  14 -> 27
  28 [label = o3]
  14 -> 28
  29 [label = o4]
  21 -> 29
  30 [label = o5]
  21 -> 30
}

[00188] New best score: 4.6444e+00
Graph: digraph {
  0 [label = i0]
  1 [label = i1]
  2 [label = i2]
  3 [label = i3]
  4 [label = i4]
  5 [label = i5]
  7 [label = "matmul"]
  5 -> 7 [color = red]
  5 -> 7 [color = blue]
  8 [label = "transpose"]
  7 -> 8
  9 [label = "minus"]
  7 -> 9 [color = red]
  0 -> 9 [color = blue]
  10 [label = "matmul"]
  1 -> 10 [color = red]
  8 -> 10 [color = blue]
  12 [label = "minus"]
  8 -> 12 [color = red]
  10 -> 12 [color = blue]
  15 [label = "minus"]
  9 -> 15 [color = red]
  12 -> 15 [color = blue]
  19 [label = "matmul"]
  9 -> 19 [color = red]
  10 -> 19 [color = blue]
  22 [label = "minus"]
  8 -> 22 [color = red]
  15 -> 22 [color = blue]
  23 [label = "add"]
  8 -> 23 [color = red]
  8 -> 23 [color = blue]
  25 [label = o0]
  4 -> 25
  26 [label = o1]
  22 -> 26
  27 [label = o2]
  19 -> 27
  28 [label = o3]
  10 -> 28
  29 [label = o4]
  23 -> 29
  30 [label = o5]
  4 -> 30
}

[234451] New best score: 4.6444e+00
Graph: digraph {
  0 [label = i0]
  1 [label = i1]
  2 [label = i2]
  3 [label = i3]
  4 [label = i4]
  5 [label = i5]
  7 [label = "matmul"]
  0 -> 7 [color = red]
  1 -> 7 [color = blue]
  8 [label = "matmul"]
  0 -> 8 [color = red]
  1 -> 8 [color = blue]
  10 [label = "transpose"]
  8 -> 10
  11 [label = "minus"]
  2 -> 11 [color = red]
  2 -> 11 [color = blue]
  12 [label = "minus"]
  4 -> 12 [color = red]
  10 -> 12 [color = blue]
  18 [label = "minus"]
  11 -> 18 [color = red]
  10 -> 18 [color = blue]
  19 [label = "add"]
  7 -> 19 [color = red]
  12 -> 19 [color = blue]
  25 [label = o0]
  19 -> 25
  26 [label = o1]
  8 -> 26
  27 [label = o2]
  18 -> 27
  28 [label = o3]
  3 -> 28
  29 [label = o4]
  10 -> 29
  30 [label = o5]
  19 -> 30
}

[458679] New best score: 4.6444e+00
Graph: digraph {
  0 [label = i0]
  1 [label = i1]
  2 [label = i2]
  3 [label = i3]
  4 [label = i4]
  5 [label = i5]
  7 [label = "matmul"]
  0 -> 7 [color = red]
  0 -> 7 [color = blue]
  9 [label = "matmul"]
  5 -> 9 [color = red]
  4 -> 9 [color = blue]
  12 [label = "minus"]
  9 -> 12 [color = red]
  7 -> 12 [color = blue]
  17 [label = "minus"]
  3 -> 17 [color = red]
  1 -> 17 [color = blue]
  19 [label = "matmul"]
  12 -> 19 [color = red]
  17 -> 19 [color = blue]
  20 [label = "add"]
  7 -> 20 [color = red]
  12 -> 20 [color = blue]
  25 [label = o0]
  19 -> 25
  26 [label = o1]
  5 -> 26
  27 [label = o2]
  20 -> 27
  28 [label = o3]
  2 -> 28
  29 [label = o4]
  19 -> 29
  30 [label = o5]
  20 -> 30
}

[1352671] New best score: 4.5830e+00
Graph: digraph {
  0 [label = i0]
  1 [label = i1]
  2 [label = i2]
  3 [label = i3]
  4 [label = i4]
  5 [label = i5]
  6 [label = "matmul"]
  2 -> 6 [color = red]
  1 -> 6 [color = blue]
  7 [label = "matmul"]
  6 -> 7 [color = red]
  4 -> 7 [color = blue]
  8 [label = "transpose"]
  7 -> 8
  11 [label = "minus"]
  2 -> 11 [color = red]
  8 -> 11 [color = blue]
  13 [label = "transpose"]
  7 -> 13
  14 [label = "matmul"]
  1 -> 14 [color = red]
  8 -> 14 [color = blue]
  15 [label = "add"]
  13 -> 15 [color = red]
  13 -> 15 [color = blue]
  18 [label = "add"]
  14 -> 18 [color = red]
  8 -> 18 [color = blue]
  19 [label = "inv"]
  1 -> 19
  25 [label = o0]
  18 -> 25
  26 [label = o1]
  19 -> 26
  27 [label = o2]
  5 -> 27
  28 [label = o3]
  11 -> 28
  29 [label = o4]
  15 -> 29
  30 [label = o5]
  7 -> 30
}

[4638232] New best score: 3.6604e+00
Graph: digraph {
  0 [label = i0]
  1 [label = i1]
  2 [label = i2]
  3 [label = i3]
  4 [label = i4]
  5 [label = i5]
  7 [label = "add"]
  4 -> 7 [color = red]
  5 -> 7 [color = blue]
  8 [label = "transpose"]
  3 -> 8
  9 [label = "matmul"]
  8 -> 9 [color = red]
  3 -> 9 [color = blue]
  10 [label = "inv"]
  7 -> 10
  12 [label = "minus"]
  10 -> 12 [color = red]
  10 -> 12 [color = blue]
  14 [label = "add"]
  0 -> 14 [color = red]
  3 -> 14 [color = blue]
  16 [label = "inv"]
  14 -> 16
  17 [label = "add"]
  5 -> 17 [color = red]
  10 -> 17 [color = blue]
  24 [label = "matmul"]
  4 -> 24 [color = red]
  17 -> 24 [color = blue]
  25 [label = o0]
  0 -> 25
  26 [label = o1]
  5 -> 26
  27 [label = o2]
  9 -> 27
  28 [label = o3]
  12 -> 28
  29 [label = o4]
  16 -> 29
  30 [label = o5]
  24 -> 30
}

[79781827] New best score: 3.5955e+00
Graph: digraph {
  0 [label = i0]
  1 [label = i1]
  2 [label = i2]
  3 [label = i3]
  4 [label = i4]
  5 [label = i5]
  7 [label = "minus"]
  5 -> 7 [color = red]
  4 -> 7 [color = blue]
  9 [label = "inv"]
  5 -> 9
  10 [label = "transpose"]
  5 -> 10
  11 [label = "inv"]
  7 -> 11
  12 [label = "matmul"]
  4 -> 12 [color = red]
  11 -> 12 [color = blue]
  19 [label = "add"]
  7 -> 19 [color = red]
  12 -> 19 [color = blue]
  22 [label = "minus"]
  4 -> 22 [color = red]
  12 -> 22 [color = blue]
  25 [label = o0]
  22 -> 25
  26 [label = o1]
  11 -> 26
  27 [label = o2]
  9 -> 27
  28 [label = o3]
  10 -> 28
  29 [label = o4]
  19 -> 29
  30 [label = o5]
  22 -> 30
}

[87711605] New best score: 3.5492e+00
Graph: digraph {
  0 [label = i0]
  1 [label = i1]
  2 [label = i2]
  3 [label = i3]
  4 [label = i4]
  5 [label = i5]
  6 [label = "minus"]
  0 -> 6 [color = red]
  5 -> 6 [color = blue]
  8 [label = "transpose"]
  4 -> 8
  9 [label = "inv"]
  6 -> 9
  10 [label = "transpose"]
  0 -> 10
  11 [label = "matmul"]
  0 -> 11 [color = red]
  9 -> 11 [color = blue]
  13 [label = "add"]
  8 -> 13 [color = red]
  11 -> 13 [color = blue]
  18 [label = "minus"]
  8 -> 18 [color = red]
  10 -> 18 [color = blue]
  20 [label = "transpose"]
  18 -> 20
  21 [label = "add"]
  18 -> 21 [color = red]
  5 -> 21 [color = blue]
  23 [label = "add"]
  20 -> 23 [color = red]
  18 -> 23 [color = blue]
  25 [label = o0]
  23 -> 25
  26 [label = o1]
  6 -> 26
  27 [label = o2]
  23 -> 27
  28 [label = o3]
  2 -> 28
  29 [label = o4]
  21 -> 29
  30 [label = o5]
  13 -> 30
}

[166794668] New best score: 3.5458e+00
Graph: digraph {
  0 [label = i0]
  1 [label = i1]
  2 [label = i2]
  3 [label = i3]
  4 [label = i4]
  5 [label = i5]
  7 [label = "minus"]
  2 -> 7 [color = red]
  2 -> 7 [color = blue]
  8 [label = "minus"]
  0 -> 8 [color = red]
  2 -> 8 [color = blue]
  10 [label = "minus"]
  7 -> 10 [color = red]
  2 -> 10 [color = blue]
  11 [label = "minus"]
  1 -> 11 [color = red]
  3 -> 11 [color = blue]
  12 [label = "inv"]
  8 -> 12
  14 [label = "matmul"]
  11 -> 14 [color = red]
  12 -> 14 [color = blue]
  15 [label = "inv"]
  8 -> 15
  18 [label = "matmul"]
  0 -> 18 [color = red]
  15 -> 18 [color = blue]
  24 [label = "add"]
  18 -> 24 [color = red]
  4 -> 24 [color = blue]
  25 [label = o0]
  18 -> 25
  26 [label = o1]
  10 -> 26
  27 [label = o2]
  15 -> 27
  28 [label = o3]
  5 -> 28
  29 [label = o4]
  14 -> 29
  30 [label = o5]
  24 -> 30
}

[276301101] New best score: 3.5436e+00
Graph: digraph {
  0 [label = i0]
  1 [label = i1]
  2 [label = i2]
  3 [label = i3]
  4 [label = i4]
  5 [label = i5]
  6 [label = "matmul"]
  0 -> 6 [color = red]
  2 -> 6 [color = blue]
  7 [label = "add"]
  4 -> 7 [color = red]
  6 -> 7 [color = blue]
  9 [label = "add"]
  7 -> 9 [color = red]
  5 -> 9 [color = blue]
  10 [label = "transpose"]
  5 -> 10
  12 [label = "transpose"]
  6 -> 12
  14 [label = "inv"]
  9 -> 14
  15 [label = "transpose"]
  12 -> 15
  16 [label = "add"]
  15 -> 16 [color = red]
  15 -> 16 [color = blue]
  25 [label = o0]
  16 -> 25
  26 [label = o1]
  14 -> 26
  27 [label = o2]
  10 -> 27
  28 [label = o3]
  10 -> 28
  29 [label = o4]
  6 -> 29
  30 [label = o5]
  7 -> 30
}

[285802734] New best score: 3.5294e+00
Graph: digraph {
  0 [label = i0]
  1 [label = i1]
  2 [label = i2]
  3 [label = i3]
  4 [label = i4]
  5 [label = i5]
  7 [label = "inv"]
  2 -> 7
  8 [label = "matmul"]
  0 -> 8 [color = red]
  7 -> 8 [color = blue]
  14 [label = "add"]
  8 -> 14 [color = red]
  4 -> 14 [color = blue]
  16 [label = "transpose"]
  1 -> 16
  20 [label = "add"]
  14 -> 20 [color = red]
  16 -> 20 [color = blue]
  25 [label = o0]
  4 -> 25
  26 [label = o1]
  20 -> 26
  27 [label = o2]
  16 -> 27
  28 [label = o3]
  5 -> 28
  29 [label = o4]
  14 -> 29
  30 [label = o5]
  14 -> 30
}

[325265449] New best score: 2.6441e+00
Graph: digraph {
  0 [label = i0]
  1 [label = i1]
  2 [label = i2]
  3 [label = i3]
  4 [label = i4]
  5 [label = i5]
  6 [label = "matmul"]
  5 -> 6 [color = red]
  2 -> 6 [color = blue]
  7 [label = "minus"]
  1 -> 7 [color = red]
  2 -> 7 [color = blue]
  10 [label = "add"]
  7 -> 10 [color = red]
  7 -> 10 [color = blue]
  11 [label = "matmul"]
  7 -> 11 [color = red]
  4 -> 11 [color = blue]
  12 [label = "matmul"]
  10 -> 12 [color = red]
  6 -> 12 [color = blue]
  18 [label = "transpose"]
  4 -> 18
  19 [label = "matmul"]
  6 -> 19 [color = red]
  7 -> 19 [color = blue]
  21 [label = "transpose"]
  18 -> 21
  25 [label = o0]
  18 -> 25
  26 [label = o1]
  19 -> 26
  27 [label = o2]
  21 -> 27
  28 [label = o3]
  12 -> 28
  29 [label = o4]
  1 -> 29
  30 [label = o5]
  11 -> 30
}

