Sanity check loss: 3.8598753035070725
[00029] New best score: 4.6444e+00
Graph: digraph {
  0 [label = i0]
  1 [label = i1]
  2 [label = i2]
  3 [label = i3]
  4 [label = i4]
  5 [label = i5]
  6 [label = "inv"]
  1 -> 6
  7 [label = "matmul"]
  1 -> 7 [color = red]
  4 -> 7 [color = blue]
  8 [label = "inv"]
  1 -> 8
  12 [label = "transpose"]
  8 -> 12
  17 [label = "add"]
  12 -> 17 [color = red]
  8 -> 17 [color = blue]
  18 [label = "transpose"]
  7 -> 18
  21 [label = "transpose"]
  6 -> 21
  25 [label = o0]
  18 -> 25
  26 [label = o1]
  17 -> 26
  27 [label = o2]
  21 -> 27
  28 [label = o3]
  12 -> 28
  29 [label = o4]
  17 -> 29
  30 [label = o5]
  4 -> 30
}

[270539] New best score: 4.6444e+00
Graph: digraph {
  0 [label = i0]
  1 [label = i1]
  2 [label = i2]
  3 [label = i3]
  4 [label = i4]
  5 [label = i5]
  6 [label = "add"]
  5 -> 6 [color = red]
  1 -> 6 [color = blue]
  7 [label = "transpose"]
  6 -> 7
  8 [label = "inv"]
  6 -> 8
  10 [label = "matmul"]
  7 -> 10 [color = red]
  4 -> 10 [color = blue]
  15 [label = "matmul"]
  10 -> 15 [color = red]
  8 -> 15 [color = blue]
  19 [label = "transpose"]
  10 -> 19
  25 [label = o0]
  19 -> 25
  26 [label = o1]
  4 -> 26
  27 [label = o2]
  4 -> 27
  28 [label = o3]
  2 -> 28
  29 [label = o4]
  2 -> 29
  30 [label = o5]
  15 -> 30
}

[293172] New best score: 4.6444e+00
Graph: digraph {
  0 [label = i0]
  1 [label = i1]
  2 [label = i2]
  3 [label = i3]
  4 [label = i4]
  5 [label = i5]
  8 [label = "transpose"]
  4 -> 8
  9 [label = "add"]
  3 -> 9 [color = red]
  5 -> 9 [color = blue]
  10 [label = "matmul"]
  8 -> 10 [color = red]
  5 -> 10 [color = blue]
  11 [label = "matmul"]
  9 -> 11 [color = red]
  10 -> 11 [color = blue]
  12 [label = "matmul"]
  1 -> 12 [color = red]
  5 -> 12 [color = blue]
  17 [label = "inv"]
  9 -> 17
  20 [label = "matmul"]
  11 -> 20 [color = red]
  17 -> 20 [color = blue]
  22 [label = "minus"]
  10 -> 22 [color = red]
  17 -> 22 [color = blue]
  25 [label = o0]
  11 -> 25
  26 [label = o1]
  5 -> 26
  27 [label = o2]
  12 -> 27
  28 [label = o3]
  10 -> 28
  29 [label = o4]
  22 -> 29
  30 [label = o5]
  20 -> 30
}

[496718] New best score: 4.6444e+00
Graph: digraph {
  0 [label = i0]
  1 [label = i1]
  2 [label = i2]
  3 [label = i3]
  4 [label = i4]
  5 [label = i5]
  6 [label = "minus"]
  4 -> 6 [color = red]
  0 -> 6 [color = blue]
  11 [label = "transpose"]
  1 -> 11
  12 [label = "matmul"]
  4 -> 12 [color = red]
  11 -> 12 [color = blue]
  16 [label = "matmul"]
  12 -> 16 [color = red]
  6 -> 16 [color = blue]
  17 [label = "inv"]
  1 -> 17
  19 [label = "matmul"]
  17 -> 19 [color = red]
  12 -> 19 [color = blue]
  21 [label = "minus"]
  6 -> 21 [color = red]
  12 -> 21 [color = blue]
  25 [label = o0]
  21 -> 25
  26 [label = o1]
  16 -> 26
  27 [label = o2]
  16 -> 27
  28 [label = o3]
  21 -> 28
  29 [label = o4]
  6 -> 29
  30 [label = o5]
  19 -> 30
}

[631574] New best score: 4.6444e+00
Graph: digraph {
  0 [label = i0]
  1 [label = i1]
  2 [label = i2]
  3 [label = i3]
  4 [label = i4]
  5 [label = i5]
  6 [label = "add"]
  0 -> 6 [color = red]
  4 -> 6 [color = blue]
  7 [label = "add"]
  6 -> 7 [color = red]
  4 -> 7 [color = blue]
  8 [label = "minus"]
  1 -> 8 [color = red]
  6 -> 8 [color = blue]
  10 [label = "add"]
  4 -> 10 [color = red]
  7 -> 10 [color = blue]
  12 [label = "minus"]
  7 -> 12 [color = red]
  6 -> 12 [color = blue]
  14 [label = "minus"]
  0 -> 14 [color = red]
  0 -> 14 [color = blue]
  15 [label = "add"]
  14 -> 15 [color = red]
  12 -> 15 [color = blue]
  19 [label = "transpose"]
  15 -> 19
  25 [label = o0]
  14 -> 25
  26 [label = o1]
  19 -> 26
  27 [label = o2]
  10 -> 27
  28 [label = o3]
  8 -> 28
  29 [label = o4]
  3 -> 29
  30 [label = o5]
  15 -> 30
}

[1015878] New best score: 4.6444e+00
Graph: digraph {
  0 [label = i0]
  1 [label = i1]
  2 [label = i2]
  3 [label = i3]
  4 [label = i4]
  5 [label = i5]
  6 [label = "minus"]
  1 -> 6 [color = red]
  0 -> 6 [color = blue]
  7 [label = "matmul"]
  2 -> 7 [color = red]
  0 -> 7 [color = blue]
  9 [label = "transpose"]
  6 -> 9
  10 [label = "transpose"]
  3 -> 10
  11 [label = "matmul"]
  10 -> 11 [color = red]
  3 -> 11 [color = blue]
  12 [label = "transpose"]
  10 -> 12
  15 [label = "matmul"]
  4 -> 15 [color = red]
  9 -> 15 [color = blue]
  16 [label = "inv"]
  9 -> 16
  18 [label = "add"]
  7 -> 18 [color = red]
  1 -> 18 [color = blue]
  20 [label = "matmul"]
  15 -> 20 [color = red]
  16 -> 20 [color = blue]
  23 [label = "transpose"]
  12 -> 23
  24 [label = "matmul"]
  23 -> 24 [color = red]
  18 -> 24 [color = blue]
  25 [label = o0]
  15 -> 25
  26 [label = o1]
  1 -> 26
  27 [label = o2]
  7 -> 27
  28 [label = o3]
  24 -> 28
  29 [label = o4]
  11 -> 29
  30 [label = o5]
  20 -> 30
}

[1555791] New best score: 3.5695e+00
Graph: digraph {
  0 [label = i0]
  1 [label = i1]
  2 [label = i2]
  3 [label = i3]
  4 [label = i4]
  5 [label = i5]
  7 [label = "add"]
  2 -> 7 [color = red]
  4 -> 7 [color = blue]
  8 [label = "transpose"]
  1 -> 8
  9 [label = "transpose"]
  4 -> 9
  10 [label = "inv"]
  2 -> 10
  11 [label = "add"]
  7 -> 11 [color = red]
  10 -> 11 [color = blue]
  15 [label = "inv"]
  11 -> 15
  16 [label = "matmul"]
  8 -> 16 [color = red]
  10 -> 16 [color = blue]
  17 [label = "add"]
  2 -> 17 [color = red]
  15 -> 17 [color = blue]
  18 [label = "transpose"]
  5 -> 18
  20 [label = "matmul"]
  9 -> 20 [color = red]
  17 -> 20 [color = blue]
  25 [label = o0]
  20 -> 25
  26 [label = o1]
  18 -> 26
  27 [label = o2]
  17 -> 27
  28 [label = o3]
  16 -> 28
  29 [label = o4]
  4 -> 29
  30 [label = o5]
  20 -> 30
}

[4326845] New best score: 3.5492e+00
Graph: digraph {
  0 [label = i0]
  1 [label = i1]
  2 [label = i2]
  3 [label = i3]
  4 [label = i4]
  5 [label = i5]
  6 [label = "matmul"]
  0 -> 6 [color = red]
  2 -> 6 [color = blue]
  7 [label = "minus"]
  2 -> 7 [color = red]
  4 -> 7 [color = blue]
  11 [label = "transpose"]
  6 -> 11
  12 [label = "minus"]
  4 -> 12 [color = red]
  11 -> 12 [color = blue]
  13 [label = "inv"]
  7 -> 13
  25 [label = o0]
  4 -> 25
  26 [label = o1]
  13 -> 26
  27 [label = o2]
  5 -> 27
  28 [label = o3]
  4 -> 28
  29 [label = o4]
  12 -> 29
  30 [label = o5]
  12 -> 30
}

[71825626] New best score: 2.6441e+00
Graph: digraph {
  0 [label = i0]
  1 [label = i1]
  2 [label = i2]
  3 [label = i3]
  4 [label = i4]
  5 [label = i5]
  6 [label = "minus"]
  1 -> 6 [color = red]
  2 -> 6 [color = blue]
  7 [label = "matmul"]
  2 -> 7 [color = red]
  6 -> 7 [color = blue]
  8 [label = "matmul"]
  6 -> 8 [color = red]
  4 -> 8 [color = blue]
  9 [label = "minus"]
  6 -> 9 [color = red]
  2 -> 9 [color = blue]
  14 [label = "minus"]
  8 -> 14 [color = red]
  7 -> 14 [color = blue]
  15 [label = "transpose"]
  4 -> 15
  16 [label = "minus"]
  2 -> 16 [color = red]
  9 -> 16 [color = blue]
  17 [label = "matmul"]
  7 -> 17 [color = red]
  1 -> 17 [color = blue]
  25 [label = o0]
  15 -> 25
  26 [label = o1]
  17 -> 26
  27 [label = o2]
  9 -> 27
  28 [label = o3]
  14 -> 28
  29 [label = o4]
  16 -> 29
  30 [label = o5]
  8 -> 30
}

