Sanity check loss: 3.8598753035070725
[00005] New best score: 4.9088e+05
Graph: digraph {
  0 [label = i0]
  1 [label = i1]
  2 [label = i2]
  3 [label = i3]
  4 [label = i4]
  5 [label = i5]
  6 [label = "transpose"]
  3 -> 6
  7 [label = "add"]
  4 -> 7 [color = red]
  5 -> 7 [color = blue]
  8 [label = "transpose"]
  4 -> 8
  9 [label = "minus"]
  1 -> 9 [color = red]
  2 -> 9 [color = blue]
  15 [label = "add"]
  6 -> 15 [color = red]
  7 -> 15 [color = blue]
  18 [label = "add"]
  8 -> 18 [color = red]
  6 -> 18 [color = blue]
  19 [label = "matmul"]
  1 -> 19 [color = red]
  15 -> 19 [color = blue]
  25 [label = o0]
  0 -> 25
  26 [label = o1]
  19 -> 26
  27 [label = o2]
  18 -> 27
  28 [label = o3]
  9 -> 28
  29 [label = o4]
  4 -> 29
  30 [label = o5]
  0 -> 30
}

[00355] New best score: 4.6444e+00
Graph: digraph {
  0 [label = i0]
  1 [label = i1]
  2 [label = i2]
  3 [label = i3]
  4 [label = i4]
  5 [label = i5]
  6 [label = "transpose"]
  4 -> 6
  7 [label = "minus"]
  5 -> 7 [color = red]
  0 -> 7 [color = blue]
  8 [label = "transpose"]
  7 -> 8
  9 [label = "transpose"]
  8 -> 9
  11 [label = "add"]
  1 -> 11 [color = red]
  9 -> 11 [color = blue]
  18 [label = "minus"]
  11 -> 18 [color = red]
  5 -> 18 [color = blue]
  25 [label = o0]
  6 -> 25
  26 [label = o1]
  7 -> 26
  27 [label = o2]
  18 -> 27
  28 [label = o3]
  1 -> 28
  29 [label = o4]
  11 -> 29
  30 [label = o5]
  6 -> 30
}

[195385] New best score: 4.6444e+00
Graph: digraph {
  0 [label = i0]
  1 [label = i1]
  2 [label = i2]
  3 [label = i3]
  4 [label = i4]
  5 [label = i5]
  6 [label = "matmul"]
  4 -> 6 [color = red]
  2 -> 6 [color = blue]
  7 [label = "add"]
  6 -> 7 [color = red]
  4 -> 7 [color = blue]
  8 [label = "minus"]
  7 -> 8 [color = red]
  6 -> 8 [color = blue]
  9 [label = "matmul"]
  5 -> 9 [color = red]
  0 -> 9 [color = blue]
  11 [label = "matmul"]
  7 -> 11 [color = red]
  5 -> 11 [color = blue]
  14 [label = "minus"]
  8 -> 14 [color = red]
  2 -> 14 [color = blue]
  21 [label = "matmul"]
  11 -> 21 [color = red]
  14 -> 21 [color = blue]
  25 [label = o0]
  9 -> 25
  26 [label = o1]
  8 -> 26
  27 [label = o2]
  2 -> 27
  28 [label = o3]
  21 -> 28
  29 [label = o4]
  4 -> 29
  30 [label = o5]
  8 -> 30
}

[391507] New best score: 4.6444e+00
Graph: digraph {
  0 [label = i0]
  1 [label = i1]
  2 [label = i2]
  3 [label = i3]
  4 [label = i4]
  5 [label = i5]
  6 [label = "transpose"]
  4 -> 6
  7 [label = "matmul"]
  4 -> 7 [color = red]
  6 -> 7 [color = blue]
  9 [label = "matmul"]
  4 -> 9 [color = red]
  6 -> 9 [color = blue]
  12 [label = "transpose"]
  7 -> 12
  13 [label = "add"]
  4 -> 13 [color = red]
  7 -> 13 [color = blue]
  15 [label = "transpose"]
  6 -> 15
  22 [label = "minus"]
  13 -> 22 [color = red]
  7 -> 22 [color = blue]
  25 [label = o0]
  13 -> 25
  26 [label = o1]
  9 -> 26
  27 [label = o2]
  2 -> 27
  28 [label = o3]
  12 -> 28
  29 [label = o4]
  15 -> 29
  30 [label = o5]
  22 -> 30
}

[890486] New best score: 4.5830e+00
Graph: digraph {
  0 [label = i0]
  1 [label = i1]
  2 [label = i2]
  3 [label = i3]
  4 [label = i4]
  5 [label = i5]
  7 [label = "add"]
  0 -> 7 [color = red]
  2 -> 7 [color = blue]
  10 [label = "transpose"]
  1 -> 10
  12 [label = "matmul"]
  4 -> 12 [color = red]
  10 -> 12 [color = blue]
  13 [label = "add"]
  4 -> 13 [color = red]
  2 -> 13 [color = blue]
  17 [label = "inv"]
  1 -> 17
  18 [label = "minus"]
  4 -> 18 [color = red]
  0 -> 18 [color = blue]
  19 [label = "minus"]
  7 -> 19 [color = red]
  0 -> 19 [color = blue]
  22 [label = "inv"]
  10 -> 22
  24 [label = "matmul"]
  12 -> 24 [color = red]
  19 -> 24 [color = blue]
  25 [label = o0]
  18 -> 25
  26 [label = o1]
  22 -> 26
  27 [label = o2]
  13 -> 27
  28 [label = o3]
  17 -> 28
  29 [label = o4]
  5 -> 29
  30 [label = o5]
  24 -> 30
}

[12085059] New best score: 4.0603e+00
Graph: digraph {
  0 [label = i0]
  1 [label = i1]
  2 [label = i2]
  3 [label = i3]
  4 [label = i4]
  5 [label = i5]
  6 [label = "inv"]
  5 -> 6
  7 [label = "add"]
  4 -> 7 [color = red]
  6 -> 7 [color = blue]
  8 [label = "transpose"]
  4 -> 8
  9 [label = "inv"]
  7 -> 9
  10 [label = "matmul"]
  7 -> 10 [color = red]
  8 -> 10 [color = blue]
  11 [label = "matmul"]
  0 -> 11 [color = red]
  2 -> 11 [color = blue]
  13 [label = "matmul"]
  10 -> 13 [color = red]
  3 -> 13 [color = blue]
  15 [label = "transpose"]
  9 -> 15
  16 [label = "transpose"]
  15 -> 16
  17 [label = "add"]
  4 -> 17 [color = red]
  11 -> 17 [color = blue]
  24 [label = "add"]
  5 -> 24 [color = red]
  13 -> 24 [color = blue]
  25 [label = o0]
  11 -> 25
  26 [label = o1]
  16 -> 26
  27 [label = o2]
  24 -> 27
  28 [label = o3]
  15 -> 28
  29 [label = o4]
  15 -> 29
  30 [label = o5]
  17 -> 30
}

[23545461] New best score: 3.9783e+00
Graph: digraph {
  0 [label = i0]
  1 [label = i1]
  2 [label = i2]
  3 [label = i3]
  4 [label = i4]
  5 [label = i5]
  6 [label = "minus"]
  0 -> 6 [color = red]
  3 -> 6 [color = blue]
  8 [label = "matmul"]
  5 -> 8 [color = red]
  6 -> 8 [color = blue]
  9 [label = "add"]
  1 -> 9 [color = red]
  8 -> 9 [color = blue]
  10 [label = "inv"]
  9 -> 10
  12 [label = "matmul"]
  0 -> 12 [color = red]
  10 -> 12 [color = blue]
  15 [label = "add"]
  4 -> 15 [color = red]
  2 -> 15 [color = blue]
  16 [label = "matmul"]
  15 -> 16 [color = red]
  12 -> 16 [color = blue]
  19 [label = "add"]
  1 -> 19 [color = red]
  15 -> 19 [color = blue]
  21 [label = "add"]
  12 -> 21 [color = red]
  4 -> 21 [color = blue]
  25 [label = o0]
  4 -> 25
  26 [label = o1]
  16 -> 26
  27 [label = o2]
  16 -> 27
  28 [label = o3]
  6 -> 28
  29 [label = o4]
  19 -> 29
  30 [label = o5]
  21 -> 30
}

[29967899] New best score: 3.5955e+00
Graph: digraph {
  0 [label = i0]
  1 [label = i1]
  2 [label = i2]
  3 [label = i3]
  4 [label = i4]
  5 [label = i5]
  6 [label = "minus"]
  4 -> 6 [color = red]
  5 -> 6 [color = blue]
  11 [label = "transpose"]
  4 -> 11
  14 [label = "inv"]
  6 -> 14
  17 [label = "matmul"]
  11 -> 17 [color = red]
  14 -> 17 [color = blue]
  18 [label = "add"]
  17 -> 18 [color = red]
  4 -> 18 [color = blue]
  24 [label = "matmul"]
  1 -> 24 [color = red]
  2 -> 24 [color = blue]
  25 [label = o0]
  0 -> 25
  26 [label = o1]
  1 -> 26
  27 [label = o2]
  14 -> 27
  28 [label = o3]
  17 -> 28
  29 [label = o4]
  24 -> 29
  30 [label = o5]
  18 -> 30
}

[30335261] New best score: 3.5648e+00
Graph: digraph {
  0 [label = i0]
  1 [label = i1]
  2 [label = i2]
  3 [label = i3]
  4 [label = i4]
  5 [label = i5]
  6 [label = "transpose"]
  4 -> 6
  7 [label = "minus"]
  2 -> 7 [color = red]
  0 -> 7 [color = blue]
  8 [label = "add"]
  7 -> 8 [color = red]
  4 -> 8 [color = blue]
  9 [label = "matmul"]
  5 -> 9 [color = red]
  8 -> 9 [color = blue]
  10 [label = "inv"]
  8 -> 10
  11 [label = "add"]
  10 -> 11 [color = red]
  5 -> 11 [color = blue]
  13 [label = "add"]
  2 -> 13 [color = red]
  6 -> 13 [color = blue]
  15 [label = "matmul"]
  4 -> 15 [color = red]
  11 -> 15 [color = blue]
  16 [label = "transpose"]
  15 -> 16
  17 [label = "minus"]
  15 -> 17 [color = red]
  5 -> 17 [color = blue]
  20 [label = "add"]
  9 -> 20 [color = red]
  13 -> 20 [color = blue]
  25 [label = o0]
  4 -> 25
  26 [label = o1]
  17 -> 26
  27 [label = o2]
  15 -> 27
  28 [label = o3]
  13 -> 28
  29 [label = o4]
  20 -> 29
  30 [label = o5]
  16 -> 30
}

[78913016] New best score: 2.6441e+00
Graph: digraph {
  0 [label = i0]
  1 [label = i1]
  2 [label = i2]
  3 [label = i3]
  4 [label = i4]
  5 [label = i5]
  10 [label = "minus"]
  1 -> 10 [color = red]
  2 -> 10 [color = blue]
  11 [label = "matmul"]
  2 -> 11 [color = red]
  10 -> 11 [color = blue]
  16 [label = "matmul"]
  10 -> 16 [color = red]
  4 -> 16 [color = blue]
  21 [label = "minus"]
  4 -> 21 [color = red]
  1 -> 21 [color = blue]
  23 [label = "add"]
  10 -> 23 [color = red]
  11 -> 23 [color = blue]
  25 [label = o0]
  0 -> 25
  26 [label = o1]
  11 -> 26
  27 [label = o2]
  23 -> 27
  28 [label = o3]
  21 -> 28
  29 [label = o4]
  1 -> 29
  30 [label = o5]
  16 -> 30
}

