Sanity check loss: 3.8598753035070725
[00040] New best score: 4.9088e+05
Graph: digraph {
  0 [label = i0]
  1 [label = i1]
  2 [label = i2]
  3 [label = i3]
  4 [label = i4]
  5 [label = i5]
  7 [label = "minus"]
  1 -> 7 [color = red]
  3 -> 7 [color = blue]
  8 [label = "minus"]
  0 -> 8 [color = red]
  0 -> 8 [color = blue]
  9 [label = "transpose"]
  7 -> 9
  14 [label = "matmul"]
  5 -> 14 [color = red]
  8 -> 14 [color = blue]
  16 [label = "minus"]
  1 -> 16 [color = red]
  3 -> 16 [color = blue]
  17 [label = "inv"]
  9 -> 17
  25 [label = o0]
  14 -> 25
  26 [label = o1]
  5 -> 26
  27 [label = o2]
  17 -> 27
  28 [label = o3]
  9 -> 28
  29 [label = o4]
  16 -> 29
  30 [label = o5]
  8 -> 30
}

[00225] New best score: 4.6444e+00
Graph: digraph {
  0 [label = i0]
  1 [label = i1]
  2 [label = i2]
  3 [label = i3]
  4 [label = i4]
  5 [label = i5]
  7 [label = "transpose"]
  5 -> 7
  11 [label = "minus"]
  3 -> 11 [color = red]
  1 -> 11 [color = blue]
  14 [label = "transpose"]
  4 -> 14
  15 [label = "transpose"]
  7 -> 15
  22 [label = "matmul"]
  7 -> 22 [color = red]
  14 -> 22 [color = blue]
  23 [label = "transpose"]
  7 -> 23
  25 [label = o0]
  22 -> 25
  26 [label = o1]
  22 -> 26
  27 [label = o2]
  15 -> 27
  28 [label = o3]
  11 -> 28
  29 [label = o4]
  23 -> 29
  30 [label = o5]
  22 -> 30
}

[188927] New best score: 4.6444e+00
Graph: digraph {
  0 [label = i0]
  1 [label = i1]
  2 [label = i2]
  3 [label = i3]
  4 [label = i4]
  5 [label = i5]
  6 [label = "inv"]
  1 -> 6
  9 [label = "minus"]
  1 -> 9 [color = red]
  4 -> 9 [color = blue]
  10 [label = "transpose"]
  3 -> 10
  13 [label = "transpose"]
  9 -> 13
  15 [label = "matmul"]
  4 -> 15 [color = red]
  6 -> 15 [color = blue]
  16 [label = "add"]
  5 -> 16 [color = red]
  10 -> 16 [color = blue]
  17 [label = "add"]
  4 -> 17 [color = red]
  2 -> 17 [color = blue]
  18 [label = "matmul"]
  15 -> 18 [color = red]
  1 -> 18 [color = blue]
  19 [label = "minus"]
  0 -> 19 [color = red]
  13 -> 19 [color = blue]
  25 [label = o0]
  0 -> 25
  26 [label = o1]
  17 -> 26
  27 [label = o2]
  16 -> 27
  28 [label = o3]
  19 -> 28
  29 [label = o4]
  2 -> 29
  30 [label = o5]
  18 -> 30
}

[351076] New best score: 4.6444e+00
Graph: digraph {
  0 [label = i0]
  1 [label = i1]
  2 [label = i2]
  3 [label = i3]
  4 [label = i4]
  5 [label = i5]
  10 [label = "matmul"]
  4 -> 10 [color = red]
  2 -> 10 [color = blue]
  11 [label = "matmul"]
  5 -> 11 [color = red]
  0 -> 11 [color = blue]
  13 [label = "minus"]
  4 -> 13 [color = red]
  10 -> 13 [color = blue]
  16 [label = "transpose"]
  2 -> 16
  17 [label = "add"]
  10 -> 17 [color = red]
  13 -> 17 [color = blue]
  25 [label = o0]
  13 -> 25
  26 [label = o1]
  11 -> 26
  27 [label = o2]
  16 -> 27
  28 [label = o3]
  16 -> 28
  29 [label = o4]
  2 -> 29
  30 [label = o5]
  17 -> 30
}

[570384] New best score: 4.5904e+00
Graph: digraph {
  0 [label = i0]
  1 [label = i1]
  2 [label = i2]
  3 [label = i3]
  4 [label = i4]
  5 [label = i5]
  6 [label = "matmul"]
  0 -> 6 [color = red]
  1 -> 6 [color = blue]
  7 [label = "add"]
  1 -> 7 [color = red]
  5 -> 7 [color = blue]
  8 [label = "minus"]
  7 -> 8 [color = red]
  2 -> 8 [color = blue]
  9 [label = "transpose"]
  4 -> 9
  11 [label = "transpose"]
  8 -> 11
  13 [label = "matmul"]
  5 -> 13 [color = red]
  6 -> 13 [color = blue]
  16 [label = "add"]
  5 -> 16 [color = red]
  11 -> 16 [color = blue]
  17 [label = "add"]
  5 -> 17 [color = red]
  1 -> 17 [color = blue]
  23 [label = "matmul"]
  9 -> 23 [color = red]
  16 -> 23 [color = blue]
  25 [label = o0]
  6 -> 25
  26 [label = o1]
  17 -> 26
  27 [label = o2]
  13 -> 27
  28 [label = o3]
  3 -> 28
  29 [label = o4]
  8 -> 29
  30 [label = o5]
  23 -> 30
}

[2208519] New best score: 4.5830e+00
Graph: digraph {
  0 [label = i0]
  1 [label = i1]
  2 [label = i2]
  3 [label = i3]
  4 [label = i4]
  5 [label = i5]
  6 [label = "inv"]
  2 -> 6
  7 [label = "transpose"]
  6 -> 7
  8 [label = "matmul"]
  5 -> 8 [color = red]
  7 -> 8 [color = blue]
  10 [label = "matmul"]
  4 -> 10 [color = red]
  8 -> 10 [color = blue]
  13 [label = "matmul"]
  1 -> 13 [color = red]
  10 -> 13 [color = blue]
  23 [label = "transpose"]
  10 -> 23
  25 [label = o0]
  0 -> 25
  26 [label = o1]
  1 -> 26
  27 [label = o2]
  3 -> 27
  28 [label = o3]
  5 -> 28
  29 [label = o4]
  23 -> 29
  30 [label = o5]
  13 -> 30
}

[4688351] New best score: 4.5830e+00
Graph: digraph {
  0 [label = i0]
  1 [label = i1]
  2 [label = i2]
  3 [label = i3]
  4 [label = i4]
  5 [label = i5]
  6 [label = "transpose"]
  5 -> 6
  7 [label = "minus"]
  1 -> 7 [color = red]
  5 -> 7 [color = blue]
  9 [label = "minus"]
  0 -> 9 [color = red]
  3 -> 9 [color = blue]
  11 [label = "add"]
  9 -> 11 [color = red]
  0 -> 11 [color = blue]
  13 [label = "transpose"]
  5 -> 13
  14 [label = "inv"]
  1 -> 14
  15 [label = "transpose"]
  4 -> 15
  17 [label = "matmul"]
  1 -> 17 [color = red]
  15 -> 17 [color = blue]
  20 [label = "transpose"]
  2 -> 20
  23 [label = "matmul"]
  17 -> 23 [color = red]
  20 -> 23 [color = blue]
  24 [label = "matmul"]
  23 -> 24 [color = red]
  13 -> 24 [color = blue]
  25 [label = o0]
  24 -> 25
  26 [label = o1]
  14 -> 26
  27 [label = o2]
  6 -> 27
  28 [label = o3]
  11 -> 28
  29 [label = o4]
  7 -> 29
  30 [label = o5]
  23 -> 30
}

[12802663] New best score: 4.5830e+00
Graph: digraph {
  0 [label = i0]
  1 [label = i1]
  2 [label = i2]
  3 [label = i3]
  4 [label = i4]
  5 [label = i5]
  7 [label = "matmul"]
  4 -> 7 [color = red]
  1 -> 7 [color = blue]
  8 [label = "inv"]
  1 -> 8
  9 [label = "transpose"]
  0 -> 9
  10 [label = "matmul"]
  1 -> 10 [color = red]
  2 -> 10 [color = blue]
  11 [label = "transpose"]
  0 -> 11
  12 [label = "matmul"]
  9 -> 12 [color = red]
  10 -> 12 [color = blue]
  15 [label = "minus"]
  11 -> 15 [color = red]
  1 -> 15 [color = blue]
  16 [label = "matmul"]
  15 -> 16 [color = red]
  1 -> 16 [color = blue]
  18 [label = "matmul"]
  10 -> 18 [color = red]
  4 -> 18 [color = blue]
  22 [label = "minus"]
  9 -> 22 [color = red]
  7 -> 22 [color = blue]
  25 [label = o0]
  12 -> 25
  26 [label = o1]
  8 -> 26
  27 [label = o2]
  3 -> 27
  28 [label = o3]
  16 -> 28
  29 [label = o4]
  22 -> 29
  30 [label = o5]
  18 -> 30
}

[14214101] New best score: 3.5955e+00
Graph: digraph {
  0 [label = i0]
  1 [label = i1]
  2 [label = i2]
  3 [label = i3]
  4 [label = i4]
  5 [label = i5]
  6 [label = "minus"]
  4 -> 6 [color = red]
  2 -> 6 [color = blue]
  7 [label = "inv"]
  6 -> 7
  8 [label = "transpose"]
  5 -> 8
  9 [label = "add"]
  7 -> 9 [color = red]
  8 -> 9 [color = blue]
  13 [label = "add"]
  3 -> 13 [color = red]
  4 -> 13 [color = blue]
  15 [label = "transpose"]
  1 -> 15
  16 [label = "minus"]
  13 -> 16 [color = red]
  1 -> 16 [color = blue]
  23 [label = "matmul"]
  4 -> 23 [color = red]
  9 -> 23 [color = blue]
  25 [label = o0]
  0 -> 25
  26 [label = o1]
  8 -> 26
  27 [label = o2]
  7 -> 27
  28 [label = o3]
  16 -> 28
  29 [label = o4]
  15 -> 29
  30 [label = o5]
  23 -> 30
}

[22744291] New best score: 3.5436e+00
Graph: digraph {
  0 [label = i0]
  1 [label = i1]
  2 [label = i2]
  3 [label = i3]
  4 [label = i4]
  5 [label = i5]
  6 [label = "minus"]
  4 -> 6 [color = red]
  4 -> 6 [color = blue]
  7 [label = "add"]
  4 -> 7 [color = red]
  1 -> 7 [color = blue]
  9 [label = "matmul"]
  0 -> 9 [color = red]
  2 -> 9 [color = blue]
  10 [label = "add"]
  9 -> 10 [color = red]
  4 -> 10 [color = blue]
  12 [label = "inv"]
  5 -> 12
  13 [label = "add"]
  12 -> 13 [color = red]
  10 -> 13 [color = blue]
  14 [label = "transpose"]
  10 -> 14
  18 [label = "inv"]
  13 -> 18
  25 [label = o0]
  10 -> 25
  26 [label = o1]
  18 -> 26
  27 [label = o2]
  14 -> 27
  28 [label = o3]
  7 -> 28
  29 [label = o4]
  6 -> 29
  30 [label = o5]
  14 -> 30
}

[156993513] New best score: 2.6441e+00
Graph: digraph {
  0 [label = i0]
  1 [label = i1]
  2 [label = i2]
  3 [label = i3]
  4 [label = i4]
  5 [label = i5]
  6 [label = "minus"]
  1 -> 6 [color = red]
  2 -> 6 [color = blue]
  7 [label = "transpose"]
  1 -> 7
  10 [label = "matmul"]
  2 -> 10 [color = red]
  6 -> 10 [color = blue]
  11 [label = "transpose"]
  2 -> 11
  17 [label = "matmul"]
  6 -> 17 [color = red]
  4 -> 17 [color = blue]
  25 [label = o0]
  17 -> 25
  26 [label = o1]
  10 -> 26
  27 [label = o2]
  7 -> 27
  28 [label = o3]
  11 -> 28
  29 [label = o4]
  5 -> 29
  30 [label = o5]
  17 -> 30
}

