Sanity check loss: 3.8598753035070725
[00012] New best score: 4.5980e+05
Graph: digraph {
  0 [label = i0]
  1 [label = i1]
  2 [label = i2]
  3 [label = i3]
  4 [label = i4]
  5 [label = i5]
  6 [label = "matmul"]
  1 -> 6 [color = red]
  1 -> 6 [color = blue]
  7 [label = "inv"]
  6 -> 7
  9 [label = "matmul"]
  6 -> 9 [color = red]
  3 -> 9 [color = blue]
  10 [label = "minus"]
  6 -> 10 [color = red]
  7 -> 10 [color = blue]
  11 [label = "matmul"]
  0 -> 11 [color = red]
  1 -> 11 [color = blue]
  13 [label = "matmul"]
  3 -> 13 [color = red]
  4 -> 13 [color = blue]
  18 [label = "transpose"]
  9 -> 18
  24 [label = "transpose"]
  3 -> 24
  25 [label = o0]
  13 -> 25
  26 [label = o1]
  18 -> 26
  27 [label = o2]
  11 -> 27
  28 [label = o3]
  24 -> 28
  29 [label = o4]
  10 -> 29
  30 [label = o5]
  13 -> 30
}

[00096] New best score: 4.6444e+00
Graph: digraph {
  0 [label = i0]
  1 [label = i1]
  2 [label = i2]
  3 [label = i3]
  4 [label = i4]
  5 [label = i5]
  6 [label = "transpose"]
  4 -> 6
  7 [label = "inv"]
  1 -> 7
  8 [label = "inv"]
  1 -> 8
  9 [label = "add"]
  8 -> 9 [color = red]
  3 -> 9 [color = blue]
  14 [label = "add"]
  7 -> 14 [color = red]
  2 -> 14 [color = blue]
  15 [label = "add"]
  14 -> 15 [color = red]
  7 -> 15 [color = blue]
  18 [label = "transpose"]
  4 -> 18
  23 [label = "add"]
  9 -> 23 [color = red]
  0 -> 23 [color = blue]
  25 [label = o0]
  6 -> 25
  26 [label = o1]
  2 -> 26
  27 [label = o2]
  15 -> 27
  28 [label = o3]
  23 -> 28
  29 [label = o4]
  18 -> 29
  30 [label = o5]
  6 -> 30
}

[88127] New best score: 4.6444e+00
Graph: digraph {
  0 [label = i0]
  1 [label = i1]
  2 [label = i2]
  3 [label = i3]
  4 [label = i4]
  5 [label = i5]
  6 [label = "minus"]
  2 -> 6 [color = red]
  0 -> 6 [color = blue]
  8 [label = "matmul"]
  2 -> 8 [color = red]
  4 -> 8 [color = blue]
  9 [label = "add"]
  6 -> 9 [color = red]
  0 -> 9 [color = blue]
  13 [label = "minus"]
  3 -> 13 [color = red]
  9 -> 13 [color = blue]
  14 [label = "transpose"]
  0 -> 14
  17 [label = "transpose"]
  8 -> 17
  24 [label = "minus"]
  14 -> 24 [color = red]
  6 -> 24 [color = blue]
  25 [label = o0]
  17 -> 25
  26 [label = o1]
  9 -> 26
  27 [label = o2]
  3 -> 27
  28 [label = o3]
  24 -> 28
  29 [label = o4]
  13 -> 29
  30 [label = o5]
  8 -> 30
}

[374540] New best score: 4.6444e+00
Graph: digraph {
  0 [label = i0]
  1 [label = i1]
  2 [label = i2]
  3 [label = i3]
  4 [label = i4]
  5 [label = i5]
  6 [label = "inv"]
  1 -> 6
  8 [label = "transpose"]
  6 -> 8
  12 [label = "matmul"]
  8 -> 12 [color = red]
  4 -> 12 [color = blue]
  20 [label = "matmul"]
  12 -> 20 [color = red]
  1 -> 20 [color = blue]
  23 [label = "matmul"]
  0 -> 23 [color = red]
  20 -> 23 [color = blue]
  25 [label = o0]
  12 -> 25
  26 [label = o1]
  2 -> 26
  27 [label = o2]
  23 -> 27
  28 [label = o3]
  8 -> 28
  29 [label = o4]
  12 -> 29
  30 [label = o5]
  20 -> 30
}

[447343] New best score: 4.6444e+00
Graph: digraph {
  0 [label = i0]
  1 [label = i1]
  2 [label = i2]
  3 [label = i3]
  4 [label = i4]
  5 [label = i5]
  6 [label = "add"]
  3 -> 6 [color = red]
  1 -> 6 [color = blue]
  7 [label = "matmul"]
  4 -> 7 [color = red]
  6 -> 7 [color = blue]
  9 [label = "matmul"]
  3 -> 9 [color = red]
  4 -> 9 [color = blue]
  12 [label = "inv"]
  6 -> 12
  13 [label = "add"]
  0 -> 13 [color = red]
  9 -> 13 [color = blue]
  20 [label = "matmul"]
  7 -> 20 [color = red]
  12 -> 20 [color = blue]
  25 [label = o0]
  13 -> 25
  26 [label = o1]
  4 -> 26
  27 [label = o2]
  4 -> 27
  28 [label = o3]
  5 -> 28
  29 [label = o4]
  1 -> 29
  30 [label = o5]
  20 -> 30
}

[480215] New best score: 4.5549e+00
Graph: digraph {
  0 [label = i0]
  1 [label = i1]
  2 [label = i2]
  3 [label = i3]
  4 [label = i4]
  5 [label = i5]
  6 [label = "add"]
  3 -> 6 [color = red]
  1 -> 6 [color = blue]
  7 [label = "minus"]
  2 -> 7 [color = red]
  1 -> 7 [color = blue]
  8 [label = "transpose"]
  0 -> 8
  9 [label = "matmul"]
  7 -> 9 [color = red]
  0 -> 9 [color = blue]
  12 [label = "matmul"]
  7 -> 12 [color = red]
  9 -> 12 [color = blue]
  14 [label = "minus"]
  4 -> 14 [color = red]
  9 -> 14 [color = blue]
  15 [label = "minus"]
  6 -> 15 [color = red]
  9 -> 15 [color = blue]
  21 [label = "add"]
  12 -> 21 [color = red]
  1 -> 21 [color = blue]
  22 [label = "transpose"]
  15 -> 22
  23 [label = "inv"]
  22 -> 23
  25 [label = o0]
  9 -> 25
  26 [label = o1]
  21 -> 26
  27 [label = o2]
  23 -> 27
  28 [label = o3]
  6 -> 28
  29 [label = o4]
  8 -> 29
  30 [label = o5]
  14 -> 30
}

[7202135] New best score: 3.5955e+00
Graph: digraph {
  0 [label = i0]
  1 [label = i1]
  2 [label = i2]
  3 [label = i3]
  4 [label = i4]
  5 [label = i5]
  6 [label = "minus"]
  5 -> 6 [color = red]
  4 -> 6 [color = blue]
  8 [label = "minus"]
  3 -> 8 [color = red]
  1 -> 8 [color = blue]
  9 [label = "inv"]
  6 -> 9
  10 [label = "transpose"]
  4 -> 10
  14 [label = "matmul"]
  8 -> 14 [color = red]
  10 -> 14 [color = blue]
  16 [label = "minus"]
  5 -> 16 [color = red]
  9 -> 16 [color = blue]
  18 [label = "minus"]
  16 -> 18 [color = red]
  8 -> 18 [color = blue]
  20 [label = "matmul"]
  10 -> 20 [color = red]
  16 -> 20 [color = blue]
  25 [label = o0]
  20 -> 25
  26 [label = o1]
  14 -> 26
  27 [label = o2]
  18 -> 27
  28 [label = o3]
  9 -> 28
  29 [label = o4]
  14 -> 29
  30 [label = o5]
  20 -> 30
}

[39424950] New best score: 3.5492e+00
Graph: digraph {
  0 [label = i0]
  1 [label = i1]
  2 [label = i2]
  3 [label = i3]
  4 [label = i4]
  5 [label = i5]
  6 [label = "minus"]
  5 -> 6 [color = red]
  0 -> 6 [color = blue]
  10 [label = "matmul"]
  0 -> 10 [color = red]
  5 -> 10 [color = blue]
  11 [label = "inv"]
  2 -> 11
  12 [label = "transpose"]
  5 -> 12
  15 [label = "matmul"]
  10 -> 15 [color = red]
  5 -> 15 [color = blue]
  18 [label = "minus"]
  11 -> 18 [color = red]
  4 -> 18 [color = blue]
  21 [label = "matmul"]
  15 -> 21 [color = red]
  11 -> 21 [color = blue]
  22 [label = "minus"]
  4 -> 22 [color = red]
  21 -> 22 [color = blue]
  25 [label = o0]
  10 -> 25
  26 [label = o1]
  18 -> 26
  27 [label = o2]
  6 -> 27
  28 [label = o3]
  12 -> 28
  29 [label = o4]
  6 -> 29
  30 [label = o5]
  22 -> 30
}

[48912828] New best score: 3.5410e+00
Graph: digraph {
  0 [label = i0]
  1 [label = i1]
  2 [label = i2]
  3 [label = i3]
  4 [label = i4]
  5 [label = i5]
  7 [label = "add"]
  2 -> 7 [color = red]
  5 -> 7 [color = blue]
  9 [label = "add"]
  4 -> 9 [color = red]
  7 -> 9 [color = blue]
  13 [label = "inv"]
  9 -> 13
  17 [label = "matmul"]
  0 -> 17 [color = red]
  13 -> 17 [color = blue]
  18 [label = "add"]
  17 -> 18 [color = red]
  4 -> 18 [color = blue]
  20 [label = "transpose"]
  17 -> 20
  25 [label = o0]
  20 -> 25
  26 [label = o1]
  7 -> 26
  27 [label = o2]
  18 -> 27
  28 [label = o3]
  5 -> 28
  29 [label = o4]
  4 -> 29
  30 [label = o5]
  18 -> 30
}

[202163195] New best score: 2.6441e+00
Graph: digraph {
  0 [label = i0]
  1 [label = i1]
  2 [label = i2]
  3 [label = i3]
  4 [label = i4]
  5 [label = i5]
  6 [label = "add"]
  1 -> 6 [color = red]
  4 -> 6 [color = blue]
  9 [label = "minus"]
  1 -> 9 [color = red]
  2 -> 9 [color = blue]
  11 [label = "matmul"]
  9 -> 11 [color = red]
  4 -> 11 [color = blue]
  12 [label = "transpose"]
  6 -> 12
  15 [label = "matmul"]
  2 -> 15 [color = red]
  9 -> 15 [color = blue]
  18 [label = "transpose"]
  12 -> 18
  20 [label = "inv"]
  18 -> 20
  25 [label = o0]
  4 -> 25
  26 [label = o1]
  15 -> 26
  27 [label = o2]
  0 -> 27
  28 [label = o3]
  20 -> 28
  29 [label = o4]
  3 -> 29
  30 [label = o5]
  11 -> 30
}

