Sanity check loss: 3.8598753035070725
[00097] New best score: 4.6444e+00
Graph: digraph {
  0 [label = i0]
  1 [label = i1]
  2 [label = i2]
  3 [label = i3]
  4 [label = i4]
  5 [label = i5]
  14 [label = "inv"]
  2 -> 14
  19 [label = "matmul"]
  14 -> 19 [color = red]
  4 -> 19 [color = blue]
  22 [label = "transpose"]
  4 -> 22
  25 [label = o0]
  19 -> 25
  26 [label = o1]
  5 -> 26
  27 [label = o2]
  1 -> 27
  28 [label = o3]
  0 -> 28
  29 [label = o4]
  19 -> 29
  30 [label = o5]
  22 -> 30
}

[141481] New best score: 4.6444e+00
Graph: digraph {
  0 [label = i0]
  1 [label = i1]
  2 [label = i2]
  3 [label = i3]
  4 [label = i4]
  5 [label = i5]
  6 [label = "inv"]
  1 -> 6
  8 [label = "matmul"]
  4 -> 8 [color = red]
  1 -> 8 [color = blue]
  20 [label = "transpose"]
  0 -> 20
  21 [label = "matmul"]
  8 -> 21 [color = red]
  6 -> 21 [color = blue]
  22 [label = "matmul"]
  21 -> 22 [color = red]
  5 -> 22 [color = blue]
  25 [label = o0]
  0 -> 25
  26 [label = o1]
  2 -> 26
  27 [label = o2]
  6 -> 27
  28 [label = o3]
  20 -> 28
  29 [label = o4]
  21 -> 29
  30 [label = o5]
  22 -> 30
}

[261178] New best score: 4.5830e+00
Graph: digraph {
  0 [label = i0]
  1 [label = i1]
  2 [label = i2]
  3 [label = i3]
  4 [label = i4]
  5 [label = i5]
  6 [label = "matmul"]
  1 -> 6 [color = red]
  4 -> 6 [color = blue]
  7 [label = "matmul"]
  2 -> 7 [color = red]
  1 -> 7 [color = blue]
  11 [label = "inv"]
  1 -> 11
  12 [label = "transpose"]
  4 -> 12
  19 [label = "matmul"]
  7 -> 19 [color = red]
  12 -> 19 [color = blue]
  24 [label = "matmul"]
  12 -> 24 [color = red]
  7 -> 24 [color = blue]
  25 [label = o0]
  6 -> 25
  26 [label = o1]
  11 -> 26
  27 [label = o2]
  24 -> 27
  28 [label = o3]
  11 -> 28
  29 [label = o4]
  2 -> 29
  30 [label = o5]
  19 -> 30
}

[5701796] New best score: 3.5741e+00
Graph: digraph {
  0 [label = i0]
  1 [label = i1]
  2 [label = i2]
  3 [label = i3]
  4 [label = i4]
  5 [label = i5]
  8 [label = "add"]
  2 -> 8 [color = red]
  0 -> 8 [color = blue]
  9 [label = "inv"]
  8 -> 9
  10 [label = "minus"]
  8 -> 10 [color = red]
  3 -> 10 [color = blue]
  11 [label = "matmul"]
  0 -> 11 [color = red]
  9 -> 11 [color = blue]
  12 [label = "add"]
  4 -> 12 [color = red]
  11 -> 12 [color = blue]
  13 [label = "matmul"]
  10 -> 13 [color = red]
  11 -> 13 [color = blue]
  22 [label = "inv"]
  9 -> 22
  24 [label = "minus"]
  22 -> 24 [color = red]
  3 -> 24 [color = blue]
  25 [label = o0]
  13 -> 25
  26 [label = o1]
  9 -> 26
  27 [label = o2]
  24 -> 27
  28 [label = o3]
  1 -> 28
  29 [label = o4]
  9 -> 29
  30 [label = o5]
  12 -> 30
}

[54674511] New best score: 3.5654e+00
Graph: digraph {
  0 [label = i0]
  1 [label = i1]
  2 [label = i2]
  3 [label = i3]
  4 [label = i4]
  5 [label = i5]
  6 [label = "add"]
  5 -> 6 [color = red]
  0 -> 6 [color = blue]
  7 [label = "add"]
  6 -> 7 [color = red]
  0 -> 7 [color = blue]
  10 [label = "inv"]
  7 -> 10
  14 [label = "add"]
  0 -> 14 [color = red]
  0 -> 14 [color = blue]
  15 [label = "minus"]
  0 -> 15 [color = red]
  4 -> 15 [color = blue]
  17 [label = "matmul"]
  14 -> 17 [color = red]
  15 -> 17 [color = blue]
  18 [label = "matmul"]
  14 -> 18 [color = red]
  10 -> 18 [color = blue]
  22 [label = "add"]
  18 -> 22 [color = red]
  4 -> 22 [color = blue]
  25 [label = o0]
  22 -> 25
  26 [label = o1]
  15 -> 26
  27 [label = o2]
  17 -> 27
  28 [label = o3]
  3 -> 28
  29 [label = o4]
  15 -> 29
  30 [label = o5]
  22 -> 30
}

[76427864] New best score: 3.5219e+00
Graph: digraph {
  0 [label = i0]
  1 [label = i1]
  2 [label = i2]
  3 [label = i3]
  4 [label = i4]
  5 [label = i5]
  6 [label = "matmul"]
  5 -> 6 [color = red]
  5 -> 6 [color = blue]
  7 [label = "add"]
  2 -> 7 [color = red]
  6 -> 7 [color = blue]
  8 [label = "inv"]
  1 -> 8
  9 [label = "inv"]
  7 -> 9
  11 [label = "matmul"]
  0 -> 11 [color = red]
  9 -> 11 [color = blue]
  12 [label = "add"]
  4 -> 12 [color = red]
  11 -> 12 [color = blue]
  13 [label = "transpose"]
  6 -> 13
  14 [label = "add"]
  12 -> 14 [color = red]
  13 -> 14 [color = blue]
  16 [label = "add"]
  8 -> 16 [color = red]
  4 -> 16 [color = blue]
  18 [label = "add"]
  9 -> 18 [color = red]
  16 -> 18 [color = blue]
  19 [label = "inv"]
  18 -> 19
  20 [label = "matmul"]
  7 -> 20 [color = red]
  18 -> 20 [color = blue]
  25 [label = o0]
  12 -> 25
  26 [label = o1]
  14 -> 26
  27 [label = o2]
  20 -> 27
  28 [label = o3]
  5 -> 28
  29 [label = o4]
  19 -> 29
  30 [label = o5]
  12 -> 30
}

[113323627] New best score: 2.6441e+00
Graph: digraph {
  0 [label = i0]
  1 [label = i1]
  2 [label = i2]
  3 [label = i3]
  4 [label = i4]
  5 [label = i5]
  7 [label = "transpose"]
  1 -> 7
  8 [label = "minus"]
  7 -> 8 [color = red]
  2 -> 8 [color = blue]
  11 [label = "matmul"]
  8 -> 11 [color = red]
  5 -> 11 [color = blue]
  16 [label = "matmul"]
  11 -> 16 [color = red]
  2 -> 16 [color = blue]
  17 [label = "matmul"]
  4 -> 17 [color = red]
  5 -> 17 [color = blue]
  22 [label = "transpose"]
  2 -> 22
  24 [label = "matmul"]
  17 -> 24 [color = red]
  8 -> 24 [color = blue]
  25 [label = o0]
  4 -> 25
  26 [label = o1]
  16 -> 26
  27 [label = o2]
  22 -> 27
  28 [label = o3]
  24 -> 28
  29 [label = o4]
  24 -> 29
  30 [label = o5]
  24 -> 30
}

