Sanity check loss: 3.8598753035070725
[00124] New best score: 4.6444e+00
Graph: digraph {
  0 [label = i0]
  1 [label = i1]
  2 [label = i2]
  3 [label = i3]
  4 [label = i4]
  5 [label = i5]
  16 [label = "inv"]
  5 -> 16
  17 [label = "transpose"]
  5 -> 17
  24 [label = "transpose"]
  17 -> 24
  25 [label = o0]
  4 -> 25
  26 [label = o1]
  16 -> 26
  27 [label = o2]
  4 -> 27
  28 [label = o3]
  3 -> 28
  29 [label = o4]
  24 -> 29
  30 [label = o5]
  4 -> 30
}

[210864] New best score: 4.6444e+00
Graph: digraph {
  0 [label = i0]
  1 [label = i1]
  2 [label = i2]
  3 [label = i3]
  4 [label = i4]
  5 [label = i5]
  6 [label = "minus"]
  5 -> 6 [color = red]
  3 -> 6 [color = blue]
  7 [label = "transpose"]
  4 -> 7
  8 [label = "minus"]
  4 -> 8 [color = red]
  6 -> 8 [color = blue]
  11 [label = "matmul"]
  8 -> 11 [color = red]
  7 -> 11 [color = blue]
  13 [label = "add"]
  5 -> 13 [color = red]
  11 -> 13 [color = blue]
  14 [label = "inv"]
  8 -> 14
  15 [label = "add"]
  4 -> 15 [color = red]
  1 -> 15 [color = blue]
  16 [label = "matmul"]
  1 -> 16 [color = red]
  7 -> 16 [color = blue]
  17 [label = "add"]
  15 -> 17 [color = red]
  7 -> 17 [color = blue]
  19 [label = "matmul"]
  14 -> 19 [color = red]
  11 -> 19 [color = blue]
  23 [label = "minus"]
  19 -> 23 [color = red]
  17 -> 23 [color = blue]
  24 [label = "add"]
  15 -> 24 [color = red]
  23 -> 24 [color = blue]
  25 [label = o0]
  16 -> 25
  26 [label = o1]
  5 -> 26
  27 [label = o2]
  16 -> 27
  28 [label = o3]
  13 -> 28
  29 [label = o4]
  24 -> 29
  30 [label = o5]
  19 -> 30
}

[1980350] New best score: 4.6444e+00
Graph: digraph {
  0 [label = i0]
  1 [label = i1]
  2 [label = i2]
  3 [label = i3]
  4 [label = i4]
  5 [label = i5]
  6 [label = "transpose"]
  4 -> 6
  7 [label = "transpose"]
  4 -> 7
  8 [label = "minus"]
  4 -> 8 [color = red]
  7 -> 8 [color = blue]
  9 [label = "matmul"]
  4 -> 9 [color = red]
  6 -> 9 [color = blue]
  10 [label = "transpose"]
  8 -> 10
  11 [label = "minus"]
  4 -> 11 [color = red]
  9 -> 11 [color = blue]
  12 [label = "add"]
  9 -> 12 [color = red]
  11 -> 12 [color = blue]
  13 [label = "matmul"]
  6 -> 13 [color = red]
  6 -> 13 [color = blue]
  17 [label = "minus"]
  12 -> 17 [color = red]
  10 -> 17 [color = blue]
  24 [label = "add"]
  5 -> 24 [color = red]
  7 -> 24 [color = blue]
  25 [label = o0]
  4 -> 25
  26 [label = o1]
  7 -> 26
  27 [label = o2]
  13 -> 27
  28 [label = o3]
  24 -> 28
  29 [label = o4]
  0 -> 29
  30 [label = o5]
  17 -> 30
}

[2550108] New best score: 4.4091e+00
Graph: digraph {
  0 [label = i0]
  1 [label = i1]
  2 [label = i2]
  3 [label = i3]
  4 [label = i4]
  5 [label = i5]
  6 [label = "add"]
  4 -> 6 [color = red]
  4 -> 6 [color = blue]
  7 [label = "minus"]
  6 -> 7 [color = red]
  6 -> 7 [color = blue]
  9 [label = "add"]
  1 -> 9 [color = red]
  2 -> 9 [color = blue]
  10 [label = "matmul"]
  4 -> 10 [color = red]
  7 -> 10 [color = blue]
  11 [label = "inv"]
  9 -> 11
  13 [label = "matmul"]
  11 -> 13 [color = red]
  6 -> 13 [color = blue]
  16 [label = "matmul"]
  1 -> 16 [color = red]
  13 -> 16 [color = blue]
  17 [label = "add"]
  1 -> 17 [color = red]
  10 -> 17 [color = blue]
  25 [label = o0]
  16 -> 25
  26 [label = o1]
  1 -> 26
  27 [label = o2]
  13 -> 27
  28 [label = o3]
  17 -> 28
  29 [label = o4]
  16 -> 29
  30 [label = o5]
  16 -> 30
}

[3671487] New best score: 3.6604e+00
Graph: digraph {
  0 [label = i0]
  1 [label = i1]
  2 [label = i2]
  3 [label = i3]
  4 [label = i4]
  5 [label = i5]
  6 [label = "add"]
  5 -> 6 [color = red]
  4 -> 6 [color = blue]
  7 [label = "inv"]
  1 -> 7
  8 [label = "inv"]
  6 -> 8
  9 [label = "matmul"]
  4 -> 9 [color = red]
  8 -> 9 [color = blue]
  10 [label = "inv"]
  1 -> 10
  12 [label = "inv"]
  10 -> 12
  13 [label = "minus"]
  8 -> 13 [color = red]
  10 -> 13 [color = blue]
  24 [label = "add"]
  9 -> 24 [color = red]
  4 -> 24 [color = blue]
  25 [label = o0]
  24 -> 25
  26 [label = o1]
  12 -> 26
  27 [label = o2]
  7 -> 27
  28 [label = o3]
  13 -> 28
  29 [label = o4]
  2 -> 29
  30 [label = o5]
  24 -> 30
}

[16121079] New best score: 3.5492e+00
Graph: digraph {
  0 [label = i0]
  1 [label = i1]
  2 [label = i2]
  3 [label = i3]
  4 [label = i4]
  5 [label = i5]
  7 [label = "minus"]
  5 -> 7 [color = red]
  0 -> 7 [color = blue]
  8 [label = "inv"]
  7 -> 8
  9 [label = "add"]
  2 -> 9 [color = red]
  3 -> 9 [color = blue]
  10 [label = "matmul"]
  0 -> 10 [color = red]
  8 -> 10 [color = blue]
  14 [label = "add"]
  5 -> 14 [color = red]
  8 -> 14 [color = blue]
  16 [label = "minus"]
  14 -> 16 [color = red]
  0 -> 16 [color = blue]
  18 [label = "matmul"]
  14 -> 18 [color = red]
  0 -> 18 [color = blue]
  20 [label = "minus"]
  4 -> 20 [color = red]
  10 -> 20 [color = blue]
  23 [label = "inv"]
  16 -> 23
  25 [label = o0]
  18 -> 25
  26 [label = o1]
  14 -> 26
  27 [label = o2]
  9 -> 27
  28 [label = o3]
  8 -> 28
  29 [label = o4]
  23 -> 29
  30 [label = o5]
  20 -> 30
}

[28466420] New best score: 3.5492e+00
Graph: digraph {
  0 [label = i0]
  1 [label = i1]
  2 [label = i2]
  3 [label = i3]
  4 [label = i4]
  5 [label = i5]
  6 [label = "matmul"]
  5 -> 6 [color = red]
  2 -> 6 [color = blue]
  9 [label = "matmul"]
  0 -> 9 [color = red]
  2 -> 9 [color = blue]
  10 [label = "minus"]
  4 -> 10 [color = red]
  9 -> 10 [color = blue]
  13 [label = "minus"]
  6 -> 13 [color = red]
  4 -> 13 [color = blue]
  15 [label = "inv"]
  13 -> 15
  17 [label = "matmul"]
  10 -> 17 [color = red]
  5 -> 17 [color = blue]
  25 [label = o0]
  9 -> 25
  26 [label = o1]
  15 -> 26
  27 [label = o2]
  9 -> 27
  28 [label = o3]
  17 -> 28
  29 [label = o4]
  1 -> 29
  30 [label = o5]
  10 -> 30
}

[52520362] New best score: 3.4610e+00
Graph: digraph {
  0 [label = i0]
  1 [label = i1]
  2 [label = i2]
  3 [label = i3]
  4 [label = i4]
  5 [label = i5]
  6 [label = "matmul"]
  1 -> 6 [color = red]
  0 -> 6 [color = blue]
  7 [label = "transpose"]
  5 -> 7
  9 [label = "minus"]
  5 -> 9 [color = red]
  6 -> 9 [color = blue]
  10 [label = "add"]
  5 -> 10 [color = red]
  3 -> 10 [color = blue]
  11 [label = "matmul"]
  4 -> 11 [color = red]
  7 -> 11 [color = blue]
  12 [label = "transpose"]
  2 -> 12
  14 [label = "inv"]
  9 -> 14
  15 [label = "matmul"]
  0 -> 15 [color = red]
  14 -> 15 [color = blue]
  18 [label = "matmul"]
  12 -> 18 [color = red]
  10 -> 18 [color = blue]
  19 [label = "add"]
  14 -> 19 [color = red]
  18 -> 19 [color = blue]
  21 [label = "minus"]
  2 -> 21 [color = red]
  19 -> 21 [color = blue]
  23 [label = "minus"]
  11 -> 23 [color = red]
  15 -> 23 [color = blue]
  25 [label = o0]
  0 -> 25
  26 [label = o1]
  18 -> 26
  27 [label = o2]
  21 -> 27
  28 [label = o3]
  14 -> 28
  29 [label = o4]
  7 -> 29
  30 [label = o5]
  23 -> 30
}

[435977579] New best score: 2.6441e+00
Graph: digraph {
  0 [label = i0]
  1 [label = i1]
  2 [label = i2]
  3 [label = i3]
  4 [label = i4]
  5 [label = i5]
  7 [label = "inv"]
  1 -> 7
  8 [label = "minus"]
  1 -> 8 [color = red]
  2 -> 8 [color = blue]
  9 [label = "matmul"]
  1 -> 9 [color = red]
  2 -> 9 [color = blue]
  10 [label = "matmul"]
  8 -> 10 [color = red]
  4 -> 10 [color = blue]
  11 [label = "minus"]
  8 -> 11 [color = red]
  7 -> 11 [color = blue]
  16 [label = "matmul"]
  8 -> 16 [color = red]
  2 -> 16 [color = blue]
  23 [label = "transpose"]
  9 -> 23
  25 [label = o0]
  4 -> 25
  26 [label = o1]
  16 -> 26
  27 [label = o2]
  23 -> 27
  28 [label = o3]
  16 -> 28
  29 [label = o4]
  11 -> 29
  30 [label = o5]
  10 -> 30
}

