Sanity check loss: 3.8598753035070725
[00009] New best score: 4.8797e+05
Graph: digraph {
  0 [label = i0]
  1 [label = i1]
  2 [label = i2]
  3 [label = i3]
  4 [label = i4]
  5 [label = i5]
  6 [label = "transpose"]
  4 -> 6
  9 [label = "transpose"]
  6 -> 9
  11 [label = "minus"]
  4 -> 11 [color = red]
  5 -> 11 [color = blue]
  16 [label = "transpose"]
  4 -> 16
  18 [label = "add"]
  9 -> 18 [color = red]
  9 -> 18 [color = blue]
  24 [label = "matmul"]
  16 -> 24 [color = red]
  2 -> 24 [color = blue]
  25 [label = o0]
  24 -> 25
  26 [label = o1]
  3 -> 26
  27 [label = o2]
  5 -> 27
  28 [label = o3]
  5 -> 28
  29 [label = o4]
  11 -> 29
  30 [label = o5]
  18 -> 30
}

[00131] New best score: 4.6444e+00
Graph: digraph {
  0 [label = i0]
  1 [label = i1]
  2 [label = i2]
  3 [label = i3]
  4 [label = i4]
  5 [label = i5]
  19 [label = "matmul"]
  4 -> 19 [color = red]
  5 -> 19 [color = blue]
  20 [label = "transpose"]
  4 -> 20
  24 [label = "matmul"]
  19 -> 24 [color = red]
  1 -> 24 [color = blue]
  25 [label = o0]
  24 -> 25
  26 [label = o1]
  0 -> 26
  27 [label = o2]
  24 -> 27
  28 [label = o3]
  1 -> 28
  29 [label = o4]
  3 -> 29
  30 [label = o5]
  20 -> 30
}

[361802] New best score: 4.6444e+00
Graph: digraph {
  0 [label = i0]
  1 [label = i1]
  2 [label = i2]
  3 [label = i3]
  4 [label = i4]
  5 [label = i5]
  6 [label = "inv"]
  1 -> 6
  8 [label = "matmul"]
  4 -> 8 [color = red]
  1 -> 8 [color = blue]
  9 [label = "minus"]
  2 -> 9 [color = red]
  0 -> 9 [color = blue]
  10 [label = "matmul"]
  8 -> 10 [color = red]
  6 -> 10 [color = blue]
  11 [label = "matmul"]
  8 -> 11 [color = red]
  10 -> 11 [color = blue]
  13 [label = "add"]
  3 -> 13 [color = red]
  11 -> 13 [color = blue]
  15 [label = "minus"]
  4 -> 15 [color = red]
  13 -> 15 [color = blue]
  16 [label = "transpose"]
  6 -> 16
  18 [label = "add"]
  9 -> 18 [color = red]
  16 -> 18 [color = blue]
  23 [label = "matmul"]
  2 -> 23 [color = red]
  6 -> 23 [color = blue]
  25 [label = o0]
  0 -> 25
  26 [label = o1]
  23 -> 26
  27 [label = o2]
  18 -> 27
  28 [label = o3]
  15 -> 28
  29 [label = o4]
  0 -> 29
  30 [label = o5]
  10 -> 30
}

[494290] New best score: 4.6444e+00
Graph: digraph {
  0 [label = i0]
  1 [label = i1]
  2 [label = i2]
  3 [label = i3]
  4 [label = i4]
  5 [label = i5]
  10 [label = "add"]
  3 -> 10 [color = red]
  4 -> 10 [color = blue]
  17 [label = "inv"]
  10 -> 17
  19 [label = "transpose"]
  10 -> 19
  21 [label = "transpose"]
  17 -> 21
  22 [label = "matmul"]
  4 -> 22 [color = red]
  21 -> 22 [color = blue]
  23 [label = "matmul"]
  10 -> 23 [color = red]
  22 -> 23 [color = blue]
  25 [label = o0]
  22 -> 25
  26 [label = o1]
  23 -> 26
  27 [label = o2]
  17 -> 27
  28 [label = o3]
  19 -> 28
  29 [label = o4]
  22 -> 29
  30 [label = o5]
  23 -> 30
}

[656380] New best score: 4.5830e+00
Graph: digraph {
  0 [label = i0]
  1 [label = i1]
  2 [label = i2]
  3 [label = i3]
  4 [label = i4]
  5 [label = i5]
  6 [label = "inv"]
  2 -> 6
  8 [label = "minus"]
  2 -> 8 [color = red]
  0 -> 8 [color = blue]
  10 [label = "inv"]
  8 -> 10
  11 [label = "matmul"]
  1 -> 11 [color = red]
  6 -> 11 [color = blue]
  16 [label = "matmul"]
  10 -> 16 [color = red]
  4 -> 16 [color = blue]
  20 [label = "minus"]
  4 -> 20 [color = red]
  16 -> 20 [color = blue]
  21 [label = "transpose"]
  11 -> 21
  23 [label = "matmul"]
  4 -> 23 [color = red]
  21 -> 23 [color = blue]
  25 [label = o0]
  23 -> 25
  26 [label = o1]
  1 -> 26
  27 [label = o2]
  20 -> 27
  28 [label = o3]
  23 -> 28
  29 [label = o4]
  1 -> 29
  30 [label = o5]
  23 -> 30
}

[1142651] New best score: 3.5955e+00
Graph: digraph {
  0 [label = i0]
  1 [label = i1]
  2 [label = i2]
  3 [label = i3]
  4 [label = i4]
  5 [label = i5]
  6 [label = "minus"]
  5 -> 6 [color = red]
  4 -> 6 [color = blue]
  10 [label = "transpose"]
  4 -> 10
  12 [label = "inv"]
  6 -> 12
  13 [label = "matmul"]
  10 -> 13 [color = red]
  12 -> 13 [color = blue]
  14 [label = "minus"]
  4 -> 14 [color = red]
  13 -> 14 [color = blue]
  17 [label = "matmul"]
  2 -> 17 [color = red]
  13 -> 17 [color = blue]
  25 [label = o0]
  0 -> 25
  26 [label = o1]
  1 -> 26
  27 [label = o2]
  17 -> 27
  28 [label = o3]
  14 -> 28
  29 [label = o4]
  14 -> 29
  30 [label = o5]
  14 -> 30
}

[1651573] New best score: 3.5492e+00
Graph: digraph {
  0 [label = i0]
  1 [label = i1]
  2 [label = i2]
  3 [label = i3]
  4 [label = i4]
  5 [label = i5]
  6 [label = "matmul"]
  5 -> 6 [color = red]
  0 -> 6 [color = blue]
  12 [label = "minus"]
  6 -> 12 [color = red]
  2 -> 12 [color = blue]
  13 [label = "inv"]
  12 -> 13
  14 [label = "add"]
  4 -> 14 [color = red]
  2 -> 14 [color = blue]
  16 [label = "inv"]
  5 -> 16
  17 [label = "matmul"]
  6 -> 17 [color = red]
  13 -> 17 [color = blue]
  19 [label = "add"]
  17 -> 19 [color = red]
  4 -> 19 [color = blue]
  21 [label = "matmul"]
  14 -> 21 [color = red]
  19 -> 21 [color = blue]
  25 [label = o0]
  21 -> 25
  26 [label = o1]
  5 -> 26
  27 [label = o2]
  14 -> 27
  28 [label = o3]
  16 -> 28
  29 [label = o4]
  4 -> 29
  30 [label = o5]
  19 -> 30
}

[10022578] New best score: 3.5492e+00
Graph: digraph {
  0 [label = i0]
  1 [label = i1]
  2 [label = i2]
  3 [label = i3]
  4 [label = i4]
  5 [label = i5]
  6 [label = "transpose"]
  0 -> 6
  7 [label = "inv"]
  2 -> 7
  8 [label = "matmul"]
  6 -> 8 [color = red]
  7 -> 8 [color = blue]
  10 [label = "minus"]
  8 -> 10 [color = red]
  8 -> 10 [color = blue]
  12 [label = "minus"]
  7 -> 12 [color = red]
  4 -> 12 [color = blue]
  16 [label = "minus"]
  4 -> 16 [color = red]
  8 -> 16 [color = blue]
  22 [label = "add"]
  12 -> 22 [color = red]
  6 -> 22 [color = blue]
  23 [label = "inv"]
  22 -> 23
  25 [label = o0]
  10 -> 25
  26 [label = o1]
  12 -> 26
  27 [label = o2]
  5 -> 27
  28 [label = o3]
  10 -> 28
  29 [label = o4]
  23 -> 29
  30 [label = o5]
  16 -> 30
}

[13619643] New best score: 3.5436e+00
Graph: digraph {
  0 [label = i0]
  1 [label = i1]
  2 [label = i2]
  3 [label = i3]
  4 [label = i4]
  5 [label = i5]
  6 [label = "add"]
  0 -> 6 [color = red]
  2 -> 6 [color = blue]
  8 [label = "transpose"]
  4 -> 8
  9 [label = "inv"]
  6 -> 9
  12 [label = "matmul"]
  0 -> 12 [color = red]
  9 -> 12 [color = blue]
  13 [label = "add"]
  12 -> 13 [color = red]
  8 -> 13 [color = blue]
  18 [label = "transpose"]
  5 -> 18
  24 [label = "transpose"]
  13 -> 24
  25 [label = o0]
  8 -> 25
  26 [label = o1]
  18 -> 26
  27 [label = o2]
  2 -> 27
  28 [label = o3]
  2 -> 28
  29 [label = o4]
  6 -> 29
  30 [label = o5]
  24 -> 30
}

[19251889] New best score: 3.5294e+00
Graph: digraph {
  0 [label = i0]
  1 [label = i1]
  2 [label = i2]
  3 [label = i3]
  4 [label = i4]
  5 [label = i5]
  6 [label = "matmul"]
  2 -> 6 [color = red]
  2 -> 6 [color = blue]
  7 [label = "transpose"]
  1 -> 7
  9 [label = "matmul"]
  2 -> 9 [color = red]
  0 -> 9 [color = blue]
  11 [label = "add"]
  9 -> 11 [color = red]
  4 -> 11 [color = blue]
  15 [label = "add"]
  11 -> 15 [color = red]
  7 -> 15 [color = blue]
  16 [label = "transpose"]
  9 -> 16
  17 [label = "transpose"]
  15 -> 17
  19 [label = "inv"]
  17 -> 19
  24 [label = "transpose"]
  0 -> 24
  25 [label = o0]
  24 -> 25
  26 [label = o1]
  19 -> 26
  27 [label = o2]
  4 -> 27
  28 [label = o3]
  6 -> 28
  29 [label = o4]
  16 -> 29
  30 [label = o5]
  11 -> 30
}

[419413639] New best score: 2.6441e+00
Graph: digraph {
  0 [label = i0]
  1 [label = i1]
  2 [label = i2]
  3 [label = i3]
  4 [label = i4]
  5 [label = i5]
  11 [label = "minus"]
  1 -> 11 [color = red]
  2 -> 11 [color = blue]
  12 [label = "transpose"]
  11 -> 12
  13 [label = "matmul"]
  11 -> 13 [color = red]
  2 -> 13 [color = blue]
  16 [label = "matmul"]
  4 -> 16 [color = red]
  12 -> 16 [color = blue]
  25 [label = o0]
  0 -> 25
  26 [label = o1]
  13 -> 26
  27 [label = o2]
  13 -> 27
  28 [label = o3]
  5 -> 28
  29 [label = o4]
  2 -> 29
  30 [label = o5]
  16 -> 30
}

