Sanity check loss: 3.8598753035070725
[00054] New best score: 4.6444e+00
Graph: digraph {
  0 [label = i0]
  1 [label = i1]
  2 [label = i2]
  3 [label = i3]
  4 [label = i4]
  5 [label = i5]
  11 [label = "add"]
  5 -> 11 [color = red]
  1 -> 11 [color = blue]
  14 [label = "minus"]
  5 -> 14 [color = red]
  0 -> 14 [color = blue]
  17 [label = "minus"]
  14 -> 17 [color = red]
  1 -> 17 [color = blue]
  20 [label = "add"]
  11 -> 20 [color = red]
  5 -> 20 [color = blue]
  25 [label = o0]
  0 -> 25
  26 [label = o1]
  17 -> 26
  27 [label = o2]
  11 -> 27
  28 [label = o3]
  2 -> 28
  29 [label = o4]
  20 -> 29
  30 [label = o5]
  4 -> 30
}

[385519] New best score: 4.6444e+00
Graph: digraph {
  0 [label = i0]
  1 [label = i1]
  2 [label = i2]
  3 [label = i3]
  4 [label = i4]
  5 [label = i5]
  6 [label = "inv"]
  2 -> 6
  7 [label = "matmul"]
  6 -> 7 [color = red]
  2 -> 7 [color = blue]
  8 [label = "minus"]
  6 -> 8 [color = red]
  0 -> 8 [color = blue]
  9 [label = "transpose"]
  8 -> 9
  11 [label = "add"]
  3 -> 11 [color = red]
  9 -> 11 [color = blue]
  13 [label = "minus"]
  4 -> 13 [color = red]
  11 -> 13 [color = blue]
  20 [label = "matmul"]
  4 -> 20 [color = red]
  7 -> 20 [color = blue]
  22 [label = "matmul"]
  20 -> 22 [color = red]
  4 -> 22 [color = blue]
  23 [label = "minus"]
  9 -> 23 [color = red]
  13 -> 23 [color = blue]
  25 [label = o0]
  0 -> 25
  26 [label = o1]
  23 -> 26
  27 [label = o2]
  7 -> 27
  28 [label = o3]
  5 -> 28
  29 [label = o4]
  22 -> 29
  30 [label = o5]
  20 -> 30
}

[1260906] New best score: 4.6444e+00
Graph: digraph {
  0 [label = i0]
  1 [label = i1]
  2 [label = i2]
  3 [label = i3]
  4 [label = i4]
  5 [label = i5]
  7 [label = "transpose"]
  2 -> 7
  8 [label = "minus"]
  2 -> 8 [color = red]
  3 -> 8 [color = blue]
  9 [label = "inv"]
  7 -> 9
  10 [label = "matmul"]
  0 -> 10 [color = red]
  7 -> 10 [color = blue]
  11 [label = "matmul"]
  2 -> 11 [color = red]
  4 -> 11 [color = blue]
  12 [label = "matmul"]
  11 -> 12 [color = red]
  9 -> 12 [color = blue]
  20 [label = "inv"]
  9 -> 20
  25 [label = o0]
  10 -> 25
  26 [label = o1]
  8 -> 26
  27 [label = o2]
  2 -> 27
  28 [label = o3]
  20 -> 28
  29 [label = o4]
  12 -> 29
  30 [label = o5]
  12 -> 30
}

[1461988] New best score: 4.5885e+00
Graph: digraph {
  0 [label = i0]
  1 [label = i1]
  2 [label = i2]
  3 [label = i3]
  4 [label = i4]
  5 [label = i5]
  6 [label = "minus"]
  1 -> 6 [color = red]
  5 -> 6 [color = blue]
  7 [label = "add"]
  4 -> 7 [color = red]
  5 -> 7 [color = blue]
  8 [label = "matmul"]
  6 -> 8 [color = red]
  7 -> 8 [color = blue]
  9 [label = "transpose"]
  2 -> 9
  10 [label = "minus"]
  8 -> 10 [color = red]
  5 -> 10 [color = blue]
  13 [label = "transpose"]
  10 -> 13
  14 [label = "matmul"]
  9 -> 14 [color = red]
  13 -> 14 [color = blue]
  15 [label = "minus"]
  1 -> 15 [color = red]
  2 -> 15 [color = blue]
  16 [label = "add"]
  14 -> 16 [color = red]
  4 -> 16 [color = blue]
  20 [label = "minus"]
  16 -> 20 [color = red]
  16 -> 20 [color = blue]
  22 [label = "matmul"]
  15 -> 22 [color = red]
  4 -> 22 [color = blue]
  23 [label = "minus"]
  20 -> 23 [color = red]
  4 -> 23 [color = blue]
  25 [label = o0]
  22 -> 25
  26 [label = o1]
  6 -> 26
  27 [label = o2]
  23 -> 27
  28 [label = o3]
  13 -> 28
  29 [label = o4]
  22 -> 29
  30 [label = o5]
  22 -> 30
}

[2451103] New best score: 4.5830e+00
Graph: digraph {
  0 [label = i0]
  1 [label = i1]
  2 [label = i2]
  3 [label = i3]
  4 [label = i4]
  5 [label = i5]
  7 [label = "matmul"]
  1 -> 7 [color = red]
  4 -> 7 [color = blue]
  10 [label = "matmul"]
  2 -> 10 [color = red]
  7 -> 10 [color = blue]
  12 [label = "add"]
  4 -> 12 [color = red]
  4 -> 12 [color = blue]
  14 [label = "add"]
  4 -> 14 [color = red]
  2 -> 14 [color = blue]
  17 [label = "inv"]
  1 -> 17
  20 [label = "transpose"]
  0 -> 20
  21 [label = "transpose"]
  14 -> 21
  22 [label = "transpose"]
  12 -> 22
  24 [label = "transpose"]
  20 -> 24
  25 [label = o0]
  22 -> 25
  26 [label = o1]
  17 -> 26
  27 [label = o2]
  21 -> 27
  28 [label = o3]
  17 -> 28
  29 [label = o4]
  24 -> 29
  30 [label = o5]
  10 -> 30
}

[2634597] New best score: 4.5830e+00
Graph: digraph {
  0 [label = i0]
  1 [label = i1]
  2 [label = i2]
  3 [label = i3]
  4 [label = i4]
  5 [label = i5]
  6 [label = "transpose"]
  4 -> 6
  7 [label = "inv"]
  5 -> 7
  9 [label = "minus"]
  7 -> 9 [color = red]
  1 -> 9 [color = blue]
  10 [label = "matmul"]
  6 -> 10 [color = red]
  3 -> 10 [color = blue]
  11 [label = "matmul"]
  1 -> 11 [color = red]
  2 -> 11 [color = blue]
  17 [label = "minus"]
  10 -> 17 [color = red]
  7 -> 17 [color = blue]
  19 [label = "inv"]
  1 -> 19
  23 [label = "matmul"]
  11 -> 23 [color = red]
  4 -> 23 [color = blue]
  25 [label = o0]
  10 -> 25
  26 [label = o1]
  19 -> 26
  27 [label = o2]
  17 -> 27
  28 [label = o3]
  6 -> 28
  29 [label = o4]
  9 -> 29
  30 [label = o5]
  23 -> 30
}

[8296145] New best score: 3.5436e+00
Graph: digraph {
  0 [label = i0]
  1 [label = i1]
  2 [label = i2]
  3 [label = i3]
  4 [label = i4]
  5 [label = i5]
  7 [label = "add"]
  0 -> 7 [color = red]
  5 -> 7 [color = blue]
  8 [label = "inv"]
  7 -> 8
  10 [label = "matmul"]
  0 -> 10 [color = red]
  8 -> 10 [color = blue]
  11 [label = "transpose"]
  10 -> 11
  18 [label = "add"]
  4 -> 18 [color = red]
  11 -> 18 [color = blue]
  23 [label = "transpose"]
  11 -> 23
  25 [label = o0]
  0 -> 25
  26 [label = o1]
  23 -> 26
  27 [label = o2]
  10 -> 27
  28 [label = o3]
  1 -> 28
  29 [label = o4]
  7 -> 29
  30 [label = o5]
  18 -> 30
}

[177925406] New best score: 2.6441e+00
Graph: digraph {
  0 [label = i0]
  1 [label = i1]
  2 [label = i2]
  3 [label = i3]
  4 [label = i4]
  5 [label = i5]
  6 [label = "minus"]
  1 -> 6 [color = red]
  2 -> 6 [color = blue]
  8 [label = "matmul"]
  4 -> 8 [color = red]
  0 -> 8 [color = blue]
  11 [label = "matmul"]
  6 -> 11 [color = red]
  4 -> 11 [color = blue]
  12 [label = "minus"]
  5 -> 12 [color = red]
  4 -> 12 [color = blue]
  18 [label = "matmul"]
  5 -> 18 [color = red]
  0 -> 18 [color = blue]
  24 [label = "matmul"]
  2 -> 24 [color = red]
  6 -> 24 [color = blue]
  25 [label = o0]
  4 -> 25
  26 [label = o1]
  24 -> 26
  27 [label = o2]
  18 -> 27
  28 [label = o3]
  8 -> 28
  29 [label = o4]
  12 -> 29
  30 [label = o5]
  11 -> 30
}

