Sanity check loss: 1.1180493160255696
[00095] New best score: 6.3975e+07
Graph: digraph {
  0 [label = i0]
  1 [label = i1]
  2 [label = i2]
  3 [label = i3]
  4 [label = i4]
  5 [label = i5]
  13 [label = o0]
  0 -> 13
  14 [label = o1]
  1 -> 14
  15 [label = o2]
  4 -> 15
  16 [label = o3]
  5 -> 16
}

[00223] New best score: 2.6929e+04
Graph: digraph {
  0 [label = i0]
  1 [label = i1]
  2 [label = i2]
  3 [label = i3]
  4 [label = i4]
  5 [label = i5]
  7 [label = "minus"]
  0 -> 7 [color = red]
  0 -> 7 [color = blue]
  12 [label = "add"]
  7 -> 12 [color = red]
  0 -> 12 [color = blue]
  13 [label = o0]
  12 -> 13
  14 [label = o1]
  1 -> 14
  15 [label = o2]
  12 -> 15
  16 [label = o3]
  1 -> 16
}

[01191] New best score: 2.1190e+00
Graph: digraph {
  0 [label = i0]
  1 [label = i1]
  2 [label = i2]
  3 [label = i3]
  4 [label = i4]
  5 [label = i5]
  8 [label = "add"]
  3 -> 8 [color = red]
  5 -> 8 [color = blue]
  10 [label = "matmul"]
  2 -> 10 [color = red]
  4 -> 10 [color = blue]
  12 [label = "add"]
  8 -> 12 [color = red]
  10 -> 12 [color = blue]
  13 [label = o0]
  10 -> 13
  14 [label = o1]
  12 -> 14
  15 [label = o2]
  4 -> 15
  16 [label = o3]
  12 -> 16
}

[02717] New best score: 2.0742e+00
Graph: digraph {
  0 [label = i0]
  1 [label = i1]
  2 [label = i2]
  3 [label = i3]
  4 [label = i4]
  5 [label = i5]
  10 [label = "minus"]
  4 -> 10 [color = red]
  0 -> 10 [color = blue]
  13 [label = o0]
  10 -> 13
  14 [label = o1]
  1 -> 14
  15 [label = o2]
  0 -> 15
  16 [label = o3]
  1 -> 16
}

[15752] New best score: 2.0742e+00
Graph: digraph {
  0 [label = i0]
  1 [label = i1]
  2 [label = i2]
  3 [label = i3]
  4 [label = i4]
  5 [label = i5]
  6 [label = "matmul"]
  2 -> 6 [color = red]
  0 -> 6 [color = blue]
  8 [label = "add"]
  6 -> 8 [color = red]
  0 -> 8 [color = blue]
  9 [label = "transpose"]
  5 -> 9
  11 [label = "minus"]
  8 -> 11 [color = red]
  9 -> 11 [color = blue]
  13 [label = o0]
  4 -> 13
  14 [label = o1]
  11 -> 14
  15 [label = o2]
  6 -> 15
  16 [label = o3]
  11 -> 16
}

[227072] New best score: 2.0742e+00
Graph: digraph {
  0 [label = i0]
  1 [label = i1]
  2 [label = i2]
  3 [label = i3]
  4 [label = i4]
  5 [label = i5]
  6 [label = "matmul"]
  2 -> 6 [color = red]
  1 -> 6 [color = blue]
  8 [label = "matmul"]
  6 -> 8 [color = red]
  1 -> 8 [color = blue]
  9 [label = "transpose"]
  3 -> 9
  10 [label = "add"]
  9 -> 10 [color = red]
  6 -> 10 [color = blue]
  11 [label = "matmul"]
  8 -> 11 [color = red]
  0 -> 11 [color = blue]
  13 [label = o0]
  4 -> 13
  14 [label = o1]
  10 -> 14
  15 [label = o2]
  11 -> 15
  16 [label = o3]
  10 -> 16
}

[297195] New best score: 1.9943e+00
Graph: digraph {
  0 [label = i0]
  1 [label = i1]
  2 [label = i2]
  3 [label = i3]
  4 [label = i4]
  5 [label = i5]
  7 [label = "transpose"]
  2 -> 7
  8 [label = "transpose"]
  5 -> 8
  10 [label = "matmul"]
  8 -> 10 [color = red]
  7 -> 10 [color = blue]
  11 [label = "add"]
  10 -> 11 [color = red]
  5 -> 11 [color = blue]
  12 [label = "matmul"]
  7 -> 12 [color = red]
  0 -> 12 [color = blue]
  13 [label = o0]
  12 -> 13
  14 [label = o1]
  5 -> 14
  15 [label = o2]
  4 -> 15
  16 [label = o3]
  11 -> 16
}

[439832] New best score: 1.3746e+00
Graph: digraph {
  0 [label = i0]
  1 [label = i1]
  2 [label = i2]
  3 [label = i3]
  4 [label = i4]
  5 [label = i5]
  6 [label = "matmul"]
  2 -> 6 [color = red]
  4 -> 6 [color = blue]
  8 [label = "transpose"]
  0 -> 8
  9 [label = "add"]
  5 -> 9 [color = red]
  1 -> 9 [color = blue]
  13 [label = o0]
  6 -> 13
  14 [label = o1]
  1 -> 14
  15 [label = o2]
  8 -> 15
  16 [label = o3]
  9 -> 16
}

[96871876] New best score: 1.2535e+00
Graph: digraph {
  0 [label = i0]
  1 [label = i1]
  2 [label = i2]
  3 [label = i3]
  4 [label = i4]
  5 [label = i5]
  6 [label = "add"]
  1 -> 6 [color = red]
  1 -> 6 [color = blue]
  7 [label = "transpose"]
  2 -> 7
  9 [label = "matmul"]
  0 -> 9 [color = red]
  7 -> 9 [color = blue]
  11 [label = "minus"]
  6 -> 11 [color = red]
  3 -> 11 [color = blue]
  13 [label = o0]
  9 -> 13
  14 [label = o1]
  1 -> 14
  15 [label = o2]
  4 -> 15
  16 [label = o3]
  11 -> 16
}

