/n/home10/vsaketos/wavegp/table1/Random_Search/predict_plus_two_lines.py:381: RuntimeWarning: overflow encountered in matmul
  x_est = xp + (K @ y)
/n/home10/vsaketos/wavegp/table1/Random_Search/predict_plus_two_lines.py:381: RuntimeWarning: overflow encountered in matmul
  x_est = xp + (K @ y)
/n/home10/vsaketos/wavegp/table1/Random_Search/predict_plus_two_lines.py:381: RuntimeWarning: overflow encountered in matmul
  x_est = xp + (K @ y)
/n/home10/vsaketos/wavegp/table1/Random_Search/predict_plus_two_lines.py:381: RuntimeWarning: overflow encountered in matmul
  x_est = xp + (K @ y)
/n/home10/vsaketos/wavegp/table1/Random_Search/predict_plus_two_lines.py:381: RuntimeWarning: overflow encountered in matmul
  x_est = xp + (K @ y)
/n/home10/vsaketos/wavegp/table1/Random_Search/predict_plus_two_lines.py:381: RuntimeWarning: overflow encountered in matmul
  x_est = xp + (K @ y)
/n/home10/vsaketos/wavegp/table1/Random_Search/predict_plus_two_lines.py:175: RuntimeWarning: overflow encountered in matmul
  return inp[0] @ inp[1]
/n/home10/vsaketos/wavegp/table1/Random_Search/predict_plus_two_lines.py:381: RuntimeWarning: invalid value encountered in matmul
  x_est = xp + (K @ y)
/n/home10/vsaketos/wavegp/table1/Random_Search/predict_plus_two_lines.py:381: RuntimeWarning: overflow encountered in matmul
  x_est = xp + (K @ y)
/n/home10/vsaketos/wavegp/table1/Random_Search/predict_plus_two_lines.py:175: RuntimeWarning: overflow encountered in matmul
  return inp[0] @ inp[1]
/n/home10/vsaketos/wavegp/table1/Random_Search/predict_plus_two_lines.py:381: RuntimeWarning: invalid value encountered in matmul
  x_est = xp + (K @ y)
/n/home10/vsaketos/wavegp/table1/Random_Search/predict_plus_two_lines.py:380: RuntimeWarning: invalid value encountered in matmul
  K = (P @ H.T) @ np.linalg.inv(S)
/n/home10/vsaketos/wavegp/table1/Random_Search/predict_plus_two_lines.py:382: RuntimeWarning: invalid value encountered in matmul
  P = (np.eye(dim) - (K @ H)) @ P
/n/home10/vsaketos/wavegp/table1/Random_Search/predict_plus_two_lines.py:381: RuntimeWarning: overflow encountered in matmul
  x_est = xp + (K @ y)
/n/home10/vsaketos/wavegp/table1/Random_Search/predict_plus_two_lines.py:381: RuntimeWarning: overflow encountered in matmul
  x_est = xp + (K @ y)
/n/home10/vsaketos/wavegp/table1/Random_Search/predict_plus_two_lines.py:175: RuntimeWarning: overflow encountered in matmul
  return inp[0] @ inp[1]
/n/home10/vsaketos/wavegp/table1/Random_Search/predict_plus_two_lines.py:381: RuntimeWarning: invalid value encountered in matmul
  x_est = xp + (K @ y)
/n/home10/vsaketos/wavegp/table1/Random_Search/predict_plus_two_lines.py:381: RuntimeWarning: overflow encountered in matmul
  x_est = xp + (K @ y)
/n/home10/vsaketos/wavegp/table1/Random_Search/predict_plus_two_lines.py:381: RuntimeWarning: overflow encountered in matmul
  x_est = xp + (K @ y)
/n/home10/vsaketos/wavegp/table1/Random_Search/predict_plus_two_lines.py:175: RuntimeWarning: overflow encountered in matmul
  return inp[0] @ inp[1]
/n/home10/vsaketos/wavegp/table1/Random_Search/predict_plus_two_lines.py:381: RuntimeWarning: invalid value encountered in matmul
  x_est = xp + (K @ y)
/n/home10/vsaketos/wavegp/table1/Random_Search/predict_plus_two_lines.py:381: RuntimeWarning: overflow encountered in matmul
  x_est = xp + (K @ y)
/n/home10/vsaketos/wavegp/table1/Random_Search/predict_plus_two_lines.py:381: RuntimeWarning: overflow encountered in matmul
  x_est = xp + (K @ y)
/n/home10/vsaketos/wavegp/table1/Random_Search/predict_plus_two_lines.py:381: RuntimeWarning: overflow encountered in matmul
  x_est = xp + (K @ y)
/n/home10/vsaketos/wavegp/table1/Random_Search/predict_plus_two_lines.py:175: RuntimeWarning: overflow encountered in matmul
  return inp[0] @ inp[1]
/n/home10/vsaketos/wavegp/table1/Random_Search/predict_plus_two_lines.py:381: RuntimeWarning: overflow encountered in matmul
  x_est = xp + (K @ y)
/n/home10/vsaketos/wavegp/table1/Random_Search/predict_plus_two_lines.py:175: RuntimeWarning: overflow encountered in matmul
  return inp[0] @ inp[1]
/n/home10/vsaketos/wavegp/table1/Random_Search/predict_plus_two_lines.py:381: RuntimeWarning: invalid value encountered in matmul
  x_est = xp + (K @ y)
/n/home10/vsaketos/wavegp/table1/Random_Search/predict_plus_two_lines.py:381: RuntimeWarning: overflow encountered in matmul
  x_est = xp + (K @ y)
/n/home10/vsaketos/wavegp/table1/Random_Search/predict_plus_two_lines.py:175: RuntimeWarning: overflow encountered in matmul
  return inp[0] @ inp[1]
/n/home10/vsaketos/wavegp/table1/Random_Search/predict_plus_two_lines.py:381: RuntimeWarning: overflow encountered in matmul
  x_est = xp + (K @ y)
/n/home10/vsaketos/wavegp/table1/Random_Search/predict_plus_two_lines.py:175: RuntimeWarning: overflow encountered in matmul
  return inp[0] @ inp[1]
/n/home10/vsaketos/wavegp/table1/Random_Search/predict_plus_two_lines.py:381: RuntimeWarning: invalid value encountered in matmul
  x_est = xp + (K @ y)
/n/home10/vsaketos/wavegp/table1/Random_Search/predict_plus_two_lines.py:381: RuntimeWarning: overflow encountered in matmul
  x_est = xp + (K @ y)
/n/home10/vsaketos/wavegp/table1/Random_Search/predict_plus_two_lines.py:175: RuntimeWarning: overflow encountered in matmul
  return inp[0] @ inp[1]
/n/home10/vsaketos/wavegp/table1/Random_Search/predict_plus_two_lines.py:381: RuntimeWarning: overflow encountered in matmul
  x_est = xp + (K @ y)
/n/home10/vsaketos/wavegp/table1/Random_Search/predict_plus_two_lines.py:381: RuntimeWarning: overflow encountered in matmul
  x_est = xp + (K @ y)
/n/home10/vsaketos/wavegp/table1/Random_Search/predict_plus_two_lines.py:381: RuntimeWarning: overflow encountered in matmul
  x_est = xp + (K @ y)
/n/home10/vsaketos/wavegp/table1/Random_Search/predict_plus_two_lines.py:381: RuntimeWarning: invalid value encountered in matmul
  x_est = xp + (K @ y)
/n/home10/vsaketos/wavegp/table1/Random_Search/predict_plus_two_lines.py:381: RuntimeWarning: overflow encountered in matmul
  x_est = xp + (K @ y)
/n/home10/vsaketos/wavegp/table1/Random_Search/predict_plus_two_lines.py:175: RuntimeWarning: overflow encountered in matmul
  return inp[0] @ inp[1]
/n/home10/vsaketos/wavegp/table1/Random_Search/predict_plus_two_lines.py:381: RuntimeWarning: invalid value encountered in matmul
  x_est = xp + (K @ y)
/n/home10/vsaketos/wavegp/table1/Random_Search/predict_plus_two_lines.py:175: RuntimeWarning: overflow encountered in matmul
  return inp[0] @ inp[1]
/n/home10/vsaketos/wavegp/table1/Random_Search/predict_plus_two_lines.py:381: RuntimeWarning: invalid value encountered in matmul
  x_est = xp + (K @ y)
/n/home10/vsaketos/wavegp/table1/Random_Search/predict_plus_two_lines.py:381: RuntimeWarning: overflow encountered in matmul
  x_est = xp + (K @ y)
/n/home10/vsaketos/wavegp/table1/Random_Search/predict_plus_two_lines.py:381: RuntimeWarning: overflow encountered in matmul
  x_est = xp + (K @ y)
/n/home10/vsaketos/wavegp/table1/Random_Search/predict_plus_two_lines.py:381: RuntimeWarning: overflow encountered in matmul
  x_est = xp + (K @ y)
/n/home10/vsaketos/wavegp/table1/Random_Search/predict_plus_two_lines.py:175: RuntimeWarning: overflow encountered in matmul
  return inp[0] @ inp[1]
/n/home10/vsaketos/wavegp/table1/Random_Search/predict_plus_two_lines.py:381: RuntimeWarning: invalid value encountered in matmul
  x_est = xp + (K @ y)
/n/home10/vsaketos/wavegp/table1/Random_Search/predict_plus_two_lines.py:381: RuntimeWarning: overflow encountered in matmul
  x_est = xp + (K @ y)
/n/home10/vsaketos/wavegp/table1/Random_Search/predict_plus_two_lines.py:381: RuntimeWarning: invalid value encountered in matmul
  x_est = xp + (K @ y)
/n/home10/vsaketos/wavegp/table1/Random_Search/predict_plus_two_lines.py:381: RuntimeWarning: overflow encountered in matmul
  x_est = xp + (K @ y)
/n/home10/vsaketos/wavegp/table1/Random_Search/predict_plus_two_lines.py:381: RuntimeWarning: overflow encountered in matmul
  x_est = xp + (K @ y)
/n/home10/vsaketos/wavegp/table1/Random_Search/predict_plus_two_lines.py:175: RuntimeWarning: overflow encountered in matmul
  return inp[0] @ inp[1]
/n/home10/vsaketos/wavegp/table1/Random_Search/predict_plus_two_lines.py:381: RuntimeWarning: invalid value encountered in matmul
  x_est = xp + (K @ y)
/n/home10/vsaketos/wavegp/table1/Random_Search/predict_plus_two_lines.py:381: RuntimeWarning: overflow encountered in matmul
  x_est = xp + (K @ y)
/n/home10/vsaketos/wavegp/table1/Random_Search/predict_plus_two_lines.py:381: RuntimeWarning: overflow encountered in matmul
  x_est = xp + (K @ y)
/n/home10/vsaketos/wavegp/table1/Random_Search/predict_plus_two_lines.py:381: RuntimeWarning: overflow encountered in matmul
  x_est = xp + (K @ y)
/n/home10/vsaketos/wavegp/table1/Random_Search/predict_plus_two_lines.py:381: RuntimeWarning: overflow encountered in matmul
  x_est = xp + (K @ y)
/n/home10/vsaketos/wavegp/table1/Random_Search/predict_plus_two_lines.py:381: RuntimeWarning: overflow encountered in matmul
  x_est = xp + (K @ y)
/n/home10/vsaketos/wavegp/table1/Random_Search/predict_plus_two_lines.py:381: RuntimeWarning: overflow encountered in matmul
  x_est = xp + (K @ y)
/n/home10/vsaketos/wavegp/table1/Random_Search/predict_plus_two_lines.py:381: RuntimeWarning: overflow encountered in matmul
  x_est = xp + (K @ y)
/n/home10/vsaketos/wavegp/table1/Random_Search/predict_plus_two_lines.py:175: RuntimeWarning: overflow encountered in matmul
  return inp[0] @ inp[1]
/n/home10/vsaketos/wavegp/table1/Random_Search/predict_plus_two_lines.py:381: RuntimeWarning: invalid value encountered in matmul
  x_est = xp + (K @ y)
/n/home10/vsaketos/wavegp/table1/Random_Search/predict_plus_two_lines.py:175: RuntimeWarning: overflow encountered in matmul
  return inp[0] @ inp[1]
/n/home10/vsaketos/wavegp/table1/Random_Search/predict_plus_two_lines.py:381: RuntimeWarning: overflow encountered in matmul
  x_est = xp + (K @ y)
/n/home10/vsaketos/wavegp/table1/Random_Search/predict_plus_two_lines.py:178: RuntimeWarning: overflow encountered in add
  return inp[0] + inp[1]
/n/home10/vsaketos/wavegp/table1/Random_Search/predict_plus_two_lines.py:381: RuntimeWarning: overflow encountered in matmul
  x_est = xp + (K @ y)
/n/home10/vsaketos/wavegp/table1/Random_Search/predict_plus_two_lines.py:175: RuntimeWarning: overflow encountered in matmul
  return inp[0] @ inp[1]
/n/home10/vsaketos/wavegp/table1/Random_Search/predict_plus_two_lines.py:381: RuntimeWarning: overflow encountered in matmul
  x_est = xp + (K @ y)
/n/home10/vsaketos/wavegp/table1/Random_Search/predict_plus_two_lines.py:381: RuntimeWarning: overflow encountered in matmul
  x_est = xp + (K @ y)
/n/home10/vsaketos/wavegp/table1/Random_Search/predict_plus_two_lines.py:381: RuntimeWarning: overflow encountered in matmul
  x_est = xp + (K @ y)
/n/home10/vsaketos/wavegp/table1/Random_Search/predict_plus_two_lines.py:175: RuntimeWarning: overflow encountered in matmul
  return inp[0] @ inp[1]
/n/home10/vsaketos/wavegp/table1/Random_Search/predict_plus_two_lines.py:175: RuntimeWarning: overflow encountered in matmul
  return inp[0] @ inp[1]
/n/home10/vsaketos/wavegp/table1/Random_Search/predict_plus_two_lines.py:381: RuntimeWarning: invalid value encountered in matmul
  x_est = xp + (K @ y)
/n/home10/vsaketos/wavegp/table1/Random_Search/predict_plus_two_lines.py:175: RuntimeWarning: overflow encountered in matmul
  return inp[0] @ inp[1]
/n/home10/vsaketos/wavegp/table1/Random_Search/predict_plus_two_lines.py:381: RuntimeWarning: invalid value encountered in matmul
  x_est = xp + (K @ y)
/n/home10/vsaketos/wavegp/table1/Random_Search/predict_plus_two_lines.py:381: RuntimeWarning: overflow encountered in matmul
  x_est = xp + (K @ y)
/n/home10/vsaketos/wavegp/table1/Random_Search/predict_plus_two_lines.py:175: RuntimeWarning: overflow encountered in matmul
  return inp[0] @ inp[1]
/n/home10/vsaketos/wavegp/table1/Random_Search/predict_plus_two_lines.py:381: RuntimeWarning: invalid value encountered in matmul
  x_est = xp + (K @ y)
/n/home10/vsaketos/wavegp/table1/Random_Search/predict_plus_two_lines.py:381: RuntimeWarning: overflow encountered in matmul
  x_est = xp + (K @ y)
/n/home10/vsaketos/wavegp/table1/Random_Search/predict_plus_two_lines.py:381: RuntimeWarning: overflow encountered in matmul
  x_est = xp + (K @ y)
/n/home10/vsaketos/wavegp/table1/Random_Search/predict_plus_two_lines.py:175: RuntimeWarning: overflow encountered in matmul
  return inp[0] @ inp[1]
/n/home10/vsaketos/wavegp/table1/Random_Search/predict_plus_two_lines.py:381: RuntimeWarning: invalid value encountered in matmul
  x_est = xp + (K @ y)
/n/home10/vsaketos/wavegp/table1/Random_Search/predict_plus_two_lines.py:381: RuntimeWarning: invalid value encountered in matmul
  x_est = xp + (K @ y)
/n/home10/vsaketos/wavegp/table1/Random_Search/predict_plus_two_lines.py:381: RuntimeWarning: overflow encountered in matmul
  x_est = xp + (K @ y)
/n/home10/vsaketos/wavegp/table1/Random_Search/predict_plus_two_lines.py:381: RuntimeWarning: overflow encountered in matmul
  x_est = xp + (K @ y)
/n/home10/vsaketos/wavegp/table1/Random_Search/predict_plus_two_lines.py:175: RuntimeWarning: overflow encountered in matmul
  return inp[0] @ inp[1]
/n/home10/vsaketos/wavegp/table1/Random_Search/predict_plus_two_lines.py:381: RuntimeWarning: invalid value encountered in matmul
  x_est = xp + (K @ y)
/n/home10/vsaketos/wavegp/table1/Random_Search/predict_plus_two_lines.py:175: RuntimeWarning: overflow encountered in matmul
  return inp[0] @ inp[1]
/n/home10/vsaketos/wavegp/table1/Random_Search/predict_plus_two_lines.py:381: RuntimeWarning: invalid value encountered in matmul
  x_est = xp + (K @ y)
/n/home10/vsaketos/wavegp/table1/Random_Search/predict_plus_two_lines.py:381: RuntimeWarning: overflow encountered in matmul
  x_est = xp + (K @ y)
/n/home10/vsaketos/wavegp/table1/Random_Search/predict_plus_two_lines.py:381: RuntimeWarning: overflow encountered in matmul
  x_est = xp + (K @ y)
/n/home10/vsaketos/wavegp/table1/Random_Search/predict_plus_two_lines.py:380: RuntimeWarning: invalid value encountered in matmul
  K = (P @ H.T) @ np.linalg.inv(S)
/n/home10/vsaketos/wavegp/table1/Random_Search/predict_plus_two_lines.py:382: RuntimeWarning: invalid value encountered in matmul
  P = (np.eye(dim) - (K @ H)) @ P
/n/home10/vsaketos/wavegp/table1/Random_Search/predict_plus_two_lines.py:381: RuntimeWarning: overflow encountered in matmul
  x_est = xp + (K @ y)
/n/home10/vsaketos/wavegp/table1/Random_Search/predict_plus_two_lines.py:381: RuntimeWarning: overflow encountered in matmul
  x_est = xp + (K @ y)
/n/home10/vsaketos/wavegp/table1/Random_Search/predict_plus_two_lines.py:175: RuntimeWarning: overflow encountered in matmul
  return inp[0] @ inp[1]
/n/home10/vsaketos/wavegp/table1/Random_Search/predict_plus_two_lines.py:381: RuntimeWarning: invalid value encountered in matmul
  x_est = xp + (K @ y)
/n/home10/vsaketos/wavegp/table1/Random_Search/predict_plus_two_lines.py:175: RuntimeWarning: overflow encountered in matmul
  return inp[0] @ inp[1]
/n/home10/vsaketos/wavegp/table1/Random_Search/predict_plus_two_lines.py:381: RuntimeWarning: invalid value encountered in matmul
  x_est = xp + (K @ y)
/n/home10/vsaketos/wavegp/table1/Random_Search/predict_plus_two_lines.py:381: RuntimeWarning: overflow encountered in matmul
  x_est = xp + (K @ y)
/n/home10/vsaketos/wavegp/table1/Random_Search/predict_plus_two_lines.py:175: RuntimeWarning: overflow encountered in matmul
  return inp[0] @ inp[1]
/n/home10/vsaketos/wavegp/table1/Random_Search/predict_plus_two_lines.py:175: RuntimeWarning: invalid value encountered in matmul
  return inp[0] @ inp[1]
/n/home10/vsaketos/wavegp/table1/Random_Search/predict_plus_two_lines.py:175: RuntimeWarning: overflow encountered in matmul
  return inp[0] @ inp[1]
/n/home10/vsaketos/wavegp/table1/Random_Search/predict_plus_two_lines.py:175: RuntimeWarning: overflow encountered in matmul
  return inp[0] @ inp[1]
/n/home10/vsaketos/wavegp/table1/Random_Search/predict_plus_two_lines.py:381: RuntimeWarning: invalid value encountered in matmul
  x_est = xp + (K @ y)
/n/home10/vsaketos/wavegp/table1/Random_Search/predict_plus_two_lines.py:380: RuntimeWarning: invalid value encountered in matmul
  K = (P @ H.T) @ np.linalg.inv(S)
/n/home10/vsaketos/wavegp/table1/Random_Search/predict_plus_two_lines.py:381: RuntimeWarning: overflow encountered in matmul
  x_est = xp + (K @ y)
/n/home10/vsaketos/wavegp/table1/Random_Search/predict_plus_two_lines.py:175: RuntimeWarning: overflow encountered in matmul
  return inp[0] @ inp[1]
/n/home10/vsaketos/wavegp/table1/Random_Search/predict_plus_two_lines.py:381: RuntimeWarning: invalid value encountered in matmul
  x_est = xp + (K @ y)
/n/home10/vsaketos/wavegp/table1/Random_Search/predict_plus_two_lines.py:175: RuntimeWarning: overflow encountered in matmul
  return inp[0] @ inp[1]
/n/home10/vsaketos/wavegp/table1/Random_Search/predict_plus_two_lines.py:381: RuntimeWarning: invalid value encountered in matmul
  x_est = xp + (K @ y)
/n/home10/vsaketos/wavegp/table1/Random_Search/predict_plus_two_lines.py:175: RuntimeWarning: overflow encountered in matmul
  return inp[0] @ inp[1]
/n/home10/vsaketos/wavegp/table1/Random_Search/predict_plus_two_lines.py:175: RuntimeWarning: overflow encountered in matmul
  return inp[0] @ inp[1]
/n/home10/vsaketos/wavegp/table1/Random_Search/predict_plus_two_lines.py:381: RuntimeWarning: invalid value encountered in matmul
  x_est = xp + (K @ y)
/n/home10/vsaketos/wavegp/table1/Random_Search/predict_plus_two_lines.py:381: RuntimeWarning: overflow encountered in matmul
  x_est = xp + (K @ y)
/n/home10/vsaketos/wavegp/table1/Random_Search/predict_plus_two_lines.py:175: RuntimeWarning: overflow encountered in matmul
  return inp[0] @ inp[1]
/n/home10/vsaketos/wavegp/table1/Random_Search/predict_plus_two_lines.py:381: RuntimeWarning: invalid value encountered in matmul
  x_est = xp + (K @ y)
/n/home10/vsaketos/wavegp/table1/Random_Search/predict_plus_two_lines.py:175: RuntimeWarning: overflow encountered in matmul
  return inp[0] @ inp[1]
/n/home10/vsaketos/wavegp/table1/Random_Search/predict_plus_two_lines.py:175: RuntimeWarning: overflow encountered in matmul
  return inp[0] @ inp[1]
/n/home10/vsaketos/wavegp/table1/Random_Search/predict_plus_two_lines.py:381: RuntimeWarning: invalid value encountered in matmul
  x_est = xp + (K @ y)
/n/home10/vsaketos/wavegp/table1/Random_Search/predict_plus_two_lines.py:175: RuntimeWarning: overflow encountered in matmul
  return inp[0] @ inp[1]
/n/home10/vsaketos/wavegp/table1/Random_Search/predict_plus_two_lines.py:381: RuntimeWarning: invalid value encountered in matmul
  x_est = xp + (K @ y)
/n/home10/vsaketos/wavegp/table1/Random_Search/predict_plus_two_lines.py:381: RuntimeWarning: invalid value encountered in matmul
  x_est = xp + (K @ y)
/n/home10/vsaketos/wavegp/table1/Random_Search/predict_plus_two_lines.py:381: RuntimeWarning: overflow encountered in matmul
  x_est = xp + (K @ y)
/n/home10/vsaketos/wavegp/table1/Random_Search/predict_plus_two_lines.py:381: RuntimeWarning: overflow encountered in matmul
  x_est = xp + (K @ y)
/n/home10/vsaketos/wavegp/table1/Random_Search/predict_plus_two_lines.py:175: RuntimeWarning: overflow encountered in matmul
  return inp[0] @ inp[1]
/n/home10/vsaketos/wavegp/table1/Random_Search/predict_plus_two_lines.py:381: RuntimeWarning: invalid value encountered in matmul
  x_est = xp + (K @ y)
/n/home10/vsaketos/wavegp/table1/Random_Search/predict_plus_two_lines.py:175: RuntimeWarning: overflow encountered in matmul
  return inp[0] @ inp[1]
/n/home10/vsaketos/wavegp/table1/Random_Search/predict_plus_two_lines.py:381: RuntimeWarning: invalid value encountered in matmul
  x_est = xp + (K @ y)
/n/home10/vsaketos/wavegp/table1/Random_Search/predict_plus_two_lines.py:178: RuntimeWarning: overflow encountered in add
  return inp[0] + inp[1]
/n/home10/vsaketos/wavegp/table1/Random_Search/predict_plus_two_lines.py:175: RuntimeWarning: overflow encountered in matmul
  return inp[0] @ inp[1]
/n/home10/vsaketos/wavegp/table1/Random_Search/predict_plus_two_lines.py:381: RuntimeWarning: overflow encountered in matmul
  x_est = xp + (K @ y)
/n/home10/vsaketos/wavegp/table1/Random_Search/predict_plus_two_lines.py:175: RuntimeWarning: overflow encountered in matmul
  return inp[0] @ inp[1]
/n/home10/vsaketos/wavegp/table1/Random_Search/predict_plus_two_lines.py:381: RuntimeWarning: invalid value encountered in matmul
  x_est = xp + (K @ y)
/n/home10/vsaketos/wavegp/table1/Random_Search/predict_plus_two_lines.py:381: RuntimeWarning: overflow encountered in matmul
  x_est = xp + (K @ y)
/n/home10/vsaketos/wavegp/table1/Random_Search/predict_plus_two_lines.py:175: RuntimeWarning: overflow encountered in matmul
  return inp[0] @ inp[1]
/n/home10/vsaketos/wavegp/table1/Random_Search/predict_plus_two_lines.py:381: RuntimeWarning: invalid value encountered in matmul
  x_est = xp + (K @ y)
/n/home10/vsaketos/wavegp/table1/Random_Search/predict_plus_two_lines.py:381: RuntimeWarning: overflow encountered in matmul
  x_est = xp + (K @ y)
/n/home10/vsaketos/wavegp/table1/Random_Search/predict_plus_two_lines.py:175: RuntimeWarning: overflow encountered in matmul
  return inp[0] @ inp[1]
/n/home10/vsaketos/wavegp/table1/Random_Search/predict_plus_two_lines.py:381: RuntimeWarning: invalid value encountered in matmul
  x_est = xp + (K @ y)
/n/home10/vsaketos/wavegp/table1/Random_Search/predict_plus_two_lines.py:175: RuntimeWarning: overflow encountered in matmul
  return inp[0] @ inp[1]
/n/home10/vsaketos/wavegp/table1/Random_Search/predict_plus_two_lines.py:175: RuntimeWarning: overflow encountered in matmul
  return inp[0] @ inp[1]
/n/home10/vsaketos/wavegp/table1/Random_Search/predict_plus_two_lines.py:381: RuntimeWarning: invalid value encountered in matmul
  x_est = xp + (K @ y)
/n/home10/vsaketos/wavegp/table1/Random_Search/predict_plus_two_lines.py:175: RuntimeWarning: overflow encountered in matmul
  return inp[0] @ inp[1]
/n/home10/vsaketos/wavegp/table1/Random_Search/predict_plus_two_lines.py:381: RuntimeWarning: invalid value encountered in matmul
  x_est = xp + (K @ y)
/n/home10/vsaketos/wavegp/table1/Random_Search/predict_plus_two_lines.py:175: RuntimeWarning: overflow encountered in matmul
  return inp[0] @ inp[1]
/n/home10/vsaketos/wavegp/table1/Random_Search/predict_plus_two_lines.py:175: RuntimeWarning: overflow encountered in matmul
  return inp[0] @ inp[1]
/n/home10/vsaketos/wavegp/table1/Random_Search/predict_plus_two_lines.py:381: RuntimeWarning: invalid value encountered in matmul
  x_est = xp + (K @ y)
/n/home10/vsaketos/wavegp/table1/Random_Search/predict_plus_two_lines.py:381: RuntimeWarning: invalid value encountered in matmul
  x_est = xp + (K @ y)
/n/home10/vsaketos/wavegp/table1/Random_Search/predict_plus_two_lines.py:380: RuntimeWarning: invalid value encountered in matmul
  K = (P @ H.T) @ np.linalg.inv(S)
/n/home10/vsaketos/wavegp/table1/Random_Search/predict_plus_two_lines.py:175: RuntimeWarning: overflow encountered in matmul
  return inp[0] @ inp[1]
/n/home10/vsaketos/wavegp/table1/Random_Search/predict_plus_two_lines.py:381: RuntimeWarning: invalid value encountered in matmul
  x_est = xp + (K @ y)
/n/home10/vsaketos/wavegp/table1/Random_Search/predict_plus_two_lines.py:175: RuntimeWarning: overflow encountered in matmul
  return inp[0] @ inp[1]
/n/home10/vsaketos/wavegp/table1/Random_Search/predict_plus_two_lines.py:175: RuntimeWarning: overflow encountered in matmul
  return inp[0] @ inp[1]
/n/home10/vsaketos/wavegp/table1/Random_Search/predict_plus_two_lines.py:381: RuntimeWarning: invalid value encountered in matmul
  x_est = xp + (K @ y)
/n/home10/vsaketos/wavegp/table1/Random_Search/predict_plus_two_lines.py:175: RuntimeWarning: overflow encountered in matmul
  return inp[0] @ inp[1]
/n/home10/vsaketos/wavegp/table1/Random_Search/predict_plus_two_lines.py:381: RuntimeWarning: invalid value encountered in matmul
  x_est = xp + (K @ y)
/n/home10/vsaketos/wavegp/table1/Random_Search/predict_plus_two_lines.py:175: RuntimeWarning: overflow encountered in matmul
  return inp[0] @ inp[1]
/n/home10/vsaketos/wavegp/table1/Random_Search/predict_plus_two_lines.py:381: RuntimeWarning: invalid value encountered in matmul
  x_est = xp + (K @ y)
/n/home10/vsaketos/wavegp/table1/Random_Search/predict_plus_two_lines.py:175: RuntimeWarning: overflow encountered in matmul
  return inp[0] @ inp[1]
/n/home10/vsaketos/wavegp/table1/Random_Search/predict_plus_two_lines.py:381: RuntimeWarning: invalid value encountered in matmul
  x_est = xp + (K @ y)
/n/home10/vsaketos/wavegp/table1/Random_Search/predict_plus_two_lines.py:175: RuntimeWarning: overflow encountered in matmul
  return inp[0] @ inp[1]
/n/home10/vsaketos/wavegp/table1/Random_Search/predict_plus_two_lines.py:381: RuntimeWarning: invalid value encountered in matmul
  x_est = xp + (K @ y)
/n/home10/vsaketos/wavegp/table1/Random_Search/predict_plus_two_lines.py:381: RuntimeWarning: overflow encountered in matmul
  x_est = xp + (K @ y)
/n/home10/vsaketos/wavegp/table1/Random_Search/predict_plus_two_lines.py:381: RuntimeWarning: overflow encountered in matmul
  x_est = xp + (K @ y)
/n/home10/vsaketos/wavegp/table1/Random_Search/predict_plus_two_lines.py:381: RuntimeWarning: invalid value encountered in matmul
  x_est = xp + (K @ y)
/n/home10/vsaketos/wavegp/table1/Random_Search/predict_plus_two_lines.py:380: RuntimeWarning: invalid value encountered in matmul
  K = (P @ H.T) @ np.linalg.inv(S)
/n/home10/vsaketos/wavegp/table1/Random_Search/predict_plus_two_lines.py:381: RuntimeWarning: overflow encountered in matmul
  x_est = xp + (K @ y)
/n/home10/vsaketos/wavegp/table1/Random_Search/predict_plus_two_lines.py:175: RuntimeWarning: overflow encountered in matmul
  return inp[0] @ inp[1]
/n/home10/vsaketos/wavegp/table1/Random_Search/predict_plus_two_lines.py:381: RuntimeWarning: invalid value encountered in matmul
  x_est = xp + (K @ y)
/n/home10/vsaketos/wavegp/table1/Random_Search/predict_plus_two_lines.py:381: RuntimeWarning: invalid value encountered in matmul
  x_est = xp + (K @ y)
/n/home10/vsaketos/wavegp/table1/Random_Search/predict_plus_two_lines.py:175: RuntimeWarning: invalid value encountered in matmul
  return inp[0] @ inp[1]
/n/home10/vsaketos/wavegp/table1/Random_Search/predict_plus_two_lines.py:380: RuntimeWarning: invalid value encountered in matmul
  K = (P @ H.T) @ np.linalg.inv(S)
/n/home10/vsaketos/wavegp/table1/Random_Search/predict_plus_two_lines.py:381: RuntimeWarning: overflow encountered in matmul
  x_est = xp + (K @ y)
/n/home10/vsaketos/wavegp/table1/Random_Search/predict_plus_two_lines.py:381: RuntimeWarning: overflow encountered in matmul
  x_est = xp + (K @ y)
/n/home10/vsaketos/wavegp/table1/Random_Search/predict_plus_two_lines.py:381: RuntimeWarning: invalid value encountered in matmul
  x_est = xp + (K @ y)
/n/home10/vsaketos/wavegp/table1/Random_Search/predict_plus_two_lines.py:175: RuntimeWarning: invalid value encountered in matmul
  return inp[0] @ inp[1]
/n/home10/vsaketos/wavegp/table1/Random_Search/predict_plus_two_lines.py:178: RuntimeWarning: overflow encountered in add
  return inp[0] + inp[1]
/n/home10/vsaketos/wavegp/table1/Random_Search/predict_plus_two_lines.py:381: RuntimeWarning: invalid value encountered in matmul
  x_est = xp + (K @ y)
/n/home10/vsaketos/wavegp/table1/Random_Search/predict_plus_two_lines.py:381: RuntimeWarning: invalid value encountered in matmul
  x_est = xp + (K @ y)
/n/home10/vsaketos/wavegp/table1/Random_Search/predict_plus_two_lines.py:381: RuntimeWarning: overflow encountered in matmul
  x_est = xp + (K @ y)
/n/home10/vsaketos/wavegp/table1/Random_Search/predict_plus_two_lines.py:382: RuntimeWarning: invalid value encountered in matmul
  P = (np.eye(dim) - (K @ H)) @ P
/n/home10/vsaketos/wavegp/table1/Random_Search/predict_plus_two_lines.py:381: RuntimeWarning: invalid value encountered in matmul
  x_est = xp + (K @ y)
/n/home10/vsaketos/wavegp/table1/Random_Search/predict_plus_two_lines.py:175: RuntimeWarning: overflow encountered in matmul
  return inp[0] @ inp[1]
/n/home10/vsaketos/wavegp/table1/Random_Search/predict_plus_two_lines.py:381: RuntimeWarning: invalid value encountered in matmul
  x_est = xp + (K @ y)
/n/home10/vsaketos/wavegp/table1/Random_Search/predict_plus_two_lines.py:175: RuntimeWarning: invalid value encountered in matmul
  return inp[0] @ inp[1]
/n/home10/vsaketos/wavegp/table1/Random_Search/predict_plus_two_lines.py:380: RuntimeWarning: invalid value encountered in matmul
  K = (P @ H.T) @ np.linalg.inv(S)
/n/home10/vsaketos/wavegp/table1/Random_Search/predict_plus_two_lines.py:382: RuntimeWarning: invalid value encountered in matmul
  P = (np.eye(dim) - (K @ H)) @ P
/n/home10/vsaketos/wavegp/table1/Random_Search/predict_plus_two_lines.py:380: RuntimeWarning: invalid value encountered in matmul
  K = (P @ H.T) @ np.linalg.inv(S)
/n/home10/vsaketos/wavegp/table1/Random_Search/predict_plus_two_lines.py:175: RuntimeWarning: overflow encountered in matmul
  return inp[0] @ inp[1]
/n/home10/vsaketos/wavegp/table1/Random_Search/predict_plus_two_lines.py:175: RuntimeWarning: overflow encountered in matmul
  return inp[0] @ inp[1]
/n/home10/vsaketos/wavegp/table1/Random_Search/predict_plus_two_lines.py:175: RuntimeWarning: overflow encountered in matmul
  return inp[0] @ inp[1]
/n/home10/vsaketos/wavegp/table1/Random_Search/predict_plus_two_lines.py:381: RuntimeWarning: invalid value encountered in matmul
  x_est = xp + (K @ y)
/n/home10/vsaketos/wavegp/table1/Random_Search/predict_plus_two_lines.py:380: RuntimeWarning: invalid value encountered in matmul
  K = (P @ H.T) @ np.linalg.inv(S)
/n/home10/vsaketos/wavegp/table1/Random_Search/predict_plus_two_lines.py:380: RuntimeWarning: invalid value encountered in matmul
  K = (P @ H.T) @ np.linalg.inv(S)
/n/home10/vsaketos/wavegp/table1/Random_Search/predict_plus_two_lines.py:381: RuntimeWarning: invalid value encountered in matmul
  x_est = xp + (K @ y)
/n/home10/vsaketos/wavegp/table1/Random_Search/predict_plus_two_lines.py:175: RuntimeWarning: invalid value encountered in matmul
  return inp[0] @ inp[1]
/n/home10/vsaketos/wavegp/table1/Random_Search/predict_plus_two_lines.py:175: RuntimeWarning: overflow encountered in matmul
  return inp[0] @ inp[1]
/n/home10/vsaketos/wavegp/table1/Random_Search/predict_plus_two_lines.py:381: RuntimeWarning: invalid value encountered in matmul
  x_est = xp + (K @ y)
/n/home10/vsaketos/wavegp/table1/Random_Search/predict_plus_two_lines.py:175: RuntimeWarning: overflow encountered in matmul
  return inp[0] @ inp[1]
/n/home10/vsaketos/wavegp/table1/Random_Search/predict_plus_two_lines.py:381: RuntimeWarning: invalid value encountered in matmul
  x_est = xp + (K @ y)
/n/home10/vsaketos/wavegp/table1/Random_Search/predict_plus_two_lines.py:175: RuntimeWarning: overflow encountered in matmul
  return inp[0] @ inp[1]
/n/home10/vsaketos/wavegp/table1/Random_Search/predict_plus_two_lines.py:381: RuntimeWarning: invalid value encountered in matmul
  x_est = xp + (K @ y)
/n/home10/vsaketos/wavegp/table1/Random_Search/predict_plus_two_lines.py:381: RuntimeWarning: invalid value encountered in matmul
  x_est = xp + (K @ y)
/n/home10/vsaketos/wavegp/table1/Random_Search/predict_plus_two_lines.py:380: RuntimeWarning: invalid value encountered in matmul
  K = (P @ H.T) @ np.linalg.inv(S)
/n/home10/vsaketos/wavegp/table1/Random_Search/predict_plus_two_lines.py:175: RuntimeWarning: overflow encountered in matmul
  return inp[0] @ inp[1]
/n/home10/vsaketos/wavegp/table1/Random_Search/predict_plus_two_lines.py:381: RuntimeWarning: invalid value encountered in matmul
  x_est = xp + (K @ y)
/n/home10/vsaketos/wavegp/table1/Random_Search/predict_plus_two_lines.py:381: RuntimeWarning: overflow encountered in matmul
  x_est = xp + (K @ y)
/n/home10/vsaketos/wavegp/table1/Random_Search/predict_plus_two_lines.py:175: RuntimeWarning: invalid value encountered in matmul
  return inp[0] @ inp[1]
/n/home10/vsaketos/wavegp/table1/Random_Search/predict_plus_two_lines.py:178: RuntimeWarning: overflow encountered in add
  return inp[0] + inp[1]
/n/home10/vsaketos/wavegp/table1/Random_Search/predict_plus_two_lines.py:381: RuntimeWarning: invalid value encountered in matmul
  x_est = xp + (K @ y)
/n/home10/vsaketos/.conda/envs/env2/lib/python3.9/site-packages/numpy/_core/_methods.py:127: RuntimeWarning: overflow encountered in reduce
  ret = umr_sum(arr, axis, dtype, out, keepdims, where=where)
/n/home10/vsaketos/wavegp/table1/Random_Search/predict_plus_two_lines.py:175: RuntimeWarning: invalid value encountered in matmul
  return inp[0] @ inp[1]
/n/home10/vsaketos/wavegp/table1/Random_Search/predict_plus_two_lines.py:178: RuntimeWarning: overflow encountered in add
  return inp[0] + inp[1]
/n/home10/vsaketos/wavegp/table1/Random_Search/predict_plus_two_lines.py:380: RuntimeWarning: invalid value encountered in matmul
  K = (P @ H.T) @ np.linalg.inv(S)
/n/home10/vsaketos/wavegp/table1/Random_Search/predict_plus_two_lines.py:382: RuntimeWarning: invalid value encountered in matmul
  P = (np.eye(dim) - (K @ H)) @ P
/n/home10/vsaketos/wavegp/table1/Random_Search/predict_plus_two_lines.py:172: RuntimeWarning: invalid value encountered in subtract
  return inp[0] - inp[1]
/n/home10/vsaketos/wavegp/table1/Random_Search/predict_plus_two_lines.py:175: RuntimeWarning: invalid value encountered in matmul
  return inp[0] @ inp[1]
/n/home10/vsaketos/wavegp/table1/Random_Search/predict_plus_two_lines.py:175: RuntimeWarning: invalid value encountered in matmul
  return inp[0] @ inp[1]
/n/home10/vsaketos/wavegp/table1/Random_Search/predict_plus_two_lines.py:175: RuntimeWarning: invalid value encountered in matmul
  return inp[0] @ inp[1]
/n/home10/vsaketos/wavegp/table1/Random_Search/predict_plus_two_lines.py:381: RuntimeWarning: invalid value encountered in matmul
  x_est = xp + (K @ y)
/n/home10/vsaketos/wavegp/table1/Random_Search/predict_plus_two_lines.py:175: RuntimeWarning: invalid value encountered in matmul
  return inp[0] @ inp[1]
/n/home10/vsaketos/wavegp/table1/Random_Search/predict_plus_two_lines.py:178: RuntimeWarning: overflow encountered in add
  return inp[0] + inp[1]
/n/home10/vsaketos/wavegp/table1/Random_Search/predict_plus_two_lines.py:380: RuntimeWarning: invalid value encountered in matmul
  K = (P @ H.T) @ np.linalg.inv(S)
/n/home10/vsaketos/wavegp/table1/Random_Search/predict_plus_two_lines.py:382: RuntimeWarning: invalid value encountered in matmul
  P = (np.eye(dim) - (K @ H)) @ P
/n/home10/vsaketos/wavegp/table1/Random_Search/predict_plus_two_lines.py:175: RuntimeWarning: invalid value encountered in matmul
  return inp[0] @ inp[1]
/n/home10/vsaketos/wavegp/table1/Random_Search/predict_plus_two_lines.py:178: RuntimeWarning: overflow encountered in add
  return inp[0] + inp[1]
/n/home10/vsaketos/wavegp/table1/Random_Search/predict_plus_two_lines.py:380: RuntimeWarning: invalid value encountered in matmul
  K = (P @ H.T) @ np.linalg.inv(S)
/n/home10/vsaketos/wavegp/table1/Random_Search/predict_plus_two_lines.py:175: RuntimeWarning: invalid value encountered in matmul
  return inp[0] @ inp[1]
/n/home10/vsaketos/wavegp/table1/Random_Search/predict_plus_two_lines.py:380: RuntimeWarning: invalid value encountered in matmul
  K = (P @ H.T) @ np.linalg.inv(S)
/n/home10/vsaketos/wavegp/table1/Random_Search/predict_plus_two_lines.py:175: RuntimeWarning: invalid value encountered in matmul
  return inp[0] @ inp[1]
/n/home10/vsaketos/wavegp/table1/Random_Search/predict_plus_two_lines.py:175: RuntimeWarning: invalid value encountered in matmul
  return inp[0] @ inp[1]
/n/home10/vsaketos/wavegp/table1/Random_Search/predict_plus_two_lines.py:382: RuntimeWarning: invalid value encountered in matmul
  P = (np.eye(dim) - (K @ H)) @ P
/n/home10/vsaketos/wavegp/table1/Random_Search/predict_plus_two_lines.py:175: RuntimeWarning: overflow encountered in matmul
  return inp[0] @ inp[1]
/n/home10/vsaketos/wavegp/table1/Random_Search/predict_plus_two_lines.py:381: RuntimeWarning: invalid value encountered in matmul
  x_est = xp + (K @ y)
/n/home10/vsaketos/wavegp/table1/Random_Search/predict_plus_two_lines.py:380: RuntimeWarning: invalid value encountered in matmul
  K = (P @ H.T) @ np.linalg.inv(S)
/n/home10/vsaketos/wavegp/table1/Random_Search/predict_plus_two_lines.py:175: RuntimeWarning: invalid value encountered in matmul
  return inp[0] @ inp[1]
/n/home10/vsaketos/wavegp/table1/Random_Search/predict_plus_two_lines.py:175: RuntimeWarning: invalid value encountered in matmul
  return inp[0] @ inp[1]
/n/home10/vsaketos/wavegp/table1/Random_Search/predict_plus_two_lines.py:175: RuntimeWarning: invalid value encountered in matmul
  return inp[0] @ inp[1]
/n/home10/vsaketos/wavegp/table1/Random_Search/predict_plus_two_lines.py:380: RuntimeWarning: invalid value encountered in matmul
  K = (P @ H.T) @ np.linalg.inv(S)
/n/home10/vsaketos/wavegp/table1/Random_Search/predict_plus_two_lines.py:382: RuntimeWarning: invalid value encountered in matmul
  P = (np.eye(dim) - (K @ H)) @ P
/n/home10/vsaketos/wavegp/table1/Random_Search/predict_plus_two_lines.py:380: RuntimeWarning: invalid value encountered in matmul
  K = (P @ H.T) @ np.linalg.inv(S)
/n/home10/vsaketos/wavegp/table1/Random_Search/predict_plus_two_lines.py:382: RuntimeWarning: invalid value encountered in matmul
  P = (np.eye(dim) - (K @ H)) @ P
/n/home10/vsaketos/wavegp/table1/Random_Search/predict_plus_two_lines.py:381: RuntimeWarning: invalid value encountered in matmul
  x_est = xp + (K @ y)
/n/home10/vsaketos/wavegp/table1/Random_Search/predict_plus_two_lines.py:380: RuntimeWarning: invalid value encountered in matmul
  K = (P @ H.T) @ np.linalg.inv(S)
/n/home10/vsaketos/wavegp/table1/Random_Search/predict_plus_two_lines.py:175: RuntimeWarning: invalid value encountered in matmul
  return inp[0] @ inp[1]
/n/home10/vsaketos/wavegp/table1/Random_Search/predict_plus_two_lines.py:175: RuntimeWarning: invalid value encountered in matmul
  return inp[0] @ inp[1]
/n/home10/vsaketos/wavegp/table1/Random_Search/predict_plus_two_lines.py:178: RuntimeWarning: overflow encountered in add
  return inp[0] + inp[1]
/n/home10/vsaketos/wavegp/table1/Random_Search/predict_plus_two_lines.py:175: RuntimeWarning: invalid value encountered in matmul
  return inp[0] @ inp[1]
/n/home10/vsaketos/wavegp/table1/Random_Search/predict_plus_two_lines.py:382: RuntimeWarning: invalid value encountered in matmul
  P = (np.eye(dim) - (K @ H)) @ P
/n/home10/vsaketos/wavegp/table1/Random_Search/predict_plus_two_lines.py:175: RuntimeWarning: invalid value encountered in matmul
  return inp[0] @ inp[1]
/n/home10/vsaketos/wavegp/table1/Random_Search/predict_plus_two_lines.py:380: RuntimeWarning: invalid value encountered in matmul
  K = (P @ H.T) @ np.linalg.inv(S)
/n/home10/vsaketos/wavegp/table1/Random_Search/predict_plus_two_lines.py:382: RuntimeWarning: invalid value encountered in matmul
  P = (np.eye(dim) - (K @ H)) @ P
/n/home10/vsaketos/wavegp/table1/Random_Search/predict_plus_two_lines.py:175: RuntimeWarning: invalid value encountered in matmul
  return inp[0] @ inp[1]
/n/home10/vsaketos/wavegp/table1/Random_Search/predict_plus_two_lines.py:380: RuntimeWarning: invalid value encountered in matmul
  K = (P @ H.T) @ np.linalg.inv(S)
/n/home10/vsaketos/wavegp/table1/Random_Search/predict_plus_two_lines.py:382: RuntimeWarning: invalid value encountered in matmul
  P = (np.eye(dim) - (K @ H)) @ P
/n/home10/vsaketos/wavegp/table1/Random_Search/predict_plus_two_lines.py:382: RuntimeWarning: invalid value encountered in matmul
  P = (np.eye(dim) - (K @ H)) @ P
/n/home10/vsaketos/wavegp/table1/Random_Search/predict_plus_two_lines.py:380: RuntimeWarning: invalid value encountered in matmul
  K = (P @ H.T) @ np.linalg.inv(S)
/n/home10/vsaketos/wavegp/table1/Random_Search/predict_plus_two_lines.py:382: RuntimeWarning: invalid value encountered in matmul
  P = (np.eye(dim) - (K @ H)) @ P
/n/home10/vsaketos/wavegp/table1/Random_Search/predict_plus_two_lines.py:380: RuntimeWarning: invalid value encountered in matmul
  K = (P @ H.T) @ np.linalg.inv(S)
/n/home10/vsaketos/wavegp/table1/Random_Search/predict_plus_two_lines.py:380: RuntimeWarning: invalid value encountered in matmul
  K = (P @ H.T) @ np.linalg.inv(S)
/n/home10/vsaketos/wavegp/table1/Random_Search/predict_plus_two_lines.py:178: RuntimeWarning: overflow encountered in add
  return inp[0] + inp[1]
/n/home10/vsaketos/wavegp/table1/Random_Search/predict_plus_two_lines.py:172: RuntimeWarning: invalid value encountered in subtract
  return inp[0] - inp[1]
/n/home10/vsaketos/wavegp/table1/Random_Search/predict_plus_two_lines.py:178: RuntimeWarning: overflow encountered in add
  return inp[0] + inp[1]
/n/home10/vsaketos/wavegp/table1/Random_Search/predict_plus_two_lines.py:380: RuntimeWarning: invalid value encountered in matmul
  K = (P @ H.T) @ np.linalg.inv(S)
/n/home10/vsaketos/wavegp/table1/Random_Search/predict_plus_two_lines.py:380: RuntimeWarning: invalid value encountered in matmul
  K = (P @ H.T) @ np.linalg.inv(S)
/n/home10/vsaketos/wavegp/table1/Random_Search/predict_plus_two_lines.py:175: RuntimeWarning: invalid value encountered in matmul
  return inp[0] @ inp[1]
/n/home10/vsaketos/wavegp/table1/Random_Search/predict_plus_two_lines.py:380: RuntimeWarning: invalid value encountered in matmul
  K = (P @ H.T) @ np.linalg.inv(S)
/n/home10/vsaketos/wavegp/table1/Random_Search/predict_plus_two_lines.py:382: RuntimeWarning: invalid value encountered in matmul
  P = (np.eye(dim) - (K @ H)) @ P
/n/home10/vsaketos/wavegp/table1/Random_Search/predict_plus_two_lines.py:175: RuntimeWarning: invalid value encountered in matmul
  return inp[0] @ inp[1]
/n/home10/vsaketos/wavegp/table1/Random_Search/predict_plus_two_lines.py:382: RuntimeWarning: invalid value encountered in matmul
  P = (np.eye(dim) - (K @ H)) @ P
/n/home10/vsaketos/wavegp/table1/Random_Search/predict_plus_two_lines.py:380: RuntimeWarning: invalid value encountered in matmul
  K = (P @ H.T) @ np.linalg.inv(S)
/n/home10/vsaketos/wavegp/table1/Random_Search/predict_plus_two_lines.py:380: RuntimeWarning: invalid value encountered in matmul
  K = (P @ H.T) @ np.linalg.inv(S)
/n/home10/vsaketos/wavegp/table1/Random_Search/predict_plus_two_lines.py:175: RuntimeWarning: invalid value encountered in matmul
  return inp[0] @ inp[1]
/n/home10/vsaketos/wavegp/table1/Random_Search/predict_plus_two_lines.py:172: RuntimeWarning: invalid value encountered in subtract
  return inp[0] - inp[1]
/n/home10/vsaketos/wavegp/table1/Random_Search/predict_plus_two_lines.py:380: RuntimeWarning: invalid value encountered in matmul
  K = (P @ H.T) @ np.linalg.inv(S)
/n/home10/vsaketos/wavegp/table1/Random_Search/predict_plus_two_lines.py:380: RuntimeWarning: invalid value encountered in matmul
  K = (P @ H.T) @ np.linalg.inv(S)
/n/home10/vsaketos/wavegp/table1/Random_Search/predict_plus_two_lines.py:175: RuntimeWarning: invalid value encountered in matmul
  return inp[0] @ inp[1]
/n/home10/vsaketos/.conda/envs/env2/lib/python3.9/site-packages/numpy/_core/_methods.py:127: RuntimeWarning: overflow encountered in reduce
  ret = umr_sum(arr, axis, dtype, out, keepdims, where=where)
/n/home10/vsaketos/wavegp/table1/Random_Search/predict_plus_two_lines.py:380: RuntimeWarning: invalid value encountered in matmul
  K = (P @ H.T) @ np.linalg.inv(S)
/n/home10/vsaketos/wavegp/table1/Random_Search/predict_plus_two_lines.py:382: RuntimeWarning: invalid value encountered in matmul
  P = (np.eye(dim) - (K @ H)) @ P
/n/home10/vsaketos/wavegp/table1/Random_Search/predict_plus_two_lines.py:175: RuntimeWarning: invalid value encountered in matmul
  return inp[0] @ inp[1]
/n/home10/vsaketos/wavegp/table1/Random_Search/predict_plus_two_lines.py:380: RuntimeWarning: invalid value encountered in matmul
  K = (P @ H.T) @ np.linalg.inv(S)
/n/home10/vsaketos/wavegp/table1/Random_Search/predict_plus_two_lines.py:380: RuntimeWarning: invalid value encountered in matmul
  K = (P @ H.T) @ np.linalg.inv(S)
/n/home10/vsaketos/wavegp/table1/Random_Search/predict_plus_two_lines.py:380: RuntimeWarning: invalid value encountered in matmul
  K = (P @ H.T) @ np.linalg.inv(S)
/n/home10/vsaketos/wavegp/table1/Random_Search/predict_plus_two_lines.py:175: RuntimeWarning: invalid value encountered in matmul
  return inp[0] @ inp[1]
/n/home10/vsaketos/.conda/envs/env2/lib/python3.9/site-packages/numpy/_core/_methods.py:127: RuntimeWarning: overflow encountered in reduce
  ret = umr_sum(arr, axis, dtype, out, keepdims, where=where)
/n/home10/vsaketos/wavegp/table1/Random_Search/predict_plus_two_lines.py:178: RuntimeWarning: overflow encountered in add
  return inp[0] + inp[1]
/n/home10/vsaketos/wavegp/table1/Random_Search/predict_plus_two_lines.py:178: RuntimeWarning: overflow encountered in add
  return inp[0] + inp[1]
/n/home10/vsaketos/wavegp/table1/Random_Search/predict_plus_two_lines.py:380: RuntimeWarning: invalid value encountered in matmul
  K = (P @ H.T) @ np.linalg.inv(S)
/n/home10/vsaketos/wavegp/table1/Random_Search/predict_plus_two_lines.py:382: RuntimeWarning: invalid value encountered in matmul
  P = (np.eye(dim) - (K @ H)) @ P
/n/home10/vsaketos/wavegp/table1/Random_Search/predict_plus_two_lines.py:380: RuntimeWarning: invalid value encountered in matmul
  K = (P @ H.T) @ np.linalg.inv(S)
/n/home10/vsaketos/wavegp/table1/Random_Search/predict_plus_two_lines.py:382: RuntimeWarning: invalid value encountered in matmul
  P = (np.eye(dim) - (K @ H)) @ P
/n/home10/vsaketos/wavegp/table1/Random_Search/predict_plus_two_lines.py:178: RuntimeWarning: overflow encountered in add
  return inp[0] + inp[1]
/n/home10/vsaketos/wavegp/table1/Random_Search/predict_plus_two_lines.py:175: RuntimeWarning: invalid value encountered in matmul
  return inp[0] @ inp[1]
/n/home10/vsaketos/wavegp/table1/Random_Search/predict_plus_two_lines.py:380: RuntimeWarning: invalid value encountered in matmul
  K = (P @ H.T) @ np.linalg.inv(S)
/n/home10/vsaketos/wavegp/table1/Random_Search/predict_plus_two_lines.py:175: RuntimeWarning: invalid value encountered in matmul
  return inp[0] @ inp[1]
/n/home10/vsaketos/wavegp/table1/Random_Search/predict_plus_two_lines.py:382: RuntimeWarning: invalid value encountered in matmul
  P = (np.eye(dim) - (K @ H)) @ P
/n/home10/vsaketos/wavegp/table1/Random_Search/predict_plus_two_lines.py:178: RuntimeWarning: overflow encountered in add
  return inp[0] + inp[1]
/n/home10/vsaketos/wavegp/table1/Random_Search/predict_plus_two_lines.py:178: RuntimeWarning: overflow encountered in add
  return inp[0] + inp[1]
/n/home10/vsaketos/wavegp/table1/Random_Search/predict_plus_two_lines.py:382: RuntimeWarning: invalid value encountered in matmul
  P = (np.eye(dim) - (K @ H)) @ P
/n/home10/vsaketos/wavegp/table1/Random_Search/predict_plus_two_lines.py:380: RuntimeWarning: invalid value encountered in matmul
  K = (P @ H.T) @ np.linalg.inv(S)
/n/home10/vsaketos/wavegp/table1/Random_Search/predict_plus_two_lines.py:175: RuntimeWarning: invalid value encountered in matmul
  return inp[0] @ inp[1]
/n/home10/vsaketos/wavegp/table1/Random_Search/predict_plus_two_lines.py:380: RuntimeWarning: invalid value encountered in matmul
  K = (P @ H.T) @ np.linalg.inv(S)
/n/home10/vsaketos/wavegp/table1/Random_Search/predict_plus_two_lines.py:380: RuntimeWarning: invalid value encountered in matmul
  K = (P @ H.T) @ np.linalg.inv(S)
/n/home10/vsaketos/wavegp/table1/Random_Search/predict_plus_two_lines.py:382: RuntimeWarning: invalid value encountered in matmul
  P = (np.eye(dim) - (K @ H)) @ P
/n/home10/vsaketos/wavegp/table1/Random_Search/predict_plus_two_lines.py:175: RuntimeWarning: invalid value encountered in matmul
  return inp[0] @ inp[1]
/n/home10/vsaketos/wavegp/table1/Random_Search/predict_plus_two_lines.py:380: RuntimeWarning: invalid value encountered in matmul
  K = (P @ H.T) @ np.linalg.inv(S)
/n/home10/vsaketos/wavegp/table1/Random_Search/predict_plus_two_lines.py:380: RuntimeWarning: invalid value encountered in matmul
  K = (P @ H.T) @ np.linalg.inv(S)
/n/home10/vsaketos/wavegp/table1/Random_Search/predict_plus_two_lines.py:382: RuntimeWarning: invalid value encountered in matmul
  P = (np.eye(dim) - (K @ H)) @ P
/n/home10/vsaketos/wavegp/table1/Random_Search/predict_plus_two_lines.py:380: RuntimeWarning: invalid value encountered in matmul
  K = (P @ H.T) @ np.linalg.inv(S)
/n/home10/vsaketos/wavegp/table1/Random_Search/predict_plus_two_lines.py:382: RuntimeWarning: invalid value encountered in matmul
  P = (np.eye(dim) - (K @ H)) @ P
/n/home10/vsaketos/wavegp/table1/Random_Search/predict_plus_two_lines.py:175: RuntimeWarning: invalid value encountered in matmul
  return inp[0] @ inp[1]
/n/home10/vsaketos/wavegp/table1/Random_Search/predict_plus_two_lines.py:380: RuntimeWarning: invalid value encountered in matmul
  K = (P @ H.T) @ np.linalg.inv(S)
/n/home10/vsaketos/wavegp/table1/Random_Search/predict_plus_two_lines.py:380: RuntimeWarning: invalid value encountered in matmul
  K = (P @ H.T) @ np.linalg.inv(S)
/n/home10/vsaketos/wavegp/table1/Random_Search/predict_plus_two_lines.py:178: RuntimeWarning: overflow encountered in add
  return inp[0] + inp[1]
/n/home10/vsaketos/wavegp/table1/Random_Search/predict_plus_two_lines.py:175: RuntimeWarning: invalid value encountered in matmul
  return inp[0] @ inp[1]
/n/home10/vsaketos/wavegp/table1/Random_Search/predict_plus_two_lines.py:175: RuntimeWarning: invalid value encountered in matmul
  return inp[0] @ inp[1]
/n/home10/vsaketos/wavegp/table1/Random_Search/predict_plus_two_lines.py:380: RuntimeWarning: invalid value encountered in matmul
  K = (P @ H.T) @ np.linalg.inv(S)
/n/home10/vsaketos/wavegp/table1/Random_Search/predict_plus_two_lines.py:175: RuntimeWarning: invalid value encountered in matmul
  return inp[0] @ inp[1]
/n/home10/vsaketos/wavegp/table1/Random_Search/predict_plus_two_lines.py:172: RuntimeWarning: invalid value encountered in scalar subtract
  return inp[0] - inp[1]
/n/home10/vsaketos/wavegp/table1/Random_Search/predict_plus_two_lines.py:175: RuntimeWarning: invalid value encountered in matmul
  return inp[0] @ inp[1]
/n/home10/vsaketos/wavegp/table1/Random_Search/predict_plus_two_lines.py:380: RuntimeWarning: invalid value encountered in matmul
  K = (P @ H.T) @ np.linalg.inv(S)
/n/home10/vsaketos/wavegp/table1/Random_Search/predict_plus_two_lines.py:382: RuntimeWarning: invalid value encountered in matmul
  P = (np.eye(dim) - (K @ H)) @ P
/n/home10/vsaketos/wavegp/table1/Random_Search/predict_plus_two_lines.py:175: RuntimeWarning: invalid value encountered in matmul
  return inp[0] @ inp[1]
/n/home10/vsaketos/wavegp/table1/Random_Search/predict_plus_two_lines.py:382: RuntimeWarning: invalid value encountered in matmul
  P = (np.eye(dim) - (K @ H)) @ P
/n/home10/vsaketos/wavegp/table1/Random_Search/predict_plus_two_lines.py:175: RuntimeWarning: invalid value encountered in matmul
  return inp[0] @ inp[1]
/n/home10/vsaketos/wavegp/table1/Random_Search/predict_plus_two_lines.py:382: RuntimeWarning: invalid value encountered in matmul
  P = (np.eye(dim) - (K @ H)) @ P
/n/home10/vsaketos/wavegp/table1/Random_Search/predict_plus_two_lines.py:172: RuntimeWarning: invalid value encountered in subtract
  return inp[0] - inp[1]
/n/home10/vsaketos/wavegp/table1/Random_Search/predict_plus_two_lines.py:380: RuntimeWarning: invalid value encountered in matmul
  K = (P @ H.T) @ np.linalg.inv(S)
/n/home10/vsaketos/wavegp/table1/Random_Search/predict_plus_two_lines.py:382: RuntimeWarning: invalid value encountered in matmul
  P = (np.eye(dim) - (K @ H)) @ P
/n/home10/vsaketos/wavegp/table1/Random_Search/predict_plus_two_lines.py:382: RuntimeWarning: invalid value encountered in matmul
  P = (np.eye(dim) - (K @ H)) @ P
/n/home10/vsaketos/wavegp/table1/Random_Search/predict_plus_two_lines.py:380: RuntimeWarning: invalid value encountered in matmul
  K = (P @ H.T) @ np.linalg.inv(S)
/n/home10/vsaketos/wavegp/table1/Random_Search/predict_plus_two_lines.py:175: RuntimeWarning: invalid value encountered in matmul
  return inp[0] @ inp[1]
/n/home10/vsaketos/wavegp/table1/Random_Search/predict_plus_two_lines.py:178: RuntimeWarning: overflow encountered in add
  return inp[0] + inp[1]
/n/home10/vsaketos/wavegp/table1/Random_Search/predict_plus_two_lines.py:175: RuntimeWarning: invalid value encountered in matmul
  return inp[0] @ inp[1]
/n/home10/vsaketos/wavegp/table1/Random_Search/predict_plus_two_lines.py:380: RuntimeWarning: invalid value encountered in matmul
  K = (P @ H.T) @ np.linalg.inv(S)
/n/home10/vsaketos/wavegp/table1/Random_Search/predict_plus_two_lines.py:175: RuntimeWarning: invalid value encountered in matmul
  return inp[0] @ inp[1]
/n/home10/vsaketos/wavegp/table1/Random_Search/predict_plus_two_lines.py:172: RuntimeWarning: invalid value encountered in subtract
  return inp[0] - inp[1]
/n/home10/vsaketos/wavegp/table1/Random_Search/predict_plus_two_lines.py:382: RuntimeWarning: invalid value encountered in matmul
  P = (np.eye(dim) - (K @ H)) @ P
/n/home10/vsaketos/wavegp/table1/Random_Search/predict_plus_two_lines.py:380: RuntimeWarning: invalid value encountered in matmul
  K = (P @ H.T) @ np.linalg.inv(S)
/n/home10/vsaketos/wavegp/table1/Random_Search/predict_plus_two_lines.py:175: RuntimeWarning: invalid value encountered in matmul
  return inp[0] @ inp[1]
/n/home10/vsaketos/wavegp/table1/Random_Search/predict_plus_two_lines.py:380: RuntimeWarning: invalid value encountered in matmul
  K = (P @ H.T) @ np.linalg.inv(S)
/n/home10/vsaketos/wavegp/table1/Random_Search/predict_plus_two_lines.py:175: RuntimeWarning: invalid value encountered in matmul
  return inp[0] @ inp[1]
/n/home10/vsaketos/wavegp/table1/Random_Search/predict_plus_two_lines.py:380: RuntimeWarning: invalid value encountered in matmul
  K = (P @ H.T) @ np.linalg.inv(S)
/n/home10/vsaketos/wavegp/table1/Random_Search/predict_plus_two_lines.py:178: RuntimeWarning: overflow encountered in add
  return inp[0] + inp[1]
/n/home10/vsaketos/wavegp/table1/Random_Search/predict_plus_two_lines.py:178: RuntimeWarning: overflow encountered in add
  return inp[0] + inp[1]
/n/home10/vsaketos/wavegp/table1/Random_Search/predict_plus_two_lines.py:382: RuntimeWarning: invalid value encountered in matmul
  P = (np.eye(dim) - (K @ H)) @ P
/n/home10/vsaketos/wavegp/table1/Random_Search/predict_plus_two_lines.py:382: RuntimeWarning: invalid value encountered in matmul
  P = (np.eye(dim) - (K @ H)) @ P
/n/home10/vsaketos/wavegp/table1/Random_Search/predict_plus_two_lines.py:382: RuntimeWarning: invalid value encountered in matmul
  P = (np.eye(dim) - (K @ H)) @ P
/n/home10/vsaketos/wavegp/table1/Random_Search/predict_plus_two_lines.py:175: RuntimeWarning: invalid value encountered in matmul
  return inp[0] @ inp[1]
/n/home10/vsaketos/wavegp/table1/Random_Search/predict_plus_two_lines.py:172: RuntimeWarning: invalid value encountered in subtract
  return inp[0] - inp[1]
/n/home10/vsaketos/wavegp/table1/Random_Search/predict_plus_two_lines.py:178: RuntimeWarning: overflow encountered in add
  return inp[0] + inp[1]
/n/home10/vsaketos/wavegp/table1/Random_Search/predict_plus_two_lines.py:382: RuntimeWarning: invalid value encountered in matmul
  P = (np.eye(dim) - (K @ H)) @ P
/n/home10/vsaketos/wavegp/table1/Random_Search/predict_plus_two_lines.py:178: RuntimeWarning: overflow encountered in add
  return inp[0] + inp[1]
/n/home10/vsaketos/wavegp/table1/Random_Search/predict_plus_two_lines.py:380: RuntimeWarning: invalid value encountered in matmul
  K = (P @ H.T) @ np.linalg.inv(S)
/n/home10/vsaketos/wavegp/table1/Random_Search/predict_plus_two_lines.py:380: RuntimeWarning: invalid value encountered in matmul
  K = (P @ H.T) @ np.linalg.inv(S)
/n/home10/vsaketos/wavegp/table1/Random_Search/predict_plus_two_lines.py:382: RuntimeWarning: invalid value encountered in matmul
  P = (np.eye(dim) - (K @ H)) @ P
/n/home10/vsaketos/wavegp/table1/Random_Search/predict_plus_two_lines.py:175: RuntimeWarning: invalid value encountered in matmul
  return inp[0] @ inp[1]
/n/home10/vsaketos/wavegp/table1/Random_Search/predict_plus_two_lines.py:380: RuntimeWarning: invalid value encountered in matmul
  K = (P @ H.T) @ np.linalg.inv(S)
/n/home10/vsaketos/wavegp/table1/Random_Search/predict_plus_two_lines.py:382: RuntimeWarning: invalid value encountered in matmul
  P = (np.eye(dim) - (K @ H)) @ P
/n/home10/vsaketos/wavegp/table1/Random_Search/predict_plus_two_lines.py:175: RuntimeWarning: invalid value encountered in matmul
  return inp[0] @ inp[1]
/n/home10/vsaketos/wavegp/table1/Random_Search/predict_plus_two_lines.py:178: RuntimeWarning: overflow encountered in add
  return inp[0] + inp[1]
/n/home10/vsaketos/wavegp/table1/Random_Search/predict_plus_two_lines.py:382: RuntimeWarning: invalid value encountered in matmul
  P = (np.eye(dim) - (K @ H)) @ P
/n/home10/vsaketos/wavegp/table1/Random_Search/predict_plus_two_lines.py:382: RuntimeWarning: invalid value encountered in matmul
  P = (np.eye(dim) - (K @ H)) @ P
/n/home10/vsaketos/wavegp/table1/Random_Search/predict_plus_two_lines.py:175: RuntimeWarning: invalid value encountered in matmul
  return inp[0] @ inp[1]
/n/home10/vsaketos/wavegp/table1/Random_Search/predict_plus_two_lines.py:172: RuntimeWarning: overflow encountered in subtract
  return inp[0] - inp[1]
/n/home10/vsaketos/wavegp/table1/Random_Search/predict_plus_two_lines.py:175: RuntimeWarning: invalid value encountered in matmul
  return inp[0] @ inp[1]
/n/home10/vsaketos/wavegp/table1/Random_Search/predict_plus_two_lines.py:172: RuntimeWarning: invalid value encountered in scalar subtract
  return inp[0] - inp[1]
/n/home10/vsaketos/wavegp/table1/Random_Search/predict_plus_two_lines.py:178: RuntimeWarning: overflow encountered in add
  return inp[0] + inp[1]
/n/home10/vsaketos/wavegp/table1/Random_Search/predict_plus_two_lines.py:382: RuntimeWarning: invalid value encountered in matmul
  P = (np.eye(dim) - (K @ H)) @ P
/n/home10/vsaketos/wavegp/table1/Random_Search/predict_plus_two_lines.py:175: RuntimeWarning: invalid value encountered in matmul
  return inp[0] @ inp[1]
/n/home10/vsaketos/wavegp/table1/Random_Search/predict_plus_two_lines.py:175: RuntimeWarning: invalid value encountered in matmul
  return inp[0] @ inp[1]
/n/home10/vsaketos/wavegp/table1/Random_Search/predict_plus_two_lines.py:380: RuntimeWarning: invalid value encountered in matmul
  K = (P @ H.T) @ np.linalg.inv(S)
/n/home10/vsaketos/wavegp/table1/Random_Search/predict_plus_two_lines.py:380: RuntimeWarning: invalid value encountered in matmul
  K = (P @ H.T) @ np.linalg.inv(S)
/n/home10/vsaketos/wavegp/table1/Random_Search/predict_plus_two_lines.py:380: RuntimeWarning: invalid value encountered in matmul
  K = (P @ H.T) @ np.linalg.inv(S)
/n/home10/vsaketos/wavegp/table1/Random_Search/predict_plus_two_lines.py:382: RuntimeWarning: invalid value encountered in matmul
  P = (np.eye(dim) - (K @ H)) @ P
/n/home10/vsaketos/wavegp/table1/Random_Search/predict_plus_two_lines.py:178: RuntimeWarning: overflow encountered in add
  return inp[0] + inp[1]
/n/home10/vsaketos/wavegp/table1/Random_Search/predict_plus_two_lines.py:178: RuntimeWarning: overflow encountered in add
  return inp[0] + inp[1]
/n/home10/vsaketos/wavegp/table1/Random_Search/predict_plus_two_lines.py:178: RuntimeWarning: overflow encountered in add
  return inp[0] + inp[1]
/n/home10/vsaketos/wavegp/table1/Random_Search/predict_plus_two_lines.py:175: RuntimeWarning: invalid value encountered in matmul
  return inp[0] @ inp[1]
/n/home10/vsaketos/wavegp/table1/Random_Search/predict_plus_two_lines.py:175: RuntimeWarning: invalid value encountered in matmul
  return inp[0] @ inp[1]
/n/home10/vsaketos/wavegp/table1/Random_Search/predict_plus_two_lines.py:380: RuntimeWarning: invalid value encountered in matmul
  K = (P @ H.T) @ np.linalg.inv(S)
/n/home10/vsaketos/wavegp/table1/Random_Search/predict_plus_two_lines.py:178: RuntimeWarning: overflow encountered in add
  return inp[0] + inp[1]
/n/home10/vsaketos/wavegp/table1/Random_Search/predict_plus_two_lines.py:175: RuntimeWarning: invalid value encountered in matmul
  return inp[0] @ inp[1]
/n/home10/vsaketos/wavegp/table1/Random_Search/predict_plus_two_lines.py:178: RuntimeWarning: overflow encountered in add
  return inp[0] + inp[1]
/n/home10/vsaketos/wavegp/table1/Random_Search/predict_plus_two_lines.py:382: RuntimeWarning: invalid value encountered in matmul
  P = (np.eye(dim) - (K @ H)) @ P
/n/home10/vsaketos/wavegp/table1/Random_Search/predict_plus_two_lines.py:175: RuntimeWarning: invalid value encountered in matmul
  return inp[0] @ inp[1]
/n/home10/vsaketos/wavegp/table1/Random_Search/predict_plus_two_lines.py:178: RuntimeWarning: overflow encountered in add
  return inp[0] + inp[1]
/n/home10/vsaketos/wavegp/table1/Random_Search/predict_plus_two_lines.py:172: RuntimeWarning: invalid value encountered in subtract
  return inp[0] - inp[1]
/n/home10/vsaketos/wavegp/table1/Random_Search/predict_plus_two_lines.py:175: RuntimeWarning: invalid value encountered in matmul
  return inp[0] @ inp[1]
/n/home10/vsaketos/wavegp/table1/Random_Search/predict_plus_two_lines.py:175: RuntimeWarning: invalid value encountered in matmul
  return inp[0] @ inp[1]
/n/home10/vsaketos/wavegp/table1/Random_Search/predict_plus_two_lines.py:382: RuntimeWarning: invalid value encountered in matmul
  P = (np.eye(dim) - (K @ H)) @ P
/n/home10/vsaketos/wavegp/table1/Random_Search/predict_plus_two_lines.py:380: RuntimeWarning: invalid value encountered in matmul
  K = (P @ H.T) @ np.linalg.inv(S)
/n/home10/vsaketos/wavegp/table1/Random_Search/predict_plus_two_lines.py:382: RuntimeWarning: invalid value encountered in matmul
  P = (np.eye(dim) - (K @ H)) @ P
/n/home10/vsaketos/wavegp/table1/Random_Search/predict_plus_two_lines.py:172: RuntimeWarning: invalid value encountered in subtract
  return inp[0] - inp[1]
/n/home10/vsaketos/wavegp/table1/Random_Search/predict_plus_two_lines.py:172: RuntimeWarning: invalid value encountered in scalar subtract
  return inp[0] - inp[1]
/n/home10/vsaketos/wavegp/table1/Random_Search/predict_plus_two_lines.py:382: RuntimeWarning: invalid value encountered in matmul
  P = (np.eye(dim) - (K @ H)) @ P
/n/home10/vsaketos/wavegp/table1/Random_Search/predict_plus_two_lines.py:175: RuntimeWarning: invalid value encountered in matmul
  return inp[0] @ inp[1]
/n/home10/vsaketos/wavegp/table1/Random_Search/predict_plus_two_lines.py:382: RuntimeWarning: invalid value encountered in matmul
  P = (np.eye(dim) - (K @ H)) @ P
/n/home10/vsaketos/wavegp/table1/Random_Search/predict_plus_two_lines.py:175: RuntimeWarning: invalid value encountered in matmul
  return inp[0] @ inp[1]
/n/home10/vsaketos/wavegp/table1/Random_Search/predict_plus_two_lines.py:172: RuntimeWarning: invalid value encountered in subtract
  return inp[0] - inp[1]
/n/home10/vsaketos/wavegp/table1/Random_Search/predict_plus_two_lines.py:382: RuntimeWarning: invalid value encountered in matmul
  P = (np.eye(dim) - (K @ H)) @ P
/n/home10/vsaketos/wavegp/table1/Random_Search/predict_plus_two_lines.py:382: RuntimeWarning: invalid value encountered in matmul
  P = (np.eye(dim) - (K @ H)) @ P
/n/home10/vsaketos/wavegp/table1/Random_Search/predict_plus_two_lines.py:380: RuntimeWarning: invalid value encountered in matmul
  K = (P @ H.T) @ np.linalg.inv(S)
/n/home10/vsaketos/wavegp/table1/Random_Search/predict_plus_two_lines.py:172: RuntimeWarning: invalid value encountered in subtract
  return inp[0] - inp[1]
/n/home10/vsaketos/wavegp/table1/Random_Search/predict_plus_two_lines.py:382: RuntimeWarning: invalid value encountered in matmul
  P = (np.eye(dim) - (K @ H)) @ P
/n/home10/vsaketos/wavegp/table1/Random_Search/predict_plus_two_lines.py:178: RuntimeWarning: overflow encountered in add
  return inp[0] + inp[1]
/n/home10/vsaketos/wavegp/table1/Random_Search/predict_plus_two_lines.py:382: RuntimeWarning: invalid value encountered in matmul
  P = (np.eye(dim) - (K @ H)) @ P
/n/home10/vsaketos/.conda/envs/env2/lib/python3.9/site-packages/numpy/_core/_methods.py:127: RuntimeWarning: overflow encountered in reduce
  ret = umr_sum(arr, axis, dtype, out, keepdims, where=where)
/n/home10/vsaketos/wavegp/table1/Random_Search/predict_plus_two_lines.py:382: RuntimeWarning: invalid value encountered in matmul
  P = (np.eye(dim) - (K @ H)) @ P
/n/home10/vsaketos/wavegp/table1/Random_Search/predict_plus_two_lines.py:178: RuntimeWarning: overflow encountered in add
  return inp[0] + inp[1]
/n/home10/vsaketos/wavegp/table1/Random_Search/predict_plus_two_lines.py:178: RuntimeWarning: overflow encountered in add
  return inp[0] + inp[1]
/n/home10/vsaketos/wavegp/table1/Random_Search/predict_plus_two_lines.py:172: RuntimeWarning: invalid value encountered in subtract
  return inp[0] - inp[1]
/n/home10/vsaketos/wavegp/table1/Random_Search/predict_plus_two_lines.py:178: RuntimeWarning: overflow encountered in add
  return inp[0] + inp[1]
/n/home10/vsaketos/wavegp/table1/Random_Search/predict_plus_two_lines.py:172: RuntimeWarning: invalid value encountered in subtract
  return inp[0] - inp[1]
/n/home10/vsaketos/wavegp/table1/Random_Search/predict_plus_two_lines.py:172: RuntimeWarning: invalid value encountered in subtract
  return inp[0] - inp[1]
/n/home10/vsaketos/wavegp/table1/Random_Search/predict_plus_two_lines.py:178: RuntimeWarning: overflow encountered in add
  return inp[0] + inp[1]
/n/home10/vsaketos/wavegp/table1/Random_Search/predict_plus_two_lines.py:172: RuntimeWarning: invalid value encountered in subtract
  return inp[0] - inp[1]
/n/home10/vsaketos/wavegp/table1/Random_Search/predict_plus_two_lines.py:172: RuntimeWarning: invalid value encountered in subtract
  return inp[0] - inp[1]
/n/home10/vsaketos/wavegp/table1/Random_Search/predict_plus_two_lines.py:178: RuntimeWarning: overflow encountered in add
  return inp[0] + inp[1]
/n/home10/vsaketos/wavegp/table1/Random_Search/predict_plus_two_lines.py:175: RuntimeWarning: invalid value encountered in matmul
  return inp[0] @ inp[1]
/n/home10/vsaketos/wavegp/table1/Random_Search/predict_plus_two_lines.py:380: RuntimeWarning: invalid value encountered in matmul
  K = (P @ H.T) @ np.linalg.inv(S)
/n/home10/vsaketos/wavegp/table1/Random_Search/predict_plus_two_lines.py:382: RuntimeWarning: invalid value encountered in matmul
  P = (np.eye(dim) - (K @ H)) @ P
/n/home10/vsaketos/.conda/envs/env2/lib/python3.9/site-packages/numpy/_core/_methods.py:127: RuntimeWarning: overflow encountered in reduce
  ret = umr_sum(arr, axis, dtype, out, keepdims, where=where)
/n/home10/vsaketos/wavegp/table1/Random_Search/predict_plus_two_lines.py:172: RuntimeWarning: invalid value encountered in subtract
  return inp[0] - inp[1]
/n/home10/vsaketos/wavegp/table1/Random_Search/predict_plus_two_lines.py:382: RuntimeWarning: invalid value encountered in matmul
  P = (np.eye(dim) - (K @ H)) @ P
/n/home10/vsaketos/wavegp/table1/Random_Search/predict_plus_two_lines.py:178: RuntimeWarning: overflow encountered in add
  return inp[0] + inp[1]
/n/home10/vsaketos/wavegp/table1/Random_Search/predict_plus_two_lines.py:172: RuntimeWarning: invalid value encountered in subtract
  return inp[0] - inp[1]
/n/home10/vsaketos/wavegp/table1/Random_Search/predict_plus_two_lines.py:382: RuntimeWarning: invalid value encountered in matmul
  P = (np.eye(dim) - (K @ H)) @ P
/n/home10/vsaketos/wavegp/table1/Random_Search/predict_plus_two_lines.py:178: RuntimeWarning: overflow encountered in scalar add
  return inp[0] + inp[1]
/n/home10/vsaketos/wavegp/table1/Random_Search/predict_plus_two_lines.py:175: RuntimeWarning: invalid value encountered in matmul
  return inp[0] @ inp[1]
/n/home10/vsaketos/wavegp/table1/Random_Search/predict_plus_two_lines.py:382: RuntimeWarning: invalid value encountered in matmul
  P = (np.eye(dim) - (K @ H)) @ P
/n/home10/vsaketos/wavegp/table1/Random_Search/predict_plus_two_lines.py:178: RuntimeWarning: overflow encountered in add
  return inp[0] + inp[1]
/n/home10/vsaketos/wavegp/table1/Random_Search/predict_plus_two_lines.py:175: RuntimeWarning: invalid value encountered in matmul
  return inp[0] @ inp[1]
/n/home10/vsaketos/wavegp/table1/Random_Search/predict_plus_two_lines.py:382: RuntimeWarning: invalid value encountered in matmul
  P = (np.eye(dim) - (K @ H)) @ P
/n/home10/vsaketos/wavegp/table1/Random_Search/predict_plus_two_lines.py:172: RuntimeWarning: invalid value encountered in subtract
  return inp[0] - inp[1]
/n/home10/vsaketos/wavegp/table1/Random_Search/predict_plus_two_lines.py:382: RuntimeWarning: invalid value encountered in matmul
  P = (np.eye(dim) - (K @ H)) @ P
/n/home10/vsaketos/wavegp/table1/Random_Search/predict_plus_two_lines.py:172: RuntimeWarning: invalid value encountered in subtract
  return inp[0] - inp[1]
/n/home10/vsaketos/wavegp/table1/Random_Search/predict_plus_two_lines.py:382: RuntimeWarning: invalid value encountered in matmul
  P = (np.eye(dim) - (K @ H)) @ P
/n/home10/vsaketos/wavegp/table1/Random_Search/predict_plus_two_lines.py:172: RuntimeWarning: invalid value encountered in subtract
  return inp[0] - inp[1]
/n/home10/vsaketos/wavegp/table1/Random_Search/predict_plus_two_lines.py:178: RuntimeWarning: overflow encountered in add
  return inp[0] + inp[1]
/n/home10/vsaketos/wavegp/table1/Random_Search/predict_plus_two_lines.py:178: RuntimeWarning: overflow encountered in add
  return inp[0] + inp[1]
/n/home10/vsaketos/wavegp/table1/Random_Search/predict_plus_two_lines.py:382: RuntimeWarning: invalid value encountered in matmul
  P = (np.eye(dim) - (K @ H)) @ P
/n/home10/vsaketos/wavegp/table1/Random_Search/predict_plus_two_lines.py:178: RuntimeWarning: overflow encountered in add
  return inp[0] + inp[1]
/n/home10/vsaketos/wavegp/table1/Random_Search/predict_plus_two_lines.py:178: RuntimeWarning: overflow encountered in add
  return inp[0] + inp[1]
/n/home10/vsaketos/wavegp/table1/Random_Search/predict_plus_two_lines.py:178: RuntimeWarning: overflow encountered in add
  return inp[0] + inp[1]
/n/home10/vsaketos/wavegp/table1/Random_Search/predict_plus_two_lines.py:178: RuntimeWarning: overflow encountered in add
  return inp[0] + inp[1]
/n/home10/vsaketos/wavegp/table1/Random_Search/predict_plus_two_lines.py:382: RuntimeWarning: invalid value encountered in matmul
  P = (np.eye(dim) - (K @ H)) @ P
/n/home10/vsaketos/wavegp/table1/Random_Search/predict_plus_two_lines.py:178: RuntimeWarning: overflow encountered in add
  return inp[0] + inp[1]
/n/home10/vsaketos/wavegp/table1/Random_Search/predict_plus_two_lines.py:382: RuntimeWarning: invalid value encountered in matmul
  P = (np.eye(dim) - (K @ H)) @ P
/n/home10/vsaketos/wavegp/table1/Random_Search/predict_plus_two_lines.py:178: RuntimeWarning: overflow encountered in add
  return inp[0] + inp[1]
/n/home10/vsaketos/wavegp/table1/Random_Search/predict_plus_two_lines.py:172: RuntimeWarning: invalid value encountered in subtract
  return inp[0] - inp[1]
/n/home10/vsaketos/wavegp/table1/Random_Search/predict_plus_two_lines.py:175: RuntimeWarning: invalid value encountered in matmul
  return inp[0] @ inp[1]
/n/home10/vsaketos/wavegp/table1/Random_Search/predict_plus_two_lines.py:178: RuntimeWarning: overflow encountered in add
  return inp[0] + inp[1]
/n/home10/vsaketos/wavegp/table1/Random_Search/predict_plus_two_lines.py:178: RuntimeWarning: overflow encountered in add
  return inp[0] + inp[1]
/n/home10/vsaketos/wavegp/table1/Random_Search/predict_plus_two_lines.py:178: RuntimeWarning: overflow encountered in add
  return inp[0] + inp[1]
/n/home10/vsaketos/wavegp/table1/Random_Search/predict_plus_two_lines.py:172: RuntimeWarning: invalid value encountered in subtract
  return inp[0] - inp[1]
/n/home10/vsaketos/.conda/envs/env2/lib/python3.9/site-packages/numpy/_core/_methods.py:127: RuntimeWarning: overflow encountered in reduce
  ret = umr_sum(arr, axis, dtype, out, keepdims, where=where)
/n/home10/vsaketos/wavegp/table1/Random_Search/predict_plus_two_lines.py:178: RuntimeWarning: invalid value encountered in add
  return inp[0] + inp[1]
/n/home10/vsaketos/wavegp/table1/Random_Search/predict_plus_two_lines.py:382: RuntimeWarning: invalid value encountered in matmul
  P = (np.eye(dim) - (K @ H)) @ P
/n/home10/vsaketos/wavegp/table1/Random_Search/predict_plus_two_lines.py:172: RuntimeWarning: invalid value encountered in subtract
  return inp[0] - inp[1]
/n/home10/vsaketos/.conda/envs/env2/lib/python3.9/site-packages/numpy/_core/_methods.py:127: RuntimeWarning: overflow encountered in reduce
  ret = umr_sum(arr, axis, dtype, out, keepdims, where=where)
/n/home10/vsaketos/wavegp/table1/Random_Search/predict_plus_two_lines.py:172: RuntimeWarning: invalid value encountered in subtract
  return inp[0] - inp[1]
/n/home10/vsaketos/wavegp/table1/Random_Search/predict_plus_two_lines.py:172: RuntimeWarning: invalid value encountered in subtract
  return inp[0] - inp[1]
/n/home10/vsaketos/.conda/envs/env2/lib/python3.9/site-packages/numpy/_core/_methods.py:127: RuntimeWarning: overflow encountered in reduce
  ret = umr_sum(arr, axis, dtype, out, keepdims, where=where)
/n/home10/vsaketos/wavegp/table1/Random_Search/predict_plus_two_lines.py:172: RuntimeWarning: invalid value encountered in scalar subtract
  return inp[0] - inp[1]
/n/home10/vsaketos/wavegp/table1/Random_Search/predict_plus_two_lines.py:178: RuntimeWarning: overflow encountered in add
  return inp[0] + inp[1]
/n/home10/vsaketos/wavegp/table1/Random_Search/predict_plus_two_lines.py:382: RuntimeWarning: invalid value encountered in matmul
  P = (np.eye(dim) - (K @ H)) @ P
/n/home10/vsaketos/wavegp/table1/Random_Search/predict_plus_two_lines.py:178: RuntimeWarning: overflow encountered in add
  return inp[0] + inp[1]
/n/home10/vsaketos/wavegp/table1/Random_Search/predict_plus_two_lines.py:178: RuntimeWarning: overflow encountered in add
  return inp[0] + inp[1]
/n/home10/vsaketos/wavegp/table1/Random_Search/predict_plus_two_lines.py:172: RuntimeWarning: invalid value encountered in subtract
  return inp[0] - inp[1]
/n/home10/vsaketos/wavegp/table1/Random_Search/predict_plus_two_lines.py:172: RuntimeWarning: invalid value encountered in subtract
  return inp[0] - inp[1]
/n/home10/vsaketos/wavegp/table1/Random_Search/predict_plus_two_lines.py:382: RuntimeWarning: invalid value encountered in matmul
  P = (np.eye(dim) - (K @ H)) @ P
/n/home10/vsaketos/wavegp/table1/Random_Search/predict_plus_two_lines.py:178: RuntimeWarning: overflow encountered in add
  return inp[0] + inp[1]
/n/home10/vsaketos/wavegp/table1/Random_Search/predict_plus_two_lines.py:178: RuntimeWarning: invalid value encountered in add
  return inp[0] + inp[1]
/n/home10/vsaketos/wavegp/table1/Random_Search/predict_plus_two_lines.py:178: RuntimeWarning: overflow encountered in add
  return inp[0] + inp[1]
/n/home10/vsaketos/wavegp/table1/Random_Search/predict_plus_two_lines.py:178: RuntimeWarning: invalid value encountered in add
  return inp[0] + inp[1]
/n/home10/vsaketos/wavegp/table1/Random_Search/predict_plus_two_lines.py:172: RuntimeWarning: overflow encountered in subtract
  return inp[0] - inp[1]
/n/home10/vsaketos/wavegp/table1/Random_Search/predict_plus_two_lines.py:178: RuntimeWarning: overflow encountered in add
  return inp[0] + inp[1]
/n/home10/vsaketos/wavegp/table1/Random_Search/predict_plus_two_lines.py:178: RuntimeWarning: overflow encountered in add
  return inp[0] + inp[1]
/n/home10/vsaketos/wavegp/table1/Random_Search/predict_plus_two_lines.py:172: RuntimeWarning: invalid value encountered in subtract
  return inp[0] - inp[1]
/n/home10/vsaketos/.conda/envs/env2/lib/python3.9/site-packages/numpy/_core/_methods.py:127: RuntimeWarning: overflow encountered in reduce
  ret = umr_sum(arr, axis, dtype, out, keepdims, where=where)
/n/home10/vsaketos/wavegp/table1/Random_Search/predict_plus_two_lines.py:178: RuntimeWarning: invalid value encountered in add
  return inp[0] + inp[1]
/n/home10/vsaketos/wavegp/table1/Random_Search/predict_plus_two_lines.py:178: RuntimeWarning: invalid value encountered in add
  return inp[0] + inp[1]
/n/home10/vsaketos/wavegp/table1/Random_Search/predict_plus_two_lines.py:178: RuntimeWarning: overflow encountered in add
  return inp[0] + inp[1]
/n/home10/vsaketos/wavegp/table1/Random_Search/predict_plus_two_lines.py:172: RuntimeWarning: invalid value encountered in subtract
  return inp[0] - inp[1]
/n/home10/vsaketos/wavegp/table1/Random_Search/predict_plus_two_lines.py:178: RuntimeWarning: overflow encountered in add
  return inp[0] + inp[1]
/n/home10/vsaketos/wavegp/table1/Random_Search/predict_plus_two_lines.py:178: RuntimeWarning: overflow encountered in add
  return inp[0] + inp[1]
/n/home10/vsaketos/wavegp/table1/Random_Search/predict_plus_two_lines.py:172: RuntimeWarning: invalid value encountered in subtract
  return inp[0] - inp[1]
/n/home10/vsaketos/wavegp/table1/Random_Search/predict_plus_two_lines.py:172: RuntimeWarning: invalid value encountered in subtract
  return inp[0] - inp[1]
/n/home10/vsaketos/wavegp/table1/Random_Search/predict_plus_two_lines.py:178: RuntimeWarning: overflow encountered in add
  return inp[0] + inp[1]
/n/home10/vsaketos/.conda/envs/env2/lib/python3.9/site-packages/numpy/_core/_methods.py:127: RuntimeWarning: overflow encountered in reduce
  ret = umr_sum(arr, axis, dtype, out, keepdims, where=where)
/n/home10/vsaketos/wavegp/table1/Random_Search/predict_plus_two_lines.py:172: RuntimeWarning: invalid value encountered in subtract
  return inp[0] - inp[1]
/n/home10/vsaketos/wavegp/table1/Random_Search/predict_plus_two_lines.py:178: RuntimeWarning: invalid value encountered in add
  return inp[0] + inp[1]
/n/home10/vsaketos/wavegp/table1/Random_Search/predict_plus_two_lines.py:178: RuntimeWarning: invalid value encountered in add
  return inp[0] + inp[1]
/n/home10/vsaketos/wavegp/table1/Random_Search/predict_plus_two_lines.py:172: RuntimeWarning: invalid value encountered in subtract
  return inp[0] - inp[1]
/n/home10/vsaketos/wavegp/table1/Random_Search/predict_plus_two_lines.py:172: RuntimeWarning: overflow encountered in subtract
  return inp[0] - inp[1]
/n/home10/vsaketos/wavegp/table1/Random_Search/predict_plus_two_lines.py:172: RuntimeWarning: invalid value encountered in subtract
  return inp[0] - inp[1]
/n/home10/vsaketos/wavegp/table1/Random_Search/predict_plus_two_lines.py:172: RuntimeWarning: invalid value encountered in subtract
  return inp[0] - inp[1]
/n/home10/vsaketos/wavegp/table1/Random_Search/predict_plus_two_lines.py:178: RuntimeWarning: overflow encountered in add
  return inp[0] + inp[1]
/n/home10/vsaketos/wavegp/table1/Random_Search/predict_plus_two_lines.py:172: RuntimeWarning: invalid value encountered in scalar subtract
  return inp[0] - inp[1]
/n/home10/vsaketos/.conda/envs/env2/lib/python3.9/site-packages/numpy/_core/_methods.py:127: RuntimeWarning: overflow encountered in reduce
  ret = umr_sum(arr, axis, dtype, out, keepdims, where=where)
/n/home10/vsaketos/wavegp/table1/Random_Search/predict_plus_two_lines.py:172: RuntimeWarning: invalid value encountered in subtract
  return inp[0] - inp[1]
/n/home10/vsaketos/wavegp/table1/Random_Search/predict_plus_two_lines.py:172: RuntimeWarning: invalid value encountered in subtract
  return inp[0] - inp[1]
/n/home10/vsaketos/wavegp/table1/Random_Search/predict_plus_two_lines.py:172: RuntimeWarning: invalid value encountered in subtract
  return inp[0] - inp[1]
/n/home10/vsaketos/wavegp/table1/Random_Search/predict_plus_two_lines.py:178: RuntimeWarning: overflow encountered in add
  return inp[0] + inp[1]
/n/home10/vsaketos/wavegp/table1/Random_Search/predict_plus_two_lines.py:178: RuntimeWarning: invalid value encountered in add
  return inp[0] + inp[1]
/n/home10/vsaketos/wavegp/table1/Random_Search/predict_plus_two_lines.py:172: RuntimeWarning: invalid value encountered in subtract
  return inp[0] - inp[1]
/n/home10/vsaketos/wavegp/table1/Random_Search/predict_plus_two_lines.py:172: RuntimeWarning: invalid value encountered in scalar subtract
  return inp[0] - inp[1]
/n/home10/vsaketos/wavegp/table1/Random_Search/predict_plus_two_lines.py:172: RuntimeWarning: invalid value encountered in subtract
  return inp[0] - inp[1]
/n/home10/vsaketos/wavegp/table1/Random_Search/predict_plus_two_lines.py:172: RuntimeWarning: invalid value encountered in scalar subtract
  return inp[0] - inp[1]
/n/home10/vsaketos/.conda/envs/env2/lib/python3.9/site-packages/numpy/_core/_methods.py:127: RuntimeWarning: overflow encountered in reduce
  ret = umr_sum(arr, axis, dtype, out, keepdims, where=where)
/n/home10/vsaketos/wavegp/table1/Random_Search/predict_plus_two_lines.py:178: RuntimeWarning: overflow encountered in add
  return inp[0] + inp[1]
/n/home10/vsaketos/wavegp/table1/Random_Search/predict_plus_two_lines.py:172: RuntimeWarning: invalid value encountered in subtract
  return inp[0] - inp[1]
/n/home10/vsaketos/wavegp/table1/Random_Search/predict_plus_two_lines.py:172: RuntimeWarning: overflow encountered in subtract
  return inp[0] - inp[1]
/n/home10/vsaketos/wavegp/table1/Random_Search/predict_plus_two_lines.py:172: RuntimeWarning: overflow encountered in subtract
  return inp[0] - inp[1]
/n/home10/vsaketos/wavegp/table1/Random_Search/predict_plus_two_lines.py:172: RuntimeWarning: invalid value encountered in subtract
  return inp[0] - inp[1]
/n/home10/vsaketos/.conda/envs/env2/lib/python3.9/site-packages/numpy/_core/_methods.py:127: RuntimeWarning: overflow encountered in reduce
  ret = umr_sum(arr, axis, dtype, out, keepdims, where=where)
/n/home10/vsaketos/wavegp/table1/Random_Search/predict_plus_two_lines.py:382: RuntimeWarning: invalid value encountered in matmul
  P = (np.eye(dim) - (K @ H)) @ P
/n/home10/vsaketos/wavegp/table1/Random_Search/predict_plus_two_lines.py:172: RuntimeWarning: invalid value encountered in subtract
  return inp[0] - inp[1]
/n/home10/vsaketos/.conda/envs/env2/lib/python3.9/site-packages/numpy/_core/_methods.py:127: RuntimeWarning: overflow encountered in reduce
  ret = umr_sum(arr, axis, dtype, out, keepdims, where=where)
/n/home10/vsaketos/.conda/envs/env2/lib/python3.9/site-packages/numpy/_core/_methods.py:127: RuntimeWarning: overflow encountered in reduce
  ret = umr_sum(arr, axis, dtype, out, keepdims, where=where)
/n/home10/vsaketos/.conda/envs/env2/lib/python3.9/site-packages/numpy/_core/_methods.py:127: RuntimeWarning: overflow encountered in reduce
  ret = umr_sum(arr, axis, dtype, out, keepdims, where=where)
/n/home10/vsaketos/wavegp/table1/Random_Search/predict_plus_two_lines.py:172: RuntimeWarning: overflow encountered in subtract
  return inp[0] - inp[1]
/n/home10/vsaketos/wavegp/table1/Random_Search/predict_plus_two_lines.py:172: RuntimeWarning: invalid value encountered in subtract
  return inp[0] - inp[1]
/n/home10/vsaketos/wavegp/table1/Random_Search/predict_plus_two_lines.py:178: RuntimeWarning: overflow encountered in add
  return inp[0] + inp[1]
slurmstepd: error: *** JOB 20452496 ON holy8a31609 CANCELLED AT 2025-06-22T09:11:39 DUE TO TIME LIMIT ***
