Sanity check loss: 1.1180493160255696
[00008] New best score: 8.2345e+03
Graph: digraph {
  0 [label = i0]
  1 [label = i1]
  2 [label = i2]
  3 [label = i3]
  4 [label = i4]
  5 [label = i5]
  7 [label = "matmul"]
  4 -> 7 [color = red]
  3 -> 7 [color = blue]
  13 [label = o0]
  7 -> 13
  14 [label = o1]
  2 -> 14
  15 [label = o2]
  0 -> 15
  16 [label = o3]
  1 -> 16
}

[00489] New best score: 2.0742e+00
Graph: digraph {
  0 [label = i0]
  1 [label = i1]
  2 [label = i2]
  3 [label = i3]
  4 [label = i4]
  5 [label = i5]
  6 [label = "minus"]
  4 -> 6 [color = red]
  4 -> 6 [color = blue]
  8 [label = "transpose"]
  1 -> 8
  11 [label = "transpose"]
  8 -> 11
  13 [label = o0]
  4 -> 13
  14 [label = o1]
  3 -> 14
  15 [label = o2]
  6 -> 15
  16 [label = o3]
  11 -> 16
}

[32856] New best score: 2.0742e+00
Graph: digraph {
  0 [label = i0]
  1 [label = i1]
  2 [label = i2]
  3 [label = i3]
  4 [label = i4]
  5 [label = i5]
  6 [label = "minus"]
  5 -> 6 [color = red]
  1 -> 6 [color = blue]
  7 [label = "matmul"]
  6 -> 7 [color = red]
  4 -> 7 [color = blue]
  13 [label = o0]
  7 -> 13
  14 [label = o1]
  1 -> 14
  15 [label = o2]
  4 -> 15
  16 [label = o3]
  5 -> 16
}

[36177] New best score: 2.0018e+00
Graph: digraph {
  0 [label = i0]
  1 [label = i1]
  2 [label = i2]
  3 [label = i3]
  4 [label = i4]
  5 [label = i5]
  6 [label = "add"]
  5 -> 6 [color = red]
  2 -> 6 [color = blue]
  7 [label = "minus"]
  0 -> 7 [color = red]
  4 -> 7 [color = blue]
  13 [label = o0]
  4 -> 13
  14 [label = o1]
  2 -> 14
  15 [label = o2]
  7 -> 15
  16 [label = o3]
  6 -> 16
}

[2600161] New best score: 1.7435e+00
Graph: digraph {
  0 [label = i0]
  1 [label = i1]
  2 [label = i2]
  3 [label = i3]
  4 [label = i4]
  5 [label = i5]
  7 [label = "add"]
  5 -> 7 [color = red]
  5 -> 7 [color = blue]
  9 [label = "matmul"]
  4 -> 9 [color = red]
  2 -> 9 [color = blue]
  10 [label = "transpose"]
  9 -> 10
  13 [label = o0]
  10 -> 13
  14 [label = o1]
  1 -> 14
  15 [label = o2]
  0 -> 15
  16 [label = o3]
  7 -> 16
}

[2821858] New best score: 1.4956e+00
Graph: digraph {
  0 [label = i0]
  1 [label = i1]
  2 [label = i2]
  3 [label = i3]
  4 [label = i4]
  5 [label = i5]
  8 [label = "transpose"]
  5 -> 8
  9 [label = "matmul"]
  2 -> 9 [color = red]
  0 -> 9 [color = blue]
  11 [label = "add"]
  8 -> 11 [color = red]
  8 -> 11 [color = blue]
  13 [label = o0]
  9 -> 13
  14 [label = o1]
  1 -> 14
  15 [label = o2]
  4 -> 15
  16 [label = o3]
  11 -> 16
}

[5642937] New best score: 1.3794e+00
Graph: digraph {
  0 [label = i0]
  1 [label = i1]
  2 [label = i2]
  3 [label = i3]
  4 [label = i4]
  5 [label = i5]
  9 [label = "matmul"]
  2 -> 9 [color = red]
  0 -> 9 [color = blue]
  11 [label = "transpose"]
  9 -> 11
  12 [label = "add"]
  5 -> 12 [color = red]
  1 -> 12 [color = blue]
  13 [label = o0]
  11 -> 13
  14 [label = o1]
  1 -> 14
  15 [label = o2]
  4 -> 15
  16 [label = o3]
  12 -> 16
}

[7959920] New best score: 1.3794e+00
Graph: digraph {
  0 [label = i0]
  1 [label = i1]
  2 [label = i2]
  3 [label = i3]
  4 [label = i4]
  5 [label = i5]
  6 [label = "add"]
  0 -> 6 [color = red]
  4 -> 6 [color = blue]
  7 [label = "minus"]
  4 -> 7 [color = red]
  4 -> 7 [color = blue]
  8 [label = "add"]
  5 -> 8 [color = red]
  1 -> 8 [color = blue]
  9 [label = "minus"]
  8 -> 9 [color = red]
  1 -> 9 [color = blue]
  10 [label = "matmul"]
  9 -> 10 [color = red]
  7 -> 10 [color = blue]
  11 [label = "matmul"]
  10 -> 11 [color = red]
  5 -> 11 [color = blue]
  13 [label = o0]
  11 -> 13
  14 [label = o1]
  1 -> 14
  15 [label = o2]
  6 -> 15
  16 [label = o3]
  8 -> 16
}

[34037999] New best score: 1.3746e+00
Graph: digraph {
  0 [label = i0]
  1 [label = i1]
  2 [label = i2]
  3 [label = i3]
  4 [label = i4]
  5 [label = i5]
  6 [label = "add"]
  5 -> 6 [color = red]
  1 -> 6 [color = blue]
  11 [label = "matmul"]
  2 -> 11 [color = red]
  4 -> 11 [color = blue]
  13 [label = o0]
  11 -> 13
  14 [label = o1]
  1 -> 14
  15 [label = o2]
  0 -> 15
  16 [label = o3]
  6 -> 16
}

[275167847] New best score: 1.3259e+00
Graph: digraph {
  0 [label = i0]
  1 [label = i1]
  2 [label = i2]
  3 [label = i3]
  4 [label = i4]
  5 [label = i5]
  6 [label = "add"]
  1 -> 6 [color = red]
  2 -> 6 [color = blue]
  7 [label = "minus"]
  1 -> 7 [color = red]
  3 -> 7 [color = blue]
  10 [label = "matmul"]
  5 -> 10 [color = red]
  0 -> 10 [color = blue]
  11 [label = "add"]
  7 -> 11 [color = red]
  6 -> 11 [color = blue]
  12 [label = "matmul"]
  2 -> 12 [color = red]
  10 -> 12 [color = blue]
  13 [label = o0]
  12 -> 13
  14 [label = o1]
  1 -> 14
  15 [label = o2]
  4 -> 15
  16 [label = o3]
  11 -> 16
}

[306722622] New best score: 1.2931e+00
Graph: digraph {
  0 [label = i0]
  1 [label = i1]
  2 [label = i2]
  3 [label = i3]
  4 [label = i4]
  5 [label = i5]
  6 [label = "matmul"]
  2 -> 6 [color = red]
  0 -> 6 [color = blue]
  7 [label = "add"]
  1 -> 7 [color = red]
  5 -> 7 [color = blue]
  8 [label = "minus"]
  7 -> 8 [color = red]
  2 -> 8 [color = blue]
  13 [label = o0]
  6 -> 13
  14 [label = o1]
  1 -> 14
  15 [label = o2]
  4 -> 15
  16 [label = o3]
  8 -> 16
}

[329613804] New best score: 1.2535e+00
Graph: digraph {
  0 [label = i0]
  1 [label = i1]
  2 [label = i2]
  3 [label = i3]
  4 [label = i4]
  5 [label = i5]
  8 [label = "transpose"]
  4 -> 8
  10 [label = "add"]
  1 -> 10 [color = red]
  1 -> 10 [color = blue]
  11 [label = "matmul"]
  2 -> 11 [color = red]
  0 -> 11 [color = blue]
  12 [label = "minus"]
  10 -> 12 [color = red]
  3 -> 12 [color = blue]
  13 [label = o0]
  11 -> 13
  14 [label = o1]
  1 -> 14
  15 [label = o2]
  8 -> 15
  16 [label = o3]
  12 -> 16
}

