Sanity check loss: 1.1180493160255696
[00038] New best score: 1.2875e+05
Graph: digraph {
  0 [label = i0]
  1 [label = i1]
  2 [label = i2]
  3 [label = i3]
  4 [label = i4]
  5 [label = i5]
  6 [label = "add"]
  3 -> 6 [color = red]
  0 -> 6 [color = blue]
  9 [label = "add"]
  6 -> 9 [color = red]
  2 -> 9 [color = blue]
  13 [label = o0]
  4 -> 13
  14 [label = o1]
  3 -> 14
  15 [label = o2]
  4 -> 15
  16 [label = o3]
  9 -> 16
}

[00088] New best score: 2.6929e+04
Graph: digraph {
  0 [label = i0]
  1 [label = i1]
  2 [label = i2]
  3 [label = i3]
  4 [label = i4]
  5 [label = i5]
  8 [label = "matmul"]
  4 -> 8 [color = red]
  2 -> 8 [color = blue]
  12 [label = "transpose"]
  8 -> 12
  13 [label = o0]
  12 -> 13
  14 [label = o1]
  5 -> 14
  15 [label = o2]
  12 -> 15
  16 [label = o3]
  5 -> 16
}

[00102] New best score: 2.0742e+00
Graph: digraph {
  0 [label = i0]
  1 [label = i1]
  2 [label = i2]
  3 [label = i3]
  4 [label = i4]
  5 [label = i5]
  7 [label = "minus"]
  4 -> 7 [color = red]
  4 -> 7 [color = blue]
  8 [label = "matmul"]
  1 -> 8 [color = red]
  5 -> 8 [color = blue]
  10 [label = "transpose"]
  7 -> 10
  13 [label = o0]
  10 -> 13
  14 [label = o1]
  8 -> 14
  15 [label = o2]
  4 -> 15
  16 [label = o3]
  1 -> 16
}

[164816] New best score: 2.0618e+00
Graph: digraph {
  0 [label = i0]
  1 [label = i1]
  2 [label = i2]
  3 [label = i3]
  4 [label = i4]
  5 [label = i5]
  6 [label = "minus"]
  3 -> 6 [color = red]
  1 -> 6 [color = blue]
  7 [label = "add"]
  5 -> 7 [color = red]
  6 -> 7 [color = blue]
  8 [label = "transpose"]
  4 -> 8
  9 [label = "matmul"]
  6 -> 9 [color = red]
  2 -> 9 [color = blue]
  11 [label = "minus"]
  6 -> 11 [color = red]
  7 -> 11 [color = blue]
  13 [label = o0]
  8 -> 13
  14 [label = o1]
  9 -> 14
  15 [label = o2]
  0 -> 15
  16 [label = o3]
  11 -> 16
}

[552072] New best score: 2.0055e+00
Graph: digraph {
  0 [label = i0]
  1 [label = i1]
  2 [label = i2]
  3 [label = i3]
  4 [label = i4]
  5 [label = i5]
  6 [label = "transpose"]
  5 -> 6
  7 [label = "add"]
  1 -> 7 [color = red]
  2 -> 7 [color = blue]
  11 [label = "add"]
  6 -> 11 [color = red]
  7 -> 11 [color = blue]
  12 [label = "minus"]
  0 -> 12 [color = red]
  4 -> 12 [color = blue]
  13 [label = o0]
  4 -> 13
  14 [label = o1]
  2 -> 14
  15 [label = o2]
  12 -> 15
  16 [label = o3]
  11 -> 16
}

[2099658] New best score: 1.4956e+00
Graph: digraph {
  0 [label = i0]
  1 [label = i1]
  2 [label = i2]
  3 [label = i3]
  4 [label = i4]
  5 [label = i5]
  7 [label = "add"]
  5 -> 7 [color = red]
  5 -> 7 [color = blue]
  8 [label = "transpose"]
  4 -> 8
  9 [label = "matmul"]
  0 -> 9 [color = red]
  2 -> 9 [color = blue]
  10 [label = "transpose"]
  1 -> 10
  11 [label = "transpose"]
  10 -> 11
  13 [label = o0]
  9 -> 13
  14 [label = o1]
  11 -> 14
  15 [label = o2]
  8 -> 15
  16 [label = o3]
  7 -> 16
}

[10747686] New best score: 1.3746e+00
Graph: digraph {
  0 [label = i0]
  1 [label = i1]
  2 [label = i2]
  3 [label = i3]
  4 [label = i4]
  5 [label = i5]
  6 [label = "matmul"]
  2 -> 6 [color = red]
  4 -> 6 [color = blue]
  7 [label = "add"]
  1 -> 7 [color = red]
  5 -> 7 [color = blue]
  9 [label = "transpose"]
  6 -> 9
  13 [label = o0]
  9 -> 13
  14 [label = o1]
  1 -> 14
  15 [label = o2]
  0 -> 15
  16 [label = o3]
  7 -> 16
}

