Sanity check loss: 1.1180493160255696
[00021] New best score: 2.6929e+04
Graph: digraph {
  0 [label = i0]
  1 [label = i1]
  2 [label = i2]
  3 [label = i3]
  4 [label = i4]
  5 [label = i5]
  8 [label = "transpose"]
  3 -> 8
  12 [label = "minus"]
  1 -> 12 [color = red]
  8 -> 12 [color = blue]
  13 [label = o0]
  0 -> 13
  14 [label = o1]
  12 -> 14
  15 [label = o2]
  0 -> 15
  16 [label = o3]
  12 -> 16
}

[00738] New best score: 2.1190e+00
Graph: digraph {
  0 [label = i0]
  1 [label = i1]
  2 [label = i2]
  3 [label = i3]
  4 [label = i4]
  5 [label = i5]
  7 [label = "matmul"]
  4 -> 7 [color = red]
  5 -> 7 [color = blue]
  12 [label = "add"]
  7 -> 12 [color = red]
  0 -> 12 [color = blue]
  13 [label = o0]
  4 -> 13
  14 [label = o1]
  2 -> 14
  15 [label = o2]
  12 -> 15
  16 [label = o3]
  5 -> 16
}

[01385] New best score: 2.0742e+00
Graph: digraph {
  0 [label = i0]
  1 [label = i1]
  2 [label = i2]
  3 [label = i3]
  4 [label = i4]
  5 [label = i5]
  13 [label = o0]
  4 -> 13
  14 [label = o1]
  2 -> 14
  15 [label = o2]
  0 -> 15
  16 [label = o3]
  5 -> 16
}

[78568] New best score: 1.4956e+00
Graph: digraph {
  0 [label = i0]
  1 [label = i1]
  2 [label = i2]
  3 [label = i3]
  4 [label = i4]
  5 [label = i5]
  7 [label = "matmul"]
  0 -> 7 [color = red]
  2 -> 7 [color = blue]
  12 [label = "add"]
  5 -> 12 [color = red]
  5 -> 12 [color = blue]
  13 [label = o0]
  7 -> 13
  14 [label = o1]
  1 -> 14
  15 [label = o2]
  4 -> 15
  16 [label = o3]
  12 -> 16
}

[5593906] New best score: 1.4903e+00
Graph: digraph {
  0 [label = i0]
  1 [label = i1]
  2 [label = i2]
  3 [label = i3]
  4 [label = i4]
  5 [label = i5]
  9 [label = "transpose"]
  1 -> 9
  10 [label = "add"]
  9 -> 10 [color = red]
  9 -> 10 [color = blue]
  11 [label = "matmul"]
  4 -> 11 [color = red]
  2 -> 11 [color = blue]
  13 [label = o0]
  11 -> 13
  14 [label = o1]
  9 -> 14
  15 [label = o2]
  0 -> 15
  16 [label = o3]
  10 -> 16
}

[31108122] New best score: 1.3794e+00
Graph: digraph {
  0 [label = i0]
  1 [label = i1]
  2 [label = i2]
  3 [label = i3]
  4 [label = i4]
  5 [label = i5]
  7 [label = "matmul"]
  2 -> 7 [color = red]
  0 -> 7 [color = blue]
  8 [label = "transpose"]
  4 -> 8
  9 [label = "add"]
  5 -> 9 [color = red]
  1 -> 9 [color = blue]
  13 [label = o0]
  7 -> 13
  14 [label = o1]
  1 -> 14
  15 [label = o2]
  8 -> 15
  16 [label = o3]
  9 -> 16
}

[34544312] New best score: 1.3746e+00
Graph: digraph {
  0 [label = i0]
  1 [label = i1]
  2 [label = i2]
  3 [label = i3]
  4 [label = i4]
  5 [label = i5]
  10 [label = "add"]
  5 -> 10 [color = red]
  1 -> 10 [color = blue]
  12 [label = "matmul"]
  2 -> 12 [color = red]
  4 -> 12 [color = blue]
  13 [label = o0]
  12 -> 13
  14 [label = o1]
  1 -> 14
  15 [label = o2]
  0 -> 15
  16 [label = o3]
  10 -> 16
}

[259018454] New best score: 1.2931e+00
Graph: digraph {
  0 [label = i0]
  1 [label = i1]
  2 [label = i2]
  3 [label = i3]
  4 [label = i4]
  5 [label = i5]
  9 [label = "matmul"]
  2 -> 9 [color = red]
  0 -> 9 [color = blue]
  10 [label = "minus"]
  5 -> 10 [color = red]
  2 -> 10 [color = blue]
  11 [label = "add"]
  1 -> 11 [color = red]
  10 -> 11 [color = blue]
  13 [label = o0]
  9 -> 13
  14 [label = o1]
  1 -> 14
  15 [label = o2]
  4 -> 15
  16 [label = o3]
  11 -> 16
}

[349388958] New best score: 1.2287e+00
Graph: digraph {
  0 [label = i0]
  1 [label = i1]
  2 [label = i2]
  3 [label = i3]
  4 [label = i4]
  5 [label = i5]
  6 [label = "minus"]
  2 -> 6 [color = red]
  5 -> 6 [color = blue]
  8 [label = "matmul"]
  2 -> 8 [color = red]
  0 -> 8 [color = blue]
  9 [label = "transpose"]
  4 -> 9
  10 [label = "transpose"]
  6 -> 10
  12 [label = "minus"]
  1 -> 12 [color = red]
  10 -> 12 [color = blue]
  13 [label = o0]
  8 -> 13
  14 [label = o1]
  1 -> 14
  15 [label = o2]
  9 -> 15
  16 [label = o3]
  12 -> 16
}

