Sanity check loss: 1.1180493160255696
[00007] New best score: 3.5883e+04
Graph: digraph {
  0 [label = i0]
  1 [label = i1]
  2 [label = i2]
  3 [label = i3]
  4 [label = i4]
  5 [label = i5]
  6 [label = "transpose"]
  3 -> 6
  8 [label = "matmul"]
  6 -> 8 [color = red]
  4 -> 8 [color = blue]
  9 [label = "add"]
  8 -> 9 [color = red]
  4 -> 9 [color = blue]
  13 [label = o0]
  8 -> 13
  14 [label = o1]
  5 -> 14
  15 [label = o2]
  9 -> 15
  16 [label = o3]
  5 -> 16
}

[00051] New best score: 1.1522e+04
Graph: digraph {
  0 [label = i0]
  1 [label = i1]
  2 [label = i2]
  3 [label = i3]
  4 [label = i4]
  5 [label = i5]
  7 [label = "add"]
  2 -> 7 [color = red]
  3 -> 7 [color = blue]
  13 [label = o0]
  4 -> 13
  14 [label = o1]
  7 -> 14
  15 [label = o2]
  4 -> 15
  16 [label = o3]
  1 -> 16
}

[00059] New best score: 5.5717e+03
Graph: digraph {
  0 [label = i0]
  1 [label = i1]
  2 [label = i2]
  3 [label = i3]
  4 [label = i4]
  5 [label = i5]
  7 [label = "add"]
  1 -> 7 [color = red]
  1 -> 7 [color = blue]
  10 [label = "minus"]
  4 -> 10 [color = red]
  0 -> 10 [color = blue]
  13 [label = o0]
  10 -> 13
  14 [label = o1]
  3 -> 14
  15 [label = o2]
  4 -> 15
  16 [label = o3]
  7 -> 16
}

[00374] New best score: 9.8466e+01
Graph: digraph {
  0 [label = i0]
  1 [label = i1]
  2 [label = i2]
  3 [label = i3]
  4 [label = i4]
  5 [label = i5]
  13 [label = o0]
  0 -> 13
  14 [label = o1]
  2 -> 14
  15 [label = o2]
  4 -> 15
  16 [label = o3]
  1 -> 16
}

[01163] New best score: 8.1889e+00
Graph: digraph {
  0 [label = i0]
  1 [label = i1]
  2 [label = i2]
  3 [label = i3]
  4 [label = i4]
  5 [label = i5]
  6 [label = "transpose"]
  0 -> 6
  7 [label = "minus"]
  3 -> 7 [color = red]
  0 -> 7 [color = blue]
  8 [label = "minus"]
  7 -> 8 [color = red]
  1 -> 8 [color = blue]
  11 [label = "transpose"]
  8 -> 11
  13 [label = o0]
  4 -> 13
  14 [label = o1]
  1 -> 14
  15 [label = o2]
  6 -> 15
  16 [label = o3]
  11 -> 16
}

[05881] New best score: 2.1190e+00
Graph: digraph {
  0 [label = i0]
  1 [label = i1]
  2 [label = i2]
  3 [label = i3]
  4 [label = i4]
  5 [label = i5]
  6 [label = "transpose"]
  4 -> 6
  11 [label = "matmul"]
  5 -> 11 [color = red]
  5 -> 11 [color = blue]
  13 [label = o0]
  6 -> 13
  14 [label = o1]
  2 -> 14
  15 [label = o2]
  4 -> 15
  16 [label = o3]
  11 -> 16
}

[07557] New best score: 2.0742e+00
Graph: digraph {
  0 [label = i0]
  1 [label = i1]
  2 [label = i2]
  3 [label = i3]
  4 [label = i4]
  5 [label = i5]
  8 [label = "minus"]
  0 -> 8 [color = red]
  0 -> 8 [color = blue]
  10 [label = "add"]
  8 -> 10 [color = red]
  8 -> 10 [color = blue]
  11 [label = "add"]
  8 -> 11 [color = red]
  10 -> 11 [color = blue]
  13 [label = o0]
  4 -> 13
  14 [label = o1]
  3 -> 14
  15 [label = o2]
  11 -> 15
  16 [label = o3]
  1 -> 16
}

[41749] New best score: 2.0742e+00
Graph: digraph {
  0 [label = i0]
  1 [label = i1]
  2 [label = i2]
  3 [label = i3]
  4 [label = i4]
  5 [label = i5]
  8 [label = "minus"]
  4 -> 8 [color = red]
  3 -> 8 [color = blue]
  11 [label = "minus"]
  4 -> 11 [color = red]
  0 -> 11 [color = blue]
  13 [label = o0]
  11 -> 13
  14 [label = o1]
  8 -> 14
  15 [label = o2]
  0 -> 15
  16 [label = o3]
  8 -> 16
}

[444616] New best score: 2.0742e+00
Graph: digraph {
  0 [label = i0]
  1 [label = i1]
  2 [label = i2]
  3 [label = i3]
  4 [label = i4]
  5 [label = i5]
  6 [label = "transpose"]
  4 -> 6
  7 [label = "add"]
  0 -> 7 [color = red]
  5 -> 7 [color = blue]
  8 [label = "minus"]
  0 -> 8 [color = red]
  0 -> 8 [color = blue]
  13 [label = o0]
  8 -> 13
  14 [label = o1]
  7 -> 14
  15 [label = o2]
  6 -> 15
  16 [label = o3]
  7 -> 16
}

[476309] New best score: 2.0742e+00
Graph: digraph {
  0 [label = i0]
  1 [label = i1]
  2 [label = i2]
  3 [label = i3]
  4 [label = i4]
  5 [label = i5]
  7 [label = "minus"]
  4 -> 7 [color = red]
  4 -> 7 [color = blue]
  11 [label = "minus"]
  0 -> 11 [color = red]
  1 -> 11 [color = blue]
  13 [label = o0]
  7 -> 13
  14 [label = o1]
  11 -> 14
  15 [label = o2]
  4 -> 15
  16 [label = o3]
  11 -> 16
}

[806042] New best score: 2.0742e+00
Graph: digraph {
  0 [label = i0]
  1 [label = i1]
  2 [label = i2]
  3 [label = i3]
  4 [label = i4]
  5 [label = i5]
  9 [label = "matmul"]
  0 -> 9 [color = red]
  5 -> 9 [color = blue]
  11 [label = "minus"]
  3 -> 11 [color = red]
  4 -> 11 [color = blue]
  12 [label = "matmul"]
  2 -> 12 [color = red]
  9 -> 12 [color = blue]
  13 [label = o0]
  4 -> 13
  14 [label = o1]
  11 -> 14
  15 [label = o2]
  12 -> 15
  16 [label = o3]
  11 -> 16
}

[987224] New best score: 2.0666e+00
Graph: digraph {
  0 [label = i0]
  1 [label = i1]
  2 [label = i2]
  3 [label = i3]
  4 [label = i4]
  5 [label = i5]
  6 [label = "add"]
  2 -> 6 [color = red]
  2 -> 6 [color = blue]
  7 [label = "matmul"]
  0 -> 7 [color = red]
  2 -> 7 [color = blue]
  8 [label = "transpose"]
  7 -> 8
  9 [label = "transpose"]
  8 -> 9
  11 [label = "add"]
  8 -> 11 [color = red]
  4 -> 11 [color = blue]
  13 [label = o0]
  11 -> 13
  14 [label = o1]
  2 -> 14
  15 [label = o2]
  9 -> 15
  16 [label = o3]
  6 -> 16
}

[1041858] New best score: 2.0018e+00
Graph: digraph {
  0 [label = i0]
  1 [label = i1]
  2 [label = i2]
  3 [label = i3]
  4 [label = i4]
  5 [label = i5]
  6 [label = "add"]
  2 -> 6 [color = red]
  5 -> 6 [color = blue]
  9 [label = "minus"]
  4 -> 9 [color = red]
  0 -> 9 [color = blue]
  11 [label = "transpose"]
  9 -> 11
  13 [label = o0]
  0 -> 13
  14 [label = o1]
  5 -> 14
  15 [label = o2]
  11 -> 15
  16 [label = o3]
  6 -> 16
}

[1316336] New best score: 2.0016e+00
Graph: digraph {
  0 [label = i0]
  1 [label = i1]
  2 [label = i2]
  3 [label = i3]
  4 [label = i4]
  5 [label = i5]
  6 [label = "transpose"]
  4 -> 6
  7 [label = "add"]
  3 -> 7 [color = red]
  5 -> 7 [color = blue]
  11 [label = "minus"]
  0 -> 11 [color = red]
  6 -> 11 [color = blue]
  12 [label = "add"]
  7 -> 12 [color = red]
  2 -> 12 [color = blue]
  13 [label = o0]
  4 -> 13
  14 [label = o1]
  2 -> 14
  15 [label = o2]
  11 -> 15
  16 [label = o3]
  12 -> 16
}

[1405565] New best score: 1.9943e+00
Graph: digraph {
  0 [label = i0]
  1 [label = i1]
  2 [label = i2]
  3 [label = i3]
  4 [label = i4]
  5 [label = i5]
  6 [label = "matmul"]
  5 -> 6 [color = red]
  5 -> 6 [color = blue]
  9 [label = "transpose"]
  2 -> 9
  10 [label = "matmul"]
  0 -> 10 [color = red]
  9 -> 10 [color = blue]
  11 [label = "add"]
  5 -> 11 [color = red]
  9 -> 11 [color = blue]
  13 [label = o0]
  10 -> 13
  14 [label = o1]
  6 -> 14
  15 [label = o2]
  4 -> 15
  16 [label = o3]
  11 -> 16
}

[3308817] New best score: 1.9856e+00
Graph: digraph {
  0 [label = i0]
  1 [label = i1]
  2 [label = i2]
  3 [label = i3]
  4 [label = i4]
  5 [label = i5]
  7 [label = "add"]
  2 -> 7 [color = red]
  1 -> 7 [color = blue]
  8 [label = "matmul"]
  2 -> 8 [color = red]
  0 -> 8 [color = blue]
  13 [label = o0]
  8 -> 13
  14 [label = o1]
  1 -> 14
  15 [label = o2]
  4 -> 15
  16 [label = o3]
  7 -> 16
}

[3877464] New best score: 1.3746e+00
Graph: digraph {
  0 [label = i0]
  1 [label = i1]
  2 [label = i2]
  3 [label = i3]
  4 [label = i4]
  5 [label = i5]
  6 [label = "add"]
  1 -> 6 [color = red]
  5 -> 6 [color = blue]
  9 [label = "matmul"]
  2 -> 9 [color = red]
  4 -> 9 [color = blue]
  13 [label = o0]
  9 -> 13
  14 [label = o1]
  1 -> 14
  15 [label = o2]
  0 -> 15
  16 [label = o3]
  6 -> 16
}

[142427708] New best score: 1.2931e+00
Graph: digraph {
  0 [label = i0]
  1 [label = i1]
  2 [label = i2]
  3 [label = i3]
  4 [label = i4]
  5 [label = i5]
  6 [label = "matmul"]
  2 -> 6 [color = red]
  0 -> 6 [color = blue]
  8 [label = "minus"]
  2 -> 8 [color = red]
  1 -> 8 [color = blue]
  11 [label = "minus"]
  5 -> 11 [color = red]
  8 -> 11 [color = blue]
  13 [label = o0]
  6 -> 13
  14 [label = o1]
  1 -> 14
  15 [label = o2]
  4 -> 15
  16 [label = o3]
  11 -> 16
}

[222055045] New best score: 1.2535e+00
Graph: digraph {
  0 [label = i0]
  1 [label = i1]
  2 [label = i2]
  3 [label = i3]
  4 [label = i4]
  5 [label = i5]
  6 [label = "minus"]
  1 -> 6 [color = red]
  3 -> 6 [color = blue]
  7 [label = "add"]
  6 -> 7 [color = red]
  1 -> 7 [color = blue]
  9 [label = "transpose"]
  4 -> 9
  10 [label = "matmul"]
  2 -> 10 [color = red]
  0 -> 10 [color = blue]
  13 [label = o0]
  10 -> 13
  14 [label = o1]
  1 -> 14
  15 [label = o2]
  9 -> 15
  16 [label = o3]
  7 -> 16
}

[326594108] New best score: 1.2287e+00
Graph: digraph {
  0 [label = i0]
  1 [label = i1]
  2 [label = i2]
  3 [label = i3]
  4 [label = i4]
  5 [label = i5]
  6 [label = "add"]
  1 -> 6 [color = red]
  5 -> 6 [color = blue]
  7 [label = "matmul"]
  2 -> 7 [color = red]
  0 -> 7 [color = blue]
  8 [label = "transpose"]
  7 -> 8
  10 [label = "transpose"]
  2 -> 10
  11 [label = "minus"]
  6 -> 11 [color = red]
  10 -> 11 [color = blue]
  13 [label = o0]
  8 -> 13
  14 [label = o1]
  1 -> 14
  15 [label = o2]
  4 -> 15
  16 [label = o3]
  11 -> 16
}

