Sanity check loss: 1.1180493160255696
[00036] New best score: 2.6929e+04
Graph: digraph {
  0 [label = i0]
  1 [label = i1]
  2 [label = i2]
  3 [label = i3]
  4 [label = i4]
  5 [label = i5]
  6 [label = "transpose"]
  0 -> 6
  8 [label = "transpose"]
  6 -> 8
  9 [label = "minus"]
  6 -> 9 [color = red]
  2 -> 9 [color = blue]
  13 [label = o0]
  8 -> 13
  14 [label = o1]
  5 -> 14
  15 [label = o2]
  0 -> 15
  16 [label = o3]
  9 -> 16
}

[00850] New best score: 1.7201e+04
Graph: digraph {
  0 [label = i0]
  1 [label = i1]
  2 [label = i2]
  3 [label = i3]
  4 [label = i4]
  5 [label = i5]
  6 [label = "transpose"]
  2 -> 6
  7 [label = "add"]
  5 -> 7 [color = red]
  6 -> 7 [color = blue]
  13 [label = o0]
  4 -> 13
  14 [label = o1]
  7 -> 14
  15 [label = o2]
  0 -> 15
  16 [label = o3]
  2 -> 16
}

[00971] New best score: 1.1032e+04
Graph: digraph {
  0 [label = i0]
  1 [label = i1]
  2 [label = i2]
  3 [label = i3]
  4 [label = i4]
  5 [label = i5]
  6 [label = "minus"]
  4 -> 6 [color = red]
  5 -> 6 [color = blue]
  9 [label = "minus"]
  5 -> 9 [color = red]
  6 -> 9 [color = blue]
  13 [label = o0]
  4 -> 13
  14 [label = o1]
  6 -> 14
  15 [label = o2]
  0 -> 15
  16 [label = o3]
  9 -> 16
}

[01228] New best score: 2.6391e+01
Graph: digraph {
  0 [label = i0]
  1 [label = i1]
  2 [label = i2]
  3 [label = i3]
  4 [label = i4]
  5 [label = i5]
  13 [label = o0]
  4 -> 13
  14 [label = o1]
  2 -> 14
  15 [label = o2]
  4 -> 15
  16 [label = o3]
  1 -> 16
}

[01658] New best score: 2.1190e+00
Graph: digraph {
  0 [label = i0]
  1 [label = i1]
  2 [label = i2]
  3 [label = i3]
  4 [label = i4]
  5 [label = i5]
  7 [label = "transpose"]
  4 -> 7
  13 [label = o0]
  7 -> 13
  14 [label = o1]
  2 -> 14
  15 [label = o2]
  7 -> 15
  16 [label = o3]
  5 -> 16
}

[03942] New best score: 2.0742e+00
Graph: digraph {
  0 [label = i0]
  1 [label = i1]
  2 [label = i2]
  3 [label = i3]
  4 [label = i4]
  5 [label = i5]
  7 [label = "minus"]
  3 -> 7 [color = red]
  1 -> 7 [color = blue]
  8 [label = "matmul"]
  2 -> 8 [color = red]
  2 -> 8 [color = blue]
  10 [label = "minus"]
  8 -> 10 [color = red]
  2 -> 10 [color = blue]
  13 [label = o0]
  4 -> 13
  14 [label = o1]
  10 -> 14
  15 [label = o2]
  0 -> 15
  16 [label = o3]
  7 -> 16
}

[64480] New best score: 2.0742e+00
Graph: digraph {
  0 [label = i0]
  1 [label = i1]
  2 [label = i2]
  3 [label = i3]
  4 [label = i4]
  5 [label = i5]
  7 [label = "matmul"]
  2 -> 7 [color = red]
  0 -> 7 [color = blue]
  10 [label = "add"]
  4 -> 10 [color = red]
  3 -> 10 [color = blue]
  11 [label = "matmul"]
  5 -> 11 [color = red]
  4 -> 11 [color = blue]
  13 [label = o0]
  7 -> 13
  14 [label = o1]
  10 -> 14
  15 [label = o2]
  11 -> 15
  16 [label = o3]
  10 -> 16
}

[119081] New best score: 2.0742e+00
Graph: digraph {
  0 [label = i0]
  1 [label = i1]
  2 [label = i2]
  3 [label = i3]
  4 [label = i4]
  5 [label = i5]
  6 [label = "matmul"]
  0 -> 6 [color = red]
  2 -> 6 [color = blue]
  11 [label = "add"]
  0 -> 11 [color = red]
  1 -> 11 [color = blue]
  13 [label = o0]
  4 -> 13
  14 [label = o1]
  11 -> 14
  15 [label = o2]
  6 -> 15
  16 [label = o3]
  11 -> 16
}

[399333] New best score: 1.9054e+00
Graph: digraph {
  0 [label = i0]
  1 [label = i1]
  2 [label = i2]
  3 [label = i3]
  4 [label = i4]
  5 [label = i5]
  6 [label = "matmul"]
  3 -> 6 [color = red]
  2 -> 6 [color = blue]
  7 [label = "matmul"]
  0 -> 7 [color = red]
  2 -> 7 [color = blue]
  8 [label = "add"]
  6 -> 8 [color = red]
  1 -> 8 [color = blue]
  9 [label = "minus"]
  8 -> 9 [color = red]
  6 -> 9 [color = blue]
  13 [label = o0]
  7 -> 13
  14 [label = o1]
  9 -> 14
  15 [label = o2]
  4 -> 15
  16 [label = o3]
  8 -> 16
}

[4819563] New best score: 1.4956e+00
Graph: digraph {
  0 [label = i0]
  1 [label = i1]
  2 [label = i2]
  3 [label = i3]
  4 [label = i4]
  5 [label = i5]
  6 [label = "matmul"]
  2 -> 6 [color = red]
  0 -> 6 [color = blue]
  8 [label = "matmul"]
  5 -> 8 [color = red]
  6 -> 8 [color = blue]
  9 [label = "add"]
  5 -> 9 [color = red]
  5 -> 9 [color = blue]
  12 [label = "transpose"]
  8 -> 12
  13 [label = o0]
  12 -> 13
  14 [label = o1]
  1 -> 14
  15 [label = o2]
  4 -> 15
  16 [label = o3]
  9 -> 16
}

[8487690] New best score: 1.3794e+00
Graph: digraph {
  0 [label = i0]
  1 [label = i1]
  2 [label = i2]
  3 [label = i3]
  4 [label = i4]
  5 [label = i5]
  6 [label = "add"]
  5 -> 6 [color = red]
  1 -> 6 [color = blue]
  7 [label = "matmul"]
  2 -> 7 [color = red]
  5 -> 7 [color = blue]
  9 [label = "matmul"]
  7 -> 9 [color = red]
  0 -> 9 [color = blue]
  13 [label = o0]
  9 -> 13
  14 [label = o1]
  1 -> 14
  15 [label = o2]
  4 -> 15
  16 [label = o3]
  6 -> 16
}

[9467617] New best score: 1.3746e+00
Graph: digraph {
  0 [label = i0]
  1 [label = i1]
  2 [label = i2]
  3 [label = i3]
  4 [label = i4]
  5 [label = i5]
  10 [label = "matmul"]
  5 -> 10 [color = red]
  1 -> 10 [color = blue]
  11 [label = "matmul"]
  2 -> 11 [color = red]
  4 -> 11 [color = blue]
  12 [label = "add"]
  5 -> 12 [color = red]
  10 -> 12 [color = blue]
  13 [label = o0]
  11 -> 13
  14 [label = o1]
  10 -> 14
  15 [label = o2]
  0 -> 15
  16 [label = o3]
  12 -> 16
}

[14061890] New best score: 1.2931e+00
Graph: digraph {
  0 [label = i0]
  1 [label = i1]
  2 [label = i2]
  3 [label = i3]
  4 [label = i4]
  5 [label = i5]
  6 [label = "matmul"]
  2 -> 6 [color = red]
  0 -> 6 [color = blue]
  7 [label = "add"]
  5 -> 7 [color = red]
  1 -> 7 [color = blue]
  10 [label = "minus"]
  7 -> 10 [color = red]
  2 -> 10 [color = blue]
  13 [label = o0]
  6 -> 13
  14 [label = o1]
  1 -> 14
  15 [label = o2]
  4 -> 15
  16 [label = o3]
  10 -> 16
}

