Sanity check loss: 1.1180493160255696
[00002] New best score: 2.6929e+04
Graph: digraph {
  0 [label = i0]
  1 [label = i1]
  2 [label = i2]
  3 [label = i3]
  4 [label = i4]
  5 [label = i5]
  6 [label = "minus"]
  2 -> 6 [color = red]
  5 -> 6 [color = blue]
  7 [label = "matmul"]
  6 -> 7 [color = red]
  0 -> 7 [color = blue]
  10 [label = "transpose"]
  5 -> 10
  11 [label = "add"]
  10 -> 11 [color = red]
  1 -> 11 [color = blue]
  13 [label = o0]
  7 -> 13
  14 [label = o1]
  11 -> 14
  15 [label = o2]
  0 -> 15
  16 [label = o3]
  5 -> 16
}

[00184] New best score: 3.9466e+00
Graph: digraph {
  0 [label = i0]
  1 [label = i1]
  2 [label = i2]
  3 [label = i3]
  4 [label = i4]
  5 [label = i5]
  6 [label = "transpose"]
  4 -> 6
  7 [label = "add"]
  1 -> 7 [color = red]
  5 -> 7 [color = blue]
  13 [label = o0]
  4 -> 13
  14 [label = o1]
  2 -> 14
  15 [label = o2]
  6 -> 15
  16 [label = o3]
  7 -> 16
}

[00946] New best score: 3.2389e+00
Graph: digraph {
  0 [label = i0]
  1 [label = i1]
  2 [label = i2]
  3 [label = i3]
  4 [label = i4]
  5 [label = i5]
  10 [label = "add"]
  4 -> 10 [color = red]
  2 -> 10 [color = blue]
  11 [label = "transpose"]
  10 -> 11
  13 [label = o0]
  4 -> 13
  14 [label = o1]
  2 -> 14
  15 [label = o2]
  4 -> 15
  16 [label = o3]
  11 -> 16
}

[01106] New best score: 2.0742e+00
Graph: digraph {
  0 [label = i0]
  1 [label = i1]
  2 [label = i2]
  3 [label = i3]
  4 [label = i4]
  5 [label = i5]
  6 [label = "minus"]
  5 -> 6 [color = red]
  4 -> 6 [color = blue]
  7 [label = "minus"]
  0 -> 7 [color = red]
  0 -> 7 [color = blue]
  10 [label = "add"]
  6 -> 10 [color = red]
  4 -> 10 [color = blue]
  11 [label = "transpose"]
  5 -> 11
  13 [label = o0]
  4 -> 13
  14 [label = o1]
  11 -> 14
  15 [label = o2]
  7 -> 15
  16 [label = o3]
  10 -> 16
}

[43610] New best score: 2.0709e+00
Graph: digraph {
  0 [label = i0]
  1 [label = i1]
  2 [label = i2]
  3 [label = i3]
  4 [label = i4]
  5 [label = i5]
  6 [label = "matmul"]
  2 -> 6 [color = red]
  0 -> 6 [color = blue]
  7 [label = "matmul"]
  2 -> 7 [color = red]
  2 -> 7 [color = blue]
  8 [label = "add"]
  7 -> 8 [color = red]
  1 -> 8 [color = blue]
  12 [label = "transpose"]
  8 -> 12
  13 [label = o0]
  4 -> 13
  14 [label = o1]
  2 -> 14
  15 [label = o2]
  6 -> 15
  16 [label = o3]
  12 -> 16
}

[454159] New best score: 2.0018e+00
Graph: digraph {
  0 [label = i0]
  1 [label = i1]
  2 [label = i2]
  3 [label = i3]
  4 [label = i4]
  5 [label = i5]
  6 [label = "minus"]
  4 -> 6 [color = red]
  0 -> 6 [color = blue]
  9 [label = "transpose"]
  0 -> 9
  11 [label = "add"]
  2 -> 11 [color = red]
  5 -> 11 [color = blue]
  13 [label = o0]
  9 -> 13
  14 [label = o1]
  5 -> 14
  15 [label = o2]
  6 -> 15
  16 [label = o3]
  11 -> 16
}

[1206021] New best score: 1.3746e+00
Graph: digraph {
  0 [label = i0]
  1 [label = i1]
  2 [label = i2]
  3 [label = i3]
  4 [label = i4]
  5 [label = i5]
  6 [label = "add"]
  1 -> 6 [color = red]
  5 -> 6 [color = blue]
  9 [label = "matmul"]
  2 -> 9 [color = red]
  4 -> 9 [color = blue]
  13 [label = o0]
  9 -> 13
  14 [label = o1]
  1 -> 14
  15 [label = o2]
  0 -> 15
  16 [label = o3]
  6 -> 16
}

[184398285] New best score: 1.2931e+00
Graph: digraph {
  0 [label = i0]
  1 [label = i1]
  2 [label = i2]
  3 [label = i3]
  4 [label = i4]
  5 [label = i5]
  6 [label = "minus"]
  2 -> 6 [color = red]
  1 -> 6 [color = blue]
  8 [label = "matmul"]
  2 -> 8 [color = red]
  0 -> 8 [color = blue]
  9 [label = "matmul"]
  6 -> 9 [color = red]
  5 -> 9 [color = blue]
  12 [label = "minus"]
  5 -> 12 [color = red]
  9 -> 12 [color = blue]
  13 [label = o0]
  8 -> 13
  14 [label = o1]
  1 -> 14
  15 [label = o2]
  4 -> 15
  16 [label = o3]
  12 -> 16
}

