Sanity check loss: 1.1180493160255696
[00108] New best score: 2.6929e+04
Graph: digraph {
  0 [label = i0]
  1 [label = i1]
  2 [label = i2]
  3 [label = i3]
  4 [label = i4]
  5 [label = i5]
  6 [label = "matmul"]
  5 -> 6 [color = red]
  1 -> 6 [color = blue]
  7 [label = "transpose"]
  0 -> 7
  8 [label = "minus"]
  4 -> 8 [color = red]
  4 -> 8 [color = blue]
  11 [label = "add"]
  6 -> 11 [color = red]
  5 -> 11 [color = blue]
  13 [label = o0]
  7 -> 13
  14 [label = o1]
  11 -> 14
  15 [label = o2]
  8 -> 15
  16 [label = o3]
  6 -> 16
}

[00332] New best score: 2.1569e+04
Graph: digraph {
  0 [label = i0]
  1 [label = i1]
  2 [label = i2]
  3 [label = i3]
  4 [label = i4]
  5 [label = i5]
  8 [label = "matmul"]
  4 -> 8 [color = red]
  3 -> 8 [color = blue]
  9 [label = "transpose"]
  0 -> 9
  11 [label = "minus"]
  9 -> 11 [color = red]
  9 -> 11 [color = blue]
  13 [label = o0]
  8 -> 13
  14 [label = o1]
  3 -> 14
  15 [label = o2]
  11 -> 15
  16 [label = o3]
  1 -> 16
}

[00850] New best score: 2.0742e+00
Graph: digraph {
  0 [label = i0]
  1 [label = i1]
  2 [label = i2]
  3 [label = i3]
  4 [label = i4]
  5 [label = i5]
  6 [label = "transpose"]
  4 -> 6
  7 [label = "minus"]
  6 -> 7 [color = red]
  4 -> 7 [color = blue]
  13 [label = o0]
  6 -> 13
  14 [label = o1]
  2 -> 14
  15 [label = o2]
  7 -> 15
  16 [label = o3]
  1 -> 16
}

[42985] New best score: 2.0736e+00
Graph: digraph {
  0 [label = i0]
  1 [label = i1]
  2 [label = i2]
  3 [label = i3]
  4 [label = i4]
  5 [label = i5]
  7 [label = "add"]
  5 -> 7 [color = red]
  3 -> 7 [color = blue]
  8 [label = "matmul"]
  2 -> 8 [color = red]
  0 -> 8 [color = blue]
  13 [label = o0]
  4 -> 13
  14 [label = o1]
  2 -> 14
  15 [label = o2]
  8 -> 15
  16 [label = o3]
  7 -> 16
}

[51748] New best score: 2.0621e+00
Graph: digraph {
  0 [label = i0]
  1 [label = i1]
  2 [label = i2]
  3 [label = i3]
  4 [label = i4]
  5 [label = i5]
  6 [label = "matmul"]
  2 -> 6 [color = red]
  4 -> 6 [color = blue]
  7 [label = "add"]
  2 -> 7 [color = red]
  4 -> 7 [color = blue]
  8 [label = "transpose"]
  4 -> 8
  12 [label = "transpose"]
  7 -> 12
  13 [label = o0]
  8 -> 13
  14 [label = o1]
  2 -> 14
  15 [label = o2]
  6 -> 15
  16 [label = o3]
  12 -> 16
}

[157402] New best score: 1.3746e+00
Graph: digraph {
  0 [label = i0]
  1 [label = i1]
  2 [label = i2]
  3 [label = i3]
  4 [label = i4]
  5 [label = i5]
  7 [label = "add"]
  5 -> 7 [color = red]
  1 -> 7 [color = blue]
  8 [label = "matmul"]
  2 -> 8 [color = red]
  4 -> 8 [color = blue]
  13 [label = o0]
  8 -> 13
  14 [label = o1]
  1 -> 14
  15 [label = o2]
  0 -> 15
  16 [label = o3]
  7 -> 16
}

[66725356] New best score: 1.2987e+00
Graph: digraph {
  0 [label = i0]
  1 [label = i1]
  2 [label = i2]
  3 [label = i3]
  4 [label = i4]
  5 [label = i5]
  6 [label = "add"]
  3 -> 6 [color = red]
  5 -> 6 [color = blue]
  7 [label = "matmul"]
  1 -> 7 [color = red]
  0 -> 7 [color = blue]
  8 [label = "matmul"]
  2 -> 8 [color = red]
  4 -> 8 [color = blue]
  9 [label = "add"]
  5 -> 9 [color = red]
  6 -> 9 [color = blue]
  13 [label = o0]
  8 -> 13
  14 [label = o1]
  5 -> 14
  15 [label = o2]
  7 -> 15
  16 [label = o3]
  9 -> 16
}

[329247422] New best score: 1.2535e+00
Graph: digraph {
  0 [label = i0]
  1 [label = i1]
  2 [label = i2]
  3 [label = i3]
  4 [label = i4]
  5 [label = i5]
  7 [label = "add"]
  1 -> 7 [color = red]
  1 -> 7 [color = blue]
  9 [label = "matmul"]
  5 -> 9 [color = red]
  7 -> 9 [color = blue]
  10 [label = "matmul"]
  2 -> 10 [color = red]
  0 -> 10 [color = blue]
  12 [label = "minus"]
  9 -> 12 [color = red]
  3 -> 12 [color = blue]
  13 [label = o0]
  10 -> 13
  14 [label = o1]
  1 -> 14
  15 [label = o2]
  4 -> 15
  16 [label = o3]
  12 -> 16
}

