Sanity check loss: 1.1180493160255696
[00161] New best score: 2.6929e+04
Graph: digraph {
  0 [label = i0]
  1 [label = i1]
  2 [label = i2]
  3 [label = i3]
  4 [label = i4]
  5 [label = i5]
  8 [label = "transpose"]
  0 -> 8
  13 [label = o0]
  8 -> 13
  14 [label = o1]
  2 -> 14
  15 [label = o2]
  0 -> 15
  16 [label = o3]
  1 -> 16
}

[00168] New best score: 9.3549e+02
Graph: digraph {
  0 [label = i0]
  1 [label = i1]
  2 [label = i2]
  3 [label = i3]
  4 [label = i4]
  5 [label = i5]
  6 [label = "transpose"]
  2 -> 6
  7 [label = "matmul"]
  6 -> 7 [color = red]
  3 -> 7 [color = blue]
  13 [label = o0]
  4 -> 13
  14 [label = o1]
  7 -> 14
  15 [label = o2]
  0 -> 15
  16 [label = o3]
  1 -> 16
}

[01318] New best score: 2.0742e+00
Graph: digraph {
  0 [label = i0]
  1 [label = i1]
  2 [label = i2]
  3 [label = i3]
  4 [label = i4]
  5 [label = i5]
  7 [label = "minus"]
  4 -> 7 [color = red]
  0 -> 7 [color = blue]
  13 [label = o0]
  7 -> 13
  14 [label = o1]
  5 -> 14
  15 [label = o2]
  0 -> 15
  16 [label = o3]
  5 -> 16
}

[49582] New best score: 2.0742e+00
Graph: digraph {
  0 [label = i0]
  1 [label = i1]
  2 [label = i2]
  3 [label = i3]
  4 [label = i4]
  5 [label = i5]
  6 [label = "matmul"]
  3 -> 6 [color = red]
  0 -> 6 [color = blue]
  7 [label = "matmul"]
  1 -> 7 [color = red]
  5 -> 7 [color = blue]
  8 [label = "matmul"]
  5 -> 8 [color = red]
  4 -> 8 [color = blue]
  9 [label = "minus"]
  7 -> 9 [color = red]
  8 -> 9 [color = blue]
  10 [label = "matmul"]
  2 -> 10 [color = red]
  6 -> 10 [color = blue]
  13 [label = o0]
  8 -> 13
  14 [label = o1]
  9 -> 14
  15 [label = o2]
  10 -> 15
  16 [label = o3]
  9 -> 16
}

[70637] New best score: 2.0742e+00
Graph: digraph {
  0 [label = i0]
  1 [label = i1]
  2 [label = i2]
  3 [label = i3]
  4 [label = i4]
  5 [label = i5]
  6 [label = "add"]
  2 -> 6 [color = red]
  1 -> 6 [color = blue]
  11 [label = "matmul"]
  2 -> 11 [color = red]
  0 -> 11 [color = blue]
  12 [label = "minus"]
  6 -> 12 [color = red]
  0 -> 12 [color = blue]
  13 [label = o0]
  11 -> 13
  14 [label = o1]
  12 -> 14
  15 [label = o2]
  4 -> 15
  16 [label = o3]
  12 -> 16
}

[102886] New best score: 2.0729e+00
Graph: digraph {
  0 [label = i0]
  1 [label = i1]
  2 [label = i2]
  3 [label = i3]
  4 [label = i4]
  5 [label = i5]
  8 [label = "transpose"]
  2 -> 8
  10 [label = "matmul"]
  2 -> 10 [color = red]
  8 -> 10 [color = blue]
  13 [label = o0]
  4 -> 13
  14 [label = o1]
  10 -> 14
  15 [label = o2]
  0 -> 15
  16 [label = o3]
  1 -> 16
}

[456069] New best score: 2.0088e+00
Graph: digraph {
  0 [label = i0]
  1 [label = i1]
  2 [label = i2]
  3 [label = i3]
  4 [label = i4]
  5 [label = i5]
  7 [label = "minus"]
  0 -> 7 [color = red]
  4 -> 7 [color = blue]
  8 [label = "add"]
  1 -> 8 [color = red]
  1 -> 8 [color = blue]
  10 [label = "transpose"]
  1 -> 10
  11 [label = "matmul"]
  5 -> 11 [color = red]
  4 -> 11 [color = blue]
  12 [label = "matmul"]
  7 -> 12 [color = red]
  10 -> 12 [color = blue]
  13 [label = o0]
  11 -> 13
  14 [label = o1]
  2 -> 14
  15 [label = o2]
  12 -> 15
  16 [label = o3]
  8 -> 16
}

[615808] New best score: 2.0038e+00
Graph: digraph {
  0 [label = i0]
  1 [label = i1]
  2 [label = i2]
  3 [label = i3]
  4 [label = i4]
  5 [label = i5]
  8 [label = "add"]
  2 -> 8 [color = red]
  1 -> 8 [color = blue]
  9 [label = "minus"]
  4 -> 9 [color = red]
  0 -> 9 [color = blue]
  13 [label = o0]
  0 -> 13
  14 [label = o1]
  1 -> 14
  15 [label = o2]
  9 -> 15
  16 [label = o3]
  8 -> 16
}

[2107028] New best score: 1.9976e+00
Graph: digraph {
  0 [label = i0]
  1 [label = i1]
  2 [label = i2]
  3 [label = i3]
  4 [label = i4]
  5 [label = i5]
  6 [label = "minus"]
  0 -> 6 [color = red]
  4 -> 6 [color = blue]
  9 [label = "add"]
  5 -> 9 [color = red]
  2 -> 9 [color = blue]
  10 [label = "matmul"]
  9 -> 10 [color = red]
  9 -> 10 [color = blue]
  13 [label = o0]
  4 -> 13
  14 [label = o1]
  2 -> 14
  15 [label = o2]
  6 -> 15
  16 [label = o3]
  10 -> 16
}

[2232342] New best score: 1.3794e+00
Graph: digraph {
  0 [label = i0]
  1 [label = i1]
  2 [label = i2]
  3 [label = i3]
  4 [label = i4]
  5 [label = i5]
  6 [label = "add"]
  1 -> 6 [color = red]
  5 -> 6 [color = blue]
  7 [label = "matmul"]
  2 -> 7 [color = red]
  0 -> 7 [color = blue]
  8 [label = "matmul"]
  7 -> 8 [color = red]
  5 -> 8 [color = blue]
  13 [label = o0]
  8 -> 13
  14 [label = o1]
  1 -> 14
  15 [label = o2]
  4 -> 15
  16 [label = o3]
  6 -> 16
}

[7984525] New best score: 1.3794e+00
Graph: digraph {
  0 [label = i0]
  1 [label = i1]
  2 [label = i2]
  3 [label = i3]
  4 [label = i4]
  5 [label = i5]
  8 [label = "add"]
  1 -> 8 [color = red]
  5 -> 8 [color = blue]
  10 [label = "minus"]
  1 -> 10 [color = red]
  8 -> 10 [color = blue]
  12 [label = "add"]
  4 -> 12 [color = red]
  0 -> 12 [color = blue]
  13 [label = o0]
  12 -> 13
  14 [label = o1]
  10 -> 14
  15 [label = o2]
  12 -> 15
  16 [label = o3]
  8 -> 16
}

[12878801] New best score: 1.3746e+00
Graph: digraph {
  0 [label = i0]
  1 [label = i1]
  2 [label = i2]
  3 [label = i3]
  4 [label = i4]
  5 [label = i5]
  6 [label = "add"]
  5 -> 6 [color = red]
  1 -> 6 [color = blue]
  10 [label = "matmul"]
  2 -> 10 [color = red]
  4 -> 10 [color = blue]
  13 [label = o0]
  10 -> 13
  14 [label = o1]
  1 -> 14
  15 [label = o2]
  0 -> 15
  16 [label = o3]
  6 -> 16
}

[107927877] New best score: 1.2287e+00
Graph: digraph {
  0 [label = i0]
  1 [label = i1]
  2 [label = i2]
  3 [label = i3]
  4 [label = i4]
  5 [label = i5]
  6 [label = "transpose"]
  2 -> 6
  7 [label = "transpose"]
  4 -> 7
  8 [label = "transpose"]
  1 -> 8
  9 [label = "matmul"]
  0 -> 9 [color = red]
  6 -> 9 [color = blue]
  10 [label = "add"]
  1 -> 10 [color = red]
  5 -> 10 [color = blue]
  11 [label = "minus"]
  10 -> 11 [color = red]
  6 -> 11 [color = blue]
  12 [label = "transpose"]
  8 -> 12
  13 [label = o0]
  9 -> 13
  14 [label = o1]
  12 -> 14
  15 [label = o2]
  7 -> 15
  16 [label = o3]
  11 -> 16
}

