Sanity check loss: 1.1180493160255696
[00020] New best score: 2.6929e+04
Graph: digraph {
  0 [label = i0]
  1 [label = i1]
  2 [label = i2]
  3 [label = i3]
  4 [label = i4]
  5 [label = i5]
  6 [label = "minus"]
  5 -> 6 [color = red]
  0 -> 6 [color = blue]
  10 [label = "transpose"]
  4 -> 10
  12 [label = "minus"]
  10 -> 12 [color = red]
  10 -> 12 [color = blue]
  13 [label = o0]
  12 -> 13
  14 [label = o1]
  6 -> 14
  15 [label = o2]
  12 -> 15
  16 [label = o3]
  1 -> 16
}

[00037] New best score: 1.3404e+04
Graph: digraph {
  0 [label = i0]
  1 [label = i1]
  2 [label = i2]
  3 [label = i3]
  4 [label = i4]
  5 [label = i5]
  6 [label = "add"]
  5 -> 6 [color = red]
  3 -> 6 [color = blue]
  13 [label = o0]
  4 -> 13
  14 [label = o1]
  1 -> 14
  15 [label = o2]
  4 -> 15
  16 [label = o3]
  6 -> 16
}

[00056] New best score: 2.1190e+00
Graph: digraph {
  0 [label = i0]
  1 [label = i1]
  2 [label = i2]
  3 [label = i3]
  4 [label = i4]
  5 [label = i5]
  6 [label = "transpose"]
  4 -> 6
  9 [label = "matmul"]
  6 -> 9 [color = red]
  5 -> 9 [color = blue]
  13 [label = o0]
  9 -> 13
  14 [label = o1]
  2 -> 14
  15 [label = o2]
  6 -> 15
  16 [label = o3]
  5 -> 16
}

[01673] New best score: 2.0742e+00
Graph: digraph {
  0 [label = i0]
  1 [label = i1]
  2 [label = i2]
  3 [label = i3]
  4 [label = i4]
  5 [label = i5]
  6 [label = "minus"]
  3 -> 6 [color = red]
  4 -> 6 [color = blue]
  7 [label = "matmul"]
  4 -> 7 [color = red]
  5 -> 7 [color = blue]
  8 [label = "minus"]
  4 -> 8 [color = red]
  7 -> 8 [color = blue]
  9 [label = "minus"]
  8 -> 9 [color = red]
  8 -> 9 [color = blue]
  11 [label = "transpose"]
  4 -> 11
  13 [label = o0]
  11 -> 13
  14 [label = o1]
  3 -> 14
  15 [label = o2]
  9 -> 15
  16 [label = o3]
  6 -> 16
}

[93207] New best score: 2.0742e+00
Graph: digraph {
  0 [label = i0]
  1 [label = i1]
  2 [label = i2]
  3 [label = i3]
  4 [label = i4]
  5 [label = i5]
  6 [label = "transpose"]
  2 -> 6
  7 [label = "add"]
  3 -> 7 [color = red]
  1 -> 7 [color = blue]
  9 [label = "matmul"]
  0 -> 9 [color = red]
  6 -> 9 [color = blue]
  12 [label = "minus"]
  6 -> 12 [color = red]
  7 -> 12 [color = blue]
  13 [label = o0]
  9 -> 13
  14 [label = o1]
  12 -> 14
  15 [label = o2]
  4 -> 15
  16 [label = o3]
  12 -> 16
}

[222848] New best score: 2.0727e+00
Graph: digraph {
  0 [label = i0]
  1 [label = i1]
  2 [label = i2]
  3 [label = i3]
  4 [label = i4]
  5 [label = i5]
  6 [label = "matmul"]
  2 -> 6 [color = red]
  2 -> 6 [color = blue]
  10 [label = "add"]
  6 -> 10 [color = red]
  1 -> 10 [color = blue]
  13 [label = o0]
  4 -> 13
  14 [label = o1]
  6 -> 14
  15 [label = o2]
  0 -> 15
  16 [label = o3]
  10 -> 16
}

[678190] New best score: 2.0723e+00
Graph: digraph {
  0 [label = i0]
  1 [label = i1]
  2 [label = i2]
  3 [label = i3]
  4 [label = i4]
  5 [label = i5]
  7 [label = "minus"]
  4 -> 7 [color = red]
  2 -> 7 [color = blue]
  9 [label = "transpose"]
  4 -> 9
  11 [label = "transpose"]
  7 -> 11
  12 [label = "transpose"]
  3 -> 12
  13 [label = o0]
  9 -> 13
  14 [label = o1]
  12 -> 14
  15 [label = o2]
  9 -> 15
  16 [label = o3]
  11 -> 16
}

[681368] New best score: 2.0038e+00
Graph: digraph {
  0 [label = i0]
  1 [label = i1]
  2 [label = i2]
  3 [label = i3]
  4 [label = i4]
  5 [label = i5]
  6 [label = "add"]
  2 -> 6 [color = red]
  1 -> 6 [color = blue]
  9 [label = "minus"]
  4 -> 9 [color = red]
  0 -> 9 [color = blue]
  13 [label = o0]
  0 -> 13
  14 [label = o1]
  1 -> 14
  15 [label = o2]
  9 -> 15
  16 [label = o3]
  6 -> 16
}

[1154478] New best score: 2.0018e+00
Graph: digraph {
  0 [label = i0]
  1 [label = i1]
  2 [label = i2]
  3 [label = i3]
  4 [label = i4]
  5 [label = i5]
  7 [label = "add"]
  2 -> 7 [color = red]
  5 -> 7 [color = blue]
  9 [label = "minus"]
  0 -> 9 [color = red]
  4 -> 9 [color = blue]
  11 [label = "transpose"]
  4 -> 11
  13 [label = o0]
  11 -> 13
  14 [label = o1]
  2 -> 14
  15 [label = o2]
  9 -> 15
  16 [label = o3]
  7 -> 16
}

[2357030] New best score: 1.4903e+00
Graph: digraph {
  0 [label = i0]
  1 [label = i1]
  2 [label = i2]
  3 [label = i3]
  4 [label = i4]
  5 [label = i5]
  6 [label = "transpose"]
  4 -> 6
  8 [label = "matmul"]
  2 -> 8 [color = red]
  6 -> 8 [color = blue]
  9 [label = "add"]
  1 -> 9 [color = red]
  1 -> 9 [color = blue]
  13 [label = o0]
  8 -> 13
  14 [label = o1]
  1 -> 14
  15 [label = o2]
  0 -> 15
  16 [label = o3]
  9 -> 16
}

[10331111] New best score: 1.3794e+00
Graph: digraph {
  0 [label = i0]
  1 [label = i1]
  2 [label = i2]
  3 [label = i3]
  4 [label = i4]
  5 [label = i5]
  6 [label = "add"]
  5 -> 6 [color = red]
  1 -> 6 [color = blue]
  8 [label = "matmul"]
  2 -> 8 [color = red]
  0 -> 8 [color = blue]
  12 [label = "matmul"]
  5 -> 12 [color = red]
  4 -> 12 [color = blue]
  13 [label = o0]
  8 -> 13
  14 [label = o1]
  1 -> 14
  15 [label = o2]
  12 -> 15
  16 [label = o3]
  6 -> 16
}

[54212612] New best score: 1.3746e+00
Graph: digraph {
  0 [label = i0]
  1 [label = i1]
  2 [label = i2]
  3 [label = i3]
  4 [label = i4]
  5 [label = i5]
  6 [label = "add"]
  5 -> 6 [color = red]
  1 -> 6 [color = blue]
  7 [label = "matmul"]
  1 -> 7 [color = red]
  0 -> 7 [color = blue]
  8 [label = "matmul"]
  2 -> 8 [color = red]
  4 -> 8 [color = blue]
  9 [label = "transpose"]
  8 -> 9
  11 [label = "transpose"]
  9 -> 11
  13 [label = o0]
  11 -> 13
  14 [label = o1]
  5 -> 14
  15 [label = o2]
  7 -> 15
  16 [label = o3]
  6 -> 16
}

[59174371] New best score: 1.2931e+00
Graph: digraph {
  0 [label = i0]
  1 [label = i1]
  2 [label = i2]
  3 [label = i3]
  4 [label = i4]
  5 [label = i5]
  6 [label = "minus"]
  5 -> 6 [color = red]
  2 -> 6 [color = blue]
  7 [label = "matmul"]
  2 -> 7 [color = red]
  0 -> 7 [color = blue]
  9 [label = "transpose"]
  4 -> 9
  11 [label = "add"]
  6 -> 11 [color = red]
  1 -> 11 [color = blue]
  13 [label = o0]
  7 -> 13
  14 [label = o1]
  1 -> 14
  15 [label = o2]
  9 -> 15
  16 [label = o3]
  11 -> 16
}

[163497406] New best score: 1.2535e+00
Graph: digraph {
  0 [label = i0]
  1 [label = i1]
  2 [label = i2]
  3 [label = i3]
  4 [label = i4]
  5 [label = i5]
  6 [label = "add"]
  1 -> 6 [color = red]
  1 -> 6 [color = blue]
  8 [label = "matmul"]
  2 -> 8 [color = red]
  0 -> 8 [color = blue]
  12 [label = "minus"]
  6 -> 12 [color = red]
  3 -> 12 [color = blue]
  13 [label = o0]
  8 -> 13
  14 [label = o1]
  1 -> 14
  15 [label = o2]
  4 -> 15
  16 [label = o3]
  12 -> 16
}

