Sanity check loss: 1.1180493160255696
[00056] New best score: 2.6929e+04
Graph: digraph {
  0 [label = i0]
  1 [label = i1]
  2 [label = i2]
  3 [label = i3]
  4 [label = i4]
  5 [label = i5]
  6 [label = "transpose"]
  1 -> 6
  7 [label = "add"]
  4 -> 7 [color = red]
  6 -> 7 [color = blue]
  9 [label = "matmul"]
  2 -> 9 [color = red]
  0 -> 9 [color = blue]
  13 [label = o0]
  9 -> 13
  14 [label = o1]
  1 -> 14
  15 [label = o2]
  0 -> 15
  16 [label = o3]
  7 -> 16
}

[01271] New best score: 2.1569e+04
Graph: digraph {
  0 [label = i0]
  1 [label = i1]
  2 [label = i2]
  3 [label = i3]
  4 [label = i4]
  5 [label = i5]
  6 [label = "minus"]
  4 -> 6 [color = red]
  4 -> 6 [color = blue]
  7 [label = "transpose"]
  6 -> 7
  8 [label = "add"]
  7 -> 8 [color = red]
  5 -> 8 [color = blue]
  13 [label = o0]
  7 -> 13
  14 [label = o1]
  3 -> 14
  15 [label = o2]
  4 -> 15
  16 [label = o3]
  8 -> 16
}

[01426] New best score: 5.1379e+00
Graph: digraph {
  0 [label = i0]
  1 [label = i1]
  2 [label = i2]
  3 [label = i3]
  4 [label = i4]
  5 [label = i5]
  9 [label = "minus"]
  4 -> 9 [color = red]
  0 -> 9 [color = blue]
  13 [label = o0]
  0 -> 13
  14 [label = o1]
  5 -> 14
  15 [label = o2]
  9 -> 15
  16 [label = o3]
  1 -> 16
}

[01583] New best score: 2.0742e+00
Graph: digraph {
  0 [label = i0]
  1 [label = i1]
  2 [label = i2]
  3 [label = i3]
  4 [label = i4]
  5 [label = i5]
  7 [label = "minus"]
  0 -> 7 [color = red]
  0 -> 7 [color = blue]
  8 [label = "minus"]
  2 -> 8 [color = red]
  4 -> 8 [color = blue]
  9 [label = "matmul"]
  1 -> 9 [color = red]
  3 -> 9 [color = blue]
  13 [label = o0]
  4 -> 13
  14 [label = o1]
  9 -> 14
  15 [label = o2]
  7 -> 15
  16 [label = o3]
  8 -> 16
}

[82309] New best score: 2.0742e+00
Graph: digraph {
  0 [label = i0]
  1 [label = i1]
  2 [label = i2]
  3 [label = i3]
  4 [label = i4]
  5 [label = i5]
  6 [label = "matmul"]
  0 -> 6 [color = red]
  2 -> 6 [color = blue]
  8 [label = "matmul"]
  4 -> 8 [color = red]
  3 -> 8 [color = blue]
  10 [label = "add"]
  5 -> 10 [color = red]
  8 -> 10 [color = blue]
  13 [label = o0]
  6 -> 13
  14 [label = o1]
  10 -> 14
  15 [label = o2]
  4 -> 15
  16 [label = o3]
  10 -> 16
}

[149605] New best score: 2.0577e+00
Graph: digraph {
  0 [label = i0]
  1 [label = i1]
  2 [label = i2]
  3 [label = i3]
  4 [label = i4]
  5 [label = i5]
  6 [label = "matmul"]
  5 -> 6 [color = red]
  4 -> 6 [color = blue]
  7 [label = "matmul"]
  4 -> 7 [color = red]
  6 -> 7 [color = blue]
  11 [label = "add"]
  7 -> 11 [color = red]
  5 -> 11 [color = blue]
  13 [label = o0]
  6 -> 13
  14 [label = o1]
  2 -> 14
  15 [label = o2]
  0 -> 15
  16 [label = o3]
  11 -> 16
}

[182851] New best score: 1.9856e+00
Graph: digraph {
  0 [label = i0]
  1 [label = i1]
  2 [label = i2]
  3 [label = i3]
  4 [label = i4]
  5 [label = i5]
  6 [label = "add"]
  1 -> 6 [color = red]
  2 -> 6 [color = blue]
  12 [label = "matmul"]
  2 -> 12 [color = red]
  0 -> 12 [color = blue]
  13 [label = o0]
  12 -> 13
  14 [label = o1]
  1 -> 14
  15 [label = o2]
  4 -> 15
  16 [label = o3]
  6 -> 16
}

[806194] New best score: 1.3746e+00
Graph: digraph {
  0 [label = i0]
  1 [label = i1]
  2 [label = i2]
  3 [label = i3]
  4 [label = i4]
  5 [label = i5]
  6 [label = "matmul"]
  2 -> 6 [color = red]
  4 -> 6 [color = blue]
  7 [label = "add"]
  1 -> 7 [color = red]
  5 -> 7 [color = blue]
  12 [label = "transpose"]
  0 -> 12
  13 [label = o0]
  6 -> 13
  14 [label = o1]
  1 -> 14
  15 [label = o2]
  12 -> 15
  16 [label = o3]
  7 -> 16
}

[174124473] New best score: 1.2931e+00
Graph: digraph {
  0 [label = i0]
  1 [label = i1]
  2 [label = i2]
  3 [label = i3]
  4 [label = i4]
  5 [label = i5]
  6 [label = "transpose"]
  0 -> 6
  7 [label = "add"]
  1 -> 7 [color = red]
  5 -> 7 [color = blue]
  8 [label = "matmul"]
  2 -> 8 [color = red]
  6 -> 8 [color = blue]
  10 [label = "minus"]
  7 -> 10 [color = red]
  2 -> 10 [color = blue]
  13 [label = o0]
  8 -> 13
  14 [label = o1]
  1 -> 14
  15 [label = o2]
  4 -> 15
  16 [label = o3]
  10 -> 16
}

[232639710] New best score: 1.2887e+00
Graph: digraph {
  0 [label = i0]
  1 [label = i1]
  2 [label = i2]
  3 [label = i3]
  4 [label = i4]
  5 [label = i5]
  7 [label = "add"]
  5 -> 7 [color = red]
  2 -> 7 [color = blue]
  8 [label = "add"]
  1 -> 8 [color = red]
  7 -> 8 [color = blue]
  9 [label = "matmul"]
  2 -> 9 [color = red]
  4 -> 9 [color = blue]
  12 [label = "matmul"]
  1 -> 12 [color = red]
  0 -> 12 [color = blue]
  13 [label = o0]
  9 -> 13
  14 [label = o1]
  5 -> 14
  15 [label = o2]
  12 -> 15
  16 [label = o3]
  8 -> 16
}

[242651250] New best score: 1.1756e+00
Graph: digraph {
  0 [label = i0]
  1 [label = i1]
  2 [label = i2]
  3 [label = i3]
  4 [label = i4]
  5 [label = i5]
  6 [label = "transpose"]
  1 -> 6
  7 [label = "matmul"]
  1 -> 7 [color = red]
  6 -> 7 [color = blue]
  8 [label = "matmul"]
  0 -> 8 [color = red]
  6 -> 8 [color = blue]
  9 [label = "matmul"]
  4 -> 9 [color = red]
  2 -> 9 [color = blue]
  12 [label = "add"]
  7 -> 12 [color = red]
  5 -> 12 [color = blue]
  13 [label = o0]
  9 -> 13
  14 [label = o1]
  5 -> 14
  15 [label = o2]
  8 -> 15
  16 [label = o3]
  12 -> 16
}

