Sanity check loss: 1.1180493160255696
[00022] New best score: 2.6929e+04
Graph: digraph {
  0 [label = i0]
  1 [label = i1]
  2 [label = i2]
  3 [label = i3]
  4 [label = i4]
  5 [label = i5]
  7 [label = "transpose"]
  1 -> 7
  8 [label = "minus"]
  1 -> 8 [color = red]
  7 -> 8 [color = blue]
  11 [label = "matmul"]
  8 -> 11 [color = red]
  8 -> 11 [color = blue]
  13 [label = o0]
  0 -> 13
  14 [label = o1]
  8 -> 14
  15 [label = o2]
  0 -> 15
  16 [label = o3]
  11 -> 16
}

[00375] New best score: 8.6990e+03
Graph: digraph {
  0 [label = i0]
  1 [label = i1]
  2 [label = i2]
  3 [label = i3]
  4 [label = i4]
  5 [label = i5]
  8 [label = "transpose"]
  4 -> 8
  13 [label = o0]
  8 -> 13
  14 [label = o1]
  3 -> 14
  15 [label = o2]
  8 -> 15
  16 [label = o3]
  1 -> 16
}

[00972] New best score: 2.6181e+01
Graph: digraph {
  0 [label = i0]
  1 [label = i1]
  2 [label = i2]
  3 [label = i3]
  4 [label = i4]
  5 [label = i5]
  6 [label = "transpose"]
  0 -> 6
  10 [label = "matmul"]
  2 -> 10 [color = red]
  6 -> 10 [color = blue]
  13 [label = o0]
  4 -> 13
  14 [label = o1]
  1 -> 14
  15 [label = o2]
  10 -> 15
  16 [label = o3]
  5 -> 16
}

[01132] New best score: 2.1190e+00
Graph: digraph {
  0 [label = i0]
  1 [label = i1]
  2 [label = i2]
  3 [label = i3]
  4 [label = i4]
  5 [label = i5]
  7 [label = "transpose"]
  5 -> 7
  13 [label = o0]
  4 -> 13
  14 [label = o1]
  2 -> 14
  15 [label = o2]
  4 -> 15
  16 [label = o3]
  7 -> 16
}

[02899] New best score: 2.0742e+00
Graph: digraph {
  0 [label = i0]
  1 [label = i1]
  2 [label = i2]
  3 [label = i3]
  4 [label = i4]
  5 [label = i5]
  6 [label = "minus"]
  4 -> 6 [color = red]
  4 -> 6 [color = blue]
  13 [label = o0]
  4 -> 13
  14 [label = o1]
  1 -> 14
  15 [label = o2]
  6 -> 15
  16 [label = o3]
  5 -> 16
}

[04467] New best score: 2.0723e+00
Graph: digraph {
  0 [label = i0]
  1 [label = i1]
  2 [label = i2]
  3 [label = i3]
  4 [label = i4]
  5 [label = i5]
  6 [label = "minus"]
  4 -> 6 [color = red]
  2 -> 6 [color = blue]
  9 [label = "transpose"]
  6 -> 9
  13 [label = o0]
  4 -> 13
  14 [label = o1]
  3 -> 14
  15 [label = o2]
  4 -> 15
  16 [label = o3]
  9 -> 16
}

[36858] New best score: 1.7477e+00
Graph: digraph {
  0 [label = i0]
  1 [label = i1]
  2 [label = i2]
  3 [label = i3]
  4 [label = i4]
  5 [label = i5]
  6 [label = "matmul"]
  2 -> 6 [color = red]
  0 -> 6 [color = blue]
  10 [label = "add"]
  1 -> 10 [color = red]
  1 -> 10 [color = blue]
  13 [label = o0]
  6 -> 13
  14 [label = o1]
  1 -> 14
  15 [label = o2]
  4 -> 15
  16 [label = o3]
  10 -> 16
}

[924614] New best score: 1.4956e+00
Graph: digraph {
  0 [label = i0]
  1 [label = i1]
  2 [label = i2]
  3 [label = i3]
  4 [label = i4]
  5 [label = i5]
  7 [label = "matmul"]
  5 -> 7 [color = red]
  4 -> 7 [color = blue]
  8 [label = "add"]
  5 -> 8 [color = red]
  5 -> 8 [color = blue]
  9 [label = "matmul"]
  0 -> 9 [color = red]
  2 -> 9 [color = blue]
  10 [label = "transpose"]
  9 -> 10
  13 [label = o0]
  10 -> 13
  14 [label = o1]
  1 -> 14
  15 [label = o2]
  7 -> 15
  16 [label = o3]
  8 -> 16
}

[9254335] New best score: 1.2535e+00
Graph: digraph {
  0 [label = i0]
  1 [label = i1]
  2 [label = i2]
  3 [label = i3]
  4 [label = i4]
  5 [label = i5]
  6 [label = "matmul"]
  1 -> 6 [color = red]
  5 -> 6 [color = blue]
  7 [label = "minus"]
  1 -> 7 [color = red]
  3 -> 7 [color = blue]
  8 [label = "matmul"]
  2 -> 8 [color = red]
  0 -> 8 [color = blue]
  11 [label = "transpose"]
  4 -> 11
  12 [label = "add"]
  7 -> 12 [color = red]
  1 -> 12 [color = blue]
  13 [label = o0]
  8 -> 13
  14 [label = o1]
  6 -> 14
  15 [label = o2]
  11 -> 15
  16 [label = o3]
  12 -> 16
}

