Sanity check loss: 1.1180493160255696
[00138] New best score: 2.6929e+04
Graph: digraph {
  0 [label = i0]
  1 [label = i1]
  2 [label = i2]
  3 [label = i3]
  4 [label = i4]
  5 [label = i5]
  6 [label = "matmul"]
  4 -> 6 [color = red]
  3 -> 6 [color = blue]
  8 [label = "transpose"]
  5 -> 8
  9 [label = "transpose"]
  8 -> 9
  10 [label = "minus"]
  9 -> 10 [color = red]
  8 -> 10 [color = blue]
  12 [label = "transpose"]
  10 -> 12
  13 [label = o0]
  0 -> 13
  14 [label = o1]
  12 -> 14
  15 [label = o2]
  6 -> 15
  16 [label = o3]
  9 -> 16
}

[00561] New best score: 2.6206e+04
Graph: digraph {
  0 [label = i0]
  1 [label = i1]
  2 [label = i2]
  3 [label = i3]
  4 [label = i4]
  5 [label = i5]
  7 [label = "add"]
  5 -> 7 [color = red]
  1 -> 7 [color = blue]
  13 [label = o0]
  4 -> 13
  14 [label = o1]
  1 -> 14
  15 [label = o2]
  0 -> 15
  16 [label = o3]
  7 -> 16
}

[00572] New best score: 1.4391e+04
Graph: digraph {
  0 [label = i0]
  1 [label = i1]
  2 [label = i2]
  3 [label = i3]
  4 [label = i4]
  5 [label = i5]
  11 [label = "transpose"]
  4 -> 11
  12 [label = "matmul"]
  1 -> 12 [color = red]
  1 -> 12 [color = blue]
  13 [label = o0]
  11 -> 13
  14 [label = o1]
  3 -> 14
  15 [label = o2]
  0 -> 15
  16 [label = o3]
  12 -> 16
}

[01461] New best score: 1.1409e+03
Graph: digraph {
  0 [label = i0]
  1 [label = i1]
  2 [label = i2]
  3 [label = i3]
  4 [label = i4]
  5 [label = i5]
  7 [label = "add"]
  5 -> 7 [color = red]
  1 -> 7 [color = blue]
  12 [label = "matmul"]
  2 -> 12 [color = red]
  0 -> 12 [color = blue]
  13 [label = o0]
  4 -> 13
  14 [label = o1]
  3 -> 14
  15 [label = o2]
  12 -> 15
  16 [label = o3]
  7 -> 16
}

[02278] New best score: 2.6286e+01
Graph: digraph {
  0 [label = i0]
  1 [label = i1]
  2 [label = i2]
  3 [label = i3]
  4 [label = i4]
  5 [label = i5]
  13 [label = o0]
  4 -> 13
  14 [label = o1]
  2 -> 14
  15 [label = o2]
  0 -> 15
  16 [label = o3]
  1 -> 16
}

[03210] New best score: 2.0742e+00
Graph: digraph {
  0 [label = i0]
  1 [label = i1]
  2 [label = i2]
  3 [label = i3]
  4 [label = i4]
  5 [label = i5]
  7 [label = "minus"]
  4 -> 7 [color = red]
  4 -> 7 [color = blue]
  10 [label = "transpose"]
  5 -> 10
  13 [label = o0]
  7 -> 13
  14 [label = o1]
  10 -> 14
  15 [label = o2]
  4 -> 15
  16 [label = o3]
  5 -> 16
}

[33319] New best score: 2.0733e+00
Graph: digraph {
  0 [label = i0]
  1 [label = i1]
  2 [label = i2]
  3 [label = i3]
  4 [label = i4]
  5 [label = i5]
  9 [label = "matmul"]
  2 -> 9 [color = red]
  0 -> 9 [color = blue]
  12 [label = "add"]
  1 -> 12 [color = red]
  1 -> 12 [color = blue]
  13 [label = o0]
  4 -> 13
  14 [label = o1]
  2 -> 14
  15 [label = o2]
  9 -> 15
  16 [label = o3]
  12 -> 16
}

[271217] New best score: 2.0732e+00
Graph: digraph {
  0 [label = i0]
  1 [label = i1]
  2 [label = i2]
  3 [label = i3]
  4 [label = i4]
  5 [label = i5]
  7 [label = "matmul"]
  5 -> 7 [color = red]
  2 -> 7 [color = blue]
  10 [label = "matmul"]
  7 -> 10 [color = red]
  2 -> 10 [color = blue]
  12 [label = "add"]
  7 -> 12 [color = red]
  5 -> 12 [color = blue]
  13 [label = o0]
  4 -> 13
  14 [label = o1]
  10 -> 14
  15 [label = o2]
  0 -> 15
  16 [label = o3]
  12 -> 16
}

[347355] New best score: 2.0038e+00
Graph: digraph {
  0 [label = i0]
  1 [label = i1]
  2 [label = i2]
  3 [label = i3]
  4 [label = i4]
  5 [label = i5]
  6 [label = "minus"]
  4 -> 6 [color = red]
  0 -> 6 [color = blue]
  7 [label = "add"]
  2 -> 7 [color = red]
  1 -> 7 [color = blue]
  9 [label = "transpose"]
  0 -> 9
  13 [label = o0]
  9 -> 13
  14 [label = o1]
  1 -> 14
  15 [label = o2]
  6 -> 15
  16 [label = o3]
  7 -> 16
}

[500545] New best score: 2.0018e+00
Graph: digraph {
  0 [label = i0]
  1 [label = i1]
  2 [label = i2]
  3 [label = i3]
  4 [label = i4]
  5 [label = i5]
  8 [label = "minus"]
  0 -> 8 [color = red]
  4 -> 8 [color = blue]
  9 [label = "transpose"]
  5 -> 9
  11 [label = "add"]
  2 -> 11 [color = red]
  9 -> 11 [color = blue]
  13 [label = o0]
  4 -> 13
  14 [label = o1]
  2 -> 14
  15 [label = o2]
  8 -> 15
  16 [label = o3]
  11 -> 16
}

[1375811] New best score: 1.9943e+00
Graph: digraph {
  0 [label = i0]
  1 [label = i1]
  2 [label = i2]
  3 [label = i3]
  4 [label = i4]
  5 [label = i5]
  6 [label = "add"]
  5 -> 6 [color = red]
  2 -> 6 [color = blue]
  8 [label = "matmul"]
  2 -> 8 [color = red]
  0 -> 8 [color = blue]
  13 [label = o0]
  8 -> 13
  14 [label = o1]
  5 -> 14
  15 [label = o2]
  4 -> 15
  16 [label = o3]
  6 -> 16
}

[1425549] New best score: 1.9716e+00
Graph: digraph {
  0 [label = i0]
  1 [label = i1]
  2 [label = i2]
  3 [label = i3]
  4 [label = i4]
  5 [label = i5]
  6 [label = "matmul"]
  2 -> 6 [color = red]
  0 -> 6 [color = blue]
  7 [label = "add"]
  3 -> 7 [color = red]
  5 -> 7 [color = blue]
  13 [label = o0]
  6 -> 13
  14 [label = o1]
  1 -> 14
  15 [label = o2]
  4 -> 15
  16 [label = o3]
  7 -> 16
}

[4768658] New best score: 1.3746e+00
Graph: digraph {
  0 [label = i0]
  1 [label = i1]
  2 [label = i2]
  3 [label = i3]
  4 [label = i4]
  5 [label = i5]
  6 [label = "add"]
  1 -> 6 [color = red]
  5 -> 6 [color = blue]
  10 [label = "transpose"]
  4 -> 10
  11 [label = "matmul"]
  2 -> 11 [color = red]
  10 -> 11 [color = blue]
  13 [label = o0]
  11 -> 13
  14 [label = o1]
  1 -> 14
  15 [label = o2]
  0 -> 15
  16 [label = o3]
  6 -> 16
}

[249712481] New best score: 1.2535e+00
Graph: digraph {
  0 [label = i0]
  1 [label = i1]
  2 [label = i2]
  3 [label = i3]
  4 [label = i4]
  5 [label = i5]
  7 [label = "minus"]
  1 -> 7 [color = red]
  3 -> 7 [color = blue]
  8 [label = "matmul"]
  2 -> 8 [color = red]
  0 -> 8 [color = blue]
  11 [label = "add"]
  7 -> 11 [color = red]
  1 -> 11 [color = blue]
  13 [label = o0]
  8 -> 13
  14 [label = o1]
  1 -> 14
  15 [label = o2]
  4 -> 15
  16 [label = o3]
  11 -> 16
}

